[2022-08-04 17:08:58,983] {taskinstance.py:670} INFO - Dependencies all met for <TaskInstance: twitter_dag.twitter_flamengomalvadao 2022-08-03T09:00:00+00:00 [queued]>
[2022-08-04 17:08:58,992] {taskinstance.py:670} INFO - Dependencies all met for <TaskInstance: twitter_dag.twitter_flamengomalvadao 2022-08-03T09:00:00+00:00 [queued]>
[2022-08-04 17:08:58,992] {taskinstance.py:880} INFO - 
--------------------------------------------------------------------------------
[2022-08-04 17:08:58,992] {taskinstance.py:881} INFO - Starting attempt 7 of 7
[2022-08-04 17:08:58,992] {taskinstance.py:882} INFO - 
--------------------------------------------------------------------------------
[2022-08-04 17:08:59,196] {taskinstance.py:901} INFO - Executing <Task(TwitterOperator): twitter_flamengomalvadao> on 2022-08-03T09:00:00+00:00
[2022-08-04 17:08:59,202] {standard_task_runner.py:54} INFO - Started process 153151 to run task
[2022-08-04 17:08:59,262] {standard_task_runner.py:77} INFO - Running: ['airflow', 'run', 'twitter_dag', 'twitter_flamengomalvadao', '2022-08-03T09:00:00+00:00', '--job_id', '83', '--pool', 'default_pool', '--raw', '-sd', 'DAGS_FOLDER/twitter_dag.py', '--cfg_path', '/tmp/tmpq__66n90']
[2022-08-04 17:08:59,262] {standard_task_runner.py:78} INFO - Job 83: Subtask twitter_flamengomalvadao
[2022-08-04 17:08:59,616] {logging_mixin.py:112} INFO - Running <TaskInstance: twitter_dag.twitter_flamengomalvadao 2022-08-03T09:00:00+00:00 [running]> on host ama
[2022-08-04 17:08:59,666] {base_hook.py:89} INFO - Using connection to: id: twitter_default. Host: https://api.twitter.com, Port: None, Schema: None, Login: None, Password: None, extra: XXXXXXXX
[2022-08-04 17:08:59,668] {twitter_hook.py:36} INFO - URL: https://api.twitter.com/2/tweets/search/recent?query=FlamengoMalvadao&tweet.fields=author_id,conversation_id,created_at,id,in_reply_to_user_id,public_metrics,text&expansions=author_id&user.fields=id,name,username,created_at&start_time=2022-08-03T09:00:00.00Z&end_time=2022-08-04T09:00:00.00Z
[2022-08-04 17:08:59,863] {logging_mixin.py:112} WARNING - /home/amadeus/ama/airflow-pipeline-alura/datapipeline/.env/lib/python3.8/site-packages/urllib3/connectionpool.py:981: InsecureRequestWarning: Unverified HTTPS request is being made to host 'api.twitter.com'. Adding certificate verification is strongly advised. See: https://urllib3.readthedocs.io/en/latest/advanced-usage.html#ssl-warnings
  warnings.warn(
[2022-08-04 17:09:00,219] {twitter_hook.py:36} INFO - URL: https://api.twitter.com/2/tweets/search/recent?query=FlamengoMalvadao&tweet.fields=author_id,conversation_id,created_at,id,in_reply_to_user_id,public_metrics,text&expansions=author_id&user.fields=id,name,username,created_at&start_time=2022-08-03T09:00:00.00Z&end_time=2022-08-04T09:00:00.00Z&next_token=b26v89c19zqg8o3fpz5lt83a1rvtjkrcer9g2n7c6yhrx
[2022-08-04 17:09:00,219] {logging_mixin.py:112} WARNING - /home/amadeus/ama/airflow-pipeline-alura/datapipeline/.env/lib/python3.8/site-packages/urllib3/connectionpool.py:981: InsecureRequestWarning: Unverified HTTPS request is being made to host 'api.twitter.com'. Adding certificate verification is strongly advised. See: https://urllib3.readthedocs.io/en/latest/advanced-usage.html#ssl-warnings
  warnings.warn(
[2022-08-04 17:09:00,623] {twitter_hook.py:36} INFO - URL: https://api.twitter.com/2/tweets/search/recent?query=FlamengoMalvadao&tweet.fields=author_id,conversation_id,created_at,id,in_reply_to_user_id,public_metrics,text&expansions=author_id&user.fields=id,name,username,created_at&start_time=2022-08-03T09:00:00.00Z&end_time=2022-08-04T09:00:00.00Z&next_token=b26v89c19zqg8o3fpz5lt822w3g5pl8vimpp5s6l8vddp
[2022-08-04 17:09:00,624] {logging_mixin.py:112} WARNING - /home/amadeus/ama/airflow-pipeline-alura/datapipeline/.env/lib/python3.8/site-packages/urllib3/connectionpool.py:981: InsecureRequestWarning: Unverified HTTPS request is being made to host 'api.twitter.com'. Adding certificate verification is strongly advised. See: https://urllib3.readthedocs.io/en/latest/advanced-usage.html#ssl-warnings
  warnings.warn(
[2022-08-04 17:09:00,930] {twitter_hook.py:36} INFO - URL: https://api.twitter.com/2/tweets/search/recent?query=FlamengoMalvadao&tweet.fields=author_id,conversation_id,created_at,id,in_reply_to_user_id,public_metrics,text&expansions=author_id&user.fields=id,name,username,created_at&start_time=2022-08-03T09:00:00.00Z&end_time=2022-08-04T09:00:00.00Z&next_token=b26v89c19zqg8o3fpz5lt81s55mqacoj6db8izc0w3mnx
[2022-08-04 17:09:00,931] {logging_mixin.py:112} WARNING - /home/amadeus/ama/airflow-pipeline-alura/datapipeline/.env/lib/python3.8/site-packages/urllib3/connectionpool.py:981: InsecureRequestWarning: Unverified HTTPS request is being made to host 'api.twitter.com'. Adding certificate verification is strongly advised. See: https://urllib3.readthedocs.io/en/latest/advanced-usage.html#ssl-warnings
  warnings.warn(
[2022-08-04 17:09:01,344] {twitter_hook.py:36} INFO - URL: https://api.twitter.com/2/tweets/search/recent?query=FlamengoMalvadao&tweet.fields=author_id,conversation_id,created_at,id,in_reply_to_user_id,public_metrics,text&expansions=author_id&user.fields=id,name,username,created_at&start_time=2022-08-03T09:00:00.00Z&end_time=2022-08-04T09:00:00.00Z&next_token=b26v89c19zqg8o3fpz5lt81hb8hffjzxm1pverfmfjofx
[2022-08-04 17:09:01,346] {logging_mixin.py:112} WARNING - /home/amadeus/ama/airflow-pipeline-alura/datapipeline/.env/lib/python3.8/site-packages/urllib3/connectionpool.py:981: InsecureRequestWarning: Unverified HTTPS request is being made to host 'api.twitter.com'. Adding certificate verification is strongly advised. See: https://urllib3.readthedocs.io/en/latest/advanced-usage.html#ssl-warnings
  warnings.warn(
[2022-08-04 17:09:01,750] {twitter_hook.py:36} INFO - URL: https://api.twitter.com/2/tweets/search/recent?query=FlamengoMalvadao&tweet.fields=author_id,conversation_id,created_at,id,in_reply_to_user_id,public_metrics,text&expansions=author_id&user.fields=id,name,username,created_at&start_time=2022-08-03T09:00:00.00Z&end_time=2022-08-04T09:00:00.00Z&next_token=b26v89c19zqg8o3fpz5lt5yuqerm9w26z77hyy9ah9w1p
[2022-08-04 17:09:01,751] {logging_mixin.py:112} WARNING - /home/amadeus/ama/airflow-pipeline-alura/datapipeline/.env/lib/python3.8/site-packages/urllib3/connectionpool.py:981: InsecureRequestWarning: Unverified HTTPS request is being made to host 'api.twitter.com'. Adding certificate verification is strongly advised. See: https://urllib3.readthedocs.io/en/latest/advanced-usage.html#ssl-warnings
  warnings.warn(
[2022-08-04 17:09:02,159] {twitter_hook.py:36} INFO - URL: https://api.twitter.com/2/tweets/search/recent?query=FlamengoMalvadao&tweet.fields=author_id,conversation_id,created_at,id,in_reply_to_user_id,public_metrics,text&expansions=author_id&user.fields=id,name,username,created_at&start_time=2022-08-03T09:00:00.00Z&end_time=2022-08-04T09:00:00.00Z&next_token=b26v89c19zqg8o3fpz5lt5xy414bamgolzk4uoiheoebh
[2022-08-04 17:09:02,160] {logging_mixin.py:112} WARNING - /home/amadeus/ama/airflow-pipeline-alura/datapipeline/.env/lib/python3.8/site-packages/urllib3/connectionpool.py:981: InsecureRequestWarning: Unverified HTTPS request is being made to host 'api.twitter.com'. Adding certificate verification is strongly advised. See: https://urllib3.readthedocs.io/en/latest/advanced-usage.html#ssl-warnings
  warnings.warn(
[2022-08-04 17:09:02,510] {twitter_hook.py:36} INFO - URL: https://api.twitter.com/2/tweets/search/recent?query=FlamengoMalvadao&tweet.fields=author_id,conversation_id,created_at,id,in_reply_to_user_id,public_metrics,text&expansions=author_id&user.fields=id,name,username,created_at&start_time=2022-08-03T09:00:00.00Z&end_time=2022-08-04T09:00:00.00Z&next_token=b26v89c19zqg8o3fpz5lt5wqv9bdhouo4bhbl3auna1kt
[2022-08-04 17:09:02,510] {logging_mixin.py:112} WARNING - /home/amadeus/ama/airflow-pipeline-alura/datapipeline/.env/lib/python3.8/site-packages/urllib3/connectionpool.py:981: InsecureRequestWarning: Unverified HTTPS request is being made to host 'api.twitter.com'. Adding certificate verification is strongly advised. See: https://urllib3.readthedocs.io/en/latest/advanced-usage.html#ssl-warnings
  warnings.warn(
[2022-08-04 17:09:02,862] {twitter_hook.py:36} INFO - URL: https://api.twitter.com/2/tweets/search/recent?query=FlamengoMalvadao&tweet.fields=author_id,conversation_id,created_at,id,in_reply_to_user_id,public_metrics,text&expansions=author_id&user.fields=id,name,username,created_at&start_time=2022-08-03T09:00:00.00Z&end_time=2022-08-04T09:00:00.00Z&next_token=b26v89c19zqg8o3fpz5lt3u4by0anl5kt529tbcbugl8d
[2022-08-04 17:09:02,864] {logging_mixin.py:112} WARNING - /home/amadeus/ama/airflow-pipeline-alura/datapipeline/.env/lib/python3.8/site-packages/urllib3/connectionpool.py:981: InsecureRequestWarning: Unverified HTTPS request is being made to host 'api.twitter.com'. Adding certificate verification is strongly advised. See: https://urllib3.readthedocs.io/en/latest/advanced-usage.html#ssl-warnings
  warnings.warn(
[2022-08-04 17:09:03,219] {taskinstance.py:1057} INFO - Marking task as SUCCESS.dag_id=twitter_dag, task_id=twitter_flamengomalvadao, execution_date=20220803T090000, start_date=20220804T200858, end_date=20220804T200903
[2022-08-04 17:09:03,718] {local_task_job.py:102} INFO - Task exited with return code 0
