[2022-08-08 22:29:07,477] {taskinstance.py:670} INFO - Dependencies all met for <TaskInstance: twitter_dag.twitter_flamengomalvadao 2022-08-04T09:00:00+00:00 [queued]>
[2022-08-08 22:29:07,488] {taskinstance.py:670} INFO - Dependencies all met for <TaskInstance: twitter_dag.twitter_flamengomalvadao 2022-08-04T09:00:00+00:00 [queued]>
[2022-08-08 22:29:07,489] {taskinstance.py:880} INFO - 
--------------------------------------------------------------------------------
[2022-08-08 22:29:07,489] {taskinstance.py:881} INFO - Starting attempt 2 of 2
[2022-08-08 22:29:07,489] {taskinstance.py:882} INFO - 
--------------------------------------------------------------------------------
[2022-08-08 22:29:07,691] {taskinstance.py:901} INFO - Executing <Task(TwitterOperator): twitter_flamengomalvadao> on 2022-08-04T09:00:00+00:00
[2022-08-08 22:29:07,695] {standard_task_runner.py:54} INFO - Started process 178795 to run task
[2022-08-08 22:29:07,739] {standard_task_runner.py:77} INFO - Running: ['airflow', 'run', 'twitter_dag', 'twitter_flamengomalvadao', '2022-08-04T09:00:00+00:00', '--job_id', '131', '--pool', 'default_pool', '--raw', '-sd', 'DAGS_FOLDER/twitter_dag.py', '--cfg_path', '/tmp/tmp9v77kyqs']
[2022-08-08 22:29:07,739] {standard_task_runner.py:78} INFO - Job 131: Subtask twitter_flamengomalvadao
[2022-08-08 22:29:08,209] {logging_mixin.py:112} INFO - Running <TaskInstance: twitter_dag.twitter_flamengomalvadao 2022-08-04T09:00:00+00:00 [running]> on host ama
[2022-08-08 22:29:08,266] {base_hook.py:89} INFO - Using connection to: id: twitter_default. Host: https://api.twitter.com, Port: None, Schema: None, Login: None, Password: None, extra: XXXXXXXX
[2022-08-08 22:29:08,268] {twitter_hook.py:36} INFO - URL: https://api.twitter.com/2/tweets/search/recent?query=FlamengoMalvadao&tweet.fields=author_id,conversation_id,created_at,id,in_reply_to_user_id,public_metrics,text&expansions=author_id&user.fields=id,name,username,created_at&start_time=2022-08-04T09:00:00.00Z&end_time=2022-08-05T09:00:00.00Z
[2022-08-08 22:29:08,588] {logging_mixin.py:112} WARNING - /home/amadeus/ama/airflow-pipeline-alura/datapipeline/.env/lib/python3.8/site-packages/urllib3/connectionpool.py:981: InsecureRequestWarning: Unverified HTTPS request is being made to host 'api.twitter.com'. Adding certificate verification is strongly advised. See: https://urllib3.readthedocs.io/en/latest/advanced-usage.html#ssl-warnings
  warnings.warn(
[2022-08-08 22:29:08,829] {twitter_hook.py:36} INFO - URL: https://api.twitter.com/2/tweets/search/recent?query=FlamengoMalvadao&tweet.fields=author_id,conversation_id,created_at,id,in_reply_to_user_id,public_metrics,text&expansions=author_id&user.fields=id,name,username,created_at&start_time=2022-08-04T09:00:00.00Z&end_time=2022-08-05T09:00:00.00Z&next_token=b26v89c19zqg8o3fpz5m80vnu2qaqw22jmhkx5zajg0al
[2022-08-08 22:29:08,831] {logging_mixin.py:112} WARNING - /home/amadeus/ama/airflow-pipeline-alura/datapipeline/.env/lib/python3.8/site-packages/urllib3/connectionpool.py:981: InsecureRequestWarning: Unverified HTTPS request is being made to host 'api.twitter.com'. Adding certificate verification is strongly advised. See: https://urllib3.readthedocs.io/en/latest/advanced-usage.html#ssl-warnings
  warnings.warn(
[2022-08-08 22:29:09,097] {twitter_hook.py:36} INFO - URL: https://api.twitter.com/2/tweets/search/recent?query=FlamengoMalvadao&tweet.fields=author_id,conversation_id,created_at,id,in_reply_to_user_id,public_metrics,text&expansions=author_id&user.fields=id,name,username,created_at&start_time=2022-08-04T09:00:00.00Z&end_time=2022-08-05T09:00:00.00Z&next_token=b26v89c19zqg8o3fpz5m7ys4rfnq12hl1f7upeidtxqwt
[2022-08-08 22:29:09,100] {logging_mixin.py:112} WARNING - /home/amadeus/ama/airflow-pipeline-alura/datapipeline/.env/lib/python3.8/site-packages/urllib3/connectionpool.py:981: InsecureRequestWarning: Unverified HTTPS request is being made to host 'api.twitter.com'. Adding certificate verification is strongly advised. See: https://urllib3.readthedocs.io/en/latest/advanced-usage.html#ssl-warnings
  warnings.warn(
[2022-08-08 22:29:09,403] {twitter_hook.py:36} INFO - URL: https://api.twitter.com/2/tweets/search/recent?query=FlamengoMalvadao&tweet.fields=author_id,conversation_id,created_at,id,in_reply_to_user_id,public_metrics,text&expansions=author_id&user.fields=id,name,username,created_at&start_time=2022-08-04T09:00:00.00Z&end_time=2022-08-05T09:00:00.00Z&next_token=b26v89c19zqg8o3fpz5m7wmiacmkiuxisx4vk3pe5awsd
[2022-08-08 22:29:09,405] {logging_mixin.py:112} WARNING - /home/amadeus/ama/airflow-pipeline-alura/datapipeline/.env/lib/python3.8/site-packages/urllib3/connectionpool.py:981: InsecureRequestWarning: Unverified HTTPS request is being made to host 'api.twitter.com'. Adding certificate verification is strongly advised. See: https://urllib3.readthedocs.io/en/latest/advanced-usage.html#ssl-warnings
  warnings.warn(
[2022-08-08 22:29:10,639] {taskinstance.py:1057} INFO - Marking task as SUCCESS.dag_id=twitter_dag, task_id=twitter_flamengomalvadao, execution_date=20220804T090000, start_date=20220809T012907, end_date=20220809T012910
[2022-08-08 22:29:12,250] {local_task_job.py:102} INFO - Task exited with return code 0
