[2022-08-08 23:36:04,273] {taskinstance.py:670} INFO - Dependencies all met for <TaskInstance: twitter_dag.twitter_flamengomalvadao 2022-08-04T09:00:00+00:00 [queued]>
[2022-08-08 23:36:04,287] {taskinstance.py:670} INFO - Dependencies all met for <TaskInstance: twitter_dag.twitter_flamengomalvadao 2022-08-04T09:00:00+00:00 [queued]>
[2022-08-08 23:36:04,288] {taskinstance.py:880} INFO - 
--------------------------------------------------------------------------------
[2022-08-08 23:36:04,288] {taskinstance.py:881} INFO - Starting attempt 4 of 4
[2022-08-08 23:36:04,288] {taskinstance.py:882} INFO - 
--------------------------------------------------------------------------------
[2022-08-08 23:36:04,527] {taskinstance.py:901} INFO - Executing <Task(TwitterOperator): twitter_flamengomalvadao> on 2022-08-04T09:00:00+00:00
[2022-08-08 23:36:04,531] {standard_task_runner.py:54} INFO - Started process 196212 to run task
[2022-08-08 23:36:04,594] {standard_task_runner.py:77} INFO - Running: ['airflow', 'run', 'twitter_dag', 'twitter_flamengomalvadao', '2022-08-04T09:00:00+00:00', '--job_id', '157', '--pool', 'default_pool', '--raw', '-sd', 'DAGS_FOLDER/twitter_dag.py', '--cfg_path', '/tmp/tmpupna9wnn']
[2022-08-08 23:36:04,594] {standard_task_runner.py:78} INFO - Job 157: Subtask twitter_flamengomalvadao
[2022-08-08 23:36:05,001] {logging_mixin.py:112} INFO - Running <TaskInstance: twitter_dag.twitter_flamengomalvadao 2022-08-04T09:00:00+00:00 [running]> on host ama
[2022-08-08 23:36:05,042] {base_hook.py:89} INFO - Using connection to: id: twitter_default. Host: https://api.twitter.com, Port: None, Schema: None, Login: None, Password: None, extra: XXXXXXXX
[2022-08-08 23:36:05,043] {twitter_hook.py:36} INFO - URL: https://api.twitter.com/2/tweets/search/recent?query=FlamengoMalvadao&tweet.fields=author_id,conversation_id,created_at,id,in_reply_to_user_id,public_metrics,text&expansions=author_id&user.fields=id,name,username,created_at&start_time=2022-08-04T09:00:00.00Z&end_time=2022-08-05T09:00:00.00Z
[2022-08-08 23:36:05,389] {logging_mixin.py:112} WARNING - /home/amadeus/ama/airflow-pipeline-alura/datapipeline/.env/lib/python3.8/site-packages/urllib3/connectionpool.py:981: InsecureRequestWarning: Unverified HTTPS request is being made to host 'api.twitter.com'. Adding certificate verification is strongly advised. See: https://urllib3.readthedocs.io/en/latest/advanced-usage.html#ssl-warnings
  warnings.warn(
[2022-08-08 23:36:05,697] {twitter_hook.py:36} INFO - URL: https://api.twitter.com/2/tweets/search/recent?query=FlamengoMalvadao&tweet.fields=author_id,conversation_id,created_at,id,in_reply_to_user_id,public_metrics,text&expansions=author_id&user.fields=id,name,username,created_at&start_time=2022-08-04T09:00:00.00Z&end_time=2022-08-05T09:00:00.00Z&next_token=b26v89c19zqg8o3fpz5m80vnu2qaqw22jmhkx5zajg0al
[2022-08-08 23:36:05,698] {logging_mixin.py:112} WARNING - /home/amadeus/ama/airflow-pipeline-alura/datapipeline/.env/lib/python3.8/site-packages/urllib3/connectionpool.py:981: InsecureRequestWarning: Unverified HTTPS request is being made to host 'api.twitter.com'. Adding certificate verification is strongly advised. See: https://urllib3.readthedocs.io/en/latest/advanced-usage.html#ssl-warnings
  warnings.warn(
[2022-08-08 23:36:05,992] {twitter_hook.py:36} INFO - URL: https://api.twitter.com/2/tweets/search/recent?query=FlamengoMalvadao&tweet.fields=author_id,conversation_id,created_at,id,in_reply_to_user_id,public_metrics,text&expansions=author_id&user.fields=id,name,username,created_at&start_time=2022-08-04T09:00:00.00Z&end_time=2022-08-05T09:00:00.00Z&next_token=b26v89c19zqg8o3fpz5m7ys4rfnq12hl1f7upeidtxqwt
[2022-08-08 23:36:05,993] {logging_mixin.py:112} WARNING - /home/amadeus/ama/airflow-pipeline-alura/datapipeline/.env/lib/python3.8/site-packages/urllib3/connectionpool.py:981: InsecureRequestWarning: Unverified HTTPS request is being made to host 'api.twitter.com'. Adding certificate verification is strongly advised. See: https://urllib3.readthedocs.io/en/latest/advanced-usage.html#ssl-warnings
  warnings.warn(
[2022-08-08 23:36:06,255] {twitter_hook.py:36} INFO - URL: https://api.twitter.com/2/tweets/search/recent?query=FlamengoMalvadao&tweet.fields=author_id,conversation_id,created_at,id,in_reply_to_user_id,public_metrics,text&expansions=author_id&user.fields=id,name,username,created_at&start_time=2022-08-04T09:00:00.00Z&end_time=2022-08-05T09:00:00.00Z&next_token=b26v89c19zqg8o3fpz5m7wmiacmkiuxisx4vk3pe5awsd
[2022-08-08 23:36:06,255] {logging_mixin.py:112} WARNING - /home/amadeus/ama/airflow-pipeline-alura/datapipeline/.env/lib/python3.8/site-packages/urllib3/connectionpool.py:981: InsecureRequestWarning: Unverified HTTPS request is being made to host 'api.twitter.com'. Adding certificate verification is strongly advised. See: https://urllib3.readthedocs.io/en/latest/advanced-usage.html#ssl-warnings
  warnings.warn(
[2022-08-08 23:36:06,441] {taskinstance.py:1057} INFO - Marking task as SUCCESS.dag_id=twitter_dag, task_id=twitter_flamengomalvadao, execution_date=20220804T090000, start_date=20220809T023604, end_date=20220809T023606
[2022-08-08 23:36:08,990] {local_task_job.py:102} INFO - Task exited with return code 0
