[2022-08-08 23:37:11,047] {taskinstance.py:670} INFO - Dependencies all met for <TaskInstance: twitter_dag.twitter_flamengomalvadao 2022-08-04T09:00:00+00:00 [queued]>
[2022-08-08 23:37:11,059] {taskinstance.py:670} INFO - Dependencies all met for <TaskInstance: twitter_dag.twitter_flamengomalvadao 2022-08-04T09:00:00+00:00 [queued]>
[2022-08-08 23:37:11,059] {taskinstance.py:880} INFO - 
--------------------------------------------------------------------------------
[2022-08-08 23:37:11,059] {taskinstance.py:881} INFO - Starting attempt 5 of 5
[2022-08-08 23:37:11,059] {taskinstance.py:882} INFO - 
--------------------------------------------------------------------------------
[2022-08-08 23:37:11,404] {taskinstance.py:901} INFO - Executing <Task(TwitterOperator): twitter_flamengomalvadao> on 2022-08-04T09:00:00+00:00
[2022-08-08 23:37:11,409] {standard_task_runner.py:54} INFO - Started process 196379 to run task
[2022-08-08 23:37:11,476] {standard_task_runner.py:77} INFO - Running: ['airflow', 'run', 'twitter_dag', 'twitter_flamengomalvadao', '2022-08-04T09:00:00+00:00', '--job_id', '159', '--pool', 'default_pool', '--raw', '-sd', 'DAGS_FOLDER/twitter_dag.py', '--cfg_path', '/tmp/tmpamf4nd81']
[2022-08-08 23:37:11,476] {standard_task_runner.py:78} INFO - Job 159: Subtask twitter_flamengomalvadao
[2022-08-08 23:37:12,215] {logging_mixin.py:112} INFO - Running <TaskInstance: twitter_dag.twitter_flamengomalvadao 2022-08-04T09:00:00+00:00 [running]> on host ama
[2022-08-08 23:37:12,265] {base_hook.py:89} INFO - Using connection to: id: twitter_default. Host: https://api.twitter.com, Port: None, Schema: None, Login: None, Password: None, extra: XXXXXXXX
[2022-08-08 23:37:12,267] {twitter_hook.py:36} INFO - URL: https://api.twitter.com/2/tweets/search/recent?query=FlamengoMalvadao&tweet.fields=author_id,conversation_id,created_at,id,in_reply_to_user_id,public_metrics,text&expansions=author_id&user.fields=id,name,username,created_at&start_time=2022-08-04T09:00:00.00Z&end_time=2022-08-05T09:00:00.00Z
[2022-08-08 23:37:12,567] {logging_mixin.py:112} WARNING - /home/amadeus/ama/airflow-pipeline-alura/datapipeline/.env/lib/python3.8/site-packages/urllib3/connectionpool.py:981: InsecureRequestWarning: Unverified HTTPS request is being made to host 'api.twitter.com'. Adding certificate verification is strongly advised. See: https://urllib3.readthedocs.io/en/latest/advanced-usage.html#ssl-warnings
  warnings.warn(
[2022-08-08 23:37:12,797] {twitter_hook.py:36} INFO - URL: https://api.twitter.com/2/tweets/search/recent?query=FlamengoMalvadao&tweet.fields=author_id,conversation_id,created_at,id,in_reply_to_user_id,public_metrics,text&expansions=author_id&user.fields=id,name,username,created_at&start_time=2022-08-04T09:00:00.00Z&end_time=2022-08-05T09:00:00.00Z&next_token=b26v89c19zqg8o3fpz5m80vnu2qaqw22jmhkx5zajg0al
[2022-08-08 23:37:12,799] {logging_mixin.py:112} WARNING - /home/amadeus/ama/airflow-pipeline-alura/datapipeline/.env/lib/python3.8/site-packages/urllib3/connectionpool.py:981: InsecureRequestWarning: Unverified HTTPS request is being made to host 'api.twitter.com'. Adding certificate verification is strongly advised. See: https://urllib3.readthedocs.io/en/latest/advanced-usage.html#ssl-warnings
  warnings.warn(
[2022-08-08 23:37:13,080] {twitter_hook.py:36} INFO - URL: https://api.twitter.com/2/tweets/search/recent?query=FlamengoMalvadao&tweet.fields=author_id,conversation_id,created_at,id,in_reply_to_user_id,public_metrics,text&expansions=author_id&user.fields=id,name,username,created_at&start_time=2022-08-04T09:00:00.00Z&end_time=2022-08-05T09:00:00.00Z&next_token=b26v89c19zqg8o3fpz5m7ys4rfnq12hl1f7upeidtxqwt
[2022-08-08 23:37:13,082] {logging_mixin.py:112} WARNING - /home/amadeus/ama/airflow-pipeline-alura/datapipeline/.env/lib/python3.8/site-packages/urllib3/connectionpool.py:981: InsecureRequestWarning: Unverified HTTPS request is being made to host 'api.twitter.com'. Adding certificate verification is strongly advised. See: https://urllib3.readthedocs.io/en/latest/advanced-usage.html#ssl-warnings
  warnings.warn(
[2022-08-08 23:37:13,388] {twitter_hook.py:36} INFO - URL: https://api.twitter.com/2/tweets/search/recent?query=FlamengoMalvadao&tweet.fields=author_id,conversation_id,created_at,id,in_reply_to_user_id,public_metrics,text&expansions=author_id&user.fields=id,name,username,created_at&start_time=2022-08-04T09:00:00.00Z&end_time=2022-08-05T09:00:00.00Z&next_token=b26v89c19zqg8o3fpz5m7wmiacmkiuxisx4vk3pe5awsd
[2022-08-08 23:37:13,389] {logging_mixin.py:112} WARNING - /home/amadeus/ama/airflow-pipeline-alura/datapipeline/.env/lib/python3.8/site-packages/urllib3/connectionpool.py:981: InsecureRequestWarning: Unverified HTTPS request is being made to host 'api.twitter.com'. Adding certificate verification is strongly advised. See: https://urllib3.readthedocs.io/en/latest/advanced-usage.html#ssl-warnings
  warnings.warn(
[2022-08-08 23:37:13,582] {taskinstance.py:1057} INFO - Marking task as SUCCESS.dag_id=twitter_dag, task_id=twitter_flamengomalvadao, execution_date=20220804T090000, start_date=20220809T023711, end_date=20220809T023713
[2022-08-08 23:37:15,838] {local_task_job.py:102} INFO - Task exited with return code 0
