[2022-08-04 16:41:07,728] {taskinstance.py:670} INFO - Dependencies all met for <TaskInstance: twitter_dag.transform_twitter_flamengomalvadao 2022-07-31T09:00:00+00:00 [queued]>
[2022-08-04 16:41:07,739] {taskinstance.py:670} INFO - Dependencies all met for <TaskInstance: twitter_dag.transform_twitter_flamengomalvadao 2022-07-31T09:00:00+00:00 [queued]>
[2022-08-04 16:41:07,739] {taskinstance.py:880} INFO - 
--------------------------------------------------------------------------------
[2022-08-04 16:41:07,739] {taskinstance.py:881} INFO - Starting attempt 4 of 4
[2022-08-04 16:41:07,739] {taskinstance.py:882} INFO - 
--------------------------------------------------------------------------------
[2022-08-04 16:41:08,002] {taskinstance.py:901} INFO - Executing <Task(SparkSubmitOperator): transform_twitter_flamengomalvadao> on 2022-07-31T09:00:00+00:00
[2022-08-04 16:41:08,004] {standard_task_runner.py:54} INFO - Started process 148233 to run task
[2022-08-04 16:41:08,047] {standard_task_runner.py:77} INFO - Running: ['airflow', 'run', 'twitter_dag', 'transform_twitter_flamengomalvadao', '2022-07-31T09:00:00+00:00', '--job_id', '79', '--pool', 'default_pool', '--raw', '-sd', 'DAGS_FOLDER/twitter_dag.py', '--cfg_path', '/tmp/tmp5tw4jbm6']
[2022-08-04 16:41:08,048] {standard_task_runner.py:78} INFO - Job 79: Subtask transform_twitter_flamengomalvadao
[2022-08-04 16:41:08,535] {logging_mixin.py:112} INFO - Running <TaskInstance: twitter_dag.transform_twitter_flamengomalvadao 2022-07-31T09:00:00+00:00 [running]> on host ama
[2022-08-04 16:41:10,150] {base_hook.py:89} INFO - Using connection to: id: spark_default. Host: local, Port: None, Schema: None, Login: None, Password: None, extra: XXXXXXXX
[2022-08-04 16:41:10,152] {spark_submit_hook.py:325} INFO - Spark-Submit cmd: /home/amadeus/Downloads/spark-3.3.0-bin-hadoop2/bin/spark-submit --master local --name twitter_transformation /home/amadeus/ama/airflow-pipeline-alura/datapipeline/spark/transfortmation.py --src /home/amadeus/ama/airflow-pipeline-alura/datapipeline/datalake/bronze/twitter_flamengomalvadao/extract_date=2022-07-31 --dest /home/amadeus/ama/airflow-pipeline-alura/datapipeline/datalake/silver/twitter_flamengomalvadao/ --process-date 2022-07-31
[2022-08-04 16:41:11,694] {spark_submit_hook.py:479} INFO - 22/08/04 16:41:11 WARN Utils: Your hostname, ama resolves to a loopback address: 127.0.1.1; using 192.168.1.12 instead (on interface wlo1)
[2022-08-04 16:41:11,705] {spark_submit_hook.py:479} INFO - 22/08/04 16:41:11 WARN Utils: Set SPARK_LOCAL_IP if you need to bind to another address
[2022-08-04 16:41:12,654] {spark_submit_hook.py:479} INFO - 22/08/04 16:41:12 INFO SparkContext: Running Spark version 3.3.0
[2022-08-04 16:41:12,756] {spark_submit_hook.py:479} INFO - 22/08/04 16:41:12 WARN NativeCodeLoader: Unable to load native-hadoop library for your platform... using builtin-java classes where applicable
[2022-08-04 16:41:12,841] {spark_submit_hook.py:479} INFO - 22/08/04 16:41:12 INFO ResourceUtils: ==============================================================
[2022-08-04 16:41:12,841] {spark_submit_hook.py:479} INFO - 22/08/04 16:41:12 INFO ResourceUtils: No custom resources configured for spark.driver.
[2022-08-04 16:41:12,841] {spark_submit_hook.py:479} INFO - 22/08/04 16:41:12 INFO ResourceUtils: ==============================================================
[2022-08-04 16:41:12,842] {spark_submit_hook.py:479} INFO - 22/08/04 16:41:12 INFO SparkContext: Submitted application: twitter_transformation
[2022-08-04 16:41:12,872] {spark_submit_hook.py:479} INFO - 22/08/04 16:41:12 INFO ResourceProfile: Default ResourceProfile created, executor resources: Map(cores -> name: cores, amount: 1, script: , vendor: , memory -> name: memory, amount: 1024, script: , vendor: , offHeap -> name: offHeap, amount: 0, script: , vendor: ), task resources: Map(cpus -> name: cpus, amount: 1.0)
[2022-08-04 16:41:12,887] {spark_submit_hook.py:479} INFO - 22/08/04 16:41:12 INFO ResourceProfile: Limiting resource is cpu
[2022-08-04 16:41:12,887] {spark_submit_hook.py:479} INFO - 22/08/04 16:41:12 INFO ResourceProfileManager: Added ResourceProfile id: 0
[2022-08-04 16:41:12,948] {spark_submit_hook.py:479} INFO - 22/08/04 16:41:12 INFO SecurityManager: Changing view acls to: amadeus
[2022-08-04 16:41:12,948] {spark_submit_hook.py:479} INFO - 22/08/04 16:41:12 INFO SecurityManager: Changing modify acls to: amadeus
[2022-08-04 16:41:12,949] {spark_submit_hook.py:479} INFO - 22/08/04 16:41:12 INFO SecurityManager: Changing view acls groups to:
[2022-08-04 16:41:12,949] {spark_submit_hook.py:479} INFO - 22/08/04 16:41:12 INFO SecurityManager: Changing modify acls groups to:
[2022-08-04 16:41:12,949] {spark_submit_hook.py:479} INFO - 22/08/04 16:41:12 INFO SecurityManager: SecurityManager: authentication disabled; ui acls disabled; users  with view permissions: Set(amadeus); groups with view permissions: Set(); users  with modify permissions: Set(amadeus); groups with modify permissions: Set()
[2022-08-04 16:41:13,237] {spark_submit_hook.py:479} INFO - 22/08/04 16:41:13 INFO Utils: Successfully started service 'sparkDriver' on port 33421.
[2022-08-04 16:41:13,260] {spark_submit_hook.py:479} INFO - 22/08/04 16:41:13 INFO SparkEnv: Registering MapOutputTracker
[2022-08-04 16:41:13,291] {spark_submit_hook.py:479} INFO - 22/08/04 16:41:13 INFO SparkEnv: Registering BlockManagerMaster
[2022-08-04 16:41:13,312] {spark_submit_hook.py:479} INFO - 22/08/04 16:41:13 INFO BlockManagerMasterEndpoint: Using org.apache.spark.storage.DefaultTopologyMapper for getting topology information
[2022-08-04 16:41:13,313] {spark_submit_hook.py:479} INFO - 22/08/04 16:41:13 INFO BlockManagerMasterEndpoint: BlockManagerMasterEndpoint up
[2022-08-04 16:41:13,317] {spark_submit_hook.py:479} INFO - 22/08/04 16:41:13 INFO SparkEnv: Registering BlockManagerMasterHeartbeat
[2022-08-04 16:41:13,336] {spark_submit_hook.py:479} INFO - 22/08/04 16:41:13 INFO DiskBlockManager: Created local directory at /tmp/blockmgr-bcb764a5-017c-4435-a03f-ebbf63c97319
[2022-08-04 16:41:13,351] {spark_submit_hook.py:479} INFO - 22/08/04 16:41:13 INFO MemoryStore: MemoryStore started with capacity 434.4 MiB
[2022-08-04 16:41:13,365] {spark_submit_hook.py:479} INFO - 22/08/04 16:41:13 INFO SparkEnv: Registering OutputCommitCoordinator
[2022-08-04 16:41:13,555] {spark_submit_hook.py:479} INFO - 22/08/04 16:41:13 WARN Utils: Service 'SparkUI' could not bind on port 4040. Attempting port 4041.
[2022-08-04 16:41:13,563] {spark_submit_hook.py:479} INFO - 22/08/04 16:41:13 INFO Utils: Successfully started service 'SparkUI' on port 4041.
[2022-08-04 16:41:13,667] {spark_submit_hook.py:479} INFO - 22/08/04 16:41:13 INFO Executor: Starting executor ID driver on host 192.168.1.12
[2022-08-04 16:41:13,672] {spark_submit_hook.py:479} INFO - 22/08/04 16:41:13 INFO Executor: Starting executor with user classpath (userClassPathFirst = false): ''
[2022-08-04 16:41:13,687] {spark_submit_hook.py:479} INFO - 22/08/04 16:41:13 INFO Utils: Successfully started service 'org.apache.spark.network.netty.NettyBlockTransferService' on port 37083.
[2022-08-04 16:41:13,687] {spark_submit_hook.py:479} INFO - 22/08/04 16:41:13 INFO NettyBlockTransferService: Server created on 192.168.1.12:37083
[2022-08-04 16:41:13,689] {spark_submit_hook.py:479} INFO - 22/08/04 16:41:13 INFO BlockManager: Using org.apache.spark.storage.RandomBlockReplicationPolicy for block replication policy
[2022-08-04 16:41:13,694] {spark_submit_hook.py:479} INFO - 22/08/04 16:41:13 INFO BlockManagerMaster: Registering BlockManager BlockManagerId(driver, 192.168.1.12, 37083, None)
[2022-08-04 16:41:13,697] {spark_submit_hook.py:479} INFO - 22/08/04 16:41:13 INFO BlockManagerMasterEndpoint: Registering block manager 192.168.1.12:37083 with 434.4 MiB RAM, BlockManagerId(driver, 192.168.1.12, 37083, None)
[2022-08-04 16:41:13,699] {spark_submit_hook.py:479} INFO - 22/08/04 16:41:13 INFO BlockManagerMaster: Registered BlockManager BlockManagerId(driver, 192.168.1.12, 37083, None)
[2022-08-04 16:41:13,700] {spark_submit_hook.py:479} INFO - 22/08/04 16:41:13 INFO BlockManager: Initialized BlockManager: BlockManagerId(driver, 192.168.1.12, 37083, None)
[2022-08-04 16:41:14,106] {spark_submit_hook.py:479} INFO - 22/08/04 16:41:14 INFO SharedState: Setting hive.metastore.warehouse.dir ('null') to the value of spark.sql.warehouse.dir.
[2022-08-04 16:41:14,110] {spark_submit_hook.py:479} INFO - 22/08/04 16:41:14 INFO SharedState: Warehouse path is 'file:/home/amadeus/ama/airflow-pipeline-alura/datapipeline/spark-warehouse'.
[2022-08-04 16:41:14,700] {spark_submit_hook.py:479} INFO - 22/08/04 16:41:14 INFO InMemoryFileIndex: It took 32 ms to list leaf files for 1 paths.
[2022-08-04 16:41:14,754] {spark_submit_hook.py:479} INFO - 22/08/04 16:41:14 INFO InMemoryFileIndex: It took 1 ms to list leaf files for 1 paths.
[2022-08-04 16:41:16,255] {spark_submit_hook.py:479} INFO - 22/08/04 16:41:16 INFO FileSourceStrategy: Pushed Filters:
[2022-08-04 16:41:16,256] {spark_submit_hook.py:479} INFO - 22/08/04 16:41:16 INFO FileSourceStrategy: Post-Scan Filters:
[2022-08-04 16:41:16,259] {spark_submit_hook.py:479} INFO - 22/08/04 16:41:16 INFO FileSourceStrategy: Output Data Schema: struct<value: string>
[2022-08-04 16:41:16,508] {spark_submit_hook.py:479} INFO - 22/08/04 16:41:16 INFO MemoryStore: Block broadcast_0 stored as values in memory (estimated size 173.7 KiB, free 434.2 MiB)
[2022-08-04 16:41:16,548] {spark_submit_hook.py:479} INFO - 22/08/04 16:41:16 INFO MemoryStore: Block broadcast_0_piece0 stored as bytes in memory (estimated size 24.7 KiB, free 434.2 MiB)
[2022-08-04 16:41:16,551] {spark_submit_hook.py:479} INFO - 22/08/04 16:41:16 INFO BlockManagerInfo: Added broadcast_0_piece0 in memory on 192.168.1.12:37083 (size: 24.7 KiB, free: 434.4 MiB)
[2022-08-04 16:41:16,555] {spark_submit_hook.py:479} INFO - 22/08/04 16:41:16 INFO SparkContext: Created broadcast 0 from json at NativeMethodAccessorImpl.java:0
[2022-08-04 16:41:16,562] {spark_submit_hook.py:479} INFO - 22/08/04 16:41:16 INFO FileSourceScanExec: Planning scan with bin packing, max size: 4230527 bytes, open cost is considered as scanning 4194304 bytes.
[2022-08-04 16:41:16,742] {spark_submit_hook.py:479} INFO - 22/08/04 16:41:16 INFO SparkContext: Starting job: json at NativeMethodAccessorImpl.java:0
[2022-08-04 16:41:16,755] {spark_submit_hook.py:479} INFO - 22/08/04 16:41:16 INFO DAGScheduler: Got job 0 (json at NativeMethodAccessorImpl.java:0) with 1 output partitions
[2022-08-04 16:41:16,756] {spark_submit_hook.py:479} INFO - 22/08/04 16:41:16 INFO DAGScheduler: Final stage: ResultStage 0 (json at NativeMethodAccessorImpl.java:0)
[2022-08-04 16:41:16,756] {spark_submit_hook.py:479} INFO - 22/08/04 16:41:16 INFO DAGScheduler: Parents of final stage: List()
[2022-08-04 16:41:16,757] {spark_submit_hook.py:479} INFO - 22/08/04 16:41:16 INFO DAGScheduler: Missing parents: List()
[2022-08-04 16:41:16,760] {spark_submit_hook.py:479} INFO - 22/08/04 16:41:16 INFO DAGScheduler: Submitting ResultStage 0 (MapPartitionsRDD[3] at json at NativeMethodAccessorImpl.java:0), which has no missing parents
[2022-08-04 16:41:16,831] {spark_submit_hook.py:479} INFO - 22/08/04 16:41:16 INFO MemoryStore: Block broadcast_1 stored as values in memory (estimated size 14.5 KiB, free 434.2 MiB)
[2022-08-04 16:41:16,833] {spark_submit_hook.py:479} INFO - 22/08/04 16:41:16 INFO MemoryStore: Block broadcast_1_piece0 stored as bytes in memory (estimated size 7.0 KiB, free 434.2 MiB)
[2022-08-04 16:41:16,834] {spark_submit_hook.py:479} INFO - 22/08/04 16:41:16 INFO BlockManagerInfo: Added broadcast_1_piece0 in memory on 192.168.1.12:37083 (size: 7.0 KiB, free: 434.4 MiB)
[2022-08-04 16:41:16,834] {spark_submit_hook.py:479} INFO - 22/08/04 16:41:16 INFO SparkContext: Created broadcast 1 from broadcast at DAGScheduler.scala:1513
[2022-08-04 16:41:16,846] {spark_submit_hook.py:479} INFO - 22/08/04 16:41:16 INFO DAGScheduler: Submitting 1 missing tasks from ResultStage 0 (MapPartitionsRDD[3] at json at NativeMethodAccessorImpl.java:0) (first 15 tasks are for partitions Vector(0))
[2022-08-04 16:41:16,847] {spark_submit_hook.py:479} INFO - 22/08/04 16:41:16 INFO TaskSchedulerImpl: Adding task set 0.0 with 1 tasks resource profile 0
[2022-08-04 16:41:16,912] {spark_submit_hook.py:479} INFO - 22/08/04 16:41:16 INFO TaskSetManager: Starting task 0.0 in stage 0.0 (TID 0) (192.168.1.12, executor driver, partition 0, PROCESS_LOCAL, 5027 bytes) taskResourceAssignments Map()
[2022-08-04 16:41:16,930] {spark_submit_hook.py:479} INFO - 22/08/04 16:41:16 INFO Executor: Running task 0.0 in stage 0.0 (TID 0)
[2022-08-04 16:41:17,056] {spark_submit_hook.py:479} INFO - 22/08/04 16:41:17 INFO FileScanRDD: Reading File path: file:///home/amadeus/ama/airflow-pipeline-alura/datapipeline/datalake/bronze/twitter_flamengomalvadao/extract_date=2022-07-31/FlamengoMalvadao_20220731.json, range: 0-36223, partition values: [empty row]
[2022-08-04 16:41:17,198] {spark_submit_hook.py:479} INFO - 22/08/04 16:41:17 INFO CodeGenerator: Code generated in 116.453786 ms
[2022-08-04 16:41:17,247] {spark_submit_hook.py:479} INFO - 22/08/04 16:41:17 INFO Executor: Finished task 0.0 in stage 0.0 (TID 0). 2823 bytes result sent to driver
[2022-08-04 16:41:17,254] {spark_submit_hook.py:479} INFO - 22/08/04 16:41:17 INFO TaskSetManager: Finished task 0.0 in stage 0.0 (TID 0) in 358 ms on 192.168.1.12 (executor driver) (1/1)
[2022-08-04 16:41:17,256] {spark_submit_hook.py:479} INFO - 22/08/04 16:41:17 INFO TaskSchedulerImpl: Removed TaskSet 0.0, whose tasks have all completed, from pool
[2022-08-04 16:41:17,261] {spark_submit_hook.py:479} INFO - 22/08/04 16:41:17 INFO DAGScheduler: ResultStage 0 (json at NativeMethodAccessorImpl.java:0) finished in 0,489 s
[2022-08-04 16:41:17,264] {spark_submit_hook.py:479} INFO - 22/08/04 16:41:17 INFO DAGScheduler: Job 0 is finished. Cancelling potential speculative or zombie tasks for this job
[2022-08-04 16:41:17,264] {spark_submit_hook.py:479} INFO - 22/08/04 16:41:17 INFO TaskSchedulerImpl: Killing all running tasks in stage 0: Stage finished
[2022-08-04 16:41:17,266] {spark_submit_hook.py:479} INFO - 22/08/04 16:41:17 INFO DAGScheduler: Job 0 finished: json at NativeMethodAccessorImpl.java:0, took 0,523841 s
[2022-08-04 16:41:17,601] {spark_submit_hook.py:479} INFO - 22/08/04 16:41:17 INFO FileSourceStrategy: Pushed Filters: IsNotNull(data)
[2022-08-04 16:41:17,602] {spark_submit_hook.py:479} INFO - 22/08/04 16:41:17 INFO FileSourceStrategy: Post-Scan Filters: (size(data#8, true) > 0),isnotnull(data#8)
[2022-08-04 16:41:17,603] {spark_submit_hook.py:479} INFO - 22/08/04 16:41:17 INFO FileSourceStrategy: Output Data Schema: struct<data: array<struct<author_id:string,conversation_id:string,created_at:string,id:string,in_reply_to_user_id:string,public_metrics:struct<like_count:bigint,quote_count:bigint,reply_count:bigint,retweet_count:bigint>,text:string>>>
[2022-08-04 16:41:17,686] {spark_submit_hook.py:479} INFO - 22/08/04 16:41:17 INFO FileOutputCommitter: File Output Committer Algorithm version is 1
[2022-08-04 16:41:17,687] {spark_submit_hook.py:479} INFO - 22/08/04 16:41:17 INFO SQLHadoopMapReduceCommitProtocol: Using output committer class org.apache.hadoop.mapreduce.lib.output.FileOutputCommitter
[2022-08-04 16:41:17,801] {spark_submit_hook.py:479} INFO - 22/08/04 16:41:17 INFO CodeGenerator: Code generated in 57.908551 ms
[2022-08-04 16:41:17,805] {spark_submit_hook.py:479} INFO - 22/08/04 16:41:17 INFO MemoryStore: Block broadcast_2 stored as values in memory (estimated size 173.5 KiB, free 434.0 MiB)
[2022-08-04 16:41:17,812] {spark_submit_hook.py:479} INFO - 22/08/04 16:41:17 INFO MemoryStore: Block broadcast_2_piece0 stored as bytes in memory (estimated size 24.6 KiB, free 434.0 MiB)
[2022-08-04 16:41:17,813] {spark_submit_hook.py:479} INFO - 22/08/04 16:41:17 INFO BlockManagerInfo: Added broadcast_2_piece0 in memory on 192.168.1.12:37083 (size: 24.6 KiB, free: 434.3 MiB)
[2022-08-04 16:41:17,814] {spark_submit_hook.py:479} INFO - 22/08/04 16:41:17 INFO SparkContext: Created broadcast 2 from json at NativeMethodAccessorImpl.java:0
[2022-08-04 16:41:17,816] {spark_submit_hook.py:479} INFO - 22/08/04 16:41:17 INFO FileSourceScanExec: Planning scan with bin packing, max size: 4230527 bytes, open cost is considered as scanning 4194304 bytes.
[2022-08-04 16:41:17,856] {spark_submit_hook.py:479} INFO - 22/08/04 16:41:17 INFO SparkContext: Starting job: json at NativeMethodAccessorImpl.java:0
[2022-08-04 16:41:17,858] {spark_submit_hook.py:479} INFO - 22/08/04 16:41:17 INFO DAGScheduler: Got job 1 (json at NativeMethodAccessorImpl.java:0) with 1 output partitions
[2022-08-04 16:41:17,858] {spark_submit_hook.py:479} INFO - 22/08/04 16:41:17 INFO DAGScheduler: Final stage: ResultStage 1 (json at NativeMethodAccessorImpl.java:0)
[2022-08-04 16:41:17,858] {spark_submit_hook.py:479} INFO - 22/08/04 16:41:17 INFO DAGScheduler: Parents of final stage: List()
[2022-08-04 16:41:17,858] {spark_submit_hook.py:479} INFO - 22/08/04 16:41:17 INFO DAGScheduler: Missing parents: List()
[2022-08-04 16:41:17,859] {spark_submit_hook.py:479} INFO - 22/08/04 16:41:17 INFO DAGScheduler: Submitting ResultStage 1 (CoalescedRDD[7] at json at NativeMethodAccessorImpl.java:0), which has no missing parents
[2022-08-04 16:41:17,892] {spark_submit_hook.py:479} INFO - 22/08/04 16:41:17 INFO MemoryStore: Block broadcast_3 stored as values in memory (estimated size 175.8 KiB, free 433.8 MiB)
[2022-08-04 16:41:17,894] {spark_submit_hook.py:479} INFO - 22/08/04 16:41:17 INFO MemoryStore: Block broadcast_3_piece0 stored as bytes in memory (estimated size 60.9 KiB, free 433.8 MiB)
[2022-08-04 16:41:17,894] {spark_submit_hook.py:479} INFO - 22/08/04 16:41:17 INFO BlockManagerInfo: Added broadcast_3_piece0 in memory on 192.168.1.12:37083 (size: 60.9 KiB, free: 434.3 MiB)
[2022-08-04 16:41:17,895] {spark_submit_hook.py:479} INFO - 22/08/04 16:41:17 INFO SparkContext: Created broadcast 3 from broadcast at DAGScheduler.scala:1513
[2022-08-04 16:41:17,896] {spark_submit_hook.py:479} INFO - 22/08/04 16:41:17 INFO DAGScheduler: Submitting 1 missing tasks from ResultStage 1 (CoalescedRDD[7] at json at NativeMethodAccessorImpl.java:0) (first 15 tasks are for partitions Vector(0))
[2022-08-04 16:41:17,896] {spark_submit_hook.py:479} INFO - 22/08/04 16:41:17 INFO BlockManagerInfo: Removed broadcast_1_piece0 on 192.168.1.12:37083 in memory (size: 7.0 KiB, free: 434.3 MiB)
[2022-08-04 16:41:17,896] {spark_submit_hook.py:479} INFO - 22/08/04 16:41:17 INFO TaskSchedulerImpl: Adding task set 1.0 with 1 tasks resource profile 0
[2022-08-04 16:41:17,899] {spark_submit_hook.py:479} INFO - 22/08/04 16:41:17 INFO TaskSetManager: Starting task 0.0 in stage 1.0 (TID 1) (192.168.1.12, executor driver, partition 0, PROCESS_LOCAL, 5256 bytes) taskResourceAssignments Map()
[2022-08-04 16:41:17,900] {spark_submit_hook.py:479} INFO - 22/08/04 16:41:17 INFO Executor: Running task 0.0 in stage 1.0 (TID 1)
[2022-08-04 16:41:17,900] {spark_submit_hook.py:479} INFO - 22/08/04 16:41:17 INFO BlockManagerInfo: Removed broadcast_0_piece0 on 192.168.1.12:37083 in memory (size: 24.7 KiB, free: 434.3 MiB)
[2022-08-04 16:41:17,937] {spark_submit_hook.py:479} INFO - 22/08/04 16:41:17 INFO FileOutputCommitter: File Output Committer Algorithm version is 1
[2022-08-04 16:41:17,937] {spark_submit_hook.py:479} INFO - 22/08/04 16:41:17 INFO SQLHadoopMapReduceCommitProtocol: Using output committer class org.apache.hadoop.mapreduce.lib.output.FileOutputCommitter
[2022-08-04 16:41:17,957] {spark_submit_hook.py:479} INFO - 22/08/04 16:41:17 INFO FileScanRDD: Reading File path: file:///home/amadeus/ama/airflow-pipeline-alura/datapipeline/datalake/bronze/twitter_flamengomalvadao/extract_date=2022-07-31/FlamengoMalvadao_20220731.json, range: 0-36223, partition values: [empty row]
[2022-08-04 16:41:17,972] {spark_submit_hook.py:479} INFO - 22/08/04 16:41:17 INFO CodeGenerator: Code generated in 12.469384 ms
[2022-08-04 16:41:17,987] {spark_submit_hook.py:479} INFO - 22/08/04 16:41:17 INFO CodeGenerator: Code generated in 3.771172 ms
[2022-08-04 16:41:18,022] {spark_submit_hook.py:479} INFO - 22/08/04 16:41:18 INFO FileOutputCommitter: Saved output of task 'attempt_202208041641172272937854000922721_0001_m_000000_1' to file:/home/amadeus/ama/airflow-pipeline-alura/datapipeline/datalake/silver/twitter_flamengomalvadao/tweet/process_date=2022-07-31/_temporary/0/task_202208041641172272937854000922721_0001_m_000000
[2022-08-04 16:41:18,022] {spark_submit_hook.py:479} INFO - 22/08/04 16:41:18 INFO SparkHadoopMapRedUtil: attempt_202208041641172272937854000922721_0001_m_000000_1: Committed. Elapsed time: 0 ms.
[2022-08-04 16:41:18,027] {spark_submit_hook.py:479} INFO - 22/08/04 16:41:18 INFO Executor: Finished task 0.0 in stage 1.0 (TID 1). 2678 bytes result sent to driver
[2022-08-04 16:41:18,029] {spark_submit_hook.py:479} INFO - 22/08/04 16:41:18 INFO TaskSetManager: Finished task 0.0 in stage 1.0 (TID 1) in 131 ms on 192.168.1.12 (executor driver) (1/1)
[2022-08-04 16:41:18,029] {spark_submit_hook.py:479} INFO - 22/08/04 16:41:18 INFO TaskSchedulerImpl: Removed TaskSet 1.0, whose tasks have all completed, from pool
[2022-08-04 16:41:18,029] {spark_submit_hook.py:479} INFO - 22/08/04 16:41:18 INFO DAGScheduler: ResultStage 1 (json at NativeMethodAccessorImpl.java:0) finished in 0,169 s
[2022-08-04 16:41:18,030] {spark_submit_hook.py:479} INFO - 22/08/04 16:41:18 INFO DAGScheduler: Job 1 is finished. Cancelling potential speculative or zombie tasks for this job
[2022-08-04 16:41:18,030] {spark_submit_hook.py:479} INFO - 22/08/04 16:41:18 INFO TaskSchedulerImpl: Killing all running tasks in stage 1: Stage finished
[2022-08-04 16:41:18,030] {spark_submit_hook.py:479} INFO - 22/08/04 16:41:18 INFO DAGScheduler: Job 1 finished: json at NativeMethodAccessorImpl.java:0, took 0,173821 s
[2022-08-04 16:41:18,032] {spark_submit_hook.py:479} INFO - 22/08/04 16:41:18 INFO FileFormatWriter: Start to commit write Job 93339116-a501-47c2-95af-e0b3433e0ace.
[2022-08-04 16:41:18,039] {spark_submit_hook.py:479} INFO - 22/08/04 16:41:18 INFO FileFormatWriter: Write Job 93339116-a501-47c2-95af-e0b3433e0ace committed. Elapsed time: 6 ms.
[2022-08-04 16:41:18,041] {spark_submit_hook.py:479} INFO - 22/08/04 16:41:18 INFO FileFormatWriter: Finished processing stats for write job 93339116-a501-47c2-95af-e0b3433e0ace.
[2022-08-04 16:41:18,066] {spark_submit_hook.py:479} INFO - 22/08/04 16:41:18 INFO FileSourceStrategy: Pushed Filters:
[2022-08-04 16:41:18,066] {spark_submit_hook.py:479} INFO - 22/08/04 16:41:18 INFO FileSourceStrategy: Post-Scan Filters:
[2022-08-04 16:41:18,066] {spark_submit_hook.py:479} INFO - 22/08/04 16:41:18 INFO FileSourceStrategy: Output Data Schema: struct<includes: struct<users: array<struct<created_at:string,id:string,name:string,username:string>>>>
[2022-08-04 16:41:18,073] {spark_submit_hook.py:479} INFO - 22/08/04 16:41:18 INFO FileOutputCommitter: File Output Committer Algorithm version is 1
[2022-08-04 16:41:18,073] {spark_submit_hook.py:479} INFO - 22/08/04 16:41:18 INFO SQLHadoopMapReduceCommitProtocol: Using output committer class org.apache.hadoop.mapreduce.lib.output.FileOutputCommitter
[2022-08-04 16:41:18,089] {spark_submit_hook.py:479} INFO - 22/08/04 16:41:18 INFO CodeGenerator: Code generated in 9.841719 ms
[2022-08-04 16:41:18,092] {spark_submit_hook.py:479} INFO - 22/08/04 16:41:18 INFO MemoryStore: Block broadcast_4 stored as values in memory (estimated size 173.5 KiB, free 433.8 MiB)
[2022-08-04 16:41:18,099] {spark_submit_hook.py:479} INFO - 22/08/04 16:41:18 INFO MemoryStore: Block broadcast_4_piece0 stored as bytes in memory (estimated size 24.6 KiB, free 433.8 MiB)
[2022-08-04 16:41:18,099] {spark_submit_hook.py:479} INFO - 22/08/04 16:41:18 INFO BlockManagerInfo: Added broadcast_4_piece0 in memory on 192.168.1.12:37083 (size: 24.6 KiB, free: 434.3 MiB)
[2022-08-04 16:41:18,100] {spark_submit_hook.py:479} INFO - 22/08/04 16:41:18 INFO SparkContext: Created broadcast 4 from json at NativeMethodAccessorImpl.java:0
[2022-08-04 16:41:18,101] {spark_submit_hook.py:479} INFO - 22/08/04 16:41:18 INFO FileSourceScanExec: Planning scan with bin packing, max size: 4230527 bytes, open cost is considered as scanning 4194304 bytes.
[2022-08-04 16:41:18,117] {spark_submit_hook.py:479} INFO - 22/08/04 16:41:18 INFO SparkContext: Starting job: json at NativeMethodAccessorImpl.java:0
[2022-08-04 16:41:18,118] {spark_submit_hook.py:479} INFO - 22/08/04 16:41:18 INFO DAGScheduler: Got job 2 (json at NativeMethodAccessorImpl.java:0) with 1 output partitions
[2022-08-04 16:41:18,118] {spark_submit_hook.py:479} INFO - 22/08/04 16:41:18 INFO DAGScheduler: Final stage: ResultStage 2 (json at NativeMethodAccessorImpl.java:0)
[2022-08-04 16:41:18,118] {spark_submit_hook.py:479} INFO - 22/08/04 16:41:18 INFO DAGScheduler: Parents of final stage: List()
[2022-08-04 16:41:18,118] {spark_submit_hook.py:479} INFO - 22/08/04 16:41:18 INFO DAGScheduler: Missing parents: List()
[2022-08-04 16:41:18,119] {spark_submit_hook.py:479} INFO - 22/08/04 16:41:18 INFO DAGScheduler: Submitting ResultStage 2 (CoalescedRDD[11] at json at NativeMethodAccessorImpl.java:0), which has no missing parents
[2022-08-04 16:41:18,131] {spark_submit_hook.py:479} INFO - 22/08/04 16:41:18 INFO MemoryStore: Block broadcast_5 stored as values in memory (estimated size 161.1 KiB, free 433.6 MiB)
[2022-08-04 16:41:18,134] {spark_submit_hook.py:479} INFO - 22/08/04 16:41:18 INFO MemoryStore: Block broadcast_5_piece0 stored as bytes in memory (estimated size 57.8 KiB, free 433.6 MiB)
[2022-08-04 16:41:18,135] {spark_submit_hook.py:479} INFO - 22/08/04 16:41:18 INFO BlockManagerInfo: Added broadcast_5_piece0 in memory on 192.168.1.12:37083 (size: 57.8 KiB, free: 434.2 MiB)
[2022-08-04 16:41:18,135] {spark_submit_hook.py:479} INFO - 22/08/04 16:41:18 INFO SparkContext: Created broadcast 5 from broadcast at DAGScheduler.scala:1513
[2022-08-04 16:41:18,135] {spark_submit_hook.py:479} INFO - 22/08/04 16:41:18 INFO DAGScheduler: Submitting 1 missing tasks from ResultStage 2 (CoalescedRDD[11] at json at NativeMethodAccessorImpl.java:0) (first 15 tasks are for partitions Vector(0))
[2022-08-04 16:41:18,135] {spark_submit_hook.py:479} INFO - 22/08/04 16:41:18 INFO TaskSchedulerImpl: Adding task set 2.0 with 1 tasks resource profile 0
[2022-08-04 16:41:18,136] {spark_submit_hook.py:479} INFO - 22/08/04 16:41:18 INFO TaskSetManager: Starting task 0.0 in stage 2.0 (TID 2) (192.168.1.12, executor driver, partition 0, PROCESS_LOCAL, 5256 bytes) taskResourceAssignments Map()
[2022-08-04 16:41:18,137] {spark_submit_hook.py:479} INFO - 22/08/04 16:41:18 INFO Executor: Running task 0.0 in stage 2.0 (TID 2)
[2022-08-04 16:41:18,147] {spark_submit_hook.py:479} INFO - 22/08/04 16:41:18 INFO FileOutputCommitter: File Output Committer Algorithm version is 1
[2022-08-04 16:41:18,148] {spark_submit_hook.py:479} INFO - 22/08/04 16:41:18 INFO SQLHadoopMapReduceCommitProtocol: Using output committer class org.apache.hadoop.mapreduce.lib.output.FileOutputCommitter
[2022-08-04 16:41:18,153] {spark_submit_hook.py:479} INFO - 22/08/04 16:41:18 INFO FileScanRDD: Reading File path: file:///home/amadeus/ama/airflow-pipeline-alura/datapipeline/datalake/bronze/twitter_flamengomalvadao/extract_date=2022-07-31/FlamengoMalvadao_20220731.json, range: 0-36223, partition values: [empty row]
[2022-08-04 16:41:18,169] {spark_submit_hook.py:479} INFO - 22/08/04 16:41:18 INFO CodeGenerator: Code generated in 12.824767 ms
[2022-08-04 16:41:18,181] {spark_submit_hook.py:479} INFO - 22/08/04 16:41:18 INFO FileOutputCommitter: Saved output of task 'attempt_202208041641182748111730418474285_0002_m_000000_2' to file:/home/amadeus/ama/airflow-pipeline-alura/datapipeline/datalake/silver/twitter_flamengomalvadao/user/process_date=2022-07-31/_temporary/0/task_202208041641182748111730418474285_0002_m_000000
[2022-08-04 16:41:18,181] {spark_submit_hook.py:479} INFO - 22/08/04 16:41:18 INFO SparkHadoopMapRedUtil: attempt_202208041641182748111730418474285_0002_m_000000_2: Committed. Elapsed time: 0 ms.
[2022-08-04 16:41:18,183] {spark_submit_hook.py:479} INFO - 22/08/04 16:41:18 INFO Executor: Finished task 0.0 in stage 2.0 (TID 2). 2579 bytes result sent to driver
[2022-08-04 16:41:18,184] {spark_submit_hook.py:479} INFO - 22/08/04 16:41:18 INFO TaskSetManager: Finished task 0.0 in stage 2.0 (TID 2) in 48 ms on 192.168.1.12 (executor driver) (1/1)
[2022-08-04 16:41:18,184] {spark_submit_hook.py:479} INFO - 22/08/04 16:41:18 INFO TaskSchedulerImpl: Removed TaskSet 2.0, whose tasks have all completed, from pool
[2022-08-04 16:41:18,185] {spark_submit_hook.py:479} INFO - 22/08/04 16:41:18 INFO DAGScheduler: ResultStage 2 (json at NativeMethodAccessorImpl.java:0) finished in 0,065 s
[2022-08-04 16:41:18,185] {spark_submit_hook.py:479} INFO - 22/08/04 16:41:18 INFO DAGScheduler: Job 2 is finished. Cancelling potential speculative or zombie tasks for this job
[2022-08-04 16:41:18,185] {spark_submit_hook.py:479} INFO - 22/08/04 16:41:18 INFO TaskSchedulerImpl: Killing all running tasks in stage 2: Stage finished
[2022-08-04 16:41:18,185] {spark_submit_hook.py:479} INFO - 22/08/04 16:41:18 INFO DAGScheduler: Job 2 finished: json at NativeMethodAccessorImpl.java:0, took 0,068527 s
[2022-08-04 16:41:18,186] {spark_submit_hook.py:479} INFO - 22/08/04 16:41:18 INFO FileFormatWriter: Start to commit write Job ebd876e9-51b7-4876-8d5a-aff7c7b807ec.
[2022-08-04 16:41:18,192] {spark_submit_hook.py:479} INFO - 22/08/04 16:41:18 INFO FileFormatWriter: Write Job ebd876e9-51b7-4876-8d5a-aff7c7b807ec committed. Elapsed time: 6 ms.
[2022-08-04 16:41:18,193] {spark_submit_hook.py:479} INFO - 22/08/04 16:41:18 INFO FileFormatWriter: Finished processing stats for write job ebd876e9-51b7-4876-8d5a-aff7c7b807ec.
[2022-08-04 16:41:18,222] {spark_submit_hook.py:479} INFO - 22/08/04 16:41:18 INFO SparkContext: Invoking stop() from shutdown hook
[2022-08-04 16:41:18,230] {spark_submit_hook.py:479} INFO - 22/08/04 16:41:18 INFO SparkUI: Stopped Spark web UI at http://192.168.1.12:4041
[2022-08-04 16:41:18,240] {spark_submit_hook.py:479} INFO - 22/08/04 16:41:18 INFO MapOutputTrackerMasterEndpoint: MapOutputTrackerMasterEndpoint stopped!
[2022-08-04 16:41:18,247] {spark_submit_hook.py:479} INFO - 22/08/04 16:41:18 INFO MemoryStore: MemoryStore cleared
[2022-08-04 16:41:18,247] {spark_submit_hook.py:479} INFO - 22/08/04 16:41:18 INFO BlockManager: BlockManager stopped
[2022-08-04 16:41:18,250] {spark_submit_hook.py:479} INFO - 22/08/04 16:41:18 INFO BlockManagerMaster: BlockManagerMaster stopped
[2022-08-04 16:41:18,252] {spark_submit_hook.py:479} INFO - 22/08/04 16:41:18 INFO OutputCommitCoordinator$OutputCommitCoordinatorEndpoint: OutputCommitCoordinator stopped!
[2022-08-04 16:41:18,254] {spark_submit_hook.py:479} INFO - 22/08/04 16:41:18 INFO SparkContext: Successfully stopped SparkContext
[2022-08-04 16:41:18,254] {spark_submit_hook.py:479} INFO - 22/08/04 16:41:18 INFO ShutdownHookManager: Shutdown hook called
[2022-08-04 16:41:18,255] {spark_submit_hook.py:479} INFO - 22/08/04 16:41:18 INFO ShutdownHookManager: Deleting directory /tmp/spark-11cb06ce-fd6b-459a-912c-e16def413a0c
[2022-08-04 16:41:18,256] {spark_submit_hook.py:479} INFO - 22/08/04 16:41:18 INFO ShutdownHookManager: Deleting directory /tmp/spark-6b580e54-533e-4127-8fbd-fce1e551f4f9/pyspark-bbd8ea58-009d-4f26-a0e0-642dbf14f3f3
[2022-08-04 16:41:18,258] {spark_submit_hook.py:479} INFO - 22/08/04 16:41:18 INFO ShutdownHookManager: Deleting directory /tmp/spark-6b580e54-533e-4127-8fbd-fce1e551f4f9
[2022-08-04 16:41:18,312] {taskinstance.py:1057} INFO - Marking task as SUCCESS.dag_id=twitter_dag, task_id=transform_twitter_flamengomalvadao, execution_date=20220731T090000, start_date=20220804T194107, end_date=20220804T194118
[2022-08-04 16:41:21,238] {local_task_job.py:102} INFO - Task exited with return code 0
