[2022-08-04 23:23:16,478] {taskinstance.py:670} INFO - Dependencies all met for <TaskInstance: twitter_dag.transform_twitter_flamengomalvadao 2022-07-31T09:00:00+00:00 [queued]>
[2022-08-04 23:23:16,507] {taskinstance.py:670} INFO - Dependencies all met for <TaskInstance: twitter_dag.transform_twitter_flamengomalvadao 2022-07-31T09:00:00+00:00 [queued]>
[2022-08-04 23:23:16,508] {taskinstance.py:880} INFO - 
--------------------------------------------------------------------------------
[2022-08-04 23:23:16,508] {taskinstance.py:881} INFO - Starting attempt 6 of 6
[2022-08-04 23:23:16,508] {taskinstance.py:882} INFO - 
--------------------------------------------------------------------------------
[2022-08-04 23:23:16,713] {taskinstance.py:901} INFO - Executing <Task(SparkSubmitOperator): transform_twitter_flamengomalvadao> on 2022-07-31T09:00:00+00:00
[2022-08-04 23:23:16,718] {standard_task_runner.py:54} INFO - Started process 163403 to run task
[2022-08-04 23:23:16,835] {standard_task_runner.py:77} INFO - Running: ['airflow', 'run', 'twitter_dag', 'transform_twitter_flamengomalvadao', '2022-07-31T09:00:00+00:00', '--job_id', '106', '--pool', 'default_pool', '--raw', '-sd', 'DAGS_FOLDER/twitter_dag.py', '--cfg_path', '/tmp/tmp0vogsy7a']
[2022-08-04 23:23:16,836] {standard_task_runner.py:78} INFO - Job 106: Subtask transform_twitter_flamengomalvadao
[2022-08-04 23:23:17,075] {logging_mixin.py:112} INFO - Running <TaskInstance: twitter_dag.transform_twitter_flamengomalvadao 2022-07-31T09:00:00+00:00 [running]> on host ama
[2022-08-04 23:23:17,194] {base_hook.py:89} INFO - Using connection to: id: spark_default. Host: local, Port: None, Schema: None, Login: None, Password: None, extra: XXXXXXXX
[2022-08-04 23:23:17,196] {spark_submit_hook.py:325} INFO - Spark-Submit cmd: /home/amadeus/Downloads/spark-3.3.0-bin-hadoop2/bin/spark-submit --master local --name twitter_transformation /home/amadeus/ama/airflow-pipeline-alura/datapipeline/spark/transfortmation.py --src /home/amadeus/ama/airflow-pipeline-alura/datapipeline/datalake/bronze/twitter_flamengomalvadao/teste1 --dest /home/amadeus/ama/airflow-pipeline-alura/datapipeline/datalake/silver/twitter_flamengomalvadao/ --process-date 2022-07-31
[2022-08-04 23:23:19,301] {spark_submit_hook.py:479} INFO - 22/08/04 23:23:19 WARN Utils: Your hostname, ama resolves to a loopback address: 127.0.1.1; using 192.168.0.20 instead (on interface wlo1)
[2022-08-04 23:23:19,304] {spark_submit_hook.py:479} INFO - 22/08/04 23:23:19 WARN Utils: Set SPARK_LOCAL_IP if you need to bind to another address
[2022-08-04 23:23:20,717] {spark_submit_hook.py:479} INFO - 22/08/04 23:23:20 INFO SparkContext: Running Spark version 3.3.0
[2022-08-04 23:23:20,861] {spark_submit_hook.py:479} INFO - 22/08/04 23:23:20 WARN NativeCodeLoader: Unable to load native-hadoop library for your platform... using builtin-java classes where applicable
[2022-08-04 23:23:20,984] {spark_submit_hook.py:479} INFO - 22/08/04 23:23:20 INFO ResourceUtils: ==============================================================
[2022-08-04 23:23:20,984] {spark_submit_hook.py:479} INFO - 22/08/04 23:23:20 INFO ResourceUtils: No custom resources configured for spark.driver.
[2022-08-04 23:23:20,985] {spark_submit_hook.py:479} INFO - 22/08/04 23:23:20 INFO ResourceUtils: ==============================================================
[2022-08-04 23:23:20,985] {spark_submit_hook.py:479} INFO - 22/08/04 23:23:20 INFO SparkContext: Submitted application: twitter_transformation
[2022-08-04 23:23:21,014] {spark_submit_hook.py:479} INFO - 22/08/04 23:23:21 INFO ResourceProfile: Default ResourceProfile created, executor resources: Map(cores -> name: cores, amount: 1, script: , vendor: , memory -> name: memory, amount: 1024, script: , vendor: , offHeap -> name: offHeap, amount: 0, script: , vendor: ), task resources: Map(cpus -> name: cpus, amount: 1.0)
[2022-08-04 23:23:21,031] {spark_submit_hook.py:479} INFO - 22/08/04 23:23:21 INFO ResourceProfile: Limiting resource is cpu
[2022-08-04 23:23:21,032] {spark_submit_hook.py:479} INFO - 22/08/04 23:23:21 INFO ResourceProfileManager: Added ResourceProfile id: 0
[2022-08-04 23:23:21,098] {spark_submit_hook.py:479} INFO - 22/08/04 23:23:21 INFO SecurityManager: Changing view acls to: amadeus
[2022-08-04 23:23:21,099] {spark_submit_hook.py:479} INFO - 22/08/04 23:23:21 INFO SecurityManager: Changing modify acls to: amadeus
[2022-08-04 23:23:21,099] {spark_submit_hook.py:479} INFO - 22/08/04 23:23:21 INFO SecurityManager: Changing view acls groups to:
[2022-08-04 23:23:21,100] {spark_submit_hook.py:479} INFO - 22/08/04 23:23:21 INFO SecurityManager: Changing modify acls groups to:
[2022-08-04 23:23:21,100] {spark_submit_hook.py:479} INFO - 22/08/04 23:23:21 INFO SecurityManager: SecurityManager: authentication disabled; ui acls disabled; users  with view permissions: Set(amadeus); groups with view permissions: Set(); users  with modify permissions: Set(amadeus); groups with modify permissions: Set()
[2022-08-04 23:23:21,498] {spark_submit_hook.py:479} INFO - 22/08/04 23:23:21 INFO Utils: Successfully started service 'sparkDriver' on port 42871.
[2022-08-04 23:23:21,532] {spark_submit_hook.py:479} INFO - 22/08/04 23:23:21 INFO SparkEnv: Registering MapOutputTracker
[2022-08-04 23:23:21,579] {spark_submit_hook.py:479} INFO - 22/08/04 23:23:21 INFO SparkEnv: Registering BlockManagerMaster
[2022-08-04 23:23:21,605] {spark_submit_hook.py:479} INFO - 22/08/04 23:23:21 INFO BlockManagerMasterEndpoint: Using org.apache.spark.storage.DefaultTopologyMapper for getting topology information
[2022-08-04 23:23:21,606] {spark_submit_hook.py:479} INFO - 22/08/04 23:23:21 INFO BlockManagerMasterEndpoint: BlockManagerMasterEndpoint up
[2022-08-04 23:23:21,611] {spark_submit_hook.py:479} INFO - 22/08/04 23:23:21 INFO SparkEnv: Registering BlockManagerMasterHeartbeat
[2022-08-04 23:23:21,641] {spark_submit_hook.py:479} INFO - 22/08/04 23:23:21 INFO DiskBlockManager: Created local directory at /tmp/blockmgr-eab9793b-3163-443a-bc7d-8c71e638c817
[2022-08-04 23:23:21,672] {spark_submit_hook.py:479} INFO - 22/08/04 23:23:21 INFO MemoryStore: MemoryStore started with capacity 434.4 MiB
[2022-08-04 23:23:21,694] {spark_submit_hook.py:479} INFO - 22/08/04 23:23:21 INFO SparkEnv: Registering OutputCommitCoordinator
[2022-08-04 23:23:21,997] {spark_submit_hook.py:479} INFO - 22/08/04 23:23:21 WARN Utils: Service 'SparkUI' could not bind on port 4040. Attempting port 4041.
[2022-08-04 23:23:22,009] {spark_submit_hook.py:479} INFO - 22/08/04 23:23:22 INFO Utils: Successfully started service 'SparkUI' on port 4041.
[2022-08-04 23:23:22,167] {spark_submit_hook.py:479} INFO - 22/08/04 23:23:22 INFO Executor: Starting executor ID driver on host 192.168.0.20
[2022-08-04 23:23:22,176] {spark_submit_hook.py:479} INFO - 22/08/04 23:23:22 INFO Executor: Starting executor with user classpath (userClassPathFirst = false): ''
[2022-08-04 23:23:22,201] {spark_submit_hook.py:479} INFO - 22/08/04 23:23:22 INFO Utils: Successfully started service 'org.apache.spark.network.netty.NettyBlockTransferService' on port 46615.
[2022-08-04 23:23:22,201] {spark_submit_hook.py:479} INFO - 22/08/04 23:23:22 INFO NettyBlockTransferService: Server created on 192.168.0.20:46615
[2022-08-04 23:23:22,203] {spark_submit_hook.py:479} INFO - 22/08/04 23:23:22 INFO BlockManager: Using org.apache.spark.storage.RandomBlockReplicationPolicy for block replication policy
[2022-08-04 23:23:22,211] {spark_submit_hook.py:479} INFO - 22/08/04 23:23:22 INFO BlockManagerMaster: Registering BlockManager BlockManagerId(driver, 192.168.0.20, 46615, None)
[2022-08-04 23:23:22,215] {spark_submit_hook.py:479} INFO - 22/08/04 23:23:22 INFO BlockManagerMasterEndpoint: Registering block manager 192.168.0.20:46615 with 434.4 MiB RAM, BlockManagerId(driver, 192.168.0.20, 46615, None)
[2022-08-04 23:23:22,218] {spark_submit_hook.py:479} INFO - 22/08/04 23:23:22 INFO BlockManagerMaster: Registered BlockManager BlockManagerId(driver, 192.168.0.20, 46615, None)
[2022-08-04 23:23:22,219] {spark_submit_hook.py:479} INFO - 22/08/04 23:23:22 INFO BlockManager: Initialized BlockManager: BlockManagerId(driver, 192.168.0.20, 46615, None)
[2022-08-04 23:23:22,836] {spark_submit_hook.py:479} INFO - 22/08/04 23:23:22 INFO SharedState: Setting hive.metastore.warehouse.dir ('null') to the value of spark.sql.warehouse.dir.
[2022-08-04 23:23:22,842] {spark_submit_hook.py:479} INFO - 22/08/04 23:23:22 INFO SharedState: Warehouse path is 'file:/home/amadeus/ama/airflow-pipeline-alura/datapipeline/spark-warehouse'.
[2022-08-04 23:23:23,822] {spark_submit_hook.py:479} INFO - Traceback (most recent call last):
[2022-08-04 23:23:23,822] {spark_submit_hook.py:479} INFO - File "/home/amadeus/ama/airflow-pipeline-alura/datapipeline/spark/transfortmation.py", line 50, in <module>
[2022-08-04 23:23:23,823] {spark_submit_hook.py:479} INFO - twitter_transform(spark, args.src, args.dest, args.process_date)
[2022-08-04 23:23:23,824] {spark_submit_hook.py:479} INFO - File "/home/amadeus/ama/airflow-pipeline-alura/datapipeline/spark/transfortmation.py", line 26, in twitter_transform
[2022-08-04 23:23:23,824] {spark_submit_hook.py:479} INFO - df = spark.read.json(src)
[2022-08-04 23:23:23,824] {spark_submit_hook.py:479} INFO - File "/home/amadeus/Downloads/spark-3.3.0-bin-hadoop2/python/lib/pyspark.zip/pyspark/sql/readwriter.py", line 284, in json
[2022-08-04 23:23:23,824] {spark_submit_hook.py:479} INFO - File "/home/amadeus/Downloads/spark-3.3.0-bin-hadoop2/python/lib/py4j-0.10.9.5-src.zip/py4j/java_gateway.py", line 1321, in __call__
[2022-08-04 23:23:23,824] {spark_submit_hook.py:479} INFO - File "/home/amadeus/Downloads/spark-3.3.0-bin-hadoop2/python/lib/pyspark.zip/pyspark/sql/utils.py", line 196, in deco
[2022-08-04 23:23:23,833] {spark_submit_hook.py:479} INFO - pyspark.sql.utils.AnalysisException: Path does not exist: file:/home/amadeus/ama/airflow-pipeline-alura/datapipeline/datalake/bronze/twitter_flamengomalvadao/teste1
[2022-08-04 23:23:23,873] {spark_submit_hook.py:479} INFO - 22/08/04 23:23:23 INFO SparkContext: Invoking stop() from shutdown hook
[2022-08-04 23:23:23,885] {spark_submit_hook.py:479} INFO - 22/08/04 23:23:23 INFO SparkUI: Stopped Spark web UI at http://192.168.0.20:4041
[2022-08-04 23:23:23,903] {spark_submit_hook.py:479} INFO - 22/08/04 23:23:23 INFO MapOutputTrackerMasterEndpoint: MapOutputTrackerMasterEndpoint stopped!
[2022-08-04 23:23:23,916] {spark_submit_hook.py:479} INFO - 22/08/04 23:23:23 INFO MemoryStore: MemoryStore cleared
[2022-08-04 23:23:23,916] {spark_submit_hook.py:479} INFO - 22/08/04 23:23:23 INFO BlockManager: BlockManager stopped
[2022-08-04 23:23:23,927] {spark_submit_hook.py:479} INFO - 22/08/04 23:23:23 INFO BlockManagerMaster: BlockManagerMaster stopped
[2022-08-04 23:23:23,932] {spark_submit_hook.py:479} INFO - 22/08/04 23:23:23 INFO OutputCommitCoordinator$OutputCommitCoordinatorEndpoint: OutputCommitCoordinator stopped!
[2022-08-04 23:23:23,937] {spark_submit_hook.py:479} INFO - 22/08/04 23:23:23 INFO SparkContext: Successfully stopped SparkContext
[2022-08-04 23:23:23,937] {spark_submit_hook.py:479} INFO - 22/08/04 23:23:23 INFO ShutdownHookManager: Shutdown hook called
[2022-08-04 23:23:23,938] {spark_submit_hook.py:479} INFO - 22/08/04 23:23:23 INFO ShutdownHookManager: Deleting directory /tmp/spark-b352f584-e962-4e1f-b5e4-f0a3dbc549dc/pyspark-49b122fb-d6b7-455b-b03b-ad1bc8db859c
[2022-08-04 23:23:23,940] {spark_submit_hook.py:479} INFO - 22/08/04 23:23:23 INFO ShutdownHookManager: Deleting directory /tmp/spark-b352f584-e962-4e1f-b5e4-f0a3dbc549dc
[2022-08-04 23:23:23,942] {spark_submit_hook.py:479} INFO - 22/08/04 23:23:23 INFO ShutdownHookManager: Deleting directory /tmp/spark-8f23cdb7-a7dc-4d70-9fdd-34dce71479da
[2022-08-04 23:23:24,002] {taskinstance.py:1150} ERROR - Cannot execute: /home/amadeus/Downloads/spark-3.3.0-bin-hadoop2/bin/spark-submit --master local --name twitter_transformation /home/amadeus/ama/airflow-pipeline-alura/datapipeline/spark/transfortmation.py --src /home/amadeus/ama/airflow-pipeline-alura/datapipeline/datalake/bronze/twitter_flamengomalvadao/teste1 --dest /home/amadeus/ama/airflow-pipeline-alura/datapipeline/datalake/silver/twitter_flamengomalvadao/ --process-date 2022-07-31. Error code is: 1.
Traceback (most recent call last):
  File "/home/amadeus/ama/airflow-pipeline-alura/datapipeline/.env/lib/python3.8/site-packages/airflow/models/taskinstance.py", line 984, in _run_raw_task
    result = task_copy.execute(context=context)
  File "/home/amadeus/ama/airflow-pipeline-alura/datapipeline/.env/lib/python3.8/site-packages/airflow/contrib/operators/spark_submit_operator.py", line 187, in execute
    self._hook.submit(self._application)
  File "/home/amadeus/ama/airflow-pipeline-alura/datapipeline/.env/lib/python3.8/site-packages/airflow/contrib/hooks/spark_submit_hook.py", line 403, in submit
    raise AirflowException(
airflow.exceptions.AirflowException: Cannot execute: /home/amadeus/Downloads/spark-3.3.0-bin-hadoop2/bin/spark-submit --master local --name twitter_transformation /home/amadeus/ama/airflow-pipeline-alura/datapipeline/spark/transfortmation.py --src /home/amadeus/ama/airflow-pipeline-alura/datapipeline/datalake/bronze/twitter_flamengomalvadao/teste1 --dest /home/amadeus/ama/airflow-pipeline-alura/datapipeline/datalake/silver/twitter_flamengomalvadao/ --process-date 2022-07-31. Error code is: 1.
[2022-08-04 23:23:24,005] {taskinstance.py:1187} INFO - Marking task as FAILED. dag_id=twitter_dag, task_id=transform_twitter_flamengomalvadao, execution_date=20220731T090000, start_date=20220805T022316, end_date=20220805T022324
[2022-08-04 23:23:26,259] {local_task_job.py:102} INFO - Task exited with return code 1
