[2022-08-04 23:30:54,621] {taskinstance.py:670} INFO - Dependencies all met for <TaskInstance: twitter_dag.transform_twitter_flamengomalvadao 2022-07-31T09:00:00+00:00 [queued]>
[2022-08-04 23:30:54,651] {taskinstance.py:670} INFO - Dependencies all met for <TaskInstance: twitter_dag.transform_twitter_flamengomalvadao 2022-07-31T09:00:00+00:00 [queued]>
[2022-08-04 23:30:54,652] {taskinstance.py:880} INFO - 
--------------------------------------------------------------------------------
[2022-08-04 23:30:54,652] {taskinstance.py:881} INFO - Starting attempt 7 of 7
[2022-08-04 23:30:54,652] {taskinstance.py:882} INFO - 
--------------------------------------------------------------------------------
[2022-08-04 23:30:54,947] {taskinstance.py:901} INFO - Executing <Task(SparkSubmitOperator): transform_twitter_flamengomalvadao> on 2022-07-31T09:00:00+00:00
[2022-08-04 23:30:54,954] {standard_task_runner.py:54} INFO - Started process 166362 to run task
[2022-08-04 23:30:55,089] {standard_task_runner.py:77} INFO - Running: ['airflow', 'run', 'twitter_dag', 'transform_twitter_flamengomalvadao', '2022-07-31T09:00:00+00:00', '--job_id', '118', '--pool', 'default_pool', '--raw', '-sd', 'DAGS_FOLDER/twitter_dag.py', '--cfg_path', '/tmp/tmpb7m4nq_b']
[2022-08-04 23:30:55,089] {standard_task_runner.py:78} INFO - Job 118: Subtask transform_twitter_flamengomalvadao
[2022-08-04 23:30:55,359] {logging_mixin.py:112} INFO - Running <TaskInstance: twitter_dag.transform_twitter_flamengomalvadao 2022-07-31T09:00:00+00:00 [running]> on host ama
[2022-08-04 23:30:55,451] {base_hook.py:89} INFO - Using connection to: id: spark_default. Host: local, Port: None, Schema: None, Login: None, Password: None, extra: XXXXXXXX
[2022-08-04 23:30:55,454] {spark_submit_hook.py:325} INFO - Spark-Submit cmd: /home/amadeus/Downloads/spark-3.3.0-bin-hadoop2/bin/spark-submit --master local --name twitter_transformation /home/amadeus/ama/airflow-pipeline-alura/datapipeline/spark/transfortmation.py --src /home/amadeus/ama/airflow-pipeline-alura/datapipeline/datalake/bronze/twitter_flamengomalvadao/extract_date=2022-07-31 --dest /home/amadeus/ama/airflow-pipeline-alura/datapipeline/datalake/silver/twitter_flamengomalvadao/ --process-date 2022-07-31
[2022-08-04 23:30:57,979] {spark_submit_hook.py:479} INFO - 22/08/04 23:30:57 WARN Utils: Your hostname, ama resolves to a loopback address: 127.0.1.1; using 192.168.0.20 instead (on interface wlo1)
[2022-08-04 23:30:57,982] {spark_submit_hook.py:479} INFO - 22/08/04 23:30:57 WARN Utils: Set SPARK_LOCAL_IP if you need to bind to another address
[2022-08-04 23:30:59,678] {spark_submit_hook.py:479} INFO - 22/08/04 23:30:59 INFO SparkContext: Running Spark version 3.3.0
[2022-08-04 23:30:59,867] {spark_submit_hook.py:479} INFO - 22/08/04 23:30:59 WARN NativeCodeLoader: Unable to load native-hadoop library for your platform... using builtin-java classes where applicable
[2022-08-04 23:31:00,010] {spark_submit_hook.py:479} INFO - 22/08/04 23:31:00 INFO ResourceUtils: ==============================================================
[2022-08-04 23:31:00,011] {spark_submit_hook.py:479} INFO - 22/08/04 23:31:00 INFO ResourceUtils: No custom resources configured for spark.driver.
[2022-08-04 23:31:00,011] {spark_submit_hook.py:479} INFO - 22/08/04 23:31:00 INFO ResourceUtils: ==============================================================
[2022-08-04 23:31:00,012] {spark_submit_hook.py:479} INFO - 22/08/04 23:31:00 INFO SparkContext: Submitted application: twitter_transformation
[2022-08-04 23:31:00,041] {spark_submit_hook.py:479} INFO - 22/08/04 23:31:00 INFO ResourceProfile: Default ResourceProfile created, executor resources: Map(cores -> name: cores, amount: 1, script: , vendor: , memory -> name: memory, amount: 1024, script: , vendor: , offHeap -> name: offHeap, amount: 0, script: , vendor: ), task resources: Map(cpus -> name: cpus, amount: 1.0)
[2022-08-04 23:31:00,060] {spark_submit_hook.py:479} INFO - 22/08/04 23:31:00 INFO ResourceProfile: Limiting resource is cpu
[2022-08-04 23:31:00,061] {spark_submit_hook.py:479} INFO - 22/08/04 23:31:00 INFO ResourceProfileManager: Added ResourceProfile id: 0
[2022-08-04 23:31:00,144] {spark_submit_hook.py:479} INFO - 22/08/04 23:31:00 INFO SecurityManager: Changing view acls to: amadeus
[2022-08-04 23:31:00,145] {spark_submit_hook.py:479} INFO - 22/08/04 23:31:00 INFO SecurityManager: Changing modify acls to: amadeus
[2022-08-04 23:31:00,145] {spark_submit_hook.py:479} INFO - 22/08/04 23:31:00 INFO SecurityManager: Changing view acls groups to:
[2022-08-04 23:31:00,146] {spark_submit_hook.py:479} INFO - 22/08/04 23:31:00 INFO SecurityManager: Changing modify acls groups to:
[2022-08-04 23:31:00,147] {spark_submit_hook.py:479} INFO - 22/08/04 23:31:00 INFO SecurityManager: SecurityManager: authentication disabled; ui acls disabled; users  with view permissions: Set(amadeus); groups with view permissions: Set(); users  with modify permissions: Set(amadeus); groups with modify permissions: Set()
[2022-08-04 23:31:00,641] {spark_submit_hook.py:479} INFO - 22/08/04 23:31:00 INFO Utils: Successfully started service 'sparkDriver' on port 45309.
[2022-08-04 23:31:00,681] {spark_submit_hook.py:479} INFO - 22/08/04 23:31:00 INFO SparkEnv: Registering MapOutputTracker
[2022-08-04 23:31:00,729] {spark_submit_hook.py:479} INFO - 22/08/04 23:31:00 INFO SparkEnv: Registering BlockManagerMaster
[2022-08-04 23:31:00,756] {spark_submit_hook.py:479} INFO - 22/08/04 23:31:00 INFO BlockManagerMasterEndpoint: Using org.apache.spark.storage.DefaultTopologyMapper for getting topology information
[2022-08-04 23:31:00,757] {spark_submit_hook.py:479} INFO - 22/08/04 23:31:00 INFO BlockManagerMasterEndpoint: BlockManagerMasterEndpoint up
[2022-08-04 23:31:00,763] {spark_submit_hook.py:479} INFO - 22/08/04 23:31:00 INFO SparkEnv: Registering BlockManagerMasterHeartbeat
[2022-08-04 23:31:00,795] {spark_submit_hook.py:479} INFO - 22/08/04 23:31:00 INFO DiskBlockManager: Created local directory at /tmp/blockmgr-75b50e5c-f761-4473-b6ab-b01b1a39b106
[2022-08-04 23:31:00,819] {spark_submit_hook.py:479} INFO - 22/08/04 23:31:00 INFO MemoryStore: MemoryStore started with capacity 434.4 MiB
[2022-08-04 23:31:00,841] {spark_submit_hook.py:479} INFO - 22/08/04 23:31:00 INFO SparkEnv: Registering OutputCommitCoordinator
[2022-08-04 23:31:01,185] {spark_submit_hook.py:479} INFO - 22/08/04 23:31:01 WARN Utils: Service 'SparkUI' could not bind on port 4040. Attempting port 4041.
[2022-08-04 23:31:01,196] {spark_submit_hook.py:479} INFO - 22/08/04 23:31:01 INFO Utils: Successfully started service 'SparkUI' on port 4041.
[2022-08-04 23:31:01,386] {spark_submit_hook.py:479} INFO - 22/08/04 23:31:01 INFO Executor: Starting executor ID driver on host 192.168.0.20
[2022-08-04 23:31:01,396] {spark_submit_hook.py:479} INFO - 22/08/04 23:31:01 INFO Executor: Starting executor with user classpath (userClassPathFirst = false): ''
[2022-08-04 23:31:01,420] {spark_submit_hook.py:479} INFO - 22/08/04 23:31:01 INFO Utils: Successfully started service 'org.apache.spark.network.netty.NettyBlockTransferService' on port 40909.
[2022-08-04 23:31:01,420] {spark_submit_hook.py:479} INFO - 22/08/04 23:31:01 INFO NettyBlockTransferService: Server created on 192.168.0.20:40909
[2022-08-04 23:31:01,422] {spark_submit_hook.py:479} INFO - 22/08/04 23:31:01 INFO BlockManager: Using org.apache.spark.storage.RandomBlockReplicationPolicy for block replication policy
[2022-08-04 23:31:01,431] {spark_submit_hook.py:479} INFO - 22/08/04 23:31:01 INFO BlockManagerMaster: Registering BlockManager BlockManagerId(driver, 192.168.0.20, 40909, None)
[2022-08-04 23:31:01,435] {spark_submit_hook.py:479} INFO - 22/08/04 23:31:01 INFO BlockManagerMasterEndpoint: Registering block manager 192.168.0.20:40909 with 434.4 MiB RAM, BlockManagerId(driver, 192.168.0.20, 40909, None)
[2022-08-04 23:31:01,438] {spark_submit_hook.py:479} INFO - 22/08/04 23:31:01 INFO BlockManagerMaster: Registered BlockManager BlockManagerId(driver, 192.168.0.20, 40909, None)
[2022-08-04 23:31:01,440] {spark_submit_hook.py:479} INFO - 22/08/04 23:31:01 INFO BlockManager: Initialized BlockManager: BlockManagerId(driver, 192.168.0.20, 40909, None)
[2022-08-04 23:31:02,163] {spark_submit_hook.py:479} INFO - 22/08/04 23:31:02 INFO SharedState: Setting hive.metastore.warehouse.dir ('null') to the value of spark.sql.warehouse.dir.
[2022-08-04 23:31:02,170] {spark_submit_hook.py:479} INFO - 22/08/04 23:31:02 INFO SharedState: Warehouse path is 'file:/home/amadeus/ama/airflow-pipeline-alura/datapipeline/spark-warehouse'.
[2022-08-04 23:31:03,234] {spark_submit_hook.py:479} INFO - 22/08/04 23:31:03 INFO InMemoryFileIndex: It took 50 ms to list leaf files for 1 paths.
[2022-08-04 23:31:03,330] {spark_submit_hook.py:479} INFO - 22/08/04 23:31:03 INFO InMemoryFileIndex: It took 2 ms to list leaf files for 1 paths.
[2022-08-04 23:31:05,849] {spark_submit_hook.py:479} INFO - 22/08/04 23:31:05 INFO FileSourceStrategy: Pushed Filters:
[2022-08-04 23:31:05,851] {spark_submit_hook.py:479} INFO - 22/08/04 23:31:05 INFO FileSourceStrategy: Post-Scan Filters:
[2022-08-04 23:31:05,855] {spark_submit_hook.py:479} INFO - 22/08/04 23:31:05 INFO FileSourceStrategy: Output Data Schema: struct<value: string>
[2022-08-04 23:31:06,261] {spark_submit_hook.py:479} INFO - 22/08/04 23:31:06 INFO MemoryStore: Block broadcast_0 stored as values in memory (estimated size 173.7 KiB, free 434.2 MiB)
[2022-08-04 23:31:06,344] {spark_submit_hook.py:479} INFO - 22/08/04 23:31:06 INFO MemoryStore: Block broadcast_0_piece0 stored as bytes in memory (estimated size 24.7 KiB, free 434.2 MiB)
[2022-08-04 23:31:06,349] {spark_submit_hook.py:479} INFO - 22/08/04 23:31:06 INFO BlockManagerInfo: Added broadcast_0_piece0 in memory on 192.168.0.20:40909 (size: 24.7 KiB, free: 434.4 MiB)
[2022-08-04 23:31:06,360] {spark_submit_hook.py:479} INFO - 22/08/04 23:31:06 INFO SparkContext: Created broadcast 0 from json at NativeMethodAccessorImpl.java:0
[2022-08-04 23:31:06,376] {spark_submit_hook.py:479} INFO - 22/08/04 23:31:06 INFO FileSourceScanExec: Planning scan with bin packing, max size: 4230527 bytes, open cost is considered as scanning 4194304 bytes.
[2022-08-04 23:31:06,669] {spark_submit_hook.py:479} INFO - 22/08/04 23:31:06 INFO SparkContext: Starting job: json at NativeMethodAccessorImpl.java:0
[2022-08-04 23:31:06,689] {spark_submit_hook.py:479} INFO - 22/08/04 23:31:06 INFO DAGScheduler: Got job 0 (json at NativeMethodAccessorImpl.java:0) with 1 output partitions
[2022-08-04 23:31:06,690] {spark_submit_hook.py:479} INFO - 22/08/04 23:31:06 INFO DAGScheduler: Final stage: ResultStage 0 (json at NativeMethodAccessorImpl.java:0)
[2022-08-04 23:31:06,690] {spark_submit_hook.py:479} INFO - 22/08/04 23:31:06 INFO DAGScheduler: Parents of final stage: List()
[2022-08-04 23:31:06,693] {spark_submit_hook.py:479} INFO - 22/08/04 23:31:06 INFO DAGScheduler: Missing parents: List()
[2022-08-04 23:31:06,700] {spark_submit_hook.py:479} INFO - 22/08/04 23:31:06 INFO DAGScheduler: Submitting ResultStage 0 (MapPartitionsRDD[3] at json at NativeMethodAccessorImpl.java:0), which has no missing parents
[2022-08-04 23:31:06,893] {spark_submit_hook.py:479} INFO - 22/08/04 23:31:06 INFO MemoryStore: Block broadcast_1 stored as values in memory (estimated size 14.5 KiB, free 434.2 MiB)
[2022-08-04 23:31:06,896] {spark_submit_hook.py:479} INFO - 22/08/04 23:31:06 INFO MemoryStore: Block broadcast_1_piece0 stored as bytes in memory (estimated size 7.0 KiB, free 434.2 MiB)
[2022-08-04 23:31:06,897] {spark_submit_hook.py:479} INFO - 22/08/04 23:31:06 INFO BlockManagerInfo: Added broadcast_1_piece0 in memory on 192.168.0.20:40909 (size: 7.0 KiB, free: 434.4 MiB)
[2022-08-04 23:31:06,898] {spark_submit_hook.py:479} INFO - 22/08/04 23:31:06 INFO SparkContext: Created broadcast 1 from broadcast at DAGScheduler.scala:1513
[2022-08-04 23:31:06,913] {spark_submit_hook.py:479} INFO - 22/08/04 23:31:06 INFO DAGScheduler: Submitting 1 missing tasks from ResultStage 0 (MapPartitionsRDD[3] at json at NativeMethodAccessorImpl.java:0) (first 15 tasks are for partitions Vector(0))
[2022-08-04 23:31:06,915] {spark_submit_hook.py:479} INFO - 22/08/04 23:31:06 INFO TaskSchedulerImpl: Adding task set 0.0 with 1 tasks resource profile 0
[2022-08-04 23:31:07,008] {spark_submit_hook.py:479} INFO - 22/08/04 23:31:07 INFO TaskSetManager: Starting task 0.0 in stage 0.0 (TID 0) (192.168.0.20, executor driver, partition 0, PROCESS_LOCAL, 5027 bytes) taskResourceAssignments Map()
[2022-08-04 23:31:07,046] {spark_submit_hook.py:479} INFO - 22/08/04 23:31:07 INFO Executor: Running task 0.0 in stage 0.0 (TID 0)
[2022-08-04 23:31:07,252] {spark_submit_hook.py:479} INFO - 22/08/04 23:31:07 INFO FileScanRDD: Reading File path: file:///home/amadeus/ama/airflow-pipeline-alura/datapipeline/datalake/bronze/twitter_flamengomalvadao/extract_date=2022-07-31/FlamengoMalvadao_20220731.json, range: 0-36223, partition values: [empty row]
[2022-08-04 23:31:07,498] {spark_submit_hook.py:479} INFO - 22/08/04 23:31:07 INFO CodeGenerator: Code generated in 199.933676 ms
[2022-08-04 23:31:07,593] {spark_submit_hook.py:479} INFO - 22/08/04 23:31:07 INFO Executor: Finished task 0.0 in stage 0.0 (TID 0). 2866 bytes result sent to driver
[2022-08-04 23:31:07,606] {spark_submit_hook.py:479} INFO - 22/08/04 23:31:07 INFO TaskSetManager: Finished task 0.0 in stage 0.0 (TID 0) in 624 ms on 192.168.0.20 (executor driver) (1/1)
[2022-08-04 23:31:07,609] {spark_submit_hook.py:479} INFO - 22/08/04 23:31:07 INFO TaskSchedulerImpl: Removed TaskSet 0.0, whose tasks have all completed, from pool
[2022-08-04 23:31:07,616] {spark_submit_hook.py:479} INFO - 22/08/04 23:31:07 INFO DAGScheduler: ResultStage 0 (json at NativeMethodAccessorImpl.java:0) finished in 0,889 s
[2022-08-04 23:31:07,620] {spark_submit_hook.py:479} INFO - 22/08/04 23:31:07 INFO DAGScheduler: Job 0 is finished. Cancelling potential speculative or zombie tasks for this job
[2022-08-04 23:31:07,621] {spark_submit_hook.py:479} INFO - 22/08/04 23:31:07 INFO TaskSchedulerImpl: Killing all running tasks in stage 0: Stage finished
[2022-08-04 23:31:07,624] {spark_submit_hook.py:479} INFO - 22/08/04 23:31:07 INFO DAGScheduler: Job 0 finished: json at NativeMethodAccessorImpl.java:0, took 0,954465 s
[2022-08-04 23:31:08,172] {spark_submit_hook.py:479} INFO - 22/08/04 23:31:08 INFO FileSourceStrategy: Pushed Filters: IsNotNull(data)
[2022-08-04 23:31:08,174] {spark_submit_hook.py:479} INFO - 22/08/04 23:31:08 INFO FileSourceStrategy: Post-Scan Filters: (size(data#8, true) > 0),isnotnull(data#8)
[2022-08-04 23:31:08,174] {spark_submit_hook.py:479} INFO - 22/08/04 23:31:08 INFO FileSourceStrategy: Output Data Schema: struct<data: array<struct<author_id:string,conversation_id:string,created_at:string,id:string,in_reply_to_user_id:string,public_metrics:struct<like_count:bigint,quote_count:bigint,reply_count:bigint,retweet_count:bigint>,text:string>>>
[2022-08-04 23:31:08,283] {spark_submit_hook.py:479} INFO - 22/08/04 23:31:08 INFO FileOutputCommitter: File Output Committer Algorithm version is 1
[2022-08-04 23:31:08,286] {spark_submit_hook.py:479} INFO - 22/08/04 23:31:08 INFO SQLHadoopMapReduceCommitProtocol: Using output committer class org.apache.hadoop.mapreduce.lib.output.FileOutputCommitter
[2022-08-04 23:31:08,518] {spark_submit_hook.py:479} INFO - 22/08/04 23:31:08 INFO CodeGenerator: Code generated in 127.026642 ms
[2022-08-04 23:31:08,531] {spark_submit_hook.py:479} INFO - 22/08/04 23:31:08 INFO MemoryStore: Block broadcast_2 stored as values in memory (estimated size 173.5 KiB, free 434.0 MiB)
[2022-08-04 23:31:08,549] {spark_submit_hook.py:479} INFO - 22/08/04 23:31:08 INFO MemoryStore: Block broadcast_2_piece0 stored as bytes in memory (estimated size 24.6 KiB, free 434.0 MiB)
[2022-08-04 23:31:08,551] {spark_submit_hook.py:479} INFO - 22/08/04 23:31:08 INFO BlockManagerInfo: Added broadcast_2_piece0 in memory on 192.168.0.20:40909 (size: 24.6 KiB, free: 434.3 MiB)
[2022-08-04 23:31:08,552] {spark_submit_hook.py:479} INFO - 22/08/04 23:31:08 INFO SparkContext: Created broadcast 2 from json at NativeMethodAccessorImpl.java:0
[2022-08-04 23:31:08,556] {spark_submit_hook.py:479} INFO - 22/08/04 23:31:08 INFO FileSourceScanExec: Planning scan with bin packing, max size: 4230527 bytes, open cost is considered as scanning 4194304 bytes.
[2022-08-04 23:31:08,637] {spark_submit_hook.py:479} INFO - 22/08/04 23:31:08 INFO SparkContext: Starting job: json at NativeMethodAccessorImpl.java:0
[2022-08-04 23:31:08,639] {spark_submit_hook.py:479} INFO - 22/08/04 23:31:08 INFO DAGScheduler: Got job 1 (json at NativeMethodAccessorImpl.java:0) with 1 output partitions
[2022-08-04 23:31:08,639] {spark_submit_hook.py:479} INFO - 22/08/04 23:31:08 INFO DAGScheduler: Final stage: ResultStage 1 (json at NativeMethodAccessorImpl.java:0)
[2022-08-04 23:31:08,639] {spark_submit_hook.py:479} INFO - 22/08/04 23:31:08 INFO DAGScheduler: Parents of final stage: List()
[2022-08-04 23:31:08,640] {spark_submit_hook.py:479} INFO - 22/08/04 23:31:08 INFO DAGScheduler: Missing parents: List()
[2022-08-04 23:31:08,641] {spark_submit_hook.py:479} INFO - 22/08/04 23:31:08 INFO DAGScheduler: Submitting ResultStage 1 (CoalescedRDD[7] at json at NativeMethodAccessorImpl.java:0), which has no missing parents
[2022-08-04 23:31:08,682] {spark_submit_hook.py:479} INFO - 22/08/04 23:31:08 INFO MemoryStore: Block broadcast_3 stored as values in memory (estimated size 175.8 KiB, free 433.8 MiB)
[2022-08-04 23:31:08,687] {spark_submit_hook.py:479} INFO - 22/08/04 23:31:08 INFO MemoryStore: Block broadcast_3_piece0 stored as bytes in memory (estimated size 60.9 KiB, free 433.8 MiB)
[2022-08-04 23:31:08,688] {spark_submit_hook.py:479} INFO - 22/08/04 23:31:08 INFO BlockManagerInfo: Added broadcast_3_piece0 in memory on 192.168.0.20:40909 (size: 60.9 KiB, free: 434.3 MiB)
[2022-08-04 23:31:08,689] {spark_submit_hook.py:479} INFO - 22/08/04 23:31:08 INFO SparkContext: Created broadcast 3 from broadcast at DAGScheduler.scala:1513
[2022-08-04 23:31:08,690] {spark_submit_hook.py:479} INFO - 22/08/04 23:31:08 INFO DAGScheduler: Submitting 1 missing tasks from ResultStage 1 (CoalescedRDD[7] at json at NativeMethodAccessorImpl.java:0) (first 15 tasks are for partitions Vector(0))
[2022-08-04 23:31:08,690] {spark_submit_hook.py:479} INFO - 22/08/04 23:31:08 INFO TaskSchedulerImpl: Adding task set 1.0 with 1 tasks resource profile 0
[2022-08-04 23:31:08,696] {spark_submit_hook.py:479} INFO - 22/08/04 23:31:08 INFO TaskSetManager: Starting task 0.0 in stage 1.0 (TID 1) (192.168.0.20, executor driver, partition 0, PROCESS_LOCAL, 5256 bytes) taskResourceAssignments Map()
[2022-08-04 23:31:08,697] {spark_submit_hook.py:479} INFO - 22/08/04 23:31:08 INFO Executor: Running task 0.0 in stage 1.0 (TID 1)
[2022-08-04 23:31:08,802] {spark_submit_hook.py:479} INFO - 22/08/04 23:31:08 INFO BlockManagerInfo: Removed broadcast_0_piece0 on 192.168.0.20:40909 in memory (size: 24.7 KiB, free: 434.3 MiB)
[2022-08-04 23:31:08,810] {spark_submit_hook.py:479} INFO - 22/08/04 23:31:08 INFO BlockManagerInfo: Removed broadcast_1_piece0 on 192.168.0.20:40909 in memory (size: 7.0 KiB, free: 434.3 MiB)
[2022-08-04 23:31:08,815] {spark_submit_hook.py:479} INFO - 22/08/04 23:31:08 INFO FileOutputCommitter: File Output Committer Algorithm version is 1
[2022-08-04 23:31:08,816] {spark_submit_hook.py:479} INFO - 22/08/04 23:31:08 INFO SQLHadoopMapReduceCommitProtocol: Using output committer class org.apache.hadoop.mapreduce.lib.output.FileOutputCommitter
[2022-08-04 23:31:08,855] {spark_submit_hook.py:479} INFO - 22/08/04 23:31:08 INFO FileScanRDD: Reading File path: file:///home/amadeus/ama/airflow-pipeline-alura/datapipeline/datalake/bronze/twitter_flamengomalvadao/extract_date=2022-07-31/FlamengoMalvadao_20220731.json, range: 0-36223, partition values: [empty row]
[2022-08-04 23:31:08,910] {spark_submit_hook.py:479} INFO - 22/08/04 23:31:08 INFO CodeGenerator: Code generated in 47.336384 ms
[2022-08-04 23:31:08,944] {spark_submit_hook.py:479} INFO - 22/08/04 23:31:08 INFO CodeGenerator: Code generated in 10.122575 ms
[2022-08-04 23:31:09,037] {spark_submit_hook.py:479} INFO - 22/08/04 23:31:09 INFO FileOutputCommitter: Saved output of task 'attempt_202208042331082704855182248668692_0001_m_000000_1' to file:/home/amadeus/ama/airflow-pipeline-alura/datapipeline/datalake/silver/twitter_flamengomalvadao/tweet/process_date=2022-07-31/_temporary/0/task_202208042331082704855182248668692_0001_m_000000
[2022-08-04 23:31:09,038] {spark_submit_hook.py:479} INFO - 22/08/04 23:31:09 INFO SparkHadoopMapRedUtil: attempt_202208042331082704855182248668692_0001_m_000000_1: Committed. Elapsed time: 1 ms.
[2022-08-04 23:31:09,047] {spark_submit_hook.py:479} INFO - 22/08/04 23:31:09 INFO Executor: Finished task 0.0 in stage 1.0 (TID 1). 2721 bytes result sent to driver
[2022-08-04 23:31:09,051] {spark_submit_hook.py:479} INFO - 22/08/04 23:31:09 INFO TaskSetManager: Finished task 0.0 in stage 1.0 (TID 1) in 358 ms on 192.168.0.20 (executor driver) (1/1)
[2022-08-04 23:31:09,051] {spark_submit_hook.py:479} INFO - 22/08/04 23:31:09 INFO TaskSchedulerImpl: Removed TaskSet 1.0, whose tasks have all completed, from pool
[2022-08-04 23:31:09,053] {spark_submit_hook.py:479} INFO - 22/08/04 23:31:09 INFO DAGScheduler: ResultStage 1 (json at NativeMethodAccessorImpl.java:0) finished in 0,409 s
[2022-08-04 23:31:09,053] {spark_submit_hook.py:479} INFO - 22/08/04 23:31:09 INFO DAGScheduler: Job 1 is finished. Cancelling potential speculative or zombie tasks for this job
[2022-08-04 23:31:09,053] {spark_submit_hook.py:479} INFO - 22/08/04 23:31:09 INFO TaskSchedulerImpl: Killing all running tasks in stage 1: Stage finished
[2022-08-04 23:31:09,055] {spark_submit_hook.py:479} INFO - 22/08/04 23:31:09 INFO DAGScheduler: Job 1 finished: json at NativeMethodAccessorImpl.java:0, took 0,417304 s
[2022-08-04 23:31:09,058] {spark_submit_hook.py:479} INFO - 22/08/04 23:31:09 INFO FileFormatWriter: Start to commit write Job 1a43a379-f2d9-4f2f-8f4b-bf0e0fc52469.
[2022-08-04 23:31:09,080] {spark_submit_hook.py:479} INFO - 22/08/04 23:31:09 INFO FileFormatWriter: Write Job 1a43a379-f2d9-4f2f-8f4b-bf0e0fc52469 committed. Elapsed time: 20 ms.
[2022-08-04 23:31:09,084] {spark_submit_hook.py:479} INFO - 22/08/04 23:31:09 INFO FileFormatWriter: Finished processing stats for write job 1a43a379-f2d9-4f2f-8f4b-bf0e0fc52469.
[2022-08-04 23:31:09,131] {spark_submit_hook.py:479} INFO - 22/08/04 23:31:09 INFO FileSourceStrategy: Pushed Filters:
[2022-08-04 23:31:09,132] {spark_submit_hook.py:479} INFO - 22/08/04 23:31:09 INFO FileSourceStrategy: Post-Scan Filters:
[2022-08-04 23:31:09,132] {spark_submit_hook.py:479} INFO - 22/08/04 23:31:09 INFO FileSourceStrategy: Output Data Schema: struct<includes: struct<users: array<struct<created_at:string,id:string,name:string,username:string>>>>
[2022-08-04 23:31:09,145] {spark_submit_hook.py:479} INFO - 22/08/04 23:31:09 INFO FileOutputCommitter: File Output Committer Algorithm version is 1
[2022-08-04 23:31:09,146] {spark_submit_hook.py:479} INFO - 22/08/04 23:31:09 INFO SQLHadoopMapReduceCommitProtocol: Using output committer class org.apache.hadoop.mapreduce.lib.output.FileOutputCommitter
[2022-08-04 23:31:09,174] {spark_submit_hook.py:479} INFO - 22/08/04 23:31:09 INFO CodeGenerator: Code generated in 19.032984 ms
[2022-08-04 23:31:09,180] {spark_submit_hook.py:479} INFO - 22/08/04 23:31:09 INFO MemoryStore: Block broadcast_4 stored as values in memory (estimated size 173.5 KiB, free 433.8 MiB)
[2022-08-04 23:31:09,192] {spark_submit_hook.py:479} INFO - 22/08/04 23:31:09 INFO MemoryStore: Block broadcast_4_piece0 stored as bytes in memory (estimated size 24.6 KiB, free 433.8 MiB)
[2022-08-04 23:31:09,193] {spark_submit_hook.py:479} INFO - 22/08/04 23:31:09 INFO BlockManagerInfo: Added broadcast_4_piece0 in memory on 192.168.0.20:40909 (size: 24.6 KiB, free: 434.3 MiB)
[2022-08-04 23:31:09,194] {spark_submit_hook.py:479} INFO - 22/08/04 23:31:09 INFO SparkContext: Created broadcast 4 from json at NativeMethodAccessorImpl.java:0
[2022-08-04 23:31:09,196] {spark_submit_hook.py:479} INFO - 22/08/04 23:31:09 INFO FileSourceScanExec: Planning scan with bin packing, max size: 4230527 bytes, open cost is considered as scanning 4194304 bytes.
[2022-08-04 23:31:09,223] {spark_submit_hook.py:479} INFO - 22/08/04 23:31:09 INFO SparkContext: Starting job: json at NativeMethodAccessorImpl.java:0
[2022-08-04 23:31:09,225] {spark_submit_hook.py:479} INFO - 22/08/04 23:31:09 INFO DAGScheduler: Got job 2 (json at NativeMethodAccessorImpl.java:0) with 1 output partitions
[2022-08-04 23:31:09,225] {spark_submit_hook.py:479} INFO - 22/08/04 23:31:09 INFO DAGScheduler: Final stage: ResultStage 2 (json at NativeMethodAccessorImpl.java:0)
[2022-08-04 23:31:09,225] {spark_submit_hook.py:479} INFO - 22/08/04 23:31:09 INFO DAGScheduler: Parents of final stage: List()
[2022-08-04 23:31:09,226] {spark_submit_hook.py:479} INFO - 22/08/04 23:31:09 INFO DAGScheduler: Missing parents: List()
[2022-08-04 23:31:09,227] {spark_submit_hook.py:479} INFO - 22/08/04 23:31:09 INFO DAGScheduler: Submitting ResultStage 2 (CoalescedRDD[11] at json at NativeMethodAccessorImpl.java:0), which has no missing parents
[2022-08-04 23:31:09,258] {spark_submit_hook.py:479} INFO - 22/08/04 23:31:09 INFO MemoryStore: Block broadcast_5 stored as values in memory (estimated size 161.1 KiB, free 433.6 MiB)
[2022-08-04 23:31:09,262] {spark_submit_hook.py:479} INFO - 22/08/04 23:31:09 INFO MemoryStore: Block broadcast_5_piece0 stored as bytes in memory (estimated size 57.8 KiB, free 433.6 MiB)
[2022-08-04 23:31:09,263] {spark_submit_hook.py:479} INFO - 22/08/04 23:31:09 INFO BlockManagerInfo: Added broadcast_5_piece0 in memory on 192.168.0.20:40909 (size: 57.8 KiB, free: 434.2 MiB)
[2022-08-04 23:31:09,264] {spark_submit_hook.py:479} INFO - 22/08/04 23:31:09 INFO SparkContext: Created broadcast 5 from broadcast at DAGScheduler.scala:1513
[2022-08-04 23:31:09,265] {spark_submit_hook.py:479} INFO - 22/08/04 23:31:09 INFO DAGScheduler: Submitting 1 missing tasks from ResultStage 2 (CoalescedRDD[11] at json at NativeMethodAccessorImpl.java:0) (first 15 tasks are for partitions Vector(0))
[2022-08-04 23:31:09,265] {spark_submit_hook.py:479} INFO - 22/08/04 23:31:09 INFO TaskSchedulerImpl: Adding task set 2.0 with 1 tasks resource profile 0
[2022-08-04 23:31:09,267] {spark_submit_hook.py:479} INFO - 22/08/04 23:31:09 INFO TaskSetManager: Starting task 0.0 in stage 2.0 (TID 2) (192.168.0.20, executor driver, partition 0, PROCESS_LOCAL, 5256 bytes) taskResourceAssignments Map()
[2022-08-04 23:31:09,268] {spark_submit_hook.py:479} INFO - 22/08/04 23:31:09 INFO Executor: Running task 0.0 in stage 2.0 (TID 2)
[2022-08-04 23:31:09,303] {spark_submit_hook.py:479} INFO - 22/08/04 23:31:09 INFO FileOutputCommitter: File Output Committer Algorithm version is 1
[2022-08-04 23:31:09,304] {spark_submit_hook.py:479} INFO - 22/08/04 23:31:09 INFO SQLHadoopMapReduceCommitProtocol: Using output committer class org.apache.hadoop.mapreduce.lib.output.FileOutputCommitter
[2022-08-04 23:31:09,316] {spark_submit_hook.py:479} INFO - 22/08/04 23:31:09 INFO FileScanRDD: Reading File path: file:///home/amadeus/ama/airflow-pipeline-alura/datapipeline/datalake/bronze/twitter_flamengomalvadao/extract_date=2022-07-31/FlamengoMalvadao_20220731.json, range: 0-36223, partition values: [empty row]
[2022-08-04 23:31:09,348] {spark_submit_hook.py:479} INFO - 22/08/04 23:31:09 INFO CodeGenerator: Code generated in 26.277914 ms
[2022-08-04 23:31:09,369] {spark_submit_hook.py:479} INFO - 22/08/04 23:31:09 INFO FileOutputCommitter: Saved output of task 'attempt_202208042331092844549488607868715_0002_m_000000_2' to file:/home/amadeus/ama/airflow-pipeline-alura/datapipeline/datalake/silver/twitter_flamengomalvadao/user/process_date=2022-07-31/_temporary/0/task_202208042331092844549488607868715_0002_m_000000
[2022-08-04 23:31:09,369] {spark_submit_hook.py:479} INFO - 22/08/04 23:31:09 INFO SparkHadoopMapRedUtil: attempt_202208042331092844549488607868715_0002_m_000000_2: Committed. Elapsed time: 1 ms.
[2022-08-04 23:31:09,371] {spark_submit_hook.py:479} INFO - 22/08/04 23:31:09 INFO Executor: Finished task 0.0 in stage 2.0 (TID 2). 2579 bytes result sent to driver
[2022-08-04 23:31:09,373] {spark_submit_hook.py:479} INFO - 22/08/04 23:31:09 INFO TaskSetManager: Finished task 0.0 in stage 2.0 (TID 2) in 107 ms on 192.168.0.20 (executor driver) (1/1)
[2022-08-04 23:31:09,374] {spark_submit_hook.py:479} INFO - 22/08/04 23:31:09 INFO TaskSchedulerImpl: Removed TaskSet 2.0, whose tasks have all completed, from pool
[2022-08-04 23:31:09,375] {spark_submit_hook.py:479} INFO - 22/08/04 23:31:09 INFO DAGScheduler: ResultStage 2 (json at NativeMethodAccessorImpl.java:0) finished in 0,145 s
[2022-08-04 23:31:09,375] {spark_submit_hook.py:479} INFO - 22/08/04 23:31:09 INFO DAGScheduler: Job 2 is finished. Cancelling potential speculative or zombie tasks for this job
[2022-08-04 23:31:09,375] {spark_submit_hook.py:479} INFO - 22/08/04 23:31:09 INFO TaskSchedulerImpl: Killing all running tasks in stage 2: Stage finished
[2022-08-04 23:31:09,376] {spark_submit_hook.py:479} INFO - 22/08/04 23:31:09 INFO DAGScheduler: Job 2 finished: json at NativeMethodAccessorImpl.java:0, took 0,151912 s
[2022-08-04 23:31:09,377] {spark_submit_hook.py:479} INFO - 22/08/04 23:31:09 INFO FileFormatWriter: Start to commit write Job e79728c7-e32f-4682-8a8c-066ef01a12a8.
[2022-08-04 23:31:09,386] {spark_submit_hook.py:479} INFO - 22/08/04 23:31:09 INFO FileFormatWriter: Write Job e79728c7-e32f-4682-8a8c-066ef01a12a8 committed. Elapsed time: 9 ms.
[2022-08-04 23:31:09,387] {spark_submit_hook.py:479} INFO - 22/08/04 23:31:09 INFO FileFormatWriter: Finished processing stats for write job e79728c7-e32f-4682-8a8c-066ef01a12a8.
[2022-08-04 23:31:09,430] {spark_submit_hook.py:479} INFO - 22/08/04 23:31:09 INFO SparkContext: Invoking stop() from shutdown hook
[2022-08-04 23:31:09,442] {spark_submit_hook.py:479} INFO - 22/08/04 23:31:09 INFO SparkUI: Stopped Spark web UI at http://192.168.0.20:4041
[2022-08-04 23:31:09,458] {spark_submit_hook.py:479} INFO - 22/08/04 23:31:09 INFO MapOutputTrackerMasterEndpoint: MapOutputTrackerMasterEndpoint stopped!
[2022-08-04 23:31:09,468] {spark_submit_hook.py:479} INFO - 22/08/04 23:31:09 INFO MemoryStore: MemoryStore cleared
[2022-08-04 23:31:09,469] {spark_submit_hook.py:479} INFO - 22/08/04 23:31:09 INFO BlockManager: BlockManager stopped
[2022-08-04 23:31:09,474] {spark_submit_hook.py:479} INFO - 22/08/04 23:31:09 INFO BlockManagerMaster: BlockManagerMaster stopped
[2022-08-04 23:31:09,478] {spark_submit_hook.py:479} INFO - 22/08/04 23:31:09 INFO OutputCommitCoordinator$OutputCommitCoordinatorEndpoint: OutputCommitCoordinator stopped!
[2022-08-04 23:31:09,482] {spark_submit_hook.py:479} INFO - 22/08/04 23:31:09 INFO SparkContext: Successfully stopped SparkContext
[2022-08-04 23:31:09,483] {spark_submit_hook.py:479} INFO - 22/08/04 23:31:09 INFO ShutdownHookManager: Shutdown hook called
[2022-08-04 23:31:09,483] {spark_submit_hook.py:479} INFO - 22/08/04 23:31:09 INFO ShutdownHookManager: Deleting directory /tmp/spark-7cea78d2-26da-4dbc-8d5f-22895e64c893
[2022-08-04 23:31:09,486] {spark_submit_hook.py:479} INFO - 22/08/04 23:31:09 INFO ShutdownHookManager: Deleting directory /tmp/spark-7cea78d2-26da-4dbc-8d5f-22895e64c893/pyspark-b7c79960-64bd-4d72-b496-a0a2e4602523
[2022-08-04 23:31:09,487] {spark_submit_hook.py:479} INFO - 22/08/04 23:31:09 INFO ShutdownHookManager: Deleting directory /tmp/spark-0c677d83-6386-4d1a-a921-1345771c19a3
[2022-08-04 23:31:09,775] {taskinstance.py:1057} INFO - Marking task as SUCCESS.dag_id=twitter_dag, task_id=transform_twitter_flamengomalvadao, execution_date=20220731T090000, start_date=20220805T023054, end_date=20220805T023109
[2022-08-04 23:31:14,367] {local_task_job.py:102} INFO - Task exited with return code 0
