[2022-08-04 23:21:27,465] {taskinstance.py:670} INFO - Dependencies all met for <TaskInstance: twitter_dag.twitter_flamengomalvadao 2022-08-01T09:00:00+00:00 [queued]>
[2022-08-04 23:21:27,489] {taskinstance.py:670} INFO - Dependencies all met for <TaskInstance: twitter_dag.twitter_flamengomalvadao 2022-08-01T09:00:00+00:00 [queued]>
[2022-08-04 23:21:27,490] {taskinstance.py:880} INFO - 
--------------------------------------------------------------------------------
[2022-08-04 23:21:27,490] {taskinstance.py:881} INFO - Starting attempt 7 of 7
[2022-08-04 23:21:27,490] {taskinstance.py:882} INFO - 
--------------------------------------------------------------------------------
[2022-08-04 23:21:27,709] {taskinstance.py:901} INFO - Executing <Task(TwitterOperator): twitter_flamengomalvadao> on 2022-08-01T09:00:00+00:00
[2022-08-04 23:21:27,712] {standard_task_runner.py:54} INFO - Started process 162800 to run task
[2022-08-04 23:21:27,817] {standard_task_runner.py:77} INFO - Running: ['airflow', 'run', 'twitter_dag', 'twitter_flamengomalvadao', '2022-08-01T09:00:00+00:00', '--job_id', '101', '--pool', 'default_pool', '--raw', '-sd', 'DAGS_FOLDER/twitter_dag.py', '--cfg_path', '/tmp/tmpryba36rn']
[2022-08-04 23:21:27,818] {standard_task_runner.py:78} INFO - Job 101: Subtask twitter_flamengomalvadao
[2022-08-04 23:21:28,195] {logging_mixin.py:112} INFO - Running <TaskInstance: twitter_dag.twitter_flamengomalvadao 2022-08-01T09:00:00+00:00 [running]> on host ama
[2022-08-04 23:21:28,299] {base_hook.py:89} INFO - Using connection to: id: twitter_default. Host: https://api.twitter.com, Port: None, Schema: None, Login: None, Password: None, extra: XXXXXXXX
[2022-08-04 23:21:28,302] {twitter_hook.py:36} INFO - URL: https://api.twitter.com/2/tweets/search/recent?query=FlamengoMalvadao&tweet.fields=author_id,conversation_id,created_at,id,in_reply_to_user_id,public_metrics,text&expansions=author_id&user.fields=id,name,username,created_at&start_time=2022-08-01T09:00:00.00Z&end_time=2022-08-02T09:00:00.00Z
[2022-08-04 23:21:28,623] {logging_mixin.py:112} WARNING - /home/amadeus/ama/airflow-pipeline-alura/datapipeline/.env/lib/python3.8/site-packages/urllib3/connectionpool.py:981: InsecureRequestWarning: Unverified HTTPS request is being made to host 'api.twitter.com'. Adding certificate verification is strongly advised. See: https://urllib3.readthedocs.io/en/latest/advanced-usage.html#ssl-warnings
  warnings.warn(
[2022-08-04 23:21:29,040] {twitter_hook.py:36} INFO - URL: https://api.twitter.com/2/tweets/search/recent?query=FlamengoMalvadao&tweet.fields=author_id,conversation_id,created_at,id,in_reply_to_user_id,public_metrics,text&expansions=author_id&user.fields=id,name,username,created_at&start_time=2022-08-01T09:00:00.00Z&end_time=2022-08-02T09:00:00.00Z&next_token=b26v89c19zqg8o3fpz5lst6hmsttusuku6jd5tar4izjx
[2022-08-04 23:21:29,042] {logging_mixin.py:112} WARNING - /home/amadeus/ama/airflow-pipeline-alura/datapipeline/.env/lib/python3.8/site-packages/urllib3/connectionpool.py:981: InsecureRequestWarning: Unverified HTTPS request is being made to host 'api.twitter.com'. Adding certificate verification is strongly advised. See: https://urllib3.readthedocs.io/en/latest/advanced-usage.html#ssl-warnings
  warnings.warn(
[2022-08-04 23:21:29,342] {twitter_hook.py:36} INFO - URL: https://api.twitter.com/2/tweets/search/recent?query=FlamengoMalvadao&tweet.fields=author_id,conversation_id,created_at,id,in_reply_to_user_id,public_metrics,text&expansions=author_id&user.fields=id,name,username,created_at&start_time=2022-08-01T09:00:00.00Z&end_time=2022-08-02T09:00:00.00Z&next_token=b26v89c19zqg8o3fpz5lst4e9wr9tksg5cb2kex3fpoql
[2022-08-04 23:21:29,344] {logging_mixin.py:112} WARNING - /home/amadeus/ama/airflow-pipeline-alura/datapipeline/.env/lib/python3.8/site-packages/urllib3/connectionpool.py:981: InsecureRequestWarning: Unverified HTTPS request is being made to host 'api.twitter.com'. Adding certificate verification is strongly advised. See: https://urllib3.readthedocs.io/en/latest/advanced-usage.html#ssl-warnings
  warnings.warn(
[2022-08-04 23:21:29,650] {twitter_hook.py:36} INFO - URL: https://api.twitter.com/2/tweets/search/recent?query=FlamengoMalvadao&tweet.fields=author_id,conversation_id,created_at,id,in_reply_to_user_id,public_metrics,text&expansions=author_id&user.fields=id,name,username,created_at&start_time=2022-08-01T09:00:00.00Z&end_time=2022-08-02T09:00:00.00Z&next_token=b26v89c19zqg8o3fpz5lst435b4gcbtwvdaoy3mrtomf1
[2022-08-04 23:21:29,652] {logging_mixin.py:112} WARNING - /home/amadeus/ama/airflow-pipeline-alura/datapipeline/.env/lib/python3.8/site-packages/urllib3/connectionpool.py:981: InsecureRequestWarning: Unverified HTTPS request is being made to host 'api.twitter.com'. Adding certificate verification is strongly advised. See: https://urllib3.readthedocs.io/en/latest/advanced-usage.html#ssl-warnings
  warnings.warn(
[2022-08-04 23:21:29,957] {twitter_hook.py:36} INFO - URL: https://api.twitter.com/2/tweets/search/recent?query=FlamengoMalvadao&tweet.fields=author_id,conversation_id,created_at,id,in_reply_to_user_id,public_metrics,text&expansions=author_id&user.fields=id,name,username,created_at&start_time=2022-08-01T09:00:00.00Z&end_time=2022-08-02T09:00:00.00Z&next_token=b26v89c19zqg8o3fpz5lsr1gnjxhu15cg8pc97vqhihkt
[2022-08-04 23:21:29,958] {logging_mixin.py:112} WARNING - /home/amadeus/ama/airflow-pipeline-alura/datapipeline/.env/lib/python3.8/site-packages/urllib3/connectionpool.py:981: InsecureRequestWarning: Unverified HTTPS request is being made to host 'api.twitter.com'. Adding certificate verification is strongly advised. See: https://urllib3.readthedocs.io/en/latest/advanced-usage.html#ssl-warnings
  warnings.warn(
[2022-08-04 23:21:30,189] {twitter_hook.py:36} INFO - URL: https://api.twitter.com/2/tweets/search/recent?query=FlamengoMalvadao&tweet.fields=author_id,conversation_id,created_at,id,in_reply_to_user_id,public_metrics,text&expansions=author_id&user.fields=id,name,username,created_at&start_time=2022-08-01T09:00:00.00Z&end_time=2022-08-02T09:00:00.00Z&next_token=b26v89c19zqg8o3fpz5lsr09nx5354p15xg733tskh1tp
[2022-08-04 23:21:30,190] {logging_mixin.py:112} WARNING - /home/amadeus/ama/airflow-pipeline-alura/datapipeline/.env/lib/python3.8/site-packages/urllib3/connectionpool.py:981: InsecureRequestWarning: Unverified HTTPS request is being made to host 'api.twitter.com'. Adding certificate verification is strongly advised. See: https://urllib3.readthedocs.io/en/latest/advanced-usage.html#ssl-warnings
  warnings.warn(
[2022-08-04 23:21:30,480] {taskinstance.py:1057} INFO - Marking task as SUCCESS.dag_id=twitter_dag, task_id=twitter_flamengomalvadao, execution_date=20220801T090000, start_date=20220805T022127, end_date=20220805T022130
[2022-08-04 23:21:32,264] {local_task_job.py:102} INFO - Task exited with return code 0
