[2022-08-04 13:03:06,570] {taskinstance.py:670} INFO - Dependencies all met for <TaskInstance: twitter_dag.twitter_flamengomalvadao 2022-07-31T09:00:00+00:00 [queued]>
[2022-08-04 13:03:06,597] {taskinstance.py:670} INFO - Dependencies all met for <TaskInstance: twitter_dag.twitter_flamengomalvadao 2022-07-31T09:00:00+00:00 [queued]>
[2022-08-04 13:03:06,598] {taskinstance.py:880} INFO - 
--------------------------------------------------------------------------------
[2022-08-04 13:03:06,598] {taskinstance.py:881} INFO - Starting attempt 2 of 2
[2022-08-04 13:03:06,598] {taskinstance.py:882} INFO - 
--------------------------------------------------------------------------------
[2022-08-04 13:03:06,892] {taskinstance.py:901} INFO - Executing <Task(TwitterOperator): twitter_flamengomalvadao> on 2022-07-31T09:00:00+00:00
[2022-08-04 13:03:06,895] {standard_task_runner.py:54} INFO - Started process 138378 to run task
[2022-08-04 13:03:06,966] {standard_task_runner.py:77} INFO - Running: ['airflow', 'run', 'twitter_dag', 'twitter_flamengomalvadao', '2022-07-31T09:00:00+00:00', '--job_id', '54', '--pool', 'default_pool', '--raw', '-sd', 'DAGS_FOLDER/twitter_dag.py', '--cfg_path', '/tmp/tmpujuh8muy']
[2022-08-04 13:03:06,967] {standard_task_runner.py:78} INFO - Job 54: Subtask twitter_flamengomalvadao
[2022-08-04 13:03:07,313] {logging_mixin.py:112} INFO - Running <TaskInstance: twitter_dag.twitter_flamengomalvadao 2022-07-31T09:00:00+00:00 [running]> on host ama
[2022-08-04 13:03:07,932] {base_hook.py:89} INFO - Using connection to: id: twitter_default. Host: https://api.twitter.com, Port: None, Schema: None, Login: None, Password: None, extra: XXXXXXXX
[2022-08-04 13:03:07,938] {twitter_hook.py:36} INFO - URL: https://api.twitter.com/2/tweets/search/recent?query=FlamengoMalvadao&tweet.fields=author_id,conversation_id,created_at,id,in_reply_to_user_id,public_metrics,text&expansions=author_id&user.fields=id,name,username,created_at&start_time=2022-07-31T09:00:00.00Z&end_time=2022-08-01T09:00:00.00Z
[2022-08-04 13:03:08,115] {logging_mixin.py:112} WARNING - /home/amadeus/ama/airflow-pipeline-alura/datapipeline/.env/lib/python3.8/site-packages/urllib3/connectionpool.py:981: InsecureRequestWarning: Unverified HTTPS request is being made to host 'api.twitter.com'. Adding certificate verification is strongly advised. See: https://urllib3.readthedocs.io/en/latest/advanced-usage.html#ssl-warnings
  warnings.warn(
[2022-08-04 13:03:08,509] {twitter_hook.py:36} INFO - URL: https://api.twitter.com/2/tweets/search/recent?query=FlamengoMalvadao&tweet.fields=author_id,conversation_id,created_at,id,in_reply_to_user_id,public_metrics,text&expansions=author_id&user.fields=id,name,username,created_at&start_time=2022-07-31T09:00:00.00Z&end_time=2022-08-01T09:00:00.00Z&next_token=b26v89c19zqg8o3fpz5le2f8n9qedazy49lomeycswosd
[2022-08-04 13:03:08,511] {logging_mixin.py:112} WARNING - /home/amadeus/ama/airflow-pipeline-alura/datapipeline/.env/lib/python3.8/site-packages/urllib3/connectionpool.py:981: InsecureRequestWarning: Unverified HTTPS request is being made to host 'api.twitter.com'. Adding certificate verification is strongly advised. See: https://urllib3.readthedocs.io/en/latest/advanced-usage.html#ssl-warnings
  warnings.warn(
[2022-08-04 13:03:08,911] {twitter_hook.py:36} INFO - URL: https://api.twitter.com/2/tweets/search/recent?query=FlamengoMalvadao&tweet.fields=author_id,conversation_id,created_at,id,in_reply_to_user_id,public_metrics,text&expansions=author_id&user.fields=id,name,username,created_at&start_time=2022-07-31T09:00:00.00Z&end_time=2022-08-01T09:00:00.00Z&next_token=b26v89c19zqg8o3fpz5le0cltbflnwvw9pa30lvokbbzx
[2022-08-04 13:03:08,913] {logging_mixin.py:112} WARNING - /home/amadeus/ama/airflow-pipeline-alura/datapipeline/.env/lib/python3.8/site-packages/urllib3/connectionpool.py:981: InsecureRequestWarning: Unverified HTTPS request is being made to host 'api.twitter.com'. Adding certificate verification is strongly advised. See: https://urllib3.readthedocs.io/en/latest/advanced-usage.html#ssl-warnings
  warnings.warn(
[2022-08-04 13:03:09,322] {twitter_hook.py:36} INFO - URL: https://api.twitter.com/2/tweets/search/recent?query=FlamengoMalvadao&tweet.fields=author_id,conversation_id,created_at,id,in_reply_to_user_id,public_metrics,text&expansions=author_id&user.fields=id,name,username,created_at&start_time=2022-07-31T09:00:00.00Z&end_time=2022-08-01T09:00:00.00Z&next_token=b26v89c19zqg8o3fpz5le0b4191oqtbw8s7yf5lmstfnh
[2022-08-04 13:03:09,323] {logging_mixin.py:112} WARNING - /home/amadeus/ama/airflow-pipeline-alura/datapipeline/.env/lib/python3.8/site-packages/urllib3/connectionpool.py:981: InsecureRequestWarning: Unverified HTTPS request is being made to host 'api.twitter.com'. Adding certificate verification is strongly advised. See: https://urllib3.readthedocs.io/en/latest/advanced-usage.html#ssl-warnings
  warnings.warn(
[2022-08-04 13:03:09,726] {twitter_hook.py:36} INFO - URL: https://api.twitter.com/2/tweets/search/recent?query=FlamengoMalvadao&tweet.fields=author_id,conversation_id,created_at,id,in_reply_to_user_id,public_metrics,text&expansions=author_id&user.fields=id,name,username,created_at&start_time=2022-07-31T09:00:00.00Z&end_time=2022-08-01T09:00:00.00Z&next_token=b26v89c19zqg8o3fpz5le0aihx4unp74o9lmyywok130d
[2022-08-04 13:03:09,727] {logging_mixin.py:112} WARNING - /home/amadeus/ama/airflow-pipeline-alura/datapipeline/.env/lib/python3.8/site-packages/urllib3/connectionpool.py:981: InsecureRequestWarning: Unverified HTTPS request is being made to host 'api.twitter.com'. Adding certificate verification is strongly advised. See: https://urllib3.readthedocs.io/en/latest/advanced-usage.html#ssl-warnings
  warnings.warn(
[2022-08-04 13:03:10,140] {twitter_hook.py:36} INFO - URL: https://api.twitter.com/2/tweets/search/recent?query=FlamengoMalvadao&tweet.fields=author_id,conversation_id,created_at,id,in_reply_to_user_id,public_metrics,text&expansions=author_id&user.fields=id,name,username,created_at&start_time=2022-07-31T09:00:00.00Z&end_time=2022-08-01T09:00:00.00Z&next_token=b26v89c19zqg8o3fpz5ldy7vu268wn37q8d4yigazsi9p
[2022-08-04 13:03:10,142] {logging_mixin.py:112} WARNING - /home/amadeus/ama/airflow-pipeline-alura/datapipeline/.env/lib/python3.8/site-packages/urllib3/connectionpool.py:981: InsecureRequestWarning: Unverified HTTPS request is being made to host 'api.twitter.com'. Adding certificate verification is strongly advised. See: https://urllib3.readthedocs.io/en/latest/advanced-usage.html#ssl-warnings
  warnings.warn(
[2022-08-04 13:03:10,457] {twitter_hook.py:36} INFO - URL: https://api.twitter.com/2/tweets/search/recent?query=FlamengoMalvadao&tweet.fields=author_id,conversation_id,created_at,id,in_reply_to_user_id,public_metrics,text&expansions=author_id&user.fields=id,name,username,created_at&start_time=2022-07-31T09:00:00.00Z&end_time=2022-08-01T09:00:00.00Z&next_token=b26v89c19zqg8o3fpz5ldy5s4zf6mg1boh2r84g3hq3r1
[2022-08-04 13:03:10,459] {logging_mixin.py:112} WARNING - /home/amadeus/ama/airflow-pipeline-alura/datapipeline/.env/lib/python3.8/site-packages/urllib3/connectionpool.py:981: InsecureRequestWarning: Unverified HTTPS request is being made to host 'api.twitter.com'. Adding certificate verification is strongly advised. See: https://urllib3.readthedocs.io/en/latest/advanced-usage.html#ssl-warnings
  warnings.warn(
[2022-08-04 13:03:10,731] {taskinstance.py:1057} INFO - Marking task as SUCCESS.dag_id=twitter_dag, task_id=twitter_flamengomalvadao, execution_date=20220731T090000, start_date=20220804T160306, end_date=20220804T160310
[2022-08-04 13:03:15,110] {local_task_job.py:102} INFO - Task exited with return code 0
