[2022-08-04 17:16:34,807] {taskinstance.py:670} INFO - Dependencies all met for <TaskInstance: twitter_dag.twitter_flamengomalvadao 2022-07-31T09:00:00+00:00 [queued]>
[2022-08-04 17:16:34,820] {taskinstance.py:670} INFO - Dependencies all met for <TaskInstance: twitter_dag.twitter_flamengomalvadao 2022-07-31T09:00:00+00:00 [queued]>
[2022-08-04 17:16:34,820] {taskinstance.py:880} INFO - 
--------------------------------------------------------------------------------
[2022-08-04 17:16:34,820] {taskinstance.py:881} INFO - Starting attempt 5 of 5
[2022-08-04 17:16:34,820] {taskinstance.py:882} INFO - 
--------------------------------------------------------------------------------
[2022-08-04 17:16:35,082] {taskinstance.py:901} INFO - Executing <Task(TwitterOperator): twitter_flamengomalvadao> on 2022-07-31T09:00:00+00:00
[2022-08-04 17:16:35,085] {standard_task_runner.py:54} INFO - Started process 154286 to run task
[2022-08-04 17:16:35,136] {standard_task_runner.py:77} INFO - Running: ['airflow', 'run', 'twitter_dag', 'twitter_flamengomalvadao', '2022-07-31T09:00:00+00:00', '--job_id', '87', '--pool', 'default_pool', '--raw', '-sd', 'DAGS_FOLDER/twitter_dag.py', '--cfg_path', '/tmp/tmp7z4yyqz8']
[2022-08-04 17:16:35,136] {standard_task_runner.py:78} INFO - Job 87: Subtask twitter_flamengomalvadao
[2022-08-04 17:16:36,267] {logging_mixin.py:112} INFO - Running <TaskInstance: twitter_dag.twitter_flamengomalvadao 2022-07-31T09:00:00+00:00 [running]> on host ama
[2022-08-04 17:16:36,345] {base_hook.py:89} INFO - Using connection to: id: twitter_default. Host: https://api.twitter.com, Port: None, Schema: None, Login: None, Password: None, extra: XXXXXXXX
[2022-08-04 17:16:36,348] {twitter_hook.py:36} INFO - URL: https://api.twitter.com/2/tweets/search/recent?query=FlamengoMalvadao&tweet.fields=author_id,conversation_id,created_at,id,in_reply_to_user_id,public_metrics,text&expansions=author_id&user.fields=id,name,username,created_at&start_time=2022-07-31T09:00:00.00Z&end_time=2022-08-01T09:00:00.00Z
[2022-08-04 17:16:36,526] {logging_mixin.py:112} WARNING - /home/amadeus/ama/airflow-pipeline-alura/datapipeline/.env/lib/python3.8/site-packages/urllib3/connectionpool.py:981: InsecureRequestWarning: Unverified HTTPS request is being made to host 'api.twitter.com'. Adding certificate verification is strongly advised. See: https://urllib3.readthedocs.io/en/latest/advanced-usage.html#ssl-warnings
  warnings.warn(
[2022-08-04 17:16:37,053] {twitter_hook.py:36} INFO - URL: https://api.twitter.com/2/tweets/search/recent?query=FlamengoMalvadao&tweet.fields=author_id,conversation_id,created_at,id,in_reply_to_user_id,public_metrics,text&expansions=author_id&user.fields=id,name,username,created_at&start_time=2022-07-31T09:00:00.00Z&end_time=2022-08-01T09:00:00.00Z&next_token=b26v89c19zqg8o3fpz5le2f8n9qedazy49lomeycswosd
[2022-08-04 17:16:37,054] {logging_mixin.py:112} WARNING - /home/amadeus/ama/airflow-pipeline-alura/datapipeline/.env/lib/python3.8/site-packages/urllib3/connectionpool.py:981: InsecureRequestWarning: Unverified HTTPS request is being made to host 'api.twitter.com'. Adding certificate verification is strongly advised. See: https://urllib3.readthedocs.io/en/latest/advanced-usage.html#ssl-warnings
  warnings.warn(
[2022-08-04 17:16:37,395] {twitter_hook.py:36} INFO - URL: https://api.twitter.com/2/tweets/search/recent?query=FlamengoMalvadao&tweet.fields=author_id,conversation_id,created_at,id,in_reply_to_user_id,public_metrics,text&expansions=author_id&user.fields=id,name,username,created_at&start_time=2022-07-31T09:00:00.00Z&end_time=2022-08-01T09:00:00.00Z&next_token=b26v89c19zqg8o3fpz5le0cltbflnwvw9pa30lvokbbzx
[2022-08-04 17:16:37,396] {logging_mixin.py:112} WARNING - /home/amadeus/ama/airflow-pipeline-alura/datapipeline/.env/lib/python3.8/site-packages/urllib3/connectionpool.py:981: InsecureRequestWarning: Unverified HTTPS request is being made to host 'api.twitter.com'. Adding certificate verification is strongly advised. See: https://urllib3.readthedocs.io/en/latest/advanced-usage.html#ssl-warnings
  warnings.warn(
[2022-08-04 17:16:37,769] {twitter_hook.py:36} INFO - URL: https://api.twitter.com/2/tweets/search/recent?query=FlamengoMalvadao&tweet.fields=author_id,conversation_id,created_at,id,in_reply_to_user_id,public_metrics,text&expansions=author_id&user.fields=id,name,username,created_at&start_time=2022-07-31T09:00:00.00Z&end_time=2022-08-01T09:00:00.00Z&next_token=b26v89c19zqg8o3fpz5le0b4191oqtbw8s7yf5lmstfnh
[2022-08-04 17:16:37,770] {logging_mixin.py:112} WARNING - /home/amadeus/ama/airflow-pipeline-alura/datapipeline/.env/lib/python3.8/site-packages/urllib3/connectionpool.py:981: InsecureRequestWarning: Unverified HTTPS request is being made to host 'api.twitter.com'. Adding certificate verification is strongly advised. See: https://urllib3.readthedocs.io/en/latest/advanced-usage.html#ssl-warnings
  warnings.warn(
[2022-08-04 17:16:38,074] {twitter_hook.py:36} INFO - URL: https://api.twitter.com/2/tweets/search/recent?query=FlamengoMalvadao&tweet.fields=author_id,conversation_id,created_at,id,in_reply_to_user_id,public_metrics,text&expansions=author_id&user.fields=id,name,username,created_at&start_time=2022-07-31T09:00:00.00Z&end_time=2022-08-01T09:00:00.00Z&next_token=b26v89c19zqg8o3fpz5le0aihx4unp74o9lmyywok130d
[2022-08-04 17:16:38,074] {logging_mixin.py:112} WARNING - /home/amadeus/ama/airflow-pipeline-alura/datapipeline/.env/lib/python3.8/site-packages/urllib3/connectionpool.py:981: InsecureRequestWarning: Unverified HTTPS request is being made to host 'api.twitter.com'. Adding certificate verification is strongly advised. See: https://urllib3.readthedocs.io/en/latest/advanced-usage.html#ssl-warnings
  warnings.warn(
[2022-08-04 17:16:38,489] {twitter_hook.py:36} INFO - URL: https://api.twitter.com/2/tweets/search/recent?query=FlamengoMalvadao&tweet.fields=author_id,conversation_id,created_at,id,in_reply_to_user_id,public_metrics,text&expansions=author_id&user.fields=id,name,username,created_at&start_time=2022-07-31T09:00:00.00Z&end_time=2022-08-01T09:00:00.00Z&next_token=b26v89c19zqg8o3fpz5ldy7vu268wn37q8d4yigazsi9p
[2022-08-04 17:16:38,491] {logging_mixin.py:112} WARNING - /home/amadeus/ama/airflow-pipeline-alura/datapipeline/.env/lib/python3.8/site-packages/urllib3/connectionpool.py:981: InsecureRequestWarning: Unverified HTTPS request is being made to host 'api.twitter.com'. Adding certificate verification is strongly advised. See: https://urllib3.readthedocs.io/en/latest/advanced-usage.html#ssl-warnings
  warnings.warn(
[2022-08-04 17:16:38,895] {twitter_hook.py:36} INFO - URL: https://api.twitter.com/2/tweets/search/recent?query=FlamengoMalvadao&tweet.fields=author_id,conversation_id,created_at,id,in_reply_to_user_id,public_metrics,text&expansions=author_id&user.fields=id,name,username,created_at&start_time=2022-07-31T09:00:00.00Z&end_time=2022-08-01T09:00:00.00Z&next_token=b26v89c19zqg8o3fpz5ldy5s4zf6mg1boh2r84g3hq3r1
[2022-08-04 17:16:38,896] {logging_mixin.py:112} WARNING - /home/amadeus/ama/airflow-pipeline-alura/datapipeline/.env/lib/python3.8/site-packages/urllib3/connectionpool.py:981: InsecureRequestWarning: Unverified HTTPS request is being made to host 'api.twitter.com'. Adding certificate verification is strongly advised. See: https://urllib3.readthedocs.io/en/latest/advanced-usage.html#ssl-warnings
  warnings.warn(
[2022-08-04 17:16:39,219] {taskinstance.py:1057} INFO - Marking task as SUCCESS.dag_id=twitter_dag, task_id=twitter_flamengomalvadao, execution_date=20220731T090000, start_date=20220804T201634, end_date=20220804T201639
[2022-08-04 17:16:44,636] {local_task_job.py:102} INFO - Task exited with return code 0
