[2022-08-08 19:54:13,844] {taskinstance.py:670} INFO - Dependencies all met for <TaskInstance: twitter_dag.twitter_flamengomalvadao 2022-08-07T09:00:00+00:00 [queued]>
[2022-08-08 19:54:13,866] {taskinstance.py:670} INFO - Dependencies all met for <TaskInstance: twitter_dag.twitter_flamengomalvadao 2022-08-07T09:00:00+00:00 [queued]>
[2022-08-08 19:54:13,866] {taskinstance.py:880} INFO - 
--------------------------------------------------------------------------------
[2022-08-08 19:54:13,867] {taskinstance.py:881} INFO - Starting attempt 1 of 1
[2022-08-08 19:54:13,867] {taskinstance.py:882} INFO - 
--------------------------------------------------------------------------------
[2022-08-08 19:54:14,153] {taskinstance.py:901} INFO - Executing <Task(TwitterOperator): twitter_flamengomalvadao> on 2022-08-07T09:00:00+00:00
[2022-08-08 19:54:14,156] {standard_task_runner.py:54} INFO - Started process 172496 to run task
[2022-08-08 19:54:14,209] {standard_task_runner.py:77} INFO - Running: ['airflow', 'run', 'twitter_dag', 'twitter_flamengomalvadao', '2022-08-07T09:00:00+00:00', '--job_id', '128', '--pool', 'default_pool', '--raw', '-sd', 'DAGS_FOLDER/twitter_dag.py', '--cfg_path', '/tmp/tmpnexicxgo']
[2022-08-08 19:54:14,210] {standard_task_runner.py:78} INFO - Job 128: Subtask twitter_flamengomalvadao
[2022-08-08 19:54:14,469] {logging_mixin.py:112} INFO - Running <TaskInstance: twitter_dag.twitter_flamengomalvadao 2022-08-07T09:00:00+00:00 [running]> on host ama
[2022-08-08 19:54:14,528] {base_hook.py:89} INFO - Using connection to: id: twitter_default. Host: https://api.twitter.com, Port: None, Schema: None, Login: None, Password: None, extra: XXXXXXXX
[2022-08-08 19:54:14,531] {twitter_hook.py:36} INFO - URL: https://api.twitter.com/2/tweets/search/recent?query=FlamengoMalvadao&tweet.fields=author_id,conversation_id,created_at,id,in_reply_to_user_id,public_metrics,text&expansions=author_id&user.fields=id,name,username,created_at&start_time=2022-08-07T09:00:00.00Z&end_time=2022-08-08T09:00:00.00Z
[2022-08-08 19:54:14,762] {logging_mixin.py:112} WARNING - /home/amadeus/ama/airflow-pipeline-alura/datapipeline/.env/lib/python3.8/site-packages/urllib3/connectionpool.py:981: InsecureRequestWarning: Unverified HTTPS request is being made to host 'api.twitter.com'. Adding certificate verification is strongly advised. See: https://urllib3.readthedocs.io/en/latest/advanced-usage.html#ssl-warnings
  warnings.warn(
[2022-08-08 19:54:15,001] {twitter_hook.py:36} INFO - URL: https://api.twitter.com/2/tweets/search/recent?query=FlamengoMalvadao&tweet.fields=author_id,conversation_id,created_at,id,in_reply_to_user_id,public_metrics,text&expansions=author_id&user.fields=id,name,username,created_at&start_time=2022-08-07T09:00:00.00Z&end_time=2022-08-08T09:00:00.00Z&next_token=b26v89c19zqg8o3fpz5mn8mxcs7ijzxgr91igjsmg27b1
[2022-08-08 19:54:15,003] {logging_mixin.py:112} WARNING - /home/amadeus/ama/airflow-pipeline-alura/datapipeline/.env/lib/python3.8/site-packages/urllib3/connectionpool.py:981: InsecureRequestWarning: Unverified HTTPS request is being made to host 'api.twitter.com'. Adding certificate verification is strongly advised. See: https://urllib3.readthedocs.io/en/latest/advanced-usage.html#ssl-warnings
  warnings.warn(
[2022-08-08 19:54:15,325] {twitter_hook.py:36} INFO - URL: https://api.twitter.com/2/tweets/search/recent?query=FlamengoMalvadao&tweet.fields=author_id,conversation_id,created_at,id,in_reply_to_user_id,public_metrics,text&expansions=author_id&user.fields=id,name,username,created_at&start_time=2022-08-07T09:00:00.00Z&end_time=2022-08-08T09:00:00.00Z&next_token=b26v89c19zqg8o3fpz5mn8lqd625gfnbo6m4k0ll397y5
[2022-08-08 19:54:15,327] {logging_mixin.py:112} WARNING - /home/amadeus/ama/airflow-pipeline-alura/datapipeline/.env/lib/python3.8/site-packages/urllib3/connectionpool.py:981: InsecureRequestWarning: Unverified HTTPS request is being made to host 'api.twitter.com'. Adding certificate verification is strongly advised. See: https://urllib3.readthedocs.io/en/latest/advanced-usage.html#ssl-warnings
  warnings.warn(
[2022-08-08 19:54:15,629] {twitter_hook.py:36} INFO - URL: https://api.twitter.com/2/tweets/search/recent?query=FlamengoMalvadao&tweet.fields=author_id,conversation_id,created_at,id,in_reply_to_user_id,public_metrics,text&expansions=author_id&user.fields=id,name,username,created_at&start_time=2022-08-07T09:00:00.00Z&end_time=2022-08-08T09:00:00.00Z&next_token=b26v89c19zqg8o3fpz5mn6isnrk7tvo7ygx8c8846is8t
[2022-08-08 19:54:15,630] {logging_mixin.py:112} WARNING - /home/amadeus/ama/airflow-pipeline-alura/datapipeline/.env/lib/python3.8/site-packages/urllib3/connectionpool.py:981: InsecureRequestWarning: Unverified HTTPS request is being made to host 'api.twitter.com'. Adding certificate verification is strongly advised. See: https://urllib3.readthedocs.io/en/latest/advanced-usage.html#ssl-warnings
  warnings.warn(
[2022-08-08 19:54:15,841] {twitter_hook.py:36} INFO - URL: https://api.twitter.com/2/tweets/search/recent?query=FlamengoMalvadao&tweet.fields=author_id,conversation_id,created_at,id,in_reply_to_user_id,public_metrics,text&expansions=author_id&user.fields=id,name,username,created_at&start_time=2022-08-07T09:00:00.00Z&end_time=2022-08-08T09:00:00.00Z&next_token=b26v89c19zqg8o3fpz5mn6i7bz9jwtgguu3179fy0ldvh
[2022-08-08 19:54:15,842] {logging_mixin.py:112} WARNING - /home/amadeus/ama/airflow-pipeline-alura/datapipeline/.env/lib/python3.8/site-packages/urllib3/connectionpool.py:981: InsecureRequestWarning: Unverified HTTPS request is being made to host 'api.twitter.com'. Adding certificate verification is strongly advised. See: https://urllib3.readthedocs.io/en/latest/advanced-usage.html#ssl-warnings
  warnings.warn(
[2022-08-08 19:54:16,071] {twitter_hook.py:36} INFO - URL: https://api.twitter.com/2/tweets/search/recent?query=FlamengoMalvadao&tweet.fields=author_id,conversation_id,created_at,id,in_reply_to_user_id,public_metrics,text&expansions=author_id&user.fields=id,name,username,created_at&start_time=2022-08-07T09:00:00.00Z&end_time=2022-08-08T09:00:00.00Z&next_token=b26v89c19zqg8o3fpz5mn6hau64k3toppcoi7xxhsitml
[2022-08-08 19:54:16,072] {logging_mixin.py:112} WARNING - /home/amadeus/ama/airflow-pipeline-alura/datapipeline/.env/lib/python3.8/site-packages/urllib3/connectionpool.py:981: InsecureRequestWarning: Unverified HTTPS request is being made to host 'api.twitter.com'. Adding certificate verification is strongly advised. See: https://urllib3.readthedocs.io/en/latest/advanced-usage.html#ssl-warnings
  warnings.warn(
[2022-08-08 19:54:16,357] {taskinstance.py:1057} INFO - Marking task as SUCCESS.dag_id=twitter_dag, task_id=twitter_flamengomalvadao, execution_date=20220807T090000, start_date=20220808T225413, end_date=20220808T225416
[2022-08-08 19:54:18,596] {local_task_job.py:102} INFO - Task exited with return code 0
