[2022-08-08 22:29:14,641] {taskinstance.py:670} INFO - Dependencies all met for <TaskInstance: twitter_dag.twitter_flamengomalvadao 2022-08-05T09:00:00+00:00 [queued]>
[2022-08-08 22:29:14,646] {taskinstance.py:670} INFO - Dependencies all met for <TaskInstance: twitter_dag.twitter_flamengomalvadao 2022-08-05T09:00:00+00:00 [queued]>
[2022-08-08 22:29:14,647] {taskinstance.py:880} INFO - 
--------------------------------------------------------------------------------
[2022-08-08 22:29:14,647] {taskinstance.py:881} INFO - Starting attempt 2 of 2
[2022-08-08 22:29:14,647] {taskinstance.py:882} INFO - 
--------------------------------------------------------------------------------
[2022-08-08 22:29:14,850] {taskinstance.py:901} INFO - Executing <Task(TwitterOperator): twitter_flamengomalvadao> on 2022-08-05T09:00:00+00:00
[2022-08-08 22:29:14,855] {standard_task_runner.py:54} INFO - Started process 178825 to run task
[2022-08-08 22:29:14,910] {standard_task_runner.py:77} INFO - Running: ['airflow', 'run', 'twitter_dag', 'twitter_flamengomalvadao', '2022-08-05T09:00:00+00:00', '--job_id', '132', '--pool', 'default_pool', '--raw', '-sd', 'DAGS_FOLDER/twitter_dag.py', '--cfg_path', '/tmp/tmpjonguyxc']
[2022-08-08 22:29:14,910] {standard_task_runner.py:78} INFO - Job 132: Subtask twitter_flamengomalvadao
[2022-08-08 22:29:15,164] {logging_mixin.py:112} INFO - Running <TaskInstance: twitter_dag.twitter_flamengomalvadao 2022-08-05T09:00:00+00:00 [running]> on host ama
[2022-08-08 22:29:15,209] {base_hook.py:89} INFO - Using connection to: id: twitter_default. Host: https://api.twitter.com, Port: None, Schema: None, Login: None, Password: None, extra: XXXXXXXX
[2022-08-08 22:29:15,210] {twitter_hook.py:36} INFO - URL: https://api.twitter.com/2/tweets/search/recent?query=FlamengoMalvadao&tweet.fields=author_id,conversation_id,created_at,id,in_reply_to_user_id,public_metrics,text&expansions=author_id&user.fields=id,name,username,created_at&start_time=2022-08-05T09:00:00.00Z&end_time=2022-08-06T09:00:00.00Z
[2022-08-08 22:29:15,441] {logging_mixin.py:112} WARNING - /home/amadeus/ama/airflow-pipeline-alura/datapipeline/.env/lib/python3.8/site-packages/urllib3/connectionpool.py:981: InsecureRequestWarning: Unverified HTTPS request is being made to host 'api.twitter.com'. Adding certificate verification is strongly advised. See: https://urllib3.readthedocs.io/en/latest/advanced-usage.html#ssl-warnings
  warnings.warn(
[2022-08-08 22:29:15,677] {twitter_hook.py:36} INFO - URL: https://api.twitter.com/2/tweets/search/recent?query=FlamengoMalvadao&tweet.fields=author_id,conversation_id,created_at,id,in_reply_to_user_id,public_metrics,text&expansions=author_id&user.fields=id,name,username,created_at&start_time=2022-08-05T09:00:00.00Z&end_time=2022-08-06T09:00:00.00Z&next_token=b26v89c19zqg8o3fpz5m87b1kcenmza1apu0cxtfgydfh
[2022-08-08 22:29:15,678] {logging_mixin.py:112} WARNING - /home/amadeus/ama/airflow-pipeline-alura/datapipeline/.env/lib/python3.8/site-packages/urllib3/connectionpool.py:981: InsecureRequestWarning: Unverified HTTPS request is being made to host 'api.twitter.com'. Adding certificate verification is strongly advised. See: https://urllib3.readthedocs.io/en/latest/advanced-usage.html#ssl-warnings
  warnings.warn(
[2022-08-08 22:29:15,911] {twitter_hook.py:36} INFO - URL: https://api.twitter.com/2/tweets/search/recent?query=FlamengoMalvadao&tweet.fields=author_id,conversation_id,created_at,id,in_reply_to_user_id,public_metrics,text&expansions=author_id&user.fields=id,name,username,created_at&start_time=2022-08-05T09:00:00.00Z&end_time=2022-08-06T09:00:00.00Z&next_token=b26v89c19zqg8o3fpz5m87a4xz6njpnewp3qnjkx91zst
[2022-08-08 22:29:15,913] {logging_mixin.py:112} WARNING - /home/amadeus/ama/airflow-pipeline-alura/datapipeline/.env/lib/python3.8/site-packages/urllib3/connectionpool.py:981: InsecureRequestWarning: Unverified HTTPS request is being made to host 'api.twitter.com'. Adding certificate verification is strongly advised. See: https://urllib3.readthedocs.io/en/latest/advanced-usage.html#ssl-warnings
  warnings.warn(
[2022-08-08 22:29:16,159] {twitter_hook.py:36} INFO - URL: https://api.twitter.com/2/tweets/search/recent?query=FlamengoMalvadao&tweet.fields=author_id,conversation_id,created_at,id,in_reply_to_user_id,public_metrics,text&expansions=author_id&user.fields=id,name,username,created_at&start_time=2022-08-05T09:00:00.00Z&end_time=2022-08-06T09:00:00.00Z&next_token=b26v89c19zqg8o3fpz5m879jd3sqogl3ym22fl1ja7ngd
[2022-08-08 22:29:16,160] {logging_mixin.py:112} WARNING - /home/amadeus/ama/airflow-pipeline-alura/datapipeline/.env/lib/python3.8/site-packages/urllib3/connectionpool.py:981: InsecureRequestWarning: Unverified HTTPS request is being made to host 'api.twitter.com'. Adding certificate verification is strongly advised. See: https://urllib3.readthedocs.io/en/latest/advanced-usage.html#ssl-warnings
  warnings.warn(
[2022-08-08 22:29:16,374] {twitter_hook.py:36} INFO - URL: https://api.twitter.com/2/tweets/search/recent?query=FlamengoMalvadao&tweet.fields=author_id,conversation_id,created_at,id,in_reply_to_user_id,public_metrics,text&expansions=author_id&user.fields=id,name,username,created_at&start_time=2022-08-05T09:00:00.00Z&end_time=2022-08-06T09:00:00.00Z&next_token=b26v89c19zqg8o3fpz5m878xqqmt7jl4m4pa1piijpsal
[2022-08-08 22:29:16,375] {logging_mixin.py:112} WARNING - /home/amadeus/ama/airflow-pipeline-alura/datapipeline/.env/lib/python3.8/site-packages/urllib3/connectionpool.py:981: InsecureRequestWarning: Unverified HTTPS request is being made to host 'api.twitter.com'. Adding certificate verification is strongly advised. See: https://urllib3.readthedocs.io/en/latest/advanced-usage.html#ssl-warnings
  warnings.warn(
[2022-08-08 22:29:16,609] {twitter_hook.py:36} INFO - URL: https://api.twitter.com/2/tweets/search/recent?query=FlamengoMalvadao&tweet.fields=author_id,conversation_id,created_at,id,in_reply_to_user_id,public_metrics,text&expansions=author_id&user.fields=id,name,username,created_at&start_time=2022-08-05T09:00:00.00Z&end_time=2022-08-06T09:00:00.00Z&next_token=b26v89c19zqg8o3fpz5m8560bz53tnfpl90fnc6utsmm5
[2022-08-08 22:29:16,612] {logging_mixin.py:112} WARNING - /home/amadeus/ama/airflow-pipeline-alura/datapipeline/.env/lib/python3.8/site-packages/urllib3/connectionpool.py:981: InsecureRequestWarning: Unverified HTTPS request is being made to host 'api.twitter.com'. Adding certificate verification is strongly advised. See: https://urllib3.readthedocs.io/en/latest/advanced-usage.html#ssl-warnings
  warnings.warn(
[2022-08-08 22:29:16,833] {twitter_hook.py:36} INFO - URL: https://api.twitter.com/2/tweets/search/recent?query=FlamengoMalvadao&tweet.fields=author_id,conversation_id,created_at,id,in_reply_to_user_id,public_metrics,text&expansions=author_id&user.fields=id,name,username,created_at&start_time=2022-08-05T09:00:00.00Z&end_time=2022-08-06T09:00:00.00Z&next_token=b26v89c19zqg8o3fpz5m853x22m0hdimocmxpggwqu0l9
[2022-08-08 22:29:16,835] {logging_mixin.py:112} WARNING - /home/amadeus/ama/airflow-pipeline-alura/datapipeline/.env/lib/python3.8/site-packages/urllib3/connectionpool.py:981: InsecureRequestWarning: Unverified HTTPS request is being made to host 'api.twitter.com'. Adding certificate verification is strongly advised. See: https://urllib3.readthedocs.io/en/latest/advanced-usage.html#ssl-warnings
  warnings.warn(
[2022-08-08 22:29:17,004] {taskinstance.py:1057} INFO - Marking task as SUCCESS.dag_id=twitter_dag, task_id=twitter_flamengomalvadao, execution_date=20220805T090000, start_date=20220809T012914, end_date=20220809T012917
[2022-08-08 22:29:19,392] {local_task_job.py:102} INFO - Task exited with return code 0
