[2022-08-04 12:42:14,344] {taskinstance.py:670} INFO - Dependencies all met for <TaskInstance: twitter_dag.twitter_flamengomalvadao 2022-07-30T09:00:00+00:00 [queued]>
[2022-08-04 12:42:14,373] {taskinstance.py:670} INFO - Dependencies all met for <TaskInstance: twitter_dag.twitter_flamengomalvadao 2022-07-30T09:00:00+00:00 [queued]>
[2022-08-04 12:42:14,373] {taskinstance.py:880} INFO - 
--------------------------------------------------------------------------------
[2022-08-04 12:42:14,374] {taskinstance.py:881} INFO - Starting attempt 3 of 3
[2022-08-04 12:42:14,374] {taskinstance.py:882} INFO - 
--------------------------------------------------------------------------------
[2022-08-04 12:42:14,690] {taskinstance.py:901} INFO - Executing <Task(TwitterOperator): twitter_flamengomalvadao> on 2022-07-30T09:00:00+00:00
[2022-08-04 12:42:14,696] {standard_task_runner.py:54} INFO - Started process 133304 to run task
[2022-08-04 12:42:14,838] {standard_task_runner.py:77} INFO - Running: ['airflow', 'run', 'twitter_dag', 'twitter_flamengomalvadao', '2022-07-30T09:00:00+00:00', '--job_id', '38', '--pool', 'default_pool', '--raw', '-sd', 'DAGS_FOLDER/twitter_dag.py', '--cfg_path', '/tmp/tmp1979i3rp']
[2022-08-04 12:42:14,839] {standard_task_runner.py:78} INFO - Job 38: Subtask twitter_flamengomalvadao
[2022-08-04 12:42:15,168] {logging_mixin.py:112} INFO - Running <TaskInstance: twitter_dag.twitter_flamengomalvadao 2022-07-30T09:00:00+00:00 [running]> on host ama
[2022-08-04 12:42:15,262] {base_hook.py:89} INFO - Using connection to: id: twitter_default. Host: https://api.twitter.com, Port: None, Schema: None, Login: None, Password: None, extra: XXXXXXXX
[2022-08-04 12:42:15,264] {twitter_hook.py:36} INFO - URL: https://api.twitter.com/2/tweets/search/recent?query=FlamengoMalvadao&tweet.fields=author_id,conversation_id,created_at,id,in_reply_to_user_id,public_metrics,text&expansions=author_id&user.fields=id,name,username,created_at&start_time=2022-07-30T09:00:00.00Z&end_time=2022-07-31T09:00:00.00Z
[2022-08-04 12:42:15,758] {logging_mixin.py:112} WARNING - /home/amadeus/ama/airflow-pipeline-alura/datapipeline/.env/lib/python3.8/site-packages/urllib3/connectionpool.py:981: InsecureRequestWarning: Unverified HTTPS request is being made to host 'api.twitter.com'. Adding certificate verification is strongly advised. See: https://urllib3.readthedocs.io/en/latest/advanced-usage.html#ssl-warnings
  warnings.warn(
[2022-08-04 12:42:16,178] {twitter_hook.py:36} INFO - URL: https://api.twitter.com/2/tweets/search/recent?query=FlamengoMalvadao&tweet.fields=author_id,conversation_id,created_at,id,in_reply_to_user_id,public_metrics,text&expansions=author_id&user.fields=id,name,username,created_at&start_time=2022-07-30T09:00:00.00Z&end_time=2022-07-31T09:00:00.00Z&next_token=b26v89c19zqg8o3fpz5ldty4pg1blowpape0rghu5ay65
[2022-08-04 12:42:16,181] {logging_mixin.py:112} WARNING - /home/amadeus/ama/airflow-pipeline-alura/datapipeline/.env/lib/python3.8/site-packages/urllib3/connectionpool.py:981: InsecureRequestWarning: Unverified HTTPS request is being made to host 'api.twitter.com'. Adding certificate verification is strongly advised. See: https://urllib3.readthedocs.io/en/latest/advanced-usage.html#ssl-warnings
  warnings.warn(
[2022-08-04 12:42:16,580] {twitter_hook.py:36} INFO - URL: https://api.twitter.com/2/tweets/search/recent?query=FlamengoMalvadao&tweet.fields=author_id,conversation_id,created_at,id,in_reply_to_user_id,public_metrics,text&expansions=author_id&user.fields=id,name,username,created_at&start_time=2022-07-30T09:00:00.00Z&end_time=2022-07-31T09:00:00.00Z&next_token=b26v89c19zqg8o3fpz5ldtx84kss0ezx3yrye0kk6wubh
[2022-08-04 12:42:16,582] {logging_mixin.py:112} WARNING - /home/amadeus/ama/airflow-pipeline-alura/datapipeline/.env/lib/python3.8/site-packages/urllib3/connectionpool.py:981: InsecureRequestWarning: Unverified HTTPS request is being made to host 'api.twitter.com'. Adding certificate verification is strongly advised. See: https://urllib3.readthedocs.io/en/latest/advanced-usage.html#ssl-warnings
  warnings.warn(
[2022-08-04 12:42:16,990] {twitter_hook.py:36} INFO - URL: https://api.twitter.com/2/tweets/search/recent?query=FlamengoMalvadao&tweet.fields=author_id,conversation_id,created_at,id,in_reply_to_user_id,public_metrics,text&expansions=author_id&user.fields=id,name,username,created_at&start_time=2022-07-30T09:00:00.00Z&end_time=2022-07-31T09:00:00.00Z&next_token=b26v89c19zqg8o3fpz5ldtw0vuwumkz5ro8ijp9cgne65
[2022-08-04 12:42:16,992] {logging_mixin.py:112} WARNING - /home/amadeus/ama/airflow-pipeline-alura/datapipeline/.env/lib/python3.8/site-packages/urllib3/connectionpool.py:981: InsecureRequestWarning: Unverified HTTPS request is being made to host 'api.twitter.com'. Adding certificate verification is strongly advised. See: https://urllib3.readthedocs.io/en/latest/advanced-usage.html#ssl-warnings
  warnings.warn(
[2022-08-04 12:42:17,398] {twitter_hook.py:36} INFO - URL: https://api.twitter.com/2/tweets/search/recent?query=FlamengoMalvadao&tweet.fields=author_id,conversation_id,created_at,id,in_reply_to_user_id,public_metrics,text&expansions=author_id&user.fields=id,name,username,created_at&start_time=2022-07-30T09:00:00.00Z&end_time=2022-07-31T09:00:00.00Z&next_token=b26v89c19zqg8o3fpz5ldrst0s61jxidkg0sw4xofhawt
[2022-08-04 12:42:17,400] {logging_mixin.py:112} WARNING - /home/amadeus/ama/airflow-pipeline-alura/datapipeline/.env/lib/python3.8/site-packages/urllib3/connectionpool.py:981: InsecureRequestWarning: Unverified HTTPS request is being made to host 'api.twitter.com'. Adding certificate verification is strongly advised. See: https://urllib3.readthedocs.io/en/latest/advanced-usage.html#ssl-warnings
  warnings.warn(
[2022-08-04 12:42:17,809] {twitter_hook.py:36} INFO - URL: https://api.twitter.com/2/tweets/search/recent?query=FlamengoMalvadao&tweet.fields=author_id,conversation_id,created_at,id,in_reply_to_user_id,public_metrics,text&expansions=author_id&user.fields=id,name,username,created_at&start_time=2022-07-30T09:00:00.00Z&end_time=2022-07-31T09:00:00.00Z&next_token=b26v89c19zqg8o3fpz5ldpnrvg5aboysmn881inq0ucu5
[2022-08-04 12:42:17,811] {logging_mixin.py:112} WARNING - /home/amadeus/ama/airflow-pipeline-alura/datapipeline/.env/lib/python3.8/site-packages/urllib3/connectionpool.py:981: InsecureRequestWarning: Unverified HTTPS request is being made to host 'api.twitter.com'. Adding certificate verification is strongly advised. See: https://urllib3.readthedocs.io/en/latest/advanced-usage.html#ssl-warnings
  warnings.warn(
[2022-08-04 12:42:18,431] {taskinstance.py:1057} INFO - Marking task as SUCCESS.dag_id=twitter_dag, task_id=twitter_flamengomalvadao, execution_date=20220730T090000, start_date=20220804T154214, end_date=20220804T154218
[2022-08-04 12:42:19,095] {local_task_job.py:102} INFO - Task exited with return code 0
