[2022-08-08 19:46:12,524] {taskinstance.py:670} INFO - Dependencies all met for <TaskInstance: twitter_dag.transform_twitter_flamengomalvadao 2022-08-04T09:00:00+00:00 [queued]>
[2022-08-08 19:46:12,537] {taskinstance.py:670} INFO - Dependencies all met for <TaskInstance: twitter_dag.transform_twitter_flamengomalvadao 2022-08-04T09:00:00+00:00 [queued]>
[2022-08-08 19:46:12,538] {taskinstance.py:880} INFO - 
--------------------------------------------------------------------------------
[2022-08-08 19:46:12,538] {taskinstance.py:881} INFO - Starting attempt 1 of 1
[2022-08-08 19:46:12,538] {taskinstance.py:882} INFO - 
--------------------------------------------------------------------------------
[2022-08-08 19:46:13,270] {taskinstance.py:901} INFO - Executing <Task(SparkSubmitOperator): transform_twitter_flamengomalvadao> on 2022-08-04T09:00:00+00:00
[2022-08-08 19:46:13,276] {standard_task_runner.py:54} INFO - Started process 171333 to run task
[2022-08-08 19:46:13,412] {standard_task_runner.py:77} INFO - Running: ['airflow', 'run', 'twitter_dag', 'transform_twitter_flamengomalvadao', '2022-08-04T09:00:00+00:00', '--job_id', '123', '--pool', 'default_pool', '--raw', '-sd', 'DAGS_FOLDER/twitter_dag.py', '--cfg_path', '/tmp/tmp1s8xqglw']
[2022-08-08 19:46:13,414] {standard_task_runner.py:78} INFO - Job 123: Subtask transform_twitter_flamengomalvadao
[2022-08-08 19:46:14,039] {logging_mixin.py:112} INFO - Running <TaskInstance: twitter_dag.transform_twitter_flamengomalvadao 2022-08-04T09:00:00+00:00 [running]> on host ama
[2022-08-08 19:46:14,145] {base_hook.py:89} INFO - Using connection to: id: spark_default. Host: local, Port: None, Schema: None, Login: None, Password: None, extra: XXXXXXXX
[2022-08-08 19:46:14,147] {spark_submit_hook.py:325} INFO - Spark-Submit cmd: /home/amadeus/Downloads/spark-3.3.0-bin-hadoop2/bin/spark-submit --master local --name twitter_transformation /home/amadeus/ama/airflow-pipeline-alura/datapipeline/spark/transfortmation.py --src /home/amadeus/ama/airflow-pipeline-alura/datapipeline/datalake/bronze/twitter_flamengomalvadao/extract_date=2022-08-04 --dest /home/amadeus/ama/airflow-pipeline-alura/datapipeline/datalake/silver/twitter_flamengomalvadao/ --process-date 2022-08-04
[2022-08-08 19:46:16,269] {spark_submit_hook.py:479} INFO - 22/08/08 19:46:16 WARN Utils: Your hostname, ama resolves to a loopback address: 127.0.1.1; using 192.168.0.20 instead (on interface wlo1)
[2022-08-08 19:46:16,272] {spark_submit_hook.py:479} INFO - 22/08/08 19:46:16 WARN Utils: Set SPARK_LOCAL_IP if you need to bind to another address
[2022-08-08 19:46:17,995] {spark_submit_hook.py:479} INFO - 22/08/08 19:46:17 INFO SparkContext: Running Spark version 3.3.0
[2022-08-08 19:46:18,161] {spark_submit_hook.py:479} INFO - 22/08/08 19:46:18 WARN NativeCodeLoader: Unable to load native-hadoop library for your platform... using builtin-java classes where applicable
[2022-08-08 19:46:18,273] {spark_submit_hook.py:479} INFO - 22/08/08 19:46:18 INFO ResourceUtils: ==============================================================
[2022-08-08 19:46:18,274] {spark_submit_hook.py:479} INFO - 22/08/08 19:46:18 INFO ResourceUtils: No custom resources configured for spark.driver.
[2022-08-08 19:46:18,274] {spark_submit_hook.py:479} INFO - 22/08/08 19:46:18 INFO ResourceUtils: ==============================================================
[2022-08-08 19:46:18,275] {spark_submit_hook.py:479} INFO - 22/08/08 19:46:18 INFO SparkContext: Submitted application: twitter_transformation
[2022-08-08 19:46:18,303] {spark_submit_hook.py:479} INFO - 22/08/08 19:46:18 INFO ResourceProfile: Default ResourceProfile created, executor resources: Map(cores -> name: cores, amount: 1, script: , vendor: , memory -> name: memory, amount: 1024, script: , vendor: , offHeap -> name: offHeap, amount: 0, script: , vendor: ), task resources: Map(cpus -> name: cpus, amount: 1.0)
[2022-08-08 19:46:18,319] {spark_submit_hook.py:479} INFO - 22/08/08 19:46:18 INFO ResourceProfile: Limiting resource is cpu
[2022-08-08 19:46:18,320] {spark_submit_hook.py:479} INFO - 22/08/08 19:46:18 INFO ResourceProfileManager: Added ResourceProfile id: 0
[2022-08-08 19:46:18,392] {spark_submit_hook.py:479} INFO - 22/08/08 19:46:18 INFO SecurityManager: Changing view acls to: amadeus
[2022-08-08 19:46:18,393] {spark_submit_hook.py:479} INFO - 22/08/08 19:46:18 INFO SecurityManager: Changing modify acls to: amadeus
[2022-08-08 19:46:18,393] {spark_submit_hook.py:479} INFO - 22/08/08 19:46:18 INFO SecurityManager: Changing view acls groups to:
[2022-08-08 19:46:18,394] {spark_submit_hook.py:479} INFO - 22/08/08 19:46:18 INFO SecurityManager: Changing modify acls groups to:
[2022-08-08 19:46:18,395] {spark_submit_hook.py:479} INFO - 22/08/08 19:46:18 INFO SecurityManager: SecurityManager: authentication disabled; ui acls disabled; users  with view permissions: Set(amadeus); groups with view permissions: Set(); users  with modify permissions: Set(amadeus); groups with modify permissions: Set()
[2022-08-08 19:46:18,811] {spark_submit_hook.py:479} INFO - 22/08/08 19:46:18 INFO Utils: Successfully started service 'sparkDriver' on port 43617.
[2022-08-08 19:46:18,851] {spark_submit_hook.py:479} INFO - 22/08/08 19:46:18 INFO SparkEnv: Registering MapOutputTracker
[2022-08-08 19:46:18,900] {spark_submit_hook.py:479} INFO - 22/08/08 19:46:18 INFO SparkEnv: Registering BlockManagerMaster
[2022-08-08 19:46:18,927] {spark_submit_hook.py:479} INFO - 22/08/08 19:46:18 INFO BlockManagerMasterEndpoint: Using org.apache.spark.storage.DefaultTopologyMapper for getting topology information
[2022-08-08 19:46:18,927] {spark_submit_hook.py:479} INFO - 22/08/08 19:46:18 INFO BlockManagerMasterEndpoint: BlockManagerMasterEndpoint up
[2022-08-08 19:46:18,932] {spark_submit_hook.py:479} INFO - 22/08/08 19:46:18 INFO SparkEnv: Registering BlockManagerMasterHeartbeat
[2022-08-08 19:46:18,963] {spark_submit_hook.py:479} INFO - 22/08/08 19:46:18 INFO DiskBlockManager: Created local directory at /tmp/blockmgr-d176907d-2236-4f0f-8a29-c025adc259f1
[2022-08-08 19:46:18,986] {spark_submit_hook.py:479} INFO - 22/08/08 19:46:18 INFO MemoryStore: MemoryStore started with capacity 434.4 MiB
[2022-08-08 19:46:19,008] {spark_submit_hook.py:479} INFO - 22/08/08 19:46:19 INFO SparkEnv: Registering OutputCommitCoordinator
[2022-08-08 19:46:19,302] {spark_submit_hook.py:479} INFO - 22/08/08 19:46:19 WARN Utils: Service 'SparkUI' could not bind on port 4040. Attempting port 4041.
[2022-08-08 19:46:19,313] {spark_submit_hook.py:479} INFO - 22/08/08 19:46:19 INFO Utils: Successfully started service 'SparkUI' on port 4041.
[2022-08-08 19:46:19,483] {spark_submit_hook.py:479} INFO - 22/08/08 19:46:19 INFO Executor: Starting executor ID driver on host 192.168.0.20
[2022-08-08 19:46:19,493] {spark_submit_hook.py:479} INFO - 22/08/08 19:46:19 INFO Executor: Starting executor with user classpath (userClassPathFirst = false): ''
[2022-08-08 19:46:19,519] {spark_submit_hook.py:479} INFO - 22/08/08 19:46:19 INFO Utils: Successfully started service 'org.apache.spark.network.netty.NettyBlockTransferService' on port 38397.
[2022-08-08 19:46:19,520] {spark_submit_hook.py:479} INFO - 22/08/08 19:46:19 INFO NettyBlockTransferService: Server created on 192.168.0.20:38397
[2022-08-08 19:46:19,522] {spark_submit_hook.py:479} INFO - 22/08/08 19:46:19 INFO BlockManager: Using org.apache.spark.storage.RandomBlockReplicationPolicy for block replication policy
[2022-08-08 19:46:19,529] {spark_submit_hook.py:479} INFO - 22/08/08 19:46:19 INFO BlockManagerMaster: Registering BlockManager BlockManagerId(driver, 192.168.0.20, 38397, None)
[2022-08-08 19:46:19,533] {spark_submit_hook.py:479} INFO - 22/08/08 19:46:19 INFO BlockManagerMasterEndpoint: Registering block manager 192.168.0.20:38397 with 434.4 MiB RAM, BlockManagerId(driver, 192.168.0.20, 38397, None)
[2022-08-08 19:46:19,536] {spark_submit_hook.py:479} INFO - 22/08/08 19:46:19 INFO BlockManagerMaster: Registered BlockManager BlockManagerId(driver, 192.168.0.20, 38397, None)
[2022-08-08 19:46:19,538] {spark_submit_hook.py:479} INFO - 22/08/08 19:46:19 INFO BlockManager: Initialized BlockManager: BlockManagerId(driver, 192.168.0.20, 38397, None)
[2022-08-08 19:46:20,161] {spark_submit_hook.py:479} INFO - 22/08/08 19:46:20 INFO SharedState: Setting hive.metastore.warehouse.dir ('null') to the value of spark.sql.warehouse.dir.
[2022-08-08 19:46:20,167] {spark_submit_hook.py:479} INFO - 22/08/08 19:46:20 INFO SharedState: Warehouse path is 'file:/home/amadeus/ama/airflow-pipeline-alura/datapipeline/spark-warehouse'.
[2022-08-08 19:46:21,177] {spark_submit_hook.py:479} INFO - 22/08/08 19:46:21 INFO InMemoryFileIndex: It took 58 ms to list leaf files for 1 paths.
[2022-08-08 19:46:21,266] {spark_submit_hook.py:479} INFO - 22/08/08 19:46:21 INFO InMemoryFileIndex: It took 3 ms to list leaf files for 1 paths.
[2022-08-08 19:46:23,659] {spark_submit_hook.py:479} INFO - 22/08/08 19:46:23 INFO FileSourceStrategy: Pushed Filters:
[2022-08-08 19:46:23,660] {spark_submit_hook.py:479} INFO - 22/08/08 19:46:23 INFO FileSourceStrategy: Post-Scan Filters:
[2022-08-08 19:46:23,663] {spark_submit_hook.py:479} INFO - 22/08/08 19:46:23 INFO FileSourceStrategy: Output Data Schema: struct<value: string>
[2022-08-08 19:46:23,972] {spark_submit_hook.py:479} INFO - 22/08/08 19:46:23 INFO MemoryStore: Block broadcast_0 stored as values in memory (estimated size 173.7 KiB, free 434.2 MiB)
[2022-08-08 19:46:24,034] {spark_submit_hook.py:479} INFO - 22/08/08 19:46:24 INFO MemoryStore: Block broadcast_0_piece0 stored as bytes in memory (estimated size 24.7 KiB, free 434.2 MiB)
[2022-08-08 19:46:24,038] {spark_submit_hook.py:479} INFO - 22/08/08 19:46:24 INFO BlockManagerInfo: Added broadcast_0_piece0 in memory on 192.168.0.20:38397 (size: 24.7 KiB, free: 434.4 MiB)
[2022-08-08 19:46:24,044] {spark_submit_hook.py:479} INFO - 22/08/08 19:46:24 INFO SparkContext: Created broadcast 0 from json at NativeMethodAccessorImpl.java:0
[2022-08-08 19:46:24,054] {spark_submit_hook.py:479} INFO - 22/08/08 19:46:24 INFO FileSourceScanExec: Planning scan with bin packing, max size: 4213407 bytes, open cost is considered as scanning 4194304 bytes.
[2022-08-08 19:46:24,331] {spark_submit_hook.py:479} INFO - 22/08/08 19:46:24 INFO SparkContext: Starting job: json at NativeMethodAccessorImpl.java:0
[2022-08-08 19:46:24,352] {spark_submit_hook.py:479} INFO - 22/08/08 19:46:24 INFO DAGScheduler: Got job 0 (json at NativeMethodAccessorImpl.java:0) with 1 output partitions
[2022-08-08 19:46:24,352] {spark_submit_hook.py:479} INFO - 22/08/08 19:46:24 INFO DAGScheduler: Final stage: ResultStage 0 (json at NativeMethodAccessorImpl.java:0)
[2022-08-08 19:46:24,352] {spark_submit_hook.py:479} INFO - 22/08/08 19:46:24 INFO DAGScheduler: Parents of final stage: List()
[2022-08-08 19:46:24,354] {spark_submit_hook.py:479} INFO - 22/08/08 19:46:24 INFO DAGScheduler: Missing parents: List()
[2022-08-08 19:46:24,360] {spark_submit_hook.py:479} INFO - 22/08/08 19:46:24 INFO DAGScheduler: Submitting ResultStage 0 (MapPartitionsRDD[3] at json at NativeMethodAccessorImpl.java:0), which has no missing parents
[2022-08-08 19:46:24,458] {spark_submit_hook.py:479} INFO - 22/08/08 19:46:24 INFO MemoryStore: Block broadcast_1 stored as values in memory (estimated size 14.5 KiB, free 434.2 MiB)
[2022-08-08 19:46:24,462] {spark_submit_hook.py:479} INFO - 22/08/08 19:46:24 INFO MemoryStore: Block broadcast_1_piece0 stored as bytes in memory (estimated size 7.0 KiB, free 434.2 MiB)
[2022-08-08 19:46:24,463] {spark_submit_hook.py:479} INFO - 22/08/08 19:46:24 INFO BlockManagerInfo: Added broadcast_1_piece0 in memory on 192.168.0.20:38397 (size: 7.0 KiB, free: 434.4 MiB)
[2022-08-08 19:46:24,464] {spark_submit_hook.py:479} INFO - 22/08/08 19:46:24 INFO SparkContext: Created broadcast 1 from broadcast at DAGScheduler.scala:1513
[2022-08-08 19:46:24,479] {spark_submit_hook.py:479} INFO - 22/08/08 19:46:24 INFO DAGScheduler: Submitting 1 missing tasks from ResultStage 0 (MapPartitionsRDD[3] at json at NativeMethodAccessorImpl.java:0) (first 15 tasks are for partitions Vector(0))
[2022-08-08 19:46:24,481] {spark_submit_hook.py:479} INFO - 22/08/08 19:46:24 INFO TaskSchedulerImpl: Adding task set 0.0 with 1 tasks resource profile 0
[2022-08-08 19:46:24,543] {spark_submit_hook.py:479} INFO - 22/08/08 19:46:24 INFO TaskSetManager: Starting task 0.0 in stage 0.0 (TID 0) (192.168.0.20, executor driver, partition 0, PROCESS_LOCAL, 5027 bytes) taskResourceAssignments Map()
[2022-08-08 19:46:24,563] {spark_submit_hook.py:479} INFO - 22/08/08 19:46:24 INFO Executor: Running task 0.0 in stage 0.0 (TID 0)
[2022-08-08 19:46:24,751] {spark_submit_hook.py:479} INFO - 22/08/08 19:46:24 INFO FileScanRDD: Reading File path: file:///home/amadeus/ama/airflow-pipeline-alura/datapipeline/datalake/bronze/twitter_flamengomalvadao/extract_date=2022-08-04/FlamengoMalvadao_20220804.json, range: 0-19103, partition values: [empty row]
[2022-08-08 19:46:25,014] {spark_submit_hook.py:479} INFO - 22/08/08 19:46:25 INFO CodeGenerator: Code generated in 206.857253 ms
[2022-08-08 19:46:25,085] {spark_submit_hook.py:479} INFO - 22/08/08 19:46:25 INFO Executor: Finished task 0.0 in stage 0.0 (TID 0). 2827 bytes result sent to driver
[2022-08-08 19:46:25,096] {spark_submit_hook.py:479} INFO - 22/08/08 19:46:25 INFO TaskSetManager: Finished task 0.0 in stage 0.0 (TID 0) in 566 ms on 192.168.0.20 (executor driver) (1/1)
[2022-08-08 19:46:25,099] {spark_submit_hook.py:479} INFO - 22/08/08 19:46:25 INFO TaskSchedulerImpl: Removed TaskSet 0.0, whose tasks have all completed, from pool
[2022-08-08 19:46:25,110] {spark_submit_hook.py:479} INFO - 22/08/08 19:46:25 INFO DAGScheduler: ResultStage 0 (json at NativeMethodAccessorImpl.java:0) finished in 0,729 s
[2022-08-08 19:46:25,119] {spark_submit_hook.py:479} INFO - 22/08/08 19:46:25 INFO DAGScheduler: Job 0 is finished. Cancelling potential speculative or zombie tasks for this job
[2022-08-08 19:46:25,120] {spark_submit_hook.py:479} INFO - 22/08/08 19:46:25 INFO TaskSchedulerImpl: Killing all running tasks in stage 0: Stage finished
[2022-08-08 19:46:25,127] {spark_submit_hook.py:479} INFO - 22/08/08 19:46:25 INFO DAGScheduler: Job 0 finished: json at NativeMethodAccessorImpl.java:0, took 0,794549 s
[2022-08-08 19:46:25,494] {spark_submit_hook.py:479} INFO - Traceback (most recent call last):
[2022-08-08 19:46:25,494] {spark_submit_hook.py:479} INFO - File "/home/amadeus/ama/airflow-pipeline-alura/datapipeline/spark/transfortmation.py", line 57, in <module>
[2022-08-08 19:46:25,494] {spark_submit_hook.py:479} INFO - twitter_transform(spark, args.src, args.dest, args.process_date)
[2022-08-08 19:46:25,494] {spark_submit_hook.py:479} INFO - File "/home/amadeus/ama/airflow-pipeline-alura/datapipeline/spark/transfortmation.py", line 35, in twitter_transform
[2022-08-08 19:46:25,494] {spark_submit_hook.py:479} INFO - tweet_df = get_tweets_data(df)
[2022-08-08 19:46:25,494] {spark_submit_hook.py:479} INFO - File "/home/amadeus/ama/airflow-pipeline-alura/datapipeline/spark/transfortmation.py", line 8, in get_tweets_data
[2022-08-08 19:46:25,495] {spark_submit_hook.py:479} INFO - return df\
[2022-08-08 19:46:25,495] {spark_submit_hook.py:479} INFO - File "/home/amadeus/Downloads/spark-3.3.0-bin-hadoop2/python/lib/pyspark.zip/pyspark/sql/dataframe.py", line 2023, in select
[2022-08-08 19:46:25,495] {spark_submit_hook.py:479} INFO - File "/home/amadeus/Downloads/spark-3.3.0-bin-hadoop2/python/lib/py4j-0.10.9.5-src.zip/py4j/java_gateway.py", line 1321, in __call__
[2022-08-08 19:46:25,495] {spark_submit_hook.py:479} INFO - File "/home/amadeus/Downloads/spark-3.3.0-bin-hadoop2/python/lib/pyspark.zip/pyspark/sql/utils.py", line 196, in deco
[2022-08-08 19:46:25,504] {spark_submit_hook.py:479} INFO - pyspark.sql.utils.AnalysisException: No such struct field in_reply_to_user_id in author_id, conversation_id, created_at, id, public_metrics, text
[2022-08-08 19:46:25,571] {spark_submit_hook.py:479} INFO - 22/08/08 19:46:25 INFO SparkContext: Invoking stop() from shutdown hook
[2022-08-08 19:46:25,591] {spark_submit_hook.py:479} INFO - 22/08/08 19:46:25 INFO SparkUI: Stopped Spark web UI at http://192.168.0.20:4041
[2022-08-08 19:46:25,616] {spark_submit_hook.py:479} INFO - 22/08/08 19:46:25 INFO MapOutputTrackerMasterEndpoint: MapOutputTrackerMasterEndpoint stopped!
[2022-08-08 19:46:25,633] {spark_submit_hook.py:479} INFO - 22/08/08 19:46:25 INFO MemoryStore: MemoryStore cleared
[2022-08-08 19:46:25,634] {spark_submit_hook.py:479} INFO - 22/08/08 19:46:25 INFO BlockManager: BlockManager stopped
[2022-08-08 19:46:25,652] {spark_submit_hook.py:479} INFO - 22/08/08 19:46:25 INFO BlockManagerMaster: BlockManagerMaster stopped
[2022-08-08 19:46:25,657] {spark_submit_hook.py:479} INFO - 22/08/08 19:46:25 INFO OutputCommitCoordinator$OutputCommitCoordinatorEndpoint: OutputCommitCoordinator stopped!
[2022-08-08 19:46:25,664] {spark_submit_hook.py:479} INFO - 22/08/08 19:46:25 INFO SparkContext: Successfully stopped SparkContext
[2022-08-08 19:46:25,665] {spark_submit_hook.py:479} INFO - 22/08/08 19:46:25 INFO ShutdownHookManager: Shutdown hook called
[2022-08-08 19:46:25,667] {spark_submit_hook.py:479} INFO - 22/08/08 19:46:25 INFO ShutdownHookManager: Deleting directory /tmp/spark-5dce5526-58a1-4cc2-aa86-006205b374b5
[2022-08-08 19:46:25,671] {spark_submit_hook.py:479} INFO - 22/08/08 19:46:25 INFO ShutdownHookManager: Deleting directory /tmp/spark-7bd51742-346d-49c6-ba04-1f8346fa6799
[2022-08-08 19:46:25,675] {spark_submit_hook.py:479} INFO - 22/08/08 19:46:25 INFO ShutdownHookManager: Deleting directory /tmp/spark-5dce5526-58a1-4cc2-aa86-006205b374b5/pyspark-cda9f03a-5db8-4b3c-8a5e-43a6de658d48
[2022-08-08 19:46:25,761] {taskinstance.py:1150} ERROR - Cannot execute: /home/amadeus/Downloads/spark-3.3.0-bin-hadoop2/bin/spark-submit --master local --name twitter_transformation /home/amadeus/ama/airflow-pipeline-alura/datapipeline/spark/transfortmation.py --src /home/amadeus/ama/airflow-pipeline-alura/datapipeline/datalake/bronze/twitter_flamengomalvadao/extract_date=2022-08-04 --dest /home/amadeus/ama/airflow-pipeline-alura/datapipeline/datalake/silver/twitter_flamengomalvadao/ --process-date 2022-08-04. Error code is: 1.
Traceback (most recent call last):
  File "/home/amadeus/ama/airflow-pipeline-alura/datapipeline/.env/lib/python3.8/site-packages/airflow/models/taskinstance.py", line 984, in _run_raw_task
    result = task_copy.execute(context=context)
  File "/home/amadeus/ama/airflow-pipeline-alura/datapipeline/.env/lib/python3.8/site-packages/airflow/contrib/operators/spark_submit_operator.py", line 187, in execute
    self._hook.submit(self._application)
  File "/home/amadeus/ama/airflow-pipeline-alura/datapipeline/.env/lib/python3.8/site-packages/airflow/contrib/hooks/spark_submit_hook.py", line 403, in submit
    raise AirflowException(
airflow.exceptions.AirflowException: Cannot execute: /home/amadeus/Downloads/spark-3.3.0-bin-hadoop2/bin/spark-submit --master local --name twitter_transformation /home/amadeus/ama/airflow-pipeline-alura/datapipeline/spark/transfortmation.py --src /home/amadeus/ama/airflow-pipeline-alura/datapipeline/datalake/bronze/twitter_flamengomalvadao/extract_date=2022-08-04 --dest /home/amadeus/ama/airflow-pipeline-alura/datapipeline/datalake/silver/twitter_flamengomalvadao/ --process-date 2022-08-04. Error code is: 1.
[2022-08-08 19:46:25,763] {taskinstance.py:1187} INFO - Marking task as FAILED. dag_id=twitter_dag, task_id=transform_twitter_flamengomalvadao, execution_date=20220804T090000, start_date=20220808T224612, end_date=20220808T224625
[2022-08-08 19:46:26,885] {local_task_job.py:102} INFO - Task exited with return code 1
