[2022-08-08 22:47:32,269] {taskinstance.py:670} INFO - Dependencies all met for <TaskInstance: twitter_dag.transform_twitter_flamengomalvadao 2022-08-04T09:00:00+00:00 [queued]>
[2022-08-08 22:47:32,277] {taskinstance.py:670} INFO - Dependencies all met for <TaskInstance: twitter_dag.transform_twitter_flamengomalvadao 2022-08-04T09:00:00+00:00 [queued]>
[2022-08-08 22:47:32,277] {taskinstance.py:880} INFO - 
--------------------------------------------------------------------------------
[2022-08-08 22:47:32,277] {taskinstance.py:881} INFO - Starting attempt 3 of 3
[2022-08-08 22:47:32,278] {taskinstance.py:882} INFO - 
--------------------------------------------------------------------------------
[2022-08-08 22:47:32,698] {taskinstance.py:901} INFO - Executing <Task(SparkSubmitOperator): transform_twitter_flamengomalvadao> on 2022-08-04T09:00:00+00:00
[2022-08-08 22:47:32,704] {standard_task_runner.py:54} INFO - Started process 184337 to run task
[2022-08-08 22:47:32,771] {standard_task_runner.py:77} INFO - Running: ['airflow', 'run', 'twitter_dag', 'transform_twitter_flamengomalvadao', '2022-08-04T09:00:00+00:00', '--job_id', '151', '--pool', 'default_pool', '--raw', '-sd', 'DAGS_FOLDER/twitter_dag.py', '--cfg_path', '/tmp/tmptdqk4zck']
[2022-08-08 22:47:32,772] {standard_task_runner.py:78} INFO - Job 151: Subtask transform_twitter_flamengomalvadao
[2022-08-08 22:47:33,363] {logging_mixin.py:112} INFO - Running <TaskInstance: twitter_dag.transform_twitter_flamengomalvadao 2022-08-04T09:00:00+00:00 [running]> on host ama
[2022-08-08 22:47:33,408] {base_hook.py:89} INFO - Using connection to: id: spark_default. Host: local, Port: None, Schema: None, Login: None, Password: None, extra: XXXXXXXX
[2022-08-08 22:47:33,410] {spark_submit_hook.py:325} INFO - Spark-Submit cmd: /home/amadeus/Downloads/spark-3.3.0-bin-hadoop2/bin/spark-submit --master local --name twitter_transformation /home/amadeus/ama/airflow-pipeline-alura/datapipeline/spark/transfortmation.py --src /home/amadeus/ama/airflow-pipeline-alura/datapipeline/datalake/bronze/twitter_flamengomalvadao/extract_date=2022-08-04 --dest /home/amadeus/ama/airflow-pipeline-alura/datapipeline/datalake/silver/twitter_flamengomalvadao/ --process-date 2022-08-04
[2022-08-08 22:47:35,120] {spark_submit_hook.py:479} INFO - 22/08/08 22:47:35 WARN Utils: Your hostname, ama resolves to a loopback address: 127.0.1.1; using 192.168.0.20 instead (on interface wlo1)
[2022-08-08 22:47:35,122] {spark_submit_hook.py:479} INFO - 22/08/08 22:47:35 WARN Utils: Set SPARK_LOCAL_IP if you need to bind to another address
[2022-08-08 22:47:36,427] {spark_submit_hook.py:479} INFO - 22/08/08 22:47:36 INFO SparkContext: Running Spark version 3.3.0
[2022-08-08 22:47:36,571] {spark_submit_hook.py:479} INFO - 22/08/08 22:47:36 WARN NativeCodeLoader: Unable to load native-hadoop library for your platform... using builtin-java classes where applicable
[2022-08-08 22:47:36,708] {spark_submit_hook.py:479} INFO - 22/08/08 22:47:36 INFO ResourceUtils: ==============================================================
[2022-08-08 22:47:36,709] {spark_submit_hook.py:479} INFO - 22/08/08 22:47:36 INFO ResourceUtils: No custom resources configured for spark.driver.
[2022-08-08 22:47:36,709] {spark_submit_hook.py:479} INFO - 22/08/08 22:47:36 INFO ResourceUtils: ==============================================================
[2022-08-08 22:47:36,709] {spark_submit_hook.py:479} INFO - 22/08/08 22:47:36 INFO SparkContext: Submitted application: twitter_transformation
[2022-08-08 22:47:36,732] {spark_submit_hook.py:479} INFO - 22/08/08 22:47:36 INFO ResourceProfile: Default ResourceProfile created, executor resources: Map(cores -> name: cores, amount: 1, script: , vendor: , memory -> name: memory, amount: 1024, script: , vendor: , offHeap -> name: offHeap, amount: 0, script: , vendor: ), task resources: Map(cpus -> name: cpus, amount: 1.0)
[2022-08-08 22:47:36,747] {spark_submit_hook.py:479} INFO - 22/08/08 22:47:36 INFO ResourceProfile: Limiting resource is cpu
[2022-08-08 22:47:36,748] {spark_submit_hook.py:479} INFO - 22/08/08 22:47:36 INFO ResourceProfileManager: Added ResourceProfile id: 0
[2022-08-08 22:47:36,794] {spark_submit_hook.py:479} INFO - 22/08/08 22:47:36 INFO SecurityManager: Changing view acls to: amadeus
[2022-08-08 22:47:36,795] {spark_submit_hook.py:479} INFO - 22/08/08 22:47:36 INFO SecurityManager: Changing modify acls to: amadeus
[2022-08-08 22:47:36,796] {spark_submit_hook.py:479} INFO - 22/08/08 22:47:36 INFO SecurityManager: Changing view acls groups to:
[2022-08-08 22:47:36,797] {spark_submit_hook.py:479} INFO - 22/08/08 22:47:36 INFO SecurityManager: Changing modify acls groups to:
[2022-08-08 22:47:36,797] {spark_submit_hook.py:479} INFO - 22/08/08 22:47:36 INFO SecurityManager: SecurityManager: authentication disabled; ui acls disabled; users  with view permissions: Set(amadeus); groups with view permissions: Set(); users  with modify permissions: Set(amadeus); groups with modify permissions: Set()
[2022-08-08 22:47:37,137] {spark_submit_hook.py:479} INFO - 22/08/08 22:47:37 INFO Utils: Successfully started service 'sparkDriver' on port 35663.
[2022-08-08 22:47:37,169] {spark_submit_hook.py:479} INFO - 22/08/08 22:47:37 INFO SparkEnv: Registering MapOutputTracker
[2022-08-08 22:47:37,231] {spark_submit_hook.py:479} INFO - 22/08/08 22:47:37 INFO SparkEnv: Registering BlockManagerMaster
[2022-08-08 22:47:37,264] {spark_submit_hook.py:479} INFO - 22/08/08 22:47:37 INFO BlockManagerMasterEndpoint: Using org.apache.spark.storage.DefaultTopologyMapper for getting topology information
[2022-08-08 22:47:37,265] {spark_submit_hook.py:479} INFO - 22/08/08 22:47:37 INFO BlockManagerMasterEndpoint: BlockManagerMasterEndpoint up
[2022-08-08 22:47:37,272] {spark_submit_hook.py:479} INFO - 22/08/08 22:47:37 INFO SparkEnv: Registering BlockManagerMasterHeartbeat
[2022-08-08 22:47:37,314] {spark_submit_hook.py:479} INFO - 22/08/08 22:47:37 INFO DiskBlockManager: Created local directory at /tmp/blockmgr-d59c4fb6-2a96-40c2-9d7a-a78deedc3f24
[2022-08-08 22:47:37,337] {spark_submit_hook.py:479} INFO - 22/08/08 22:47:37 INFO MemoryStore: MemoryStore started with capacity 434.4 MiB
[2022-08-08 22:47:37,355] {spark_submit_hook.py:479} INFO - 22/08/08 22:47:37 INFO SparkEnv: Registering OutputCommitCoordinator
[2022-08-08 22:47:37,680] {spark_submit_hook.py:479} INFO - 22/08/08 22:47:37 WARN Utils: Service 'SparkUI' could not bind on port 4040. Attempting port 4041.
[2022-08-08 22:47:37,693] {spark_submit_hook.py:479} INFO - 22/08/08 22:47:37 INFO Utils: Successfully started service 'SparkUI' on port 4041.
[2022-08-08 22:47:37,847] {spark_submit_hook.py:479} INFO - 22/08/08 22:47:37 INFO Executor: Starting executor ID driver on host 192.168.0.20
[2022-08-08 22:47:37,855] {spark_submit_hook.py:479} INFO - 22/08/08 22:47:37 INFO Executor: Starting executor with user classpath (userClassPathFirst = false): ''
[2022-08-08 22:47:37,873] {spark_submit_hook.py:479} INFO - 22/08/08 22:47:37 INFO Utils: Successfully started service 'org.apache.spark.network.netty.NettyBlockTransferService' on port 36381.
[2022-08-08 22:47:37,873] {spark_submit_hook.py:479} INFO - 22/08/08 22:47:37 INFO NettyBlockTransferService: Server created on 192.168.0.20:36381
[2022-08-08 22:47:37,875] {spark_submit_hook.py:479} INFO - 22/08/08 22:47:37 INFO BlockManager: Using org.apache.spark.storage.RandomBlockReplicationPolicy for block replication policy
[2022-08-08 22:47:37,881] {spark_submit_hook.py:479} INFO - 22/08/08 22:47:37 INFO BlockManagerMaster: Registering BlockManager BlockManagerId(driver, 192.168.0.20, 36381, None)
[2022-08-08 22:47:37,884] {spark_submit_hook.py:479} INFO - 22/08/08 22:47:37 INFO BlockManagerMasterEndpoint: Registering block manager 192.168.0.20:36381 with 434.4 MiB RAM, BlockManagerId(driver, 192.168.0.20, 36381, None)
[2022-08-08 22:47:37,886] {spark_submit_hook.py:479} INFO - 22/08/08 22:47:37 INFO BlockManagerMaster: Registered BlockManager BlockManagerId(driver, 192.168.0.20, 36381, None)
[2022-08-08 22:47:37,887] {spark_submit_hook.py:479} INFO - 22/08/08 22:47:37 INFO BlockManager: Initialized BlockManager: BlockManagerId(driver, 192.168.0.20, 36381, None)
[2022-08-08 22:47:38,558] {spark_submit_hook.py:479} INFO - 22/08/08 22:47:38 INFO SharedState: Setting hive.metastore.warehouse.dir ('null') to the value of spark.sql.warehouse.dir.
[2022-08-08 22:47:38,564] {spark_submit_hook.py:479} INFO - 22/08/08 22:47:38 INFO SharedState: Warehouse path is 'file:/home/amadeus/ama/airflow-pipeline-alura/datapipeline/spark-warehouse'.
[2022-08-08 22:47:39,510] {spark_submit_hook.py:479} INFO - 22/08/08 22:47:39 INFO InMemoryFileIndex: It took 47 ms to list leaf files for 1 paths.
[2022-08-08 22:47:39,583] {spark_submit_hook.py:479} INFO - 22/08/08 22:47:39 INFO InMemoryFileIndex: It took 2 ms to list leaf files for 1 paths.
[2022-08-08 22:47:42,152] {spark_submit_hook.py:479} INFO - 22/08/08 22:47:42 INFO FileSourceStrategy: Pushed Filters:
[2022-08-08 22:47:42,155] {spark_submit_hook.py:479} INFO - 22/08/08 22:47:42 INFO FileSourceStrategy: Post-Scan Filters:
[2022-08-08 22:47:42,159] {spark_submit_hook.py:479} INFO - 22/08/08 22:47:42 INFO FileSourceStrategy: Output Data Schema: struct<value: string>
[2022-08-08 22:47:42,485] {spark_submit_hook.py:479} INFO - 22/08/08 22:47:42 INFO MemoryStore: Block broadcast_0 stored as values in memory (estimated size 173.7 KiB, free 434.2 MiB)
[2022-08-08 22:47:42,527] {spark_submit_hook.py:479} INFO - 22/08/08 22:47:42 INFO MemoryStore: Block broadcast_0_piece0 stored as bytes in memory (estimated size 24.7 KiB, free 434.2 MiB)
[2022-08-08 22:47:42,531] {spark_submit_hook.py:479} INFO - 22/08/08 22:47:42 INFO BlockManagerInfo: Added broadcast_0_piece0 in memory on 192.168.0.20:36381 (size: 24.7 KiB, free: 434.4 MiB)
[2022-08-08 22:47:42,537] {spark_submit_hook.py:479} INFO - 22/08/08 22:47:42 INFO SparkContext: Created broadcast 0 from json at NativeMethodAccessorImpl.java:0
[2022-08-08 22:47:42,548] {spark_submit_hook.py:479} INFO - 22/08/08 22:47:42 INFO FileSourceScanExec: Planning scan with bin packing, max size: 4213407 bytes, open cost is considered as scanning 4194304 bytes.
[2022-08-08 22:47:42,880] {spark_submit_hook.py:479} INFO - 22/08/08 22:47:42 INFO SparkContext: Starting job: json at NativeMethodAccessorImpl.java:0
[2022-08-08 22:47:42,903] {spark_submit_hook.py:479} INFO - 22/08/08 22:47:42 INFO DAGScheduler: Got job 0 (json at NativeMethodAccessorImpl.java:0) with 1 output partitions
[2022-08-08 22:47:42,903] {spark_submit_hook.py:479} INFO - 22/08/08 22:47:42 INFO DAGScheduler: Final stage: ResultStage 0 (json at NativeMethodAccessorImpl.java:0)
[2022-08-08 22:47:42,904] {spark_submit_hook.py:479} INFO - 22/08/08 22:47:42 INFO DAGScheduler: Parents of final stage: List()
[2022-08-08 22:47:42,905] {spark_submit_hook.py:479} INFO - 22/08/08 22:47:42 INFO DAGScheduler: Missing parents: List()
[2022-08-08 22:47:42,909] {spark_submit_hook.py:479} INFO - 22/08/08 22:47:42 INFO DAGScheduler: Submitting ResultStage 0 (MapPartitionsRDD[3] at json at NativeMethodAccessorImpl.java:0), which has no missing parents
[2022-08-08 22:47:43,022] {spark_submit_hook.py:479} INFO - 22/08/08 22:47:43 INFO MemoryStore: Block broadcast_1 stored as values in memory (estimated size 14.5 KiB, free 434.2 MiB)
[2022-08-08 22:47:43,025] {spark_submit_hook.py:479} INFO - 22/08/08 22:47:43 INFO MemoryStore: Block broadcast_1_piece0 stored as bytes in memory (estimated size 7.0 KiB, free 434.2 MiB)
[2022-08-08 22:47:43,026] {spark_submit_hook.py:479} INFO - 22/08/08 22:47:43 INFO BlockManagerInfo: Added broadcast_1_piece0 in memory on 192.168.0.20:36381 (size: 7.0 KiB, free: 434.4 MiB)
[2022-08-08 22:47:43,027] {spark_submit_hook.py:479} INFO - 22/08/08 22:47:43 INFO SparkContext: Created broadcast 1 from broadcast at DAGScheduler.scala:1513
[2022-08-08 22:47:43,043] {spark_submit_hook.py:479} INFO - 22/08/08 22:47:43 INFO DAGScheduler: Submitting 1 missing tasks from ResultStage 0 (MapPartitionsRDD[3] at json at NativeMethodAccessorImpl.java:0) (first 15 tasks are for partitions Vector(0))
[2022-08-08 22:47:43,044] {spark_submit_hook.py:479} INFO - 22/08/08 22:47:43 INFO TaskSchedulerImpl: Adding task set 0.0 with 1 tasks resource profile 0
[2022-08-08 22:47:43,110] {spark_submit_hook.py:479} INFO - 22/08/08 22:47:43 INFO TaskSetManager: Starting task 0.0 in stage 0.0 (TID 0) (192.168.0.20, executor driver, partition 0, PROCESS_LOCAL, 5027 bytes) taskResourceAssignments Map()
[2022-08-08 22:47:43,135] {spark_submit_hook.py:479} INFO - 22/08/08 22:47:43 INFO Executor: Running task 0.0 in stage 0.0 (TID 0)
[2022-08-08 22:47:43,325] {spark_submit_hook.py:479} INFO - 22/08/08 22:47:43 INFO FileScanRDD: Reading File path: file:///home/amadeus/ama/airflow-pipeline-alura/datapipeline/datalake/bronze/twitter_flamengomalvadao/extract_date=2022-08-04/FlamengoMalvadao_20220804.json, range: 0-19103, partition values: [empty row]
[2022-08-08 22:47:43,611] {spark_submit_hook.py:479} INFO - 22/08/08 22:47:43 INFO CodeGenerator: Code generated in 229.104996 ms
[2022-08-08 22:47:43,671] {spark_submit_hook.py:479} INFO - 22/08/08 22:47:43 INFO Executor: Finished task 0.0 in stage 0.0 (TID 0). 2784 bytes result sent to driver
[2022-08-08 22:47:43,711] {spark_submit_hook.py:479} INFO - 22/08/08 22:47:43 INFO TaskSetManager: Finished task 0.0 in stage 0.0 (TID 0) in 585 ms on 192.168.0.20 (executor driver) (1/1)
[2022-08-08 22:47:43,711] {spark_submit_hook.py:479} INFO - 22/08/08 22:47:43 INFO TaskSchedulerImpl: Removed TaskSet 0.0, whose tasks have all completed, from pool
[2022-08-08 22:47:43,711] {spark_submit_hook.py:479} INFO - 22/08/08 22:47:43 INFO DAGScheduler: ResultStage 0 (json at NativeMethodAccessorImpl.java:0) finished in 0,771 s
[2022-08-08 22:47:43,711] {spark_submit_hook.py:479} INFO - 22/08/08 22:47:43 INFO DAGScheduler: Job 0 is finished. Cancelling potential speculative or zombie tasks for this job
[2022-08-08 22:47:43,711] {spark_submit_hook.py:479} INFO - 22/08/08 22:47:43 INFO TaskSchedulerImpl: Killing all running tasks in stage 0: Stage finished
[2022-08-08 22:47:43,711] {spark_submit_hook.py:479} INFO - 22/08/08 22:47:43 INFO DAGScheduler: Job 0 finished: json at NativeMethodAccessorImpl.java:0, took 0,827440 s
[2022-08-08 22:47:43,997] {spark_submit_hook.py:479} INFO - Traceback (most recent call last):
[2022-08-08 22:47:43,997] {spark_submit_hook.py:479} INFO - File "/home/amadeus/ama/airflow-pipeline-alura/datapipeline/spark/transfortmation.py", line 57, in <module>
[2022-08-08 22:47:43,997] {spark_submit_hook.py:479} INFO - twitter_transform(spark, args.src, args.dest, args.process_date)
[2022-08-08 22:47:43,997] {spark_submit_hook.py:479} INFO - File "/home/amadeus/ama/airflow-pipeline-alura/datapipeline/spark/transfortmation.py", line 35, in twitter_transform
[2022-08-08 22:47:43,997] {spark_submit_hook.py:479} INFO - tweet_df = get_tweets_data(df)
[2022-08-08 22:47:43,997] {spark_submit_hook.py:479} INFO - File "/home/amadeus/ama/airflow-pipeline-alura/datapipeline/spark/transfortmation.py", line 8, in get_tweets_data
[2022-08-08 22:47:43,997] {spark_submit_hook.py:479} INFO - return df\
[2022-08-08 22:47:43,997] {spark_submit_hook.py:479} INFO - File "/home/amadeus/Downloads/spark-3.3.0-bin-hadoop2/python/lib/pyspark.zip/pyspark/sql/dataframe.py", line 2023, in select
[2022-08-08 22:47:43,998] {spark_submit_hook.py:479} INFO - File "/home/amadeus/Downloads/spark-3.3.0-bin-hadoop2/python/lib/py4j-0.10.9.5-src.zip/py4j/java_gateway.py", line 1321, in __call__
[2022-08-08 22:47:43,998] {spark_submit_hook.py:479} INFO - File "/home/amadeus/Downloads/spark-3.3.0-bin-hadoop2/python/lib/pyspark.zip/pyspark/sql/utils.py", line 196, in deco
[2022-08-08 22:47:44,003] {spark_submit_hook.py:479} INFO - pyspark.sql.utils.AnalysisException: No such struct field in_reply_to_user_id in author_id, conversation_id, created_at, id, public_metrics, text
[2022-08-08 22:47:44,042] {spark_submit_hook.py:479} INFO - 22/08/08 22:47:44 INFO SparkContext: Invoking stop() from shutdown hook
[2022-08-08 22:47:44,054] {spark_submit_hook.py:479} INFO - 22/08/08 22:47:44 INFO SparkUI: Stopped Spark web UI at http://192.168.0.20:4041
[2022-08-08 22:47:44,067] {spark_submit_hook.py:479} INFO - 22/08/08 22:47:44 INFO MapOutputTrackerMasterEndpoint: MapOutputTrackerMasterEndpoint stopped!
[2022-08-08 22:47:44,076] {spark_submit_hook.py:479} INFO - 22/08/08 22:47:44 INFO MemoryStore: MemoryStore cleared
[2022-08-08 22:47:44,076] {spark_submit_hook.py:479} INFO - 22/08/08 22:47:44 INFO BlockManager: BlockManager stopped
[2022-08-08 22:47:44,087] {spark_submit_hook.py:479} INFO - 22/08/08 22:47:44 INFO BlockManagerMaster: BlockManagerMaster stopped
[2022-08-08 22:47:44,089] {spark_submit_hook.py:479} INFO - 22/08/08 22:47:44 INFO OutputCommitCoordinator$OutputCommitCoordinatorEndpoint: OutputCommitCoordinator stopped!
[2022-08-08 22:47:44,093] {spark_submit_hook.py:479} INFO - 22/08/08 22:47:44 INFO SparkContext: Successfully stopped SparkContext
[2022-08-08 22:47:44,093] {spark_submit_hook.py:479} INFO - 22/08/08 22:47:44 INFO ShutdownHookManager: Shutdown hook called
[2022-08-08 22:47:44,093] {spark_submit_hook.py:479} INFO - 22/08/08 22:47:44 INFO ShutdownHookManager: Deleting directory /tmp/spark-f2bc80ef-d3ef-4974-b08c-e967c80a56f8
[2022-08-08 22:47:44,095] {spark_submit_hook.py:479} INFO - 22/08/08 22:47:44 INFO ShutdownHookManager: Deleting directory /tmp/spark-e4114784-1e01-4c0b-8417-508728794c9f
[2022-08-08 22:47:44,098] {spark_submit_hook.py:479} INFO - 22/08/08 22:47:44 INFO ShutdownHookManager: Deleting directory /tmp/spark-f2bc80ef-d3ef-4974-b08c-e967c80a56f8/pyspark-7568149b-ece2-4dc5-babf-b99968a17a36
[2022-08-08 22:47:44,305] {taskinstance.py:1150} ERROR - Cannot execute: /home/amadeus/Downloads/spark-3.3.0-bin-hadoop2/bin/spark-submit --master local --name twitter_transformation /home/amadeus/ama/airflow-pipeline-alura/datapipeline/spark/transfortmation.py --src /home/amadeus/ama/airflow-pipeline-alura/datapipeline/datalake/bronze/twitter_flamengomalvadao/extract_date=2022-08-04 --dest /home/amadeus/ama/airflow-pipeline-alura/datapipeline/datalake/silver/twitter_flamengomalvadao/ --process-date 2022-08-04. Error code is: 1.
Traceback (most recent call last):
  File "/home/amadeus/ama/airflow-pipeline-alura/datapipeline/.env/lib/python3.8/site-packages/airflow/models/taskinstance.py", line 984, in _run_raw_task
    result = task_copy.execute(context=context)
  File "/home/amadeus/ama/airflow-pipeline-alura/datapipeline/.env/lib/python3.8/site-packages/airflow/contrib/operators/spark_submit_operator.py", line 187, in execute
    self._hook.submit(self._application)
  File "/home/amadeus/ama/airflow-pipeline-alura/datapipeline/.env/lib/python3.8/site-packages/airflow/contrib/hooks/spark_submit_hook.py", line 403, in submit
    raise AirflowException(
airflow.exceptions.AirflowException: Cannot execute: /home/amadeus/Downloads/spark-3.3.0-bin-hadoop2/bin/spark-submit --master local --name twitter_transformation /home/amadeus/ama/airflow-pipeline-alura/datapipeline/spark/transfortmation.py --src /home/amadeus/ama/airflow-pipeline-alura/datapipeline/datalake/bronze/twitter_flamengomalvadao/extract_date=2022-08-04 --dest /home/amadeus/ama/airflow-pipeline-alura/datapipeline/datalake/silver/twitter_flamengomalvadao/ --process-date 2022-08-04. Error code is: 1.
[2022-08-08 22:47:44,315] {taskinstance.py:1187} INFO - Marking task as FAILED. dag_id=twitter_dag, task_id=transform_twitter_flamengomalvadao, execution_date=20220804T090000, start_date=20220809T014732, end_date=20220809T014744
[2022-08-08 22:47:46,975] {local_task_job.py:102} INFO - Task exited with return code 1
