[2022-08-08 23:38:48,756] {taskinstance.py:670} INFO - Dependencies all met for <TaskInstance: twitter_dag.transform_twitter_flamengomalvadao 2022-08-04T09:00:00+00:00 [queued]>
[2022-08-08 23:38:48,769] {taskinstance.py:670} INFO - Dependencies all met for <TaskInstance: twitter_dag.transform_twitter_flamengomalvadao 2022-08-04T09:00:00+00:00 [queued]>
[2022-08-08 23:38:48,769] {taskinstance.py:880} INFO - 
--------------------------------------------------------------------------------
[2022-08-08 23:38:48,769] {taskinstance.py:881} INFO - Starting attempt 4 of 4
[2022-08-08 23:38:48,769] {taskinstance.py:882} INFO - 
--------------------------------------------------------------------------------
[2022-08-08 23:38:49,011] {taskinstance.py:901} INFO - Executing <Task(SparkSubmitOperator): transform_twitter_flamengomalvadao> on 2022-08-04T09:00:00+00:00
[2022-08-08 23:38:49,014] {standard_task_runner.py:54} INFO - Started process 196873 to run task
[2022-08-08 23:38:49,060] {standard_task_runner.py:77} INFO - Running: ['airflow', 'run', 'twitter_dag', 'transform_twitter_flamengomalvadao', '2022-08-04T09:00:00+00:00', '--job_id', '164', '--pool', 'default_pool', '--raw', '-sd', 'DAGS_FOLDER/twitter_dag.py', '--cfg_path', '/tmp/tmprkgu_far']
[2022-08-08 23:38:49,060] {standard_task_runner.py:78} INFO - Job 164: Subtask transform_twitter_flamengomalvadao
[2022-08-08 23:38:49,309] {logging_mixin.py:112} INFO - Running <TaskInstance: twitter_dag.transform_twitter_flamengomalvadao 2022-08-04T09:00:00+00:00 [running]> on host ama
[2022-08-08 23:38:49,356] {base_hook.py:89} INFO - Using connection to: id: spark_default. Host: local, Port: None, Schema: None, Login: None, Password: None, extra: XXXXXXXX
[2022-08-08 23:38:49,358] {spark_submit_hook.py:325} INFO - Spark-Submit cmd: /home/amadeus/Downloads/spark-3.3.0-bin-hadoop2/bin/spark-submit --master local --name twitter_transformation /home/amadeus/ama/airflow-pipeline-alura/datapipeline/spark/transfortmation.py --src /home/amadeus/ama/airflow-pipeline-alura/datapipeline/datalake/bronze/twitter_flamengomalvadao/extract_date=2022-08-04 --dest /home/amadeus/ama/airflow-pipeline-alura/datapipeline/datalake/silver/twitter_flamengomalvadao/ --process-date 2022-08-04
[2022-08-08 23:38:50,565] {spark_submit_hook.py:479} INFO - 22/08/08 23:38:50 WARN Utils: Your hostname, ama resolves to a loopback address: 127.0.1.1; using 192.168.0.20 instead (on interface wlo1)
[2022-08-08 23:38:50,567] {spark_submit_hook.py:479} INFO - 22/08/08 23:38:50 WARN Utils: Set SPARK_LOCAL_IP if you need to bind to another address
[2022-08-08 23:38:51,636] {spark_submit_hook.py:479} INFO - 22/08/08 23:38:51 INFO SparkContext: Running Spark version 3.3.0
[2022-08-08 23:38:51,724] {spark_submit_hook.py:479} INFO - 22/08/08 23:38:51 WARN NativeCodeLoader: Unable to load native-hadoop library for your platform... using builtin-java classes where applicable
[2022-08-08 23:38:51,808] {spark_submit_hook.py:479} INFO - 22/08/08 23:38:51 INFO ResourceUtils: ==============================================================
[2022-08-08 23:38:51,808] {spark_submit_hook.py:479} INFO - 22/08/08 23:38:51 INFO ResourceUtils: No custom resources configured for spark.driver.
[2022-08-08 23:38:51,808] {spark_submit_hook.py:479} INFO - 22/08/08 23:38:51 INFO ResourceUtils: ==============================================================
[2022-08-08 23:38:51,809] {spark_submit_hook.py:479} INFO - 22/08/08 23:38:51 INFO SparkContext: Submitted application: twitter_transformation
[2022-08-08 23:38:51,826] {spark_submit_hook.py:479} INFO - 22/08/08 23:38:51 INFO ResourceProfile: Default ResourceProfile created, executor resources: Map(cores -> name: cores, amount: 1, script: , vendor: , memory -> name: memory, amount: 1024, script: , vendor: , offHeap -> name: offHeap, amount: 0, script: , vendor: ), task resources: Map(cpus -> name: cpus, amount: 1.0)
[2022-08-08 23:38:51,837] {spark_submit_hook.py:479} INFO - 22/08/08 23:38:51 INFO ResourceProfile: Limiting resource is cpu
[2022-08-08 23:38:51,838] {spark_submit_hook.py:479} INFO - 22/08/08 23:38:51 INFO ResourceProfileManager: Added ResourceProfile id: 0
[2022-08-08 23:38:51,888] {spark_submit_hook.py:479} INFO - 22/08/08 23:38:51 INFO SecurityManager: Changing view acls to: amadeus
[2022-08-08 23:38:51,889] {spark_submit_hook.py:479} INFO - 22/08/08 23:38:51 INFO SecurityManager: Changing modify acls to: amadeus
[2022-08-08 23:38:51,890] {spark_submit_hook.py:479} INFO - 22/08/08 23:38:51 INFO SecurityManager: Changing view acls groups to:
[2022-08-08 23:38:51,890] {spark_submit_hook.py:479} INFO - 22/08/08 23:38:51 INFO SecurityManager: Changing modify acls groups to:
[2022-08-08 23:38:51,890] {spark_submit_hook.py:479} INFO - 22/08/08 23:38:51 INFO SecurityManager: SecurityManager: authentication disabled; ui acls disabled; users  with view permissions: Set(amadeus); groups with view permissions: Set(); users  with modify permissions: Set(amadeus); groups with modify permissions: Set()
[2022-08-08 23:38:52,158] {spark_submit_hook.py:479} INFO - 22/08/08 23:38:52 INFO Utils: Successfully started service 'sparkDriver' on port 44743.
[2022-08-08 23:38:52,185] {spark_submit_hook.py:479} INFO - 22/08/08 23:38:52 INFO SparkEnv: Registering MapOutputTracker
[2022-08-08 23:38:52,228] {spark_submit_hook.py:479} INFO - 22/08/08 23:38:52 INFO SparkEnv: Registering BlockManagerMaster
[2022-08-08 23:38:52,252] {spark_submit_hook.py:479} INFO - 22/08/08 23:38:52 INFO BlockManagerMasterEndpoint: Using org.apache.spark.storage.DefaultTopologyMapper for getting topology information
[2022-08-08 23:38:52,253] {spark_submit_hook.py:479} INFO - 22/08/08 23:38:52 INFO BlockManagerMasterEndpoint: BlockManagerMasterEndpoint up
[2022-08-08 23:38:52,260] {spark_submit_hook.py:479} INFO - 22/08/08 23:38:52 INFO SparkEnv: Registering BlockManagerMasterHeartbeat
[2022-08-08 23:38:52,302] {spark_submit_hook.py:479} INFO - 22/08/08 23:38:52 INFO DiskBlockManager: Created local directory at /tmp/blockmgr-ea9260d5-6d4a-42ef-8a40-33bf05f62d35
[2022-08-08 23:38:52,324] {spark_submit_hook.py:479} INFO - 22/08/08 23:38:52 INFO MemoryStore: MemoryStore started with capacity 434.4 MiB
[2022-08-08 23:38:52,349] {spark_submit_hook.py:479} INFO - 22/08/08 23:38:52 INFO SparkEnv: Registering OutputCommitCoordinator
[2022-08-08 23:38:52,586] {spark_submit_hook.py:479} INFO - 22/08/08 23:38:52 WARN Utils: Service 'SparkUI' could not bind on port 4040. Attempting port 4041.
[2022-08-08 23:38:52,595] {spark_submit_hook.py:479} INFO - 22/08/08 23:38:52 INFO Utils: Successfully started service 'SparkUI' on port 4041.
[2022-08-08 23:38:52,694] {spark_submit_hook.py:479} INFO - 22/08/08 23:38:52 INFO Executor: Starting executor ID driver on host 192.168.0.20
[2022-08-08 23:38:52,700] {spark_submit_hook.py:479} INFO - 22/08/08 23:38:52 INFO Executor: Starting executor with user classpath (userClassPathFirst = false): ''
[2022-08-08 23:38:52,714] {spark_submit_hook.py:479} INFO - 22/08/08 23:38:52 INFO Utils: Successfully started service 'org.apache.spark.network.netty.NettyBlockTransferService' on port 33431.
[2022-08-08 23:38:52,715] {spark_submit_hook.py:479} INFO - 22/08/08 23:38:52 INFO NettyBlockTransferService: Server created on 192.168.0.20:33431
[2022-08-08 23:38:52,716] {spark_submit_hook.py:479} INFO - 22/08/08 23:38:52 INFO BlockManager: Using org.apache.spark.storage.RandomBlockReplicationPolicy for block replication policy
[2022-08-08 23:38:52,721] {spark_submit_hook.py:479} INFO - 22/08/08 23:38:52 INFO BlockManagerMaster: Registering BlockManager BlockManagerId(driver, 192.168.0.20, 33431, None)
[2022-08-08 23:38:52,724] {spark_submit_hook.py:479} INFO - 22/08/08 23:38:52 INFO BlockManagerMasterEndpoint: Registering block manager 192.168.0.20:33431 with 434.4 MiB RAM, BlockManagerId(driver, 192.168.0.20, 33431, None)
[2022-08-08 23:38:52,725] {spark_submit_hook.py:479} INFO - 22/08/08 23:38:52 INFO BlockManagerMaster: Registered BlockManager BlockManagerId(driver, 192.168.0.20, 33431, None)
[2022-08-08 23:38:52,726] {spark_submit_hook.py:479} INFO - 22/08/08 23:38:52 INFO BlockManager: Initialized BlockManager: BlockManagerId(driver, 192.168.0.20, 33431, None)
[2022-08-08 23:38:53,138] {spark_submit_hook.py:479} INFO - 22/08/08 23:38:53 INFO SharedState: Setting hive.metastore.warehouse.dir ('null') to the value of spark.sql.warehouse.dir.
[2022-08-08 23:38:53,141] {spark_submit_hook.py:479} INFO - 22/08/08 23:38:53 INFO SharedState: Warehouse path is 'file:/home/amadeus/ama/airflow-pipeline-alura/datapipeline/spark-warehouse'.
[2022-08-08 23:38:53,869] {spark_submit_hook.py:479} INFO - 22/08/08 23:38:53 INFO InMemoryFileIndex: It took 57 ms to list leaf files for 1 paths.
[2022-08-08 23:38:53,927] {spark_submit_hook.py:479} INFO - 22/08/08 23:38:53 INFO InMemoryFileIndex: It took 1 ms to list leaf files for 1 paths.
[2022-08-08 23:38:55,453] {spark_submit_hook.py:479} INFO - 22/08/08 23:38:55 INFO FileSourceStrategy: Pushed Filters:
[2022-08-08 23:38:55,454] {spark_submit_hook.py:479} INFO - 22/08/08 23:38:55 INFO FileSourceStrategy: Post-Scan Filters:
[2022-08-08 23:38:55,457] {spark_submit_hook.py:479} INFO - 22/08/08 23:38:55 INFO FileSourceStrategy: Output Data Schema: struct<value: string>
[2022-08-08 23:38:55,693] {spark_submit_hook.py:479} INFO - 22/08/08 23:38:55 INFO MemoryStore: Block broadcast_0 stored as values in memory (estimated size 173.7 KiB, free 434.2 MiB)
[2022-08-08 23:38:55,736] {spark_submit_hook.py:479} INFO - 22/08/08 23:38:55 INFO MemoryStore: Block broadcast_0_piece0 stored as bytes in memory (estimated size 24.7 KiB, free 434.2 MiB)
[2022-08-08 23:38:55,738] {spark_submit_hook.py:479} INFO - 22/08/08 23:38:55 INFO BlockManagerInfo: Added broadcast_0_piece0 in memory on 192.168.0.20:33431 (size: 24.7 KiB, free: 434.4 MiB)
[2022-08-08 23:38:55,742] {spark_submit_hook.py:479} INFO - 22/08/08 23:38:55 INFO SparkContext: Created broadcast 0 from json at NativeMethodAccessorImpl.java:0
[2022-08-08 23:38:55,749] {spark_submit_hook.py:479} INFO - 22/08/08 23:38:55 INFO FileSourceScanExec: Planning scan with bin packing, max size: 4213407 bytes, open cost is considered as scanning 4194304 bytes.
[2022-08-08 23:38:55,946] {spark_submit_hook.py:479} INFO - 22/08/08 23:38:55 INFO SparkContext: Starting job: json at NativeMethodAccessorImpl.java:0
[2022-08-08 23:38:55,958] {spark_submit_hook.py:479} INFO - 22/08/08 23:38:55 INFO DAGScheduler: Got job 0 (json at NativeMethodAccessorImpl.java:0) with 1 output partitions
[2022-08-08 23:38:55,958] {spark_submit_hook.py:479} INFO - 22/08/08 23:38:55 INFO DAGScheduler: Final stage: ResultStage 0 (json at NativeMethodAccessorImpl.java:0)
[2022-08-08 23:38:55,959] {spark_submit_hook.py:479} INFO - 22/08/08 23:38:55 INFO DAGScheduler: Parents of final stage: List()
[2022-08-08 23:38:55,959] {spark_submit_hook.py:479} INFO - 22/08/08 23:38:55 INFO DAGScheduler: Missing parents: List()
[2022-08-08 23:38:55,963] {spark_submit_hook.py:479} INFO - 22/08/08 23:38:55 INFO DAGScheduler: Submitting ResultStage 0 (MapPartitionsRDD[3] at json at NativeMethodAccessorImpl.java:0), which has no missing parents
[2022-08-08 23:38:56,038] {spark_submit_hook.py:479} INFO - 22/08/08 23:38:56 INFO MemoryStore: Block broadcast_1 stored as values in memory (estimated size 14.5 KiB, free 434.2 MiB)
[2022-08-08 23:38:56,040] {spark_submit_hook.py:479} INFO - 22/08/08 23:38:56 INFO MemoryStore: Block broadcast_1_piece0 stored as bytes in memory (estimated size 7.0 KiB, free 434.2 MiB)
[2022-08-08 23:38:56,040] {spark_submit_hook.py:479} INFO - 22/08/08 23:38:56 INFO BlockManagerInfo: Added broadcast_1_piece0 in memory on 192.168.0.20:33431 (size: 7.0 KiB, free: 434.4 MiB)
[2022-08-08 23:38:56,041] {spark_submit_hook.py:479} INFO - 22/08/08 23:38:56 INFO SparkContext: Created broadcast 1 from broadcast at DAGScheduler.scala:1513
[2022-08-08 23:38:56,051] {spark_submit_hook.py:479} INFO - 22/08/08 23:38:56 INFO DAGScheduler: Submitting 1 missing tasks from ResultStage 0 (MapPartitionsRDD[3] at json at NativeMethodAccessorImpl.java:0) (first 15 tasks are for partitions Vector(0))
[2022-08-08 23:38:56,052] {spark_submit_hook.py:479} INFO - 22/08/08 23:38:56 INFO TaskSchedulerImpl: Adding task set 0.0 with 1 tasks resource profile 0
[2022-08-08 23:38:56,091] {spark_submit_hook.py:479} INFO - 22/08/08 23:38:56 INFO TaskSetManager: Starting task 0.0 in stage 0.0 (TID 0) (192.168.0.20, executor driver, partition 0, PROCESS_LOCAL, 5027 bytes) taskResourceAssignments Map()
[2022-08-08 23:38:56,104] {spark_submit_hook.py:479} INFO - 22/08/08 23:38:56 INFO Executor: Running task 0.0 in stage 0.0 (TID 0)
[2022-08-08 23:38:56,205] {spark_submit_hook.py:479} INFO - 22/08/08 23:38:56 INFO FileScanRDD: Reading File path: file:///home/amadeus/ama/airflow-pipeline-alura/datapipeline/datalake/bronze/twitter_flamengomalvadao/extract_date=2022-08-04/FlamengoMalvadao_20220804.json, range: 0-19103, partition values: [empty row]
[2022-08-08 23:38:56,388] {spark_submit_hook.py:479} INFO - 22/08/08 23:38:56 INFO CodeGenerator: Code generated in 156.938723 ms
[2022-08-08 23:38:56,432] {spark_submit_hook.py:479} INFO - 22/08/08 23:38:56 INFO Executor: Finished task 0.0 in stage 0.0 (TID 0). 2784 bytes result sent to driver
[2022-08-08 23:38:56,438] {spark_submit_hook.py:479} INFO - 22/08/08 23:38:56 INFO TaskSetManager: Finished task 0.0 in stage 0.0 (TID 0) in 354 ms on 192.168.0.20 (executor driver) (1/1)
[2022-08-08 23:38:56,440] {spark_submit_hook.py:479} INFO - 22/08/08 23:38:56 INFO TaskSchedulerImpl: Removed TaskSet 0.0, whose tasks have all completed, from pool
[2022-08-08 23:38:56,444] {spark_submit_hook.py:479} INFO - 22/08/08 23:38:56 INFO DAGScheduler: ResultStage 0 (json at NativeMethodAccessorImpl.java:0) finished in 0,468 s
[2022-08-08 23:38:56,446] {spark_submit_hook.py:479} INFO - 22/08/08 23:38:56 INFO DAGScheduler: Job 0 is finished. Cancelling potential speculative or zombie tasks for this job
[2022-08-08 23:38:56,446] {spark_submit_hook.py:479} INFO - 22/08/08 23:38:56 INFO TaskSchedulerImpl: Killing all running tasks in stage 0: Stage finished
[2022-08-08 23:38:56,448] {spark_submit_hook.py:479} INFO - 22/08/08 23:38:56 INFO DAGScheduler: Job 0 finished: json at NativeMethodAccessorImpl.java:0, took 0,501943 s
[2022-08-08 23:38:56,654] {spark_submit_hook.py:479} INFO - 22/08/08 23:38:56 INFO BlockManagerInfo: Removed broadcast_0_piece0 on 192.168.0.20:33431 in memory (size: 24.7 KiB, free: 434.4 MiB)
[2022-08-08 23:38:56,659] {spark_submit_hook.py:479} INFO - 22/08/08 23:38:56 INFO BlockManagerInfo: Removed broadcast_1_piece0 on 192.168.0.20:33431 in memory (size: 7.0 KiB, free: 434.4 MiB)
[2022-08-08 23:38:56,685] {spark_submit_hook.py:479} INFO - Traceback (most recent call last):
[2022-08-08 23:38:56,685] {spark_submit_hook.py:479} INFO - File "/home/amadeus/ama/airflow-pipeline-alura/datapipeline/spark/transfortmation.py", line 57, in <module>
[2022-08-08 23:38:56,685] {spark_submit_hook.py:479} INFO - twitter_transform(spark, args.src, args.dest, args.process_date)
[2022-08-08 23:38:56,685] {spark_submit_hook.py:479} INFO - File "/home/amadeus/ama/airflow-pipeline-alura/datapipeline/spark/transfortmation.py", line 35, in twitter_transform
[2022-08-08 23:38:56,685] {spark_submit_hook.py:479} INFO - tweet_df = get_tweets_data(df)
[2022-08-08 23:38:56,685] {spark_submit_hook.py:479} INFO - File "/home/amadeus/ama/airflow-pipeline-alura/datapipeline/spark/transfortmation.py", line 8, in get_tweets_data
[2022-08-08 23:38:56,685] {spark_submit_hook.py:479} INFO - return df\
[2022-08-08 23:38:56,685] {spark_submit_hook.py:479} INFO - File "/home/amadeus/Downloads/spark-3.3.0-bin-hadoop2/python/lib/pyspark.zip/pyspark/sql/dataframe.py", line 2023, in select
[2022-08-08 23:38:56,685] {spark_submit_hook.py:479} INFO - File "/home/amadeus/Downloads/spark-3.3.0-bin-hadoop2/python/lib/py4j-0.10.9.5-src.zip/py4j/java_gateway.py", line 1321, in __call__
[2022-08-08 23:38:56,685] {spark_submit_hook.py:479} INFO - File "/home/amadeus/Downloads/spark-3.3.0-bin-hadoop2/python/lib/pyspark.zip/pyspark/sql/utils.py", line 196, in deco
[2022-08-08 23:38:56,689] {spark_submit_hook.py:479} INFO - pyspark.sql.utils.AnalysisException: No such struct field in_reply_to_user_id in author_id, conversation_id, created_at, id, public_metrics, text
[2022-08-08 23:38:56,719] {spark_submit_hook.py:479} INFO - 22/08/08 23:38:56 INFO SparkContext: Invoking stop() from shutdown hook
[2022-08-08 23:38:56,727] {spark_submit_hook.py:479} INFO - 22/08/08 23:38:56 INFO SparkUI: Stopped Spark web UI at http://192.168.0.20:4041
[2022-08-08 23:38:56,736] {spark_submit_hook.py:479} INFO - 22/08/08 23:38:56 INFO MapOutputTrackerMasterEndpoint: MapOutputTrackerMasterEndpoint stopped!
[2022-08-08 23:38:56,743] {spark_submit_hook.py:479} INFO - 22/08/08 23:38:56 INFO MemoryStore: MemoryStore cleared
[2022-08-08 23:38:56,743] {spark_submit_hook.py:479} INFO - 22/08/08 23:38:56 INFO BlockManager: BlockManager stopped
[2022-08-08 23:38:56,746] {spark_submit_hook.py:479} INFO - 22/08/08 23:38:56 INFO BlockManagerMaster: BlockManagerMaster stopped
[2022-08-08 23:38:56,748] {spark_submit_hook.py:479} INFO - 22/08/08 23:38:56 INFO OutputCommitCoordinator$OutputCommitCoordinatorEndpoint: OutputCommitCoordinator stopped!
[2022-08-08 23:38:56,751] {spark_submit_hook.py:479} INFO - 22/08/08 23:38:56 INFO SparkContext: Successfully stopped SparkContext
[2022-08-08 23:38:56,751] {spark_submit_hook.py:479} INFO - 22/08/08 23:38:56 INFO ShutdownHookManager: Shutdown hook called
[2022-08-08 23:38:56,752] {spark_submit_hook.py:479} INFO - 22/08/08 23:38:56 INFO ShutdownHookManager: Deleting directory /tmp/spark-68d5abbc-8b6c-43c5-a9da-6b0835e81dac/pyspark-899354d1-4248-4e4b-afa7-3dce8bac68bc
[2022-08-08 23:38:56,753] {spark_submit_hook.py:479} INFO - 22/08/08 23:38:56 INFO ShutdownHookManager: Deleting directory /tmp/spark-48682168-6e9a-4dab-9be7-5c6030c7890f
[2022-08-08 23:38:56,755] {spark_submit_hook.py:479} INFO - 22/08/08 23:38:56 INFO ShutdownHookManager: Deleting directory /tmp/spark-68d5abbc-8b6c-43c5-a9da-6b0835e81dac
[2022-08-08 23:38:56,804] {taskinstance.py:1150} ERROR - Cannot execute: /home/amadeus/Downloads/spark-3.3.0-bin-hadoop2/bin/spark-submit --master local --name twitter_transformation /home/amadeus/ama/airflow-pipeline-alura/datapipeline/spark/transfortmation.py --src /home/amadeus/ama/airflow-pipeline-alura/datapipeline/datalake/bronze/twitter_flamengomalvadao/extract_date=2022-08-04 --dest /home/amadeus/ama/airflow-pipeline-alura/datapipeline/datalake/silver/twitter_flamengomalvadao/ --process-date 2022-08-04. Error code is: 1.
Traceback (most recent call last):
  File "/home/amadeus/ama/airflow-pipeline-alura/datapipeline/.env/lib/python3.8/site-packages/airflow/models/taskinstance.py", line 984, in _run_raw_task
    result = task_copy.execute(context=context)
  File "/home/amadeus/ama/airflow-pipeline-alura/datapipeline/.env/lib/python3.8/site-packages/airflow/contrib/operators/spark_submit_operator.py", line 187, in execute
    self._hook.submit(self._application)
  File "/home/amadeus/ama/airflow-pipeline-alura/datapipeline/.env/lib/python3.8/site-packages/airflow/contrib/hooks/spark_submit_hook.py", line 403, in submit
    raise AirflowException(
airflow.exceptions.AirflowException: Cannot execute: /home/amadeus/Downloads/spark-3.3.0-bin-hadoop2/bin/spark-submit --master local --name twitter_transformation /home/amadeus/ama/airflow-pipeline-alura/datapipeline/spark/transfortmation.py --src /home/amadeus/ama/airflow-pipeline-alura/datapipeline/datalake/bronze/twitter_flamengomalvadao/extract_date=2022-08-04 --dest /home/amadeus/ama/airflow-pipeline-alura/datapipeline/datalake/silver/twitter_flamengomalvadao/ --process-date 2022-08-04. Error code is: 1.
[2022-08-08 23:38:56,805] {taskinstance.py:1187} INFO - Marking task as FAILED. dag_id=twitter_dag, task_id=transform_twitter_flamengomalvadao, execution_date=20220804T090000, start_date=20220809T023848, end_date=20220809T023856
[2022-08-08 23:38:58,547] {local_task_job.py:102} INFO - Task exited with return code 1
