[2022-08-04 11:45:46,361] {taskinstance.py:670} INFO - Dependencies all met for <TaskInstance: twitter_dag.twitter_flamengomalvadao 2022-08-02T09:00:00+00:00 [queued]>
[2022-08-04 11:45:46,374] {taskinstance.py:670} INFO - Dependencies all met for <TaskInstance: twitter_dag.twitter_flamengomalvadao 2022-08-02T09:00:00+00:00 [queued]>
[2022-08-04 11:45:46,375] {taskinstance.py:880} INFO - 
--------------------------------------------------------------------------------
[2022-08-04 11:45:46,375] {taskinstance.py:881} INFO - Starting attempt 1 of 1
[2022-08-04 11:45:46,375] {taskinstance.py:882} INFO - 
--------------------------------------------------------------------------------
[2022-08-04 11:45:46,675] {taskinstance.py:901} INFO - Executing <Task(TwitterOperator): twitter_flamengomalvadao> on 2022-08-02T09:00:00+00:00
[2022-08-04 11:45:46,679] {standard_task_runner.py:54} INFO - Started process 129813 to run task
[2022-08-04 11:45:46,740] {standard_task_runner.py:77} INFO - Running: ['airflow', 'run', 'twitter_dag', 'twitter_flamengomalvadao', '2022-08-02T09:00:00+00:00', '--job_id', '32', '--pool', 'default_pool', '--raw', '-sd', 'DAGS_FOLDER/twitter_dag.py', '--cfg_path', '/tmp/tmpe9yl55ca']
[2022-08-04 11:45:46,741] {standard_task_runner.py:78} INFO - Job 32: Subtask twitter_flamengomalvadao
[2022-08-04 11:45:47,078] {logging_mixin.py:112} INFO - Running <TaskInstance: twitter_dag.twitter_flamengomalvadao 2022-08-02T09:00:00+00:00 [running]> on host ama
[2022-08-04 11:45:47,125] {base_hook.py:89} INFO - Using connection to: id: twitter_default. Host: https://api.twitter.com, Port: None, Schema: None, Login: None, Password: None, extra: XXXXXXXX
[2022-08-04 11:45:47,126] {twitter_hook.py:36} INFO - URL: https://api.twitter.com/2/tweets/search/recent?query=FlamengoMalvadao&tweet.fields=author_id,conversation_id,created_at,id,in_reply_to_user_id,public_metrics,text&expansions=author_id&user.fields=id,name,username,created_at&start_time=2022-08-02T09:00:00.00Z&end_time=2022-08-03T09:00:00.00Z
[2022-08-04 11:45:47,307] {logging_mixin.py:112} WARNING - /home/amadeus/ama/airflow-pipeline-alura/datapipeline/.env/lib/python3.8/site-packages/urllib3/connectionpool.py:981: InsecureRequestWarning: Unverified HTTPS request is being made to host 'api.twitter.com'. Adding certificate verification is strongly advised. See: https://urllib3.readthedocs.io/en/latest/advanced-usage.html#ssl-warnings
  warnings.warn(
[2022-08-04 11:45:47,619] {twitter_hook.py:36} INFO - URL: https://api.twitter.com/2/tweets/search/recent?query=FlamengoMalvadao&tweet.fields=author_id,conversation_id,created_at,id,in_reply_to_user_id,public_metrics,text&expansions=author_id&user.fields=id,name,username,created_at&start_time=2022-08-02T09:00:00.00Z&end_time=2022-08-03T09:00:00.00Z&next_token=b26v89c19zqg8o3fpz5lt1p3h8chfqj0xiuxp8csa8rr1
[2022-08-04 11:45:47,621] {logging_mixin.py:112} WARNING - /home/amadeus/ama/airflow-pipeline-alura/datapipeline/.env/lib/python3.8/site-packages/urllib3/connectionpool.py:981: InsecureRequestWarning: Unverified HTTPS request is being made to host 'api.twitter.com'. Adding certificate verification is strongly advised. See: https://urllib3.readthedocs.io/en/latest/advanced-usage.html#ssl-warnings
  warnings.warn(
[2022-08-04 11:45:47,985] {twitter_hook.py:36} INFO - URL: https://api.twitter.com/2/tweets/search/recent?query=FlamengoMalvadao&tweet.fields=author_id,conversation_id,created_at,id,in_reply_to_user_id,public_metrics,text&expansions=author_id&user.fields=id,name,username,created_at&start_time=2022-08-02T09:00:00.00Z&end_time=2022-08-03T09:00:00.00Z&next_token=b26v89c19zqg8o3fpz5lt1osrtkqmghqxwnx3mq4ehu2l
[2022-08-04 11:45:47,987] {logging_mixin.py:112} WARNING - /home/amadeus/ama/airflow-pipeline-alura/datapipeline/.env/lib/python3.8/site-packages/urllib3/connectionpool.py:981: InsecureRequestWarning: Unverified HTTPS request is being made to host 'api.twitter.com'. Adding certificate verification is strongly advised. See: https://urllib3.readthedocs.io/en/latest/advanced-usage.html#ssl-warnings
  warnings.warn(
[2022-08-04 11:45:48,330] {twitter_hook.py:36} INFO - URL: https://api.twitter.com/2/tweets/search/recent?query=FlamengoMalvadao&tweet.fields=author_id,conversation_id,created_at,id,in_reply_to_user_id,public_metrics,text&expansions=author_id&user.fields=id,name,username,created_at&start_time=2022-08-02T09:00:00.00Z&end_time=2022-08-03T09:00:00.00Z&next_token=b26v89c19zqg8o3fpz5lt1osirc2diym24ardt417c5ml
[2022-08-04 11:45:48,332] {logging_mixin.py:112} WARNING - /home/amadeus/ama/airflow-pipeline-alura/datapipeline/.env/lib/python3.8/site-packages/urllib3/connectionpool.py:981: InsecureRequestWarning: Unverified HTTPS request is being made to host 'api.twitter.com'. Adding certificate verification is strongly advised. See: https://urllib3.readthedocs.io/en/latest/advanced-usage.html#ssl-warnings
  warnings.warn(
[2022-08-04 11:45:48,674] {twitter_hook.py:36} INFO - URL: https://api.twitter.com/2/tweets/search/recent?query=FlamengoMalvadao&tweet.fields=author_id,conversation_id,created_at,id,in_reply_to_user_id,public_metrics,text&expansions=author_id&user.fields=id,name,username,created_at&start_time=2022-08-02T09:00:00.00Z&end_time=2022-08-03T09:00:00.00Z&next_token=b26v89c19zqg8o3fpz5lt1ohxvsiis2jsihyk5ei119x9
[2022-08-04 11:45:48,675] {logging_mixin.py:112} WARNING - /home/amadeus/ama/airflow-pipeline-alura/datapipeline/.env/lib/python3.8/site-packages/urllib3/connectionpool.py:981: InsecureRequestWarning: Unverified HTTPS request is being made to host 'api.twitter.com'. Adding certificate verification is strongly advised. See: https://urllib3.readthedocs.io/en/latest/advanced-usage.html#ssl-warnings
  warnings.warn(
[2022-08-04 11:45:49,010] {twitter_hook.py:36} INFO - URL: https://api.twitter.com/2/tweets/search/recent?query=FlamengoMalvadao&tweet.fields=author_id,conversation_id,created_at,id,in_reply_to_user_id,public_metrics,text&expansions=author_id&user.fields=id,name,username,created_at&start_time=2022-08-02T09:00:00.00Z&end_time=2022-08-03T09:00:00.00Z&next_token=b26v89c19zqg8o3fpz5lt1ohuv6qg4we345qdd1gwg6f1
[2022-08-04 11:45:49,012] {logging_mixin.py:112} WARNING - /home/amadeus/ama/airflow-pipeline-alura/datapipeline/.env/lib/python3.8/site-packages/urllib3/connectionpool.py:981: InsecureRequestWarning: Unverified HTTPS request is being made to host 'api.twitter.com'. Adding certificate verification is strongly advised. See: https://urllib3.readthedocs.io/en/latest/advanced-usage.html#ssl-warnings
  warnings.warn(
[2022-08-04 11:45:49,319] {twitter_hook.py:36} INFO - URL: https://api.twitter.com/2/tweets/search/recent?query=FlamengoMalvadao&tweet.fields=author_id,conversation_id,created_at,id,in_reply_to_user_id,public_metrics,text&expansions=author_id&user.fields=id,name,username,created_at&start_time=2022-08-02T09:00:00.00Z&end_time=2022-08-03T09:00:00.00Z&next_token=b26v89c19zqg8o3fpz5lt1ohrtxvontwhkctgbtp05471
[2022-08-04 11:45:49,320] {logging_mixin.py:112} WARNING - /home/amadeus/ama/airflow-pipeline-alura/datapipeline/.env/lib/python3.8/site-packages/urllib3/connectionpool.py:981: InsecureRequestWarning: Unverified HTTPS request is being made to host 'api.twitter.com'. Adding certificate verification is strongly advised. See: https://urllib3.readthedocs.io/en/latest/advanced-usage.html#ssl-warnings
  warnings.warn(
[2022-08-04 11:45:49,660] {twitter_hook.py:36} INFO - URL: https://api.twitter.com/2/tweets/search/recent?query=FlamengoMalvadao&tweet.fields=author_id,conversation_id,created_at,id,in_reply_to_user_id,public_metrics,text&expansions=author_id&user.fields=id,name,username,created_at&start_time=2022-08-02T09:00:00.00Z&end_time=2022-08-03T09:00:00.00Z&next_token=b26v89c19zqg8o3fpz5lt1ohqb3r8wjz9rug52u8ayagt
[2022-08-04 11:45:49,660] {logging_mixin.py:112} WARNING - /home/amadeus/ama/airflow-pipeline-alura/datapipeline/.env/lib/python3.8/site-packages/urllib3/connectionpool.py:981: InsecureRequestWarning: Unverified HTTPS request is being made to host 'api.twitter.com'. Adding certificate verification is strongly advised. See: https://urllib3.readthedocs.io/en/latest/advanced-usage.html#ssl-warnings
  warnings.warn(
[2022-08-04 11:45:50,010] {twitter_hook.py:36} INFO - URL: https://api.twitter.com/2/tweets/search/recent?query=FlamengoMalvadao&tweet.fields=author_id,conversation_id,created_at,id,in_reply_to_user_id,public_metrics,text&expansions=author_id&user.fields=id,name,username,created_at&start_time=2022-08-02T09:00:00.00Z&end_time=2022-08-03T09:00:00.00Z&next_token=b26v89c19zqg8o3fpz5lt1ohoru8osa8wcpxck23wuz5p
[2022-08-04 11:45:50,012] {logging_mixin.py:112} WARNING - /home/amadeus/ama/airflow-pipeline-alura/datapipeline/.env/lib/python3.8/site-packages/urllib3/connectionpool.py:981: InsecureRequestWarning: Unverified HTTPS request is being made to host 'api.twitter.com'. Adding certificate verification is strongly advised. See: https://urllib3.readthedocs.io/en/latest/advanced-usage.html#ssl-warnings
  warnings.warn(
[2022-08-04 11:45:50,359] {twitter_hook.py:36} INFO - URL: https://api.twitter.com/2/tweets/search/recent?query=FlamengoMalvadao&tweet.fields=author_id,conversation_id,created_at,id,in_reply_to_user_id,public_metrics,text&expansions=author_id&user.fields=id,name,username,created_at&start_time=2022-08-02T09:00:00.00Z&end_time=2022-08-03T09:00:00.00Z&next_token=b26v89c19zqg8o3fpz5lt1o7a02d5dxes7mpexkx4z62l
[2022-08-04 11:45:50,361] {logging_mixin.py:112} WARNING - /home/amadeus/ama/airflow-pipeline-alura/datapipeline/.env/lib/python3.8/site-packages/urllib3/connectionpool.py:981: InsecureRequestWarning: Unverified HTTPS request is being made to host 'api.twitter.com'. Adding certificate verification is strongly advised. See: https://urllib3.readthedocs.io/en/latest/advanced-usage.html#ssl-warnings
  warnings.warn(
[2022-08-04 11:45:50,682] {twitter_hook.py:36} INFO - URL: https://api.twitter.com/2/tweets/search/recent?query=FlamengoMalvadao&tweet.fields=author_id,conversation_id,created_at,id,in_reply_to_user_id,public_metrics,text&expansions=author_id&user.fields=id,name,username,created_at&start_time=2022-08-02T09:00:00.00Z&end_time=2022-08-03T09:00:00.00Z&next_token=b26v89c19zqg8o3fpz5lt1o78i36d2e4vrsrbgytnbat9
[2022-08-04 11:45:50,682] {logging_mixin.py:112} WARNING - /home/amadeus/ama/airflow-pipeline-alura/datapipeline/.env/lib/python3.8/site-packages/urllib3/connectionpool.py:981: InsecureRequestWarning: Unverified HTTPS request is being made to host 'api.twitter.com'. Adding certificate verification is strongly advised. See: https://urllib3.readthedocs.io/en/latest/advanced-usage.html#ssl-warnings
  warnings.warn(
[2022-08-04 11:45:50,998] {twitter_hook.py:36} INFO - URL: https://api.twitter.com/2/tweets/search/recent?query=FlamengoMalvadao&tweet.fields=author_id,conversation_id,created_at,id,in_reply_to_user_id,public_metrics,text&expansions=author_id&user.fields=id,name,username,created_at&start_time=2022-08-02T09:00:00.00Z&end_time=2022-08-03T09:00:00.00Z&next_token=b26v89c19zqg8o3fpz5lt1o76zw6rlwsr9y60vec3mh6l
[2022-08-04 11:45:51,000] {logging_mixin.py:112} WARNING - /home/amadeus/ama/airflow-pipeline-alura/datapipeline/.env/lib/python3.8/site-packages/urllib3/connectionpool.py:981: InsecureRequestWarning: Unverified HTTPS request is being made to host 'api.twitter.com'. Adding certificate verification is strongly advised. See: https://urllib3.readthedocs.io/en/latest/advanced-usage.html#ssl-warnings
  warnings.warn(
[2022-08-04 11:45:51,323] {twitter_hook.py:36} INFO - URL: https://api.twitter.com/2/tweets/search/recent?query=FlamengoMalvadao&tweet.fields=author_id,conversation_id,created_at,id,in_reply_to_user_id,public_metrics,text&expansions=author_id&user.fields=id,name,username,created_at&start_time=2022-08-02T09:00:00.00Z&end_time=2022-08-03T09:00:00.00Z&next_token=b26v89c19zqg8o3fpz5lt1o76ye7i7w39z88cj243tbp9
[2022-08-04 11:45:51,326] {logging_mixin.py:112} WARNING - /home/amadeus/ama/airflow-pipeline-alura/datapipeline/.env/lib/python3.8/site-packages/urllib3/connectionpool.py:981: InsecureRequestWarning: Unverified HTTPS request is being made to host 'api.twitter.com'. Adding certificate verification is strongly advised. See: https://urllib3.readthedocs.io/en/latest/advanced-usage.html#ssl-warnings
  warnings.warn(
[2022-08-04 11:45:51,636] {twitter_hook.py:36} INFO - URL: https://api.twitter.com/2/tweets/search/recent?query=FlamengoMalvadao&tweet.fields=author_id,conversation_id,created_at,id,in_reply_to_user_id,public_metrics,text&expansions=author_id&user.fields=id,name,username,created_at&start_time=2022-08-02T09:00:00.00Z&end_time=2022-08-03T09:00:00.00Z&next_token=b26v89c19zqg8o3fpz5lt1o75gmkxbcudd9vzrr8r0xvh
[2022-08-04 11:45:51,638] {logging_mixin.py:112} WARNING - /home/amadeus/ama/airflow-pipeline-alura/datapipeline/.env/lib/python3.8/site-packages/urllib3/connectionpool.py:981: InsecureRequestWarning: Unverified HTTPS request is being made to host 'api.twitter.com'. Adding certificate verification is strongly advised. See: https://urllib3.readthedocs.io/en/latest/advanced-usage.html#ssl-warnings
  warnings.warn(
[2022-08-04 11:45:51,954] {twitter_hook.py:36} INFO - URL: https://api.twitter.com/2/tweets/search/recent?query=FlamengoMalvadao&tweet.fields=author_id,conversation_id,created_at,id,in_reply_to_user_id,public_metrics,text&expansions=author_id&user.fields=id,name,username,created_at&start_time=2022-08-02T09:00:00.00Z&end_time=2022-08-03T09:00:00.00Z&next_token=b26v89c19zqg8o3fpz5lt1o75fzh6i8vth894j4cy8m7x
[2022-08-04 11:45:51,957] {logging_mixin.py:112} WARNING - /home/amadeus/ama/airflow-pipeline-alura/datapipeline/.env/lib/python3.8/site-packages/urllib3/connectionpool.py:981: InsecureRequestWarning: Unverified HTTPS request is being made to host 'api.twitter.com'. Adding certificate verification is strongly advised. See: https://urllib3.readthedocs.io/en/latest/advanced-usage.html#ssl-warnings
  warnings.warn(
[2022-08-04 11:45:52,283] {twitter_hook.py:36} INFO - URL: https://api.twitter.com/2/tweets/search/recent?query=FlamengoMalvadao&tweet.fields=author_id,conversation_id,created_at,id,in_reply_to_user_id,public_metrics,text&expansions=author_id&user.fields=id,name,username,created_at&start_time=2022-08-02T09:00:00.00Z&end_time=2022-08-03T09:00:00.00Z&next_token=b26v89c19zqg8o3fpz5lt1o73yuu1x9jolp0srgi0gqkd
[2022-08-04 11:45:52,284] {logging_mixin.py:112} WARNING - /home/amadeus/ama/airflow-pipeline-alura/datapipeline/.env/lib/python3.8/site-packages/urllib3/connectionpool.py:981: InsecureRequestWarning: Unverified HTTPS request is being made to host 'api.twitter.com'. Adding certificate verification is strongly advised. See: https://urllib3.readthedocs.io/en/latest/advanced-usage.html#ssl-warnings
  warnings.warn(
[2022-08-04 11:45:52,577] {twitter_hook.py:36} INFO - URL: https://api.twitter.com/2/tweets/search/recent?query=FlamengoMalvadao&tweet.fields=author_id,conversation_id,created_at,id,in_reply_to_user_id,public_metrics,text&expansions=author_id&user.fields=id,name,username,created_at&start_time=2022-08-02T09:00:00.00Z&end_time=2022-08-03T09:00:00.00Z&next_token=b26v89c19zqg8o3fpz5lt1o73y0bhj1yie4mvurzvcsql
[2022-08-04 11:45:52,579] {logging_mixin.py:112} WARNING - /home/amadeus/ama/airflow-pipeline-alura/datapipeline/.env/lib/python3.8/site-packages/urllib3/connectionpool.py:981: InsecureRequestWarning: Unverified HTTPS request is being made to host 'api.twitter.com'. Adding certificate verification is strongly advised. See: https://urllib3.readthedocs.io/en/latest/advanced-usage.html#ssl-warnings
  warnings.warn(
[2022-08-04 11:45:52,881] {twitter_hook.py:36} INFO - URL: https://api.twitter.com/2/tweets/search/recent?query=FlamengoMalvadao&tweet.fields=author_id,conversation_id,created_at,id,in_reply_to_user_id,public_metrics,text&expansions=author_id&user.fields=id,name,username,created_at&start_time=2022-08-02T09:00:00.00Z&end_time=2022-08-03T09:00:00.00Z&next_token=b26v89c19zqg8o3fpz5lt1o73xd8trddfmm09w0jhslfh
[2022-08-04 11:45:52,883] {logging_mixin.py:112} WARNING - /home/amadeus/ama/airflow-pipeline-alura/datapipeline/.env/lib/python3.8/site-packages/urllib3/connectionpool.py:981: InsecureRequestWarning: Unverified HTTPS request is being made to host 'api.twitter.com'. Adding certificate verification is strongly advised. See: https://urllib3.readthedocs.io/en/latest/advanced-usage.html#ssl-warnings
  warnings.warn(
[2022-08-04 11:45:53,192] {twitter_hook.py:36} INFO - URL: https://api.twitter.com/2/tweets/search/recent?query=FlamengoMalvadao&tweet.fields=author_id,conversation_id,created_at,id,in_reply_to_user_id,public_metrics,text&expansions=author_id&user.fields=id,name,username,created_at&start_time=2022-08-02T09:00:00.00Z&end_time=2022-08-03T09:00:00.00Z&next_token=b26v89c19zqg8o3fpz5lt1o72gg3q2autrolfs4bciqv1
[2022-08-04 11:45:53,194] {logging_mixin.py:112} WARNING - /home/amadeus/ama/airflow-pipeline-alura/datapipeline/.env/lib/python3.8/site-packages/urllib3/connectionpool.py:981: InsecureRequestWarning: Unverified HTTPS request is being made to host 'api.twitter.com'. Adding certificate verification is strongly advised. See: https://urllib3.readthedocs.io/en/latest/advanced-usage.html#ssl-warnings
  warnings.warn(
[2022-08-04 11:45:53,502] {twitter_hook.py:36} INFO - URL: https://api.twitter.com/2/tweets/search/recent?query=FlamengoMalvadao&tweet.fields=author_id,conversation_id,created_at,id,in_reply_to_user_id,public_metrics,text&expansions=author_id&user.fields=id,name,username,created_at&start_time=2022-08-02T09:00:00.00Z&end_time=2022-08-03T09:00:00.00Z&next_token=b26v89c19zqg8o3fpz5lt1o72flj0swauuahjzmby2c1p
[2022-08-04 11:45:53,504] {logging_mixin.py:112} WARNING - /home/amadeus/ama/airflow-pipeline-alura/datapipeline/.env/lib/python3.8/site-packages/urllib3/connectionpool.py:981: InsecureRequestWarning: Unverified HTTPS request is being made to host 'api.twitter.com'. Adding certificate verification is strongly advised. See: https://urllib3.readthedocs.io/en/latest/advanced-usage.html#ssl-warnings
  warnings.warn(
[2022-08-04 11:45:53,796] {twitter_hook.py:36} INFO - URL: https://api.twitter.com/2/tweets/search/recent?query=FlamengoMalvadao&tweet.fields=author_id,conversation_id,created_at,id,in_reply_to_user_id,public_metrics,text&expansions=author_id&user.fields=id,name,username,created_at&start_time=2022-08-02T09:00:00.00Z&end_time=2022-08-03T09:00:00.00Z&next_token=b26v89c19zqg8o3fpz5lt1o72f65z6jj4smmbe92sfszh
[2022-08-04 11:45:53,798] {logging_mixin.py:112} WARNING - /home/amadeus/ama/airflow-pipeline-alura/datapipeline/.env/lib/python3.8/site-packages/urllib3/connectionpool.py:981: InsecureRequestWarning: Unverified HTTPS request is being made to host 'api.twitter.com'. Adding certificate verification is strongly advised. See: https://urllib3.readthedocs.io/en/latest/advanced-usage.html#ssl-warnings
  warnings.warn(
[2022-08-04 11:45:54,107] {twitter_hook.py:36} INFO - URL: https://api.twitter.com/2/tweets/search/recent?query=FlamengoMalvadao&tweet.fields=author_id,conversation_id,created_at,id,in_reply_to_user_id,public_metrics,text&expansions=author_id&user.fields=id,name,username,created_at&start_time=2022-08-02T09:00:00.00Z&end_time=2022-08-03T09:00:00.00Z&next_token=b26v89c19zqg8o3fpz5lt1o70xecy0vhu5eqjsnhsfu65
[2022-08-04 11:45:54,109] {logging_mixin.py:112} WARNING - /home/amadeus/ama/airflow-pipeline-alura/datapipeline/.env/lib/python3.8/site-packages/urllib3/connectionpool.py:981: InsecureRequestWarning: Unverified HTTPS request is being made to host 'api.twitter.com'. Adding certificate verification is strongly advised. See: https://urllib3.readthedocs.io/en/latest/advanced-usage.html#ssl-warnings
  warnings.warn(
[2022-08-04 11:45:54,397] {twitter_hook.py:36} INFO - URL: https://api.twitter.com/2/tweets/search/recent?query=FlamengoMalvadao&tweet.fields=author_id,conversation_id,created_at,id,in_reply_to_user_id,public_metrics,text&expansions=author_id&user.fields=id,name,username,created_at&start_time=2022-08-02T09:00:00.00Z&end_time=2022-08-03T09:00:00.00Z&next_token=b26v89c19zqg8o3fpz5lt1o6xuvi8tz6dbkqbogyy9wu5
[2022-08-04 11:45:54,399] {logging_mixin.py:112} WARNING - /home/amadeus/ama/airflow-pipeline-alura/datapipeline/.env/lib/python3.8/site-packages/urllib3/connectionpool.py:981: InsecureRequestWarning: Unverified HTTPS request is being made to host 'api.twitter.com'. Adding certificate verification is strongly advised. See: https://urllib3.readthedocs.io/en/latest/advanced-usage.html#ssl-warnings
  warnings.warn(
[2022-08-04 11:45:54,678] {twitter_hook.py:36} INFO - URL: https://api.twitter.com/2/tweets/search/recent?query=FlamengoMalvadao&tweet.fields=author_id,conversation_id,created_at,id,in_reply_to_user_id,public_metrics,text&expansions=author_id&user.fields=id,name,username,created_at&start_time=2022-08-02T09:00:00.00Z&end_time=2022-08-03T09:00:00.00Z&next_token=b26v89c19zqg8o3fpz5lt1nwbj9v9op9dkzb1fe4d5f99
[2022-08-04 11:45:54,679] {logging_mixin.py:112} WARNING - /home/amadeus/ama/airflow-pipeline-alura/datapipeline/.env/lib/python3.8/site-packages/urllib3/connectionpool.py:981: InsecureRequestWarning: Unverified HTTPS request is being made to host 'api.twitter.com'. Adding certificate verification is strongly advised. See: https://urllib3.readthedocs.io/en/latest/advanced-usage.html#ssl-warnings
  warnings.warn(
[2022-08-04 11:45:54,976] {twitter_hook.py:36} INFO - URL: https://api.twitter.com/2/tweets/search/recent?query=FlamengoMalvadao&tweet.fields=author_id,conversation_id,created_at,id,in_reply_to_user_id,public_metrics,text&expansions=author_id&user.fields=id,name,username,created_at&start_time=2022-08-02T09:00:00.00Z&end_time=2022-08-03T09:00:00.00Z&next_token=b26v89c19zqg8o3fpz5lt1nw8ht6lknsu0qec0fcv2wsd
[2022-08-04 11:45:54,977] {logging_mixin.py:112} WARNING - /home/amadeus/ama/airflow-pipeline-alura/datapipeline/.env/lib/python3.8/site-packages/urllib3/connectionpool.py:981: InsecureRequestWarning: Unverified HTTPS request is being made to host 'api.twitter.com'. Adding certificate verification is strongly advised. See: https://urllib3.readthedocs.io/en/latest/advanced-usage.html#ssl-warnings
  warnings.warn(
[2022-08-04 11:45:55,255] {twitter_hook.py:36} INFO - URL: https://api.twitter.com/2/tweets/search/recent?query=FlamengoMalvadao&tweet.fields=author_id,conversation_id,created_at,id,in_reply_to_user_id,public_metrics,text&expansions=author_id&user.fields=id,name,username,created_at&start_time=2022-08-02T09:00:00.00Z&end_time=2022-08-03T09:00:00.00Z&next_token=b26v89c19zqg8o3fpz5lt1nlnnz66vccqyge4qi8snngd
[2022-08-04 11:45:55,257] {logging_mixin.py:112} WARNING - /home/amadeus/ama/airflow-pipeline-alura/datapipeline/.env/lib/python3.8/site-packages/urllib3/connectionpool.py:981: InsecureRequestWarning: Unverified HTTPS request is being made to host 'api.twitter.com'. Adding certificate verification is strongly advised. See: https://urllib3.readthedocs.io/en/latest/advanced-usage.html#ssl-warnings
  warnings.warn(
[2022-08-04 11:45:55,581] {twitter_hook.py:36} INFO - URL: https://api.twitter.com/2/tweets/search/recent?query=FlamengoMalvadao&tweet.fields=author_id,conversation_id,created_at,id,in_reply_to_user_id,public_metrics,text&expansions=author_id&user.fields=id,name,username,created_at&start_time=2022-08-02T09:00:00.00Z&end_time=2022-08-03T09:00:00.00Z&next_token=b26v89c19zqg8o3fpz5lt1nawql3ssnv3aqb7adnyqcu5
[2022-08-04 11:45:55,582] {logging_mixin.py:112} WARNING - /home/amadeus/ama/airflow-pipeline-alura/datapipeline/.env/lib/python3.8/site-packages/urllib3/connectionpool.py:981: InsecureRequestWarning: Unverified HTTPS request is being made to host 'api.twitter.com'. Adding certificate verification is strongly advised. See: https://urllib3.readthedocs.io/en/latest/advanced-usage.html#ssl-warnings
  warnings.warn(
[2022-08-04 11:45:55,913] {twitter_hook.py:36} INFO - URL: https://api.twitter.com/2/tweets/search/recent?query=FlamengoMalvadao&tweet.fields=author_id,conversation_id,created_at,id,in_reply_to_user_id,public_metrics,text&expansions=author_id&user.fields=id,name,username,created_at&start_time=2022-08-02T09:00:00.00Z&end_time=2022-08-03T09:00:00.00Z&next_token=b26v89c19zqg8o3fpz5lt1n04bmz2afiikfcyoua6tp4t
[2022-08-04 11:45:55,915] {logging_mixin.py:112} WARNING - /home/amadeus/ama/airflow-pipeline-alura/datapipeline/.env/lib/python3.8/site-packages/urllib3/connectionpool.py:981: InsecureRequestWarning: Unverified HTTPS request is being made to host 'api.twitter.com'. Adding certificate verification is strongly advised. See: https://urllib3.readthedocs.io/en/latest/advanced-usage.html#ssl-warnings
  warnings.warn(
[2022-08-04 11:45:56,273] {twitter_hook.py:36} INFO - URL: https://api.twitter.com/2/tweets/search/recent?query=FlamengoMalvadao&tweet.fields=author_id,conversation_id,created_at,id,in_reply_to_user_id,public_metrics,text&expansions=author_id&user.fields=id,name,username,created_at&start_time=2022-08-02T09:00:00.00Z&end_time=2022-08-03T09:00:00.00Z&next_token=b26v89c19zqg8o3fpz5lt1mzwqy4idzq3iwx3pgf6508t
[2022-08-04 11:45:56,274] {logging_mixin.py:112} WARNING - /home/amadeus/ama/airflow-pipeline-alura/datapipeline/.env/lib/python3.8/site-packages/urllib3/connectionpool.py:981: InsecureRequestWarning: Unverified HTTPS request is being made to host 'api.twitter.com'. Adding certificate verification is strongly advised. See: https://urllib3.readthedocs.io/en/latest/advanced-usage.html#ssl-warnings
  warnings.warn(
[2022-08-04 11:45:56,575] {twitter_hook.py:36} INFO - URL: https://api.twitter.com/2/tweets/search/recent?query=FlamengoMalvadao&tweet.fields=author_id,conversation_id,created_at,id,in_reply_to_user_id,public_metrics,text&expansions=author_id&user.fields=id,name,username,created_at&start_time=2022-08-02T09:00:00.00Z&end_time=2022-08-03T09:00:00.00Z&next_token=b26v89c19zqg8o3fpz5lszkddfn5zdqwrvyk8t105qcfx
[2022-08-04 11:45:56,578] {logging_mixin.py:112} WARNING - /home/amadeus/ama/airflow-pipeline-alura/datapipeline/.env/lib/python3.8/site-packages/urllib3/connectionpool.py:981: InsecureRequestWarning: Unverified HTTPS request is being made to host 'api.twitter.com'. Adding certificate verification is strongly advised. See: https://urllib3.readthedocs.io/en/latest/advanced-usage.html#ssl-warnings
  warnings.warn(
[2022-08-04 11:45:56,872] {twitter_hook.py:36} INFO - URL: https://api.twitter.com/2/tweets/search/recent?query=FlamengoMalvadao&tweet.fields=author_id,conversation_id,created_at,id,in_reply_to_user_id,public_metrics,text&expansions=author_id&user.fields=id,name,username,created_at&start_time=2022-08-02T09:00:00.00Z&end_time=2022-08-03T09:00:00.00Z&next_token=b26v89c19zqg8o3fpz5lszk2jgdaid69m7bahgkm9h5dp
[2022-08-04 11:45:56,874] {logging_mixin.py:112} WARNING - /home/amadeus/ama/airflow-pipeline-alura/datapipeline/.env/lib/python3.8/site-packages/urllib3/connectionpool.py:981: InsecureRequestWarning: Unverified HTTPS request is being made to host 'api.twitter.com'. Adding certificate verification is strongly advised. See: https://urllib3.readthedocs.io/en/latest/advanced-usage.html#ssl-warnings
  warnings.warn(
[2022-08-04 11:45:57,176] {twitter_hook.py:36} INFO - URL: https://api.twitter.com/2/tweets/search/recent?query=FlamengoMalvadao&tweet.fields=author_id,conversation_id,created_at,id,in_reply_to_user_id,public_metrics,text&expansions=author_id&user.fields=id,name,username,created_at&start_time=2022-08-02T09:00:00.00Z&end_time=2022-08-03T09:00:00.00Z&next_token=b26v89c19zqg8o3fpz5lszjru2g8qybdu00fh1f8iq3ct
[2022-08-04 11:45:57,178] {logging_mixin.py:112} WARNING - /home/amadeus/ama/airflow-pipeline-alura/datapipeline/.env/lib/python3.8/site-packages/urllib3/connectionpool.py:981: InsecureRequestWarning: Unverified HTTPS request is being made to host 'api.twitter.com'. Adding certificate verification is strongly advised. See: https://urllib3.readthedocs.io/en/latest/advanced-usage.html#ssl-warnings
  warnings.warn(
[2022-08-04 11:45:57,470] {twitter_hook.py:36} INFO - URL: https://api.twitter.com/2/tweets/search/recent?query=FlamengoMalvadao&tweet.fields=author_id,conversation_id,created_at,id,in_reply_to_user_id,public_metrics,text&expansions=author_id&user.fields=id,name,username,created_at&start_time=2022-08-02T09:00:00.00Z&end_time=2022-08-03T09:00:00.00Z&next_token=b26v89c19zqg8o3fpz5lszjh05iu08crkkg094hqkgprx
[2022-08-04 11:45:57,472] {logging_mixin.py:112} WARNING - /home/amadeus/ama/airflow-pipeline-alura/datapipeline/.env/lib/python3.8/site-packages/urllib3/connectionpool.py:981: InsecureRequestWarning: Unverified HTTPS request is being made to host 'api.twitter.com'. Adding certificate verification is strongly advised. See: https://urllib3.readthedocs.io/en/latest/advanced-usage.html#ssl-warnings
  warnings.warn(
[2022-08-04 11:45:57,766] {twitter_hook.py:36} INFO - URL: https://api.twitter.com/2/tweets/search/recent?query=FlamengoMalvadao&tweet.fields=author_id,conversation_id,created_at,id,in_reply_to_user_id,public_metrics,text&expansions=author_id&user.fields=id,name,username,created_at&start_time=2022-08-02T09:00:00.00Z&end_time=2022-08-03T09:00:00.00Z&next_token=b26v89c19zqg8o3fpz5lszjgu2dxifcwg4k5p6r4l36nx
[2022-08-04 11:45:57,767] {logging_mixin.py:112} WARNING - /home/amadeus/ama/airflow-pipeline-alura/datapipeline/.env/lib/python3.8/site-packages/urllib3/connectionpool.py:981: InsecureRequestWarning: Unverified HTTPS request is being made to host 'api.twitter.com'. Adding certificate verification is strongly advised. See: https://urllib3.readthedocs.io/en/latest/advanced-usage.html#ssl-warnings
  warnings.warn(
[2022-08-04 11:45:58,079] {twitter_hook.py:36} INFO - URL: https://api.twitter.com/2/tweets/search/recent?query=FlamengoMalvadao&tweet.fields=author_id,conversation_id,created_at,id,in_reply_to_user_id,public_metrics,text&expansions=author_id&user.fields=id,name,username,created_at&start_time=2022-08-02T09:00:00.00Z&end_time=2022-08-03T09:00:00.00Z&next_token=b26v89c19zqg8o3fpz5lszj61n834pe2jty5ih85rvb7h
[2022-08-04 11:45:58,080] {logging_mixin.py:112} WARNING - /home/amadeus/ama/airflow-pipeline-alura/datapipeline/.env/lib/python3.8/site-packages/urllib3/connectionpool.py:981: InsecureRequestWarning: Unverified HTTPS request is being made to host 'api.twitter.com'. Adding certificate verification is strongly advised. See: https://urllib3.readthedocs.io/en/latest/advanced-usage.html#ssl-warnings
  warnings.warn(
[2022-08-04 11:45:58,375] {twitter_hook.py:36} INFO - URL: https://api.twitter.com/2/tweets/search/recent?query=FlamengoMalvadao&tweet.fields=author_id,conversation_id,created_at,id,in_reply_to_user_id,public_metrics,text&expansions=author_id&user.fields=id,name,username,created_at&start_time=2022-08-02T09:00:00.00Z&end_time=2022-08-03T09:00:00.00Z&next_token=b26v89c19zqg8o3fpz5lszikia16zmgaj7164c7ey683h
[2022-08-04 11:45:58,377] {logging_mixin.py:112} WARNING - /home/amadeus/ama/airflow-pipeline-alura/datapipeline/.env/lib/python3.8/site-packages/urllib3/connectionpool.py:981: InsecureRequestWarning: Unverified HTTPS request is being made to host 'api.twitter.com'. Adding certificate verification is strongly advised. See: https://urllib3.readthedocs.io/en/latest/advanced-usage.html#ssl-warnings
  warnings.warn(
[2022-08-04 11:45:58,680] {twitter_hook.py:36} INFO - URL: https://api.twitter.com/2/tweets/search/recent?query=FlamengoMalvadao&tweet.fields=author_id,conversation_id,created_at,id,in_reply_to_user_id,public_metrics,text&expansions=author_id&user.fields=id,name,username,created_at&start_time=2022-08-02T09:00:00.00Z&end_time=2022-08-03T09:00:00.00Z&next_token=b26v89c19zqg8o3fpz5lszi9lbn7vkzjs64s62nv3u7wd
[2022-08-04 11:45:58,682] {logging_mixin.py:112} WARNING - /home/amadeus/ama/airflow-pipeline-alura/datapipeline/.env/lib/python3.8/site-packages/urllib3/connectionpool.py:981: InsecureRequestWarning: Unverified HTTPS request is being made to host 'api.twitter.com'. Adding certificate verification is strongly advised. See: https://urllib3.readthedocs.io/en/latest/advanced-usage.html#ssl-warnings
  warnings.warn(
[2022-08-04 11:45:58,986] {twitter_hook.py:36} INFO - URL: https://api.twitter.com/2/tweets/search/recent?query=FlamengoMalvadao&tweet.fields=author_id,conversation_id,created_at,id,in_reply_to_user_id,public_metrics,text&expansions=author_id&user.fields=id,name,username,created_at&start_time=2022-08-02T09:00:00.00Z&end_time=2022-08-03T09:00:00.00Z&next_token=b26v89c19zqg8o3fpz5lsxf1orrpfuidrpn27sfqcl5rx
[2022-08-04 11:45:58,987] {logging_mixin.py:112} WARNING - /home/amadeus/ama/airflow-pipeline-alura/datapipeline/.env/lib/python3.8/site-packages/urllib3/connectionpool.py:981: InsecureRequestWarning: Unverified HTTPS request is being made to host 'api.twitter.com'. Adding certificate verification is strongly advised. See: https://urllib3.readthedocs.io/en/latest/advanced-usage.html#ssl-warnings
  warnings.warn(
[2022-08-04 11:45:59,284] {twitter_hook.py:36} INFO - URL: https://api.twitter.com/2/tweets/search/recent?query=FlamengoMalvadao&tweet.fields=author_id,conversation_id,created_at,id,in_reply_to_user_id,public_metrics,text&expansions=author_id&user.fields=id,name,username,created_at&start_time=2022-08-02T09:00:00.00Z&end_time=2022-08-03T09:00:00.00Z&next_token=b26v89c19zqg8o3fpz5lsxdu9xw6kridcfbszc4cwtocd
[2022-08-04 11:45:59,285] {logging_mixin.py:112} WARNING - /home/amadeus/ama/airflow-pipeline-alura/datapipeline/.env/lib/python3.8/site-packages/urllib3/connectionpool.py:981: InsecureRequestWarning: Unverified HTTPS request is being made to host 'api.twitter.com'. Adding certificate verification is strongly advised. See: https://urllib3.readthedocs.io/en/latest/advanced-usage.html#ssl-warnings
  warnings.warn(
[2022-08-04 11:45:59,594] {taskinstance.py:1057} INFO - Marking task as SUCCESS.dag_id=twitter_dag, task_id=twitter_flamengomalvadao, execution_date=20220802T090000, start_date=20220804T144546, end_date=20220804T144559
[2022-08-04 11:46:01,124] {local_task_job.py:102} INFO - Task exited with return code 0
