[2022-08-04 23:31:57,582] {taskinstance.py:670} INFO - Dependencies all met for <TaskInstance: twitter_dag.transform_twitter_flamengomalvadao 2022-08-03T09:00:00+00:00 [queued]>
[2022-08-04 23:31:57,612] {taskinstance.py:670} INFO - Dependencies all met for <TaskInstance: twitter_dag.transform_twitter_flamengomalvadao 2022-08-03T09:00:00+00:00 [queued]>
[2022-08-04 23:31:57,613] {taskinstance.py:880} INFO - 
--------------------------------------------------------------------------------
[2022-08-04 23:31:57,613] {taskinstance.py:881} INFO - Starting attempt 10 of 10
[2022-08-04 23:31:57,613] {taskinstance.py:882} INFO - 
--------------------------------------------------------------------------------
[2022-08-04 23:31:57,830] {taskinstance.py:901} INFO - Executing <Task(SparkSubmitOperator): transform_twitter_flamengomalvadao> on 2022-08-03T09:00:00+00:00
[2022-08-04 23:31:57,835] {standard_task_runner.py:54} INFO - Started process 167193 to run task
[2022-08-04 23:31:57,977] {standard_task_runner.py:77} INFO - Running: ['airflow', 'run', 'twitter_dag', 'transform_twitter_flamengomalvadao', '2022-08-03T09:00:00+00:00', '--job_id', '121', '--pool', 'default_pool', '--raw', '-sd', 'DAGS_FOLDER/twitter_dag.py', '--cfg_path', '/tmp/tmpw1jqksw8']
[2022-08-04 23:31:57,978] {standard_task_runner.py:78} INFO - Job 121: Subtask transform_twitter_flamengomalvadao
[2022-08-04 23:31:58,232] {logging_mixin.py:112} INFO - Running <TaskInstance: twitter_dag.transform_twitter_flamengomalvadao 2022-08-03T09:00:00+00:00 [running]> on host ama
[2022-08-04 23:31:58,336] {base_hook.py:89} INFO - Using connection to: id: spark_default. Host: local, Port: None, Schema: None, Login: None, Password: None, extra: XXXXXXXX
[2022-08-04 23:31:58,339] {spark_submit_hook.py:325} INFO - Spark-Submit cmd: /home/amadeus/Downloads/spark-3.3.0-bin-hadoop2/bin/spark-submit --master local --name twitter_transformation /home/amadeus/ama/airflow-pipeline-alura/datapipeline/spark/transfortmation.py --src /home/amadeus/ama/airflow-pipeline-alura/datapipeline/datalake/bronze/twitter_flamengomalvadao/extract_date=2022-08-03 --dest /home/amadeus/ama/airflow-pipeline-alura/datapipeline/datalake/silver/twitter_flamengomalvadao/ --process-date 2022-08-03
[2022-08-04 23:32:00,951] {spark_submit_hook.py:479} INFO - 22/08/04 23:32:00 WARN Utils: Your hostname, ama resolves to a loopback address: 127.0.1.1; using 192.168.0.20 instead (on interface wlo1)
[2022-08-04 23:32:00,954] {spark_submit_hook.py:479} INFO - 22/08/04 23:32:00 WARN Utils: Set SPARK_LOCAL_IP if you need to bind to another address
[2022-08-04 23:32:02,432] {spark_submit_hook.py:479} INFO - 22/08/04 23:32:02 INFO SparkContext: Running Spark version 3.3.0
[2022-08-04 23:32:02,603] {spark_submit_hook.py:479} INFO - 22/08/04 23:32:02 WARN NativeCodeLoader: Unable to load native-hadoop library for your platform... using builtin-java classes where applicable
[2022-08-04 23:32:02,747] {spark_submit_hook.py:479} INFO - 22/08/04 23:32:02 INFO ResourceUtils: ==============================================================
[2022-08-04 23:32:02,748] {spark_submit_hook.py:479} INFO - 22/08/04 23:32:02 INFO ResourceUtils: No custom resources configured for spark.driver.
[2022-08-04 23:32:02,748] {spark_submit_hook.py:479} INFO - 22/08/04 23:32:02 INFO ResourceUtils: ==============================================================
[2022-08-04 23:32:02,749] {spark_submit_hook.py:479} INFO - 22/08/04 23:32:02 INFO SparkContext: Submitted application: twitter_transformation
[2022-08-04 23:32:02,783] {spark_submit_hook.py:479} INFO - 22/08/04 23:32:02 INFO ResourceProfile: Default ResourceProfile created, executor resources: Map(cores -> name: cores, amount: 1, script: , vendor: , memory -> name: memory, amount: 1024, script: , vendor: , offHeap -> name: offHeap, amount: 0, script: , vendor: ), task resources: Map(cpus -> name: cpus, amount: 1.0)
[2022-08-04 23:32:02,803] {spark_submit_hook.py:479} INFO - 22/08/04 23:32:02 INFO ResourceProfile: Limiting resource is cpu
[2022-08-04 23:32:02,803] {spark_submit_hook.py:479} INFO - 22/08/04 23:32:02 INFO ResourceProfileManager: Added ResourceProfile id: 0
[2022-08-04 23:32:02,886] {spark_submit_hook.py:479} INFO - 22/08/04 23:32:02 INFO SecurityManager: Changing view acls to: amadeus
[2022-08-04 23:32:02,887] {spark_submit_hook.py:479} INFO - 22/08/04 23:32:02 INFO SecurityManager: Changing modify acls to: amadeus
[2022-08-04 23:32:02,887] {spark_submit_hook.py:479} INFO - 22/08/04 23:32:02 INFO SecurityManager: Changing view acls groups to:
[2022-08-04 23:32:02,888] {spark_submit_hook.py:479} INFO - 22/08/04 23:32:02 INFO SecurityManager: Changing modify acls groups to:
[2022-08-04 23:32:02,889] {spark_submit_hook.py:479} INFO - 22/08/04 23:32:02 INFO SecurityManager: SecurityManager: authentication disabled; ui acls disabled; users  with view permissions: Set(amadeus); groups with view permissions: Set(); users  with modify permissions: Set(amadeus); groups with modify permissions: Set()
[2022-08-04 23:32:03,400] {spark_submit_hook.py:479} INFO - 22/08/04 23:32:03 INFO Utils: Successfully started service 'sparkDriver' on port 37205.
[2022-08-04 23:32:03,436] {spark_submit_hook.py:479} INFO - 22/08/04 23:32:03 INFO SparkEnv: Registering MapOutputTracker
[2022-08-04 23:32:03,486] {spark_submit_hook.py:479} INFO - 22/08/04 23:32:03 INFO SparkEnv: Registering BlockManagerMaster
[2022-08-04 23:32:03,520] {spark_submit_hook.py:479} INFO - 22/08/04 23:32:03 INFO BlockManagerMasterEndpoint: Using org.apache.spark.storage.DefaultTopologyMapper for getting topology information
[2022-08-04 23:32:03,521] {spark_submit_hook.py:479} INFO - 22/08/04 23:32:03 INFO BlockManagerMasterEndpoint: BlockManagerMasterEndpoint up
[2022-08-04 23:32:03,528] {spark_submit_hook.py:479} INFO - 22/08/04 23:32:03 INFO SparkEnv: Registering BlockManagerMasterHeartbeat
[2022-08-04 23:32:03,581] {spark_submit_hook.py:479} INFO - 22/08/04 23:32:03 INFO DiskBlockManager: Created local directory at /tmp/blockmgr-ee950a8a-58dd-4b49-b55b-111e21a24dd8
[2022-08-04 23:32:03,608] {spark_submit_hook.py:479} INFO - 22/08/04 23:32:03 INFO MemoryStore: MemoryStore started with capacity 434.4 MiB
[2022-08-04 23:32:03,635] {spark_submit_hook.py:479} INFO - 22/08/04 23:32:03 INFO SparkEnv: Registering OutputCommitCoordinator
[2022-08-04 23:32:04,107] {spark_submit_hook.py:479} INFO - 22/08/04 23:32:04 WARN Utils: Service 'SparkUI' could not bind on port 4040. Attempting port 4041.
[2022-08-04 23:32:04,132] {spark_submit_hook.py:479} INFO - 22/08/04 23:32:04 INFO Utils: Successfully started service 'SparkUI' on port 4041.
[2022-08-04 23:32:04,374] {spark_submit_hook.py:479} INFO - 22/08/04 23:32:04 INFO Executor: Starting executor ID driver on host 192.168.0.20
[2022-08-04 23:32:04,385] {spark_submit_hook.py:479} INFO - 22/08/04 23:32:04 INFO Executor: Starting executor with user classpath (userClassPathFirst = false): ''
[2022-08-04 23:32:04,414] {spark_submit_hook.py:479} INFO - 22/08/04 23:32:04 INFO Utils: Successfully started service 'org.apache.spark.network.netty.NettyBlockTransferService' on port 34909.
[2022-08-04 23:32:04,414] {spark_submit_hook.py:479} INFO - 22/08/04 23:32:04 INFO NettyBlockTransferService: Server created on 192.168.0.20:34909
[2022-08-04 23:32:04,416] {spark_submit_hook.py:479} INFO - 22/08/04 23:32:04 INFO BlockManager: Using org.apache.spark.storage.RandomBlockReplicationPolicy for block replication policy
[2022-08-04 23:32:04,426] {spark_submit_hook.py:479} INFO - 22/08/04 23:32:04 INFO BlockManagerMaster: Registering BlockManager BlockManagerId(driver, 192.168.0.20, 34909, None)
[2022-08-04 23:32:04,432] {spark_submit_hook.py:479} INFO - 22/08/04 23:32:04 INFO BlockManagerMasterEndpoint: Registering block manager 192.168.0.20:34909 with 434.4 MiB RAM, BlockManagerId(driver, 192.168.0.20, 34909, None)
[2022-08-04 23:32:04,436] {spark_submit_hook.py:479} INFO - 22/08/04 23:32:04 INFO BlockManagerMaster: Registered BlockManager BlockManagerId(driver, 192.168.0.20, 34909, None)
[2022-08-04 23:32:04,437] {spark_submit_hook.py:479} INFO - 22/08/04 23:32:04 INFO BlockManager: Initialized BlockManager: BlockManagerId(driver, 192.168.0.20, 34909, None)
[2022-08-04 23:32:05,245] {spark_submit_hook.py:479} INFO - 22/08/04 23:32:05 INFO SharedState: Setting hive.metastore.warehouse.dir ('null') to the value of spark.sql.warehouse.dir.
[2022-08-04 23:32:05,252] {spark_submit_hook.py:479} INFO - 22/08/04 23:32:05 INFO SharedState: Warehouse path is 'file:/home/amadeus/ama/airflow-pipeline-alura/datapipeline/spark-warehouse'.
[2022-08-04 23:32:06,423] {spark_submit_hook.py:479} INFO - 22/08/04 23:32:06 INFO InMemoryFileIndex: It took 49 ms to list leaf files for 1 paths.
[2022-08-04 23:32:06,528] {spark_submit_hook.py:479} INFO - 22/08/04 23:32:06 INFO InMemoryFileIndex: It took 4 ms to list leaf files for 1 paths.
[2022-08-04 23:32:09,481] {spark_submit_hook.py:479} INFO - 22/08/04 23:32:09 INFO FileSourceStrategy: Pushed Filters:
[2022-08-04 23:32:09,483] {spark_submit_hook.py:479} INFO - 22/08/04 23:32:09 INFO FileSourceStrategy: Post-Scan Filters:
[2022-08-04 23:32:09,487] {spark_submit_hook.py:479} INFO - 22/08/04 23:32:09 INFO FileSourceStrategy: Output Data Schema: struct<value: string>
[2022-08-04 23:32:09,835] {spark_submit_hook.py:479} INFO - 22/08/04 23:32:09 INFO MemoryStore: Block broadcast_0 stored as values in memory (estimated size 173.7 KiB, free 434.2 MiB)
[2022-08-04 23:32:09,923] {spark_submit_hook.py:479} INFO - 22/08/04 23:32:09 INFO MemoryStore: Block broadcast_0_piece0 stored as bytes in memory (estimated size 24.7 KiB, free 434.2 MiB)
[2022-08-04 23:32:09,929] {spark_submit_hook.py:479} INFO - 22/08/04 23:32:09 INFO BlockManagerInfo: Added broadcast_0_piece0 in memory on 192.168.0.20:34909 (size: 24.7 KiB, free: 434.4 MiB)
[2022-08-04 23:32:09,938] {spark_submit_hook.py:479} INFO - 22/08/04 23:32:09 INFO SparkContext: Created broadcast 0 from json at NativeMethodAccessorImpl.java:0
[2022-08-04 23:32:09,953] {spark_submit_hook.py:479} INFO - 22/08/04 23:32:09 INFO FileSourceScanExec: Planning scan with bin packing, max size: 4243214 bytes, open cost is considered as scanning 4194304 bytes.
[2022-08-04 23:32:10,308] {spark_submit_hook.py:479} INFO - 22/08/04 23:32:10 INFO SparkContext: Starting job: json at NativeMethodAccessorImpl.java:0
[2022-08-04 23:32:10,332] {spark_submit_hook.py:479} INFO - 22/08/04 23:32:10 INFO DAGScheduler: Got job 0 (json at NativeMethodAccessorImpl.java:0) with 1 output partitions
[2022-08-04 23:32:10,333] {spark_submit_hook.py:479} INFO - 22/08/04 23:32:10 INFO DAGScheduler: Final stage: ResultStage 0 (json at NativeMethodAccessorImpl.java:0)
[2022-08-04 23:32:10,334] {spark_submit_hook.py:479} INFO - 22/08/04 23:32:10 INFO DAGScheduler: Parents of final stage: List()
[2022-08-04 23:32:10,337] {spark_submit_hook.py:479} INFO - 22/08/04 23:32:10 INFO DAGScheduler: Missing parents: List()
[2022-08-04 23:32:10,347] {spark_submit_hook.py:479} INFO - 22/08/04 23:32:10 INFO DAGScheduler: Submitting ResultStage 0 (MapPartitionsRDD[3] at json at NativeMethodAccessorImpl.java:0), which has no missing parents
[2022-08-04 23:32:10,511] {spark_submit_hook.py:479} INFO - 22/08/04 23:32:10 INFO MemoryStore: Block broadcast_1 stored as values in memory (estimated size 14.5 KiB, free 434.2 MiB)
[2022-08-04 23:32:10,514] {spark_submit_hook.py:479} INFO - 22/08/04 23:32:10 INFO MemoryStore: Block broadcast_1_piece0 stored as bytes in memory (estimated size 7.0 KiB, free 434.2 MiB)
[2022-08-04 23:32:10,516] {spark_submit_hook.py:479} INFO - 22/08/04 23:32:10 INFO BlockManagerInfo: Added broadcast_1_piece0 in memory on 192.168.0.20:34909 (size: 7.0 KiB, free: 434.4 MiB)
[2022-08-04 23:32:10,517] {spark_submit_hook.py:479} INFO - 22/08/04 23:32:10 INFO SparkContext: Created broadcast 1 from broadcast at DAGScheduler.scala:1513
[2022-08-04 23:32:10,539] {spark_submit_hook.py:479} INFO - 22/08/04 23:32:10 INFO DAGScheduler: Submitting 1 missing tasks from ResultStage 0 (MapPartitionsRDD[3] at json at NativeMethodAccessorImpl.java:0) (first 15 tasks are for partitions Vector(0))
[2022-08-04 23:32:10,542] {spark_submit_hook.py:479} INFO - 22/08/04 23:32:10 INFO TaskSchedulerImpl: Adding task set 0.0 with 1 tasks resource profile 0
[2022-08-04 23:32:10,622] {spark_submit_hook.py:479} INFO - 22/08/04 23:32:10 INFO TaskSetManager: Starting task 0.0 in stage 0.0 (TID 0) (192.168.0.20, executor driver, partition 0, PROCESS_LOCAL, 5027 bytes) taskResourceAssignments Map()
[2022-08-04 23:32:10,644] {spark_submit_hook.py:479} INFO - 22/08/04 23:32:10 INFO Executor: Running task 0.0 in stage 0.0 (TID 0)
[2022-08-04 23:32:10,854] {spark_submit_hook.py:479} INFO - 22/08/04 23:32:10 INFO FileScanRDD: Reading File path: file:///home/amadeus/ama/airflow-pipeline-alura/datapipeline/datalake/bronze/twitter_flamengomalvadao/extract_date=2022-08-03/FlamengoMalvadao_20220803.json, range: 0-48910, partition values: [empty row]
[2022-08-04 23:32:11,128] {spark_submit_hook.py:479} INFO - 22/08/04 23:32:11 INFO CodeGenerator: Code generated in 228.339839 ms
[2022-08-04 23:32:11,243] {spark_submit_hook.py:479} INFO - 22/08/04 23:32:11 INFO Executor: Finished task 0.0 in stage 0.0 (TID 0). 2866 bytes result sent to driver
[2022-08-04 23:32:11,254] {spark_submit_hook.py:479} INFO - 22/08/04 23:32:11 INFO TaskSetManager: Finished task 0.0 in stage 0.0 (TID 0) in 649 ms on 192.168.0.20 (executor driver) (1/1)
[2022-08-04 23:32:11,257] {spark_submit_hook.py:479} INFO - 22/08/04 23:32:11 INFO TaskSchedulerImpl: Removed TaskSet 0.0, whose tasks have all completed, from pool
[2022-08-04 23:32:11,265] {spark_submit_hook.py:479} INFO - 22/08/04 23:32:11 INFO DAGScheduler: ResultStage 0 (json at NativeMethodAccessorImpl.java:0) finished in 0,874 s
[2022-08-04 23:32:11,270] {spark_submit_hook.py:479} INFO - 22/08/04 23:32:11 INFO DAGScheduler: Job 0 is finished. Cancelling potential speculative or zombie tasks for this job
[2022-08-04 23:32:11,271] {spark_submit_hook.py:479} INFO - 22/08/04 23:32:11 INFO TaskSchedulerImpl: Killing all running tasks in stage 0: Stage finished
[2022-08-04 23:32:11,276] {spark_submit_hook.py:479} INFO - 22/08/04 23:32:11 INFO DAGScheduler: Job 0 finished: json at NativeMethodAccessorImpl.java:0, took 0,967622 s
[2022-08-04 23:32:11,953] {spark_submit_hook.py:479} INFO - 22/08/04 23:32:11 INFO FileSourceStrategy: Pushed Filters: IsNotNull(data)
[2022-08-04 23:32:11,955] {spark_submit_hook.py:479} INFO - 22/08/04 23:32:11 INFO FileSourceStrategy: Post-Scan Filters: (size(data#8, true) > 0),isnotnull(data#8)
[2022-08-04 23:32:11,955] {spark_submit_hook.py:479} INFO - 22/08/04 23:32:11 INFO FileSourceStrategy: Output Data Schema: struct<data: array<struct<author_id:string,conversation_id:string,created_at:string,id:string,in_reply_to_user_id:string,public_metrics:struct<like_count:bigint,quote_count:bigint,reply_count:bigint,retweet_count:bigint>,text:string>>>
[2022-08-04 23:32:12,100] {spark_submit_hook.py:479} INFO - 22/08/04 23:32:12 INFO FileOutputCommitter: File Output Committer Algorithm version is 1
[2022-08-04 23:32:12,102] {spark_submit_hook.py:479} INFO - 22/08/04 23:32:12 INFO SQLHadoopMapReduceCommitProtocol: Using output committer class org.apache.hadoop.mapreduce.lib.output.FileOutputCommitter
[2022-08-04 23:32:12,339] {spark_submit_hook.py:479} INFO - 22/08/04 23:32:12 INFO CodeGenerator: Code generated in 139.419101 ms
[2022-08-04 23:32:12,352] {spark_submit_hook.py:479} INFO - 22/08/04 23:32:12 INFO MemoryStore: Block broadcast_2 stored as values in memory (estimated size 173.5 KiB, free 434.0 MiB)
[2022-08-04 23:32:12,370] {spark_submit_hook.py:479} INFO - 22/08/04 23:32:12 INFO MemoryStore: Block broadcast_2_piece0 stored as bytes in memory (estimated size 24.6 KiB, free 434.0 MiB)
[2022-08-04 23:32:12,371] {spark_submit_hook.py:479} INFO - 22/08/04 23:32:12 INFO BlockManagerInfo: Added broadcast_2_piece0 in memory on 192.168.0.20:34909 (size: 24.6 KiB, free: 434.3 MiB)
[2022-08-04 23:32:12,374] {spark_submit_hook.py:479} INFO - 22/08/04 23:32:12 INFO SparkContext: Created broadcast 2 from json at NativeMethodAccessorImpl.java:0
[2022-08-04 23:32:12,379] {spark_submit_hook.py:479} INFO - 22/08/04 23:32:12 INFO FileSourceScanExec: Planning scan with bin packing, max size: 4243214 bytes, open cost is considered as scanning 4194304 bytes.
[2022-08-04 23:32:12,462] {spark_submit_hook.py:479} INFO - 22/08/04 23:32:12 INFO SparkContext: Starting job: json at NativeMethodAccessorImpl.java:0
[2022-08-04 23:32:12,464] {spark_submit_hook.py:479} INFO - 22/08/04 23:32:12 INFO DAGScheduler: Got job 1 (json at NativeMethodAccessorImpl.java:0) with 1 output partitions
[2022-08-04 23:32:12,464] {spark_submit_hook.py:479} INFO - 22/08/04 23:32:12 INFO DAGScheduler: Final stage: ResultStage 1 (json at NativeMethodAccessorImpl.java:0)
[2022-08-04 23:32:12,464] {spark_submit_hook.py:479} INFO - 22/08/04 23:32:12 INFO DAGScheduler: Parents of final stage: List()
[2022-08-04 23:32:12,464] {spark_submit_hook.py:479} INFO - 22/08/04 23:32:12 INFO DAGScheduler: Missing parents: List()
[2022-08-04 23:32:12,466] {spark_submit_hook.py:479} INFO - 22/08/04 23:32:12 INFO DAGScheduler: Submitting ResultStage 1 (CoalescedRDD[7] at json at NativeMethodAccessorImpl.java:0), which has no missing parents
[2022-08-04 23:32:12,503] {spark_submit_hook.py:479} INFO - 22/08/04 23:32:12 INFO MemoryStore: Block broadcast_3 stored as values in memory (estimated size 175.8 KiB, free 433.8 MiB)
[2022-08-04 23:32:12,506] {spark_submit_hook.py:479} INFO - 22/08/04 23:32:12 INFO MemoryStore: Block broadcast_3_piece0 stored as bytes in memory (estimated size 60.9 KiB, free 433.8 MiB)
[2022-08-04 23:32:12,520] {spark_submit_hook.py:479} INFO - 22/08/04 23:32:12 INFO BlockManagerInfo: Added broadcast_3_piece0 in memory on 192.168.0.20:34909 (size: 60.9 KiB, free: 434.3 MiB)
[2022-08-04 23:32:12,522] {spark_submit_hook.py:479} INFO - 22/08/04 23:32:12 INFO SparkContext: Created broadcast 3 from broadcast at DAGScheduler.scala:1513
[2022-08-04 23:32:12,523] {spark_submit_hook.py:479} INFO - 22/08/04 23:32:12 INFO DAGScheduler: Submitting 1 missing tasks from ResultStage 1 (CoalescedRDD[7] at json at NativeMethodAccessorImpl.java:0) (first 15 tasks are for partitions Vector(0))
[2022-08-04 23:32:12,524] {spark_submit_hook.py:479} INFO - 22/08/04 23:32:12 INFO TaskSchedulerImpl: Adding task set 1.0 with 1 tasks resource profile 0
[2022-08-04 23:32:12,530] {spark_submit_hook.py:479} INFO - 22/08/04 23:32:12 INFO TaskSetManager: Starting task 0.0 in stage 1.0 (TID 1) (192.168.0.20, executor driver, partition 0, PROCESS_LOCAL, 5256 bytes) taskResourceAssignments Map()
[2022-08-04 23:32:12,531] {spark_submit_hook.py:479} INFO - 22/08/04 23:32:12 INFO Executor: Running task 0.0 in stage 1.0 (TID 1)
[2022-08-04 23:32:12,535] {spark_submit_hook.py:479} INFO - 22/08/04 23:32:12 INFO BlockManagerInfo: Removed broadcast_1_piece0 on 192.168.0.20:34909 in memory (size: 7.0 KiB, free: 434.3 MiB)
[2022-08-04 23:32:12,648] {spark_submit_hook.py:479} INFO - 22/08/04 23:32:12 INFO FileOutputCommitter: File Output Committer Algorithm version is 1
[2022-08-04 23:32:12,650] {spark_submit_hook.py:479} INFO - 22/08/04 23:32:12 INFO SQLHadoopMapReduceCommitProtocol: Using output committer class org.apache.hadoop.mapreduce.lib.output.FileOutputCommitter
[2022-08-04 23:32:12,699] {spark_submit_hook.py:479} INFO - 22/08/04 23:32:12 INFO FileScanRDD: Reading File path: file:///home/amadeus/ama/airflow-pipeline-alura/datapipeline/datalake/bronze/twitter_flamengomalvadao/extract_date=2022-08-03/FlamengoMalvadao_20220803.json, range: 0-48910, partition values: [empty row]
[2022-08-04 23:32:12,742] {spark_submit_hook.py:479} INFO - 22/08/04 23:32:12 INFO CodeGenerator: Code generated in 38.068679 ms
[2022-08-04 23:32:12,777] {spark_submit_hook.py:479} INFO - 22/08/04 23:32:12 INFO CodeGenerator: Code generated in 8.952755 ms
[2022-08-04 23:32:12,847] {spark_submit_hook.py:479} INFO - 22/08/04 23:32:12 INFO FileOutputCommitter: Saved output of task 'attempt_202208042332126694715765884617005_0001_m_000000_1' to file:/home/amadeus/ama/airflow-pipeline-alura/datapipeline/datalake/silver/twitter_flamengomalvadao/tweet/process_date=2022-08-03/_temporary/0/task_202208042332126694715765884617005_0001_m_000000
[2022-08-04 23:32:12,848] {spark_submit_hook.py:479} INFO - 22/08/04 23:32:12 INFO SparkHadoopMapRedUtil: attempt_202208042332126694715765884617005_0001_m_000000_1: Committed. Elapsed time: 1 ms.
[2022-08-04 23:32:12,856] {spark_submit_hook.py:479} INFO - 22/08/04 23:32:12 INFO Executor: Finished task 0.0 in stage 1.0 (TID 1). 2678 bytes result sent to driver
[2022-08-04 23:32:12,860] {spark_submit_hook.py:479} INFO - 22/08/04 23:32:12 INFO TaskSetManager: Finished task 0.0 in stage 1.0 (TID 1) in 334 ms on 192.168.0.20 (executor driver) (1/1)
[2022-08-04 23:32:12,860] {spark_submit_hook.py:479} INFO - 22/08/04 23:32:12 INFO TaskSchedulerImpl: Removed TaskSet 1.0, whose tasks have all completed, from pool
[2022-08-04 23:32:12,862] {spark_submit_hook.py:479} INFO - 22/08/04 23:32:12 INFO DAGScheduler: ResultStage 1 (json at NativeMethodAccessorImpl.java:0) finished in 0,394 s
[2022-08-04 23:32:12,862] {spark_submit_hook.py:479} INFO - 22/08/04 23:32:12 INFO DAGScheduler: Job 1 is finished. Cancelling potential speculative or zombie tasks for this job
[2022-08-04 23:32:12,863] {spark_submit_hook.py:479} INFO - 22/08/04 23:32:12 INFO TaskSchedulerImpl: Killing all running tasks in stage 1: Stage finished
[2022-08-04 23:32:12,864] {spark_submit_hook.py:479} INFO - 22/08/04 23:32:12 INFO DAGScheduler: Job 1 finished: json at NativeMethodAccessorImpl.java:0, took 0,401691 s
[2022-08-04 23:32:12,866] {spark_submit_hook.py:479} INFO - 22/08/04 23:32:12 INFO FileFormatWriter: Start to commit write Job de47c3bf-d398-4050-9472-504d8cd12562.
[2022-08-04 23:32:12,880] {spark_submit_hook.py:479} INFO - 22/08/04 23:32:12 INFO FileFormatWriter: Write Job de47c3bf-d398-4050-9472-504d8cd12562 committed. Elapsed time: 12 ms.
[2022-08-04 23:32:12,884] {spark_submit_hook.py:479} INFO - 22/08/04 23:32:12 INFO FileFormatWriter: Finished processing stats for write job de47c3bf-d398-4050-9472-504d8cd12562.
[2022-08-04 23:32:12,923] {spark_submit_hook.py:479} INFO - 22/08/04 23:32:12 INFO FileSourceStrategy: Pushed Filters:
[2022-08-04 23:32:12,924] {spark_submit_hook.py:479} INFO - 22/08/04 23:32:12 INFO FileSourceStrategy: Post-Scan Filters:
[2022-08-04 23:32:12,924] {spark_submit_hook.py:479} INFO - 22/08/04 23:32:12 INFO FileSourceStrategy: Output Data Schema: struct<includes: struct<users: array<struct<created_at:string,id:string,name:string,username:string>>>>
[2022-08-04 23:32:12,936] {spark_submit_hook.py:479} INFO - 22/08/04 23:32:12 INFO FileOutputCommitter: File Output Committer Algorithm version is 1
[2022-08-04 23:32:12,937] {spark_submit_hook.py:479} INFO - 22/08/04 23:32:12 INFO SQLHadoopMapReduceCommitProtocol: Using output committer class org.apache.hadoop.mapreduce.lib.output.FileOutputCommitter
[2022-08-04 23:32:12,965] {spark_submit_hook.py:479} INFO - 22/08/04 23:32:12 INFO CodeGenerator: Code generated in 17.892384 ms
[2022-08-04 23:32:12,970] {spark_submit_hook.py:479} INFO - 22/08/04 23:32:12 INFO MemoryStore: Block broadcast_4 stored as values in memory (estimated size 173.5 KiB, free 433.6 MiB)
[2022-08-04 23:32:12,981] {spark_submit_hook.py:479} INFO - 22/08/04 23:32:12 INFO MemoryStore: Block broadcast_4_piece0 stored as bytes in memory (estimated size 24.6 KiB, free 433.6 MiB)
[2022-08-04 23:32:12,983] {spark_submit_hook.py:479} INFO - 22/08/04 23:32:12 INFO BlockManagerInfo: Added broadcast_4_piece0 in memory on 192.168.0.20:34909 (size: 24.6 KiB, free: 434.3 MiB)
[2022-08-04 23:32:12,984] {spark_submit_hook.py:479} INFO - 22/08/04 23:32:12 INFO SparkContext: Created broadcast 4 from json at NativeMethodAccessorImpl.java:0
[2022-08-04 23:32:12,986] {spark_submit_hook.py:479} INFO - 22/08/04 23:32:12 INFO FileSourceScanExec: Planning scan with bin packing, max size: 4243214 bytes, open cost is considered as scanning 4194304 bytes.
[2022-08-04 23:32:13,027] {spark_submit_hook.py:479} INFO - 22/08/04 23:32:13 INFO SparkContext: Starting job: json at NativeMethodAccessorImpl.java:0
[2022-08-04 23:32:13,028] {spark_submit_hook.py:479} INFO - 22/08/04 23:32:13 INFO DAGScheduler: Got job 2 (json at NativeMethodAccessorImpl.java:0) with 1 output partitions
[2022-08-04 23:32:13,028] {spark_submit_hook.py:479} INFO - 22/08/04 23:32:13 INFO DAGScheduler: Final stage: ResultStage 2 (json at NativeMethodAccessorImpl.java:0)
[2022-08-04 23:32:13,028] {spark_submit_hook.py:479} INFO - 22/08/04 23:32:13 INFO DAGScheduler: Parents of final stage: List()
[2022-08-04 23:32:13,028] {spark_submit_hook.py:479} INFO - 22/08/04 23:32:13 INFO DAGScheduler: Missing parents: List()
[2022-08-04 23:32:13,030] {spark_submit_hook.py:479} INFO - 22/08/04 23:32:13 INFO DAGScheduler: Submitting ResultStage 2 (CoalescedRDD[11] at json at NativeMethodAccessorImpl.java:0), which has no missing parents
[2022-08-04 23:32:13,048] {spark_submit_hook.py:479} INFO - 22/08/04 23:32:13 INFO MemoryStore: Block broadcast_5 stored as values in memory (estimated size 161.1 KiB, free 433.4 MiB)
[2022-08-04 23:32:13,051] {spark_submit_hook.py:479} INFO - 22/08/04 23:32:13 INFO MemoryStore: Block broadcast_5_piece0 stored as bytes in memory (estimated size 57.8 KiB, free 433.4 MiB)
[2022-08-04 23:32:13,052] {spark_submit_hook.py:479} INFO - 22/08/04 23:32:13 INFO BlockManagerInfo: Added broadcast_5_piece0 in memory on 192.168.0.20:34909 (size: 57.8 KiB, free: 434.2 MiB)
[2022-08-04 23:32:13,053] {spark_submit_hook.py:479} INFO - 22/08/04 23:32:13 INFO SparkContext: Created broadcast 5 from broadcast at DAGScheduler.scala:1513
[2022-08-04 23:32:13,054] {spark_submit_hook.py:479} INFO - 22/08/04 23:32:13 INFO DAGScheduler: Submitting 1 missing tasks from ResultStage 2 (CoalescedRDD[11] at json at NativeMethodAccessorImpl.java:0) (first 15 tasks are for partitions Vector(0))
[2022-08-04 23:32:13,054] {spark_submit_hook.py:479} INFO - 22/08/04 23:32:13 INFO TaskSchedulerImpl: Adding task set 2.0 with 1 tasks resource profile 0
[2022-08-04 23:32:13,056] {spark_submit_hook.py:479} INFO - 22/08/04 23:32:13 INFO TaskSetManager: Starting task 0.0 in stage 2.0 (TID 2) (192.168.0.20, executor driver, partition 0, PROCESS_LOCAL, 5256 bytes) taskResourceAssignments Map()
[2022-08-04 23:32:13,057] {spark_submit_hook.py:479} INFO - 22/08/04 23:32:13 INFO Executor: Running task 0.0 in stage 2.0 (TID 2)
[2022-08-04 23:32:13,091] {spark_submit_hook.py:479} INFO - 22/08/04 23:32:13 INFO FileOutputCommitter: File Output Committer Algorithm version is 1
[2022-08-04 23:32:13,093] {spark_submit_hook.py:479} INFO - 22/08/04 23:32:13 INFO SQLHadoopMapReduceCommitProtocol: Using output committer class org.apache.hadoop.mapreduce.lib.output.FileOutputCommitter
[2022-08-04 23:32:13,105] {spark_submit_hook.py:479} INFO - 22/08/04 23:32:13 INFO FileScanRDD: Reading File path: file:///home/amadeus/ama/airflow-pipeline-alura/datapipeline/datalake/bronze/twitter_flamengomalvadao/extract_date=2022-08-03/FlamengoMalvadao_20220803.json, range: 0-48910, partition values: [empty row]
[2022-08-04 23:32:13,140] {spark_submit_hook.py:479} INFO - 22/08/04 23:32:13 INFO CodeGenerator: Code generated in 28.198608 ms
[2022-08-04 23:32:13,170] {spark_submit_hook.py:479} INFO - 22/08/04 23:32:13 INFO FileOutputCommitter: Saved output of task 'attempt_202208042332127579262353407795064_0002_m_000000_2' to file:/home/amadeus/ama/airflow-pipeline-alura/datapipeline/datalake/silver/twitter_flamengomalvadao/user/process_date=2022-08-03/_temporary/0/task_202208042332127579262353407795064_0002_m_000000
[2022-08-04 23:32:13,171] {spark_submit_hook.py:479} INFO - 22/08/04 23:32:13 INFO SparkHadoopMapRedUtil: attempt_202208042332127579262353407795064_0002_m_000000_2: Committed. Elapsed time: 2 ms.
[2022-08-04 23:32:13,174] {spark_submit_hook.py:479} INFO - 22/08/04 23:32:13 INFO Executor: Finished task 0.0 in stage 2.0 (TID 2). 2579 bytes result sent to driver
[2022-08-04 23:32:13,178] {spark_submit_hook.py:479} INFO - 22/08/04 23:32:13 INFO TaskSetManager: Finished task 0.0 in stage 2.0 (TID 2) in 122 ms on 192.168.0.20 (executor driver) (1/1)
[2022-08-04 23:32:13,178] {spark_submit_hook.py:479} INFO - 22/08/04 23:32:13 INFO TaskSchedulerImpl: Removed TaskSet 2.0, whose tasks have all completed, from pool
[2022-08-04 23:32:13,180] {spark_submit_hook.py:479} INFO - 22/08/04 23:32:13 INFO DAGScheduler: ResultStage 2 (json at NativeMethodAccessorImpl.java:0) finished in 0,148 s
[2022-08-04 23:32:13,181] {spark_submit_hook.py:479} INFO - 22/08/04 23:32:13 INFO DAGScheduler: Job 2 is finished. Cancelling potential speculative or zombie tasks for this job
[2022-08-04 23:32:13,181] {spark_submit_hook.py:479} INFO - 22/08/04 23:32:13 INFO TaskSchedulerImpl: Killing all running tasks in stage 2: Stage finished
[2022-08-04 23:32:13,182] {spark_submit_hook.py:479} INFO - 22/08/04 23:32:13 INFO DAGScheduler: Job 2 finished: json at NativeMethodAccessorImpl.java:0, took 0,154609 s
[2022-08-04 23:32:13,183] {spark_submit_hook.py:479} INFO - 22/08/04 23:32:13 INFO FileFormatWriter: Start to commit write Job f5357fe5-2769-482e-986b-2425ae00ca9b.
[2022-08-04 23:32:13,201] {spark_submit_hook.py:479} INFO - 22/08/04 23:32:13 INFO FileFormatWriter: Write Job f5357fe5-2769-482e-986b-2425ae00ca9b committed. Elapsed time: 17 ms.
[2022-08-04 23:32:13,202] {spark_submit_hook.py:479} INFO - 22/08/04 23:32:13 INFO FileFormatWriter: Finished processing stats for write job f5357fe5-2769-482e-986b-2425ae00ca9b.
[2022-08-04 23:32:13,268] {spark_submit_hook.py:479} INFO - 22/08/04 23:32:13 INFO SparkContext: Invoking stop() from shutdown hook
[2022-08-04 23:32:13,284] {spark_submit_hook.py:479} INFO - 22/08/04 23:32:13 INFO SparkUI: Stopped Spark web UI at http://192.168.0.20:4041
[2022-08-04 23:32:13,304] {spark_submit_hook.py:479} INFO - 22/08/04 23:32:13 INFO MapOutputTrackerMasterEndpoint: MapOutputTrackerMasterEndpoint stopped!
[2022-08-04 23:32:13,317] {spark_submit_hook.py:479} INFO - 22/08/04 23:32:13 INFO MemoryStore: MemoryStore cleared
[2022-08-04 23:32:13,317] {spark_submit_hook.py:479} INFO - 22/08/04 23:32:13 INFO BlockManager: BlockManager stopped
[2022-08-04 23:32:13,322] {spark_submit_hook.py:479} INFO - 22/08/04 23:32:13 INFO BlockManagerMaster: BlockManagerMaster stopped
[2022-08-04 23:32:13,325] {spark_submit_hook.py:479} INFO - 22/08/04 23:32:13 INFO OutputCommitCoordinator$OutputCommitCoordinatorEndpoint: OutputCommitCoordinator stopped!
[2022-08-04 23:32:13,330] {spark_submit_hook.py:479} INFO - 22/08/04 23:32:13 INFO SparkContext: Successfully stopped SparkContext
[2022-08-04 23:32:13,331] {spark_submit_hook.py:479} INFO - 22/08/04 23:32:13 INFO ShutdownHookManager: Shutdown hook called
[2022-08-04 23:32:13,332] {spark_submit_hook.py:479} INFO - 22/08/04 23:32:13 INFO ShutdownHookManager: Deleting directory /tmp/spark-0fb5327d-227b-44c8-962d-63aef177a1bb
[2022-08-04 23:32:13,334] {spark_submit_hook.py:479} INFO - 22/08/04 23:32:13 INFO ShutdownHookManager: Deleting directory /tmp/spark-49208bc1-fad3-4b05-ba5b-1e8c4d01f377/pyspark-233fa2f4-5298-4026-8f74-437df81770aa
[2022-08-04 23:32:13,336] {spark_submit_hook.py:479} INFO - 22/08/04 23:32:13 INFO ShutdownHookManager: Deleting directory /tmp/spark-49208bc1-fad3-4b05-ba5b-1e8c4d01f377
[2022-08-04 23:32:13,422] {taskinstance.py:1057} INFO - Marking task as SUCCESS.dag_id=twitter_dag, task_id=transform_twitter_flamengomalvadao, execution_date=20220803T090000, start_date=20220805T023157, end_date=20220805T023213
[2022-08-04 23:32:17,337] {local_task_job.py:102} INFO - Task exited with return code 0
