[2022-08-08 23:38:32,040] {taskinstance.py:670} INFO - Dependencies all met for <TaskInstance: twitter_dag.transform_twitter_flamengomalvadao 2022-08-03T09:00:00+00:00 [queued]>
[2022-08-08 23:38:32,049] {taskinstance.py:670} INFO - Dependencies all met for <TaskInstance: twitter_dag.transform_twitter_flamengomalvadao 2022-08-03T09:00:00+00:00 [queued]>
[2022-08-08 23:38:32,050] {taskinstance.py:880} INFO - 
--------------------------------------------------------------------------------
[2022-08-08 23:38:32,050] {taskinstance.py:881} INFO - Starting attempt 12 of 12
[2022-08-08 23:38:32,050] {taskinstance.py:882} INFO - 
--------------------------------------------------------------------------------
[2022-08-08 23:38:32,324] {taskinstance.py:901} INFO - Executing <Task(SparkSubmitOperator): transform_twitter_flamengomalvadao> on 2022-08-03T09:00:00+00:00
[2022-08-08 23:38:32,329] {standard_task_runner.py:54} INFO - Started process 196594 to run task
[2022-08-08 23:38:32,388] {standard_task_runner.py:77} INFO - Running: ['airflow', 'run', 'twitter_dag', 'transform_twitter_flamengomalvadao', '2022-08-03T09:00:00+00:00', '--job_id', '163', '--pool', 'default_pool', '--raw', '-sd', 'DAGS_FOLDER/twitter_dag.py', '--cfg_path', '/tmp/tmpq7dq313b']
[2022-08-08 23:38:32,389] {standard_task_runner.py:78} INFO - Job 163: Subtask transform_twitter_flamengomalvadao
[2022-08-08 23:38:32,781] {logging_mixin.py:112} INFO - Running <TaskInstance: twitter_dag.transform_twitter_flamengomalvadao 2022-08-03T09:00:00+00:00 [running]> on host ama
[2022-08-08 23:38:32,825] {base_hook.py:89} INFO - Using connection to: id: spark_default. Host: local, Port: None, Schema: None, Login: None, Password: None, extra: XXXXXXXX
[2022-08-08 23:38:32,827] {spark_submit_hook.py:325} INFO - Spark-Submit cmd: /home/amadeus/Downloads/spark-3.3.0-bin-hadoop2/bin/spark-submit --master local --name twitter_transformation /home/amadeus/ama/airflow-pipeline-alura/datapipeline/spark/transfortmation.py --src /home/amadeus/ama/airflow-pipeline-alura/datapipeline/datalake/bronze/twitter_flamengomalvadao/extract_date=2022-08-03 --dest /home/amadeus/ama/airflow-pipeline-alura/datapipeline/datalake/silver/twitter_flamengomalvadao/ --process-date 2022-08-03
[2022-08-08 23:38:34,110] {spark_submit_hook.py:479} INFO - 22/08/08 23:38:34 WARN Utils: Your hostname, ama resolves to a loopback address: 127.0.1.1; using 192.168.0.20 instead (on interface wlo1)
[2022-08-08 23:38:34,112] {spark_submit_hook.py:479} INFO - 22/08/08 23:38:34 WARN Utils: Set SPARK_LOCAL_IP if you need to bind to another address
[2022-08-08 23:38:35,163] {spark_submit_hook.py:479} INFO - 22/08/08 23:38:35 INFO SparkContext: Running Spark version 3.3.0
[2022-08-08 23:38:35,313] {spark_submit_hook.py:479} INFO - 22/08/08 23:38:35 WARN NativeCodeLoader: Unable to load native-hadoop library for your platform... using builtin-java classes where applicable
[2022-08-08 23:38:35,406] {spark_submit_hook.py:479} INFO - 22/08/08 23:38:35 INFO ResourceUtils: ==============================================================
[2022-08-08 23:38:35,407] {spark_submit_hook.py:479} INFO - 22/08/08 23:38:35 INFO ResourceUtils: No custom resources configured for spark.driver.
[2022-08-08 23:38:35,407] {spark_submit_hook.py:479} INFO - 22/08/08 23:38:35 INFO ResourceUtils: ==============================================================
[2022-08-08 23:38:35,408] {spark_submit_hook.py:479} INFO - 22/08/08 23:38:35 INFO SparkContext: Submitted application: twitter_transformation
[2022-08-08 23:38:35,427] {spark_submit_hook.py:479} INFO - 22/08/08 23:38:35 INFO ResourceProfile: Default ResourceProfile created, executor resources: Map(cores -> name: cores, amount: 1, script: , vendor: , memory -> name: memory, amount: 1024, script: , vendor: , offHeap -> name: offHeap, amount: 0, script: , vendor: ), task resources: Map(cpus -> name: cpus, amount: 1.0)
[2022-08-08 23:38:35,439] {spark_submit_hook.py:479} INFO - 22/08/08 23:38:35 INFO ResourceProfile: Limiting resource is cpu
[2022-08-08 23:38:35,440] {spark_submit_hook.py:479} INFO - 22/08/08 23:38:35 INFO ResourceProfileManager: Added ResourceProfile id: 0
[2022-08-08 23:38:35,497] {spark_submit_hook.py:479} INFO - 22/08/08 23:38:35 INFO SecurityManager: Changing view acls to: amadeus
[2022-08-08 23:38:35,498] {spark_submit_hook.py:479} INFO - 22/08/08 23:38:35 INFO SecurityManager: Changing modify acls to: amadeus
[2022-08-08 23:38:35,498] {spark_submit_hook.py:479} INFO - 22/08/08 23:38:35 INFO SecurityManager: Changing view acls groups to:
[2022-08-08 23:38:35,498] {spark_submit_hook.py:479} INFO - 22/08/08 23:38:35 INFO SecurityManager: Changing modify acls groups to:
[2022-08-08 23:38:35,499] {spark_submit_hook.py:479} INFO - 22/08/08 23:38:35 INFO SecurityManager: SecurityManager: authentication disabled; ui acls disabled; users  with view permissions: Set(amadeus); groups with view permissions: Set(); users  with modify permissions: Set(amadeus); groups with modify permissions: Set()
[2022-08-08 23:38:35,758] {spark_submit_hook.py:479} INFO - 22/08/08 23:38:35 INFO Utils: Successfully started service 'sparkDriver' on port 46181.
[2022-08-08 23:38:35,777] {spark_submit_hook.py:479} INFO - 22/08/08 23:38:35 INFO SparkEnv: Registering MapOutputTracker
[2022-08-08 23:38:35,815] {spark_submit_hook.py:479} INFO - 22/08/08 23:38:35 INFO SparkEnv: Registering BlockManagerMaster
[2022-08-08 23:38:35,840] {spark_submit_hook.py:479} INFO - 22/08/08 23:38:35 INFO BlockManagerMasterEndpoint: Using org.apache.spark.storage.DefaultTopologyMapper for getting topology information
[2022-08-08 23:38:35,841] {spark_submit_hook.py:479} INFO - 22/08/08 23:38:35 INFO BlockManagerMasterEndpoint: BlockManagerMasterEndpoint up
[2022-08-08 23:38:35,845] {spark_submit_hook.py:479} INFO - 22/08/08 23:38:35 INFO SparkEnv: Registering BlockManagerMasterHeartbeat
[2022-08-08 23:38:35,865] {spark_submit_hook.py:479} INFO - 22/08/08 23:38:35 INFO DiskBlockManager: Created local directory at /tmp/blockmgr-d9ba8ba9-e70f-4547-bfe4-a4a47d4c84c2
[2022-08-08 23:38:35,882] {spark_submit_hook.py:479} INFO - 22/08/08 23:38:35 INFO MemoryStore: MemoryStore started with capacity 434.4 MiB
[2022-08-08 23:38:35,899] {spark_submit_hook.py:479} INFO - 22/08/08 23:38:35 INFO SparkEnv: Registering OutputCommitCoordinator
[2022-08-08 23:38:36,107] {spark_submit_hook.py:479} INFO - 22/08/08 23:38:36 WARN Utils: Service 'SparkUI' could not bind on port 4040. Attempting port 4041.
[2022-08-08 23:38:36,114] {spark_submit_hook.py:479} INFO - 22/08/08 23:38:36 INFO Utils: Successfully started service 'SparkUI' on port 4041.
[2022-08-08 23:38:36,217] {spark_submit_hook.py:479} INFO - 22/08/08 23:38:36 INFO Executor: Starting executor ID driver on host 192.168.0.20
[2022-08-08 23:38:36,223] {spark_submit_hook.py:479} INFO - 22/08/08 23:38:36 INFO Executor: Starting executor with user classpath (userClassPathFirst = false): ''
[2022-08-08 23:38:36,239] {spark_submit_hook.py:479} INFO - 22/08/08 23:38:36 INFO Utils: Successfully started service 'org.apache.spark.network.netty.NettyBlockTransferService' on port 40429.
[2022-08-08 23:38:36,239] {spark_submit_hook.py:479} INFO - 22/08/08 23:38:36 INFO NettyBlockTransferService: Server created on 192.168.0.20:40429
[2022-08-08 23:38:36,241] {spark_submit_hook.py:479} INFO - 22/08/08 23:38:36 INFO BlockManager: Using org.apache.spark.storage.RandomBlockReplicationPolicy for block replication policy
[2022-08-08 23:38:36,246] {spark_submit_hook.py:479} INFO - 22/08/08 23:38:36 INFO BlockManagerMaster: Registering BlockManager BlockManagerId(driver, 192.168.0.20, 40429, None)
[2022-08-08 23:38:36,249] {spark_submit_hook.py:479} INFO - 22/08/08 23:38:36 INFO BlockManagerMasterEndpoint: Registering block manager 192.168.0.20:40429 with 434.4 MiB RAM, BlockManagerId(driver, 192.168.0.20, 40429, None)
[2022-08-08 23:38:36,251] {spark_submit_hook.py:479} INFO - 22/08/08 23:38:36 INFO BlockManagerMaster: Registered BlockManager BlockManagerId(driver, 192.168.0.20, 40429, None)
[2022-08-08 23:38:36,252] {spark_submit_hook.py:479} INFO - 22/08/08 23:38:36 INFO BlockManager: Initialized BlockManager: BlockManagerId(driver, 192.168.0.20, 40429, None)
[2022-08-08 23:38:36,768] {spark_submit_hook.py:479} INFO - 22/08/08 23:38:36 INFO SharedState: Setting hive.metastore.warehouse.dir ('null') to the value of spark.sql.warehouse.dir.
[2022-08-08 23:38:36,773] {spark_submit_hook.py:479} INFO - 22/08/08 23:38:36 INFO SharedState: Warehouse path is 'file:/home/amadeus/ama/airflow-pipeline-alura/datapipeline/spark-warehouse'.
[2022-08-08 23:38:38,746] {spark_submit_hook.py:479} INFO - 22/08/08 23:38:38 INFO InMemoryFileIndex: It took 31 ms to list leaf files for 1 paths.
[2022-08-08 23:38:38,848] {spark_submit_hook.py:479} INFO - 22/08/08 23:38:38 INFO InMemoryFileIndex: It took 1 ms to list leaf files for 1 paths.
[2022-08-08 23:38:40,795] {spark_submit_hook.py:479} INFO - 22/08/08 23:38:40 INFO FileSourceStrategy: Pushed Filters:
[2022-08-08 23:38:40,797] {spark_submit_hook.py:479} INFO - 22/08/08 23:38:40 INFO FileSourceStrategy: Post-Scan Filters:
[2022-08-08 23:38:40,799] {spark_submit_hook.py:479} INFO - 22/08/08 23:38:40 INFO FileSourceStrategy: Output Data Schema: struct<value: string>
[2022-08-08 23:38:41,051] {spark_submit_hook.py:479} INFO - 22/08/08 23:38:41 INFO MemoryStore: Block broadcast_0 stored as values in memory (estimated size 173.7 KiB, free 434.2 MiB)
[2022-08-08 23:38:41,092] {spark_submit_hook.py:479} INFO - 22/08/08 23:38:41 INFO MemoryStore: Block broadcast_0_piece0 stored as bytes in memory (estimated size 24.7 KiB, free 434.2 MiB)
[2022-08-08 23:38:41,094] {spark_submit_hook.py:479} INFO - 22/08/08 23:38:41 INFO BlockManagerInfo: Added broadcast_0_piece0 in memory on 192.168.0.20:40429 (size: 24.7 KiB, free: 434.4 MiB)
[2022-08-08 23:38:41,098] {spark_submit_hook.py:479} INFO - 22/08/08 23:38:41 INFO SparkContext: Created broadcast 0 from json at NativeMethodAccessorImpl.java:0
[2022-08-08 23:38:41,106] {spark_submit_hook.py:479} INFO - 22/08/08 23:38:41 INFO FileSourceScanExec: Planning scan with bin packing, max size: 4242086 bytes, open cost is considered as scanning 4194304 bytes.
[2022-08-08 23:38:41,273] {spark_submit_hook.py:479} INFO - 22/08/08 23:38:41 INFO SparkContext: Starting job: json at NativeMethodAccessorImpl.java:0
[2022-08-08 23:38:41,287] {spark_submit_hook.py:479} INFO - 22/08/08 23:38:41 INFO DAGScheduler: Got job 0 (json at NativeMethodAccessorImpl.java:0) with 1 output partitions
[2022-08-08 23:38:41,287] {spark_submit_hook.py:479} INFO - 22/08/08 23:38:41 INFO DAGScheduler: Final stage: ResultStage 0 (json at NativeMethodAccessorImpl.java:0)
[2022-08-08 23:38:41,287] {spark_submit_hook.py:479} INFO - 22/08/08 23:38:41 INFO DAGScheduler: Parents of final stage: List()
[2022-08-08 23:38:41,288] {spark_submit_hook.py:479} INFO - 22/08/08 23:38:41 INFO DAGScheduler: Missing parents: List()
[2022-08-08 23:38:41,291] {spark_submit_hook.py:479} INFO - 22/08/08 23:38:41 INFO DAGScheduler: Submitting ResultStage 0 (MapPartitionsRDD[3] at json at NativeMethodAccessorImpl.java:0), which has no missing parents
[2022-08-08 23:38:41,361] {spark_submit_hook.py:479} INFO - 22/08/08 23:38:41 INFO MemoryStore: Block broadcast_1 stored as values in memory (estimated size 14.5 KiB, free 434.2 MiB)
[2022-08-08 23:38:41,363] {spark_submit_hook.py:479} INFO - 22/08/08 23:38:41 INFO MemoryStore: Block broadcast_1_piece0 stored as bytes in memory (estimated size 7.0 KiB, free 434.2 MiB)
[2022-08-08 23:38:41,364] {spark_submit_hook.py:479} INFO - 22/08/08 23:38:41 INFO BlockManagerInfo: Added broadcast_1_piece0 in memory on 192.168.0.20:40429 (size: 7.0 KiB, free: 434.4 MiB)
[2022-08-08 23:38:41,364] {spark_submit_hook.py:479} INFO - 22/08/08 23:38:41 INFO SparkContext: Created broadcast 1 from broadcast at DAGScheduler.scala:1513
[2022-08-08 23:38:41,374] {spark_submit_hook.py:479} INFO - 22/08/08 23:38:41 INFO DAGScheduler: Submitting 1 missing tasks from ResultStage 0 (MapPartitionsRDD[3] at json at NativeMethodAccessorImpl.java:0) (first 15 tasks are for partitions Vector(0))
[2022-08-08 23:38:41,375] {spark_submit_hook.py:479} INFO - 22/08/08 23:38:41 INFO TaskSchedulerImpl: Adding task set 0.0 with 1 tasks resource profile 0
[2022-08-08 23:38:41,412] {spark_submit_hook.py:479} INFO - 22/08/08 23:38:41 INFO TaskSetManager: Starting task 0.0 in stage 0.0 (TID 0) (192.168.0.20, executor driver, partition 0, PROCESS_LOCAL, 5027 bytes) taskResourceAssignments Map()
[2022-08-08 23:38:41,424] {spark_submit_hook.py:479} INFO - 22/08/08 23:38:41 INFO Executor: Running task 0.0 in stage 0.0 (TID 0)
[2022-08-08 23:38:41,529] {spark_submit_hook.py:479} INFO - 22/08/08 23:38:41 INFO FileScanRDD: Reading File path: file:///home/amadeus/ama/airflow-pipeline-alura/datapipeline/datalake/bronze/twitter_flamengomalvadao/extract_date=2022-08-03/FlamengoMalvadao_20220803.json, range: 0-47782, partition values: [empty row]
[2022-08-08 23:38:41,679] {spark_submit_hook.py:479} INFO - 22/08/08 23:38:41 INFO CodeGenerator: Code generated in 123.761525 ms
[2022-08-08 23:38:41,723] {spark_submit_hook.py:479} INFO - 22/08/08 23:38:41 INFO Executor: Finished task 0.0 in stage 0.0 (TID 0). 2823 bytes result sent to driver
[2022-08-08 23:38:41,729] {spark_submit_hook.py:479} INFO - 22/08/08 23:38:41 INFO TaskSetManager: Finished task 0.0 in stage 0.0 (TID 0) in 325 ms on 192.168.0.20 (executor driver) (1/1)
[2022-08-08 23:38:41,731] {spark_submit_hook.py:479} INFO - 22/08/08 23:38:41 INFO TaskSchedulerImpl: Removed TaskSet 0.0, whose tasks have all completed, from pool
[2022-08-08 23:38:41,736] {spark_submit_hook.py:479} INFO - 22/08/08 23:38:41 INFO DAGScheduler: ResultStage 0 (json at NativeMethodAccessorImpl.java:0) finished in 0,433 s
[2022-08-08 23:38:41,739] {spark_submit_hook.py:479} INFO - 22/08/08 23:38:41 INFO DAGScheduler: Job 0 is finished. Cancelling potential speculative or zombie tasks for this job
[2022-08-08 23:38:41,739] {spark_submit_hook.py:479} INFO - 22/08/08 23:38:41 INFO TaskSchedulerImpl: Killing all running tasks in stage 0: Stage finished
[2022-08-08 23:38:41,741] {spark_submit_hook.py:479} INFO - 22/08/08 23:38:41 INFO DAGScheduler: Job 0 finished: json at NativeMethodAccessorImpl.java:0, took 0,467575 s
[2022-08-08 23:38:42,023] {spark_submit_hook.py:479} INFO - 22/08/08 23:38:42 INFO BlockManagerInfo: Removed broadcast_1_piece0 on 192.168.0.20:40429 in memory (size: 7.0 KiB, free: 434.4 MiB)
[2022-08-08 23:38:42,029] {spark_submit_hook.py:479} INFO - 22/08/08 23:38:42 INFO BlockManagerInfo: Removed broadcast_0_piece0 on 192.168.0.20:40429 in memory (size: 24.7 KiB, free: 434.4 MiB)
[2022-08-08 23:38:42,134] {spark_submit_hook.py:479} INFO - 22/08/08 23:38:42 INFO FileSourceStrategy: Pushed Filters: IsNotNull(data)
[2022-08-08 23:38:42,136] {spark_submit_hook.py:479} INFO - 22/08/08 23:38:42 INFO FileSourceStrategy: Post-Scan Filters: (size(data#8, true) > 0),isnotnull(data#8)
[2022-08-08 23:38:42,136] {spark_submit_hook.py:479} INFO - 22/08/08 23:38:42 INFO FileSourceStrategy: Output Data Schema: struct<data: array<struct<author_id:string,conversation_id:string,created_at:string,id:string,in_reply_to_user_id:string,public_metrics:struct<like_count:bigint,quote_count:bigint,reply_count:bigint,retweet_count:bigint>,text:string>>>
[2022-08-08 23:38:42,214] {spark_submit_hook.py:479} INFO - 22/08/08 23:38:42 INFO FileOutputCommitter: File Output Committer Algorithm version is 1
[2022-08-08 23:38:42,216] {spark_submit_hook.py:479} INFO - 22/08/08 23:38:42 INFO SQLHadoopMapReduceCommitProtocol: Using output committer class org.apache.hadoop.mapreduce.lib.output.FileOutputCommitter
[2022-08-08 23:38:42,333] {spark_submit_hook.py:479} INFO - 22/08/08 23:38:42 INFO CodeGenerator: Code generated in 61.049084 ms
[2022-08-08 23:38:42,337] {spark_submit_hook.py:479} INFO - 22/08/08 23:38:42 INFO MemoryStore: Block broadcast_2 stored as values in memory (estimated size 173.5 KiB, free 434.2 MiB)
[2022-08-08 23:38:42,345] {spark_submit_hook.py:479} INFO - 22/08/08 23:38:42 INFO MemoryStore: Block broadcast_2_piece0 stored as bytes in memory (estimated size 24.6 KiB, free 434.2 MiB)
[2022-08-08 23:38:42,345] {spark_submit_hook.py:479} INFO - 22/08/08 23:38:42 INFO BlockManagerInfo: Added broadcast_2_piece0 in memory on 192.168.0.20:40429 (size: 24.6 KiB, free: 434.4 MiB)
[2022-08-08 23:38:42,346] {spark_submit_hook.py:479} INFO - 22/08/08 23:38:42 INFO SparkContext: Created broadcast 2 from json at NativeMethodAccessorImpl.java:0
[2022-08-08 23:38:42,348] {spark_submit_hook.py:479} INFO - 22/08/08 23:38:42 INFO FileSourceScanExec: Planning scan with bin packing, max size: 4242086 bytes, open cost is considered as scanning 4194304 bytes.
[2022-08-08 23:38:42,392] {spark_submit_hook.py:479} INFO - 22/08/08 23:38:42 INFO SparkContext: Starting job: json at NativeMethodAccessorImpl.java:0
[2022-08-08 23:38:42,393] {spark_submit_hook.py:479} INFO - 22/08/08 23:38:42 INFO DAGScheduler: Got job 1 (json at NativeMethodAccessorImpl.java:0) with 1 output partitions
[2022-08-08 23:38:42,394] {spark_submit_hook.py:479} INFO - 22/08/08 23:38:42 INFO DAGScheduler: Final stage: ResultStage 1 (json at NativeMethodAccessorImpl.java:0)
[2022-08-08 23:38:42,394] {spark_submit_hook.py:479} INFO - 22/08/08 23:38:42 INFO DAGScheduler: Parents of final stage: List()
[2022-08-08 23:38:42,394] {spark_submit_hook.py:479} INFO - 22/08/08 23:38:42 INFO DAGScheduler: Missing parents: List()
[2022-08-08 23:38:42,395] {spark_submit_hook.py:479} INFO - 22/08/08 23:38:42 INFO DAGScheduler: Submitting ResultStage 1 (CoalescedRDD[7] at json at NativeMethodAccessorImpl.java:0), which has no missing parents
[2022-08-08 23:38:42,413] {spark_submit_hook.py:479} INFO - 22/08/08 23:38:42 INFO MemoryStore: Block broadcast_3 stored as values in memory (estimated size 175.8 KiB, free 434.0 MiB)
[2022-08-08 23:38:42,415] {spark_submit_hook.py:479} INFO - 22/08/08 23:38:42 INFO MemoryStore: Block broadcast_3_piece0 stored as bytes in memory (estimated size 60.9 KiB, free 434.0 MiB)
[2022-08-08 23:38:42,416] {spark_submit_hook.py:479} INFO - 22/08/08 23:38:42 INFO BlockManagerInfo: Added broadcast_3_piece0 in memory on 192.168.0.20:40429 (size: 60.9 KiB, free: 434.3 MiB)
[2022-08-08 23:38:42,416] {spark_submit_hook.py:479} INFO - 22/08/08 23:38:42 INFO SparkContext: Created broadcast 3 from broadcast at DAGScheduler.scala:1513
[2022-08-08 23:38:42,417] {spark_submit_hook.py:479} INFO - 22/08/08 23:38:42 INFO DAGScheduler: Submitting 1 missing tasks from ResultStage 1 (CoalescedRDD[7] at json at NativeMethodAccessorImpl.java:0) (first 15 tasks are for partitions Vector(0))
[2022-08-08 23:38:42,417] {spark_submit_hook.py:479} INFO - 22/08/08 23:38:42 INFO TaskSchedulerImpl: Adding task set 1.0 with 1 tasks resource profile 0
[2022-08-08 23:38:42,421] {spark_submit_hook.py:479} INFO - 22/08/08 23:38:42 INFO TaskSetManager: Starting task 0.0 in stage 1.0 (TID 1) (192.168.0.20, executor driver, partition 0, PROCESS_LOCAL, 5256 bytes) taskResourceAssignments Map()
[2022-08-08 23:38:42,421] {spark_submit_hook.py:479} INFO - 22/08/08 23:38:42 INFO Executor: Running task 0.0 in stage 1.0 (TID 1)
[2022-08-08 23:38:42,462] {spark_submit_hook.py:479} INFO - 22/08/08 23:38:42 INFO FileOutputCommitter: File Output Committer Algorithm version is 1
[2022-08-08 23:38:42,463] {spark_submit_hook.py:479} INFO - 22/08/08 23:38:42 INFO SQLHadoopMapReduceCommitProtocol: Using output committer class org.apache.hadoop.mapreduce.lib.output.FileOutputCommitter
[2022-08-08 23:38:42,482] {spark_submit_hook.py:479} INFO - 22/08/08 23:38:42 INFO FileScanRDD: Reading File path: file:///home/amadeus/ama/airflow-pipeline-alura/datapipeline/datalake/bronze/twitter_flamengomalvadao/extract_date=2022-08-03/FlamengoMalvadao_20220803.json, range: 0-47782, partition values: [empty row]
[2022-08-08 23:38:42,500] {spark_submit_hook.py:479} INFO - 22/08/08 23:38:42 INFO CodeGenerator: Code generated in 15.945678 ms
[2022-08-08 23:38:42,520] {spark_submit_hook.py:479} INFO - 22/08/08 23:38:42 INFO CodeGenerator: Code generated in 4.79015 ms
[2022-08-08 23:38:42,571] {spark_submit_hook.py:479} INFO - 22/08/08 23:38:42 INFO FileOutputCommitter: Saved output of task 'attempt_202208082338428824719144964410034_0001_m_000000_1' to file:/home/amadeus/ama/airflow-pipeline-alura/datapipeline/datalake/silver/twitter_flamengomalvadao/tweet/process_date=2022-08-03/_temporary/0/task_202208082338428824719144964410034_0001_m_000000
[2022-08-08 23:38:42,572] {spark_submit_hook.py:479} INFO - 22/08/08 23:38:42 INFO SparkHadoopMapRedUtil: attempt_202208082338428824719144964410034_0001_m_000000_1: Committed. Elapsed time: 1 ms.
[2022-08-08 23:38:42,577] {spark_submit_hook.py:479} INFO - 22/08/08 23:38:42 INFO Executor: Finished task 0.0 in stage 1.0 (TID 1). 2678 bytes result sent to driver
[2022-08-08 23:38:42,579] {spark_submit_hook.py:479} INFO - 22/08/08 23:38:42 INFO TaskSetManager: Finished task 0.0 in stage 1.0 (TID 1) in 161 ms on 192.168.0.20 (executor driver) (1/1)
[2022-08-08 23:38:42,579] {spark_submit_hook.py:479} INFO - 22/08/08 23:38:42 INFO TaskSchedulerImpl: Removed TaskSet 1.0, whose tasks have all completed, from pool
[2022-08-08 23:38:42,580] {spark_submit_hook.py:479} INFO - 22/08/08 23:38:42 INFO DAGScheduler: ResultStage 1 (json at NativeMethodAccessorImpl.java:0) finished in 0,184 s
[2022-08-08 23:38:42,581] {spark_submit_hook.py:479} INFO - 22/08/08 23:38:42 INFO DAGScheduler: Job 1 is finished. Cancelling potential speculative or zombie tasks for this job
[2022-08-08 23:38:42,581] {spark_submit_hook.py:479} INFO - 22/08/08 23:38:42 INFO TaskSchedulerImpl: Killing all running tasks in stage 1: Stage finished
[2022-08-08 23:38:42,582] {spark_submit_hook.py:479} INFO - 22/08/08 23:38:42 INFO DAGScheduler: Job 1 finished: json at NativeMethodAccessorImpl.java:0, took 0,189278 s
[2022-08-08 23:38:42,584] {spark_submit_hook.py:479} INFO - 22/08/08 23:38:42 INFO FileFormatWriter: Start to commit write Job 00d932b2-9b47-4835-b361-8a81aa379685.
[2022-08-08 23:38:42,595] {spark_submit_hook.py:479} INFO - 22/08/08 23:38:42 INFO FileFormatWriter: Write Job 00d932b2-9b47-4835-b361-8a81aa379685 committed. Elapsed time: 10 ms.
[2022-08-08 23:38:42,599] {spark_submit_hook.py:479} INFO - 22/08/08 23:38:42 INFO FileFormatWriter: Finished processing stats for write job 00d932b2-9b47-4835-b361-8a81aa379685.
[2022-08-08 23:38:42,630] {spark_submit_hook.py:479} INFO - 22/08/08 23:38:42 INFO FileSourceStrategy: Pushed Filters:
[2022-08-08 23:38:42,630] {spark_submit_hook.py:479} INFO - 22/08/08 23:38:42 INFO FileSourceStrategy: Post-Scan Filters:
[2022-08-08 23:38:42,630] {spark_submit_hook.py:479} INFO - 22/08/08 23:38:42 INFO FileSourceStrategy: Output Data Schema: struct<includes: struct<users: array<struct<created_at:string,id:string,name:string,username:string>>>>
[2022-08-08 23:38:42,637] {spark_submit_hook.py:479} INFO - 22/08/08 23:38:42 INFO FileOutputCommitter: File Output Committer Algorithm version is 1
[2022-08-08 23:38:42,639] {spark_submit_hook.py:479} INFO - 22/08/08 23:38:42 INFO SQLHadoopMapReduceCommitProtocol: Using output committer class org.apache.hadoop.mapreduce.lib.output.FileOutputCommitter
[2022-08-08 23:38:42,662] {spark_submit_hook.py:479} INFO - 22/08/08 23:38:42 INFO CodeGenerator: Code generated in 14.365194 ms
[2022-08-08 23:38:42,666] {spark_submit_hook.py:479} INFO - 22/08/08 23:38:42 INFO MemoryStore: Block broadcast_4 stored as values in memory (estimated size 173.5 KiB, free 433.8 MiB)
[2022-08-08 23:38:42,678] {spark_submit_hook.py:479} INFO - 22/08/08 23:38:42 INFO MemoryStore: Block broadcast_4_piece0 stored as bytes in memory (estimated size 24.6 KiB, free 433.8 MiB)
[2022-08-08 23:38:42,683] {spark_submit_hook.py:479} INFO - 22/08/08 23:38:42 INFO BlockManagerInfo: Added broadcast_4_piece0 in memory on 192.168.0.20:40429 (size: 24.6 KiB, free: 434.3 MiB)
[2022-08-08 23:38:42,684] {spark_submit_hook.py:479} INFO - 22/08/08 23:38:42 INFO SparkContext: Created broadcast 4 from json at NativeMethodAccessorImpl.java:0
[2022-08-08 23:38:42,685] {spark_submit_hook.py:479} INFO - 22/08/08 23:38:42 INFO FileSourceScanExec: Planning scan with bin packing, max size: 4242086 bytes, open cost is considered as scanning 4194304 bytes.
[2022-08-08 23:38:42,709] {spark_submit_hook.py:479} INFO - 22/08/08 23:38:42 INFO SparkContext: Starting job: json at NativeMethodAccessorImpl.java:0
[2022-08-08 23:38:42,711] {spark_submit_hook.py:479} INFO - 22/08/08 23:38:42 INFO DAGScheduler: Got job 2 (json at NativeMethodAccessorImpl.java:0) with 1 output partitions
[2022-08-08 23:38:42,711] {spark_submit_hook.py:479} INFO - 22/08/08 23:38:42 INFO DAGScheduler: Final stage: ResultStage 2 (json at NativeMethodAccessorImpl.java:0)
[2022-08-08 23:38:42,711] {spark_submit_hook.py:479} INFO - 22/08/08 23:38:42 INFO DAGScheduler: Parents of final stage: List()
[2022-08-08 23:38:42,712] {spark_submit_hook.py:479} INFO - 22/08/08 23:38:42 INFO DAGScheduler: Missing parents: List()
[2022-08-08 23:38:42,713] {spark_submit_hook.py:479} INFO - 22/08/08 23:38:42 INFO DAGScheduler: Submitting ResultStage 2 (CoalescedRDD[11] at json at NativeMethodAccessorImpl.java:0), which has no missing parents
[2022-08-08 23:38:42,743] {spark_submit_hook.py:479} INFO - 22/08/08 23:38:42 INFO MemoryStore: Block broadcast_5 stored as values in memory (estimated size 161.1 KiB, free 433.6 MiB)
[2022-08-08 23:38:42,746] {spark_submit_hook.py:479} INFO - 22/08/08 23:38:42 INFO MemoryStore: Block broadcast_5_piece0 stored as bytes in memory (estimated size 57.8 KiB, free 433.6 MiB)
[2022-08-08 23:38:42,747] {spark_submit_hook.py:479} INFO - 22/08/08 23:38:42 INFO BlockManagerInfo: Added broadcast_5_piece0 in memory on 192.168.0.20:40429 (size: 57.8 KiB, free: 434.2 MiB)
[2022-08-08 23:38:42,748] {spark_submit_hook.py:479} INFO - 22/08/08 23:38:42 INFO SparkContext: Created broadcast 5 from broadcast at DAGScheduler.scala:1513
[2022-08-08 23:38:42,748] {spark_submit_hook.py:479} INFO - 22/08/08 23:38:42 INFO DAGScheduler: Submitting 1 missing tasks from ResultStage 2 (CoalescedRDD[11] at json at NativeMethodAccessorImpl.java:0) (first 15 tasks are for partitions Vector(0))
[2022-08-08 23:38:42,748] {spark_submit_hook.py:479} INFO - 22/08/08 23:38:42 INFO TaskSchedulerImpl: Adding task set 2.0 with 1 tasks resource profile 0
[2022-08-08 23:38:42,750] {spark_submit_hook.py:479} INFO - 22/08/08 23:38:42 INFO TaskSetManager: Starting task 0.0 in stage 2.0 (TID 2) (192.168.0.20, executor driver, partition 0, PROCESS_LOCAL, 5256 bytes) taskResourceAssignments Map()
[2022-08-08 23:38:42,750] {spark_submit_hook.py:479} INFO - 22/08/08 23:38:42 INFO Executor: Running task 0.0 in stage 2.0 (TID 2)
[2022-08-08 23:38:42,775] {spark_submit_hook.py:479} INFO - 22/08/08 23:38:42 INFO BlockManagerInfo: Removed broadcast_2_piece0 on 192.168.0.20:40429 in memory (size: 24.6 KiB, free: 434.3 MiB)
[2022-08-08 23:38:42,779] {spark_submit_hook.py:479} INFO - 22/08/08 23:38:42 INFO FileOutputCommitter: File Output Committer Algorithm version is 1
[2022-08-08 23:38:42,779] {spark_submit_hook.py:479} INFO - 22/08/08 23:38:42 INFO SQLHadoopMapReduceCommitProtocol: Using output committer class org.apache.hadoop.mapreduce.lib.output.FileOutputCommitter
[2022-08-08 23:38:42,790] {spark_submit_hook.py:479} INFO - 22/08/08 23:38:42 INFO BlockManagerInfo: Removed broadcast_3_piece0 on 192.168.0.20:40429 in memory (size: 60.9 KiB, free: 434.3 MiB)
[2022-08-08 23:38:42,791] {spark_submit_hook.py:479} INFO - 22/08/08 23:38:42 INFO FileScanRDD: Reading File path: file:///home/amadeus/ama/airflow-pipeline-alura/datapipeline/datalake/bronze/twitter_flamengomalvadao/extract_date=2022-08-03/FlamengoMalvadao_20220803.json, range: 0-47782, partition values: [empty row]
[2022-08-08 23:38:42,810] {spark_submit_hook.py:479} INFO - 22/08/08 23:38:42 INFO CodeGenerator: Code generated in 15.902114 ms
[2022-08-08 23:38:42,823] {spark_submit_hook.py:479} INFO - 22/08/08 23:38:42 INFO FileOutputCommitter: Saved output of task 'attempt_202208082338426934380423861090344_0002_m_000000_2' to file:/home/amadeus/ama/airflow-pipeline-alura/datapipeline/datalake/silver/twitter_flamengomalvadao/user/process_date=2022-08-03/_temporary/0/task_202208082338426934380423861090344_0002_m_000000
[2022-08-08 23:38:42,823] {spark_submit_hook.py:479} INFO - 22/08/08 23:38:42 INFO SparkHadoopMapRedUtil: attempt_202208082338426934380423861090344_0002_m_000000_2: Committed. Elapsed time: 0 ms.
[2022-08-08 23:38:42,825] {spark_submit_hook.py:479} INFO - 22/08/08 23:38:42 INFO Executor: Finished task 0.0 in stage 2.0 (TID 2). 2622 bytes result sent to driver
[2022-08-08 23:38:42,827] {spark_submit_hook.py:479} INFO - 22/08/08 23:38:42 INFO TaskSetManager: Finished task 0.0 in stage 2.0 (TID 2) in 77 ms on 192.168.0.20 (executor driver) (1/1)
[2022-08-08 23:38:42,827] {spark_submit_hook.py:479} INFO - 22/08/08 23:38:42 INFO TaskSchedulerImpl: Removed TaskSet 2.0, whose tasks have all completed, from pool
[2022-08-08 23:38:42,828] {spark_submit_hook.py:479} INFO - 22/08/08 23:38:42 INFO DAGScheduler: ResultStage 2 (json at NativeMethodAccessorImpl.java:0) finished in 0,114 s
[2022-08-08 23:38:42,828] {spark_submit_hook.py:479} INFO - 22/08/08 23:38:42 INFO DAGScheduler: Job 2 is finished. Cancelling potential speculative or zombie tasks for this job
[2022-08-08 23:38:42,829] {spark_submit_hook.py:479} INFO - 22/08/08 23:38:42 INFO TaskSchedulerImpl: Killing all running tasks in stage 2: Stage finished
[2022-08-08 23:38:42,829] {spark_submit_hook.py:479} INFO - 22/08/08 23:38:42 INFO DAGScheduler: Job 2 finished: json at NativeMethodAccessorImpl.java:0, took 0,119325 s
[2022-08-08 23:38:42,830] {spark_submit_hook.py:479} INFO - 22/08/08 23:38:42 INFO FileFormatWriter: Start to commit write Job 5ad3fc38-38b5-4beb-9856-c457206fbd81.
[2022-08-08 23:38:42,836] {spark_submit_hook.py:479} INFO - 22/08/08 23:38:42 INFO FileFormatWriter: Write Job 5ad3fc38-38b5-4beb-9856-c457206fbd81 committed. Elapsed time: 6 ms.
[2022-08-08 23:38:42,837] {spark_submit_hook.py:479} INFO - 22/08/08 23:38:42 INFO FileFormatWriter: Finished processing stats for write job 5ad3fc38-38b5-4beb-9856-c457206fbd81.
[2022-08-08 23:38:42,876] {spark_submit_hook.py:479} INFO - 22/08/08 23:38:42 INFO SparkContext: Invoking stop() from shutdown hook
[2022-08-08 23:38:42,884] {spark_submit_hook.py:479} INFO - 22/08/08 23:38:42 INFO SparkUI: Stopped Spark web UI at http://192.168.0.20:4041
[2022-08-08 23:38:42,898] {spark_submit_hook.py:479} INFO - 22/08/08 23:38:42 INFO MapOutputTrackerMasterEndpoint: MapOutputTrackerMasterEndpoint stopped!
[2022-08-08 23:38:42,907] {spark_submit_hook.py:479} INFO - 22/08/08 23:38:42 INFO MemoryStore: MemoryStore cleared
[2022-08-08 23:38:42,907] {spark_submit_hook.py:479} INFO - 22/08/08 23:38:42 INFO BlockManager: BlockManager stopped
[2022-08-08 23:38:42,910] {spark_submit_hook.py:479} INFO - 22/08/08 23:38:42 INFO BlockManagerMaster: BlockManagerMaster stopped
[2022-08-08 23:38:42,913] {spark_submit_hook.py:479} INFO - 22/08/08 23:38:42 INFO OutputCommitCoordinator$OutputCommitCoordinatorEndpoint: OutputCommitCoordinator stopped!
[2022-08-08 23:38:42,919] {spark_submit_hook.py:479} INFO - 22/08/08 23:38:42 INFO SparkContext: Successfully stopped SparkContext
[2022-08-08 23:38:42,919] {spark_submit_hook.py:479} INFO - 22/08/08 23:38:42 INFO ShutdownHookManager: Shutdown hook called
[2022-08-08 23:38:42,919] {spark_submit_hook.py:479} INFO - 22/08/08 23:38:42 INFO ShutdownHookManager: Deleting directory /tmp/spark-530a671e-8344-4499-b07e-801ec13df318/pyspark-3206c888-9bbc-4788-9557-8f172947b882
[2022-08-08 23:38:42,921] {spark_submit_hook.py:479} INFO - 22/08/08 23:38:42 INFO ShutdownHookManager: Deleting directory /tmp/spark-530a671e-8344-4499-b07e-801ec13df318
[2022-08-08 23:38:42,922] {spark_submit_hook.py:479} INFO - 22/08/08 23:38:42 INFO ShutdownHookManager: Deleting directory /tmp/spark-2c479330-0cef-439c-8e30-a8ac2803b634
[2022-08-08 23:38:42,962] {taskinstance.py:1057} INFO - Marking task as SUCCESS.dag_id=twitter_dag, task_id=transform_twitter_flamengomalvadao, execution_date=20220803T090000, start_date=20220809T023832, end_date=20220809T023842
[2022-08-08 23:38:46,849] {local_task_job.py:102} INFO - Task exited with return code 0
