[2022-08-04 12:42:29,469] {taskinstance.py:670} INFO - Dependencies all met for <TaskInstance: twitter_dag.transform_twitter_flamengomalvadao 2022-08-03T09:00:00+00:00 [queued]>
[2022-08-04 12:42:29,488] {taskinstance.py:670} INFO - Dependencies all met for <TaskInstance: twitter_dag.transform_twitter_flamengomalvadao 2022-08-03T09:00:00+00:00 [queued]>
[2022-08-04 12:42:29,489] {taskinstance.py:880} INFO - 
--------------------------------------------------------------------------------
[2022-08-04 12:42:29,489] {taskinstance.py:881} INFO - Starting attempt 2 of 2
[2022-08-04 12:42:29,489] {taskinstance.py:882} INFO - 
--------------------------------------------------------------------------------
[2022-08-04 12:42:29,708] {taskinstance.py:901} INFO - Executing <Task(SparkSubmitOperator): transform_twitter_flamengomalvadao> on 2022-08-03T09:00:00+00:00
[2022-08-04 12:42:29,713] {standard_task_runner.py:54} INFO - Started process 133334 to run task
[2022-08-04 12:42:29,850] {standard_task_runner.py:77} INFO - Running: ['airflow', 'run', 'twitter_dag', 'transform_twitter_flamengomalvadao', '2022-08-03T09:00:00+00:00', '--job_id', '40', '--pool', 'default_pool', '--raw', '-sd', 'DAGS_FOLDER/twitter_dag.py', '--cfg_path', '/tmp/tmpxochj1dr']
[2022-08-04 12:42:29,850] {standard_task_runner.py:78} INFO - Job 40: Subtask transform_twitter_flamengomalvadao
[2022-08-04 12:42:30,136] {logging_mixin.py:112} INFO - Running <TaskInstance: twitter_dag.transform_twitter_flamengomalvadao 2022-08-03T09:00:00+00:00 [running]> on host ama
[2022-08-04 12:42:30,252] {base_hook.py:89} INFO - Using connection to: id: spark_default. Host: local, Port: None, Schema: None, Login: None, Password: None, extra: XXXXXXXX
[2022-08-04 12:42:30,255] {spark_submit_hook.py:325} INFO - Spark-Submit cmd: /home/amadeus/Downloads/spark-3.3.0-bin-hadoop2/bin/spark-submit --master local --name twitter_transformation /home/amadeus/ama/airflow-pipeline-alura/datapipeline/spark/transfortmation.py --src /home/amadeus/airflow-pipeline-alura/datapipeline/datalake/bronze/twitter_flamengomalvadao/extract_date=2022-08-03 --dest /home/amadeus/airflow-pipeline-alura/datapipeline/datalake/silver/twitter_flamengomalvadao/ --process-date 2022-08-03
[2022-08-04 12:42:33,185] {spark_submit_hook.py:479} INFO - 22/08/04 12:42:33 WARN Utils: Your hostname, ama resolves to a loopback address: 127.0.1.1; using 192.168.1.12 instead (on interface wlo1)
[2022-08-04 12:42:33,189] {spark_submit_hook.py:479} INFO - 22/08/04 12:42:33 WARN Utils: Set SPARK_LOCAL_IP if you need to bind to another address
[2022-08-04 12:42:34,615] {spark_submit_hook.py:479} INFO - 22/08/04 12:42:34 INFO SparkContext: Running Spark version 3.3.0
[2022-08-04 12:42:34,812] {spark_submit_hook.py:479} INFO - 22/08/04 12:42:34 WARN NativeCodeLoader: Unable to load native-hadoop library for your platform... using builtin-java classes where applicable
[2022-08-04 12:42:35,047] {spark_submit_hook.py:479} INFO - 22/08/04 12:42:35 INFO ResourceUtils: ==============================================================
[2022-08-04 12:42:35,047] {spark_submit_hook.py:479} INFO - 22/08/04 12:42:35 INFO ResourceUtils: No custom resources configured for spark.driver.
[2022-08-04 12:42:35,048] {spark_submit_hook.py:479} INFO - 22/08/04 12:42:35 INFO ResourceUtils: ==============================================================
[2022-08-04 12:42:35,048] {spark_submit_hook.py:479} INFO - 22/08/04 12:42:35 INFO SparkContext: Submitted application: twitter_transformation
[2022-08-04 12:42:35,093] {spark_submit_hook.py:479} INFO - 22/08/04 12:42:35 INFO ResourceProfile: Default ResourceProfile created, executor resources: Map(cores -> name: cores, amount: 1, script: , vendor: , memory -> name: memory, amount: 1024, script: , vendor: , offHeap -> name: offHeap, amount: 0, script: , vendor: ), task resources: Map(cpus -> name: cpus, amount: 1.0)
[2022-08-04 12:42:35,121] {spark_submit_hook.py:479} INFO - 22/08/04 12:42:35 INFO ResourceProfile: Limiting resource is cpu
[2022-08-04 12:42:35,122] {spark_submit_hook.py:479} INFO - 22/08/04 12:42:35 INFO ResourceProfileManager: Added ResourceProfile id: 0
[2022-08-04 12:42:35,244] {spark_submit_hook.py:479} INFO - 22/08/04 12:42:35 INFO SecurityManager: Changing view acls to: amadeus
[2022-08-04 12:42:35,245] {spark_submit_hook.py:479} INFO - 22/08/04 12:42:35 INFO SecurityManager: Changing modify acls to: amadeus
[2022-08-04 12:42:35,246] {spark_submit_hook.py:479} INFO - 22/08/04 12:42:35 INFO SecurityManager: Changing view acls groups to:
[2022-08-04 12:42:35,247] {spark_submit_hook.py:479} INFO - 22/08/04 12:42:35 INFO SecurityManager: Changing modify acls groups to:
[2022-08-04 12:42:35,248] {spark_submit_hook.py:479} INFO - 22/08/04 12:42:35 INFO SecurityManager: SecurityManager: authentication disabled; ui acls disabled; users  with view permissions: Set(amadeus); groups with view permissions: Set(); users  with modify permissions: Set(amadeus); groups with modify permissions: Set()
[2022-08-04 12:42:35,805] {spark_submit_hook.py:479} INFO - 22/08/04 12:42:35 INFO Utils: Successfully started service 'sparkDriver' on port 40591.
[2022-08-04 12:42:35,844] {spark_submit_hook.py:479} INFO - 22/08/04 12:42:35 INFO SparkEnv: Registering MapOutputTracker
[2022-08-04 12:42:35,897] {spark_submit_hook.py:479} INFO - 22/08/04 12:42:35 INFO SparkEnv: Registering BlockManagerMaster
[2022-08-04 12:42:35,925] {spark_submit_hook.py:479} INFO - 22/08/04 12:42:35 INFO BlockManagerMasterEndpoint: Using org.apache.spark.storage.DefaultTopologyMapper for getting topology information
[2022-08-04 12:42:35,926] {spark_submit_hook.py:479} INFO - 22/08/04 12:42:35 INFO BlockManagerMasterEndpoint: BlockManagerMasterEndpoint up
[2022-08-04 12:42:35,933] {spark_submit_hook.py:479} INFO - 22/08/04 12:42:35 INFO SparkEnv: Registering BlockManagerMasterHeartbeat
[2022-08-04 12:42:35,968] {spark_submit_hook.py:479} INFO - 22/08/04 12:42:35 INFO DiskBlockManager: Created local directory at /tmp/blockmgr-6256eff3-aa5d-447c-96e8-7b15079474e4
[2022-08-04 12:42:36,007] {spark_submit_hook.py:479} INFO - 22/08/04 12:42:36 INFO MemoryStore: MemoryStore started with capacity 434.4 MiB
[2022-08-04 12:42:36,043] {spark_submit_hook.py:479} INFO - 22/08/04 12:42:36 INFO SparkEnv: Registering OutputCommitCoordinator
[2022-08-04 12:42:36,410] {spark_submit_hook.py:479} INFO - 22/08/04 12:42:36 WARN Utils: Service 'SparkUI' could not bind on port 4040. Attempting port 4041.
[2022-08-04 12:42:36,427] {spark_submit_hook.py:479} INFO - 22/08/04 12:42:36 INFO Utils: Successfully started service 'SparkUI' on port 4041.
[2022-08-04 12:42:36,681] {spark_submit_hook.py:479} INFO - 22/08/04 12:42:36 INFO Executor: Starting executor ID driver on host 192.168.1.12
[2022-08-04 12:42:36,694] {spark_submit_hook.py:479} INFO - 22/08/04 12:42:36 INFO Executor: Starting executor with user classpath (userClassPathFirst = false): ''
[2022-08-04 12:42:36,726] {spark_submit_hook.py:479} INFO - 22/08/04 12:42:36 INFO Utils: Successfully started service 'org.apache.spark.network.netty.NettyBlockTransferService' on port 45785.
[2022-08-04 12:42:36,726] {spark_submit_hook.py:479} INFO - 22/08/04 12:42:36 INFO NettyBlockTransferService: Server created on 192.168.1.12:45785
[2022-08-04 12:42:36,728] {spark_submit_hook.py:479} INFO - 22/08/04 12:42:36 INFO BlockManager: Using org.apache.spark.storage.RandomBlockReplicationPolicy for block replication policy
[2022-08-04 12:42:36,739] {spark_submit_hook.py:479} INFO - 22/08/04 12:42:36 INFO BlockManagerMaster: Registering BlockManager BlockManagerId(driver, 192.168.1.12, 45785, None)
[2022-08-04 12:42:36,745] {spark_submit_hook.py:479} INFO - 22/08/04 12:42:36 INFO BlockManagerMasterEndpoint: Registering block manager 192.168.1.12:45785 with 434.4 MiB RAM, BlockManagerId(driver, 192.168.1.12, 45785, None)
[2022-08-04 12:42:36,749] {spark_submit_hook.py:479} INFO - 22/08/04 12:42:36 INFO BlockManagerMaster: Registered BlockManager BlockManagerId(driver, 192.168.1.12, 45785, None)
[2022-08-04 12:42:36,751] {spark_submit_hook.py:479} INFO - 22/08/04 12:42:36 INFO BlockManager: Initialized BlockManager: BlockManagerId(driver, 192.168.1.12, 45785, None)
[2022-08-04 12:42:37,605] {spark_submit_hook.py:479} INFO - 22/08/04 12:42:37 INFO SharedState: Setting hive.metastore.warehouse.dir ('null') to the value of spark.sql.warehouse.dir.
[2022-08-04 12:42:37,612] {spark_submit_hook.py:479} INFO - 22/08/04 12:42:37 INFO SharedState: Warehouse path is 'file:/home/amadeus/ama/airflow-pipeline-alura/datapipeline/spark-warehouse'.
[2022-08-04 12:42:38,928] {spark_submit_hook.py:479} INFO - 22/08/04 12:42:38 INFO InMemoryFileIndex: It took 57 ms to list leaf files for 1 paths.
[2022-08-04 12:42:39,023] {spark_submit_hook.py:479} INFO - 22/08/04 12:42:39 INFO InMemoryFileIndex: It took 5 ms to list leaf files for 1 paths.
[2022-08-04 12:42:42,271] {spark_submit_hook.py:479} INFO - 22/08/04 12:42:42 INFO FileSourceStrategy: Pushed Filters:
[2022-08-04 12:42:42,274] {spark_submit_hook.py:479} INFO - 22/08/04 12:42:42 INFO FileSourceStrategy: Post-Scan Filters:
[2022-08-04 12:42:42,279] {spark_submit_hook.py:479} INFO - 22/08/04 12:42:42 INFO FileSourceStrategy: Output Data Schema: struct<value: string>
[2022-08-04 12:42:42,794] {spark_submit_hook.py:479} INFO - 22/08/04 12:42:42 INFO MemoryStore: Block broadcast_0 stored as values in memory (estimated size 173.7 KiB, free 434.2 MiB)
[2022-08-04 12:42:42,878] {spark_submit_hook.py:479} INFO - 22/08/04 12:42:42 INFO MemoryStore: Block broadcast_0_piece0 stored as bytes in memory (estimated size 24.7 KiB, free 434.2 MiB)
[2022-08-04 12:42:42,881] {spark_submit_hook.py:479} INFO - 22/08/04 12:42:42 INFO BlockManagerInfo: Added broadcast_0_piece0 in memory on 192.168.1.12:45785 (size: 24.7 KiB, free: 434.4 MiB)
[2022-08-04 12:42:42,888] {spark_submit_hook.py:479} INFO - 22/08/04 12:42:42 INFO SparkContext: Created broadcast 0 from json at NativeMethodAccessorImpl.java:0
[2022-08-04 12:42:42,900] {spark_submit_hook.py:479} INFO - 22/08/04 12:42:42 INFO FileSourceScanExec: Planning scan with bin packing, max size: 4243966 bytes, open cost is considered as scanning 4194304 bytes.
[2022-08-04 12:42:43,198] {spark_submit_hook.py:479} INFO - 22/08/04 12:42:43 INFO SparkContext: Starting job: json at NativeMethodAccessorImpl.java:0
[2022-08-04 12:42:43,228] {spark_submit_hook.py:479} INFO - 22/08/04 12:42:43 INFO DAGScheduler: Got job 0 (json at NativeMethodAccessorImpl.java:0) with 1 output partitions
[2022-08-04 12:42:43,229] {spark_submit_hook.py:479} INFO - 22/08/04 12:42:43 INFO DAGScheduler: Final stage: ResultStage 0 (json at NativeMethodAccessorImpl.java:0)
[2022-08-04 12:42:43,229] {spark_submit_hook.py:479} INFO - 22/08/04 12:42:43 INFO DAGScheduler: Parents of final stage: List()
[2022-08-04 12:42:43,231] {spark_submit_hook.py:479} INFO - 22/08/04 12:42:43 INFO DAGScheduler: Missing parents: List()
[2022-08-04 12:42:43,240] {spark_submit_hook.py:479} INFO - 22/08/04 12:42:43 INFO DAGScheduler: Submitting ResultStage 0 (MapPartitionsRDD[3] at json at NativeMethodAccessorImpl.java:0), which has no missing parents
[2022-08-04 12:42:43,435] {spark_submit_hook.py:479} INFO - 22/08/04 12:42:43 INFO MemoryStore: Block broadcast_1 stored as values in memory (estimated size 14.5 KiB, free 434.2 MiB)
[2022-08-04 12:42:43,442] {spark_submit_hook.py:479} INFO - 22/08/04 12:42:43 INFO MemoryStore: Block broadcast_1_piece0 stored as bytes in memory (estimated size 7.0 KiB, free 434.2 MiB)
[2022-08-04 12:42:43,445] {spark_submit_hook.py:479} INFO - 22/08/04 12:42:43 INFO BlockManagerInfo: Added broadcast_1_piece0 in memory on 192.168.1.12:45785 (size: 7.0 KiB, free: 434.4 MiB)
[2022-08-04 12:42:43,447] {spark_submit_hook.py:479} INFO - 22/08/04 12:42:43 INFO SparkContext: Created broadcast 1 from broadcast at DAGScheduler.scala:1513
[2022-08-04 12:42:43,494] {spark_submit_hook.py:479} INFO - 22/08/04 12:42:43 INFO DAGScheduler: Submitting 1 missing tasks from ResultStage 0 (MapPartitionsRDD[3] at json at NativeMethodAccessorImpl.java:0) (first 15 tasks are for partitions Vector(0))
[2022-08-04 12:42:43,498] {spark_submit_hook.py:479} INFO - 22/08/04 12:42:43 INFO TaskSchedulerImpl: Adding task set 0.0 with 1 tasks resource profile 0
[2022-08-04 12:42:43,629] {spark_submit_hook.py:479} INFO - 22/08/04 12:42:43 INFO TaskSetManager: Starting task 0.0 in stage 0.0 (TID 0) (192.168.1.12, executor driver, partition 0, PROCESS_LOCAL, 5023 bytes) taskResourceAssignments Map()
[2022-08-04 12:42:43,656] {spark_submit_hook.py:479} INFO - 22/08/04 12:42:43 INFO Executor: Running task 0.0 in stage 0.0 (TID 0)
[2022-08-04 12:42:43,890] {spark_submit_hook.py:479} INFO - 22/08/04 12:42:43 INFO FileScanRDD: Reading File path: file:///home/amadeus/airflow-pipeline-alura/datapipeline/datalake/bronze/twitter_flamengomalvadao/extract_date=2022-08-03/FlamengoMalvadao_20220803.json, range: 0-49662, partition values: [empty row]
[2022-08-04 12:42:44,260] {spark_submit_hook.py:479} INFO - 22/08/04 12:42:44 INFO CodeGenerator: Code generated in 314.181055 ms
[2022-08-04 12:42:44,346] {spark_submit_hook.py:479} INFO - 22/08/04 12:42:44 INFO Executor: Finished task 0.0 in stage 0.0 (TID 0). 2823 bytes result sent to driver
[2022-08-04 12:42:44,356] {spark_submit_hook.py:479} INFO - 22/08/04 12:42:44 INFO TaskSetManager: Finished task 0.0 in stage 0.0 (TID 0) in 746 ms on 192.168.1.12 (executor driver) (1/1)
[2022-08-04 12:42:44,359] {spark_submit_hook.py:479} INFO - 22/08/04 12:42:44 INFO TaskSchedulerImpl: Removed TaskSet 0.0, whose tasks have all completed, from pool
[2022-08-04 12:42:44,366] {spark_submit_hook.py:479} INFO - 22/08/04 12:42:44 INFO DAGScheduler: ResultStage 0 (json at NativeMethodAccessorImpl.java:0) finished in 1,102 s
[2022-08-04 12:42:44,383] {spark_submit_hook.py:479} INFO - 22/08/04 12:42:44 INFO DAGScheduler: Job 0 is finished. Cancelling potential speculative or zombie tasks for this job
[2022-08-04 12:42:44,383] {spark_submit_hook.py:479} INFO - 22/08/04 12:42:44 INFO TaskSchedulerImpl: Killing all running tasks in stage 0: Stage finished
[2022-08-04 12:42:44,387] {spark_submit_hook.py:479} INFO - 22/08/04 12:42:44 INFO DAGScheduler: Job 0 finished: json at NativeMethodAccessorImpl.java:0, took 1,188634 s
[2022-08-04 12:42:45,135] {spark_submit_hook.py:479} INFO - 22/08/04 12:42:45 INFO FileSourceStrategy: Pushed Filters: IsNotNull(data)
[2022-08-04 12:42:45,138] {spark_submit_hook.py:479} INFO - 22/08/04 12:42:45 INFO FileSourceStrategy: Post-Scan Filters: (size(data#8, true) > 0),isnotnull(data#8)
[2022-08-04 12:42:45,139] {spark_submit_hook.py:479} INFO - 22/08/04 12:42:45 INFO FileSourceStrategy: Output Data Schema: struct<data: array<struct<author_id:string,conversation_id:string,created_at:string,id:string,in_reply_to_user_id:string,public_metrics:struct<like_count:bigint,quote_count:bigint,reply_count:bigint,retweet_count:bigint>,text:string>>>
[2022-08-04 12:42:45,250] {spark_submit_hook.py:479} INFO - 22/08/04 12:42:45 INFO FileOutputCommitter: File Output Committer Algorithm version is 1
[2022-08-04 12:42:45,252] {spark_submit_hook.py:479} INFO - 22/08/04 12:42:45 INFO SQLHadoopMapReduceCommitProtocol: Using output committer class org.apache.hadoop.mapreduce.lib.output.FileOutputCommitter
[2022-08-04 12:42:45,487] {spark_submit_hook.py:479} INFO - 22/08/04 12:42:45 INFO CodeGenerator: Code generated in 125.869404 ms
[2022-08-04 12:42:45,494] {spark_submit_hook.py:479} INFO - 22/08/04 12:42:45 INFO MemoryStore: Block broadcast_2 stored as values in memory (estimated size 173.5 KiB, free 434.0 MiB)
[2022-08-04 12:42:45,506] {spark_submit_hook.py:479} INFO - 22/08/04 12:42:45 INFO MemoryStore: Block broadcast_2_piece0 stored as bytes in memory (estimated size 24.6 KiB, free 434.0 MiB)
[2022-08-04 12:42:45,507] {spark_submit_hook.py:479} INFO - 22/08/04 12:42:45 INFO BlockManagerInfo: Added broadcast_2_piece0 in memory on 192.168.1.12:45785 (size: 24.6 KiB, free: 434.3 MiB)
[2022-08-04 12:42:45,508] {spark_submit_hook.py:479} INFO - 22/08/04 12:42:45 INFO SparkContext: Created broadcast 2 from json at NativeMethodAccessorImpl.java:0
[2022-08-04 12:42:45,512] {spark_submit_hook.py:479} INFO - 22/08/04 12:42:45 INFO FileSourceScanExec: Planning scan with bin packing, max size: 4243966 bytes, open cost is considered as scanning 4194304 bytes.
[2022-08-04 12:42:45,587] {spark_submit_hook.py:479} INFO - 22/08/04 12:42:45 INFO SparkContext: Starting job: json at NativeMethodAccessorImpl.java:0
[2022-08-04 12:42:45,590] {spark_submit_hook.py:479} INFO - 22/08/04 12:42:45 INFO DAGScheduler: Got job 1 (json at NativeMethodAccessorImpl.java:0) with 1 output partitions
[2022-08-04 12:42:45,590] {spark_submit_hook.py:479} INFO - 22/08/04 12:42:45 INFO DAGScheduler: Final stage: ResultStage 1 (json at NativeMethodAccessorImpl.java:0)
[2022-08-04 12:42:45,590] {spark_submit_hook.py:479} INFO - 22/08/04 12:42:45 INFO DAGScheduler: Parents of final stage: List()
[2022-08-04 12:42:45,591] {spark_submit_hook.py:479} INFO - 22/08/04 12:42:45 INFO DAGScheduler: Missing parents: List()
[2022-08-04 12:42:45,592] {spark_submit_hook.py:479} INFO - 22/08/04 12:42:45 INFO DAGScheduler: Submitting ResultStage 1 (CoalescedRDD[7] at json at NativeMethodAccessorImpl.java:0), which has no missing parents
[2022-08-04 12:42:45,634] {spark_submit_hook.py:479} INFO - 22/08/04 12:42:45 INFO MemoryStore: Block broadcast_3 stored as values in memory (estimated size 175.8 KiB, free 433.8 MiB)
[2022-08-04 12:42:45,639] {spark_submit_hook.py:479} INFO - 22/08/04 12:42:45 INFO MemoryStore: Block broadcast_3_piece0 stored as bytes in memory (estimated size 60.9 KiB, free 433.8 MiB)
[2022-08-04 12:42:45,640] {spark_submit_hook.py:479} INFO - 22/08/04 12:42:45 INFO BlockManagerInfo: Added broadcast_3_piece0 in memory on 192.168.1.12:45785 (size: 60.9 KiB, free: 434.3 MiB)
[2022-08-04 12:42:45,641] {spark_submit_hook.py:479} INFO - 22/08/04 12:42:45 INFO SparkContext: Created broadcast 3 from broadcast at DAGScheduler.scala:1513
[2022-08-04 12:42:45,642] {spark_submit_hook.py:479} INFO - 22/08/04 12:42:45 INFO DAGScheduler: Submitting 1 missing tasks from ResultStage 1 (CoalescedRDD[7] at json at NativeMethodAccessorImpl.java:0) (first 15 tasks are for partitions Vector(0))
[2022-08-04 12:42:45,642] {spark_submit_hook.py:479} INFO - 22/08/04 12:42:45 INFO TaskSchedulerImpl: Adding task set 1.0 with 1 tasks resource profile 0
[2022-08-04 12:42:45,649] {spark_submit_hook.py:479} INFO - 22/08/04 12:42:45 INFO TaskSetManager: Starting task 0.0 in stage 1.0 (TID 1) (192.168.1.12, executor driver, partition 0, PROCESS_LOCAL, 5252 bytes) taskResourceAssignments Map()
[2022-08-04 12:42:45,650] {spark_submit_hook.py:479} INFO - 22/08/04 12:42:45 INFO Executor: Running task 0.0 in stage 1.0 (TID 1)
[2022-08-04 12:42:45,741] {spark_submit_hook.py:479} INFO - 22/08/04 12:42:45 INFO FileOutputCommitter: File Output Committer Algorithm version is 1
[2022-08-04 12:42:45,742] {spark_submit_hook.py:479} INFO - 22/08/04 12:42:45 INFO SQLHadoopMapReduceCommitProtocol: Using output committer class org.apache.hadoop.mapreduce.lib.output.FileOutputCommitter
[2022-08-04 12:42:45,771] {spark_submit_hook.py:479} INFO - 22/08/04 12:42:45 INFO BlockManagerInfo: Removed broadcast_1_piece0 on 192.168.1.12:45785 in memory (size: 7.0 KiB, free: 434.3 MiB)
[2022-08-04 12:42:45,779] {spark_submit_hook.py:479} INFO - 22/08/04 12:42:45 INFO BlockManagerInfo: Removed broadcast_0_piece0 on 192.168.1.12:45785 in memory (size: 24.7 KiB, free: 434.3 MiB)
[2022-08-04 12:42:45,780] {spark_submit_hook.py:479} INFO - 22/08/04 12:42:45 INFO FileScanRDD: Reading File path: file:///home/amadeus/airflow-pipeline-alura/datapipeline/datalake/bronze/twitter_flamengomalvadao/extract_date=2022-08-03/FlamengoMalvadao_20220803.json, range: 0-49662, partition values: [empty row]
[2022-08-04 12:42:45,826] {spark_submit_hook.py:479} INFO - 22/08/04 12:42:45 INFO CodeGenerator: Code generated in 39.609497 ms
[2022-08-04 12:42:45,862] {spark_submit_hook.py:479} INFO - 22/08/04 12:42:45 INFO CodeGenerator: Code generated in 9.181406 ms
[2022-08-04 12:42:45,956] {spark_submit_hook.py:479} INFO - 22/08/04 12:42:45 INFO FileOutputCommitter: Saved output of task 'attempt_202208041242457213402984050918397_0001_m_000000_1' to file:/home/amadeus/airflow-pipeline-alura/datapipeline/datalake/silver/twitter_flamengomalvadao/tweet/process_date=2022-08-03/_temporary/0/task_202208041242457213402984050918397_0001_m_000000
[2022-08-04 12:42:45,958] {spark_submit_hook.py:479} INFO - 22/08/04 12:42:45 INFO SparkHadoopMapRedUtil: attempt_202208041242457213402984050918397_0001_m_000000_1: Committed. Elapsed time: 1 ms.
[2022-08-04 12:42:45,967] {spark_submit_hook.py:479} INFO - 22/08/04 12:42:45 INFO Executor: Finished task 0.0 in stage 1.0 (TID 1). 2721 bytes result sent to driver
[2022-08-04 12:42:45,971] {spark_submit_hook.py:479} INFO - 22/08/04 12:42:45 INFO TaskSetManager: Finished task 0.0 in stage 1.0 (TID 1) in 327 ms on 192.168.1.12 (executor driver) (1/1)
[2022-08-04 12:42:45,971] {spark_submit_hook.py:479} INFO - 22/08/04 12:42:45 INFO TaskSchedulerImpl: Removed TaskSet 1.0, whose tasks have all completed, from pool
[2022-08-04 12:42:45,973] {spark_submit_hook.py:479} INFO - 22/08/04 12:42:45 INFO DAGScheduler: ResultStage 1 (json at NativeMethodAccessorImpl.java:0) finished in 0,378 s
[2022-08-04 12:42:45,973] {spark_submit_hook.py:479} INFO - 22/08/04 12:42:45 INFO DAGScheduler: Job 1 is finished. Cancelling potential speculative or zombie tasks for this job
[2022-08-04 12:42:45,973] {spark_submit_hook.py:479} INFO - 22/08/04 12:42:45 INFO TaskSchedulerImpl: Killing all running tasks in stage 1: Stage finished
[2022-08-04 12:42:45,974] {spark_submit_hook.py:479} INFO - 22/08/04 12:42:45 INFO DAGScheduler: Job 1 finished: json at NativeMethodAccessorImpl.java:0, took 0,386566 s
[2022-08-04 12:42:45,977] {spark_submit_hook.py:479} INFO - 22/08/04 12:42:45 INFO FileFormatWriter: Start to commit write Job f8201993-7b56-4c1a-90cd-395f22dab76f.
[2022-08-04 12:42:45,990] {spark_submit_hook.py:479} INFO - 22/08/04 12:42:45 INFO FileFormatWriter: Write Job f8201993-7b56-4c1a-90cd-395f22dab76f committed. Elapsed time: 12 ms.
[2022-08-04 12:42:45,994] {spark_submit_hook.py:479} INFO - 22/08/04 12:42:45 INFO FileFormatWriter: Finished processing stats for write job f8201993-7b56-4c1a-90cd-395f22dab76f.
[2022-08-04 12:42:46,063] {spark_submit_hook.py:479} INFO - 22/08/04 12:42:46 INFO FileSourceStrategy: Pushed Filters:
[2022-08-04 12:42:46,063] {spark_submit_hook.py:479} INFO - 22/08/04 12:42:46 INFO FileSourceStrategy: Post-Scan Filters:
[2022-08-04 12:42:46,064] {spark_submit_hook.py:479} INFO - 22/08/04 12:42:46 INFO FileSourceStrategy: Output Data Schema: struct<includes: struct<users: array<struct<created_at:string,id:string,name:string,username:string>>>>
[2022-08-04 12:42:46,097] {spark_submit_hook.py:479} INFO - 22/08/04 12:42:46 INFO FileOutputCommitter: File Output Committer Algorithm version is 1
[2022-08-04 12:42:46,098] {spark_submit_hook.py:479} INFO - 22/08/04 12:42:46 INFO SQLHadoopMapReduceCommitProtocol: Using output committer class org.apache.hadoop.mapreduce.lib.output.FileOutputCommitter
[2022-08-04 12:42:46,166] {spark_submit_hook.py:479} INFO - 22/08/04 12:42:46 INFO CodeGenerator: Code generated in 43.143342 ms
[2022-08-04 12:42:46,179] {spark_submit_hook.py:479} INFO - 22/08/04 12:42:46 INFO MemoryStore: Block broadcast_4 stored as values in memory (estimated size 173.5 KiB, free 433.8 MiB)
[2022-08-04 12:42:46,209] {spark_submit_hook.py:479} INFO - 22/08/04 12:42:46 INFO MemoryStore: Block broadcast_4_piece0 stored as bytes in memory (estimated size 24.6 KiB, free 433.8 MiB)
[2022-08-04 12:42:46,213] {spark_submit_hook.py:479} INFO - 22/08/04 12:42:46 INFO BlockManagerInfo: Added broadcast_4_piece0 in memory on 192.168.1.12:45785 (size: 24.6 KiB, free: 434.3 MiB)
[2022-08-04 12:42:46,215] {spark_submit_hook.py:479} INFO - 22/08/04 12:42:46 INFO SparkContext: Created broadcast 4 from json at NativeMethodAccessorImpl.java:0
[2022-08-04 12:42:46,220] {spark_submit_hook.py:479} INFO - 22/08/04 12:42:46 INFO FileSourceScanExec: Planning scan with bin packing, max size: 4243966 bytes, open cost is considered as scanning 4194304 bytes.
[2022-08-04 12:42:46,278] {spark_submit_hook.py:479} INFO - 22/08/04 12:42:46 INFO SparkContext: Starting job: json at NativeMethodAccessorImpl.java:0
[2022-08-04 12:42:46,279] {spark_submit_hook.py:479} INFO - 22/08/04 12:42:46 INFO DAGScheduler: Got job 2 (json at NativeMethodAccessorImpl.java:0) with 1 output partitions
[2022-08-04 12:42:46,279] {spark_submit_hook.py:479} INFO - 22/08/04 12:42:46 INFO DAGScheduler: Final stage: ResultStage 2 (json at NativeMethodAccessorImpl.java:0)
[2022-08-04 12:42:46,279] {spark_submit_hook.py:479} INFO - 22/08/04 12:42:46 INFO DAGScheduler: Parents of final stage: List()
[2022-08-04 12:42:46,280] {spark_submit_hook.py:479} INFO - 22/08/04 12:42:46 INFO DAGScheduler: Missing parents: List()
[2022-08-04 12:42:46,281] {spark_submit_hook.py:479} INFO - 22/08/04 12:42:46 INFO DAGScheduler: Submitting ResultStage 2 (CoalescedRDD[11] at json at NativeMethodAccessorImpl.java:0), which has no missing parents
[2022-08-04 12:42:46,308] {spark_submit_hook.py:479} INFO - 22/08/04 12:42:46 INFO MemoryStore: Block broadcast_5 stored as values in memory (estimated size 161.1 KiB, free 433.6 MiB)
[2022-08-04 12:42:46,310] {spark_submit_hook.py:479} INFO - 22/08/04 12:42:46 INFO MemoryStore: Block broadcast_5_piece0 stored as bytes in memory (estimated size 57.8 KiB, free 433.6 MiB)
[2022-08-04 12:42:46,311] {spark_submit_hook.py:479} INFO - 22/08/04 12:42:46 INFO BlockManagerInfo: Added broadcast_5_piece0 in memory on 192.168.1.12:45785 (size: 57.8 KiB, free: 434.2 MiB)
[2022-08-04 12:42:46,312] {spark_submit_hook.py:479} INFO - 22/08/04 12:42:46 INFO SparkContext: Created broadcast 5 from broadcast at DAGScheduler.scala:1513
[2022-08-04 12:42:46,313] {spark_submit_hook.py:479} INFO - 22/08/04 12:42:46 INFO DAGScheduler: Submitting 1 missing tasks from ResultStage 2 (CoalescedRDD[11] at json at NativeMethodAccessorImpl.java:0) (first 15 tasks are for partitions Vector(0))
[2022-08-04 12:42:46,314] {spark_submit_hook.py:479} INFO - 22/08/04 12:42:46 INFO TaskSchedulerImpl: Adding task set 2.0 with 1 tasks resource profile 0
[2022-08-04 12:42:46,316] {spark_submit_hook.py:479} INFO - 22/08/04 12:42:46 INFO TaskSetManager: Starting task 0.0 in stage 2.0 (TID 2) (192.168.1.12, executor driver, partition 0, PROCESS_LOCAL, 5252 bytes) taskResourceAssignments Map()
[2022-08-04 12:42:46,317] {spark_submit_hook.py:479} INFO - 22/08/04 12:42:46 INFO Executor: Running task 0.0 in stage 2.0 (TID 2)
[2022-08-04 12:42:46,349] {spark_submit_hook.py:479} INFO - 22/08/04 12:42:46 INFO FileOutputCommitter: File Output Committer Algorithm version is 1
[2022-08-04 12:42:46,350] {spark_submit_hook.py:479} INFO - 22/08/04 12:42:46 INFO SQLHadoopMapReduceCommitProtocol: Using output committer class org.apache.hadoop.mapreduce.lib.output.FileOutputCommitter
[2022-08-04 12:42:46,362] {spark_submit_hook.py:479} INFO - 22/08/04 12:42:46 INFO FileScanRDD: Reading File path: file:///home/amadeus/airflow-pipeline-alura/datapipeline/datalake/bronze/twitter_flamengomalvadao/extract_date=2022-08-03/FlamengoMalvadao_20220803.json, range: 0-49662, partition values: [empty row]
[2022-08-04 12:42:46,396] {spark_submit_hook.py:479} INFO - 22/08/04 12:42:46 INFO CodeGenerator: Code generated in 27.595299 ms
[2022-08-04 12:42:46,422] {spark_submit_hook.py:479} INFO - 22/08/04 12:42:46 INFO FileOutputCommitter: Saved output of task 'attempt_202208041242468955108248959464450_0002_m_000000_2' to file:/home/amadeus/airflow-pipeline-alura/datapipeline/datalake/silver/twitter_flamengomalvadao/user/process_date=2022-08-03/_temporary/0/task_202208041242468955108248959464450_0002_m_000000
[2022-08-04 12:42:46,423] {spark_submit_hook.py:479} INFO - 22/08/04 12:42:46 INFO SparkHadoopMapRedUtil: attempt_202208041242468955108248959464450_0002_m_000000_2: Committed. Elapsed time: 2 ms.
[2022-08-04 12:42:46,425] {spark_submit_hook.py:479} INFO - 22/08/04 12:42:46 INFO Executor: Finished task 0.0 in stage 2.0 (TID 2). 2579 bytes result sent to driver
[2022-08-04 12:42:46,428] {spark_submit_hook.py:479} INFO - 22/08/04 12:42:46 INFO TaskSetManager: Finished task 0.0 in stage 2.0 (TID 2) in 112 ms on 192.168.1.12 (executor driver) (1/1)
[2022-08-04 12:42:46,428] {spark_submit_hook.py:479} INFO - 22/08/04 12:42:46 INFO TaskSchedulerImpl: Removed TaskSet 2.0, whose tasks have all completed, from pool
[2022-08-04 12:42:46,430] {spark_submit_hook.py:479} INFO - 22/08/04 12:42:46 INFO DAGScheduler: ResultStage 2 (json at NativeMethodAccessorImpl.java:0) finished in 0,147 s
[2022-08-04 12:42:46,430] {spark_submit_hook.py:479} INFO - 22/08/04 12:42:46 INFO DAGScheduler: Job 2 is finished. Cancelling potential speculative or zombie tasks for this job
[2022-08-04 12:42:46,431] {spark_submit_hook.py:479} INFO - 22/08/04 12:42:46 INFO TaskSchedulerImpl: Killing all running tasks in stage 2: Stage finished
[2022-08-04 12:42:46,432] {spark_submit_hook.py:479} INFO - 22/08/04 12:42:46 INFO DAGScheduler: Job 2 finished: json at NativeMethodAccessorImpl.java:0, took 0,153379 s
[2022-08-04 12:42:46,433] {spark_submit_hook.py:479} INFO - 22/08/04 12:42:46 INFO FileFormatWriter: Start to commit write Job e0afa1d4-5d7d-4927-a956-c208a2fa5798.
[2022-08-04 12:42:46,449] {spark_submit_hook.py:479} INFO - 22/08/04 12:42:46 INFO FileFormatWriter: Write Job e0afa1d4-5d7d-4927-a956-c208a2fa5798 committed. Elapsed time: 15 ms.
[2022-08-04 12:42:46,449] {spark_submit_hook.py:479} INFO - 22/08/04 12:42:46 INFO FileFormatWriter: Finished processing stats for write job e0afa1d4-5d7d-4927-a956-c208a2fa5798.
[2022-08-04 12:42:46,529] {spark_submit_hook.py:479} INFO - 22/08/04 12:42:46 INFO SparkContext: Invoking stop() from shutdown hook
[2022-08-04 12:42:46,547] {spark_submit_hook.py:479} INFO - 22/08/04 12:42:46 INFO SparkUI: Stopped Spark web UI at http://192.168.1.12:4041
[2022-08-04 12:42:46,576] {spark_submit_hook.py:479} INFO - 22/08/04 12:42:46 INFO MapOutputTrackerMasterEndpoint: MapOutputTrackerMasterEndpoint stopped!
[2022-08-04 12:42:46,617] {spark_submit_hook.py:479} INFO - 22/08/04 12:42:46 INFO MemoryStore: MemoryStore cleared
[2022-08-04 12:42:46,621] {spark_submit_hook.py:479} INFO - 22/08/04 12:42:46 INFO BlockManager: BlockManager stopped
[2022-08-04 12:42:46,629] {spark_submit_hook.py:479} INFO - 22/08/04 12:42:46 INFO BlockManagerMaster: BlockManagerMaster stopped
[2022-08-04 12:42:46,633] {spark_submit_hook.py:479} INFO - 22/08/04 12:42:46 INFO OutputCommitCoordinator$OutputCommitCoordinatorEndpoint: OutputCommitCoordinator stopped!
[2022-08-04 12:42:46,659] {spark_submit_hook.py:479} INFO - 22/08/04 12:42:46 INFO SparkContext: Successfully stopped SparkContext
[2022-08-04 12:42:46,660] {spark_submit_hook.py:479} INFO - 22/08/04 12:42:46 INFO ShutdownHookManager: Shutdown hook called
[2022-08-04 12:42:46,661] {spark_submit_hook.py:479} INFO - 22/08/04 12:42:46 INFO ShutdownHookManager: Deleting directory /tmp/spark-3243ccfd-d49c-4bab-8a72-3694a5b88897
[2022-08-04 12:42:46,663] {spark_submit_hook.py:479} INFO - 22/08/04 12:42:46 INFO ShutdownHookManager: Deleting directory /tmp/spark-1ebc246d-9197-409e-916a-15c857205915/pyspark-2aa89538-2458-493e-9942-061b59b7691f
[2022-08-04 12:42:46,666] {spark_submit_hook.py:479} INFO - 22/08/04 12:42:46 INFO ShutdownHookManager: Deleting directory /tmp/spark-1ebc246d-9197-409e-916a-15c857205915
[2022-08-04 12:42:46,726] {taskinstance.py:1057} INFO - Marking task as SUCCESS.dag_id=twitter_dag, task_id=transform_twitter_flamengomalvadao, execution_date=20220803T090000, start_date=20220804T154229, end_date=20220804T154246
[2022-08-04 12:42:49,349] {local_task_job.py:102} INFO - Task exited with return code 0
