[2022-08-04 12:54:37,288] {taskinstance.py:670} INFO - Dependencies all met for <TaskInstance: twitter_dag.transform_twitter_flamengomalvadao 2022-08-03T09:00:00+00:00 [queued]>
[2022-08-04 12:54:37,312] {taskinstance.py:670} INFO - Dependencies all met for <TaskInstance: twitter_dag.transform_twitter_flamengomalvadao 2022-08-03T09:00:00+00:00 [queued]>
[2022-08-04 12:54:37,313] {taskinstance.py:880} INFO - 
--------------------------------------------------------------------------------
[2022-08-04 12:54:37,313] {taskinstance.py:881} INFO - Starting attempt 4 of 4
[2022-08-04 12:54:37,313] {taskinstance.py:882} INFO - 
--------------------------------------------------------------------------------
[2022-08-04 12:54:37,529] {taskinstance.py:901} INFO - Executing <Task(SparkSubmitOperator): transform_twitter_flamengomalvadao> on 2022-08-03T09:00:00+00:00
[2022-08-04 12:54:37,534] {standard_task_runner.py:54} INFO - Started process 135779 to run task
[2022-08-04 12:54:37,669] {standard_task_runner.py:77} INFO - Running: ['airflow', 'run', 'twitter_dag', 'transform_twitter_flamengomalvadao', '2022-08-03T09:00:00+00:00', '--job_id', '51', '--pool', 'default_pool', '--raw', '-sd', 'DAGS_FOLDER/twitter_dag.py', '--cfg_path', '/tmp/tmp1sfw5xmy']
[2022-08-04 12:54:37,669] {standard_task_runner.py:78} INFO - Job 51: Subtask transform_twitter_flamengomalvadao
[2022-08-04 12:54:37,942] {logging_mixin.py:112} INFO - Running <TaskInstance: twitter_dag.transform_twitter_flamengomalvadao 2022-08-03T09:00:00+00:00 [running]> on host ama
[2022-08-04 12:54:38,047] {base_hook.py:89} INFO - Using connection to: id: spark_default. Host: local, Port: None, Schema: None, Login: None, Password: None, extra: XXXXXXXX
[2022-08-04 12:54:38,050] {spark_submit_hook.py:325} INFO - Spark-Submit cmd: /home/amadeus/Downloads/spark-3.3.0-bin-hadoop2/bin/spark-submit --master local --name twitter_transformation /home/amadeus/ama/airflow-pipeline-alura/datapipeline/spark/transfortmation.py --src /home/amadeus/airflow-pipeline-alura/datapipeline/datalake/bronze/twitter_flamengomalvadao/extract_date=2022-08-03 --dest /home/amadeus/airflow-pipeline-alura/datapipeline/datalake/silver/twitter_flamengomalvadao/ --process-date 2022-08-03
[2022-08-04 12:54:40,339] {spark_submit_hook.py:479} INFO - 22/08/04 12:54:40 WARN Utils: Your hostname, ama resolves to a loopback address: 127.0.1.1; using 192.168.1.12 instead (on interface wlo1)
[2022-08-04 12:54:40,344] {spark_submit_hook.py:479} INFO - 22/08/04 12:54:40 WARN Utils: Set SPARK_LOCAL_IP if you need to bind to another address
[2022-08-04 12:54:42,003] {spark_submit_hook.py:479} INFO - 22/08/04 12:54:42 INFO SparkContext: Running Spark version 3.3.0
[2022-08-04 12:54:42,417] {spark_submit_hook.py:479} INFO - 22/08/04 12:54:42 WARN NativeCodeLoader: Unable to load native-hadoop library for your platform... using builtin-java classes where applicable
[2022-08-04 12:54:42,615] {spark_submit_hook.py:479} INFO - 22/08/04 12:54:42 INFO ResourceUtils: ==============================================================
[2022-08-04 12:54:42,615] {spark_submit_hook.py:479} INFO - 22/08/04 12:54:42 INFO ResourceUtils: No custom resources configured for spark.driver.
[2022-08-04 12:54:42,616] {spark_submit_hook.py:479} INFO - 22/08/04 12:54:42 INFO ResourceUtils: ==============================================================
[2022-08-04 12:54:42,616] {spark_submit_hook.py:479} INFO - 22/08/04 12:54:42 INFO SparkContext: Submitted application: twitter_transformation
[2022-08-04 12:54:42,653] {spark_submit_hook.py:479} INFO - 22/08/04 12:54:42 INFO ResourceProfile: Default ResourceProfile created, executor resources: Map(cores -> name: cores, amount: 1, script: , vendor: , memory -> name: memory, amount: 1024, script: , vendor: , offHeap -> name: offHeap, amount: 0, script: , vendor: ), task resources: Map(cpus -> name: cpus, amount: 1.0)
[2022-08-04 12:54:42,675] {spark_submit_hook.py:479} INFO - 22/08/04 12:54:42 INFO ResourceProfile: Limiting resource is cpu
[2022-08-04 12:54:42,676] {spark_submit_hook.py:479} INFO - 22/08/04 12:54:42 INFO ResourceProfileManager: Added ResourceProfile id: 0
[2022-08-04 12:54:42,760] {spark_submit_hook.py:479} INFO - 22/08/04 12:54:42 INFO SecurityManager: Changing view acls to: amadeus
[2022-08-04 12:54:42,760] {spark_submit_hook.py:479} INFO - 22/08/04 12:54:42 INFO SecurityManager: Changing modify acls to: amadeus
[2022-08-04 12:54:42,761] {spark_submit_hook.py:479} INFO - 22/08/04 12:54:42 INFO SecurityManager: Changing view acls groups to:
[2022-08-04 12:54:42,762] {spark_submit_hook.py:479} INFO - 22/08/04 12:54:42 INFO SecurityManager: Changing modify acls groups to:
[2022-08-04 12:54:42,762] {spark_submit_hook.py:479} INFO - 22/08/04 12:54:42 INFO SecurityManager: SecurityManager: authentication disabled; ui acls disabled; users  with view permissions: Set(amadeus); groups with view permissions: Set(); users  with modify permissions: Set(amadeus); groups with modify permissions: Set()
[2022-08-04 12:54:43,192] {spark_submit_hook.py:479} INFO - 22/08/04 12:54:43 INFO Utils: Successfully started service 'sparkDriver' on port 44977.
[2022-08-04 12:54:43,241] {spark_submit_hook.py:479} INFO - 22/08/04 12:54:43 INFO SparkEnv: Registering MapOutputTracker
[2022-08-04 12:54:43,307] {spark_submit_hook.py:479} INFO - 22/08/04 12:54:43 INFO SparkEnv: Registering BlockManagerMaster
[2022-08-04 12:54:43,335] {spark_submit_hook.py:479} INFO - 22/08/04 12:54:43 INFO BlockManagerMasterEndpoint: Using org.apache.spark.storage.DefaultTopologyMapper for getting topology information
[2022-08-04 12:54:43,335] {spark_submit_hook.py:479} INFO - 22/08/04 12:54:43 INFO BlockManagerMasterEndpoint: BlockManagerMasterEndpoint up
[2022-08-04 12:54:43,341] {spark_submit_hook.py:479} INFO - 22/08/04 12:54:43 INFO SparkEnv: Registering BlockManagerMasterHeartbeat
[2022-08-04 12:54:43,373] {spark_submit_hook.py:479} INFO - 22/08/04 12:54:43 INFO DiskBlockManager: Created local directory at /tmp/blockmgr-1cacdded-661d-4aa8-95c3-1af15443a0c1
[2022-08-04 12:54:43,397] {spark_submit_hook.py:479} INFO - 22/08/04 12:54:43 INFO MemoryStore: MemoryStore started with capacity 434.4 MiB
[2022-08-04 12:54:43,419] {spark_submit_hook.py:479} INFO - 22/08/04 12:54:43 INFO SparkEnv: Registering OutputCommitCoordinator
[2022-08-04 12:54:43,714] {spark_submit_hook.py:479} INFO - 22/08/04 12:54:43 WARN Utils: Service 'SparkUI' could not bind on port 4040. Attempting port 4041.
[2022-08-04 12:54:43,726] {spark_submit_hook.py:479} INFO - 22/08/04 12:54:43 INFO Utils: Successfully started service 'SparkUI' on port 4041.
[2022-08-04 12:54:43,897] {spark_submit_hook.py:479} INFO - 22/08/04 12:54:43 INFO Executor: Starting executor ID driver on host 192.168.1.12
[2022-08-04 12:54:43,907] {spark_submit_hook.py:479} INFO - 22/08/04 12:54:43 INFO Executor: Starting executor with user classpath (userClassPathFirst = false): ''
[2022-08-04 12:54:43,931] {spark_submit_hook.py:479} INFO - 22/08/04 12:54:43 INFO Utils: Successfully started service 'org.apache.spark.network.netty.NettyBlockTransferService' on port 37149.
[2022-08-04 12:54:43,931] {spark_submit_hook.py:479} INFO - 22/08/04 12:54:43 INFO NettyBlockTransferService: Server created on 192.168.1.12:37149
[2022-08-04 12:54:43,933] {spark_submit_hook.py:479} INFO - 22/08/04 12:54:43 INFO BlockManager: Using org.apache.spark.storage.RandomBlockReplicationPolicy for block replication policy
[2022-08-04 12:54:43,941] {spark_submit_hook.py:479} INFO - 22/08/04 12:54:43 INFO BlockManagerMaster: Registering BlockManager BlockManagerId(driver, 192.168.1.12, 37149, None)
[2022-08-04 12:54:43,947] {spark_submit_hook.py:479} INFO - 22/08/04 12:54:43 INFO BlockManagerMasterEndpoint: Registering block manager 192.168.1.12:37149 with 434.4 MiB RAM, BlockManagerId(driver, 192.168.1.12, 37149, None)
[2022-08-04 12:54:43,950] {spark_submit_hook.py:479} INFO - 22/08/04 12:54:43 INFO BlockManagerMaster: Registered BlockManager BlockManagerId(driver, 192.168.1.12, 37149, None)
[2022-08-04 12:54:43,952] {spark_submit_hook.py:479} INFO - 22/08/04 12:54:43 INFO BlockManager: Initialized BlockManager: BlockManagerId(driver, 192.168.1.12, 37149, None)
[2022-08-04 12:54:44,608] {spark_submit_hook.py:479} INFO - 22/08/04 12:54:44 INFO SharedState: Setting hive.metastore.warehouse.dir ('null') to the value of spark.sql.warehouse.dir.
[2022-08-04 12:54:44,613] {spark_submit_hook.py:479} INFO - 22/08/04 12:54:44 INFO SharedState: Warehouse path is 'file:/home/amadeus/ama/airflow-pipeline-alura/datapipeline/spark-warehouse'.
[2022-08-04 12:54:45,896] {spark_submit_hook.py:479} INFO - 22/08/04 12:54:45 INFO InMemoryFileIndex: It took 79 ms to list leaf files for 1 paths.
[2022-08-04 12:54:45,997] {spark_submit_hook.py:479} INFO - 22/08/04 12:54:45 INFO InMemoryFileIndex: It took 3 ms to list leaf files for 1 paths.
[2022-08-04 12:54:48,861] {spark_submit_hook.py:479} INFO - 22/08/04 12:54:48 INFO FileSourceStrategy: Pushed Filters:
[2022-08-04 12:54:48,863] {spark_submit_hook.py:479} INFO - 22/08/04 12:54:48 INFO FileSourceStrategy: Post-Scan Filters:
[2022-08-04 12:54:48,867] {spark_submit_hook.py:479} INFO - 22/08/04 12:54:48 INFO FileSourceStrategy: Output Data Schema: struct<value: string>
[2022-08-04 12:54:49,272] {spark_submit_hook.py:479} INFO - 22/08/04 12:54:49 INFO MemoryStore: Block broadcast_0 stored as values in memory (estimated size 173.7 KiB, free 434.2 MiB)
[2022-08-04 12:54:49,341] {spark_submit_hook.py:479} INFO - 22/08/04 12:54:49 INFO MemoryStore: Block broadcast_0_piece0 stored as bytes in memory (estimated size 24.7 KiB, free 434.2 MiB)
[2022-08-04 12:54:49,344] {spark_submit_hook.py:479} INFO - 22/08/04 12:54:49 INFO BlockManagerInfo: Added broadcast_0_piece0 in memory on 192.168.1.12:37149 (size: 24.7 KiB, free: 434.4 MiB)
[2022-08-04 12:54:49,352] {spark_submit_hook.py:479} INFO - 22/08/04 12:54:49 INFO SparkContext: Created broadcast 0 from json at NativeMethodAccessorImpl.java:0
[2022-08-04 12:54:49,369] {spark_submit_hook.py:479} INFO - 22/08/04 12:54:49 INFO FileSourceScanExec: Planning scan with bin packing, max size: 4243966 bytes, open cost is considered as scanning 4194304 bytes.
[2022-08-04 12:54:49,659] {spark_submit_hook.py:479} INFO - 22/08/04 12:54:49 INFO SparkContext: Starting job: json at NativeMethodAccessorImpl.java:0
[2022-08-04 12:54:49,679] {spark_submit_hook.py:479} INFO - 22/08/04 12:54:49 INFO DAGScheduler: Got job 0 (json at NativeMethodAccessorImpl.java:0) with 1 output partitions
[2022-08-04 12:54:49,680] {spark_submit_hook.py:479} INFO - 22/08/04 12:54:49 INFO DAGScheduler: Final stage: ResultStage 0 (json at NativeMethodAccessorImpl.java:0)
[2022-08-04 12:54:49,680] {spark_submit_hook.py:479} INFO - 22/08/04 12:54:49 INFO DAGScheduler: Parents of final stage: List()
[2022-08-04 12:54:49,682] {spark_submit_hook.py:479} INFO - 22/08/04 12:54:49 INFO DAGScheduler: Missing parents: List()
[2022-08-04 12:54:49,687] {spark_submit_hook.py:479} INFO - 22/08/04 12:54:49 INFO DAGScheduler: Submitting ResultStage 0 (MapPartitionsRDD[3] at json at NativeMethodAccessorImpl.java:0), which has no missing parents
[2022-08-04 12:54:49,800] {spark_submit_hook.py:479} INFO - 22/08/04 12:54:49 INFO MemoryStore: Block broadcast_1 stored as values in memory (estimated size 14.5 KiB, free 434.2 MiB)
[2022-08-04 12:54:49,803] {spark_submit_hook.py:479} INFO - 22/08/04 12:54:49 INFO MemoryStore: Block broadcast_1_piece0 stored as bytes in memory (estimated size 7.0 KiB, free 434.2 MiB)
[2022-08-04 12:54:49,804] {spark_submit_hook.py:479} INFO - 22/08/04 12:54:49 INFO BlockManagerInfo: Added broadcast_1_piece0 in memory on 192.168.1.12:37149 (size: 7.0 KiB, free: 434.4 MiB)
[2022-08-04 12:54:49,805] {spark_submit_hook.py:479} INFO - 22/08/04 12:54:49 INFO SparkContext: Created broadcast 1 from broadcast at DAGScheduler.scala:1513
[2022-08-04 12:54:49,824] {spark_submit_hook.py:479} INFO - 22/08/04 12:54:49 INFO DAGScheduler: Submitting 1 missing tasks from ResultStage 0 (MapPartitionsRDD[3] at json at NativeMethodAccessorImpl.java:0) (first 15 tasks are for partitions Vector(0))
[2022-08-04 12:54:49,826] {spark_submit_hook.py:479} INFO - 22/08/04 12:54:49 INFO TaskSchedulerImpl: Adding task set 0.0 with 1 tasks resource profile 0
[2022-08-04 12:54:49,895] {spark_submit_hook.py:479} INFO - 22/08/04 12:54:49 INFO TaskSetManager: Starting task 0.0 in stage 0.0 (TID 0) (192.168.1.12, executor driver, partition 0, PROCESS_LOCAL, 5023 bytes) taskResourceAssignments Map()
[2022-08-04 12:54:49,913] {spark_submit_hook.py:479} INFO - 22/08/04 12:54:49 INFO Executor: Running task 0.0 in stage 0.0 (TID 0)
[2022-08-04 12:54:50,170] {spark_submit_hook.py:479} INFO - 22/08/04 12:54:50 INFO FileScanRDD: Reading File path: file:///home/amadeus/airflow-pipeline-alura/datapipeline/datalake/bronze/twitter_flamengomalvadao/extract_date=2022-08-03/FlamengoMalvadao_20220803.json, range: 0-49662, partition values: [empty row]
[2022-08-04 12:54:50,443] {spark_submit_hook.py:479} INFO - 22/08/04 12:54:50 INFO CodeGenerator: Code generated in 228.881097 ms
[2022-08-04 12:54:50,522] {spark_submit_hook.py:479} INFO - 22/08/04 12:54:50 INFO Executor: Finished task 0.0 in stage 0.0 (TID 0). 2823 bytes result sent to driver
[2022-08-04 12:54:50,535] {spark_submit_hook.py:479} INFO - 22/08/04 12:54:50 INFO TaskSetManager: Finished task 0.0 in stage 0.0 (TID 0) in 654 ms on 192.168.1.12 (executor driver) (1/1)
[2022-08-04 12:54:50,538] {spark_submit_hook.py:479} INFO - 22/08/04 12:54:50 INFO TaskSchedulerImpl: Removed TaskSet 0.0, whose tasks have all completed, from pool
[2022-08-04 12:54:50,546] {spark_submit_hook.py:479} INFO - 22/08/04 12:54:50 INFO DAGScheduler: ResultStage 0 (json at NativeMethodAccessorImpl.java:0) finished in 0,839 s
[2022-08-04 12:54:50,550] {spark_submit_hook.py:479} INFO - 22/08/04 12:54:50 INFO DAGScheduler: Job 0 is finished. Cancelling potential speculative or zombie tasks for this job
[2022-08-04 12:54:50,550] {spark_submit_hook.py:479} INFO - 22/08/04 12:54:50 INFO TaskSchedulerImpl: Killing all running tasks in stage 0: Stage finished
[2022-08-04 12:54:50,553] {spark_submit_hook.py:479} INFO - 22/08/04 12:54:50 INFO DAGScheduler: Job 0 finished: json at NativeMethodAccessorImpl.java:0, took 0,893374 s
[2022-08-04 12:54:51,074] {spark_submit_hook.py:479} INFO - 22/08/04 12:54:51 INFO BlockManagerInfo: Removed broadcast_0_piece0 on 192.168.1.12:37149 in memory (size: 24.7 KiB, free: 434.4 MiB)
[2022-08-04 12:54:51,085] {spark_submit_hook.py:479} INFO - 22/08/04 12:54:51 INFO BlockManagerInfo: Removed broadcast_1_piece0 on 192.168.1.12:37149 in memory (size: 7.0 KiB, free: 434.4 MiB)
[2022-08-04 12:54:51,143] {spark_submit_hook.py:479} INFO - 22/08/04 12:54:51 INFO FileSourceStrategy: Pushed Filters: IsNotNull(data)
[2022-08-04 12:54:51,145] {spark_submit_hook.py:479} INFO - 22/08/04 12:54:51 INFO FileSourceStrategy: Post-Scan Filters: (size(data#8, true) > 0),isnotnull(data#8)
[2022-08-04 12:54:51,146] {spark_submit_hook.py:479} INFO - 22/08/04 12:54:51 INFO FileSourceStrategy: Output Data Schema: struct<data: array<struct<author_id:string,conversation_id:string,created_at:string,id:string,in_reply_to_user_id:string,public_metrics:struct<like_count:bigint,quote_count:bigint,reply_count:bigint,retweet_count:bigint>,text:string>>>
[2022-08-04 12:54:51,249] {spark_submit_hook.py:479} INFO - 22/08/04 12:54:51 INFO FileOutputCommitter: File Output Committer Algorithm version is 1
[2022-08-04 12:54:51,251] {spark_submit_hook.py:479} INFO - 22/08/04 12:54:51 INFO SQLHadoopMapReduceCommitProtocol: Using output committer class org.apache.hadoop.mapreduce.lib.output.FileOutputCommitter
[2022-08-04 12:54:51,431] {spark_submit_hook.py:479} INFO - 22/08/04 12:54:51 INFO CodeGenerator: Code generated in 94.415433 ms
[2022-08-04 12:54:51,438] {spark_submit_hook.py:479} INFO - 22/08/04 12:54:51 INFO MemoryStore: Block broadcast_2 stored as values in memory (estimated size 173.5 KiB, free 434.2 MiB)
[2022-08-04 12:54:51,449] {spark_submit_hook.py:479} INFO - 22/08/04 12:54:51 INFO MemoryStore: Block broadcast_2_piece0 stored as bytes in memory (estimated size 24.6 KiB, free 434.2 MiB)
[2022-08-04 12:54:51,450] {spark_submit_hook.py:479} INFO - 22/08/04 12:54:51 INFO BlockManagerInfo: Added broadcast_2_piece0 in memory on 192.168.1.12:37149 (size: 24.6 KiB, free: 434.4 MiB)
[2022-08-04 12:54:51,451] {spark_submit_hook.py:479} INFO - 22/08/04 12:54:51 INFO SparkContext: Created broadcast 2 from json at NativeMethodAccessorImpl.java:0
[2022-08-04 12:54:51,455] {spark_submit_hook.py:479} INFO - 22/08/04 12:54:51 INFO FileSourceScanExec: Planning scan with bin packing, max size: 4243966 bytes, open cost is considered as scanning 4194304 bytes.
[2022-08-04 12:54:51,526] {spark_submit_hook.py:479} INFO - 22/08/04 12:54:51 INFO SparkContext: Starting job: json at NativeMethodAccessorImpl.java:0
[2022-08-04 12:54:51,528] {spark_submit_hook.py:479} INFO - 22/08/04 12:54:51 INFO DAGScheduler: Got job 1 (json at NativeMethodAccessorImpl.java:0) with 1 output partitions
[2022-08-04 12:54:51,528] {spark_submit_hook.py:479} INFO - 22/08/04 12:54:51 INFO DAGScheduler: Final stage: ResultStage 1 (json at NativeMethodAccessorImpl.java:0)
[2022-08-04 12:54:51,528] {spark_submit_hook.py:479} INFO - 22/08/04 12:54:51 INFO DAGScheduler: Parents of final stage: List()
[2022-08-04 12:54:51,528] {spark_submit_hook.py:479} INFO - 22/08/04 12:54:51 INFO DAGScheduler: Missing parents: List()
[2022-08-04 12:54:51,530] {spark_submit_hook.py:479} INFO - 22/08/04 12:54:51 INFO DAGScheduler: Submitting ResultStage 1 (CoalescedRDD[7] at json at NativeMethodAccessorImpl.java:0), which has no missing parents
[2022-08-04 12:54:51,557] {spark_submit_hook.py:479} INFO - 22/08/04 12:54:51 INFO MemoryStore: Block broadcast_3 stored as values in memory (estimated size 175.8 KiB, free 434.0 MiB)
[2022-08-04 12:54:51,562] {spark_submit_hook.py:479} INFO - 22/08/04 12:54:51 INFO MemoryStore: Block broadcast_3_piece0 stored as bytes in memory (estimated size 60.9 KiB, free 434.0 MiB)
[2022-08-04 12:54:51,562] {spark_submit_hook.py:479} INFO - 22/08/04 12:54:51 INFO BlockManagerInfo: Added broadcast_3_piece0 in memory on 192.168.1.12:37149 (size: 60.9 KiB, free: 434.3 MiB)
[2022-08-04 12:54:51,563] {spark_submit_hook.py:479} INFO - 22/08/04 12:54:51 INFO SparkContext: Created broadcast 3 from broadcast at DAGScheduler.scala:1513
[2022-08-04 12:54:51,564] {spark_submit_hook.py:479} INFO - 22/08/04 12:54:51 INFO DAGScheduler: Submitting 1 missing tasks from ResultStage 1 (CoalescedRDD[7] at json at NativeMethodAccessorImpl.java:0) (first 15 tasks are for partitions Vector(0))
[2022-08-04 12:54:51,564] {spark_submit_hook.py:479} INFO - 22/08/04 12:54:51 INFO TaskSchedulerImpl: Adding task set 1.0 with 1 tasks resource profile 0
[2022-08-04 12:54:51,569] {spark_submit_hook.py:479} INFO - 22/08/04 12:54:51 INFO TaskSetManager: Starting task 0.0 in stage 1.0 (TID 1) (192.168.1.12, executor driver, partition 0, PROCESS_LOCAL, 5252 bytes) taskResourceAssignments Map()
[2022-08-04 12:54:51,570] {spark_submit_hook.py:479} INFO - 22/08/04 12:54:51 INFO Executor: Running task 0.0 in stage 1.0 (TID 1)
[2022-08-04 12:54:51,632] {spark_submit_hook.py:479} INFO - 22/08/04 12:54:51 INFO FileOutputCommitter: File Output Committer Algorithm version is 1
[2022-08-04 12:54:51,633] {spark_submit_hook.py:479} INFO - 22/08/04 12:54:51 INFO SQLHadoopMapReduceCommitProtocol: Using output committer class org.apache.hadoop.mapreduce.lib.output.FileOutputCommitter
[2022-08-04 12:54:51,662] {spark_submit_hook.py:479} INFO - 22/08/04 12:54:51 INFO FileScanRDD: Reading File path: file:///home/amadeus/airflow-pipeline-alura/datapipeline/datalake/bronze/twitter_flamengomalvadao/extract_date=2022-08-03/FlamengoMalvadao_20220803.json, range: 0-49662, partition values: [empty row]
[2022-08-04 12:54:51,688] {spark_submit_hook.py:479} INFO - 22/08/04 12:54:51 INFO CodeGenerator: Code generated in 21.619587 ms
[2022-08-04 12:54:51,713] {spark_submit_hook.py:479} INFO - 22/08/04 12:54:51 INFO CodeGenerator: Code generated in 6.026624 ms
[2022-08-04 12:54:51,773] {spark_submit_hook.py:479} INFO - 22/08/04 12:54:51 INFO FileOutputCommitter: Saved output of task 'attempt_202208041254517577610171665843566_0001_m_000000_1' to file:/home/amadeus/airflow-pipeline-alura/datapipeline/datalake/silver/twitter_flamengomalvadao/tweet/process_date=2022-08-03/_temporary/0/task_202208041254517577610171665843566_0001_m_000000
[2022-08-04 12:54:51,774] {spark_submit_hook.py:479} INFO - 22/08/04 12:54:51 INFO SparkHadoopMapRedUtil: attempt_202208041254517577610171665843566_0001_m_000000_1: Committed. Elapsed time: 1 ms.
[2022-08-04 12:54:51,781] {spark_submit_hook.py:479} INFO - 22/08/04 12:54:51 INFO Executor: Finished task 0.0 in stage 1.0 (TID 1). 2678 bytes result sent to driver
[2022-08-04 12:54:51,784] {spark_submit_hook.py:479} INFO - 22/08/04 12:54:51 INFO TaskSetManager: Finished task 0.0 in stage 1.0 (TID 1) in 217 ms on 192.168.1.12 (executor driver) (1/1)
[2022-08-04 12:54:51,784] {spark_submit_hook.py:479} INFO - 22/08/04 12:54:51 INFO TaskSchedulerImpl: Removed TaskSet 1.0, whose tasks have all completed, from pool
[2022-08-04 12:54:51,785] {spark_submit_hook.py:479} INFO - 22/08/04 12:54:51 INFO DAGScheduler: ResultStage 1 (json at NativeMethodAccessorImpl.java:0) finished in 0,254 s
[2022-08-04 12:54:51,785] {spark_submit_hook.py:479} INFO - 22/08/04 12:54:51 INFO DAGScheduler: Job 1 is finished. Cancelling potential speculative or zombie tasks for this job
[2022-08-04 12:54:51,785] {spark_submit_hook.py:479} INFO - 22/08/04 12:54:51 INFO TaskSchedulerImpl: Killing all running tasks in stage 1: Stage finished
[2022-08-04 12:54:51,786] {spark_submit_hook.py:479} INFO - 22/08/04 12:54:51 INFO DAGScheduler: Job 1 finished: json at NativeMethodAccessorImpl.java:0, took 0,260074 s
[2022-08-04 12:54:51,789] {spark_submit_hook.py:479} INFO - 22/08/04 12:54:51 INFO FileFormatWriter: Start to commit write Job a12435ad-c9bb-46da-89a7-ea6b1953ca2d.
[2022-08-04 12:54:51,801] {spark_submit_hook.py:479} INFO - 22/08/04 12:54:51 INFO FileFormatWriter: Write Job a12435ad-c9bb-46da-89a7-ea6b1953ca2d committed. Elapsed time: 11 ms.
[2022-08-04 12:54:51,805] {spark_submit_hook.py:479} INFO - 22/08/04 12:54:51 INFO FileFormatWriter: Finished processing stats for write job a12435ad-c9bb-46da-89a7-ea6b1953ca2d.
[2022-08-04 12:54:51,844] {spark_submit_hook.py:479} INFO - 22/08/04 12:54:51 INFO FileSourceStrategy: Pushed Filters:
[2022-08-04 12:54:51,844] {spark_submit_hook.py:479} INFO - 22/08/04 12:54:51 INFO FileSourceStrategy: Post-Scan Filters:
[2022-08-04 12:54:51,845] {spark_submit_hook.py:479} INFO - 22/08/04 12:54:51 INFO FileSourceStrategy: Output Data Schema: struct<includes: struct<users: array<struct<created_at:string,id:string,name:string,username:string>>>>
[2022-08-04 12:54:51,857] {spark_submit_hook.py:479} INFO - 22/08/04 12:54:51 INFO FileOutputCommitter: File Output Committer Algorithm version is 1
[2022-08-04 12:54:51,857] {spark_submit_hook.py:479} INFO - 22/08/04 12:54:51 INFO SQLHadoopMapReduceCommitProtocol: Using output committer class org.apache.hadoop.mapreduce.lib.output.FileOutputCommitter
[2022-08-04 12:54:51,883] {spark_submit_hook.py:479} INFO - 22/08/04 12:54:51 INFO CodeGenerator: Code generated in 16.271385 ms
[2022-08-04 12:54:51,889] {spark_submit_hook.py:479} INFO - 22/08/04 12:54:51 INFO MemoryStore: Block broadcast_4 stored as values in memory (estimated size 173.5 KiB, free 433.8 MiB)
[2022-08-04 12:54:51,903] {spark_submit_hook.py:479} INFO - 22/08/04 12:54:51 INFO MemoryStore: Block broadcast_4_piece0 stored as bytes in memory (estimated size 24.6 KiB, free 433.8 MiB)
[2022-08-04 12:54:51,904] {spark_submit_hook.py:479} INFO - 22/08/04 12:54:51 INFO BlockManagerInfo: Added broadcast_4_piece0 in memory on 192.168.1.12:37149 (size: 24.6 KiB, free: 434.3 MiB)
[2022-08-04 12:54:51,905] {spark_submit_hook.py:479} INFO - 22/08/04 12:54:51 INFO SparkContext: Created broadcast 4 from json at NativeMethodAccessorImpl.java:0
[2022-08-04 12:54:51,907] {spark_submit_hook.py:479} INFO - 22/08/04 12:54:51 INFO FileSourceScanExec: Planning scan with bin packing, max size: 4243966 bytes, open cost is considered as scanning 4194304 bytes.
[2022-08-04 12:54:51,936] {spark_submit_hook.py:479} INFO - 22/08/04 12:54:51 INFO SparkContext: Starting job: json at NativeMethodAccessorImpl.java:0
[2022-08-04 12:54:51,937] {spark_submit_hook.py:479} INFO - 22/08/04 12:54:51 INFO DAGScheduler: Got job 2 (json at NativeMethodAccessorImpl.java:0) with 1 output partitions
[2022-08-04 12:54:51,937] {spark_submit_hook.py:479} INFO - 22/08/04 12:54:51 INFO DAGScheduler: Final stage: ResultStage 2 (json at NativeMethodAccessorImpl.java:0)
[2022-08-04 12:54:51,938] {spark_submit_hook.py:479} INFO - 22/08/04 12:54:51 INFO DAGScheduler: Parents of final stage: List()
[2022-08-04 12:54:51,938] {spark_submit_hook.py:479} INFO - 22/08/04 12:54:51 INFO DAGScheduler: Missing parents: List()
[2022-08-04 12:54:51,939] {spark_submit_hook.py:479} INFO - 22/08/04 12:54:51 INFO DAGScheduler: Submitting ResultStage 2 (CoalescedRDD[11] at json at NativeMethodAccessorImpl.java:0), which has no missing parents
[2022-08-04 12:54:51,962] {spark_submit_hook.py:479} INFO - 22/08/04 12:54:51 INFO MemoryStore: Block broadcast_5 stored as values in memory (estimated size 161.1 KiB, free 433.6 MiB)
[2022-08-04 12:54:51,966] {spark_submit_hook.py:479} INFO - 22/08/04 12:54:51 INFO MemoryStore: Block broadcast_5_piece0 stored as bytes in memory (estimated size 57.8 KiB, free 433.6 MiB)
[2022-08-04 12:54:51,967] {spark_submit_hook.py:479} INFO - 22/08/04 12:54:51 INFO BlockManagerInfo: Added broadcast_5_piece0 in memory on 192.168.1.12:37149 (size: 57.8 KiB, free: 434.2 MiB)
[2022-08-04 12:54:51,968] {spark_submit_hook.py:479} INFO - 22/08/04 12:54:51 INFO SparkContext: Created broadcast 5 from broadcast at DAGScheduler.scala:1513
[2022-08-04 12:54:51,969] {spark_submit_hook.py:479} INFO - 22/08/04 12:54:51 INFO DAGScheduler: Submitting 1 missing tasks from ResultStage 2 (CoalescedRDD[11] at json at NativeMethodAccessorImpl.java:0) (first 15 tasks are for partitions Vector(0))
[2022-08-04 12:54:51,969] {spark_submit_hook.py:479} INFO - 22/08/04 12:54:51 INFO TaskSchedulerImpl: Adding task set 2.0 with 1 tasks resource profile 0
[2022-08-04 12:54:51,971] {spark_submit_hook.py:479} INFO - 22/08/04 12:54:51 INFO TaskSetManager: Starting task 0.0 in stage 2.0 (TID 2) (192.168.1.12, executor driver, partition 0, PROCESS_LOCAL, 5252 bytes) taskResourceAssignments Map()
[2022-08-04 12:54:51,971] {spark_submit_hook.py:479} INFO - 22/08/04 12:54:51 INFO Executor: Running task 0.0 in stage 2.0 (TID 2)
[2022-08-04 12:54:51,991] {spark_submit_hook.py:479} INFO - 22/08/04 12:54:51 INFO FileOutputCommitter: File Output Committer Algorithm version is 1
[2022-08-04 12:54:51,992] {spark_submit_hook.py:479} INFO - 22/08/04 12:54:51 INFO SQLHadoopMapReduceCommitProtocol: Using output committer class org.apache.hadoop.mapreduce.lib.output.FileOutputCommitter
[2022-08-04 12:54:52,000] {spark_submit_hook.py:479} INFO - 22/08/04 12:54:52 INFO FileScanRDD: Reading File path: file:///home/amadeus/airflow-pipeline-alura/datapipeline/datalake/bronze/twitter_flamengomalvadao/extract_date=2022-08-03/FlamengoMalvadao_20220803.json, range: 0-49662, partition values: [empty row]
[2022-08-04 12:54:52,019] {spark_submit_hook.py:479} INFO - 22/08/04 12:54:52 INFO CodeGenerator: Code generated in 15.1395 ms
[2022-08-04 12:54:52,035] {spark_submit_hook.py:479} INFO - 22/08/04 12:54:52 INFO FileOutputCommitter: Saved output of task 'attempt_202208041254518545545584443878876_0002_m_000000_2' to file:/home/amadeus/airflow-pipeline-alura/datapipeline/datalake/silver/twitter_flamengomalvadao/user/process_date=2022-08-03/_temporary/0/task_202208041254518545545584443878876_0002_m_000000
[2022-08-04 12:54:52,035] {spark_submit_hook.py:479} INFO - 22/08/04 12:54:52 INFO SparkHadoopMapRedUtil: attempt_202208041254518545545584443878876_0002_m_000000_2: Committed. Elapsed time: 1 ms.
[2022-08-04 12:54:52,037] {spark_submit_hook.py:479} INFO - 22/08/04 12:54:52 INFO Executor: Finished task 0.0 in stage 2.0 (TID 2). 2579 bytes result sent to driver
[2022-08-04 12:54:52,039] {spark_submit_hook.py:479} INFO - 22/08/04 12:54:52 INFO TaskSetManager: Finished task 0.0 in stage 2.0 (TID 2) in 68 ms on 192.168.1.12 (executor driver) (1/1)
[2022-08-04 12:54:52,039] {spark_submit_hook.py:479} INFO - 22/08/04 12:54:52 INFO TaskSchedulerImpl: Removed TaskSet 2.0, whose tasks have all completed, from pool
[2022-08-04 12:54:52,040] {spark_submit_hook.py:479} INFO - 22/08/04 12:54:52 INFO DAGScheduler: ResultStage 2 (json at NativeMethodAccessorImpl.java:0) finished in 0,099 s
[2022-08-04 12:54:52,040] {spark_submit_hook.py:479} INFO - 22/08/04 12:54:52 INFO DAGScheduler: Job 2 is finished. Cancelling potential speculative or zombie tasks for this job
[2022-08-04 12:54:52,040] {spark_submit_hook.py:479} INFO - 22/08/04 12:54:52 INFO TaskSchedulerImpl: Killing all running tasks in stage 2: Stage finished
[2022-08-04 12:54:52,041] {spark_submit_hook.py:479} INFO - 22/08/04 12:54:52 INFO DAGScheduler: Job 2 finished: json at NativeMethodAccessorImpl.java:0, took 0,104595 s
[2022-08-04 12:54:52,041] {spark_submit_hook.py:479} INFO - 22/08/04 12:54:52 INFO FileFormatWriter: Start to commit write Job 8058802d-2e29-4ec3-aa1a-30957cb44121.
[2022-08-04 12:54:52,050] {spark_submit_hook.py:479} INFO - 22/08/04 12:54:52 INFO FileFormatWriter: Write Job 8058802d-2e29-4ec3-aa1a-30957cb44121 committed. Elapsed time: 8 ms.
[2022-08-04 12:54:52,050] {spark_submit_hook.py:479} INFO - 22/08/04 12:54:52 INFO FileFormatWriter: Finished processing stats for write job 8058802d-2e29-4ec3-aa1a-30957cb44121.
[2022-08-04 12:54:52,100] {spark_submit_hook.py:479} INFO - 22/08/04 12:54:52 INFO BlockManagerInfo: Removed broadcast_5_piece0 on 192.168.1.12:37149 in memory (size: 57.8 KiB, free: 434.3 MiB)
[2022-08-04 12:54:52,103] {spark_submit_hook.py:479} INFO - 22/08/04 12:54:52 INFO SparkContext: Invoking stop() from shutdown hook
[2022-08-04 12:54:52,104] {spark_submit_hook.py:479} INFO - 22/08/04 12:54:52 INFO BlockManagerInfo: Removed broadcast_2_piece0 on 192.168.1.12:37149 in memory (size: 24.6 KiB, free: 434.3 MiB)
[2022-08-04 12:54:52,109] {spark_submit_hook.py:479} INFO - 22/08/04 12:54:52 INFO BlockManagerInfo: Removed broadcast_3_piece0 on 192.168.1.12:37149 in memory (size: 60.9 KiB, free: 434.4 MiB)
[2022-08-04 12:54:52,117] {spark_submit_hook.py:479} INFO - 22/08/04 12:54:52 INFO SparkUI: Stopped Spark web UI at http://192.168.1.12:4041
[2022-08-04 12:54:52,131] {spark_submit_hook.py:479} INFO - 22/08/04 12:54:52 INFO MapOutputTrackerMasterEndpoint: MapOutputTrackerMasterEndpoint stopped!
[2022-08-04 12:54:52,144] {spark_submit_hook.py:479} INFO - 22/08/04 12:54:52 INFO MemoryStore: MemoryStore cleared
[2022-08-04 12:54:52,144] {spark_submit_hook.py:479} INFO - 22/08/04 12:54:52 INFO BlockManager: BlockManager stopped
[2022-08-04 12:54:52,149] {spark_submit_hook.py:479} INFO - 22/08/04 12:54:52 INFO BlockManagerMaster: BlockManagerMaster stopped
[2022-08-04 12:54:52,152] {spark_submit_hook.py:479} INFO - 22/08/04 12:54:52 INFO OutputCommitCoordinator$OutputCommitCoordinatorEndpoint: OutputCommitCoordinator stopped!
[2022-08-04 12:54:52,156] {spark_submit_hook.py:479} INFO - 22/08/04 12:54:52 INFO SparkContext: Successfully stopped SparkContext
[2022-08-04 12:54:52,156] {spark_submit_hook.py:479} INFO - 22/08/04 12:54:52 INFO ShutdownHookManager: Shutdown hook called
[2022-08-04 12:54:52,157] {spark_submit_hook.py:479} INFO - 22/08/04 12:54:52 INFO ShutdownHookManager: Deleting directory /tmp/spark-99356d58-589c-41d6-9ccb-648324c1defe
[2022-08-04 12:54:52,159] {spark_submit_hook.py:479} INFO - 22/08/04 12:54:52 INFO ShutdownHookManager: Deleting directory /tmp/spark-0f4d5b23-1bdd-4ebd-af62-a10f4de522b3
[2022-08-04 12:54:52,161] {spark_submit_hook.py:479} INFO - 22/08/04 12:54:52 INFO ShutdownHookManager: Deleting directory /tmp/spark-0f4d5b23-1bdd-4ebd-af62-a10f4de522b3/pyspark-cdaaae39-409d-4e80-8003-f9fe4610dbf6
[2022-08-04 12:54:52,354] {taskinstance.py:1057} INFO - Marking task as SUCCESS.dag_id=twitter_dag, task_id=transform_twitter_flamengomalvadao, execution_date=20220803T090000, start_date=20220804T155437, end_date=20220804T155452
[2022-08-04 12:54:57,012] {local_task_job.py:102} INFO - Task exited with return code 0
