[2022-08-04 13:06:24,150] {taskinstance.py:670} INFO - Dependencies all met for <TaskInstance: twitter_dag.transform_twitter_flamengomalvadao 2022-08-03T09:00:00+00:00 [queued]>
[2022-08-04 13:06:24,176] {taskinstance.py:670} INFO - Dependencies all met for <TaskInstance: twitter_dag.transform_twitter_flamengomalvadao 2022-08-03T09:00:00+00:00 [queued]>
[2022-08-04 13:06:24,176] {taskinstance.py:880} INFO - 
--------------------------------------------------------------------------------
[2022-08-04 13:06:24,176] {taskinstance.py:881} INFO - Starting attempt 5 of 5
[2022-08-04 13:06:24,176] {taskinstance.py:882} INFO - 
--------------------------------------------------------------------------------
[2022-08-04 13:06:24,389] {taskinstance.py:901} INFO - Executing <Task(SparkSubmitOperator): transform_twitter_flamengomalvadao> on 2022-08-03T09:00:00+00:00
[2022-08-04 13:06:24,395] {standard_task_runner.py:54} INFO - Started process 139749 to run task
[2022-08-04 13:06:24,524] {standard_task_runner.py:77} INFO - Running: ['airflow', 'run', 'twitter_dag', 'transform_twitter_flamengomalvadao', '2022-08-03T09:00:00+00:00', '--job_id', '63', '--pool', 'default_pool', '--raw', '-sd', 'DAGS_FOLDER/twitter_dag.py', '--cfg_path', '/tmp/tmp4ahnevlo']
[2022-08-04 13:06:24,525] {standard_task_runner.py:78} INFO - Job 63: Subtask transform_twitter_flamengomalvadao
[2022-08-04 13:06:24,792] {logging_mixin.py:112} INFO - Running <TaskInstance: twitter_dag.transform_twitter_flamengomalvadao 2022-08-03T09:00:00+00:00 [running]> on host ama
[2022-08-04 13:06:24,908] {base_hook.py:89} INFO - Using connection to: id: spark_default. Host: local, Port: None, Schema: None, Login: None, Password: None, extra: XXXXXXXX
[2022-08-04 13:06:24,911] {spark_submit_hook.py:325} INFO - Spark-Submit cmd: /home/amadeus/Downloads/spark-3.3.0-bin-hadoop2/bin/spark-submit --master local --name twitter_transformation /home/amadeus/ama/airflow-pipeline-alura/datapipeline/spark/transfortmation.py --src /home/amadeus/airflow-pipeline-alura/datapipeline/datalake/bronze/twitter_flamengomalvadao/extract_date=2022-08-03 --dest /home/amadeus/airflow-pipeline-alura/datapipeline/datalake/silver/twitter_flamengomalvadao/ --process-date 2022-08-03
[2022-08-04 13:06:26,984] {spark_submit_hook.py:479} INFO - 22/08/04 13:06:26 WARN Utils: Your hostname, ama resolves to a loopback address: 127.0.1.1; using 192.168.1.12 instead (on interface wlo1)
[2022-08-04 13:06:26,987] {spark_submit_hook.py:479} INFO - 22/08/04 13:06:26 WARN Utils: Set SPARK_LOCAL_IP if you need to bind to another address
[2022-08-04 13:06:28,287] {spark_submit_hook.py:479} INFO - 22/08/04 13:06:28 INFO SparkContext: Running Spark version 3.3.0
[2022-08-04 13:06:28,451] {spark_submit_hook.py:479} INFO - 22/08/04 13:06:28 WARN NativeCodeLoader: Unable to load native-hadoop library for your platform... using builtin-java classes where applicable
[2022-08-04 13:06:28,572] {spark_submit_hook.py:479} INFO - 22/08/04 13:06:28 INFO ResourceUtils: ==============================================================
[2022-08-04 13:06:28,573] {spark_submit_hook.py:479} INFO - 22/08/04 13:06:28 INFO ResourceUtils: No custom resources configured for spark.driver.
[2022-08-04 13:06:28,573] {spark_submit_hook.py:479} INFO - 22/08/04 13:06:28 INFO ResourceUtils: ==============================================================
[2022-08-04 13:06:28,574] {spark_submit_hook.py:479} INFO - 22/08/04 13:06:28 INFO SparkContext: Submitted application: twitter_transformation
[2022-08-04 13:06:28,602] {spark_submit_hook.py:479} INFO - 22/08/04 13:06:28 INFO ResourceProfile: Default ResourceProfile created, executor resources: Map(cores -> name: cores, amount: 1, script: , vendor: , memory -> name: memory, amount: 1024, script: , vendor: , offHeap -> name: offHeap, amount: 0, script: , vendor: ), task resources: Map(cpus -> name: cpus, amount: 1.0)
[2022-08-04 13:06:28,620] {spark_submit_hook.py:479} INFO - 22/08/04 13:06:28 INFO ResourceProfile: Limiting resource is cpu
[2022-08-04 13:06:28,621] {spark_submit_hook.py:479} INFO - 22/08/04 13:06:28 INFO ResourceProfileManager: Added ResourceProfile id: 0
[2022-08-04 13:06:28,688] {spark_submit_hook.py:479} INFO - 22/08/04 13:06:28 INFO SecurityManager: Changing view acls to: amadeus
[2022-08-04 13:06:28,688] {spark_submit_hook.py:479} INFO - 22/08/04 13:06:28 INFO SecurityManager: Changing modify acls to: amadeus
[2022-08-04 13:06:28,689] {spark_submit_hook.py:479} INFO - 22/08/04 13:06:28 INFO SecurityManager: Changing view acls groups to:
[2022-08-04 13:06:28,689] {spark_submit_hook.py:479} INFO - 22/08/04 13:06:28 INFO SecurityManager: Changing modify acls groups to:
[2022-08-04 13:06:28,690] {spark_submit_hook.py:479} INFO - 22/08/04 13:06:28 INFO SecurityManager: SecurityManager: authentication disabled; ui acls disabled; users  with view permissions: Set(amadeus); groups with view permissions: Set(); users  with modify permissions: Set(amadeus); groups with modify permissions: Set()
[2022-08-04 13:06:29,138] {spark_submit_hook.py:479} INFO - 22/08/04 13:06:29 INFO Utils: Successfully started service 'sparkDriver' on port 41775.
[2022-08-04 13:06:29,180] {spark_submit_hook.py:479} INFO - 22/08/04 13:06:29 INFO SparkEnv: Registering MapOutputTracker
[2022-08-04 13:06:29,227] {spark_submit_hook.py:479} INFO - 22/08/04 13:06:29 INFO SparkEnv: Registering BlockManagerMaster
[2022-08-04 13:06:29,253] {spark_submit_hook.py:479} INFO - 22/08/04 13:06:29 INFO BlockManagerMasterEndpoint: Using org.apache.spark.storage.DefaultTopologyMapper for getting topology information
[2022-08-04 13:06:29,254] {spark_submit_hook.py:479} INFO - 22/08/04 13:06:29 INFO BlockManagerMasterEndpoint: BlockManagerMasterEndpoint up
[2022-08-04 13:06:29,259] {spark_submit_hook.py:479} INFO - 22/08/04 13:06:29 INFO SparkEnv: Registering BlockManagerMasterHeartbeat
[2022-08-04 13:06:29,287] {spark_submit_hook.py:479} INFO - 22/08/04 13:06:29 INFO DiskBlockManager: Created local directory at /tmp/blockmgr-f24de3f4-e41a-457f-ac13-782a25a63d66
[2022-08-04 13:06:29,307] {spark_submit_hook.py:479} INFO - 22/08/04 13:06:29 INFO MemoryStore: MemoryStore started with capacity 434.4 MiB
[2022-08-04 13:06:29,327] {spark_submit_hook.py:479} INFO - 22/08/04 13:06:29 INFO SparkEnv: Registering OutputCommitCoordinator
[2022-08-04 13:06:29,664] {spark_submit_hook.py:479} INFO - 22/08/04 13:06:29 WARN Utils: Service 'SparkUI' could not bind on port 4040. Attempting port 4041.
[2022-08-04 13:06:29,678] {spark_submit_hook.py:479} INFO - 22/08/04 13:06:29 INFO Utils: Successfully started service 'SparkUI' on port 4041.
[2022-08-04 13:06:29,878] {spark_submit_hook.py:479} INFO - 22/08/04 13:06:29 INFO Executor: Starting executor ID driver on host 192.168.1.12
[2022-08-04 13:06:29,890] {spark_submit_hook.py:479} INFO - 22/08/04 13:06:29 INFO Executor: Starting executor with user classpath (userClassPathFirst = false): ''
[2022-08-04 13:06:29,919] {spark_submit_hook.py:479} INFO - 22/08/04 13:06:29 INFO Utils: Successfully started service 'org.apache.spark.network.netty.NettyBlockTransferService' on port 33881.
[2022-08-04 13:06:29,919] {spark_submit_hook.py:479} INFO - 22/08/04 13:06:29 INFO NettyBlockTransferService: Server created on 192.168.1.12:33881
[2022-08-04 13:06:29,922] {spark_submit_hook.py:479} INFO - 22/08/04 13:06:29 INFO BlockManager: Using org.apache.spark.storage.RandomBlockReplicationPolicy for block replication policy
[2022-08-04 13:06:29,931] {spark_submit_hook.py:479} INFO - 22/08/04 13:06:29 INFO BlockManagerMaster: Registering BlockManager BlockManagerId(driver, 192.168.1.12, 33881, None)
[2022-08-04 13:06:29,935] {spark_submit_hook.py:479} INFO - 22/08/04 13:06:29 INFO BlockManagerMasterEndpoint: Registering block manager 192.168.1.12:33881 with 434.4 MiB RAM, BlockManagerId(driver, 192.168.1.12, 33881, None)
[2022-08-04 13:06:29,939] {spark_submit_hook.py:479} INFO - 22/08/04 13:06:29 INFO BlockManagerMaster: Registered BlockManager BlockManagerId(driver, 192.168.1.12, 33881, None)
[2022-08-04 13:06:29,940] {spark_submit_hook.py:479} INFO - 22/08/04 13:06:29 INFO BlockManager: Initialized BlockManager: BlockManagerId(driver, 192.168.1.12, 33881, None)
[2022-08-04 13:06:30,901] {spark_submit_hook.py:479} INFO - 22/08/04 13:06:30 INFO SharedState: Setting hive.metastore.warehouse.dir ('null') to the value of spark.sql.warehouse.dir.
[2022-08-04 13:06:30,909] {spark_submit_hook.py:479} INFO - 22/08/04 13:06:30 INFO SharedState: Warehouse path is 'file:/home/amadeus/ama/airflow-pipeline-alura/datapipeline/spark-warehouse'.
[2022-08-04 13:06:32,095] {spark_submit_hook.py:479} INFO - 22/08/04 13:06:32 INFO InMemoryFileIndex: It took 56 ms to list leaf files for 1 paths.
[2022-08-04 13:06:32,201] {spark_submit_hook.py:479} INFO - 22/08/04 13:06:32 INFO InMemoryFileIndex: It took 3 ms to list leaf files for 1 paths.
[2022-08-04 13:06:35,347] {spark_submit_hook.py:479} INFO - 22/08/04 13:06:35 INFO FileSourceStrategy: Pushed Filters:
[2022-08-04 13:06:35,350] {spark_submit_hook.py:479} INFO - 22/08/04 13:06:35 INFO FileSourceStrategy: Post-Scan Filters:
[2022-08-04 13:06:35,355] {spark_submit_hook.py:479} INFO - 22/08/04 13:06:35 INFO FileSourceStrategy: Output Data Schema: struct<value: string>
[2022-08-04 13:06:35,796] {spark_submit_hook.py:479} INFO - 22/08/04 13:06:35 INFO MemoryStore: Block broadcast_0 stored as values in memory (estimated size 173.7 KiB, free 434.2 MiB)
[2022-08-04 13:06:35,879] {spark_submit_hook.py:479} INFO - 22/08/04 13:06:35 INFO MemoryStore: Block broadcast_0_piece0 stored as bytes in memory (estimated size 24.7 KiB, free 434.2 MiB)
[2022-08-04 13:06:35,883] {spark_submit_hook.py:479} INFO - 22/08/04 13:06:35 INFO BlockManagerInfo: Added broadcast_0_piece0 in memory on 192.168.1.12:33881 (size: 24.7 KiB, free: 434.4 MiB)
[2022-08-04 13:06:35,889] {spark_submit_hook.py:479} INFO - 22/08/04 13:06:35 INFO SparkContext: Created broadcast 0 from json at NativeMethodAccessorImpl.java:0
[2022-08-04 13:06:35,901] {spark_submit_hook.py:479} INFO - 22/08/04 13:06:35 INFO FileSourceScanExec: Planning scan with bin packing, max size: 4243966 bytes, open cost is considered as scanning 4194304 bytes.
[2022-08-04 13:06:36,180] {spark_submit_hook.py:479} INFO - 22/08/04 13:06:36 INFO SparkContext: Starting job: json at NativeMethodAccessorImpl.java:0
[2022-08-04 13:06:36,201] {spark_submit_hook.py:479} INFO - 22/08/04 13:06:36 INFO DAGScheduler: Got job 0 (json at NativeMethodAccessorImpl.java:0) with 1 output partitions
[2022-08-04 13:06:36,201] {spark_submit_hook.py:479} INFO - 22/08/04 13:06:36 INFO DAGScheduler: Final stage: ResultStage 0 (json at NativeMethodAccessorImpl.java:0)
[2022-08-04 13:06:36,202] {spark_submit_hook.py:479} INFO - 22/08/04 13:06:36 INFO DAGScheduler: Parents of final stage: List()
[2022-08-04 13:06:36,203] {spark_submit_hook.py:479} INFO - 22/08/04 13:06:36 INFO DAGScheduler: Missing parents: List()
[2022-08-04 13:06:36,208] {spark_submit_hook.py:479} INFO - 22/08/04 13:06:36 INFO DAGScheduler: Submitting ResultStage 0 (MapPartitionsRDD[3] at json at NativeMethodAccessorImpl.java:0), which has no missing parents
[2022-08-04 13:06:36,323] {spark_submit_hook.py:479} INFO - 22/08/04 13:06:36 INFO MemoryStore: Block broadcast_1 stored as values in memory (estimated size 14.5 KiB, free 434.2 MiB)
[2022-08-04 13:06:36,326] {spark_submit_hook.py:479} INFO - 22/08/04 13:06:36 INFO MemoryStore: Block broadcast_1_piece0 stored as bytes in memory (estimated size 7.0 KiB, free 434.2 MiB)
[2022-08-04 13:06:36,327] {spark_submit_hook.py:479} INFO - 22/08/04 13:06:36 INFO BlockManagerInfo: Added broadcast_1_piece0 in memory on 192.168.1.12:33881 (size: 7.0 KiB, free: 434.4 MiB)
[2022-08-04 13:06:36,328] {spark_submit_hook.py:479} INFO - 22/08/04 13:06:36 INFO SparkContext: Created broadcast 1 from broadcast at DAGScheduler.scala:1513
[2022-08-04 13:06:36,345] {spark_submit_hook.py:479} INFO - 22/08/04 13:06:36 INFO DAGScheduler: Submitting 1 missing tasks from ResultStage 0 (MapPartitionsRDD[3] at json at NativeMethodAccessorImpl.java:0) (first 15 tasks are for partitions Vector(0))
[2022-08-04 13:06:36,347] {spark_submit_hook.py:479} INFO - 22/08/04 13:06:36 INFO TaskSchedulerImpl: Adding task set 0.0 with 1 tasks resource profile 0
[2022-08-04 13:06:36,418] {spark_submit_hook.py:479} INFO - 22/08/04 13:06:36 INFO TaskSetManager: Starting task 0.0 in stage 0.0 (TID 0) (192.168.1.12, executor driver, partition 0, PROCESS_LOCAL, 5023 bytes) taskResourceAssignments Map()
[2022-08-04 13:06:36,437] {spark_submit_hook.py:479} INFO - 22/08/04 13:06:36 INFO Executor: Running task 0.0 in stage 0.0 (TID 0)
[2022-08-04 13:06:36,639] {spark_submit_hook.py:479} INFO - 22/08/04 13:06:36 INFO FileScanRDD: Reading File path: file:///home/amadeus/airflow-pipeline-alura/datapipeline/datalake/bronze/twitter_flamengomalvadao/extract_date=2022-08-03/FlamengoMalvadao_20220803.json, range: 0-49662, partition values: [empty row]
[2022-08-04 13:06:36,894] {spark_submit_hook.py:479} INFO - 22/08/04 13:06:36 INFO CodeGenerator: Code generated in 210.622052 ms
[2022-08-04 13:06:36,967] {spark_submit_hook.py:479} INFO - 22/08/04 13:06:36 INFO Executor: Finished task 0.0 in stage 0.0 (TID 0). 2823 bytes result sent to driver
[2022-08-04 13:06:36,978] {spark_submit_hook.py:479} INFO - 22/08/04 13:06:36 INFO TaskSetManager: Finished task 0.0 in stage 0.0 (TID 0) in 573 ms on 192.168.1.12 (executor driver) (1/1)
[2022-08-04 13:06:36,980] {spark_submit_hook.py:479} INFO - 22/08/04 13:06:36 INFO TaskSchedulerImpl: Removed TaskSet 0.0, whose tasks have all completed, from pool
[2022-08-04 13:06:36,987] {spark_submit_hook.py:479} INFO - 22/08/04 13:06:36 INFO DAGScheduler: ResultStage 0 (json at NativeMethodAccessorImpl.java:0) finished in 0,761 s
[2022-08-04 13:06:36,991] {spark_submit_hook.py:479} INFO - 22/08/04 13:06:36 INFO DAGScheduler: Job 0 is finished. Cancelling potential speculative or zombie tasks for this job
[2022-08-04 13:06:36,992] {spark_submit_hook.py:479} INFO - 22/08/04 13:06:36 INFO TaskSchedulerImpl: Killing all running tasks in stage 0: Stage finished
[2022-08-04 13:06:36,994] {spark_submit_hook.py:479} INFO - 22/08/04 13:06:36 INFO DAGScheduler: Job 0 finished: json at NativeMethodAccessorImpl.java:0, took 0,813622 s
[2022-08-04 13:06:37,203] {spark_submit_hook.py:479} INFO - 22/08/04 13:06:37 INFO BlockManagerInfo: Removed broadcast_1_piece0 on 192.168.1.12:33881 in memory (size: 7.0 KiB, free: 434.4 MiB)
[2022-08-04 13:06:37,210] {spark_submit_hook.py:479} INFO - 22/08/04 13:06:37 INFO BlockManagerInfo: Removed broadcast_0_piece0 on 192.168.1.12:33881 in memory (size: 24.7 KiB, free: 434.4 MiB)
[2022-08-04 13:06:37,501] {spark_submit_hook.py:479} INFO - 22/08/04 13:06:37 INFO FileSourceStrategy: Pushed Filters: IsNotNull(data)
[2022-08-04 13:06:37,503] {spark_submit_hook.py:479} INFO - 22/08/04 13:06:37 INFO FileSourceStrategy: Post-Scan Filters: (size(data#8, true) > 0),isnotnull(data#8)
[2022-08-04 13:06:37,504] {spark_submit_hook.py:479} INFO - 22/08/04 13:06:37 INFO FileSourceStrategy: Output Data Schema: struct<data: array<struct<author_id:string,conversation_id:string,created_at:string,id:string,in_reply_to_user_id:string,public_metrics:struct<like_count:bigint,quote_count:bigint,reply_count:bigint,retweet_count:bigint>,text:string>>>
[2022-08-04 13:06:37,609] {spark_submit_hook.py:479} INFO - 22/08/04 13:06:37 INFO FileOutputCommitter: File Output Committer Algorithm version is 1
[2022-08-04 13:06:37,611] {spark_submit_hook.py:479} INFO - 22/08/04 13:06:37 INFO SQLHadoopMapReduceCommitProtocol: Using output committer class org.apache.hadoop.mapreduce.lib.output.FileOutputCommitter
[2022-08-04 13:06:37,817] {spark_submit_hook.py:479} INFO - 22/08/04 13:06:37 INFO CodeGenerator: Code generated in 108.776464 ms
[2022-08-04 13:06:37,824] {spark_submit_hook.py:479} INFO - 22/08/04 13:06:37 INFO MemoryStore: Block broadcast_2 stored as values in memory (estimated size 173.5 KiB, free 434.2 MiB)
[2022-08-04 13:06:37,836] {spark_submit_hook.py:479} INFO - 22/08/04 13:06:37 INFO MemoryStore: Block broadcast_2_piece0 stored as bytes in memory (estimated size 24.6 KiB, free 434.2 MiB)
[2022-08-04 13:06:37,837] {spark_submit_hook.py:479} INFO - 22/08/04 13:06:37 INFO BlockManagerInfo: Added broadcast_2_piece0 in memory on 192.168.1.12:33881 (size: 24.6 KiB, free: 434.4 MiB)
[2022-08-04 13:06:37,839] {spark_submit_hook.py:479} INFO - 22/08/04 13:06:37 INFO SparkContext: Created broadcast 2 from json at NativeMethodAccessorImpl.java:0
[2022-08-04 13:06:37,843] {spark_submit_hook.py:479} INFO - 22/08/04 13:06:37 INFO FileSourceScanExec: Planning scan with bin packing, max size: 4243966 bytes, open cost is considered as scanning 4194304 bytes.
[2022-08-04 13:06:37,916] {spark_submit_hook.py:479} INFO - 22/08/04 13:06:37 INFO SparkContext: Starting job: json at NativeMethodAccessorImpl.java:0
[2022-08-04 13:06:37,918] {spark_submit_hook.py:479} INFO - 22/08/04 13:06:37 INFO DAGScheduler: Got job 1 (json at NativeMethodAccessorImpl.java:0) with 1 output partitions
[2022-08-04 13:06:37,918] {spark_submit_hook.py:479} INFO - 22/08/04 13:06:37 INFO DAGScheduler: Final stage: ResultStage 1 (json at NativeMethodAccessorImpl.java:0)
[2022-08-04 13:06:37,918] {spark_submit_hook.py:479} INFO - 22/08/04 13:06:37 INFO DAGScheduler: Parents of final stage: List()
[2022-08-04 13:06:37,918] {spark_submit_hook.py:479} INFO - 22/08/04 13:06:37 INFO DAGScheduler: Missing parents: List()
[2022-08-04 13:06:37,920] {spark_submit_hook.py:479} INFO - 22/08/04 13:06:37 INFO DAGScheduler: Submitting ResultStage 1 (CoalescedRDD[7] at json at NativeMethodAccessorImpl.java:0), which has no missing parents
[2022-08-04 13:06:37,947] {spark_submit_hook.py:479} INFO - 22/08/04 13:06:37 INFO MemoryStore: Block broadcast_3 stored as values in memory (estimated size 175.8 KiB, free 434.0 MiB)
[2022-08-04 13:06:37,952] {spark_submit_hook.py:479} INFO - 22/08/04 13:06:37 INFO MemoryStore: Block broadcast_3_piece0 stored as bytes in memory (estimated size 60.9 KiB, free 434.0 MiB)
[2022-08-04 13:06:37,953] {spark_submit_hook.py:479} INFO - 22/08/04 13:06:37 INFO BlockManagerInfo: Added broadcast_3_piece0 in memory on 192.168.1.12:33881 (size: 60.9 KiB, free: 434.3 MiB)
[2022-08-04 13:06:37,953] {spark_submit_hook.py:479} INFO - 22/08/04 13:06:37 INFO SparkContext: Created broadcast 3 from broadcast at DAGScheduler.scala:1513
[2022-08-04 13:06:37,954] {spark_submit_hook.py:479} INFO - 22/08/04 13:06:37 INFO DAGScheduler: Submitting 1 missing tasks from ResultStage 1 (CoalescedRDD[7] at json at NativeMethodAccessorImpl.java:0) (first 15 tasks are for partitions Vector(0))
[2022-08-04 13:06:37,954] {spark_submit_hook.py:479} INFO - 22/08/04 13:06:37 INFO TaskSchedulerImpl: Adding task set 1.0 with 1 tasks resource profile 0
[2022-08-04 13:06:37,961] {spark_submit_hook.py:479} INFO - 22/08/04 13:06:37 INFO TaskSetManager: Starting task 0.0 in stage 1.0 (TID 1) (192.168.1.12, executor driver, partition 0, PROCESS_LOCAL, 5252 bytes) taskResourceAssignments Map()
[2022-08-04 13:06:37,962] {spark_submit_hook.py:479} INFO - 22/08/04 13:06:37 INFO Executor: Running task 0.0 in stage 1.0 (TID 1)
[2022-08-04 13:06:38,018] {spark_submit_hook.py:479} INFO - 22/08/04 13:06:38 INFO FileOutputCommitter: File Output Committer Algorithm version is 1
[2022-08-04 13:06:38,019] {spark_submit_hook.py:479} INFO - 22/08/04 13:06:38 INFO SQLHadoopMapReduceCommitProtocol: Using output committer class org.apache.hadoop.mapreduce.lib.output.FileOutputCommitter
[2022-08-04 13:06:38,048] {spark_submit_hook.py:479} INFO - 22/08/04 13:06:38 INFO FileScanRDD: Reading File path: file:///home/amadeus/airflow-pipeline-alura/datapipeline/datalake/bronze/twitter_flamengomalvadao/extract_date=2022-08-03/FlamengoMalvadao_20220803.json, range: 0-49662, partition values: [empty row]
[2022-08-04 13:06:38,077] {spark_submit_hook.py:479} INFO - 22/08/04 13:06:38 INFO CodeGenerator: Code generated in 23.720783 ms
[2022-08-04 13:06:38,103] {spark_submit_hook.py:479} INFO - 22/08/04 13:06:38 INFO CodeGenerator: Code generated in 6.712067 ms
[2022-08-04 13:06:38,187] {spark_submit_hook.py:479} INFO - 22/08/04 13:06:38 INFO FileOutputCommitter: Saved output of task 'attempt_202208041306374645061443356922899_0001_m_000000_1' to file:/home/amadeus/airflow-pipeline-alura/datapipeline/datalake/silver/twitter_flamengomalvadao/tweet/process_date=2022-08-03/_temporary/0/task_202208041306374645061443356922899_0001_m_000000
[2022-08-04 13:06:38,188] {spark_submit_hook.py:479} INFO - 22/08/04 13:06:38 INFO SparkHadoopMapRedUtil: attempt_202208041306374645061443356922899_0001_m_000000_1: Committed. Elapsed time: 1 ms.
[2022-08-04 13:06:38,195] {spark_submit_hook.py:479} INFO - 22/08/04 13:06:38 INFO Executor: Finished task 0.0 in stage 1.0 (TID 1). 2721 bytes result sent to driver
[2022-08-04 13:06:38,199] {spark_submit_hook.py:479} INFO - 22/08/04 13:06:38 INFO TaskSetManager: Finished task 0.0 in stage 1.0 (TID 1) in 243 ms on 192.168.1.12 (executor driver) (1/1)
[2022-08-04 13:06:38,199] {spark_submit_hook.py:479} INFO - 22/08/04 13:06:38 INFO TaskSchedulerImpl: Removed TaskSet 1.0, whose tasks have all completed, from pool
[2022-08-04 13:06:38,201] {spark_submit_hook.py:479} INFO - 22/08/04 13:06:38 INFO DAGScheduler: ResultStage 1 (json at NativeMethodAccessorImpl.java:0) finished in 0,279 s
[2022-08-04 13:06:38,201] {spark_submit_hook.py:479} INFO - 22/08/04 13:06:38 INFO DAGScheduler: Job 1 is finished. Cancelling potential speculative or zombie tasks for this job
[2022-08-04 13:06:38,201] {spark_submit_hook.py:479} INFO - 22/08/04 13:06:38 INFO TaskSchedulerImpl: Killing all running tasks in stage 1: Stage finished
[2022-08-04 13:06:38,202] {spark_submit_hook.py:479} INFO - 22/08/04 13:06:38 INFO DAGScheduler: Job 1 finished: json at NativeMethodAccessorImpl.java:0, took 0,286088 s
[2022-08-04 13:06:38,205] {spark_submit_hook.py:479} INFO - 22/08/04 13:06:38 INFO FileFormatWriter: Start to commit write Job ce027fd7-607a-4b0b-b2e6-edcac551d191.
[2022-08-04 13:06:38,219] {spark_submit_hook.py:479} INFO - 22/08/04 13:06:38 INFO FileFormatWriter: Write Job ce027fd7-607a-4b0b-b2e6-edcac551d191 committed. Elapsed time: 13 ms.
[2022-08-04 13:06:38,223] {spark_submit_hook.py:479} INFO - 22/08/04 13:06:38 INFO FileFormatWriter: Finished processing stats for write job ce027fd7-607a-4b0b-b2e6-edcac551d191.
[2022-08-04 13:06:38,265] {spark_submit_hook.py:479} INFO - 22/08/04 13:06:38 INFO FileSourceStrategy: Pushed Filters:
[2022-08-04 13:06:38,265] {spark_submit_hook.py:479} INFO - 22/08/04 13:06:38 INFO FileSourceStrategy: Post-Scan Filters:
[2022-08-04 13:06:38,266] {spark_submit_hook.py:479} INFO - 22/08/04 13:06:38 INFO FileSourceStrategy: Output Data Schema: struct<includes: struct<users: array<struct<created_at:string,id:string,name:string,username:string>>>>
[2022-08-04 13:06:38,277] {spark_submit_hook.py:479} INFO - 22/08/04 13:06:38 INFO FileOutputCommitter: File Output Committer Algorithm version is 1
[2022-08-04 13:06:38,278] {spark_submit_hook.py:479} INFO - 22/08/04 13:06:38 INFO SQLHadoopMapReduceCommitProtocol: Using output committer class org.apache.hadoop.mapreduce.lib.output.FileOutputCommitter
[2022-08-04 13:06:38,305] {spark_submit_hook.py:479} INFO - 22/08/04 13:06:38 INFO CodeGenerator: Code generated in 17.002558 ms
[2022-08-04 13:06:38,311] {spark_submit_hook.py:479} INFO - 22/08/04 13:06:38 INFO MemoryStore: Block broadcast_4 stored as values in memory (estimated size 173.5 KiB, free 433.8 MiB)
[2022-08-04 13:06:38,323] {spark_submit_hook.py:479} INFO - 22/08/04 13:06:38 INFO MemoryStore: Block broadcast_4_piece0 stored as bytes in memory (estimated size 24.6 KiB, free 433.8 MiB)
[2022-08-04 13:06:38,324] {spark_submit_hook.py:479} INFO - 22/08/04 13:06:38 INFO BlockManagerInfo: Added broadcast_4_piece0 in memory on 192.168.1.12:33881 (size: 24.6 KiB, free: 434.3 MiB)
[2022-08-04 13:06:38,325] {spark_submit_hook.py:479} INFO - 22/08/04 13:06:38 INFO SparkContext: Created broadcast 4 from json at NativeMethodAccessorImpl.java:0
[2022-08-04 13:06:38,327] {spark_submit_hook.py:479} INFO - 22/08/04 13:06:38 INFO FileSourceScanExec: Planning scan with bin packing, max size: 4243966 bytes, open cost is considered as scanning 4194304 bytes.
[2022-08-04 13:06:38,368] {spark_submit_hook.py:479} INFO - 22/08/04 13:06:38 INFO SparkContext: Starting job: json at NativeMethodAccessorImpl.java:0
[2022-08-04 13:06:38,370] {spark_submit_hook.py:479} INFO - 22/08/04 13:06:38 INFO DAGScheduler: Got job 2 (json at NativeMethodAccessorImpl.java:0) with 1 output partitions
[2022-08-04 13:06:38,370] {spark_submit_hook.py:479} INFO - 22/08/04 13:06:38 INFO DAGScheduler: Final stage: ResultStage 2 (json at NativeMethodAccessorImpl.java:0)
[2022-08-04 13:06:38,370] {spark_submit_hook.py:479} INFO - 22/08/04 13:06:38 INFO DAGScheduler: Parents of final stage: List()
[2022-08-04 13:06:38,370] {spark_submit_hook.py:479} INFO - 22/08/04 13:06:38 INFO DAGScheduler: Missing parents: List()
[2022-08-04 13:06:38,372] {spark_submit_hook.py:479} INFO - 22/08/04 13:06:38 INFO DAGScheduler: Submitting ResultStage 2 (CoalescedRDD[11] at json at NativeMethodAccessorImpl.java:0), which has no missing parents
[2022-08-04 13:06:38,391] {spark_submit_hook.py:479} INFO - 22/08/04 13:06:38 INFO MemoryStore: Block broadcast_5 stored as values in memory (estimated size 161.1 KiB, free 433.6 MiB)
[2022-08-04 13:06:38,394] {spark_submit_hook.py:479} INFO - 22/08/04 13:06:38 INFO MemoryStore: Block broadcast_5_piece0 stored as bytes in memory (estimated size 57.8 KiB, free 433.6 MiB)
[2022-08-04 13:06:38,395] {spark_submit_hook.py:479} INFO - 22/08/04 13:06:38 INFO BlockManagerInfo: Added broadcast_5_piece0 in memory on 192.168.1.12:33881 (size: 57.8 KiB, free: 434.2 MiB)
[2022-08-04 13:06:38,395] {spark_submit_hook.py:479} INFO - 22/08/04 13:06:38 INFO SparkContext: Created broadcast 5 from broadcast at DAGScheduler.scala:1513
[2022-08-04 13:06:38,396] {spark_submit_hook.py:479} INFO - 22/08/04 13:06:38 INFO DAGScheduler: Submitting 1 missing tasks from ResultStage 2 (CoalescedRDD[11] at json at NativeMethodAccessorImpl.java:0) (first 15 tasks are for partitions Vector(0))
[2022-08-04 13:06:38,396] {spark_submit_hook.py:479} INFO - 22/08/04 13:06:38 INFO TaskSchedulerImpl: Adding task set 2.0 with 1 tasks resource profile 0
[2022-08-04 13:06:38,398] {spark_submit_hook.py:479} INFO - 22/08/04 13:06:38 INFO TaskSetManager: Starting task 0.0 in stage 2.0 (TID 2) (192.168.1.12, executor driver, partition 0, PROCESS_LOCAL, 5252 bytes) taskResourceAssignments Map()
[2022-08-04 13:06:38,398] {spark_submit_hook.py:479} INFO - 22/08/04 13:06:38 INFO Executor: Running task 0.0 in stage 2.0 (TID 2)
[2022-08-04 13:06:38,417] {spark_submit_hook.py:479} INFO - 22/08/04 13:06:38 INFO FileOutputCommitter: File Output Committer Algorithm version is 1
[2022-08-04 13:06:38,418] {spark_submit_hook.py:479} INFO - 22/08/04 13:06:38 INFO SQLHadoopMapReduceCommitProtocol: Using output committer class org.apache.hadoop.mapreduce.lib.output.FileOutputCommitter
[2022-08-04 13:06:38,426] {spark_submit_hook.py:479} INFO - 22/08/04 13:06:38 INFO FileScanRDD: Reading File path: file:///home/amadeus/airflow-pipeline-alura/datapipeline/datalake/bronze/twitter_flamengomalvadao/extract_date=2022-08-03/FlamengoMalvadao_20220803.json, range: 0-49662, partition values: [empty row]
[2022-08-04 13:06:38,445] {spark_submit_hook.py:479} INFO - 22/08/04 13:06:38 INFO CodeGenerator: Code generated in 15.031174 ms
[2022-08-04 13:06:38,461] {spark_submit_hook.py:479} INFO - 22/08/04 13:06:38 INFO FileOutputCommitter: Saved output of task 'attempt_202208041306381689425804049244928_0002_m_000000_2' to file:/home/amadeus/airflow-pipeline-alura/datapipeline/datalake/silver/twitter_flamengomalvadao/user/process_date=2022-08-03/_temporary/0/task_202208041306381689425804049244928_0002_m_000000
[2022-08-04 13:06:38,461] {spark_submit_hook.py:479} INFO - 22/08/04 13:06:38 INFO SparkHadoopMapRedUtil: attempt_202208041306381689425804049244928_0002_m_000000_2: Committed. Elapsed time: 0 ms.
[2022-08-04 13:06:38,463] {spark_submit_hook.py:479} INFO - 22/08/04 13:06:38 INFO Executor: Finished task 0.0 in stage 2.0 (TID 2). 2579 bytes result sent to driver
[2022-08-04 13:06:38,465] {spark_submit_hook.py:479} INFO - 22/08/04 13:06:38 INFO TaskSetManager: Finished task 0.0 in stage 2.0 (TID 2) in 67 ms on 192.168.1.12 (executor driver) (1/1)
[2022-08-04 13:06:38,465] {spark_submit_hook.py:479} INFO - 22/08/04 13:06:38 INFO TaskSchedulerImpl: Removed TaskSet 2.0, whose tasks have all completed, from pool
[2022-08-04 13:06:38,466] {spark_submit_hook.py:479} INFO - 22/08/04 13:06:38 INFO DAGScheduler: ResultStage 2 (json at NativeMethodAccessorImpl.java:0) finished in 0,092 s
[2022-08-04 13:06:38,466] {spark_submit_hook.py:479} INFO - 22/08/04 13:06:38 INFO DAGScheduler: Job 2 is finished. Cancelling potential speculative or zombie tasks for this job
[2022-08-04 13:06:38,466] {spark_submit_hook.py:479} INFO - 22/08/04 13:06:38 INFO TaskSchedulerImpl: Killing all running tasks in stage 2: Stage finished
[2022-08-04 13:06:38,467] {spark_submit_hook.py:479} INFO - 22/08/04 13:06:38 INFO DAGScheduler: Job 2 finished: json at NativeMethodAccessorImpl.java:0, took 0,098247 s
[2022-08-04 13:06:38,467] {spark_submit_hook.py:479} INFO - 22/08/04 13:06:38 INFO FileFormatWriter: Start to commit write Job 073a4910-a64e-459f-bc74-f8110713d144.
[2022-08-04 13:06:38,476] {spark_submit_hook.py:479} INFO - 22/08/04 13:06:38 INFO FileFormatWriter: Write Job 073a4910-a64e-459f-bc74-f8110713d144 committed. Elapsed time: 8 ms.
[2022-08-04 13:06:38,477] {spark_submit_hook.py:479} INFO - 22/08/04 13:06:38 INFO FileFormatWriter: Finished processing stats for write job 073a4910-a64e-459f-bc74-f8110713d144.
[2022-08-04 13:06:38,517] {spark_submit_hook.py:479} INFO - 22/08/04 13:06:38 INFO SparkContext: Invoking stop() from shutdown hook
[2022-08-04 13:06:38,530] {spark_submit_hook.py:479} INFO - 22/08/04 13:06:38 INFO SparkUI: Stopped Spark web UI at http://192.168.1.12:4041
[2022-08-04 13:06:38,548] {spark_submit_hook.py:479} INFO - 22/08/04 13:06:38 INFO MapOutputTrackerMasterEndpoint: MapOutputTrackerMasterEndpoint stopped!
[2022-08-04 13:06:38,558] {spark_submit_hook.py:479} INFO - 22/08/04 13:06:38 INFO MemoryStore: MemoryStore cleared
[2022-08-04 13:06:38,559] {spark_submit_hook.py:479} INFO - 22/08/04 13:06:38 INFO BlockManager: BlockManager stopped
[2022-08-04 13:06:38,563] {spark_submit_hook.py:479} INFO - 22/08/04 13:06:38 INFO BlockManagerMaster: BlockManagerMaster stopped
[2022-08-04 13:06:38,566] {spark_submit_hook.py:479} INFO - 22/08/04 13:06:38 INFO OutputCommitCoordinator$OutputCommitCoordinatorEndpoint: OutputCommitCoordinator stopped!
[2022-08-04 13:06:38,570] {spark_submit_hook.py:479} INFO - 22/08/04 13:06:38 INFO SparkContext: Successfully stopped SparkContext
[2022-08-04 13:06:38,571] {spark_submit_hook.py:479} INFO - 22/08/04 13:06:38 INFO ShutdownHookManager: Shutdown hook called
[2022-08-04 13:06:38,571] {spark_submit_hook.py:479} INFO - 22/08/04 13:06:38 INFO ShutdownHookManager: Deleting directory /tmp/spark-9fb7db3d-9688-4ed6-a360-79109d802d4a/pyspark-fb2d5a2d-e234-4da8-b0e3-aae8f231e898
[2022-08-04 13:06:38,574] {spark_submit_hook.py:479} INFO - 22/08/04 13:06:38 INFO ShutdownHookManager: Deleting directory /tmp/spark-9fb7db3d-9688-4ed6-a360-79109d802d4a
[2022-08-04 13:06:38,576] {spark_submit_hook.py:479} INFO - 22/08/04 13:06:38 INFO ShutdownHookManager: Deleting directory /tmp/spark-c75973ef-3726-4666-b628-1e302a360b48
[2022-08-04 13:06:38,629] {taskinstance.py:1057} INFO - Marking task as SUCCESS.dag_id=twitter_dag, task_id=transform_twitter_flamengomalvadao, execution_date=20220803T090000, start_date=20220804T160624, end_date=20220804T160638
[2022-08-04 13:06:38,906] {local_task_job.py:102} INFO - Task exited with return code 0
