[2022-08-04 16:41:52,488] {taskinstance.py:670} INFO - Dependencies all met for <TaskInstance: twitter_dag.transform_twitter_flamengomalvadao 2022-08-03T09:00:00+00:00 [queued]>
[2022-08-04 16:41:52,500] {taskinstance.py:670} INFO - Dependencies all met for <TaskInstance: twitter_dag.transform_twitter_flamengomalvadao 2022-08-03T09:00:00+00:00 [queued]>
[2022-08-04 16:41:52,500] {taskinstance.py:880} INFO - 
--------------------------------------------------------------------------------
[2022-08-04 16:41:52,500] {taskinstance.py:881} INFO - Starting attempt 6 of 6
[2022-08-04 16:41:52,500] {taskinstance.py:882} INFO - 
--------------------------------------------------------------------------------
[2022-08-04 16:41:52,764] {taskinstance.py:901} INFO - Executing <Task(SparkSubmitOperator): transform_twitter_flamengomalvadao> on 2022-08-03T09:00:00+00:00
[2022-08-04 16:41:52,770] {standard_task_runner.py:54} INFO - Started process 148750 to run task
[2022-08-04 16:41:52,832] {standard_task_runner.py:77} INFO - Running: ['airflow', 'run', 'twitter_dag', 'transform_twitter_flamengomalvadao', '2022-08-03T09:00:00+00:00', '--job_id', '82', '--pool', 'default_pool', '--raw', '-sd', 'DAGS_FOLDER/twitter_dag.py', '--cfg_path', '/tmp/tmp1ajbgwtt']
[2022-08-04 16:41:52,832] {standard_task_runner.py:78} INFO - Job 82: Subtask transform_twitter_flamengomalvadao
[2022-08-04 16:41:53,108] {logging_mixin.py:112} INFO - Running <TaskInstance: twitter_dag.transform_twitter_flamengomalvadao 2022-08-03T09:00:00+00:00 [running]> on host ama
[2022-08-04 16:41:53,150] {base_hook.py:89} INFO - Using connection to: id: spark_default. Host: local, Port: None, Schema: None, Login: None, Password: None, extra: XXXXXXXX
[2022-08-04 16:41:53,154] {spark_submit_hook.py:325} INFO - Spark-Submit cmd: /home/amadeus/Downloads/spark-3.3.0-bin-hadoop2/bin/spark-submit --master local --name twitter_transformation /home/amadeus/ama/airflow-pipeline-alura/datapipeline/spark/transfortmation.py --src /home/amadeus/ama/airflow-pipeline-alura/datapipeline/datalake/bronze/twitter_flamengomalvadao/extract_date=2022-08-03 --dest /home/amadeus/ama/airflow-pipeline-alura/datapipeline/datalake/silver/twitter_flamengomalvadao/ --process-date 2022-08-03
[2022-08-04 16:41:55,166] {spark_submit_hook.py:479} INFO - 22/08/04 16:41:55 WARN Utils: Your hostname, ama resolves to a loopback address: 127.0.1.1; using 192.168.1.12 instead (on interface wlo1)
[2022-08-04 16:41:55,168] {spark_submit_hook.py:479} INFO - 22/08/04 16:41:55 WARN Utils: Set SPARK_LOCAL_IP if you need to bind to another address
[2022-08-04 16:41:55,997] {spark_submit_hook.py:479} INFO - 22/08/04 16:41:55 INFO SparkContext: Running Spark version 3.3.0
[2022-08-04 16:41:56,081] {spark_submit_hook.py:479} INFO - 22/08/04 16:41:56 WARN NativeCodeLoader: Unable to load native-hadoop library for your platform... using builtin-java classes where applicable
[2022-08-04 16:41:56,152] {spark_submit_hook.py:479} INFO - 22/08/04 16:41:56 INFO ResourceUtils: ==============================================================
[2022-08-04 16:41:56,153] {spark_submit_hook.py:479} INFO - 22/08/04 16:41:56 INFO ResourceUtils: No custom resources configured for spark.driver.
[2022-08-04 16:41:56,153] {spark_submit_hook.py:479} INFO - 22/08/04 16:41:56 INFO ResourceUtils: ==============================================================
[2022-08-04 16:41:56,153] {spark_submit_hook.py:479} INFO - 22/08/04 16:41:56 INFO SparkContext: Submitted application: twitter_transformation
[2022-08-04 16:41:56,170] {spark_submit_hook.py:479} INFO - 22/08/04 16:41:56 INFO ResourceProfile: Default ResourceProfile created, executor resources: Map(cores -> name: cores, amount: 1, script: , vendor: , memory -> name: memory, amount: 1024, script: , vendor: , offHeap -> name: offHeap, amount: 0, script: , vendor: ), task resources: Map(cpus -> name: cpus, amount: 1.0)
[2022-08-04 16:41:56,181] {spark_submit_hook.py:479} INFO - 22/08/04 16:41:56 INFO ResourceProfile: Limiting resource is cpu
[2022-08-04 16:41:56,181] {spark_submit_hook.py:479} INFO - 22/08/04 16:41:56 INFO ResourceProfileManager: Added ResourceProfile id: 0
[2022-08-04 16:41:56,262] {spark_submit_hook.py:479} INFO - 22/08/04 16:41:56 INFO SecurityManager: Changing view acls to: amadeus
[2022-08-04 16:41:56,262] {spark_submit_hook.py:479} INFO - 22/08/04 16:41:56 INFO SecurityManager: Changing modify acls to: amadeus
[2022-08-04 16:41:56,262] {spark_submit_hook.py:479} INFO - 22/08/04 16:41:56 INFO SecurityManager: Changing view acls groups to:
[2022-08-04 16:41:56,263] {spark_submit_hook.py:479} INFO - 22/08/04 16:41:56 INFO SecurityManager: Changing modify acls groups to:
[2022-08-04 16:41:56,263] {spark_submit_hook.py:479} INFO - 22/08/04 16:41:56 INFO SecurityManager: SecurityManager: authentication disabled; ui acls disabled; users  with view permissions: Set(amadeus); groups with view permissions: Set(); users  with modify permissions: Set(amadeus); groups with modify permissions: Set()
[2022-08-04 16:41:56,484] {spark_submit_hook.py:479} INFO - 22/08/04 16:41:56 INFO Utils: Successfully started service 'sparkDriver' on port 33911.
[2022-08-04 16:41:56,504] {spark_submit_hook.py:479} INFO - 22/08/04 16:41:56 INFO SparkEnv: Registering MapOutputTracker
[2022-08-04 16:41:56,532] {spark_submit_hook.py:479} INFO - 22/08/04 16:41:56 INFO SparkEnv: Registering BlockManagerMaster
[2022-08-04 16:41:56,546] {spark_submit_hook.py:479} INFO - 22/08/04 16:41:56 INFO BlockManagerMasterEndpoint: Using org.apache.spark.storage.DefaultTopologyMapper for getting topology information
[2022-08-04 16:41:56,547] {spark_submit_hook.py:479} INFO - 22/08/04 16:41:56 INFO BlockManagerMasterEndpoint: BlockManagerMasterEndpoint up
[2022-08-04 16:41:56,550] {spark_submit_hook.py:479} INFO - 22/08/04 16:41:56 INFO SparkEnv: Registering BlockManagerMasterHeartbeat
[2022-08-04 16:41:56,568] {spark_submit_hook.py:479} INFO - 22/08/04 16:41:56 INFO DiskBlockManager: Created local directory at /tmp/blockmgr-6e003bce-3133-4806-a446-8eb916b04e24
[2022-08-04 16:41:56,582] {spark_submit_hook.py:479} INFO - 22/08/04 16:41:56 INFO MemoryStore: MemoryStore started with capacity 434.4 MiB
[2022-08-04 16:41:56,596] {spark_submit_hook.py:479} INFO - 22/08/04 16:41:56 INFO SparkEnv: Registering OutputCommitCoordinator
[2022-08-04 16:41:56,770] {spark_submit_hook.py:479} INFO - 22/08/04 16:41:56 WARN Utils: Service 'SparkUI' could not bind on port 4040. Attempting port 4041.
[2022-08-04 16:41:56,777] {spark_submit_hook.py:479} INFO - 22/08/04 16:41:56 INFO Utils: Successfully started service 'SparkUI' on port 4041.
[2022-08-04 16:41:56,869] {spark_submit_hook.py:479} INFO - 22/08/04 16:41:56 INFO Executor: Starting executor ID driver on host 192.168.1.12
[2022-08-04 16:41:56,875] {spark_submit_hook.py:479} INFO - 22/08/04 16:41:56 INFO Executor: Starting executor with user classpath (userClassPathFirst = false): ''
[2022-08-04 16:41:56,890] {spark_submit_hook.py:479} INFO - 22/08/04 16:41:56 INFO Utils: Successfully started service 'org.apache.spark.network.netty.NettyBlockTransferService' on port 41881.
[2022-08-04 16:41:56,890] {spark_submit_hook.py:479} INFO - 22/08/04 16:41:56 INFO NettyBlockTransferService: Server created on 192.168.1.12:41881
[2022-08-04 16:41:56,892] {spark_submit_hook.py:479} INFO - 22/08/04 16:41:56 INFO BlockManager: Using org.apache.spark.storage.RandomBlockReplicationPolicy for block replication policy
[2022-08-04 16:41:56,897] {spark_submit_hook.py:479} INFO - 22/08/04 16:41:56 INFO BlockManagerMaster: Registering BlockManager BlockManagerId(driver, 192.168.1.12, 41881, None)
[2022-08-04 16:41:56,900] {spark_submit_hook.py:479} INFO - 22/08/04 16:41:56 INFO BlockManagerMasterEndpoint: Registering block manager 192.168.1.12:41881 with 434.4 MiB RAM, BlockManagerId(driver, 192.168.1.12, 41881, None)
[2022-08-04 16:41:56,902] {spark_submit_hook.py:479} INFO - 22/08/04 16:41:56 INFO BlockManagerMaster: Registered BlockManager BlockManagerId(driver, 192.168.1.12, 41881, None)
[2022-08-04 16:41:56,903] {spark_submit_hook.py:479} INFO - 22/08/04 16:41:56 INFO BlockManager: Initialized BlockManager: BlockManagerId(driver, 192.168.1.12, 41881, None)
[2022-08-04 16:41:57,339] {spark_submit_hook.py:479} INFO - 22/08/04 16:41:57 INFO SharedState: Setting hive.metastore.warehouse.dir ('null') to the value of spark.sql.warehouse.dir.
[2022-08-04 16:41:57,343] {spark_submit_hook.py:479} INFO - 22/08/04 16:41:57 INFO SharedState: Warehouse path is 'file:/home/amadeus/ama/airflow-pipeline-alura/datapipeline/spark-warehouse'.
[2022-08-04 16:41:57,993] {spark_submit_hook.py:479} INFO - 22/08/04 16:41:57 INFO InMemoryFileIndex: It took 31 ms to list leaf files for 1 paths.
[2022-08-04 16:41:58,041] {spark_submit_hook.py:479} INFO - 22/08/04 16:41:58 INFO InMemoryFileIndex: It took 1 ms to list leaf files for 1 paths.
[2022-08-04 16:41:59,524] {spark_submit_hook.py:479} INFO - 22/08/04 16:41:59 INFO FileSourceStrategy: Pushed Filters:
[2022-08-04 16:41:59,525] {spark_submit_hook.py:479} INFO - 22/08/04 16:41:59 INFO FileSourceStrategy: Post-Scan Filters:
[2022-08-04 16:41:59,528] {spark_submit_hook.py:479} INFO - 22/08/04 16:41:59 INFO FileSourceStrategy: Output Data Schema: struct<value: string>
[2022-08-04 16:41:59,780] {spark_submit_hook.py:479} INFO - 22/08/04 16:41:59 INFO MemoryStore: Block broadcast_0 stored as values in memory (estimated size 173.7 KiB, free 434.2 MiB)
[2022-08-04 16:41:59,826] {spark_submit_hook.py:479} INFO - 22/08/04 16:41:59 INFO MemoryStore: Block broadcast_0_piece0 stored as bytes in memory (estimated size 24.7 KiB, free 434.2 MiB)
[2022-08-04 16:41:59,829] {spark_submit_hook.py:479} INFO - 22/08/04 16:41:59 INFO BlockManagerInfo: Added broadcast_0_piece0 in memory on 192.168.1.12:41881 (size: 24.7 KiB, free: 434.4 MiB)
[2022-08-04 16:41:59,834] {spark_submit_hook.py:479} INFO - 22/08/04 16:41:59 INFO SparkContext: Created broadcast 0 from json at NativeMethodAccessorImpl.java:0
[2022-08-04 16:41:59,843] {spark_submit_hook.py:479} INFO - 22/08/04 16:41:59 INFO FileSourceScanExec: Planning scan with bin packing, max size: 4243209 bytes, open cost is considered as scanning 4194304 bytes.
[2022-08-04 16:42:00,090] {spark_submit_hook.py:479} INFO - 22/08/04 16:42:00 INFO SparkContext: Starting job: json at NativeMethodAccessorImpl.java:0
[2022-08-04 16:42:00,119] {spark_submit_hook.py:479} INFO - 22/08/04 16:42:00 INFO DAGScheduler: Got job 0 (json at NativeMethodAccessorImpl.java:0) with 1 output partitions
[2022-08-04 16:42:00,120] {spark_submit_hook.py:479} INFO - 22/08/04 16:42:00 INFO DAGScheduler: Final stage: ResultStage 0 (json at NativeMethodAccessorImpl.java:0)
[2022-08-04 16:42:00,120] {spark_submit_hook.py:479} INFO - 22/08/04 16:42:00 INFO DAGScheduler: Parents of final stage: List()
[2022-08-04 16:42:00,122] {spark_submit_hook.py:479} INFO - 22/08/04 16:42:00 INFO DAGScheduler: Missing parents: List()
[2022-08-04 16:42:00,127] {spark_submit_hook.py:479} INFO - 22/08/04 16:42:00 INFO DAGScheduler: Submitting ResultStage 0 (MapPartitionsRDD[3] at json at NativeMethodAccessorImpl.java:0), which has no missing parents
[2022-08-04 16:42:00,258] {spark_submit_hook.py:479} INFO - 22/08/04 16:42:00 INFO MemoryStore: Block broadcast_1 stored as values in memory (estimated size 14.5 KiB, free 434.2 MiB)
[2022-08-04 16:42:00,260] {spark_submit_hook.py:479} INFO - 22/08/04 16:42:00 INFO MemoryStore: Block broadcast_1_piece0 stored as bytes in memory (estimated size 7.0 KiB, free 434.2 MiB)
[2022-08-04 16:42:00,261] {spark_submit_hook.py:479} INFO - 22/08/04 16:42:00 INFO BlockManagerInfo: Added broadcast_1_piece0 in memory on 192.168.1.12:41881 (size: 7.0 KiB, free: 434.4 MiB)
[2022-08-04 16:42:00,262] {spark_submit_hook.py:479} INFO - 22/08/04 16:42:00 INFO SparkContext: Created broadcast 1 from broadcast at DAGScheduler.scala:1513
[2022-08-04 16:42:00,277] {spark_submit_hook.py:479} INFO - 22/08/04 16:42:00 INFO DAGScheduler: Submitting 1 missing tasks from ResultStage 0 (MapPartitionsRDD[3] at json at NativeMethodAccessorImpl.java:0) (first 15 tasks are for partitions Vector(0))
[2022-08-04 16:42:00,279] {spark_submit_hook.py:479} INFO - 22/08/04 16:42:00 INFO TaskSchedulerImpl: Adding task set 0.0 with 1 tasks resource profile 0
[2022-08-04 16:42:00,339] {spark_submit_hook.py:479} INFO - 22/08/04 16:42:00 INFO TaskSetManager: Starting task 0.0 in stage 0.0 (TID 0) (192.168.1.12, executor driver, partition 0, PROCESS_LOCAL, 5027 bytes) taskResourceAssignments Map()
[2022-08-04 16:42:00,357] {spark_submit_hook.py:479} INFO - 22/08/04 16:42:00 INFO Executor: Running task 0.0 in stage 0.0 (TID 0)
[2022-08-04 16:42:00,489] {spark_submit_hook.py:479} INFO - 22/08/04 16:42:00 INFO FileScanRDD: Reading File path: file:///home/amadeus/ama/airflow-pipeline-alura/datapipeline/datalake/bronze/twitter_flamengomalvadao/extract_date=2022-08-03/FlamengoMalvadao_20220803.json, range: 0-48905, partition values: [empty row]
[2022-08-04 16:42:00,632] {spark_submit_hook.py:479} INFO - 22/08/04 16:42:00 INFO CodeGenerator: Code generated in 116.062889 ms
[2022-08-04 16:42:00,676] {spark_submit_hook.py:479} INFO - 22/08/04 16:42:00 INFO Executor: Finished task 0.0 in stage 0.0 (TID 0). 2823 bytes result sent to driver
[2022-08-04 16:42:00,683] {spark_submit_hook.py:479} INFO - 22/08/04 16:42:00 INFO TaskSetManager: Finished task 0.0 in stage 0.0 (TID 0) in 356 ms on 192.168.1.12 (executor driver) (1/1)
[2022-08-04 16:42:00,684] {spark_submit_hook.py:479} INFO - 22/08/04 16:42:00 INFO TaskSchedulerImpl: Removed TaskSet 0.0, whose tasks have all completed, from pool
[2022-08-04 16:42:00,689] {spark_submit_hook.py:479} INFO - 22/08/04 16:42:00 INFO DAGScheduler: ResultStage 0 (json at NativeMethodAccessorImpl.java:0) finished in 0,539 s
[2022-08-04 16:42:00,691] {spark_submit_hook.py:479} INFO - 22/08/04 16:42:00 INFO DAGScheduler: Job 0 is finished. Cancelling potential speculative or zombie tasks for this job
[2022-08-04 16:42:00,691] {spark_submit_hook.py:479} INFO - 22/08/04 16:42:00 INFO TaskSchedulerImpl: Killing all running tasks in stage 0: Stage finished
[2022-08-04 16:42:00,693] {spark_submit_hook.py:479} INFO - 22/08/04 16:42:00 INFO DAGScheduler: Job 0 finished: json at NativeMethodAccessorImpl.java:0, took 0,602441 s
[2022-08-04 16:42:01,013] {spark_submit_hook.py:479} INFO - 22/08/04 16:42:01 INFO FileSourceStrategy: Pushed Filters: IsNotNull(data)
[2022-08-04 16:42:01,014] {spark_submit_hook.py:479} INFO - 22/08/04 16:42:01 INFO FileSourceStrategy: Post-Scan Filters: (size(data#8, true) > 0),isnotnull(data#8)
[2022-08-04 16:42:01,015] {spark_submit_hook.py:479} INFO - 22/08/04 16:42:01 INFO FileSourceStrategy: Output Data Schema: struct<data: array<struct<author_id:string,conversation_id:string,created_at:string,id:string,in_reply_to_user_id:string,public_metrics:struct<like_count:bigint,quote_count:bigint,reply_count:bigint,retweet_count:bigint>,text:string>>>
[2022-08-04 16:42:01,028] {spark_submit_hook.py:479} INFO - 22/08/04 16:42:01 INFO BlockManagerInfo: Removed broadcast_1_piece0 on 192.168.1.12:41881 in memory (size: 7.0 KiB, free: 434.4 MiB)
[2022-08-04 16:42:01,031] {spark_submit_hook.py:479} INFO - 22/08/04 16:42:01 INFO BlockManagerInfo: Removed broadcast_0_piece0 on 192.168.1.12:41881 in memory (size: 24.7 KiB, free: 434.4 MiB)
[2022-08-04 16:42:01,074] {spark_submit_hook.py:479} INFO - 22/08/04 16:42:01 INFO FileOutputCommitter: File Output Committer Algorithm version is 1
[2022-08-04 16:42:01,074] {spark_submit_hook.py:479} INFO - 22/08/04 16:42:01 INFO SQLHadoopMapReduceCommitProtocol: Using output committer class org.apache.hadoop.mapreduce.lib.output.FileOutputCommitter
[2022-08-04 16:42:01,176] {spark_submit_hook.py:479} INFO - 22/08/04 16:42:01 INFO CodeGenerator: Code generated in 54.24393 ms
[2022-08-04 16:42:01,182] {spark_submit_hook.py:479} INFO - 22/08/04 16:42:01 INFO MemoryStore: Block broadcast_2 stored as values in memory (estimated size 173.5 KiB, free 434.2 MiB)
[2022-08-04 16:42:01,192] {spark_submit_hook.py:479} INFO - 22/08/04 16:42:01 INFO MemoryStore: Block broadcast_2_piece0 stored as bytes in memory (estimated size 24.6 KiB, free 434.2 MiB)
[2022-08-04 16:42:01,193] {spark_submit_hook.py:479} INFO - 22/08/04 16:42:01 INFO BlockManagerInfo: Added broadcast_2_piece0 in memory on 192.168.1.12:41881 (size: 24.6 KiB, free: 434.4 MiB)
[2022-08-04 16:42:01,194] {spark_submit_hook.py:479} INFO - 22/08/04 16:42:01 INFO SparkContext: Created broadcast 2 from json at NativeMethodAccessorImpl.java:0
[2022-08-04 16:42:01,197] {spark_submit_hook.py:479} INFO - 22/08/04 16:42:01 INFO FileSourceScanExec: Planning scan with bin packing, max size: 4243209 bytes, open cost is considered as scanning 4194304 bytes.
[2022-08-04 16:42:01,241] {spark_submit_hook.py:479} INFO - 22/08/04 16:42:01 INFO SparkContext: Starting job: json at NativeMethodAccessorImpl.java:0
[2022-08-04 16:42:01,243] {spark_submit_hook.py:479} INFO - 22/08/04 16:42:01 INFO DAGScheduler: Got job 1 (json at NativeMethodAccessorImpl.java:0) with 1 output partitions
[2022-08-04 16:42:01,243] {spark_submit_hook.py:479} INFO - 22/08/04 16:42:01 INFO DAGScheduler: Final stage: ResultStage 1 (json at NativeMethodAccessorImpl.java:0)
[2022-08-04 16:42:01,243] {spark_submit_hook.py:479} INFO - 22/08/04 16:42:01 INFO DAGScheduler: Parents of final stage: List()
[2022-08-04 16:42:01,243] {spark_submit_hook.py:479} INFO - 22/08/04 16:42:01 INFO DAGScheduler: Missing parents: List()
[2022-08-04 16:42:01,244] {spark_submit_hook.py:479} INFO - 22/08/04 16:42:01 INFO DAGScheduler: Submitting ResultStage 1 (CoalescedRDD[7] at json at NativeMethodAccessorImpl.java:0), which has no missing parents
[2022-08-04 16:42:01,267] {spark_submit_hook.py:479} INFO - 22/08/04 16:42:01 INFO MemoryStore: Block broadcast_3 stored as values in memory (estimated size 175.8 KiB, free 434.0 MiB)
[2022-08-04 16:42:01,270] {spark_submit_hook.py:479} INFO - 22/08/04 16:42:01 INFO MemoryStore: Block broadcast_3_piece0 stored as bytes in memory (estimated size 60.9 KiB, free 434.0 MiB)
[2022-08-04 16:42:01,271] {spark_submit_hook.py:479} INFO - 22/08/04 16:42:01 INFO BlockManagerInfo: Added broadcast_3_piece0 in memory on 192.168.1.12:41881 (size: 60.9 KiB, free: 434.3 MiB)
[2022-08-04 16:42:01,271] {spark_submit_hook.py:479} INFO - 22/08/04 16:42:01 INFO SparkContext: Created broadcast 3 from broadcast at DAGScheduler.scala:1513
[2022-08-04 16:42:01,272] {spark_submit_hook.py:479} INFO - 22/08/04 16:42:01 INFO DAGScheduler: Submitting 1 missing tasks from ResultStage 1 (CoalescedRDD[7] at json at NativeMethodAccessorImpl.java:0) (first 15 tasks are for partitions Vector(0))
[2022-08-04 16:42:01,272] {spark_submit_hook.py:479} INFO - 22/08/04 16:42:01 INFO TaskSchedulerImpl: Adding task set 1.0 with 1 tasks resource profile 0
[2022-08-04 16:42:01,275] {spark_submit_hook.py:479} INFO - 22/08/04 16:42:01 INFO TaskSetManager: Starting task 0.0 in stage 1.0 (TID 1) (192.168.1.12, executor driver, partition 0, PROCESS_LOCAL, 5256 bytes) taskResourceAssignments Map()
[2022-08-04 16:42:01,276] {spark_submit_hook.py:479} INFO - 22/08/04 16:42:01 INFO Executor: Running task 0.0 in stage 1.0 (TID 1)
[2022-08-04 16:42:01,310] {spark_submit_hook.py:479} INFO - 22/08/04 16:42:01 INFO FileOutputCommitter: File Output Committer Algorithm version is 1
[2022-08-04 16:42:01,311] {spark_submit_hook.py:479} INFO - 22/08/04 16:42:01 INFO SQLHadoopMapReduceCommitProtocol: Using output committer class org.apache.hadoop.mapreduce.lib.output.FileOutputCommitter
[2022-08-04 16:42:01,329] {spark_submit_hook.py:479} INFO - 22/08/04 16:42:01 INFO FileScanRDD: Reading File path: file:///home/amadeus/ama/airflow-pipeline-alura/datapipeline/datalake/bronze/twitter_flamengomalvadao/extract_date=2022-08-03/FlamengoMalvadao_20220803.json, range: 0-48905, partition values: [empty row]
[2022-08-04 16:42:01,344] {spark_submit_hook.py:479} INFO - 22/08/04 16:42:01 INFO CodeGenerator: Code generated in 12.785578 ms
[2022-08-04 16:42:01,359] {spark_submit_hook.py:479} INFO - 22/08/04 16:42:01 INFO CodeGenerator: Code generated in 3.759006 ms
[2022-08-04 16:42:01,394] {spark_submit_hook.py:479} INFO - 22/08/04 16:42:01 INFO FileOutputCommitter: Saved output of task 'attempt_202208041642018084306555891966064_0001_m_000000_1' to file:/home/amadeus/ama/airflow-pipeline-alura/datapipeline/datalake/silver/twitter_flamengomalvadao/tweet/process_date=2022-08-03/_temporary/0/task_202208041642018084306555891966064_0001_m_000000
[2022-08-04 16:42:01,394] {spark_submit_hook.py:479} INFO - 22/08/04 16:42:01 INFO SparkHadoopMapRedUtil: attempt_202208041642018084306555891966064_0001_m_000000_1: Committed. Elapsed time: 0 ms.
[2022-08-04 16:42:01,399] {spark_submit_hook.py:479} INFO - 22/08/04 16:42:01 INFO Executor: Finished task 0.0 in stage 1.0 (TID 1). 2678 bytes result sent to driver
[2022-08-04 16:42:01,400] {spark_submit_hook.py:479} INFO - 22/08/04 16:42:01 INFO TaskSetManager: Finished task 0.0 in stage 1.0 (TID 1) in 127 ms on 192.168.1.12 (executor driver) (1/1)
[2022-08-04 16:42:01,401] {spark_submit_hook.py:479} INFO - 22/08/04 16:42:01 INFO TaskSchedulerImpl: Removed TaskSet 1.0, whose tasks have all completed, from pool
[2022-08-04 16:42:01,401] {spark_submit_hook.py:479} INFO - 22/08/04 16:42:01 INFO DAGScheduler: ResultStage 1 (json at NativeMethodAccessorImpl.java:0) finished in 0,156 s
[2022-08-04 16:42:01,402] {spark_submit_hook.py:479} INFO - 22/08/04 16:42:01 INFO DAGScheduler: Job 1 is finished. Cancelling potential speculative or zombie tasks for this job
[2022-08-04 16:42:01,402] {spark_submit_hook.py:479} INFO - 22/08/04 16:42:01 INFO TaskSchedulerImpl: Killing all running tasks in stage 1: Stage finished
[2022-08-04 16:42:01,403] {spark_submit_hook.py:479} INFO - 22/08/04 16:42:01 INFO DAGScheduler: Job 1 finished: json at NativeMethodAccessorImpl.java:0, took 0,161433 s
[2022-08-04 16:42:01,404] {spark_submit_hook.py:479} INFO - 22/08/04 16:42:01 INFO FileFormatWriter: Start to commit write Job 027d488b-4b85-4d53-b9f9-4238bd0d4178.
[2022-08-04 16:42:01,411] {spark_submit_hook.py:479} INFO - 22/08/04 16:42:01 INFO FileFormatWriter: Write Job 027d488b-4b85-4d53-b9f9-4238bd0d4178 committed. Elapsed time: 6 ms.
[2022-08-04 16:42:01,413] {spark_submit_hook.py:479} INFO - 22/08/04 16:42:01 INFO FileFormatWriter: Finished processing stats for write job 027d488b-4b85-4d53-b9f9-4238bd0d4178.
[2022-08-04 16:42:01,435] {spark_submit_hook.py:479} INFO - 22/08/04 16:42:01 INFO FileSourceStrategy: Pushed Filters:
[2022-08-04 16:42:01,436] {spark_submit_hook.py:479} INFO - 22/08/04 16:42:01 INFO FileSourceStrategy: Post-Scan Filters:
[2022-08-04 16:42:01,436] {spark_submit_hook.py:479} INFO - 22/08/04 16:42:01 INFO FileSourceStrategy: Output Data Schema: struct<includes: struct<users: array<struct<created_at:string,id:string,name:string,username:string>>>>
[2022-08-04 16:42:01,443] {spark_submit_hook.py:479} INFO - 22/08/04 16:42:01 INFO FileOutputCommitter: File Output Committer Algorithm version is 1
[2022-08-04 16:42:01,443] {spark_submit_hook.py:479} INFO - 22/08/04 16:42:01 INFO SQLHadoopMapReduceCommitProtocol: Using output committer class org.apache.hadoop.mapreduce.lib.output.FileOutputCommitter
[2022-08-04 16:42:01,459] {spark_submit_hook.py:479} INFO - 22/08/04 16:42:01 INFO CodeGenerator: Code generated in 9.148305 ms
[2022-08-04 16:42:01,463] {spark_submit_hook.py:479} INFO - 22/08/04 16:42:01 INFO MemoryStore: Block broadcast_4 stored as values in memory (estimated size 173.5 KiB, free 433.8 MiB)
[2022-08-04 16:42:01,471] {spark_submit_hook.py:479} INFO - 22/08/04 16:42:01 INFO MemoryStore: Block broadcast_4_piece0 stored as bytes in memory (estimated size 24.6 KiB, free 433.8 MiB)
[2022-08-04 16:42:01,471] {spark_submit_hook.py:479} INFO - 22/08/04 16:42:01 INFO BlockManagerInfo: Added broadcast_4_piece0 in memory on 192.168.1.12:41881 (size: 24.6 KiB, free: 434.3 MiB)
[2022-08-04 16:42:01,472] {spark_submit_hook.py:479} INFO - 22/08/04 16:42:01 INFO SparkContext: Created broadcast 4 from json at NativeMethodAccessorImpl.java:0
[2022-08-04 16:42:01,473] {spark_submit_hook.py:479} INFO - 22/08/04 16:42:01 INFO FileSourceScanExec: Planning scan with bin packing, max size: 4243209 bytes, open cost is considered as scanning 4194304 bytes.
[2022-08-04 16:42:01,489] {spark_submit_hook.py:479} INFO - 22/08/04 16:42:01 INFO SparkContext: Starting job: json at NativeMethodAccessorImpl.java:0
[2022-08-04 16:42:01,490] {spark_submit_hook.py:479} INFO - 22/08/04 16:42:01 INFO DAGScheduler: Got job 2 (json at NativeMethodAccessorImpl.java:0) with 1 output partitions
[2022-08-04 16:42:01,490] {spark_submit_hook.py:479} INFO - 22/08/04 16:42:01 INFO DAGScheduler: Final stage: ResultStage 2 (json at NativeMethodAccessorImpl.java:0)
[2022-08-04 16:42:01,490] {spark_submit_hook.py:479} INFO - 22/08/04 16:42:01 INFO DAGScheduler: Parents of final stage: List()
[2022-08-04 16:42:01,490] {spark_submit_hook.py:479} INFO - 22/08/04 16:42:01 INFO DAGScheduler: Missing parents: List()
[2022-08-04 16:42:01,491] {spark_submit_hook.py:479} INFO - 22/08/04 16:42:01 INFO DAGScheduler: Submitting ResultStage 2 (CoalescedRDD[11] at json at NativeMethodAccessorImpl.java:0), which has no missing parents
[2022-08-04 16:42:01,503] {spark_submit_hook.py:479} INFO - 22/08/04 16:42:01 INFO MemoryStore: Block broadcast_5 stored as values in memory (estimated size 161.1 KiB, free 433.6 MiB)
[2022-08-04 16:42:01,505] {spark_submit_hook.py:479} INFO - 22/08/04 16:42:01 INFO MemoryStore: Block broadcast_5_piece0 stored as bytes in memory (estimated size 57.8 KiB, free 433.6 MiB)
[2022-08-04 16:42:01,506] {spark_submit_hook.py:479} INFO - 22/08/04 16:42:01 INFO BlockManagerInfo: Added broadcast_5_piece0 in memory on 192.168.1.12:41881 (size: 57.8 KiB, free: 434.2 MiB)
[2022-08-04 16:42:01,506] {spark_submit_hook.py:479} INFO - 22/08/04 16:42:01 INFO SparkContext: Created broadcast 5 from broadcast at DAGScheduler.scala:1513
[2022-08-04 16:42:01,507] {spark_submit_hook.py:479} INFO - 22/08/04 16:42:01 INFO DAGScheduler: Submitting 1 missing tasks from ResultStage 2 (CoalescedRDD[11] at json at NativeMethodAccessorImpl.java:0) (first 15 tasks are for partitions Vector(0))
[2022-08-04 16:42:01,507] {spark_submit_hook.py:479} INFO - 22/08/04 16:42:01 INFO TaskSchedulerImpl: Adding task set 2.0 with 1 tasks resource profile 0
[2022-08-04 16:42:01,508] {spark_submit_hook.py:479} INFO - 22/08/04 16:42:01 INFO TaskSetManager: Starting task 0.0 in stage 2.0 (TID 2) (192.168.1.12, executor driver, partition 0, PROCESS_LOCAL, 5256 bytes) taskResourceAssignments Map()
[2022-08-04 16:42:01,509] {spark_submit_hook.py:479} INFO - 22/08/04 16:42:01 INFO Executor: Running task 0.0 in stage 2.0 (TID 2)
[2022-08-04 16:42:01,520] {spark_submit_hook.py:479} INFO - 22/08/04 16:42:01 INFO FileOutputCommitter: File Output Committer Algorithm version is 1
[2022-08-04 16:42:01,520] {spark_submit_hook.py:479} INFO - 22/08/04 16:42:01 INFO SQLHadoopMapReduceCommitProtocol: Using output committer class org.apache.hadoop.mapreduce.lib.output.FileOutputCommitter
[2022-08-04 16:42:01,525] {spark_submit_hook.py:479} INFO - 22/08/04 16:42:01 INFO FileScanRDD: Reading File path: file:///home/amadeus/ama/airflow-pipeline-alura/datapipeline/datalake/bronze/twitter_flamengomalvadao/extract_date=2022-08-03/FlamengoMalvadao_20220803.json, range: 0-48905, partition values: [empty row]
[2022-08-04 16:42:01,537] {spark_submit_hook.py:479} INFO - 22/08/04 16:42:01 INFO CodeGenerator: Code generated in 9.364717 ms
[2022-08-04 16:42:01,547] {spark_submit_hook.py:479} INFO - 22/08/04 16:42:01 INFO FileOutputCommitter: Saved output of task 'attempt_202208041642017787883733105599597_0002_m_000000_2' to file:/home/amadeus/ama/airflow-pipeline-alura/datapipeline/datalake/silver/twitter_flamengomalvadao/user/process_date=2022-08-03/_temporary/0/task_202208041642017787883733105599597_0002_m_000000
[2022-08-04 16:42:01,547] {spark_submit_hook.py:479} INFO - 22/08/04 16:42:01 INFO SparkHadoopMapRedUtil: attempt_202208041642017787883733105599597_0002_m_000000_2: Committed. Elapsed time: 0 ms.
[2022-08-04 16:42:01,548] {spark_submit_hook.py:479} INFO - 22/08/04 16:42:01 INFO Executor: Finished task 0.0 in stage 2.0 (TID 2). 2579 bytes result sent to driver
[2022-08-04 16:42:01,549] {spark_submit_hook.py:479} INFO - 22/08/04 16:42:01 INFO TaskSetManager: Finished task 0.0 in stage 2.0 (TID 2) in 41 ms on 192.168.1.12 (executor driver) (1/1)
[2022-08-04 16:42:01,549] {spark_submit_hook.py:479} INFO - 22/08/04 16:42:01 INFO TaskSchedulerImpl: Removed TaskSet 2.0, whose tasks have all completed, from pool
[2022-08-04 16:42:01,550] {spark_submit_hook.py:479} INFO - 22/08/04 16:42:01 INFO DAGScheduler: ResultStage 2 (json at NativeMethodAccessorImpl.java:0) finished in 0,059 s
[2022-08-04 16:42:01,550] {spark_submit_hook.py:479} INFO - 22/08/04 16:42:01 INFO DAGScheduler: Job 2 is finished. Cancelling potential speculative or zombie tasks for this job
[2022-08-04 16:42:01,550] {spark_submit_hook.py:479} INFO - 22/08/04 16:42:01 INFO TaskSchedulerImpl: Killing all running tasks in stage 2: Stage finished
[2022-08-04 16:42:01,551] {spark_submit_hook.py:479} INFO - 22/08/04 16:42:01 INFO DAGScheduler: Job 2 finished: json at NativeMethodAccessorImpl.java:0, took 0,061509 s
[2022-08-04 16:42:01,551] {spark_submit_hook.py:479} INFO - 22/08/04 16:42:01 INFO FileFormatWriter: Start to commit write Job 9ff3b8ef-05fd-420d-be67-66f89f9d1c17.
[2022-08-04 16:42:01,557] {spark_submit_hook.py:479} INFO - 22/08/04 16:42:01 INFO FileFormatWriter: Write Job 9ff3b8ef-05fd-420d-be67-66f89f9d1c17 committed. Elapsed time: 5 ms.
[2022-08-04 16:42:01,557] {spark_submit_hook.py:479} INFO - 22/08/04 16:42:01 INFO FileFormatWriter: Finished processing stats for write job 9ff3b8ef-05fd-420d-be67-66f89f9d1c17.
[2022-08-04 16:42:01,584] {spark_submit_hook.py:479} INFO - 22/08/04 16:42:01 INFO SparkContext: Invoking stop() from shutdown hook
[2022-08-04 16:42:01,593] {spark_submit_hook.py:479} INFO - 22/08/04 16:42:01 INFO SparkUI: Stopped Spark web UI at http://192.168.1.12:4041
[2022-08-04 16:42:01,612] {spark_submit_hook.py:479} INFO - 22/08/04 16:42:01 INFO MapOutputTrackerMasterEndpoint: MapOutputTrackerMasterEndpoint stopped!
[2022-08-04 16:42:01,619] {spark_submit_hook.py:479} INFO - 22/08/04 16:42:01 INFO MemoryStore: MemoryStore cleared
[2022-08-04 16:42:01,620] {spark_submit_hook.py:479} INFO - 22/08/04 16:42:01 INFO BlockManager: BlockManager stopped
[2022-08-04 16:42:01,623] {spark_submit_hook.py:479} INFO - 22/08/04 16:42:01 INFO BlockManagerMaster: BlockManagerMaster stopped
[2022-08-04 16:42:01,625] {spark_submit_hook.py:479} INFO - 22/08/04 16:42:01 INFO OutputCommitCoordinator$OutputCommitCoordinatorEndpoint: OutputCommitCoordinator stopped!
[2022-08-04 16:42:01,628] {spark_submit_hook.py:479} INFO - 22/08/04 16:42:01 INFO SparkContext: Successfully stopped SparkContext
[2022-08-04 16:42:01,628] {spark_submit_hook.py:479} INFO - 22/08/04 16:42:01 INFO ShutdownHookManager: Shutdown hook called
[2022-08-04 16:42:01,629] {spark_submit_hook.py:479} INFO - 22/08/04 16:42:01 INFO ShutdownHookManager: Deleting directory /tmp/spark-3e40b891-859c-4e3b-9b43-4802535db97f
[2022-08-04 16:42:01,630] {spark_submit_hook.py:479} INFO - 22/08/04 16:42:01 INFO ShutdownHookManager: Deleting directory /tmp/spark-e3d49dd4-681f-44db-a831-963099c0c609/pyspark-f638c766-9782-444a-b8b2-a3219bd9bd2d
[2022-08-04 16:42:01,631] {spark_submit_hook.py:479} INFO - 22/08/04 16:42:01 INFO ShutdownHookManager: Deleting directory /tmp/spark-e3d49dd4-681f-44db-a831-963099c0c609
[2022-08-04 16:42:01,666] {taskinstance.py:1057} INFO - Marking task as SUCCESS.dag_id=twitter_dag, task_id=transform_twitter_flamengomalvadao, execution_date=20220803T090000, start_date=20220804T194152, end_date=20220804T194201
[2022-08-04 16:42:02,281] {local_task_job.py:102} INFO - Task exited with return code 0
