[2022-08-04 17:09:58,290] {taskinstance.py:670} INFO - Dependencies all met for <TaskInstance: twitter_dag.transform_twitter_flamengomalvadao 2022-08-03T09:00:00+00:00 [queued]>
[2022-08-04 17:09:58,308] {taskinstance.py:670} INFO - Dependencies all met for <TaskInstance: twitter_dag.transform_twitter_flamengomalvadao 2022-08-03T09:00:00+00:00 [queued]>
[2022-08-04 17:09:58,309] {taskinstance.py:880} INFO - 
--------------------------------------------------------------------------------
[2022-08-04 17:09:58,309] {taskinstance.py:881} INFO - Starting attempt 7 of 7
[2022-08-04 17:09:58,309] {taskinstance.py:882} INFO - 
--------------------------------------------------------------------------------
[2022-08-04 17:09:58,527] {taskinstance.py:901} INFO - Executing <Task(SparkSubmitOperator): transform_twitter_flamengomalvadao> on 2022-08-03T09:00:00+00:00
[2022-08-04 17:09:58,534] {standard_task_runner.py:54} INFO - Started process 153320 to run task
[2022-08-04 17:09:58,592] {standard_task_runner.py:77} INFO - Running: ['airflow', 'run', 'twitter_dag', 'transform_twitter_flamengomalvadao', '2022-08-03T09:00:00+00:00', '--job_id', '84', '--pool', 'default_pool', '--raw', '-sd', 'DAGS_FOLDER/twitter_dag.py', '--cfg_path', '/tmp/tmpa8dx9j9n']
[2022-08-04 17:09:58,592] {standard_task_runner.py:78} INFO - Job 84: Subtask transform_twitter_flamengomalvadao
[2022-08-04 17:09:58,828] {logging_mixin.py:112} INFO - Running <TaskInstance: twitter_dag.transform_twitter_flamengomalvadao 2022-08-03T09:00:00+00:00 [running]> on host ama
[2022-08-04 17:09:58,872] {base_hook.py:89} INFO - Using connection to: id: spark_default. Host: local, Port: None, Schema: None, Login: None, Password: None, extra: XXXXXXXX
[2022-08-04 17:09:58,874] {spark_submit_hook.py:325} INFO - Spark-Submit cmd: /home/amadeus/Downloads/spark-3.3.0-bin-hadoop2/bin/spark-submit --master local --name twitter_transformation /home/amadeus/ama/airflow-pipeline-alura/datapipeline/spark/transfortmation.py --src /home/amadeus/ama/airflow-pipeline-alura/datapipeline/datalake/bronze/twitter_flamengomalvadao/extract_date=2022-08-03 --dest /home/amadeus/ama/airflow-pipeline-alura/datapipeline/datalake/silver/twitter_flamengomalvadao/ --process-date 2022-08-03
[2022-08-04 17:10:00,211] {spark_submit_hook.py:479} INFO - 22/08/04 17:10:00 WARN Utils: Your hostname, ama resolves to a loopback address: 127.0.1.1; using 192.168.1.12 instead (on interface wlo1)
[2022-08-04 17:10:00,213] {spark_submit_hook.py:479} INFO - 22/08/04 17:10:00 WARN Utils: Set SPARK_LOCAL_IP if you need to bind to another address
[2022-08-04 17:10:01,386] {spark_submit_hook.py:479} INFO - 22/08/04 17:10:01 INFO SparkContext: Running Spark version 3.3.0
[2022-08-04 17:10:01,502] {spark_submit_hook.py:479} INFO - 22/08/04 17:10:01 WARN NativeCodeLoader: Unable to load native-hadoop library for your platform... using builtin-java classes where applicable
[2022-08-04 17:10:01,589] {spark_submit_hook.py:479} INFO - 22/08/04 17:10:01 INFO ResourceUtils: ==============================================================
[2022-08-04 17:10:01,590] {spark_submit_hook.py:479} INFO - 22/08/04 17:10:01 INFO ResourceUtils: No custom resources configured for spark.driver.
[2022-08-04 17:10:01,590] {spark_submit_hook.py:479} INFO - 22/08/04 17:10:01 INFO ResourceUtils: ==============================================================
[2022-08-04 17:10:01,590] {spark_submit_hook.py:479} INFO - 22/08/04 17:10:01 INFO SparkContext: Submitted application: twitter_transformation
[2022-08-04 17:10:01,611] {spark_submit_hook.py:479} INFO - 22/08/04 17:10:01 INFO ResourceProfile: Default ResourceProfile created, executor resources: Map(cores -> name: cores, amount: 1, script: , vendor: , memory -> name: memory, amount: 1024, script: , vendor: , offHeap -> name: offHeap, amount: 0, script: , vendor: ), task resources: Map(cpus -> name: cpus, amount: 1.0)
[2022-08-04 17:10:01,623] {spark_submit_hook.py:479} INFO - 22/08/04 17:10:01 INFO ResourceProfile: Limiting resource is cpu
[2022-08-04 17:10:01,624] {spark_submit_hook.py:479} INFO - 22/08/04 17:10:01 INFO ResourceProfileManager: Added ResourceProfile id: 0
[2022-08-04 17:10:01,674] {spark_submit_hook.py:479} INFO - 22/08/04 17:10:01 INFO SecurityManager: Changing view acls to: amadeus
[2022-08-04 17:10:01,674] {spark_submit_hook.py:479} INFO - 22/08/04 17:10:01 INFO SecurityManager: Changing modify acls to: amadeus
[2022-08-04 17:10:01,674] {spark_submit_hook.py:479} INFO - 22/08/04 17:10:01 INFO SecurityManager: Changing view acls groups to:
[2022-08-04 17:10:01,675] {spark_submit_hook.py:479} INFO - 22/08/04 17:10:01 INFO SecurityManager: Changing modify acls groups to:
[2022-08-04 17:10:01,675] {spark_submit_hook.py:479} INFO - 22/08/04 17:10:01 INFO SecurityManager: SecurityManager: authentication disabled; ui acls disabled; users  with view permissions: Set(amadeus); groups with view permissions: Set(); users  with modify permissions: Set(amadeus); groups with modify permissions: Set()
[2022-08-04 17:10:01,964] {spark_submit_hook.py:479} INFO - 22/08/04 17:10:01 INFO Utils: Successfully started service 'sparkDriver' on port 35049.
[2022-08-04 17:10:01,993] {spark_submit_hook.py:479} INFO - 22/08/04 17:10:01 INFO SparkEnv: Registering MapOutputTracker
[2022-08-04 17:10:02,032] {spark_submit_hook.py:479} INFO - 22/08/04 17:10:02 INFO SparkEnv: Registering BlockManagerMaster
[2022-08-04 17:10:02,049] {spark_submit_hook.py:479} INFO - 22/08/04 17:10:02 INFO BlockManagerMasterEndpoint: Using org.apache.spark.storage.DefaultTopologyMapper for getting topology information
[2022-08-04 17:10:02,050] {spark_submit_hook.py:479} INFO - 22/08/04 17:10:02 INFO BlockManagerMasterEndpoint: BlockManagerMasterEndpoint up
[2022-08-04 17:10:02,053] {spark_submit_hook.py:479} INFO - 22/08/04 17:10:02 INFO SparkEnv: Registering BlockManagerMasterHeartbeat
[2022-08-04 17:10:02,073] {spark_submit_hook.py:479} INFO - 22/08/04 17:10:02 INFO DiskBlockManager: Created local directory at /tmp/blockmgr-79d6b877-ea3b-4345-ba77-8351fdb5d042
[2022-08-04 17:10:02,092] {spark_submit_hook.py:479} INFO - 22/08/04 17:10:02 INFO MemoryStore: MemoryStore started with capacity 434.4 MiB
[2022-08-04 17:10:02,107] {spark_submit_hook.py:479} INFO - 22/08/04 17:10:02 INFO SparkEnv: Registering OutputCommitCoordinator
[2022-08-04 17:10:02,360] {spark_submit_hook.py:479} INFO - 22/08/04 17:10:02 WARN Utils: Service 'SparkUI' could not bind on port 4040. Attempting port 4041.
[2022-08-04 17:10:02,376] {spark_submit_hook.py:479} INFO - 22/08/04 17:10:02 INFO Utils: Successfully started service 'SparkUI' on port 4041.
[2022-08-04 17:10:02,540] {spark_submit_hook.py:479} INFO - 22/08/04 17:10:02 INFO Executor: Starting executor ID driver on host 192.168.1.12
[2022-08-04 17:10:02,548] {spark_submit_hook.py:479} INFO - 22/08/04 17:10:02 INFO Executor: Starting executor with user classpath (userClassPathFirst = false): ''
[2022-08-04 17:10:02,569] {spark_submit_hook.py:479} INFO - 22/08/04 17:10:02 INFO Utils: Successfully started service 'org.apache.spark.network.netty.NettyBlockTransferService' on port 42893.
[2022-08-04 17:10:02,570] {spark_submit_hook.py:479} INFO - 22/08/04 17:10:02 INFO NettyBlockTransferService: Server created on 192.168.1.12:42893
[2022-08-04 17:10:02,572] {spark_submit_hook.py:479} INFO - 22/08/04 17:10:02 INFO BlockManager: Using org.apache.spark.storage.RandomBlockReplicationPolicy for block replication policy
[2022-08-04 17:10:02,579] {spark_submit_hook.py:479} INFO - 22/08/04 17:10:02 INFO BlockManagerMaster: Registering BlockManager BlockManagerId(driver, 192.168.1.12, 42893, None)
[2022-08-04 17:10:02,582] {spark_submit_hook.py:479} INFO - 22/08/04 17:10:02 INFO BlockManagerMasterEndpoint: Registering block manager 192.168.1.12:42893 with 434.4 MiB RAM, BlockManagerId(driver, 192.168.1.12, 42893, None)
[2022-08-04 17:10:02,585] {spark_submit_hook.py:479} INFO - 22/08/04 17:10:02 INFO BlockManagerMaster: Registered BlockManager BlockManagerId(driver, 192.168.1.12, 42893, None)
[2022-08-04 17:10:02,587] {spark_submit_hook.py:479} INFO - 22/08/04 17:10:02 INFO BlockManager: Initialized BlockManager: BlockManagerId(driver, 192.168.1.12, 42893, None)
[2022-08-04 17:10:03,056] {spark_submit_hook.py:479} INFO - 22/08/04 17:10:03 INFO SharedState: Setting hive.metastore.warehouse.dir ('null') to the value of spark.sql.warehouse.dir.
[2022-08-04 17:10:03,059] {spark_submit_hook.py:479} INFO - 22/08/04 17:10:03 INFO SharedState: Warehouse path is 'file:/home/amadeus/ama/airflow-pipeline-alura/datapipeline/spark-warehouse'.
[2022-08-04 17:10:03,755] {spark_submit_hook.py:479} INFO - 22/08/04 17:10:03 INFO InMemoryFileIndex: It took 33 ms to list leaf files for 1 paths.
[2022-08-04 17:10:03,815] {spark_submit_hook.py:479} INFO - 22/08/04 17:10:03 INFO InMemoryFileIndex: It took 1 ms to list leaf files for 1 paths.
[2022-08-04 17:10:05,377] {spark_submit_hook.py:479} INFO - 22/08/04 17:10:05 INFO FileSourceStrategy: Pushed Filters:
[2022-08-04 17:10:05,378] {spark_submit_hook.py:479} INFO - 22/08/04 17:10:05 INFO FileSourceStrategy: Post-Scan Filters:
[2022-08-04 17:10:05,381] {spark_submit_hook.py:479} INFO - 22/08/04 17:10:05 INFO FileSourceStrategy: Output Data Schema: struct<value: string>
[2022-08-04 17:10:05,603] {spark_submit_hook.py:479} INFO - 22/08/04 17:10:05 INFO MemoryStore: Block broadcast_0 stored as values in memory (estimated size 173.7 KiB, free 434.2 MiB)
[2022-08-04 17:10:05,655] {spark_submit_hook.py:479} INFO - 22/08/04 17:10:05 INFO MemoryStore: Block broadcast_0_piece0 stored as bytes in memory (estimated size 24.7 KiB, free 434.2 MiB)
[2022-08-04 17:10:05,658] {spark_submit_hook.py:479} INFO - 22/08/04 17:10:05 INFO BlockManagerInfo: Added broadcast_0_piece0 in memory on 192.168.1.12:42893 (size: 24.7 KiB, free: 434.4 MiB)
[2022-08-04 17:10:05,662] {spark_submit_hook.py:479} INFO - 22/08/04 17:10:05 INFO SparkContext: Created broadcast 0 from json at NativeMethodAccessorImpl.java:0
[2022-08-04 17:10:05,670] {spark_submit_hook.py:479} INFO - 22/08/04 17:10:05 INFO FileSourceScanExec: Planning scan with bin packing, max size: 4243209 bytes, open cost is considered as scanning 4194304 bytes.
[2022-08-04 17:10:05,870] {spark_submit_hook.py:479} INFO - 22/08/04 17:10:05 INFO SparkContext: Starting job: json at NativeMethodAccessorImpl.java:0
[2022-08-04 17:10:05,883] {spark_submit_hook.py:479} INFO - 22/08/04 17:10:05 INFO DAGScheduler: Got job 0 (json at NativeMethodAccessorImpl.java:0) with 1 output partitions
[2022-08-04 17:10:05,883] {spark_submit_hook.py:479} INFO - 22/08/04 17:10:05 INFO DAGScheduler: Final stage: ResultStage 0 (json at NativeMethodAccessorImpl.java:0)
[2022-08-04 17:10:05,884] {spark_submit_hook.py:479} INFO - 22/08/04 17:10:05 INFO DAGScheduler: Parents of final stage: List()
[2022-08-04 17:10:05,885] {spark_submit_hook.py:479} INFO - 22/08/04 17:10:05 INFO DAGScheduler: Missing parents: List()
[2022-08-04 17:10:05,889] {spark_submit_hook.py:479} INFO - 22/08/04 17:10:05 INFO DAGScheduler: Submitting ResultStage 0 (MapPartitionsRDD[3] at json at NativeMethodAccessorImpl.java:0), which has no missing parents
[2022-08-04 17:10:05,962] {spark_submit_hook.py:479} INFO - 22/08/04 17:10:05 INFO MemoryStore: Block broadcast_1 stored as values in memory (estimated size 14.5 KiB, free 434.2 MiB)
[2022-08-04 17:10:05,964] {spark_submit_hook.py:479} INFO - 22/08/04 17:10:05 INFO MemoryStore: Block broadcast_1_piece0 stored as bytes in memory (estimated size 7.0 KiB, free 434.2 MiB)
[2022-08-04 17:10:05,965] {spark_submit_hook.py:479} INFO - 22/08/04 17:10:05 INFO BlockManagerInfo: Added broadcast_1_piece0 in memory on 192.168.1.12:42893 (size: 7.0 KiB, free: 434.4 MiB)
[2022-08-04 17:10:05,966] {spark_submit_hook.py:479} INFO - 22/08/04 17:10:05 INFO SparkContext: Created broadcast 1 from broadcast at DAGScheduler.scala:1513
[2022-08-04 17:10:05,976] {spark_submit_hook.py:479} INFO - 22/08/04 17:10:05 INFO DAGScheduler: Submitting 1 missing tasks from ResultStage 0 (MapPartitionsRDD[3] at json at NativeMethodAccessorImpl.java:0) (first 15 tasks are for partitions Vector(0))
[2022-08-04 17:10:05,977] {spark_submit_hook.py:479} INFO - 22/08/04 17:10:05 INFO TaskSchedulerImpl: Adding task set 0.0 with 1 tasks resource profile 0
[2022-08-04 17:10:06,018] {spark_submit_hook.py:479} INFO - 22/08/04 17:10:06 INFO TaskSetManager: Starting task 0.0 in stage 0.0 (TID 0) (192.168.1.12, executor driver, partition 0, PROCESS_LOCAL, 5027 bytes) taskResourceAssignments Map()
[2022-08-04 17:10:06,031] {spark_submit_hook.py:479} INFO - 22/08/04 17:10:06 INFO Executor: Running task 0.0 in stage 0.0 (TID 0)
[2022-08-04 17:10:06,140] {spark_submit_hook.py:479} INFO - 22/08/04 17:10:06 INFO FileScanRDD: Reading File path: file:///home/amadeus/ama/airflow-pipeline-alura/datapipeline/datalake/bronze/twitter_flamengomalvadao/extract_date=2022-08-03/FlamengoMalvadao_20220803.json, range: 0-48905, partition values: [empty row]
[2022-08-04 17:10:06,333] {spark_submit_hook.py:479} INFO - 22/08/04 17:10:06 INFO CodeGenerator: Code generated in 163.510205 ms
[2022-08-04 17:10:06,387] {spark_submit_hook.py:479} INFO - 22/08/04 17:10:06 INFO Executor: Finished task 0.0 in stage 0.0 (TID 0). 2823 bytes result sent to driver
[2022-08-04 17:10:06,395] {spark_submit_hook.py:479} INFO - 22/08/04 17:10:06 INFO TaskSetManager: Finished task 0.0 in stage 0.0 (TID 0) in 384 ms on 192.168.1.12 (executor driver) (1/1)
[2022-08-04 17:10:06,396] {spark_submit_hook.py:479} INFO - 22/08/04 17:10:06 INFO TaskSchedulerImpl: Removed TaskSet 0.0, whose tasks have all completed, from pool
[2022-08-04 17:10:06,401] {spark_submit_hook.py:479} INFO - 22/08/04 17:10:06 INFO DAGScheduler: ResultStage 0 (json at NativeMethodAccessorImpl.java:0) finished in 0,499 s
[2022-08-04 17:10:06,404] {spark_submit_hook.py:479} INFO - 22/08/04 17:10:06 INFO DAGScheduler: Job 0 is finished. Cancelling potential speculative or zombie tasks for this job
[2022-08-04 17:10:06,405] {spark_submit_hook.py:479} INFO - 22/08/04 17:10:06 INFO TaskSchedulerImpl: Killing all running tasks in stage 0: Stage finished
[2022-08-04 17:10:06,407] {spark_submit_hook.py:479} INFO - 22/08/04 17:10:06 INFO DAGScheduler: Job 0 finished: json at NativeMethodAccessorImpl.java:0, took 0,536226 s
[2022-08-04 17:10:06,666] {spark_submit_hook.py:479} INFO - 22/08/04 17:10:06 INFO BlockManagerInfo: Removed broadcast_0_piece0 on 192.168.1.12:42893 in memory (size: 24.7 KiB, free: 434.4 MiB)
[2022-08-04 17:10:06,677] {spark_submit_hook.py:479} INFO - 22/08/04 17:10:06 INFO BlockManagerInfo: Removed broadcast_1_piece0 on 192.168.1.12:42893 in memory (size: 7.0 KiB, free: 434.4 MiB)
[2022-08-04 17:10:06,878] {spark_submit_hook.py:479} INFO - 22/08/04 17:10:06 INFO FileSourceStrategy: Pushed Filters: IsNotNull(data)
[2022-08-04 17:10:06,879] {spark_submit_hook.py:479} INFO - 22/08/04 17:10:06 INFO FileSourceStrategy: Post-Scan Filters: (size(data#8, true) > 0),isnotnull(data#8)
[2022-08-04 17:10:06,879] {spark_submit_hook.py:479} INFO - 22/08/04 17:10:06 INFO FileSourceStrategy: Output Data Schema: struct<data: array<struct<author_id:string,conversation_id:string,created_at:string,id:string,in_reply_to_user_id:string,public_metrics:struct<like_count:bigint,quote_count:bigint,reply_count:bigint,retweet_count:bigint>,text:string>>>
[2022-08-04 17:10:06,949] {spark_submit_hook.py:479} INFO - 22/08/04 17:10:06 INFO FileOutputCommitter: File Output Committer Algorithm version is 1
[2022-08-04 17:10:06,950] {spark_submit_hook.py:479} INFO - 22/08/04 17:10:06 INFO SQLHadoopMapReduceCommitProtocol: Using output committer class org.apache.hadoop.mapreduce.lib.output.FileOutputCommitter
[2022-08-04 17:10:07,118] {spark_submit_hook.py:479} INFO - 22/08/04 17:10:07 INFO CodeGenerator: Code generated in 93.169375 ms
[2022-08-04 17:10:07,128] {spark_submit_hook.py:479} INFO - 22/08/04 17:10:07 INFO MemoryStore: Block broadcast_2 stored as values in memory (estimated size 173.5 KiB, free 434.2 MiB)
[2022-08-04 17:10:07,143] {spark_submit_hook.py:479} INFO - 22/08/04 17:10:07 INFO MemoryStore: Block broadcast_2_piece0 stored as bytes in memory (estimated size 24.6 KiB, free 434.2 MiB)
[2022-08-04 17:10:07,144] {spark_submit_hook.py:479} INFO - 22/08/04 17:10:07 INFO BlockManagerInfo: Added broadcast_2_piece0 in memory on 192.168.1.12:42893 (size: 24.6 KiB, free: 434.4 MiB)
[2022-08-04 17:10:07,146] {spark_submit_hook.py:479} INFO - 22/08/04 17:10:07 INFO SparkContext: Created broadcast 2 from json at NativeMethodAccessorImpl.java:0
[2022-08-04 17:10:07,150] {spark_submit_hook.py:479} INFO - 22/08/04 17:10:07 INFO FileSourceScanExec: Planning scan with bin packing, max size: 4243209 bytes, open cost is considered as scanning 4194304 bytes.
[2022-08-04 17:10:07,234] {spark_submit_hook.py:479} INFO - 22/08/04 17:10:07 INFO SparkContext: Starting job: json at NativeMethodAccessorImpl.java:0
[2022-08-04 17:10:07,238] {spark_submit_hook.py:479} INFO - 22/08/04 17:10:07 INFO DAGScheduler: Got job 1 (json at NativeMethodAccessorImpl.java:0) with 1 output partitions
[2022-08-04 17:10:07,238] {spark_submit_hook.py:479} INFO - 22/08/04 17:10:07 INFO DAGScheduler: Final stage: ResultStage 1 (json at NativeMethodAccessorImpl.java:0)
[2022-08-04 17:10:07,238] {spark_submit_hook.py:479} INFO - 22/08/04 17:10:07 INFO DAGScheduler: Parents of final stage: List()
[2022-08-04 17:10:07,239] {spark_submit_hook.py:479} INFO - 22/08/04 17:10:07 INFO DAGScheduler: Missing parents: List()
[2022-08-04 17:10:07,240] {spark_submit_hook.py:479} INFO - 22/08/04 17:10:07 INFO DAGScheduler: Submitting ResultStage 1 (CoalescedRDD[7] at json at NativeMethodAccessorImpl.java:0), which has no missing parents
[2022-08-04 17:10:07,264] {spark_submit_hook.py:479} INFO - 22/08/04 17:10:07 INFO MemoryStore: Block broadcast_3 stored as values in memory (estimated size 175.8 KiB, free 434.0 MiB)
[2022-08-04 17:10:07,269] {spark_submit_hook.py:479} INFO - 22/08/04 17:10:07 INFO MemoryStore: Block broadcast_3_piece0 stored as bytes in memory (estimated size 60.9 KiB, free 434.0 MiB)
[2022-08-04 17:10:07,271] {spark_submit_hook.py:479} INFO - 22/08/04 17:10:07 INFO BlockManagerInfo: Added broadcast_3_piece0 in memory on 192.168.1.12:42893 (size: 60.9 KiB, free: 434.3 MiB)
[2022-08-04 17:10:07,272] {spark_submit_hook.py:479} INFO - 22/08/04 17:10:07 INFO SparkContext: Created broadcast 3 from broadcast at DAGScheduler.scala:1513
[2022-08-04 17:10:07,274] {spark_submit_hook.py:479} INFO - 22/08/04 17:10:07 INFO DAGScheduler: Submitting 1 missing tasks from ResultStage 1 (CoalescedRDD[7] at json at NativeMethodAccessorImpl.java:0) (first 15 tasks are for partitions Vector(0))
[2022-08-04 17:10:07,275] {spark_submit_hook.py:479} INFO - 22/08/04 17:10:07 INFO TaskSchedulerImpl: Adding task set 1.0 with 1 tasks resource profile 0
[2022-08-04 17:10:07,280] {spark_submit_hook.py:479} INFO - 22/08/04 17:10:07 INFO TaskSetManager: Starting task 0.0 in stage 1.0 (TID 1) (192.168.1.12, executor driver, partition 0, PROCESS_LOCAL, 5256 bytes) taskResourceAssignments Map()
[2022-08-04 17:10:07,281] {spark_submit_hook.py:479} INFO - 22/08/04 17:10:07 INFO Executor: Running task 0.0 in stage 1.0 (TID 1)
[2022-08-04 17:10:07,353] {spark_submit_hook.py:479} INFO - 22/08/04 17:10:07 INFO FileOutputCommitter: File Output Committer Algorithm version is 1
[2022-08-04 17:10:07,354] {spark_submit_hook.py:479} INFO - 22/08/04 17:10:07 INFO SQLHadoopMapReduceCommitProtocol: Using output committer class org.apache.hadoop.mapreduce.lib.output.FileOutputCommitter
[2022-08-04 17:10:07,393] {spark_submit_hook.py:479} INFO - 22/08/04 17:10:07 INFO FileScanRDD: Reading File path: file:///home/amadeus/ama/airflow-pipeline-alura/datapipeline/datalake/bronze/twitter_flamengomalvadao/extract_date=2022-08-03/FlamengoMalvadao_20220803.json, range: 0-48905, partition values: [empty row]
[2022-08-04 17:10:07,426] {spark_submit_hook.py:479} INFO - 22/08/04 17:10:07 INFO CodeGenerator: Code generated in 26.77533 ms
[2022-08-04 17:10:07,448] {spark_submit_hook.py:479} INFO - 22/08/04 17:10:07 INFO CodeGenerator: Code generated in 4.913376 ms
[2022-08-04 17:10:07,530] {spark_submit_hook.py:479} INFO - 22/08/04 17:10:07 INFO FileOutputCommitter: Saved output of task 'attempt_202208041710078407115408706979244_0001_m_000000_1' to file:/home/amadeus/ama/airflow-pipeline-alura/datapipeline/datalake/silver/twitter_flamengomalvadao/tweet/process_date=2022-08-03/_temporary/0/task_202208041710078407115408706979244_0001_m_000000
[2022-08-04 17:10:07,531] {spark_submit_hook.py:479} INFO - 22/08/04 17:10:07 INFO SparkHadoopMapRedUtil: attempt_202208041710078407115408706979244_0001_m_000000_1: Committed. Elapsed time: 1 ms.
[2022-08-04 17:10:07,543] {spark_submit_hook.py:479} INFO - 22/08/04 17:10:07 INFO Executor: Finished task 0.0 in stage 1.0 (TID 1). 2678 bytes result sent to driver
[2022-08-04 17:10:07,546] {spark_submit_hook.py:479} INFO - 22/08/04 17:10:07 INFO TaskSetManager: Finished task 0.0 in stage 1.0 (TID 1) in 269 ms on 192.168.1.12 (executor driver) (1/1)
[2022-08-04 17:10:07,547] {spark_submit_hook.py:479} INFO - 22/08/04 17:10:07 INFO TaskSchedulerImpl: Removed TaskSet 1.0, whose tasks have all completed, from pool
[2022-08-04 17:10:07,548] {spark_submit_hook.py:479} INFO - 22/08/04 17:10:07 INFO DAGScheduler: ResultStage 1 (json at NativeMethodAccessorImpl.java:0) finished in 0,305 s
[2022-08-04 17:10:07,549] {spark_submit_hook.py:479} INFO - 22/08/04 17:10:07 INFO DAGScheduler: Job 1 is finished. Cancelling potential speculative or zombie tasks for this job
[2022-08-04 17:10:07,549] {spark_submit_hook.py:479} INFO - 22/08/04 17:10:07 INFO TaskSchedulerImpl: Killing all running tasks in stage 1: Stage finished
[2022-08-04 17:10:07,553] {spark_submit_hook.py:479} INFO - 22/08/04 17:10:07 INFO DAGScheduler: Job 1 finished: json at NativeMethodAccessorImpl.java:0, took 0,316191 s
[2022-08-04 17:10:07,555] {spark_submit_hook.py:479} INFO - 22/08/04 17:10:07 INFO FileFormatWriter: Start to commit write Job e63ad887-f932-4532-8f5c-48b9f0ed8c6a.
[2022-08-04 17:10:07,589] {spark_submit_hook.py:479} INFO - 22/08/04 17:10:07 INFO FileFormatWriter: Write Job e63ad887-f932-4532-8f5c-48b9f0ed8c6a committed. Elapsed time: 31 ms.
[2022-08-04 17:10:07,597] {spark_submit_hook.py:479} INFO - 22/08/04 17:10:07 INFO FileFormatWriter: Finished processing stats for write job e63ad887-f932-4532-8f5c-48b9f0ed8c6a.
[2022-08-04 17:10:07,721] {spark_submit_hook.py:479} INFO - 22/08/04 17:10:07 INFO FileSourceStrategy: Pushed Filters:
[2022-08-04 17:10:07,722] {spark_submit_hook.py:479} INFO - 22/08/04 17:10:07 INFO FileSourceStrategy: Post-Scan Filters:
[2022-08-04 17:10:07,724] {spark_submit_hook.py:479} INFO - 22/08/04 17:10:07 INFO FileSourceStrategy: Output Data Schema: struct<includes: struct<users: array<struct<created_at:string,id:string,name:string,username:string>>>>
[2022-08-04 17:10:07,729] {spark_submit_hook.py:479} INFO - 22/08/04 17:10:07 INFO BlockManagerInfo: Removed broadcast_3_piece0 on 192.168.1.12:42893 in memory (size: 60.9 KiB, free: 434.4 MiB)
[2022-08-04 17:10:07,748] {spark_submit_hook.py:479} INFO - 22/08/04 17:10:07 INFO FileOutputCommitter: File Output Committer Algorithm version is 1
[2022-08-04 17:10:07,749] {spark_submit_hook.py:479} INFO - 22/08/04 17:10:07 INFO SQLHadoopMapReduceCommitProtocol: Using output committer class org.apache.hadoop.mapreduce.lib.output.FileOutputCommitter
[2022-08-04 17:10:07,781] {spark_submit_hook.py:479} INFO - 22/08/04 17:10:07 INFO CodeGenerator: Code generated in 18.158528 ms
[2022-08-04 17:10:07,787] {spark_submit_hook.py:479} INFO - 22/08/04 17:10:07 INFO MemoryStore: Block broadcast_4 stored as values in memory (estimated size 173.5 KiB, free 434.0 MiB)
[2022-08-04 17:10:07,797] {spark_submit_hook.py:479} INFO - 22/08/04 17:10:07 INFO MemoryStore: Block broadcast_4_piece0 stored as bytes in memory (estimated size 24.6 KiB, free 434.0 MiB)
[2022-08-04 17:10:07,798] {spark_submit_hook.py:479} INFO - 22/08/04 17:10:07 INFO BlockManagerInfo: Added broadcast_4_piece0 in memory on 192.168.1.12:42893 (size: 24.6 KiB, free: 434.4 MiB)
[2022-08-04 17:10:07,799] {spark_submit_hook.py:479} INFO - 22/08/04 17:10:07 INFO SparkContext: Created broadcast 4 from json at NativeMethodAccessorImpl.java:0
[2022-08-04 17:10:07,800] {spark_submit_hook.py:479} INFO - 22/08/04 17:10:07 INFO FileSourceScanExec: Planning scan with bin packing, max size: 4243209 bytes, open cost is considered as scanning 4194304 bytes.
[2022-08-04 17:10:07,826] {spark_submit_hook.py:479} INFO - 22/08/04 17:10:07 INFO SparkContext: Starting job: json at NativeMethodAccessorImpl.java:0
[2022-08-04 17:10:07,827] {spark_submit_hook.py:479} INFO - 22/08/04 17:10:07 INFO DAGScheduler: Got job 2 (json at NativeMethodAccessorImpl.java:0) with 1 output partitions
[2022-08-04 17:10:07,827] {spark_submit_hook.py:479} INFO - 22/08/04 17:10:07 INFO DAGScheduler: Final stage: ResultStage 2 (json at NativeMethodAccessorImpl.java:0)
[2022-08-04 17:10:07,827] {spark_submit_hook.py:479} INFO - 22/08/04 17:10:07 INFO DAGScheduler: Parents of final stage: List()
[2022-08-04 17:10:07,827] {spark_submit_hook.py:479} INFO - 22/08/04 17:10:07 INFO DAGScheduler: Missing parents: List()
[2022-08-04 17:10:07,828] {spark_submit_hook.py:479} INFO - 22/08/04 17:10:07 INFO DAGScheduler: Submitting ResultStage 2 (CoalescedRDD[11] at json at NativeMethodAccessorImpl.java:0), which has no missing parents
[2022-08-04 17:10:07,844] {spark_submit_hook.py:479} INFO - 22/08/04 17:10:07 INFO MemoryStore: Block broadcast_5 stored as values in memory (estimated size 161.1 KiB, free 433.9 MiB)
[2022-08-04 17:10:07,846] {spark_submit_hook.py:479} INFO - 22/08/04 17:10:07 INFO MemoryStore: Block broadcast_5_piece0 stored as bytes in memory (estimated size 57.8 KiB, free 433.8 MiB)
[2022-08-04 17:10:07,847] {spark_submit_hook.py:479} INFO - 22/08/04 17:10:07 INFO BlockManagerInfo: Added broadcast_5_piece0 in memory on 192.168.1.12:42893 (size: 57.8 KiB, free: 434.3 MiB)
[2022-08-04 17:10:07,847] {spark_submit_hook.py:479} INFO - 22/08/04 17:10:07 INFO SparkContext: Created broadcast 5 from broadcast at DAGScheduler.scala:1513
[2022-08-04 17:10:07,848] {spark_submit_hook.py:479} INFO - 22/08/04 17:10:07 INFO DAGScheduler: Submitting 1 missing tasks from ResultStage 2 (CoalescedRDD[11] at json at NativeMethodAccessorImpl.java:0) (first 15 tasks are for partitions Vector(0))
[2022-08-04 17:10:07,848] {spark_submit_hook.py:479} INFO - 22/08/04 17:10:07 INFO TaskSchedulerImpl: Adding task set 2.0 with 1 tasks resource profile 0
[2022-08-04 17:10:07,849] {spark_submit_hook.py:479} INFO - 22/08/04 17:10:07 INFO TaskSetManager: Starting task 0.0 in stage 2.0 (TID 2) (192.168.1.12, executor driver, partition 0, PROCESS_LOCAL, 5256 bytes) taskResourceAssignments Map()
[2022-08-04 17:10:07,851] {spark_submit_hook.py:479} INFO - 22/08/04 17:10:07 INFO Executor: Running task 0.0 in stage 2.0 (TID 2)
[2022-08-04 17:10:07,877] {spark_submit_hook.py:479} INFO - 22/08/04 17:10:07 INFO FileOutputCommitter: File Output Committer Algorithm version is 1
[2022-08-04 17:10:07,878] {spark_submit_hook.py:479} INFO - 22/08/04 17:10:07 INFO SQLHadoopMapReduceCommitProtocol: Using output committer class org.apache.hadoop.mapreduce.lib.output.FileOutputCommitter
[2022-08-04 17:10:07,886] {spark_submit_hook.py:479} INFO - 22/08/04 17:10:07 INFO FileScanRDD: Reading File path: file:///home/amadeus/ama/airflow-pipeline-alura/datapipeline/datalake/bronze/twitter_flamengomalvadao/extract_date=2022-08-03/FlamengoMalvadao_20220803.json, range: 0-48905, partition values: [empty row]
[2022-08-04 17:10:07,903] {spark_submit_hook.py:479} INFO - 22/08/04 17:10:07 INFO CodeGenerator: Code generated in 13.238853 ms
[2022-08-04 17:10:07,920] {spark_submit_hook.py:479} INFO - 22/08/04 17:10:07 INFO FileOutputCommitter: Saved output of task 'attempt_20220804171007786039927222814260_0002_m_000000_2' to file:/home/amadeus/ama/airflow-pipeline-alura/datapipeline/datalake/silver/twitter_flamengomalvadao/user/process_date=2022-08-03/_temporary/0/task_20220804171007786039927222814260_0002_m_000000
[2022-08-04 17:10:07,920] {spark_submit_hook.py:479} INFO - 22/08/04 17:10:07 INFO SparkHadoopMapRedUtil: attempt_20220804171007786039927222814260_0002_m_000000_2: Committed. Elapsed time: 1 ms.
[2022-08-04 17:10:07,922] {spark_submit_hook.py:479} INFO - 22/08/04 17:10:07 INFO Executor: Finished task 0.0 in stage 2.0 (TID 2). 2579 bytes result sent to driver
[2022-08-04 17:10:07,924] {spark_submit_hook.py:479} INFO - 22/08/04 17:10:07 INFO TaskSetManager: Finished task 0.0 in stage 2.0 (TID 2) in 75 ms on 192.168.1.12 (executor driver) (1/1)
[2022-08-04 17:10:07,924] {spark_submit_hook.py:479} INFO - 22/08/04 17:10:07 INFO TaskSchedulerImpl: Removed TaskSet 2.0, whose tasks have all completed, from pool
[2022-08-04 17:10:07,925] {spark_submit_hook.py:479} INFO - 22/08/04 17:10:07 INFO DAGScheduler: ResultStage 2 (json at NativeMethodAccessorImpl.java:0) finished in 0,096 s
[2022-08-04 17:10:07,926] {spark_submit_hook.py:479} INFO - 22/08/04 17:10:07 INFO DAGScheduler: Job 2 is finished. Cancelling potential speculative or zombie tasks for this job
[2022-08-04 17:10:07,926] {spark_submit_hook.py:479} INFO - 22/08/04 17:10:07 INFO TaskSchedulerImpl: Killing all running tasks in stage 2: Stage finished
[2022-08-04 17:10:07,926] {spark_submit_hook.py:479} INFO - 22/08/04 17:10:07 INFO DAGScheduler: Job 2 finished: json at NativeMethodAccessorImpl.java:0, took 0,100088 s
[2022-08-04 17:10:07,927] {spark_submit_hook.py:479} INFO - 22/08/04 17:10:07 INFO FileFormatWriter: Start to commit write Job a951731e-6872-49c3-82e2-4e5f99010310.
[2022-08-04 17:10:07,933] {spark_submit_hook.py:479} INFO - 22/08/04 17:10:07 INFO FileFormatWriter: Write Job a951731e-6872-49c3-82e2-4e5f99010310 committed. Elapsed time: 6 ms.
[2022-08-04 17:10:07,934] {spark_submit_hook.py:479} INFO - 22/08/04 17:10:07 INFO FileFormatWriter: Finished processing stats for write job a951731e-6872-49c3-82e2-4e5f99010310.
[2022-08-04 17:10:07,981] {spark_submit_hook.py:479} INFO - 22/08/04 17:10:07 INFO SparkContext: Invoking stop() from shutdown hook
[2022-08-04 17:10:07,991] {spark_submit_hook.py:479} INFO - 22/08/04 17:10:07 INFO SparkUI: Stopped Spark web UI at http://192.168.1.12:4041
[2022-08-04 17:10:08,003] {spark_submit_hook.py:479} INFO - 22/08/04 17:10:08 INFO MapOutputTrackerMasterEndpoint: MapOutputTrackerMasterEndpoint stopped!
[2022-08-04 17:10:08,011] {spark_submit_hook.py:479} INFO - 22/08/04 17:10:08 INFO MemoryStore: MemoryStore cleared
[2022-08-04 17:10:08,011] {spark_submit_hook.py:479} INFO - 22/08/04 17:10:08 INFO BlockManager: BlockManager stopped
[2022-08-04 17:10:08,014] {spark_submit_hook.py:479} INFO - 22/08/04 17:10:08 INFO BlockManagerMaster: BlockManagerMaster stopped
[2022-08-04 17:10:08,017] {spark_submit_hook.py:479} INFO - 22/08/04 17:10:08 INFO OutputCommitCoordinator$OutputCommitCoordinatorEndpoint: OutputCommitCoordinator stopped!
[2022-08-04 17:10:08,024] {spark_submit_hook.py:479} INFO - 22/08/04 17:10:08 INFO SparkContext: Successfully stopped SparkContext
[2022-08-04 17:10:08,024] {spark_submit_hook.py:479} INFO - 22/08/04 17:10:08 INFO ShutdownHookManager: Shutdown hook called
[2022-08-04 17:10:08,025] {spark_submit_hook.py:479} INFO - 22/08/04 17:10:08 INFO ShutdownHookManager: Deleting directory /tmp/spark-89fafb6c-6ef7-4f01-8675-f858e8695d52
[2022-08-04 17:10:08,026] {spark_submit_hook.py:479} INFO - 22/08/04 17:10:08 INFO ShutdownHookManager: Deleting directory /tmp/spark-29d4d68a-986b-4a71-8ae8-d009289b0065
[2022-08-04 17:10:08,027] {spark_submit_hook.py:479} INFO - 22/08/04 17:10:08 INFO ShutdownHookManager: Deleting directory /tmp/spark-89fafb6c-6ef7-4f01-8675-f858e8695d52/pyspark-63732911-86fe-4dbe-9950-07314b21fee1
[2022-08-04 17:10:08,070] {taskinstance.py:1057} INFO - Marking task as SUCCESS.dag_id=twitter_dag, task_id=transform_twitter_flamengomalvadao, execution_date=20220803T090000, start_date=20220804T200958, end_date=20220804T201008
[2022-08-04 17:10:12,981] {local_task_job.py:102} INFO - Task exited with return code 0
