[2022-08-04 23:23:53,376] {taskinstance.py:670} INFO - Dependencies all met for <TaskInstance: twitter_dag.transform_twitter_flamengomalvadao 2022-08-03T09:00:00+00:00 [queued]>
[2022-08-04 23:23:53,401] {taskinstance.py:670} INFO - Dependencies all met for <TaskInstance: twitter_dag.transform_twitter_flamengomalvadao 2022-08-03T09:00:00+00:00 [queued]>
[2022-08-04 23:23:53,401] {taskinstance.py:880} INFO - 
--------------------------------------------------------------------------------
[2022-08-04 23:23:53,402] {taskinstance.py:881} INFO - Starting attempt 9 of 9
[2022-08-04 23:23:53,402] {taskinstance.py:882} INFO - 
--------------------------------------------------------------------------------
[2022-08-04 23:23:53,606] {taskinstance.py:901} INFO - Executing <Task(SparkSubmitOperator): transform_twitter_flamengomalvadao> on 2022-08-03T09:00:00+00:00
[2022-08-04 23:23:53,611] {standard_task_runner.py:54} INFO - Started process 164003 to run task
[2022-08-04 23:23:53,736] {standard_task_runner.py:77} INFO - Running: ['airflow', 'run', 'twitter_dag', 'transform_twitter_flamengomalvadao', '2022-08-03T09:00:00+00:00', '--job_id', '109', '--pool', 'default_pool', '--raw', '-sd', 'DAGS_FOLDER/twitter_dag.py', '--cfg_path', '/tmp/tmp_di8a8ul']
[2022-08-04 23:23:53,737] {standard_task_runner.py:78} INFO - Job 109: Subtask transform_twitter_flamengomalvadao
[2022-08-04 23:23:53,997] {logging_mixin.py:112} INFO - Running <TaskInstance: twitter_dag.transform_twitter_flamengomalvadao 2022-08-03T09:00:00+00:00 [running]> on host ama
[2022-08-04 23:23:54,104] {base_hook.py:89} INFO - Using connection to: id: spark_default. Host: local, Port: None, Schema: None, Login: None, Password: None, extra: XXXXXXXX
[2022-08-04 23:23:54,106] {spark_submit_hook.py:325} INFO - Spark-Submit cmd: /home/amadeus/Downloads/spark-3.3.0-bin-hadoop2/bin/spark-submit --master local --name twitter_transformation /home/amadeus/ama/airflow-pipeline-alura/datapipeline/spark/transfortmation.py --src /home/amadeus/ama/airflow-pipeline-alura/datapipeline/datalake/bronze/twitter_flamengomalvadao/teste1 --dest /home/amadeus/ama/airflow-pipeline-alura/datapipeline/datalake/silver/twitter_flamengomalvadao/ --process-date 2022-08-03
[2022-08-04 23:23:56,119] {spark_submit_hook.py:479} INFO - 22/08/04 23:23:56 WARN Utils: Your hostname, ama resolves to a loopback address: 127.0.1.1; using 192.168.0.20 instead (on interface wlo1)
[2022-08-04 23:23:56,122] {spark_submit_hook.py:479} INFO - 22/08/04 23:23:56 WARN Utils: Set SPARK_LOCAL_IP if you need to bind to another address
[2022-08-04 23:23:57,602] {spark_submit_hook.py:479} INFO - 22/08/04 23:23:57 INFO SparkContext: Running Spark version 3.3.0
[2022-08-04 23:23:57,759] {spark_submit_hook.py:479} INFO - 22/08/04 23:23:57 WARN NativeCodeLoader: Unable to load native-hadoop library for your platform... using builtin-java classes where applicable
[2022-08-04 23:23:57,877] {spark_submit_hook.py:479} INFO - 22/08/04 23:23:57 INFO ResourceUtils: ==============================================================
[2022-08-04 23:23:57,878] {spark_submit_hook.py:479} INFO - 22/08/04 23:23:57 INFO ResourceUtils: No custom resources configured for spark.driver.
[2022-08-04 23:23:57,878] {spark_submit_hook.py:479} INFO - 22/08/04 23:23:57 INFO ResourceUtils: ==============================================================
[2022-08-04 23:23:57,879] {spark_submit_hook.py:479} INFO - 22/08/04 23:23:57 INFO SparkContext: Submitted application: twitter_transformation
[2022-08-04 23:23:57,907] {spark_submit_hook.py:479} INFO - 22/08/04 23:23:57 INFO ResourceProfile: Default ResourceProfile created, executor resources: Map(cores -> name: cores, amount: 1, script: , vendor: , memory -> name: memory, amount: 1024, script: , vendor: , offHeap -> name: offHeap, amount: 0, script: , vendor: ), task resources: Map(cpus -> name: cpus, amount: 1.0)
[2022-08-04 23:23:57,925] {spark_submit_hook.py:479} INFO - 22/08/04 23:23:57 INFO ResourceProfile: Limiting resource is cpu
[2022-08-04 23:23:57,925] {spark_submit_hook.py:479} INFO - 22/08/04 23:23:57 INFO ResourceProfileManager: Added ResourceProfile id: 0
[2022-08-04 23:23:57,997] {spark_submit_hook.py:479} INFO - 22/08/04 23:23:57 INFO SecurityManager: Changing view acls to: amadeus
[2022-08-04 23:23:57,998] {spark_submit_hook.py:479} INFO - 22/08/04 23:23:57 INFO SecurityManager: Changing modify acls to: amadeus
[2022-08-04 23:23:57,998] {spark_submit_hook.py:479} INFO - 22/08/04 23:23:57 INFO SecurityManager: Changing view acls groups to:
[2022-08-04 23:23:57,999] {spark_submit_hook.py:479} INFO - 22/08/04 23:23:57 INFO SecurityManager: Changing modify acls groups to:
[2022-08-04 23:23:57,999] {spark_submit_hook.py:479} INFO - 22/08/04 23:23:57 INFO SecurityManager: SecurityManager: authentication disabled; ui acls disabled; users  with view permissions: Set(amadeus); groups with view permissions: Set(); users  with modify permissions: Set(amadeus); groups with modify permissions: Set()
[2022-08-04 23:23:58,390] {spark_submit_hook.py:479} INFO - 22/08/04 23:23:58 INFO Utils: Successfully started service 'sparkDriver' on port 43925.
[2022-08-04 23:23:58,442] {spark_submit_hook.py:479} INFO - 22/08/04 23:23:58 INFO SparkEnv: Registering MapOutputTracker
[2022-08-04 23:23:58,522] {spark_submit_hook.py:479} INFO - 22/08/04 23:23:58 INFO SparkEnv: Registering BlockManagerMaster
[2022-08-04 23:23:58,566] {spark_submit_hook.py:479} INFO - 22/08/04 23:23:58 INFO BlockManagerMasterEndpoint: Using org.apache.spark.storage.DefaultTopologyMapper for getting topology information
[2022-08-04 23:23:58,567] {spark_submit_hook.py:479} INFO - 22/08/04 23:23:58 INFO BlockManagerMasterEndpoint: BlockManagerMasterEndpoint up
[2022-08-04 23:23:58,575] {spark_submit_hook.py:479} INFO - 22/08/04 23:23:58 INFO SparkEnv: Registering BlockManagerMasterHeartbeat
[2022-08-04 23:23:58,611] {spark_submit_hook.py:479} INFO - 22/08/04 23:23:58 INFO DiskBlockManager: Created local directory at /tmp/blockmgr-0b9699bd-590e-4634-9265-b6c4c736d201
[2022-08-04 23:23:58,643] {spark_submit_hook.py:479} INFO - 22/08/04 23:23:58 INFO MemoryStore: MemoryStore started with capacity 434.4 MiB
[2022-08-04 23:23:58,667] {spark_submit_hook.py:479} INFO - 22/08/04 23:23:58 INFO SparkEnv: Registering OutputCommitCoordinator
[2022-08-04 23:23:59,009] {spark_submit_hook.py:479} INFO - 22/08/04 23:23:59 WARN Utils: Service 'SparkUI' could not bind on port 4040. Attempting port 4041.
[2022-08-04 23:23:59,020] {spark_submit_hook.py:479} INFO - 22/08/04 23:23:59 INFO Utils: Successfully started service 'SparkUI' on port 4041.
[2022-08-04 23:23:59,195] {spark_submit_hook.py:479} INFO - 22/08/04 23:23:59 INFO Executor: Starting executor ID driver on host 192.168.0.20
[2022-08-04 23:23:59,206] {spark_submit_hook.py:479} INFO - 22/08/04 23:23:59 INFO Executor: Starting executor with user classpath (userClassPathFirst = false): ''
[2022-08-04 23:23:59,231] {spark_submit_hook.py:479} INFO - 22/08/04 23:23:59 INFO Utils: Successfully started service 'org.apache.spark.network.netty.NettyBlockTransferService' on port 32925.
[2022-08-04 23:23:59,231] {spark_submit_hook.py:479} INFO - 22/08/04 23:23:59 INFO NettyBlockTransferService: Server created on 192.168.0.20:32925
[2022-08-04 23:23:59,233] {spark_submit_hook.py:479} INFO - 22/08/04 23:23:59 INFO BlockManager: Using org.apache.spark.storage.RandomBlockReplicationPolicy for block replication policy
[2022-08-04 23:23:59,242] {spark_submit_hook.py:479} INFO - 22/08/04 23:23:59 INFO BlockManagerMaster: Registering BlockManager BlockManagerId(driver, 192.168.0.20, 32925, None)
[2022-08-04 23:23:59,246] {spark_submit_hook.py:479} INFO - 22/08/04 23:23:59 INFO BlockManagerMasterEndpoint: Registering block manager 192.168.0.20:32925 with 434.4 MiB RAM, BlockManagerId(driver, 192.168.0.20, 32925, None)
[2022-08-04 23:23:59,249] {spark_submit_hook.py:479} INFO - 22/08/04 23:23:59 INFO BlockManagerMaster: Registered BlockManager BlockManagerId(driver, 192.168.0.20, 32925, None)
[2022-08-04 23:23:59,251] {spark_submit_hook.py:479} INFO - 22/08/04 23:23:59 INFO BlockManager: Initialized BlockManager: BlockManagerId(driver, 192.168.0.20, 32925, None)
[2022-08-04 23:23:59,966] {spark_submit_hook.py:479} INFO - 22/08/04 23:23:59 INFO SharedState: Setting hive.metastore.warehouse.dir ('null') to the value of spark.sql.warehouse.dir.
[2022-08-04 23:23:59,973] {spark_submit_hook.py:479} INFO - 22/08/04 23:23:59 INFO SharedState: Warehouse path is 'file:/home/amadeus/ama/airflow-pipeline-alura/datapipeline/spark-warehouse'.
[2022-08-04 23:24:01,113] {spark_submit_hook.py:479} INFO - Traceback (most recent call last):
[2022-08-04 23:24:01,113] {spark_submit_hook.py:479} INFO - File "/home/amadeus/ama/airflow-pipeline-alura/datapipeline/spark/transfortmation.py", line 50, in <module>
[2022-08-04 23:24:01,116] {spark_submit_hook.py:479} INFO - twitter_transform(spark, args.src, args.dest, args.process_date)
[2022-08-04 23:24:01,116] {spark_submit_hook.py:479} INFO - File "/home/amadeus/ama/airflow-pipeline-alura/datapipeline/spark/transfortmation.py", line 26, in twitter_transform
[2022-08-04 23:24:01,116] {spark_submit_hook.py:479} INFO - df = spark.read.json(src)
[2022-08-04 23:24:01,116] {spark_submit_hook.py:479} INFO - File "/home/amadeus/Downloads/spark-3.3.0-bin-hadoop2/python/lib/pyspark.zip/pyspark/sql/readwriter.py", line 284, in json
[2022-08-04 23:24:01,116] {spark_submit_hook.py:479} INFO - File "/home/amadeus/Downloads/spark-3.3.0-bin-hadoop2/python/lib/py4j-0.10.9.5-src.zip/py4j/java_gateway.py", line 1321, in __call__
[2022-08-04 23:24:01,116] {spark_submit_hook.py:479} INFO - File "/home/amadeus/Downloads/spark-3.3.0-bin-hadoop2/python/lib/pyspark.zip/pyspark/sql/utils.py", line 196, in deco
[2022-08-04 23:24:01,129] {spark_submit_hook.py:479} INFO - pyspark.sql.utils.AnalysisException: Path does not exist: file:/home/amadeus/ama/airflow-pipeline-alura/datapipeline/datalake/bronze/twitter_flamengomalvadao/teste1
[2022-08-04 23:24:01,194] {spark_submit_hook.py:479} INFO - 22/08/04 23:24:01 INFO SparkContext: Invoking stop() from shutdown hook
[2022-08-04 23:24:01,209] {spark_submit_hook.py:479} INFO - 22/08/04 23:24:01 INFO SparkUI: Stopped Spark web UI at http://192.168.0.20:4041
[2022-08-04 23:24:01,230] {spark_submit_hook.py:479} INFO - 22/08/04 23:24:01 INFO MapOutputTrackerMasterEndpoint: MapOutputTrackerMasterEndpoint stopped!
[2022-08-04 23:24:01,245] {spark_submit_hook.py:479} INFO - 22/08/04 23:24:01 INFO MemoryStore: MemoryStore cleared
[2022-08-04 23:24:01,245] {spark_submit_hook.py:479} INFO - 22/08/04 23:24:01 INFO BlockManager: BlockManager stopped
[2022-08-04 23:24:01,256] {spark_submit_hook.py:479} INFO - 22/08/04 23:24:01 INFO BlockManagerMaster: BlockManagerMaster stopped
[2022-08-04 23:24:01,260] {spark_submit_hook.py:479} INFO - 22/08/04 23:24:01 INFO OutputCommitCoordinator$OutputCommitCoordinatorEndpoint: OutputCommitCoordinator stopped!
[2022-08-04 23:24:01,265] {spark_submit_hook.py:479} INFO - 22/08/04 23:24:01 INFO SparkContext: Successfully stopped SparkContext
[2022-08-04 23:24:01,265] {spark_submit_hook.py:479} INFO - 22/08/04 23:24:01 INFO ShutdownHookManager: Shutdown hook called
[2022-08-04 23:24:01,266] {spark_submit_hook.py:479} INFO - 22/08/04 23:24:01 INFO ShutdownHookManager: Deleting directory /tmp/spark-1972dd6a-d301-4175-b39f-8f0786edd16b
[2022-08-04 23:24:01,268] {spark_submit_hook.py:479} INFO - 22/08/04 23:24:01 INFO ShutdownHookManager: Deleting directory /tmp/spark-10b8fb3b-a223-4d92-94f7-a6dd2971c4a6
[2022-08-04 23:24:01,270] {spark_submit_hook.py:479} INFO - 22/08/04 23:24:01 INFO ShutdownHookManager: Deleting directory /tmp/spark-1972dd6a-d301-4175-b39f-8f0786edd16b/pyspark-2a967937-a5d3-4f8b-a7e4-04a1276467ce
[2022-08-04 23:24:01,354] {taskinstance.py:1150} ERROR - Cannot execute: /home/amadeus/Downloads/spark-3.3.0-bin-hadoop2/bin/spark-submit --master local --name twitter_transformation /home/amadeus/ama/airflow-pipeline-alura/datapipeline/spark/transfortmation.py --src /home/amadeus/ama/airflow-pipeline-alura/datapipeline/datalake/bronze/twitter_flamengomalvadao/teste1 --dest /home/amadeus/ama/airflow-pipeline-alura/datapipeline/datalake/silver/twitter_flamengomalvadao/ --process-date 2022-08-03. Error code is: 1.
Traceback (most recent call last):
  File "/home/amadeus/ama/airflow-pipeline-alura/datapipeline/.env/lib/python3.8/site-packages/airflow/models/taskinstance.py", line 984, in _run_raw_task
    result = task_copy.execute(context=context)
  File "/home/amadeus/ama/airflow-pipeline-alura/datapipeline/.env/lib/python3.8/site-packages/airflow/contrib/operators/spark_submit_operator.py", line 187, in execute
    self._hook.submit(self._application)
  File "/home/amadeus/ama/airflow-pipeline-alura/datapipeline/.env/lib/python3.8/site-packages/airflow/contrib/hooks/spark_submit_hook.py", line 403, in submit
    raise AirflowException(
airflow.exceptions.AirflowException: Cannot execute: /home/amadeus/Downloads/spark-3.3.0-bin-hadoop2/bin/spark-submit --master local --name twitter_transformation /home/amadeus/ama/airflow-pipeline-alura/datapipeline/spark/transfortmation.py --src /home/amadeus/ama/airflow-pipeline-alura/datapipeline/datalake/bronze/twitter_flamengomalvadao/teste1 --dest /home/amadeus/ama/airflow-pipeline-alura/datapipeline/datalake/silver/twitter_flamengomalvadao/ --process-date 2022-08-03. Error code is: 1.
[2022-08-04 23:24:01,357] {taskinstance.py:1187} INFO - Marking task as FAILED. dag_id=twitter_dag, task_id=transform_twitter_flamengomalvadao, execution_date=20220803T090000, start_date=20220805T022353, end_date=20220805T022401
[2022-08-04 23:24:03,179] {local_task_job.py:102} INFO - Task exited with return code 1
