[2022-08-04 12:44:24,563] {taskinstance.py:670} INFO - Dependencies all met for <TaskInstance: twitter_dag.transform_twitter_flamengomalvadao 2022-08-01T09:00:00+00:00 [queued]>
[2022-08-04 12:44:24,594] {taskinstance.py:670} INFO - Dependencies all met for <TaskInstance: twitter_dag.transform_twitter_flamengomalvadao 2022-08-01T09:00:00+00:00 [queued]>
[2022-08-04 12:44:24,594] {taskinstance.py:880} INFO - 
--------------------------------------------------------------------------------
[2022-08-04 12:44:24,594] {taskinstance.py:881} INFO - Starting attempt 2 of 2
[2022-08-04 12:44:24,595] {taskinstance.py:882} INFO - 
--------------------------------------------------------------------------------
[2022-08-04 12:44:24,820] {taskinstance.py:901} INFO - Executing <Task(SparkSubmitOperator): transform_twitter_flamengomalvadao> on 2022-08-01T09:00:00+00:00
[2022-08-04 12:44:24,825] {standard_task_runner.py:54} INFO - Started process 133917 to run task
[2022-08-04 12:44:24,959] {standard_task_runner.py:77} INFO - Running: ['airflow', 'run', 'twitter_dag', 'transform_twitter_flamengomalvadao', '2022-08-01T09:00:00+00:00', '--job_id', '43', '--pool', 'default_pool', '--raw', '-sd', 'DAGS_FOLDER/twitter_dag.py', '--cfg_path', '/tmp/tmptt5un7_y']
[2022-08-04 12:44:24,960] {standard_task_runner.py:78} INFO - Job 43: Subtask transform_twitter_flamengomalvadao
[2022-08-04 12:44:25,220] {logging_mixin.py:112} INFO - Running <TaskInstance: twitter_dag.transform_twitter_flamengomalvadao 2022-08-01T09:00:00+00:00 [running]> on host ama
[2022-08-04 12:44:25,327] {base_hook.py:89} INFO - Using connection to: id: spark_default. Host: local, Port: None, Schema: None, Login: None, Password: None, extra: XXXXXXXX
[2022-08-04 12:44:25,329] {spark_submit_hook.py:325} INFO - Spark-Submit cmd: /home/amadeus/Downloads/spark-3.3.0-bin-hadoop2/bin/spark-submit --master local --name twitter_transformation /home/amadeus/ama/airflow-pipeline-alura/datapipeline/spark/transfortmation.py --src /home/amadeus/airflow-pipeline-alura/datapipeline/datalake/bronze/twitter_flamengomalvadao/extract_date=2022-08-01 --dest /home/amadeus/airflow-pipeline-alura/datapipeline/datalake/silver/twitter_flamengomalvadao/ --process-date 2022-08-01
[2022-08-04 12:44:27,384] {spark_submit_hook.py:479} INFO - 22/08/04 12:44:27 WARN Utils: Your hostname, ama resolves to a loopback address: 127.0.1.1; using 192.168.1.12 instead (on interface wlo1)
[2022-08-04 12:44:27,387] {spark_submit_hook.py:479} INFO - 22/08/04 12:44:27 WARN Utils: Set SPARK_LOCAL_IP if you need to bind to another address
[2022-08-04 12:44:28,618] {spark_submit_hook.py:479} INFO - 22/08/04 12:44:28 INFO SparkContext: Running Spark version 3.3.0
[2022-08-04 12:44:28,780] {spark_submit_hook.py:479} INFO - 22/08/04 12:44:28 WARN NativeCodeLoader: Unable to load native-hadoop library for your platform... using builtin-java classes where applicable
[2022-08-04 12:44:28,896] {spark_submit_hook.py:479} INFO - 22/08/04 12:44:28 INFO ResourceUtils: ==============================================================
[2022-08-04 12:44:28,896] {spark_submit_hook.py:479} INFO - 22/08/04 12:44:28 INFO ResourceUtils: No custom resources configured for spark.driver.
[2022-08-04 12:44:28,897] {spark_submit_hook.py:479} INFO - 22/08/04 12:44:28 INFO ResourceUtils: ==============================================================
[2022-08-04 12:44:28,897] {spark_submit_hook.py:479} INFO - 22/08/04 12:44:28 INFO SparkContext: Submitted application: twitter_transformation
[2022-08-04 12:44:28,925] {spark_submit_hook.py:479} INFO - 22/08/04 12:44:28 INFO ResourceProfile: Default ResourceProfile created, executor resources: Map(cores -> name: cores, amount: 1, script: , vendor: , memory -> name: memory, amount: 1024, script: , vendor: , offHeap -> name: offHeap, amount: 0, script: , vendor: ), task resources: Map(cpus -> name: cpus, amount: 1.0)
[2022-08-04 12:44:28,943] {spark_submit_hook.py:479} INFO - 22/08/04 12:44:28 INFO ResourceProfile: Limiting resource is cpu
[2022-08-04 12:44:28,943] {spark_submit_hook.py:479} INFO - 22/08/04 12:44:28 INFO ResourceProfileManager: Added ResourceProfile id: 0
[2022-08-04 12:44:29,009] {spark_submit_hook.py:479} INFO - 22/08/04 12:44:29 INFO SecurityManager: Changing view acls to: amadeus
[2022-08-04 12:44:29,010] {spark_submit_hook.py:479} INFO - 22/08/04 12:44:29 INFO SecurityManager: Changing modify acls to: amadeus
[2022-08-04 12:44:29,010] {spark_submit_hook.py:479} INFO - 22/08/04 12:44:29 INFO SecurityManager: Changing view acls groups to:
[2022-08-04 12:44:29,011] {spark_submit_hook.py:479} INFO - 22/08/04 12:44:29 INFO SecurityManager: Changing modify acls groups to:
[2022-08-04 12:44:29,011] {spark_submit_hook.py:479} INFO - 22/08/04 12:44:29 INFO SecurityManager: SecurityManager: authentication disabled; ui acls disabled; users  with view permissions: Set(amadeus); groups with view permissions: Set(); users  with modify permissions: Set(amadeus); groups with modify permissions: Set()
[2022-08-04 12:44:29,453] {spark_submit_hook.py:479} INFO - 22/08/04 12:44:29 INFO Utils: Successfully started service 'sparkDriver' on port 46231.
[2022-08-04 12:44:29,488] {spark_submit_hook.py:479} INFO - 22/08/04 12:44:29 INFO SparkEnv: Registering MapOutputTracker
[2022-08-04 12:44:29,538] {spark_submit_hook.py:479} INFO - 22/08/04 12:44:29 INFO SparkEnv: Registering BlockManagerMaster
[2022-08-04 12:44:29,568] {spark_submit_hook.py:479} INFO - 22/08/04 12:44:29 INFO BlockManagerMasterEndpoint: Using org.apache.spark.storage.DefaultTopologyMapper for getting topology information
[2022-08-04 12:44:29,569] {spark_submit_hook.py:479} INFO - 22/08/04 12:44:29 INFO BlockManagerMasterEndpoint: BlockManagerMasterEndpoint up
[2022-08-04 12:44:29,575] {spark_submit_hook.py:479} INFO - 22/08/04 12:44:29 INFO SparkEnv: Registering BlockManagerMasterHeartbeat
[2022-08-04 12:44:29,611] {spark_submit_hook.py:479} INFO - 22/08/04 12:44:29 INFO DiskBlockManager: Created local directory at /tmp/blockmgr-1f8b38a9-d33f-4456-b84d-e8d5a191ab1a
[2022-08-04 12:44:29,646] {spark_submit_hook.py:479} INFO - 22/08/04 12:44:29 INFO MemoryStore: MemoryStore started with capacity 434.4 MiB
[2022-08-04 12:44:29,673] {spark_submit_hook.py:479} INFO - 22/08/04 12:44:29 INFO SparkEnv: Registering OutputCommitCoordinator
[2022-08-04 12:44:29,987] {spark_submit_hook.py:479} INFO - 22/08/04 12:44:29 WARN Utils: Service 'SparkUI' could not bind on port 4040. Attempting port 4041.
[2022-08-04 12:44:30,003] {spark_submit_hook.py:479} INFO - 22/08/04 12:44:30 INFO Utils: Successfully started service 'SparkUI' on port 4041.
[2022-08-04 12:44:30,226] {spark_submit_hook.py:479} INFO - 22/08/04 12:44:30 INFO Executor: Starting executor ID driver on host 192.168.1.12
[2022-08-04 12:44:30,239] {spark_submit_hook.py:479} INFO - 22/08/04 12:44:30 INFO Executor: Starting executor with user classpath (userClassPathFirst = false): ''
[2022-08-04 12:44:30,296] {spark_submit_hook.py:479} INFO - 22/08/04 12:44:30 INFO Utils: Successfully started service 'org.apache.spark.network.netty.NettyBlockTransferService' on port 46397.
[2022-08-04 12:44:30,297] {spark_submit_hook.py:479} INFO - 22/08/04 12:44:30 INFO NettyBlockTransferService: Server created on 192.168.1.12:46397
[2022-08-04 12:44:30,302] {spark_submit_hook.py:479} INFO - 22/08/04 12:44:30 INFO BlockManager: Using org.apache.spark.storage.RandomBlockReplicationPolicy for block replication policy
[2022-08-04 12:44:30,321] {spark_submit_hook.py:479} INFO - 22/08/04 12:44:30 INFO BlockManagerMaster: Registering BlockManager BlockManagerId(driver, 192.168.1.12, 46397, None)
[2022-08-04 12:44:30,330] {spark_submit_hook.py:479} INFO - 22/08/04 12:44:30 INFO BlockManagerMasterEndpoint: Registering block manager 192.168.1.12:46397 with 434.4 MiB RAM, BlockManagerId(driver, 192.168.1.12, 46397, None)
[2022-08-04 12:44:30,337] {spark_submit_hook.py:479} INFO - 22/08/04 12:44:30 INFO BlockManagerMaster: Registered BlockManager BlockManagerId(driver, 192.168.1.12, 46397, None)
[2022-08-04 12:44:30,341] {spark_submit_hook.py:479} INFO - 22/08/04 12:44:30 INFO BlockManager: Initialized BlockManager: BlockManagerId(driver, 192.168.1.12, 46397, None)
[2022-08-04 12:44:31,333] {spark_submit_hook.py:479} INFO - 22/08/04 12:44:31 INFO SharedState: Setting hive.metastore.warehouse.dir ('null') to the value of spark.sql.warehouse.dir.
[2022-08-04 12:44:31,342] {spark_submit_hook.py:479} INFO - 22/08/04 12:44:31 INFO SharedState: Warehouse path is 'file:/home/amadeus/ama/airflow-pipeline-alura/datapipeline/spark-warehouse'.
[2022-08-04 12:44:32,788] {spark_submit_hook.py:479} INFO - 22/08/04 12:44:32 INFO InMemoryFileIndex: It took 66 ms to list leaf files for 1 paths.
[2022-08-04 12:44:32,902] {spark_submit_hook.py:479} INFO - 22/08/04 12:44:32 INFO InMemoryFileIndex: It took 3 ms to list leaf files for 1 paths.
[2022-08-04 12:44:36,642] {spark_submit_hook.py:479} INFO - 22/08/04 12:44:36 INFO FileSourceStrategy: Pushed Filters:
[2022-08-04 12:44:36,644] {spark_submit_hook.py:479} INFO - 22/08/04 12:44:36 INFO FileSourceStrategy: Post-Scan Filters:
[2022-08-04 12:44:36,648] {spark_submit_hook.py:479} INFO - 22/08/04 12:44:36 INFO FileSourceStrategy: Output Data Schema: struct<value: string>
[2022-08-04 12:44:37,090] {spark_submit_hook.py:479} INFO - 22/08/04 12:44:37 INFO MemoryStore: Block broadcast_0 stored as values in memory (estimated size 173.7 KiB, free 434.2 MiB)
[2022-08-04 12:44:37,160] {spark_submit_hook.py:479} INFO - 22/08/04 12:44:37 INFO MemoryStore: Block broadcast_0_piece0 stored as bytes in memory (estimated size 24.7 KiB, free 434.2 MiB)
[2022-08-04 12:44:37,164] {spark_submit_hook.py:479} INFO - 22/08/04 12:44:37 INFO BlockManagerInfo: Added broadcast_0_piece0 in memory on 192.168.1.12:46397 (size: 24.7 KiB, free: 434.4 MiB)
[2022-08-04 12:44:37,171] {spark_submit_hook.py:479} INFO - 22/08/04 12:44:37 INFO SparkContext: Created broadcast 0 from json at NativeMethodAccessorImpl.java:0
[2022-08-04 12:44:37,182] {spark_submit_hook.py:479} INFO - 22/08/04 12:44:37 INFO FileSourceScanExec: Planning scan with bin packing, max size: 4227981 bytes, open cost is considered as scanning 4194304 bytes.
[2022-08-04 12:44:37,446] {spark_submit_hook.py:479} INFO - 22/08/04 12:44:37 INFO SparkContext: Starting job: json at NativeMethodAccessorImpl.java:0
[2022-08-04 12:44:37,472] {spark_submit_hook.py:479} INFO - 22/08/04 12:44:37 INFO DAGScheduler: Got job 0 (json at NativeMethodAccessorImpl.java:0) with 1 output partitions
[2022-08-04 12:44:37,472] {spark_submit_hook.py:479} INFO - 22/08/04 12:44:37 INFO DAGScheduler: Final stage: ResultStage 0 (json at NativeMethodAccessorImpl.java:0)
[2022-08-04 12:44:37,473] {spark_submit_hook.py:479} INFO - 22/08/04 12:44:37 INFO DAGScheduler: Parents of final stage: List()
[2022-08-04 12:44:37,475] {spark_submit_hook.py:479} INFO - 22/08/04 12:44:37 INFO DAGScheduler: Missing parents: List()
[2022-08-04 12:44:37,481] {spark_submit_hook.py:479} INFO - 22/08/04 12:44:37 INFO DAGScheduler: Submitting ResultStage 0 (MapPartitionsRDD[3] at json at NativeMethodAccessorImpl.java:0), which has no missing parents
[2022-08-04 12:44:37,648] {spark_submit_hook.py:479} INFO - 22/08/04 12:44:37 INFO MemoryStore: Block broadcast_1 stored as values in memory (estimated size 14.5 KiB, free 434.2 MiB)
[2022-08-04 12:44:37,653] {spark_submit_hook.py:479} INFO - 22/08/04 12:44:37 INFO MemoryStore: Block broadcast_1_piece0 stored as bytes in memory (estimated size 7.0 KiB, free 434.2 MiB)
[2022-08-04 12:44:37,655] {spark_submit_hook.py:479} INFO - 22/08/04 12:44:37 INFO BlockManagerInfo: Added broadcast_1_piece0 in memory on 192.168.1.12:46397 (size: 7.0 KiB, free: 434.4 MiB)
[2022-08-04 12:44:37,656] {spark_submit_hook.py:479} INFO - 22/08/04 12:44:37 INFO SparkContext: Created broadcast 1 from broadcast at DAGScheduler.scala:1513
[2022-08-04 12:44:37,692] {spark_submit_hook.py:479} INFO - 22/08/04 12:44:37 INFO DAGScheduler: Submitting 1 missing tasks from ResultStage 0 (MapPartitionsRDD[3] at json at NativeMethodAccessorImpl.java:0) (first 15 tasks are for partitions Vector(0))
[2022-08-04 12:44:37,694] {spark_submit_hook.py:479} INFO - 22/08/04 12:44:37 INFO TaskSchedulerImpl: Adding task set 0.0 with 1 tasks resource profile 0
[2022-08-04 12:44:37,761] {spark_submit_hook.py:479} INFO - 22/08/04 12:44:37 INFO TaskSetManager: Starting task 0.0 in stage 0.0 (TID 0) (192.168.1.12, executor driver, partition 0, PROCESS_LOCAL, 5023 bytes) taskResourceAssignments Map()
[2022-08-04 12:44:37,780] {spark_submit_hook.py:479} INFO - 22/08/04 12:44:37 INFO Executor: Running task 0.0 in stage 0.0 (TID 0)
[2022-08-04 12:44:37,951] {spark_submit_hook.py:479} INFO - 22/08/04 12:44:37 INFO FileScanRDD: Reading File path: file:///home/amadeus/airflow-pipeline-alura/datapipeline/datalake/bronze/twitter_flamengomalvadao/extract_date=2022-08-01/FlamengoMalvadao_20220801.json, range: 0-33677, partition values: [empty row]
[2022-08-04 12:44:38,336] {spark_submit_hook.py:479} INFO - 22/08/04 12:44:38 INFO CodeGenerator: Code generated in 327.176586 ms
[2022-08-04 12:44:38,476] {spark_submit_hook.py:479} INFO - 22/08/04 12:44:38 INFO Executor: Finished task 0.0 in stage 0.0 (TID 0). 2784 bytes result sent to driver
[2022-08-04 12:44:38,494] {spark_submit_hook.py:479} INFO - 22/08/04 12:44:38 INFO TaskSetManager: Finished task 0.0 in stage 0.0 (TID 0) in 746 ms on 192.168.1.12 (executor driver) (1/1)
[2022-08-04 12:44:38,498] {spark_submit_hook.py:479} INFO - 22/08/04 12:44:38 INFO TaskSchedulerImpl: Removed TaskSet 0.0, whose tasks have all completed, from pool
[2022-08-04 12:44:38,508] {spark_submit_hook.py:479} INFO - 22/08/04 12:44:38 INFO DAGScheduler: ResultStage 0 (json at NativeMethodAccessorImpl.java:0) finished in 1,008 s
[2022-08-04 12:44:38,516] {spark_submit_hook.py:479} INFO - 22/08/04 12:44:38 INFO DAGScheduler: Job 0 is finished. Cancelling potential speculative or zombie tasks for this job
[2022-08-04 12:44:38,517] {spark_submit_hook.py:479} INFO - 22/08/04 12:44:38 INFO TaskSchedulerImpl: Killing all running tasks in stage 0: Stage finished
[2022-08-04 12:44:38,524] {spark_submit_hook.py:479} INFO - 22/08/04 12:44:38 INFO DAGScheduler: Job 0 finished: json at NativeMethodAccessorImpl.java:0, took 1,076548 s
[2022-08-04 12:44:39,042] {spark_submit_hook.py:479} INFO - Traceback (most recent call last):
[2022-08-04 12:44:39,042] {spark_submit_hook.py:479} INFO - File "/home/amadeus/ama/airflow-pipeline-alura/datapipeline/spark/transfortmation.py", line 50, in <module>
[2022-08-04 12:44:39,042] {spark_submit_hook.py:479} INFO - twitter_transform(spark, args.src, args.dest, args.process_date)
[2022-08-04 12:44:39,042] {spark_submit_hook.py:479} INFO - File "/home/amadeus/ama/airflow-pipeline-alura/datapipeline/spark/transfortmation.py", line 28, in twitter_transform
[2022-08-04 12:44:39,042] {spark_submit_hook.py:479} INFO - tweet_df = get_tweets_data(df)
[2022-08-04 12:44:39,042] {spark_submit_hook.py:479} INFO - File "/home/amadeus/ama/airflow-pipeline-alura/datapipeline/spark/transfortmation.py", line 8, in get_tweets_data
[2022-08-04 12:44:39,042] {spark_submit_hook.py:479} INFO - return df\
[2022-08-04 12:44:39,042] {spark_submit_hook.py:479} INFO - File "/home/amadeus/Downloads/spark-3.3.0-bin-hadoop2/python/lib/pyspark.zip/pyspark/sql/dataframe.py", line 2023, in select
[2022-08-04 12:44:39,042] {spark_submit_hook.py:479} INFO - File "/home/amadeus/Downloads/spark-3.3.0-bin-hadoop2/python/lib/py4j-0.10.9.5-src.zip/py4j/java_gateway.py", line 1321, in __call__
[2022-08-04 12:44:39,043] {spark_submit_hook.py:479} INFO - File "/home/amadeus/Downloads/spark-3.3.0-bin-hadoop2/python/lib/pyspark.zip/pyspark/sql/utils.py", line 196, in deco
[2022-08-04 12:44:39,051] {spark_submit_hook.py:479} INFO - pyspark.sql.utils.AnalysisException: No such struct field in_reply_to_user_id in author_id, conversation_id, created_at, id, public_metrics, text
[2022-08-04 12:44:39,120] {spark_submit_hook.py:479} INFO - 22/08/04 12:44:39 INFO SparkContext: Invoking stop() from shutdown hook
[2022-08-04 12:44:39,156] {spark_submit_hook.py:479} INFO - 22/08/04 12:44:39 INFO SparkUI: Stopped Spark web UI at http://192.168.1.12:4041
[2022-08-04 12:44:39,204] {spark_submit_hook.py:479} INFO - 22/08/04 12:44:39 INFO MapOutputTrackerMasterEndpoint: MapOutputTrackerMasterEndpoint stopped!
[2022-08-04 12:44:39,271] {spark_submit_hook.py:479} INFO - 22/08/04 12:44:39 INFO MemoryStore: MemoryStore cleared
[2022-08-04 12:44:39,273] {spark_submit_hook.py:479} INFO - 22/08/04 12:44:39 INFO BlockManager: BlockManager stopped
[2022-08-04 12:44:39,299] {spark_submit_hook.py:479} INFO - 22/08/04 12:44:39 INFO BlockManagerMaster: BlockManagerMaster stopped
[2022-08-04 12:44:39,309] {spark_submit_hook.py:479} INFO - 22/08/04 12:44:39 INFO OutputCommitCoordinator$OutputCommitCoordinatorEndpoint: OutputCommitCoordinator stopped!
[2022-08-04 12:44:39,321] {spark_submit_hook.py:479} INFO - 22/08/04 12:44:39 INFO SparkContext: Successfully stopped SparkContext
[2022-08-04 12:44:39,323] {spark_submit_hook.py:479} INFO - 22/08/04 12:44:39 INFO ShutdownHookManager: Shutdown hook called
[2022-08-04 12:44:39,327] {spark_submit_hook.py:479} INFO - 22/08/04 12:44:39 INFO ShutdownHookManager: Deleting directory /tmp/spark-cb0f15bf-b9e2-4413-95ba-81f5481e6f98/pyspark-5ba68421-8036-4010-bb89-b67e4256568b
[2022-08-04 12:44:39,344] {spark_submit_hook.py:479} INFO - 22/08/04 12:44:39 INFO ShutdownHookManager: Deleting directory /tmp/spark-d47f8b92-719d-4255-86df-f5f3ac0c8c39
[2022-08-04 12:44:39,347] {spark_submit_hook.py:479} INFO - 22/08/04 12:44:39 INFO ShutdownHookManager: Deleting directory /tmp/spark-cb0f15bf-b9e2-4413-95ba-81f5481e6f98
[2022-08-04 12:44:39,418] {taskinstance.py:1150} ERROR - Cannot execute: /home/amadeus/Downloads/spark-3.3.0-bin-hadoop2/bin/spark-submit --master local --name twitter_transformation /home/amadeus/ama/airflow-pipeline-alura/datapipeline/spark/transfortmation.py --src /home/amadeus/airflow-pipeline-alura/datapipeline/datalake/bronze/twitter_flamengomalvadao/extract_date=2022-08-01 --dest /home/amadeus/airflow-pipeline-alura/datapipeline/datalake/silver/twitter_flamengomalvadao/ --process-date 2022-08-01. Error code is: 1.
Traceback (most recent call last):
  File "/home/amadeus/ama/airflow-pipeline-alura/datapipeline/.env/lib/python3.8/site-packages/airflow/models/taskinstance.py", line 984, in _run_raw_task
    result = task_copy.execute(context=context)
  File "/home/amadeus/ama/airflow-pipeline-alura/datapipeline/.env/lib/python3.8/site-packages/airflow/contrib/operators/spark_submit_operator.py", line 187, in execute
    self._hook.submit(self._application)
  File "/home/amadeus/ama/airflow-pipeline-alura/datapipeline/.env/lib/python3.8/site-packages/airflow/contrib/hooks/spark_submit_hook.py", line 403, in submit
    raise AirflowException(
airflow.exceptions.AirflowException: Cannot execute: /home/amadeus/Downloads/spark-3.3.0-bin-hadoop2/bin/spark-submit --master local --name twitter_transformation /home/amadeus/ama/airflow-pipeline-alura/datapipeline/spark/transfortmation.py --src /home/amadeus/airflow-pipeline-alura/datapipeline/datalake/bronze/twitter_flamengomalvadao/extract_date=2022-08-01 --dest /home/amadeus/airflow-pipeline-alura/datapipeline/datalake/silver/twitter_flamengomalvadao/ --process-date 2022-08-01. Error code is: 1.
[2022-08-04 12:44:39,420] {taskinstance.py:1187} INFO - Marking task as FAILED. dag_id=twitter_dag, task_id=transform_twitter_flamengomalvadao, execution_date=20220801T090000, start_date=20220804T154424, end_date=20220804T154439
[2022-08-04 12:44:40,190] {local_task_job.py:102} INFO - Task exited with return code 1
