[2022-08-04 12:47:44,277] {taskinstance.py:670} INFO - Dependencies all met for <TaskInstance: twitter_dag.transform_twitter_flamengomalvadao 2022-08-01T09:00:00+00:00 [queued]>
[2022-08-04 12:47:44,312] {taskinstance.py:670} INFO - Dependencies all met for <TaskInstance: twitter_dag.transform_twitter_flamengomalvadao 2022-08-01T09:00:00+00:00 [queued]>
[2022-08-04 12:47:44,313] {taskinstance.py:880} INFO - 
--------------------------------------------------------------------------------
[2022-08-04 12:47:44,313] {taskinstance.py:881} INFO - Starting attempt 3 of 3
[2022-08-04 12:47:44,313] {taskinstance.py:882} INFO - 
--------------------------------------------------------------------------------
[2022-08-04 12:47:44,630] {taskinstance.py:901} INFO - Executing <Task(SparkSubmitOperator): transform_twitter_flamengomalvadao> on 2022-08-01T09:00:00+00:00
[2022-08-04 12:47:44,636] {standard_task_runner.py:54} INFO - Started process 134673 to run task
[2022-08-04 12:47:44,766] {standard_task_runner.py:77} INFO - Running: ['airflow', 'run', 'twitter_dag', 'transform_twitter_flamengomalvadao', '2022-08-01T09:00:00+00:00', '--job_id', '48', '--pool', 'default_pool', '--raw', '-sd', 'DAGS_FOLDER/twitter_dag.py', '--cfg_path', '/tmp/tmpnqx6jc3j']
[2022-08-04 12:47:44,767] {standard_task_runner.py:78} INFO - Job 48: Subtask transform_twitter_flamengomalvadao
[2022-08-04 12:47:45,068] {logging_mixin.py:112} INFO - Running <TaskInstance: twitter_dag.transform_twitter_flamengomalvadao 2022-08-01T09:00:00+00:00 [running]> on host ama
[2022-08-04 12:47:45,173] {base_hook.py:89} INFO - Using connection to: id: spark_default. Host: local, Port: None, Schema: None, Login: None, Password: None, extra: XXXXXXXX
[2022-08-04 12:47:45,175] {spark_submit_hook.py:325} INFO - Spark-Submit cmd: /home/amadeus/Downloads/spark-3.3.0-bin-hadoop2/bin/spark-submit --master local --name twitter_transformation /home/amadeus/ama/airflow-pipeline-alura/datapipeline/spark/transfortmation.py --src /home/amadeus/airflow-pipeline-alura/datapipeline/datalake/bronze/twitter_flamengomalvadao/extract_date=2022-08-01 --dest /home/amadeus/airflow-pipeline-alura/datapipeline/datalake/silver/twitter_flamengomalvadao/ --process-date 2022-08-01
[2022-08-04 12:47:47,225] {spark_submit_hook.py:479} INFO - 22/08/04 12:47:47 WARN Utils: Your hostname, ama resolves to a loopback address: 127.0.1.1; using 192.168.1.12 instead (on interface wlo1)
[2022-08-04 12:47:47,228] {spark_submit_hook.py:479} INFO - 22/08/04 12:47:47 WARN Utils: Set SPARK_LOCAL_IP if you need to bind to another address
[2022-08-04 12:47:48,694] {spark_submit_hook.py:479} INFO - 22/08/04 12:47:48 INFO SparkContext: Running Spark version 3.3.0
[2022-08-04 12:47:48,844] {spark_submit_hook.py:479} INFO - 22/08/04 12:47:48 WARN NativeCodeLoader: Unable to load native-hadoop library for your platform... using builtin-java classes where applicable
[2022-08-04 12:47:48,965] {spark_submit_hook.py:479} INFO - 22/08/04 12:47:48 INFO ResourceUtils: ==============================================================
[2022-08-04 12:47:48,965] {spark_submit_hook.py:479} INFO - 22/08/04 12:47:48 INFO ResourceUtils: No custom resources configured for spark.driver.
[2022-08-04 12:47:48,965] {spark_submit_hook.py:479} INFO - 22/08/04 12:47:48 INFO ResourceUtils: ==============================================================
[2022-08-04 12:47:48,966] {spark_submit_hook.py:479} INFO - 22/08/04 12:47:48 INFO SparkContext: Submitted application: twitter_transformation
[2022-08-04 12:47:49,000] {spark_submit_hook.py:479} INFO - 22/08/04 12:47:49 INFO ResourceProfile: Default ResourceProfile created, executor resources: Map(cores -> name: cores, amount: 1, script: , vendor: , memory -> name: memory, amount: 1024, script: , vendor: , offHeap -> name: offHeap, amount: 0, script: , vendor: ), task resources: Map(cpus -> name: cpus, amount: 1.0)
[2022-08-04 12:47:49,020] {spark_submit_hook.py:479} INFO - 22/08/04 12:47:49 INFO ResourceProfile: Limiting resource is cpu
[2022-08-04 12:47:49,020] {spark_submit_hook.py:479} INFO - 22/08/04 12:47:49 INFO ResourceProfileManager: Added ResourceProfile id: 0
[2022-08-04 12:47:49,106] {spark_submit_hook.py:479} INFO - 22/08/04 12:47:49 INFO SecurityManager: Changing view acls to: amadeus
[2022-08-04 12:47:49,107] {spark_submit_hook.py:479} INFO - 22/08/04 12:47:49 INFO SecurityManager: Changing modify acls to: amadeus
[2022-08-04 12:47:49,108] {spark_submit_hook.py:479} INFO - 22/08/04 12:47:49 INFO SecurityManager: Changing view acls groups to:
[2022-08-04 12:47:49,108] {spark_submit_hook.py:479} INFO - 22/08/04 12:47:49 INFO SecurityManager: Changing modify acls groups to:
[2022-08-04 12:47:49,109] {spark_submit_hook.py:479} INFO - 22/08/04 12:47:49 INFO SecurityManager: SecurityManager: authentication disabled; ui acls disabled; users  with view permissions: Set(amadeus); groups with view permissions: Set(); users  with modify permissions: Set(amadeus); groups with modify permissions: Set()
[2022-08-04 12:47:49,635] {spark_submit_hook.py:479} INFO - 22/08/04 12:47:49 INFO Utils: Successfully started service 'sparkDriver' on port 38291.
[2022-08-04 12:47:49,677] {spark_submit_hook.py:479} INFO - 22/08/04 12:47:49 INFO SparkEnv: Registering MapOutputTracker
[2022-08-04 12:47:49,731] {spark_submit_hook.py:479} INFO - 22/08/04 12:47:49 INFO SparkEnv: Registering BlockManagerMaster
[2022-08-04 12:47:49,759] {spark_submit_hook.py:479} INFO - 22/08/04 12:47:49 INFO BlockManagerMasterEndpoint: Using org.apache.spark.storage.DefaultTopologyMapper for getting topology information
[2022-08-04 12:47:49,760] {spark_submit_hook.py:479} INFO - 22/08/04 12:47:49 INFO BlockManagerMasterEndpoint: BlockManagerMasterEndpoint up
[2022-08-04 12:47:49,765] {spark_submit_hook.py:479} INFO - 22/08/04 12:47:49 INFO SparkEnv: Registering BlockManagerMasterHeartbeat
[2022-08-04 12:47:49,797] {spark_submit_hook.py:479} INFO - 22/08/04 12:47:49 INFO DiskBlockManager: Created local directory at /tmp/blockmgr-0511bfa7-4274-4fb4-a296-a1490b6ecd12
[2022-08-04 12:47:49,822] {spark_submit_hook.py:479} INFO - 22/08/04 12:47:49 INFO MemoryStore: MemoryStore started with capacity 434.4 MiB
[2022-08-04 12:47:49,848] {spark_submit_hook.py:479} INFO - 22/08/04 12:47:49 INFO SparkEnv: Registering OutputCommitCoordinator
[2022-08-04 12:47:50,207] {spark_submit_hook.py:479} INFO - 22/08/04 12:47:50 WARN Utils: Service 'SparkUI' could not bind on port 4040. Attempting port 4041.
[2022-08-04 12:47:50,218] {spark_submit_hook.py:479} INFO - 22/08/04 12:47:50 INFO Utils: Successfully started service 'SparkUI' on port 4041.
[2022-08-04 12:47:50,387] {spark_submit_hook.py:479} INFO - 22/08/04 12:47:50 INFO Executor: Starting executor ID driver on host 192.168.1.12
[2022-08-04 12:47:50,397] {spark_submit_hook.py:479} INFO - 22/08/04 12:47:50 INFO Executor: Starting executor with user classpath (userClassPathFirst = false): ''
[2022-08-04 12:47:50,425] {spark_submit_hook.py:479} INFO - 22/08/04 12:47:50 INFO Utils: Successfully started service 'org.apache.spark.network.netty.NettyBlockTransferService' on port 41917.
[2022-08-04 12:47:50,426] {spark_submit_hook.py:479} INFO - 22/08/04 12:47:50 INFO NettyBlockTransferService: Server created on 192.168.1.12:41917
[2022-08-04 12:47:50,428] {spark_submit_hook.py:479} INFO - 22/08/04 12:47:50 INFO BlockManager: Using org.apache.spark.storage.RandomBlockReplicationPolicy for block replication policy
[2022-08-04 12:47:50,438] {spark_submit_hook.py:479} INFO - 22/08/04 12:47:50 INFO BlockManagerMaster: Registering BlockManager BlockManagerId(driver, 192.168.1.12, 41917, None)
[2022-08-04 12:47:50,443] {spark_submit_hook.py:479} INFO - 22/08/04 12:47:50 INFO BlockManagerMasterEndpoint: Registering block manager 192.168.1.12:41917 with 434.4 MiB RAM, BlockManagerId(driver, 192.168.1.12, 41917, None)
[2022-08-04 12:47:50,447] {spark_submit_hook.py:479} INFO - 22/08/04 12:47:50 INFO BlockManagerMaster: Registered BlockManager BlockManagerId(driver, 192.168.1.12, 41917, None)
[2022-08-04 12:47:50,449] {spark_submit_hook.py:479} INFO - 22/08/04 12:47:50 INFO BlockManager: Initialized BlockManager: BlockManagerId(driver, 192.168.1.12, 41917, None)
[2022-08-04 12:47:51,244] {spark_submit_hook.py:479} INFO - 22/08/04 12:47:51 INFO SharedState: Setting hive.metastore.warehouse.dir ('null') to the value of spark.sql.warehouse.dir.
[2022-08-04 12:47:51,252] {spark_submit_hook.py:479} INFO - 22/08/04 12:47:51 INFO SharedState: Warehouse path is 'file:/home/amadeus/ama/airflow-pipeline-alura/datapipeline/spark-warehouse'.
[2022-08-04 12:47:52,572] {spark_submit_hook.py:479} INFO - 22/08/04 12:47:52 INFO InMemoryFileIndex: It took 55 ms to list leaf files for 1 paths.
[2022-08-04 12:47:52,666] {spark_submit_hook.py:479} INFO - 22/08/04 12:47:52 INFO InMemoryFileIndex: It took 3 ms to list leaf files for 1 paths.
[2022-08-04 12:47:55,408] {spark_submit_hook.py:479} INFO - 22/08/04 12:47:55 INFO FileSourceStrategy: Pushed Filters:
[2022-08-04 12:47:55,410] {spark_submit_hook.py:479} INFO - 22/08/04 12:47:55 INFO FileSourceStrategy: Post-Scan Filters:
[2022-08-04 12:47:55,413] {spark_submit_hook.py:479} INFO - 22/08/04 12:47:55 INFO FileSourceStrategy: Output Data Schema: struct<value: string>
[2022-08-04 12:47:55,804] {spark_submit_hook.py:479} INFO - 22/08/04 12:47:55 INFO MemoryStore: Block broadcast_0 stored as values in memory (estimated size 173.7 KiB, free 434.2 MiB)
[2022-08-04 12:47:55,872] {spark_submit_hook.py:479} INFO - 22/08/04 12:47:55 INFO MemoryStore: Block broadcast_0_piece0 stored as bytes in memory (estimated size 24.7 KiB, free 434.2 MiB)
[2022-08-04 12:47:55,876] {spark_submit_hook.py:479} INFO - 22/08/04 12:47:55 INFO BlockManagerInfo: Added broadcast_0_piece0 in memory on 192.168.1.12:41917 (size: 24.7 KiB, free: 434.4 MiB)
[2022-08-04 12:47:55,882] {spark_submit_hook.py:479} INFO - 22/08/04 12:47:55 INFO SparkContext: Created broadcast 0 from json at NativeMethodAccessorImpl.java:0
[2022-08-04 12:47:55,894] {spark_submit_hook.py:479} INFO - 22/08/04 12:47:55 INFO FileSourceScanExec: Planning scan with bin packing, max size: 4227981 bytes, open cost is considered as scanning 4194304 bytes.
[2022-08-04 12:47:56,157] {spark_submit_hook.py:479} INFO - 22/08/04 12:47:56 INFO SparkContext: Starting job: json at NativeMethodAccessorImpl.java:0
[2022-08-04 12:47:56,177] {spark_submit_hook.py:479} INFO - 22/08/04 12:47:56 INFO DAGScheduler: Got job 0 (json at NativeMethodAccessorImpl.java:0) with 1 output partitions
[2022-08-04 12:47:56,177] {spark_submit_hook.py:479} INFO - 22/08/04 12:47:56 INFO DAGScheduler: Final stage: ResultStage 0 (json at NativeMethodAccessorImpl.java:0)
[2022-08-04 12:47:56,178] {spark_submit_hook.py:479} INFO - 22/08/04 12:47:56 INFO DAGScheduler: Parents of final stage: List()
[2022-08-04 12:47:56,179] {spark_submit_hook.py:479} INFO - 22/08/04 12:47:56 INFO DAGScheduler: Missing parents: List()
[2022-08-04 12:47:56,185] {spark_submit_hook.py:479} INFO - 22/08/04 12:47:56 INFO DAGScheduler: Submitting ResultStage 0 (MapPartitionsRDD[3] at json at NativeMethodAccessorImpl.java:0), which has no missing parents
[2022-08-04 12:47:56,324] {spark_submit_hook.py:479} INFO - 22/08/04 12:47:56 INFO MemoryStore: Block broadcast_1 stored as values in memory (estimated size 14.5 KiB, free 434.2 MiB)
[2022-08-04 12:47:56,330] {spark_submit_hook.py:479} INFO - 22/08/04 12:47:56 INFO MemoryStore: Block broadcast_1_piece0 stored as bytes in memory (estimated size 7.0 KiB, free 434.2 MiB)
[2022-08-04 12:47:56,332] {spark_submit_hook.py:479} INFO - 22/08/04 12:47:56 INFO BlockManagerInfo: Added broadcast_1_piece0 in memory on 192.168.1.12:41917 (size: 7.0 KiB, free: 434.4 MiB)
[2022-08-04 12:47:56,334] {spark_submit_hook.py:479} INFO - 22/08/04 12:47:56 INFO SparkContext: Created broadcast 1 from broadcast at DAGScheduler.scala:1513
[2022-08-04 12:47:56,369] {spark_submit_hook.py:479} INFO - 22/08/04 12:47:56 INFO DAGScheduler: Submitting 1 missing tasks from ResultStage 0 (MapPartitionsRDD[3] at json at NativeMethodAccessorImpl.java:0) (first 15 tasks are for partitions Vector(0))
[2022-08-04 12:47:56,372] {spark_submit_hook.py:479} INFO - 22/08/04 12:47:56 INFO TaskSchedulerImpl: Adding task set 0.0 with 1 tasks resource profile 0
[2022-08-04 12:47:56,467] {spark_submit_hook.py:479} INFO - 22/08/04 12:47:56 INFO TaskSetManager: Starting task 0.0 in stage 0.0 (TID 0) (192.168.1.12, executor driver, partition 0, PROCESS_LOCAL, 5023 bytes) taskResourceAssignments Map()
[2022-08-04 12:47:56,486] {spark_submit_hook.py:479} INFO - 22/08/04 12:47:56 INFO Executor: Running task 0.0 in stage 0.0 (TID 0)
[2022-08-04 12:47:56,667] {spark_submit_hook.py:479} INFO - 22/08/04 12:47:56 INFO FileScanRDD: Reading File path: file:///home/amadeus/airflow-pipeline-alura/datapipeline/datalake/bronze/twitter_flamengomalvadao/extract_date=2022-08-01/FlamengoMalvadao_20220801.json, range: 0-33677, partition values: [empty row]
[2022-08-04 12:47:56,916] {spark_submit_hook.py:479} INFO - 22/08/04 12:47:56 INFO CodeGenerator: Code generated in 206.431907 ms
[2022-08-04 12:47:56,994] {spark_submit_hook.py:479} INFO - 22/08/04 12:47:56 INFO Executor: Finished task 0.0 in stage 0.0 (TID 0). 2784 bytes result sent to driver
[2022-08-04 12:47:57,004] {spark_submit_hook.py:479} INFO - 22/08/04 12:47:57 INFO TaskSetManager: Finished task 0.0 in stage 0.0 (TID 0) in 549 ms on 192.168.1.12 (executor driver) (1/1)
[2022-08-04 12:47:57,006] {spark_submit_hook.py:479} INFO - 22/08/04 12:47:57 INFO TaskSchedulerImpl: Removed TaskSet 0.0, whose tasks have all completed, from pool
[2022-08-04 12:47:57,015] {spark_submit_hook.py:479} INFO - 22/08/04 12:47:57 INFO DAGScheduler: ResultStage 0 (json at NativeMethodAccessorImpl.java:0) finished in 0,810 s
[2022-08-04 12:47:57,020] {spark_submit_hook.py:479} INFO - 22/08/04 12:47:57 INFO DAGScheduler: Job 0 is finished. Cancelling potential speculative or zombie tasks for this job
[2022-08-04 12:47:57,021] {spark_submit_hook.py:479} INFO - 22/08/04 12:47:57 INFO TaskSchedulerImpl: Killing all running tasks in stage 0: Stage finished
[2022-08-04 12:47:57,025] {spark_submit_hook.py:479} INFO - 22/08/04 12:47:57 INFO DAGScheduler: Job 0 finished: json at NativeMethodAccessorImpl.java:0, took 0,867312 s
[2022-08-04 12:47:57,358] {spark_submit_hook.py:479} INFO - Traceback (most recent call last):
[2022-08-04 12:47:57,358] {spark_submit_hook.py:479} INFO - File "/home/amadeus/ama/airflow-pipeline-alura/datapipeline/spark/transfortmation.py", line 50, in <module>
[2022-08-04 12:47:57,358] {spark_submit_hook.py:479} INFO - twitter_transform(spark, args.src, args.dest, args.process_date)
[2022-08-04 12:47:57,358] {spark_submit_hook.py:479} INFO - File "/home/amadeus/ama/airflow-pipeline-alura/datapipeline/spark/transfortmation.py", line 28, in twitter_transform
[2022-08-04 12:47:57,358] {spark_submit_hook.py:479} INFO - tweet_df = get_tweets_data(df)
[2022-08-04 12:47:57,358] {spark_submit_hook.py:479} INFO - File "/home/amadeus/ama/airflow-pipeline-alura/datapipeline/spark/transfortmation.py", line 8, in get_tweets_data
[2022-08-04 12:47:57,358] {spark_submit_hook.py:479} INFO - return df\
[2022-08-04 12:47:57,358] {spark_submit_hook.py:479} INFO - File "/home/amadeus/Downloads/spark-3.3.0-bin-hadoop2/python/lib/pyspark.zip/pyspark/sql/dataframe.py", line 2023, in select
[2022-08-04 12:47:57,358] {spark_submit_hook.py:479} INFO - File "/home/amadeus/Downloads/spark-3.3.0-bin-hadoop2/python/lib/py4j-0.10.9.5-src.zip/py4j/java_gateway.py", line 1321, in __call__
[2022-08-04 12:47:57,358] {spark_submit_hook.py:479} INFO - File "/home/amadeus/Downloads/spark-3.3.0-bin-hadoop2/python/lib/pyspark.zip/pyspark/sql/utils.py", line 196, in deco
[2022-08-04 12:47:57,383] {spark_submit_hook.py:479} INFO - pyspark.sql.utils.AnalysisException: No such struct field in_reply_to_user_id in author_id, conversation_id, created_at, id, public_metrics, text
[2022-08-04 12:47:57,406] {spark_submit_hook.py:479} INFO - 22/08/04 12:47:57 INFO BlockManagerInfo: Removed broadcast_0_piece0 on 192.168.1.12:41917 in memory (size: 24.7 KiB, free: 434.4 MiB)
[2022-08-04 12:47:57,414] {spark_submit_hook.py:479} INFO - 22/08/04 12:47:57 INFO BlockManagerInfo: Removed broadcast_1_piece0 on 192.168.1.12:41917 in memory (size: 7.0 KiB, free: 434.4 MiB)
[2022-08-04 12:47:57,436] {spark_submit_hook.py:479} INFO - 22/08/04 12:47:57 INFO SparkContext: Invoking stop() from shutdown hook
[2022-08-04 12:47:57,451] {spark_submit_hook.py:479} INFO - 22/08/04 12:47:57 INFO SparkUI: Stopped Spark web UI at http://192.168.1.12:4041
[2022-08-04 12:47:57,466] {spark_submit_hook.py:479} INFO - 22/08/04 12:47:57 INFO MapOutputTrackerMasterEndpoint: MapOutputTrackerMasterEndpoint stopped!
[2022-08-04 12:47:57,476] {spark_submit_hook.py:479} INFO - 22/08/04 12:47:57 INFO MemoryStore: MemoryStore cleared
[2022-08-04 12:47:57,477] {spark_submit_hook.py:479} INFO - 22/08/04 12:47:57 INFO BlockManager: BlockManager stopped
[2022-08-04 12:47:57,481] {spark_submit_hook.py:479} INFO - 22/08/04 12:47:57 INFO BlockManagerMaster: BlockManagerMaster stopped
[2022-08-04 12:47:57,484] {spark_submit_hook.py:479} INFO - 22/08/04 12:47:57 INFO OutputCommitCoordinator$OutputCommitCoordinatorEndpoint: OutputCommitCoordinator stopped!
[2022-08-04 12:47:57,488] {spark_submit_hook.py:479} INFO - 22/08/04 12:47:57 INFO SparkContext: Successfully stopped SparkContext
[2022-08-04 12:47:57,488] {spark_submit_hook.py:479} INFO - 22/08/04 12:47:57 INFO ShutdownHookManager: Shutdown hook called
[2022-08-04 12:47:57,489] {spark_submit_hook.py:479} INFO - 22/08/04 12:47:57 INFO ShutdownHookManager: Deleting directory /tmp/spark-f959f573-45bb-4596-ad3f-0a6e14273a1a
[2022-08-04 12:47:57,492] {spark_submit_hook.py:479} INFO - 22/08/04 12:47:57 INFO ShutdownHookManager: Deleting directory /tmp/spark-ddcfd381-509c-40e8-a2ec-5f5f6245ff20/pyspark-35a036f7-ff92-4aa7-830b-e430e713f580
[2022-08-04 12:47:57,494] {spark_submit_hook.py:479} INFO - 22/08/04 12:47:57 INFO ShutdownHookManager: Deleting directory /tmp/spark-ddcfd381-509c-40e8-a2ec-5f5f6245ff20
[2022-08-04 12:47:57,583] {taskinstance.py:1150} ERROR - Cannot execute: /home/amadeus/Downloads/spark-3.3.0-bin-hadoop2/bin/spark-submit --master local --name twitter_transformation /home/amadeus/ama/airflow-pipeline-alura/datapipeline/spark/transfortmation.py --src /home/amadeus/airflow-pipeline-alura/datapipeline/datalake/bronze/twitter_flamengomalvadao/extract_date=2022-08-01 --dest /home/amadeus/airflow-pipeline-alura/datapipeline/datalake/silver/twitter_flamengomalvadao/ --process-date 2022-08-01. Error code is: 1.
Traceback (most recent call last):
  File "/home/amadeus/ama/airflow-pipeline-alura/datapipeline/.env/lib/python3.8/site-packages/airflow/models/taskinstance.py", line 984, in _run_raw_task
    result = task_copy.execute(context=context)
  File "/home/amadeus/ama/airflow-pipeline-alura/datapipeline/.env/lib/python3.8/site-packages/airflow/contrib/operators/spark_submit_operator.py", line 187, in execute
    self._hook.submit(self._application)
  File "/home/amadeus/ama/airflow-pipeline-alura/datapipeline/.env/lib/python3.8/site-packages/airflow/contrib/hooks/spark_submit_hook.py", line 403, in submit
    raise AirflowException(
airflow.exceptions.AirflowException: Cannot execute: /home/amadeus/Downloads/spark-3.3.0-bin-hadoop2/bin/spark-submit --master local --name twitter_transformation /home/amadeus/ama/airflow-pipeline-alura/datapipeline/spark/transfortmation.py --src /home/amadeus/airflow-pipeline-alura/datapipeline/datalake/bronze/twitter_flamengomalvadao/extract_date=2022-08-01 --dest /home/amadeus/airflow-pipeline-alura/datapipeline/datalake/silver/twitter_flamengomalvadao/ --process-date 2022-08-01. Error code is: 1.
[2022-08-04 12:47:57,586] {taskinstance.py:1187} INFO - Marking task as FAILED. dag_id=twitter_dag, task_id=transform_twitter_flamengomalvadao, execution_date=20220801T090000, start_date=20220804T154744, end_date=20220804T154757
[2022-08-04 12:47:59,005] {local_task_job.py:102} INFO - Task exited with return code 1
