[2022-08-04 13:05:48,881] {taskinstance.py:670} INFO - Dependencies all met for <TaskInstance: twitter_dag.transform_twitter_flamengomalvadao 2022-08-01T09:00:00+00:00 [queued]>
[2022-08-04 13:05:48,910] {taskinstance.py:670} INFO - Dependencies all met for <TaskInstance: twitter_dag.transform_twitter_flamengomalvadao 2022-08-01T09:00:00+00:00 [queued]>
[2022-08-04 13:05:48,910] {taskinstance.py:880} INFO - 
--------------------------------------------------------------------------------
[2022-08-04 13:05:48,910] {taskinstance.py:881} INFO - Starting attempt 4 of 4
[2022-08-04 13:05:48,910] {taskinstance.py:882} INFO - 
--------------------------------------------------------------------------------
[2022-08-04 13:05:49,128] {taskinstance.py:901} INFO - Executing <Task(SparkSubmitOperator): transform_twitter_flamengomalvadao> on 2022-08-01T09:00:00+00:00
[2022-08-04 13:05:49,133] {standard_task_runner.py:54} INFO - Started process 139420 to run task
[2022-08-04 13:05:49,260] {standard_task_runner.py:77} INFO - Running: ['airflow', 'run', 'twitter_dag', 'transform_twitter_flamengomalvadao', '2022-08-01T09:00:00+00:00', '--job_id', '61', '--pool', 'default_pool', '--raw', '-sd', 'DAGS_FOLDER/twitter_dag.py', '--cfg_path', '/tmp/tmp0l7o_5dg']
[2022-08-04 13:05:49,261] {standard_task_runner.py:78} INFO - Job 61: Subtask transform_twitter_flamengomalvadao
[2022-08-04 13:05:49,520] {logging_mixin.py:112} INFO - Running <TaskInstance: twitter_dag.transform_twitter_flamengomalvadao 2022-08-01T09:00:00+00:00 [running]> on host ama
[2022-08-04 13:05:49,638] {base_hook.py:89} INFO - Using connection to: id: spark_default. Host: local, Port: None, Schema: None, Login: None, Password: None, extra: XXXXXXXX
[2022-08-04 13:05:49,641] {spark_submit_hook.py:325} INFO - Spark-Submit cmd: /home/amadeus/Downloads/spark-3.3.0-bin-hadoop2/bin/spark-submit --master local --name twitter_transformation /home/amadeus/ama/airflow-pipeline-alura/datapipeline/spark/transfortmation.py --src /home/amadeus/airflow-pipeline-alura/datapipeline/datalake/bronze/twitter_flamengomalvadao/extract_date=2022-08-01 --dest /home/amadeus/airflow-pipeline-alura/datapipeline/datalake/silver/twitter_flamengomalvadao/ --process-date 2022-08-01
[2022-08-04 13:05:51,896] {spark_submit_hook.py:479} INFO - 22/08/04 13:05:51 WARN Utils: Your hostname, ama resolves to a loopback address: 127.0.1.1; using 192.168.1.12 instead (on interface wlo1)
[2022-08-04 13:05:51,899] {spark_submit_hook.py:479} INFO - 22/08/04 13:05:51 WARN Utils: Set SPARK_LOCAL_IP if you need to bind to another address
[2022-08-04 13:05:53,375] {spark_submit_hook.py:479} INFO - 22/08/04 13:05:53 INFO SparkContext: Running Spark version 3.3.0
[2022-08-04 13:05:53,546] {spark_submit_hook.py:479} INFO - 22/08/04 13:05:53 WARN NativeCodeLoader: Unable to load native-hadoop library for your platform... using builtin-java classes where applicable
[2022-08-04 13:05:53,699] {spark_submit_hook.py:479} INFO - 22/08/04 13:05:53 INFO ResourceUtils: ==============================================================
[2022-08-04 13:05:53,700] {spark_submit_hook.py:479} INFO - 22/08/04 13:05:53 INFO ResourceUtils: No custom resources configured for spark.driver.
[2022-08-04 13:05:53,701] {spark_submit_hook.py:479} INFO - 22/08/04 13:05:53 INFO ResourceUtils: ==============================================================
[2022-08-04 13:05:53,701] {spark_submit_hook.py:479} INFO - 22/08/04 13:05:53 INFO SparkContext: Submitted application: twitter_transformation
[2022-08-04 13:05:53,748] {spark_submit_hook.py:479} INFO - 22/08/04 13:05:53 INFO ResourceProfile: Default ResourceProfile created, executor resources: Map(cores -> name: cores, amount: 1, script: , vendor: , memory -> name: memory, amount: 1024, script: , vendor: , offHeap -> name: offHeap, amount: 0, script: , vendor: ), task resources: Map(cpus -> name: cpus, amount: 1.0)
[2022-08-04 13:05:53,777] {spark_submit_hook.py:479} INFO - 22/08/04 13:05:53 INFO ResourceProfile: Limiting resource is cpu
[2022-08-04 13:05:53,778] {spark_submit_hook.py:479} INFO - 22/08/04 13:05:53 INFO ResourceProfileManager: Added ResourceProfile id: 0
[2022-08-04 13:05:53,868] {spark_submit_hook.py:479} INFO - 22/08/04 13:05:53 INFO SecurityManager: Changing view acls to: amadeus
[2022-08-04 13:05:53,868] {spark_submit_hook.py:479} INFO - 22/08/04 13:05:53 INFO SecurityManager: Changing modify acls to: amadeus
[2022-08-04 13:05:53,869] {spark_submit_hook.py:479} INFO - 22/08/04 13:05:53 INFO SecurityManager: Changing view acls groups to:
[2022-08-04 13:05:53,870] {spark_submit_hook.py:479} INFO - 22/08/04 13:05:53 INFO SecurityManager: Changing modify acls groups to:
[2022-08-04 13:05:53,871] {spark_submit_hook.py:479} INFO - 22/08/04 13:05:53 INFO SecurityManager: SecurityManager: authentication disabled; ui acls disabled; users  with view permissions: Set(amadeus); groups with view permissions: Set(); users  with modify permissions: Set(amadeus); groups with modify permissions: Set()
[2022-08-04 13:05:54,353] {spark_submit_hook.py:479} INFO - 22/08/04 13:05:54 INFO Utils: Successfully started service 'sparkDriver' on port 46255.
[2022-08-04 13:05:54,387] {spark_submit_hook.py:479} INFO - 22/08/04 13:05:54 INFO SparkEnv: Registering MapOutputTracker
[2022-08-04 13:05:54,436] {spark_submit_hook.py:479} INFO - 22/08/04 13:05:54 INFO SparkEnv: Registering BlockManagerMaster
[2022-08-04 13:05:54,465] {spark_submit_hook.py:479} INFO - 22/08/04 13:05:54 INFO BlockManagerMasterEndpoint: Using org.apache.spark.storage.DefaultTopologyMapper for getting topology information
[2022-08-04 13:05:54,466] {spark_submit_hook.py:479} INFO - 22/08/04 13:05:54 INFO BlockManagerMasterEndpoint: BlockManagerMasterEndpoint up
[2022-08-04 13:05:54,472] {spark_submit_hook.py:479} INFO - 22/08/04 13:05:54 INFO SparkEnv: Registering BlockManagerMasterHeartbeat
[2022-08-04 13:05:54,504] {spark_submit_hook.py:479} INFO - 22/08/04 13:05:54 INFO DiskBlockManager: Created local directory at /tmp/blockmgr-bed46ed9-9ba8-498d-ac52-c26a4108952b
[2022-08-04 13:05:54,529] {spark_submit_hook.py:479} INFO - 22/08/04 13:05:54 INFO MemoryStore: MemoryStore started with capacity 434.4 MiB
[2022-08-04 13:05:54,553] {spark_submit_hook.py:479} INFO - 22/08/04 13:05:54 INFO SparkEnv: Registering OutputCommitCoordinator
[2022-08-04 13:05:54,878] {spark_submit_hook.py:479} INFO - 22/08/04 13:05:54 WARN Utils: Service 'SparkUI' could not bind on port 4040. Attempting port 4041.
[2022-08-04 13:05:54,890] {spark_submit_hook.py:479} INFO - 22/08/04 13:05:54 INFO Utils: Successfully started service 'SparkUI' on port 4041.
[2022-08-04 13:05:55,073] {spark_submit_hook.py:479} INFO - 22/08/04 13:05:55 INFO Executor: Starting executor ID driver on host 192.168.1.12
[2022-08-04 13:05:55,087] {spark_submit_hook.py:479} INFO - 22/08/04 13:05:55 INFO Executor: Starting executor with user classpath (userClassPathFirst = false): ''
[2022-08-04 13:05:55,122] {spark_submit_hook.py:479} INFO - 22/08/04 13:05:55 INFO Utils: Successfully started service 'org.apache.spark.network.netty.NettyBlockTransferService' on port 43295.
[2022-08-04 13:05:55,123] {spark_submit_hook.py:479} INFO - 22/08/04 13:05:55 INFO NettyBlockTransferService: Server created on 192.168.1.12:43295
[2022-08-04 13:05:55,126] {spark_submit_hook.py:479} INFO - 22/08/04 13:05:55 INFO BlockManager: Using org.apache.spark.storage.RandomBlockReplicationPolicy for block replication policy
[2022-08-04 13:05:55,138] {spark_submit_hook.py:479} INFO - 22/08/04 13:05:55 INFO BlockManagerMaster: Registering BlockManager BlockManagerId(driver, 192.168.1.12, 43295, None)
[2022-08-04 13:05:55,144] {spark_submit_hook.py:479} INFO - 22/08/04 13:05:55 INFO BlockManagerMasterEndpoint: Registering block manager 192.168.1.12:43295 with 434.4 MiB RAM, BlockManagerId(driver, 192.168.1.12, 43295, None)
[2022-08-04 13:05:55,147] {spark_submit_hook.py:479} INFO - 22/08/04 13:05:55 INFO BlockManagerMaster: Registered BlockManager BlockManagerId(driver, 192.168.1.12, 43295, None)
[2022-08-04 13:05:55,149] {spark_submit_hook.py:479} INFO - 22/08/04 13:05:55 INFO BlockManager: Initialized BlockManager: BlockManagerId(driver, 192.168.1.12, 43295, None)
[2022-08-04 13:05:55,921] {spark_submit_hook.py:479} INFO - 22/08/04 13:05:55 INFO SharedState: Setting hive.metastore.warehouse.dir ('null') to the value of spark.sql.warehouse.dir.
[2022-08-04 13:05:55,927] {spark_submit_hook.py:479} INFO - 22/08/04 13:05:55 INFO SharedState: Warehouse path is 'file:/home/amadeus/ama/airflow-pipeline-alura/datapipeline/spark-warehouse'.
[2022-08-04 13:05:56,944] {spark_submit_hook.py:479} INFO - 22/08/04 13:05:56 INFO InMemoryFileIndex: It took 51 ms to list leaf files for 1 paths.
[2022-08-04 13:05:57,033] {spark_submit_hook.py:479} INFO - 22/08/04 13:05:57 INFO InMemoryFileIndex: It took 2 ms to list leaf files for 1 paths.
[2022-08-04 13:05:59,934] {spark_submit_hook.py:479} INFO - 22/08/04 13:05:59 INFO FileSourceStrategy: Pushed Filters:
[2022-08-04 13:05:59,935] {spark_submit_hook.py:479} INFO - 22/08/04 13:05:59 INFO FileSourceStrategy: Post-Scan Filters:
[2022-08-04 13:05:59,940] {spark_submit_hook.py:479} INFO - 22/08/04 13:05:59 INFO FileSourceStrategy: Output Data Schema: struct<value: string>
[2022-08-04 13:06:00,350] {spark_submit_hook.py:479} INFO - 22/08/04 13:06:00 INFO MemoryStore: Block broadcast_0 stored as values in memory (estimated size 173.7 KiB, free 434.2 MiB)
[2022-08-04 13:06:00,427] {spark_submit_hook.py:479} INFO - 22/08/04 13:06:00 INFO MemoryStore: Block broadcast_0_piece0 stored as bytes in memory (estimated size 24.7 KiB, free 434.2 MiB)
[2022-08-04 13:06:00,431] {spark_submit_hook.py:479} INFO - 22/08/04 13:06:00 INFO BlockManagerInfo: Added broadcast_0_piece0 in memory on 192.168.1.12:43295 (size: 24.7 KiB, free: 434.4 MiB)
[2022-08-04 13:06:00,437] {spark_submit_hook.py:479} INFO - 22/08/04 13:06:00 INFO SparkContext: Created broadcast 0 from json at NativeMethodAccessorImpl.java:0
[2022-08-04 13:06:00,449] {spark_submit_hook.py:479} INFO - 22/08/04 13:06:00 INFO FileSourceScanExec: Planning scan with bin packing, max size: 4227981 bytes, open cost is considered as scanning 4194304 bytes.
[2022-08-04 13:06:00,758] {spark_submit_hook.py:479} INFO - 22/08/04 13:06:00 INFO SparkContext: Starting job: json at NativeMethodAccessorImpl.java:0
[2022-08-04 13:06:00,776] {spark_submit_hook.py:479} INFO - 22/08/04 13:06:00 INFO DAGScheduler: Got job 0 (json at NativeMethodAccessorImpl.java:0) with 1 output partitions
[2022-08-04 13:06:00,777] {spark_submit_hook.py:479} INFO - 22/08/04 13:06:00 INFO DAGScheduler: Final stage: ResultStage 0 (json at NativeMethodAccessorImpl.java:0)
[2022-08-04 13:06:00,777] {spark_submit_hook.py:479} INFO - 22/08/04 13:06:00 INFO DAGScheduler: Parents of final stage: List()
[2022-08-04 13:06:00,779] {spark_submit_hook.py:479} INFO - 22/08/04 13:06:00 INFO DAGScheduler: Missing parents: List()
[2022-08-04 13:06:00,785] {spark_submit_hook.py:479} INFO - 22/08/04 13:06:00 INFO DAGScheduler: Submitting ResultStage 0 (MapPartitionsRDD[3] at json at NativeMethodAccessorImpl.java:0), which has no missing parents
[2022-08-04 13:06:00,903] {spark_submit_hook.py:479} INFO - 22/08/04 13:06:00 INFO MemoryStore: Block broadcast_1 stored as values in memory (estimated size 14.5 KiB, free 434.2 MiB)
[2022-08-04 13:06:00,906] {spark_submit_hook.py:479} INFO - 22/08/04 13:06:00 INFO MemoryStore: Block broadcast_1_piece0 stored as bytes in memory (estimated size 7.0 KiB, free 434.2 MiB)
[2022-08-04 13:06:00,907] {spark_submit_hook.py:479} INFO - 22/08/04 13:06:00 INFO BlockManagerInfo: Added broadcast_1_piece0 in memory on 192.168.1.12:43295 (size: 7.0 KiB, free: 434.4 MiB)
[2022-08-04 13:06:00,908] {spark_submit_hook.py:479} INFO - 22/08/04 13:06:00 INFO SparkContext: Created broadcast 1 from broadcast at DAGScheduler.scala:1513
[2022-08-04 13:06:00,927] {spark_submit_hook.py:479} INFO - 22/08/04 13:06:00 INFO DAGScheduler: Submitting 1 missing tasks from ResultStage 0 (MapPartitionsRDD[3] at json at NativeMethodAccessorImpl.java:0) (first 15 tasks are for partitions Vector(0))
[2022-08-04 13:06:00,929] {spark_submit_hook.py:479} INFO - 22/08/04 13:06:00 INFO TaskSchedulerImpl: Adding task set 0.0 with 1 tasks resource profile 0
[2022-08-04 13:06:01,004] {spark_submit_hook.py:479} INFO - 22/08/04 13:06:01 INFO TaskSetManager: Starting task 0.0 in stage 0.0 (TID 0) (192.168.1.12, executor driver, partition 0, PROCESS_LOCAL, 5023 bytes) taskResourceAssignments Map()
[2022-08-04 13:06:01,027] {spark_submit_hook.py:479} INFO - 22/08/04 13:06:01 INFO Executor: Running task 0.0 in stage 0.0 (TID 0)
[2022-08-04 13:06:01,233] {spark_submit_hook.py:479} INFO - 22/08/04 13:06:01 INFO FileScanRDD: Reading File path: file:///home/amadeus/airflow-pipeline-alura/datapipeline/datalake/bronze/twitter_flamengomalvadao/extract_date=2022-08-01/FlamengoMalvadao_20220801.json, range: 0-33677, partition values: [empty row]
[2022-08-04 13:06:01,482] {spark_submit_hook.py:479} INFO - 22/08/04 13:06:01 INFO CodeGenerator: Code generated in 206.188548 ms
[2022-08-04 13:06:01,565] {spark_submit_hook.py:479} INFO - 22/08/04 13:06:01 INFO Executor: Finished task 0.0 in stage 0.0 (TID 0). 2784 bytes result sent to driver
[2022-08-04 13:06:01,578] {spark_submit_hook.py:479} INFO - 22/08/04 13:06:01 INFO TaskSetManager: Finished task 0.0 in stage 0.0 (TID 0) in 588 ms on 192.168.1.12 (executor driver) (1/1)
[2022-08-04 13:06:01,581] {spark_submit_hook.py:479} INFO - 22/08/04 13:06:01 INFO TaskSchedulerImpl: Removed TaskSet 0.0, whose tasks have all completed, from pool
[2022-08-04 13:06:01,590] {spark_submit_hook.py:479} INFO - 22/08/04 13:06:01 INFO DAGScheduler: ResultStage 0 (json at NativeMethodAccessorImpl.java:0) finished in 0,785 s
[2022-08-04 13:06:01,595] {spark_submit_hook.py:479} INFO - 22/08/04 13:06:01 INFO DAGScheduler: Job 0 is finished. Cancelling potential speculative or zombie tasks for this job
[2022-08-04 13:06:01,595] {spark_submit_hook.py:479} INFO - 22/08/04 13:06:01 INFO TaskSchedulerImpl: Killing all running tasks in stage 0: Stage finished
[2022-08-04 13:06:01,599] {spark_submit_hook.py:479} INFO - 22/08/04 13:06:01 INFO DAGScheduler: Job 0 finished: json at NativeMethodAccessorImpl.java:0, took 0,840793 s
[2022-08-04 13:06:01,954] {spark_submit_hook.py:479} INFO - Traceback (most recent call last):
[2022-08-04 13:06:01,954] {spark_submit_hook.py:479} INFO - File "/home/amadeus/ama/airflow-pipeline-alura/datapipeline/spark/transfortmation.py", line 50, in <module>
[2022-08-04 13:06:01,955] {spark_submit_hook.py:479} INFO - twitter_transform(spark, args.src, args.dest, args.process_date)
[2022-08-04 13:06:01,955] {spark_submit_hook.py:479} INFO - File "/home/amadeus/ama/airflow-pipeline-alura/datapipeline/spark/transfortmation.py", line 28, in twitter_transform
[2022-08-04 13:06:01,955] {spark_submit_hook.py:479} INFO - tweet_df = get_tweets_data(df)
[2022-08-04 13:06:01,955] {spark_submit_hook.py:479} INFO - File "/home/amadeus/ama/airflow-pipeline-alura/datapipeline/spark/transfortmation.py", line 8, in get_tweets_data
[2022-08-04 13:06:01,955] {spark_submit_hook.py:479} INFO - return df\
[2022-08-04 13:06:01,955] {spark_submit_hook.py:479} INFO - File "/home/amadeus/Downloads/spark-3.3.0-bin-hadoop2/python/lib/pyspark.zip/pyspark/sql/dataframe.py", line 2023, in select
[2022-08-04 13:06:01,955] {spark_submit_hook.py:479} INFO - File "/home/amadeus/Downloads/spark-3.3.0-bin-hadoop2/python/lib/py4j-0.10.9.5-src.zip/py4j/java_gateway.py", line 1321, in __call__
[2022-08-04 13:06:01,955] {spark_submit_hook.py:479} INFO - File "/home/amadeus/Downloads/spark-3.3.0-bin-hadoop2/python/lib/pyspark.zip/pyspark/sql/utils.py", line 196, in deco
[2022-08-04 13:06:01,965] {spark_submit_hook.py:479} INFO - pyspark.sql.utils.AnalysisException: No such struct field in_reply_to_user_id in author_id, conversation_id, created_at, id, public_metrics, text
[2022-08-04 13:06:02,073] {spark_submit_hook.py:479} INFO - 22/08/04 13:06:02 INFO SparkContext: Invoking stop() from shutdown hook
[2022-08-04 13:06:02,103] {spark_submit_hook.py:479} INFO - 22/08/04 13:06:02 INFO SparkUI: Stopped Spark web UI at http://192.168.1.12:4041
[2022-08-04 13:06:02,134] {spark_submit_hook.py:479} INFO - 22/08/04 13:06:02 INFO BlockManagerInfo: Removed broadcast_1_piece0 on 192.168.1.12:43295 in memory (size: 7.0 KiB, free: 434.4 MiB)
[2022-08-04 13:06:02,173] {spark_submit_hook.py:479} INFO - 22/08/04 13:06:02 INFO MapOutputTrackerMasterEndpoint: MapOutputTrackerMasterEndpoint stopped!
[2022-08-04 13:06:02,190] {spark_submit_hook.py:479} INFO - 22/08/04 13:06:02 INFO MemoryStore: MemoryStore cleared
[2022-08-04 13:06:02,190] {spark_submit_hook.py:479} INFO - 22/08/04 13:06:02 INFO BlockManager: BlockManager stopped
[2022-08-04 13:06:02,195] {spark_submit_hook.py:479} INFO - 22/08/04 13:06:02 INFO BlockManagerMaster: BlockManagerMaster stopped
[2022-08-04 13:06:02,199] {spark_submit_hook.py:479} INFO - 22/08/04 13:06:02 INFO OutputCommitCoordinator$OutputCommitCoordinatorEndpoint: OutputCommitCoordinator stopped!
[2022-08-04 13:06:02,203] {spark_submit_hook.py:479} INFO - 22/08/04 13:06:02 INFO SparkContext: Successfully stopped SparkContext
[2022-08-04 13:06:02,203] {spark_submit_hook.py:479} INFO - 22/08/04 13:06:02 INFO ShutdownHookManager: Shutdown hook called
[2022-08-04 13:06:02,204] {spark_submit_hook.py:479} INFO - 22/08/04 13:06:02 INFO ShutdownHookManager: Deleting directory /tmp/spark-2966f260-3e6e-4294-bfcb-a33e7357d0a4
[2022-08-04 13:06:02,207] {spark_submit_hook.py:479} INFO - 22/08/04 13:06:02 INFO ShutdownHookManager: Deleting directory /tmp/spark-2966f260-3e6e-4294-bfcb-a33e7357d0a4/pyspark-bcdd0da5-04ea-4928-8894-d989460e82f2
[2022-08-04 13:06:02,209] {spark_submit_hook.py:479} INFO - 22/08/04 13:06:02 INFO ShutdownHookManager: Deleting directory /tmp/spark-83291009-d358-47b6-a0d6-31109b5a964f
[2022-08-04 13:06:02,299] {taskinstance.py:1150} ERROR - Cannot execute: /home/amadeus/Downloads/spark-3.3.0-bin-hadoop2/bin/spark-submit --master local --name twitter_transformation /home/amadeus/ama/airflow-pipeline-alura/datapipeline/spark/transfortmation.py --src /home/amadeus/airflow-pipeline-alura/datapipeline/datalake/bronze/twitter_flamengomalvadao/extract_date=2022-08-01 --dest /home/amadeus/airflow-pipeline-alura/datapipeline/datalake/silver/twitter_flamengomalvadao/ --process-date 2022-08-01. Error code is: 1.
Traceback (most recent call last):
  File "/home/amadeus/ama/airflow-pipeline-alura/datapipeline/.env/lib/python3.8/site-packages/airflow/models/taskinstance.py", line 984, in _run_raw_task
    result = task_copy.execute(context=context)
  File "/home/amadeus/ama/airflow-pipeline-alura/datapipeline/.env/lib/python3.8/site-packages/airflow/contrib/operators/spark_submit_operator.py", line 187, in execute
    self._hook.submit(self._application)
  File "/home/amadeus/ama/airflow-pipeline-alura/datapipeline/.env/lib/python3.8/site-packages/airflow/contrib/hooks/spark_submit_hook.py", line 403, in submit
    raise AirflowException(
airflow.exceptions.AirflowException: Cannot execute: /home/amadeus/Downloads/spark-3.3.0-bin-hadoop2/bin/spark-submit --master local --name twitter_transformation /home/amadeus/ama/airflow-pipeline-alura/datapipeline/spark/transfortmation.py --src /home/amadeus/airflow-pipeline-alura/datapipeline/datalake/bronze/twitter_flamengomalvadao/extract_date=2022-08-01 --dest /home/amadeus/airflow-pipeline-alura/datapipeline/datalake/silver/twitter_flamengomalvadao/ --process-date 2022-08-01. Error code is: 1.
[2022-08-04 13:06:02,302] {taskinstance.py:1187} INFO - Marking task as FAILED. dag_id=twitter_dag, task_id=transform_twitter_flamengomalvadao, execution_date=20220801T090000, start_date=20220804T160548, end_date=20220804T160602
[2022-08-04 13:06:03,672] {local_task_job.py:102} INFO - Task exited with return code 1
