[2022-08-04 16:41:23,611] {taskinstance.py:670} INFO - Dependencies all met for <TaskInstance: twitter_dag.transform_twitter_flamengomalvadao 2022-08-01T09:00:00+00:00 [queued]>
[2022-08-04 16:41:23,623] {taskinstance.py:670} INFO - Dependencies all met for <TaskInstance: twitter_dag.transform_twitter_flamengomalvadao 2022-08-01T09:00:00+00:00 [queued]>
[2022-08-04 16:41:23,623] {taskinstance.py:880} INFO - 
--------------------------------------------------------------------------------
[2022-08-04 16:41:23,623] {taskinstance.py:881} INFO - Starting attempt 5 of 5
[2022-08-04 16:41:23,623] {taskinstance.py:882} INFO - 
--------------------------------------------------------------------------------
[2022-08-04 16:41:23,805] {taskinstance.py:901} INFO - Executing <Task(SparkSubmitOperator): transform_twitter_flamengomalvadao> on 2022-08-01T09:00:00+00:00
[2022-08-04 16:41:23,810] {standard_task_runner.py:54} INFO - Started process 148402 to run task
[2022-08-04 16:41:23,874] {standard_task_runner.py:77} INFO - Running: ['airflow', 'run', 'twitter_dag', 'transform_twitter_flamengomalvadao', '2022-08-01T09:00:00+00:00', '--job_id', '80', '--pool', 'default_pool', '--raw', '-sd', 'DAGS_FOLDER/twitter_dag.py', '--cfg_path', '/tmp/tmpzo9zkqok']
[2022-08-04 16:41:23,875] {standard_task_runner.py:78} INFO - Job 80: Subtask transform_twitter_flamengomalvadao
[2022-08-04 16:41:24,281] {logging_mixin.py:112} INFO - Running <TaskInstance: twitter_dag.transform_twitter_flamengomalvadao 2022-08-01T09:00:00+00:00 [running]> on host ama
[2022-08-04 16:41:24,329] {base_hook.py:89} INFO - Using connection to: id: spark_default. Host: local, Port: None, Schema: None, Login: None, Password: None, extra: XXXXXXXX
[2022-08-04 16:41:24,330] {spark_submit_hook.py:325} INFO - Spark-Submit cmd: /home/amadeus/Downloads/spark-3.3.0-bin-hadoop2/bin/spark-submit --master local --name twitter_transformation /home/amadeus/ama/airflow-pipeline-alura/datapipeline/spark/transfortmation.py --src /home/amadeus/ama/airflow-pipeline-alura/datapipeline/datalake/bronze/twitter_flamengomalvadao/extract_date=2022-08-01 --dest /home/amadeus/ama/airflow-pipeline-alura/datapipeline/datalake/silver/twitter_flamengomalvadao/ --process-date 2022-08-01
[2022-08-04 16:41:25,743] {spark_submit_hook.py:479} INFO - 22/08/04 16:41:25 WARN Utils: Your hostname, ama resolves to a loopback address: 127.0.1.1; using 192.168.1.12 instead (on interface wlo1)
[2022-08-04 16:41:25,746] {spark_submit_hook.py:479} INFO - 22/08/04 16:41:25 WARN Utils: Set SPARK_LOCAL_IP if you need to bind to another address
[2022-08-04 16:41:26,677] {spark_submit_hook.py:479} INFO - 22/08/04 16:41:26 INFO SparkContext: Running Spark version 3.3.0
[2022-08-04 16:41:26,768] {spark_submit_hook.py:479} INFO - 22/08/04 16:41:26 WARN NativeCodeLoader: Unable to load native-hadoop library for your platform... using builtin-java classes where applicable
[2022-08-04 16:41:26,865] {spark_submit_hook.py:479} INFO - 22/08/04 16:41:26 INFO ResourceUtils: ==============================================================
[2022-08-04 16:41:26,866] {spark_submit_hook.py:479} INFO - 22/08/04 16:41:26 INFO ResourceUtils: No custom resources configured for spark.driver.
[2022-08-04 16:41:26,866] {spark_submit_hook.py:479} INFO - 22/08/04 16:41:26 INFO ResourceUtils: ==============================================================
[2022-08-04 16:41:26,867] {spark_submit_hook.py:479} INFO - 22/08/04 16:41:26 INFO SparkContext: Submitted application: twitter_transformation
[2022-08-04 16:41:26,889] {spark_submit_hook.py:479} INFO - 22/08/04 16:41:26 INFO ResourceProfile: Default ResourceProfile created, executor resources: Map(cores -> name: cores, amount: 1, script: , vendor: , memory -> name: memory, amount: 1024, script: , vendor: , offHeap -> name: offHeap, amount: 0, script: , vendor: ), task resources: Map(cpus -> name: cpus, amount: 1.0)
[2022-08-04 16:41:26,902] {spark_submit_hook.py:479} INFO - 22/08/04 16:41:26 INFO ResourceProfile: Limiting resource is cpu
[2022-08-04 16:41:26,902] {spark_submit_hook.py:479} INFO - 22/08/04 16:41:26 INFO ResourceProfileManager: Added ResourceProfile id: 0
[2022-08-04 16:41:26,959] {spark_submit_hook.py:479} INFO - 22/08/04 16:41:26 INFO SecurityManager: Changing view acls to: amadeus
[2022-08-04 16:41:26,959] {spark_submit_hook.py:479} INFO - 22/08/04 16:41:26 INFO SecurityManager: Changing modify acls to: amadeus
[2022-08-04 16:41:26,959] {spark_submit_hook.py:479} INFO - 22/08/04 16:41:26 INFO SecurityManager: Changing view acls groups to:
[2022-08-04 16:41:26,960] {spark_submit_hook.py:479} INFO - 22/08/04 16:41:26 INFO SecurityManager: Changing modify acls groups to:
[2022-08-04 16:41:26,960] {spark_submit_hook.py:479} INFO - 22/08/04 16:41:26 INFO SecurityManager: SecurityManager: authentication disabled; ui acls disabled; users  with view permissions: Set(amadeus); groups with view permissions: Set(); users  with modify permissions: Set(amadeus); groups with modify permissions: Set()
[2022-08-04 16:41:27,194] {spark_submit_hook.py:479} INFO - 22/08/04 16:41:27 INFO Utils: Successfully started service 'sparkDriver' on port 34423.
[2022-08-04 16:41:27,215] {spark_submit_hook.py:479} INFO - 22/08/04 16:41:27 INFO SparkEnv: Registering MapOutputTracker
[2022-08-04 16:41:27,244] {spark_submit_hook.py:479} INFO - 22/08/04 16:41:27 INFO SparkEnv: Registering BlockManagerMaster
[2022-08-04 16:41:27,259] {spark_submit_hook.py:479} INFO - 22/08/04 16:41:27 INFO BlockManagerMasterEndpoint: Using org.apache.spark.storage.DefaultTopologyMapper for getting topology information
[2022-08-04 16:41:27,260] {spark_submit_hook.py:479} INFO - 22/08/04 16:41:27 INFO BlockManagerMasterEndpoint: BlockManagerMasterEndpoint up
[2022-08-04 16:41:27,263] {spark_submit_hook.py:479} INFO - 22/08/04 16:41:27 INFO SparkEnv: Registering BlockManagerMasterHeartbeat
[2022-08-04 16:41:27,290] {spark_submit_hook.py:479} INFO - 22/08/04 16:41:27 INFO DiskBlockManager: Created local directory at /tmp/blockmgr-beb4507a-fcf8-4943-8b64-611989e02e0f
[2022-08-04 16:41:27,308] {spark_submit_hook.py:479} INFO - 22/08/04 16:41:27 INFO MemoryStore: MemoryStore started with capacity 434.4 MiB
[2022-08-04 16:41:27,327] {spark_submit_hook.py:479} INFO - 22/08/04 16:41:27 INFO SparkEnv: Registering OutputCommitCoordinator
[2022-08-04 16:41:27,542] {spark_submit_hook.py:479} INFO - 22/08/04 16:41:27 WARN Utils: Service 'SparkUI' could not bind on port 4040. Attempting port 4041.
[2022-08-04 16:41:27,555] {spark_submit_hook.py:479} INFO - 22/08/04 16:41:27 INFO Utils: Successfully started service 'SparkUI' on port 4041.
[2022-08-04 16:41:27,662] {spark_submit_hook.py:479} INFO - 22/08/04 16:41:27 INFO Executor: Starting executor ID driver on host 192.168.1.12
[2022-08-04 16:41:27,668] {spark_submit_hook.py:479} INFO - 22/08/04 16:41:27 INFO Executor: Starting executor with user classpath (userClassPathFirst = false): ''
[2022-08-04 16:41:27,682] {spark_submit_hook.py:479} INFO - 22/08/04 16:41:27 INFO Utils: Successfully started service 'org.apache.spark.network.netty.NettyBlockTransferService' on port 43945.
[2022-08-04 16:41:27,682] {spark_submit_hook.py:479} INFO - 22/08/04 16:41:27 INFO NettyBlockTransferService: Server created on 192.168.1.12:43945
[2022-08-04 16:41:27,683] {spark_submit_hook.py:479} INFO - 22/08/04 16:41:27 INFO BlockManager: Using org.apache.spark.storage.RandomBlockReplicationPolicy for block replication policy
[2022-08-04 16:41:27,688] {spark_submit_hook.py:479} INFO - 22/08/04 16:41:27 INFO BlockManagerMaster: Registering BlockManager BlockManagerId(driver, 192.168.1.12, 43945, None)
[2022-08-04 16:41:27,691] {spark_submit_hook.py:479} INFO - 22/08/04 16:41:27 INFO BlockManagerMasterEndpoint: Registering block manager 192.168.1.12:43945 with 434.4 MiB RAM, BlockManagerId(driver, 192.168.1.12, 43945, None)
[2022-08-04 16:41:27,693] {spark_submit_hook.py:479} INFO - 22/08/04 16:41:27 INFO BlockManagerMaster: Registered BlockManager BlockManagerId(driver, 192.168.1.12, 43945, None)
[2022-08-04 16:41:27,694] {spark_submit_hook.py:479} INFO - 22/08/04 16:41:27 INFO BlockManager: Initialized BlockManager: BlockManagerId(driver, 192.168.1.12, 43945, None)
[2022-08-04 16:41:28,104] {spark_submit_hook.py:479} INFO - 22/08/04 16:41:28 INFO SharedState: Setting hive.metastore.warehouse.dir ('null') to the value of spark.sql.warehouse.dir.
[2022-08-04 16:41:28,108] {spark_submit_hook.py:479} INFO - 22/08/04 16:41:28 INFO SharedState: Warehouse path is 'file:/home/amadeus/ama/airflow-pipeline-alura/datapipeline/spark-warehouse'.
[2022-08-04 16:41:28,826] {spark_submit_hook.py:479} INFO - 22/08/04 16:41:28 INFO InMemoryFileIndex: It took 38 ms to list leaf files for 1 paths.
[2022-08-04 16:41:28,880] {spark_submit_hook.py:479} INFO - 22/08/04 16:41:28 INFO InMemoryFileIndex: It took 1 ms to list leaf files for 1 paths.
[2022-08-04 16:41:30,306] {spark_submit_hook.py:479} INFO - 22/08/04 16:41:30 INFO FileSourceStrategy: Pushed Filters:
[2022-08-04 16:41:30,307] {spark_submit_hook.py:479} INFO - 22/08/04 16:41:30 INFO FileSourceStrategy: Post-Scan Filters:
[2022-08-04 16:41:30,310] {spark_submit_hook.py:479} INFO - 22/08/04 16:41:30 INFO FileSourceStrategy: Output Data Schema: struct<value: string>
[2022-08-04 16:41:30,533] {spark_submit_hook.py:479} INFO - 22/08/04 16:41:30 INFO MemoryStore: Block broadcast_0 stored as values in memory (estimated size 173.7 KiB, free 434.2 MiB)
[2022-08-04 16:41:30,569] {spark_submit_hook.py:479} INFO - 22/08/04 16:41:30 INFO MemoryStore: Block broadcast_0_piece0 stored as bytes in memory (estimated size 24.7 KiB, free 434.2 MiB)
[2022-08-04 16:41:30,571] {spark_submit_hook.py:479} INFO - 22/08/04 16:41:30 INFO BlockManagerInfo: Added broadcast_0_piece0 in memory on 192.168.1.12:43945 (size: 24.7 KiB, free: 434.4 MiB)
[2022-08-04 16:41:30,575] {spark_submit_hook.py:479} INFO - 22/08/04 16:41:30 INFO SparkContext: Created broadcast 0 from json at NativeMethodAccessorImpl.java:0
[2022-08-04 16:41:30,582] {spark_submit_hook.py:479} INFO - 22/08/04 16:41:30 INFO FileSourceScanExec: Planning scan with bin packing, max size: 4227981 bytes, open cost is considered as scanning 4194304 bytes.
[2022-08-04 16:41:30,756] {spark_submit_hook.py:479} INFO - 22/08/04 16:41:30 INFO SparkContext: Starting job: json at NativeMethodAccessorImpl.java:0
[2022-08-04 16:41:30,769] {spark_submit_hook.py:479} INFO - 22/08/04 16:41:30 INFO DAGScheduler: Got job 0 (json at NativeMethodAccessorImpl.java:0) with 1 output partitions
[2022-08-04 16:41:30,770] {spark_submit_hook.py:479} INFO - 22/08/04 16:41:30 INFO DAGScheduler: Final stage: ResultStage 0 (json at NativeMethodAccessorImpl.java:0)
[2022-08-04 16:41:30,770] {spark_submit_hook.py:479} INFO - 22/08/04 16:41:30 INFO DAGScheduler: Parents of final stage: List()
[2022-08-04 16:41:30,771] {spark_submit_hook.py:479} INFO - 22/08/04 16:41:30 INFO DAGScheduler: Missing parents: List()
[2022-08-04 16:41:30,774] {spark_submit_hook.py:479} INFO - 22/08/04 16:41:30 INFO DAGScheduler: Submitting ResultStage 0 (MapPartitionsRDD[3] at json at NativeMethodAccessorImpl.java:0), which has no missing parents
[2022-08-04 16:41:30,845] {spark_submit_hook.py:479} INFO - 22/08/04 16:41:30 INFO MemoryStore: Block broadcast_1 stored as values in memory (estimated size 14.5 KiB, free 434.2 MiB)
[2022-08-04 16:41:30,846] {spark_submit_hook.py:479} INFO - 22/08/04 16:41:30 INFO MemoryStore: Block broadcast_1_piece0 stored as bytes in memory (estimated size 7.0 KiB, free 434.2 MiB)
[2022-08-04 16:41:30,847] {spark_submit_hook.py:479} INFO - 22/08/04 16:41:30 INFO BlockManagerInfo: Added broadcast_1_piece0 in memory on 192.168.1.12:43945 (size: 7.0 KiB, free: 434.4 MiB)
[2022-08-04 16:41:30,848] {spark_submit_hook.py:479} INFO - 22/08/04 16:41:30 INFO SparkContext: Created broadcast 1 from broadcast at DAGScheduler.scala:1513
[2022-08-04 16:41:30,857] {spark_submit_hook.py:479} INFO - 22/08/04 16:41:30 INFO DAGScheduler: Submitting 1 missing tasks from ResultStage 0 (MapPartitionsRDD[3] at json at NativeMethodAccessorImpl.java:0) (first 15 tasks are for partitions Vector(0))
[2022-08-04 16:41:30,858] {spark_submit_hook.py:479} INFO - 22/08/04 16:41:30 INFO TaskSchedulerImpl: Adding task set 0.0 with 1 tasks resource profile 0
[2022-08-04 16:41:30,897] {spark_submit_hook.py:479} INFO - 22/08/04 16:41:30 INFO TaskSetManager: Starting task 0.0 in stage 0.0 (TID 0) (192.168.1.12, executor driver, partition 0, PROCESS_LOCAL, 5027 bytes) taskResourceAssignments Map()
[2022-08-04 16:41:30,910] {spark_submit_hook.py:479} INFO - 22/08/04 16:41:30 INFO Executor: Running task 0.0 in stage 0.0 (TID 0)
[2022-08-04 16:41:31,012] {spark_submit_hook.py:479} INFO - 22/08/04 16:41:31 INFO FileScanRDD: Reading File path: file:///home/amadeus/ama/airflow-pipeline-alura/datapipeline/datalake/bronze/twitter_flamengomalvadao/extract_date=2022-08-01/FlamengoMalvadao_20220801.json, range: 0-33677, partition values: [empty row]
[2022-08-04 16:41:31,147] {spark_submit_hook.py:479} INFO - 22/08/04 16:41:31 INFO CodeGenerator: Code generated in 111.199804 ms
[2022-08-04 16:41:31,190] {spark_submit_hook.py:479} INFO - 22/08/04 16:41:31 INFO Executor: Finished task 0.0 in stage 0.0 (TID 0). 2784 bytes result sent to driver
[2022-08-04 16:41:31,197] {spark_submit_hook.py:479} INFO - 22/08/04 16:41:31 INFO TaskSetManager: Finished task 0.0 in stage 0.0 (TID 0) in 308 ms on 192.168.1.12 (executor driver) (1/1)
[2022-08-04 16:41:31,199] {spark_submit_hook.py:479} INFO - 22/08/04 16:41:31 INFO TaskSchedulerImpl: Removed TaskSet 0.0, whose tasks have all completed, from pool
[2022-08-04 16:41:31,203] {spark_submit_hook.py:479} INFO - 22/08/04 16:41:31 INFO DAGScheduler: ResultStage 0 (json at NativeMethodAccessorImpl.java:0) finished in 0,417 s
[2022-08-04 16:41:31,206] {spark_submit_hook.py:479} INFO - 22/08/04 16:41:31 INFO DAGScheduler: Job 0 is finished. Cancelling potential speculative or zombie tasks for this job
[2022-08-04 16:41:31,206] {spark_submit_hook.py:479} INFO - 22/08/04 16:41:31 INFO TaskSchedulerImpl: Killing all running tasks in stage 0: Stage finished
[2022-08-04 16:41:31,208] {spark_submit_hook.py:479} INFO - 22/08/04 16:41:31 INFO DAGScheduler: Job 0 finished: json at NativeMethodAccessorImpl.java:0, took 0,451221 s
[2022-08-04 16:41:31,438] {spark_submit_hook.py:479} INFO - Traceback (most recent call last):
[2022-08-04 16:41:31,438] {spark_submit_hook.py:479} INFO - File "/home/amadeus/ama/airflow-pipeline-alura/datapipeline/spark/transfortmation.py", line 50, in <module>
[2022-08-04 16:41:31,438] {spark_submit_hook.py:479} INFO - twitter_transform(spark, args.src, args.dest, args.process_date)
[2022-08-04 16:41:31,438] {spark_submit_hook.py:479} INFO - File "/home/amadeus/ama/airflow-pipeline-alura/datapipeline/spark/transfortmation.py", line 28, in twitter_transform
[2022-08-04 16:41:31,438] {spark_submit_hook.py:479} INFO - tweet_df = get_tweets_data(df)
[2022-08-04 16:41:31,438] {spark_submit_hook.py:479} INFO - File "/home/amadeus/ama/airflow-pipeline-alura/datapipeline/spark/transfortmation.py", line 8, in get_tweets_data
[2022-08-04 16:41:31,438] {spark_submit_hook.py:479} INFO - return df\
[2022-08-04 16:41:31,438] {spark_submit_hook.py:479} INFO - File "/home/amadeus/Downloads/spark-3.3.0-bin-hadoop2/python/lib/pyspark.zip/pyspark/sql/dataframe.py", line 2023, in select
[2022-08-04 16:41:31,438] {spark_submit_hook.py:479} INFO - File "/home/amadeus/Downloads/spark-3.3.0-bin-hadoop2/python/lib/py4j-0.10.9.5-src.zip/py4j/java_gateway.py", line 1321, in __call__
[2022-08-04 16:41:31,438] {spark_submit_hook.py:479} INFO - File "/home/amadeus/Downloads/spark-3.3.0-bin-hadoop2/python/lib/pyspark.zip/pyspark/sql/utils.py", line 196, in deco
[2022-08-04 16:41:31,442] {spark_submit_hook.py:479} INFO - pyspark.sql.utils.AnalysisException: No such struct field in_reply_to_user_id in author_id, conversation_id, created_at, id, public_metrics, text
[2022-08-04 16:41:31,470] {spark_submit_hook.py:479} INFO - 22/08/04 16:41:31 INFO SparkContext: Invoking stop() from shutdown hook
[2022-08-04 16:41:31,478] {spark_submit_hook.py:479} INFO - 22/08/04 16:41:31 INFO SparkUI: Stopped Spark web UI at http://192.168.1.12:4041
[2022-08-04 16:41:31,488] {spark_submit_hook.py:479} INFO - 22/08/04 16:41:31 INFO MapOutputTrackerMasterEndpoint: MapOutputTrackerMasterEndpoint stopped!
[2022-08-04 16:41:31,495] {spark_submit_hook.py:479} INFO - 22/08/04 16:41:31 INFO MemoryStore: MemoryStore cleared
[2022-08-04 16:41:31,496] {spark_submit_hook.py:479} INFO - 22/08/04 16:41:31 INFO BlockManager: BlockManager stopped
[2022-08-04 16:41:31,502] {spark_submit_hook.py:479} INFO - 22/08/04 16:41:31 INFO BlockManagerMaster: BlockManagerMaster stopped
[2022-08-04 16:41:31,504] {spark_submit_hook.py:479} INFO - 22/08/04 16:41:31 INFO OutputCommitCoordinator$OutputCommitCoordinatorEndpoint: OutputCommitCoordinator stopped!
[2022-08-04 16:41:31,507] {spark_submit_hook.py:479} INFO - 22/08/04 16:41:31 INFO SparkContext: Successfully stopped SparkContext
[2022-08-04 16:41:31,507] {spark_submit_hook.py:479} INFO - 22/08/04 16:41:31 INFO ShutdownHookManager: Shutdown hook called
[2022-08-04 16:41:31,508] {spark_submit_hook.py:479} INFO - 22/08/04 16:41:31 INFO ShutdownHookManager: Deleting directory /tmp/spark-fb69d26b-cb71-49b9-8854-88919ec5cb4e
[2022-08-04 16:41:31,509] {spark_submit_hook.py:479} INFO - 22/08/04 16:41:31 INFO ShutdownHookManager: Deleting directory /tmp/spark-fb69d26b-cb71-49b9-8854-88919ec5cb4e/pyspark-029de0f2-33e3-4ddb-9ef5-f59ade0ef50e
[2022-08-04 16:41:31,511] {spark_submit_hook.py:479} INFO - 22/08/04 16:41:31 INFO ShutdownHookManager: Deleting directory /tmp/spark-ba5b5bc9-8259-41f6-af27-9b348e512b30
[2022-08-04 16:41:31,548] {taskinstance.py:1150} ERROR - Cannot execute: /home/amadeus/Downloads/spark-3.3.0-bin-hadoop2/bin/spark-submit --master local --name twitter_transformation /home/amadeus/ama/airflow-pipeline-alura/datapipeline/spark/transfortmation.py --src /home/amadeus/ama/airflow-pipeline-alura/datapipeline/datalake/bronze/twitter_flamengomalvadao/extract_date=2022-08-01 --dest /home/amadeus/ama/airflow-pipeline-alura/datapipeline/datalake/silver/twitter_flamengomalvadao/ --process-date 2022-08-01. Error code is: 1.
Traceback (most recent call last):
  File "/home/amadeus/ama/airflow-pipeline-alura/datapipeline/.env/lib/python3.8/site-packages/airflow/models/taskinstance.py", line 984, in _run_raw_task
    result = task_copy.execute(context=context)
  File "/home/amadeus/ama/airflow-pipeline-alura/datapipeline/.env/lib/python3.8/site-packages/airflow/contrib/operators/spark_submit_operator.py", line 187, in execute
    self._hook.submit(self._application)
  File "/home/amadeus/ama/airflow-pipeline-alura/datapipeline/.env/lib/python3.8/site-packages/airflow/contrib/hooks/spark_submit_hook.py", line 403, in submit
    raise AirflowException(
airflow.exceptions.AirflowException: Cannot execute: /home/amadeus/Downloads/spark-3.3.0-bin-hadoop2/bin/spark-submit --master local --name twitter_transformation /home/amadeus/ama/airflow-pipeline-alura/datapipeline/spark/transfortmation.py --src /home/amadeus/ama/airflow-pipeline-alura/datapipeline/datalake/bronze/twitter_flamengomalvadao/extract_date=2022-08-01 --dest /home/amadeus/ama/airflow-pipeline-alura/datapipeline/datalake/silver/twitter_flamengomalvadao/ --process-date 2022-08-01. Error code is: 1.
[2022-08-04 16:41:31,549] {taskinstance.py:1187} INFO - Marking task as FAILED. dag_id=twitter_dag, task_id=transform_twitter_flamengomalvadao, execution_date=20220801T090000, start_date=20220804T194123, end_date=20220804T194131
[2022-08-04 16:41:33,255] {local_task_job.py:102} INFO - Task exited with return code 1
