[2022-08-04 17:19:02,714] {taskinstance.py:670} INFO - Dependencies all met for <TaskInstance: twitter_dag.transform_twitter_flamengomalvadao 2022-08-01T09:00:00+00:00 [queued]>
[2022-08-04 17:19:03,491] {taskinstance.py:670} INFO - Dependencies all met for <TaskInstance: twitter_dag.transform_twitter_flamengomalvadao 2022-08-01T09:00:00+00:00 [queued]>
[2022-08-04 17:19:03,492] {taskinstance.py:880} INFO - 
--------------------------------------------------------------------------------
[2022-08-04 17:19:03,492] {taskinstance.py:881} INFO - Starting attempt 6 of 6
[2022-08-04 17:19:03,492] {taskinstance.py:882} INFO - 
--------------------------------------------------------------------------------
[2022-08-04 17:19:04,184] {taskinstance.py:901} INFO - Executing <Task(SparkSubmitOperator): transform_twitter_flamengomalvadao> on 2022-08-01T09:00:00+00:00
[2022-08-04 17:19:04,190] {standard_task_runner.py:54} INFO - Started process 155002 to run task
[2022-08-04 17:19:04,257] {standard_task_runner.py:77} INFO - Running: ['airflow', 'run', 'twitter_dag', 'transform_twitter_flamengomalvadao', '2022-08-01T09:00:00+00:00', '--job_id', '94', '--pool', 'default_pool', '--raw', '-sd', 'DAGS_FOLDER/twitter_dag.py', '--cfg_path', '/tmp/tmp4a7ktzry']
[2022-08-04 17:19:04,257] {standard_task_runner.py:78} INFO - Job 94: Subtask transform_twitter_flamengomalvadao
[2022-08-04 17:19:05,131] {logging_mixin.py:112} INFO - Running <TaskInstance: twitter_dag.transform_twitter_flamengomalvadao 2022-08-01T09:00:00+00:00 [running]> on host ama
[2022-08-04 17:19:05,195] {base_hook.py:89} INFO - Using connection to: id: spark_default. Host: local, Port: None, Schema: None, Login: None, Password: None, extra: XXXXXXXX
[2022-08-04 17:19:05,196] {spark_submit_hook.py:325} INFO - Spark-Submit cmd: /home/amadeus/Downloads/spark-3.3.0-bin-hadoop2/bin/spark-submit --master local --name twitter_transformation /home/amadeus/ama/airflow-pipeline-alura/datapipeline/spark/transfortmation.py --src /home/amadeus/ama/airflow-pipeline-alura/datapipeline/datalake/bronze/twitter_flamengomalvadao/extract_date=2022-08-01 --dest /home/amadeus/ama/airflow-pipeline-alura/datapipeline/datalake/silver/twitter_flamengomalvadao/ --process-date 2022-08-01
[2022-08-04 17:19:07,121] {spark_submit_hook.py:479} INFO - 22/08/04 17:19:07 WARN Utils: Your hostname, ama resolves to a loopback address: 127.0.1.1; using 192.168.1.12 instead (on interface wlo1)
[2022-08-04 17:19:07,126] {spark_submit_hook.py:479} INFO - 22/08/04 17:19:07 WARN Utils: Set SPARK_LOCAL_IP if you need to bind to another address
[2022-08-04 17:19:08,543] {spark_submit_hook.py:479} INFO - 22/08/04 17:19:08 INFO SparkContext: Running Spark version 3.3.0
[2022-08-04 17:19:08,667] {spark_submit_hook.py:479} INFO - 22/08/04 17:19:08 WARN NativeCodeLoader: Unable to load native-hadoop library for your platform... using builtin-java classes where applicable
[2022-08-04 17:19:08,746] {spark_submit_hook.py:479} INFO - 22/08/04 17:19:08 INFO ResourceUtils: ==============================================================
[2022-08-04 17:19:08,746] {spark_submit_hook.py:479} INFO - 22/08/04 17:19:08 INFO ResourceUtils: No custom resources configured for spark.driver.
[2022-08-04 17:19:08,747] {spark_submit_hook.py:479} INFO - 22/08/04 17:19:08 INFO ResourceUtils: ==============================================================
[2022-08-04 17:19:08,747] {spark_submit_hook.py:479} INFO - 22/08/04 17:19:08 INFO SparkContext: Submitted application: twitter_transformation
[2022-08-04 17:19:08,764] {spark_submit_hook.py:479} INFO - 22/08/04 17:19:08 INFO ResourceProfile: Default ResourceProfile created, executor resources: Map(cores -> name: cores, amount: 1, script: , vendor: , memory -> name: memory, amount: 1024, script: , vendor: , offHeap -> name: offHeap, amount: 0, script: , vendor: ), task resources: Map(cpus -> name: cpus, amount: 1.0)
[2022-08-04 17:19:08,774] {spark_submit_hook.py:479} INFO - 22/08/04 17:19:08 INFO ResourceProfile: Limiting resource is cpu
[2022-08-04 17:19:08,775] {spark_submit_hook.py:479} INFO - 22/08/04 17:19:08 INFO ResourceProfileManager: Added ResourceProfile id: 0
[2022-08-04 17:19:08,875] {spark_submit_hook.py:479} INFO - 22/08/04 17:19:08 INFO SecurityManager: Changing view acls to: amadeus
[2022-08-04 17:19:08,875] {spark_submit_hook.py:479} INFO - 22/08/04 17:19:08 INFO SecurityManager: Changing modify acls to: amadeus
[2022-08-04 17:19:08,876] {spark_submit_hook.py:479} INFO - 22/08/04 17:19:08 INFO SecurityManager: Changing view acls groups to:
[2022-08-04 17:19:08,876] {spark_submit_hook.py:479} INFO - 22/08/04 17:19:08 INFO SecurityManager: Changing modify acls groups to:
[2022-08-04 17:19:08,877] {spark_submit_hook.py:479} INFO - 22/08/04 17:19:08 INFO SecurityManager: SecurityManager: authentication disabled; ui acls disabled; users  with view permissions: Set(amadeus); groups with view permissions: Set(); users  with modify permissions: Set(amadeus); groups with modify permissions: Set()
[2022-08-04 17:19:09,179] {spark_submit_hook.py:479} INFO - 22/08/04 17:19:09 INFO Utils: Successfully started service 'sparkDriver' on port 32821.
[2022-08-04 17:19:09,212] {spark_submit_hook.py:479} INFO - 22/08/04 17:19:09 INFO SparkEnv: Registering MapOutputTracker
[2022-08-04 17:19:09,261] {spark_submit_hook.py:479} INFO - 22/08/04 17:19:09 INFO SparkEnv: Registering BlockManagerMaster
[2022-08-04 17:19:09,282] {spark_submit_hook.py:479} INFO - 22/08/04 17:19:09 INFO BlockManagerMasterEndpoint: Using org.apache.spark.storage.DefaultTopologyMapper for getting topology information
[2022-08-04 17:19:09,282] {spark_submit_hook.py:479} INFO - 22/08/04 17:19:09 INFO BlockManagerMasterEndpoint: BlockManagerMasterEndpoint up
[2022-08-04 17:19:09,286] {spark_submit_hook.py:479} INFO - 22/08/04 17:19:09 INFO SparkEnv: Registering BlockManagerMasterHeartbeat
[2022-08-04 17:19:09,313] {spark_submit_hook.py:479} INFO - 22/08/04 17:19:09 INFO DiskBlockManager: Created local directory at /tmp/blockmgr-2b7050f6-4c3f-4002-97a2-0069a4b2e473
[2022-08-04 17:19:09,332] {spark_submit_hook.py:479} INFO - 22/08/04 17:19:09 INFO MemoryStore: MemoryStore started with capacity 434.4 MiB
[2022-08-04 17:19:09,352] {spark_submit_hook.py:479} INFO - 22/08/04 17:19:09 INFO SparkEnv: Registering OutputCommitCoordinator
[2022-08-04 17:19:09,578] {spark_submit_hook.py:479} INFO - 22/08/04 17:19:09 WARN Utils: Service 'SparkUI' could not bind on port 4040. Attempting port 4041.
[2022-08-04 17:19:09,586] {spark_submit_hook.py:479} INFO - 22/08/04 17:19:09 INFO Utils: Successfully started service 'SparkUI' on port 4041.
[2022-08-04 17:19:09,707] {spark_submit_hook.py:479} INFO - 22/08/04 17:19:09 INFO Executor: Starting executor ID driver on host 192.168.1.12
[2022-08-04 17:19:09,714] {spark_submit_hook.py:479} INFO - 22/08/04 17:19:09 INFO Executor: Starting executor with user classpath (userClassPathFirst = false): ''
[2022-08-04 17:19:09,733] {spark_submit_hook.py:479} INFO - 22/08/04 17:19:09 INFO Utils: Successfully started service 'org.apache.spark.network.netty.NettyBlockTransferService' on port 37269.
[2022-08-04 17:19:09,733] {spark_submit_hook.py:479} INFO - 22/08/04 17:19:09 INFO NettyBlockTransferService: Server created on 192.168.1.12:37269
[2022-08-04 17:19:09,735] {spark_submit_hook.py:479} INFO - 22/08/04 17:19:09 INFO BlockManager: Using org.apache.spark.storage.RandomBlockReplicationPolicy for block replication policy
[2022-08-04 17:19:09,741] {spark_submit_hook.py:479} INFO - 22/08/04 17:19:09 INFO BlockManagerMaster: Registering BlockManager BlockManagerId(driver, 192.168.1.12, 37269, None)
[2022-08-04 17:19:09,744] {spark_submit_hook.py:479} INFO - 22/08/04 17:19:09 INFO BlockManagerMasterEndpoint: Registering block manager 192.168.1.12:37269 with 434.4 MiB RAM, BlockManagerId(driver, 192.168.1.12, 37269, None)
[2022-08-04 17:19:09,746] {spark_submit_hook.py:479} INFO - 22/08/04 17:19:09 INFO BlockManagerMaster: Registered BlockManager BlockManagerId(driver, 192.168.1.12, 37269, None)
[2022-08-04 17:19:09,747] {spark_submit_hook.py:479} INFO - 22/08/04 17:19:09 INFO BlockManager: Initialized BlockManager: BlockManagerId(driver, 192.168.1.12, 37269, None)
[2022-08-04 17:19:10,157] {spark_submit_hook.py:479} INFO - 22/08/04 17:19:10 INFO SharedState: Setting hive.metastore.warehouse.dir ('null') to the value of spark.sql.warehouse.dir.
[2022-08-04 17:19:10,160] {spark_submit_hook.py:479} INFO - 22/08/04 17:19:10 INFO SharedState: Warehouse path is 'file:/home/amadeus/ama/airflow-pipeline-alura/datapipeline/spark-warehouse'.
[2022-08-04 17:19:10,771] {spark_submit_hook.py:479} INFO - 22/08/04 17:19:10 INFO InMemoryFileIndex: It took 33 ms to list leaf files for 1 paths.
[2022-08-04 17:19:10,827] {spark_submit_hook.py:479} INFO - 22/08/04 17:19:10 INFO InMemoryFileIndex: It took 1 ms to list leaf files for 1 paths.
[2022-08-04 17:19:12,483] {spark_submit_hook.py:479} INFO - 22/08/04 17:19:12 INFO FileSourceStrategy: Pushed Filters:
[2022-08-04 17:19:12,484] {spark_submit_hook.py:479} INFO - 22/08/04 17:19:12 INFO FileSourceStrategy: Post-Scan Filters:
[2022-08-04 17:19:12,487] {spark_submit_hook.py:479} INFO - 22/08/04 17:19:12 INFO FileSourceStrategy: Output Data Schema: struct<value: string>
[2022-08-04 17:19:12,739] {spark_submit_hook.py:479} INFO - 22/08/04 17:19:12 INFO MemoryStore: Block broadcast_0 stored as values in memory (estimated size 173.7 KiB, free 434.2 MiB)
[2022-08-04 17:19:12,785] {spark_submit_hook.py:479} INFO - 22/08/04 17:19:12 INFO MemoryStore: Block broadcast_0_piece0 stored as bytes in memory (estimated size 24.7 KiB, free 434.2 MiB)
[2022-08-04 17:19:12,787] {spark_submit_hook.py:479} INFO - 22/08/04 17:19:12 INFO BlockManagerInfo: Added broadcast_0_piece0 in memory on 192.168.1.12:37269 (size: 24.7 KiB, free: 434.4 MiB)
[2022-08-04 17:19:12,791] {spark_submit_hook.py:479} INFO - 22/08/04 17:19:12 INFO SparkContext: Created broadcast 0 from json at NativeMethodAccessorImpl.java:0
[2022-08-04 17:19:12,799] {spark_submit_hook.py:479} INFO - 22/08/04 17:19:12 INFO FileSourceScanExec: Planning scan with bin packing, max size: 4227981 bytes, open cost is considered as scanning 4194304 bytes.
[2022-08-04 17:19:13,092] {spark_submit_hook.py:479} INFO - 22/08/04 17:19:13 INFO SparkContext: Starting job: json at NativeMethodAccessorImpl.java:0
[2022-08-04 17:19:13,109] {spark_submit_hook.py:479} INFO - 22/08/04 17:19:13 INFO DAGScheduler: Got job 0 (json at NativeMethodAccessorImpl.java:0) with 1 output partitions
[2022-08-04 17:19:13,109] {spark_submit_hook.py:479} INFO - 22/08/04 17:19:13 INFO DAGScheduler: Final stage: ResultStage 0 (json at NativeMethodAccessorImpl.java:0)
[2022-08-04 17:19:13,110] {spark_submit_hook.py:479} INFO - 22/08/04 17:19:13 INFO DAGScheduler: Parents of final stage: List()
[2022-08-04 17:19:13,111] {spark_submit_hook.py:479} INFO - 22/08/04 17:19:13 INFO DAGScheduler: Missing parents: List()
[2022-08-04 17:19:13,115] {spark_submit_hook.py:479} INFO - 22/08/04 17:19:13 INFO DAGScheduler: Submitting ResultStage 0 (MapPartitionsRDD[3] at json at NativeMethodAccessorImpl.java:0), which has no missing parents
[2022-08-04 17:19:13,252] {spark_submit_hook.py:479} INFO - 22/08/04 17:19:13 INFO MemoryStore: Block broadcast_1 stored as values in memory (estimated size 14.5 KiB, free 434.2 MiB)
[2022-08-04 17:19:13,254] {spark_submit_hook.py:479} INFO - 22/08/04 17:19:13 INFO MemoryStore: Block broadcast_1_piece0 stored as bytes in memory (estimated size 7.0 KiB, free 434.2 MiB)
[2022-08-04 17:19:13,255] {spark_submit_hook.py:479} INFO - 22/08/04 17:19:13 INFO BlockManagerInfo: Added broadcast_1_piece0 in memory on 192.168.1.12:37269 (size: 7.0 KiB, free: 434.4 MiB)
[2022-08-04 17:19:13,256] {spark_submit_hook.py:479} INFO - 22/08/04 17:19:13 INFO SparkContext: Created broadcast 1 from broadcast at DAGScheduler.scala:1513
[2022-08-04 17:19:13,272] {spark_submit_hook.py:479} INFO - 22/08/04 17:19:13 INFO DAGScheduler: Submitting 1 missing tasks from ResultStage 0 (MapPartitionsRDD[3] at json at NativeMethodAccessorImpl.java:0) (first 15 tasks are for partitions Vector(0))
[2022-08-04 17:19:13,274] {spark_submit_hook.py:479} INFO - 22/08/04 17:19:13 INFO TaskSchedulerImpl: Adding task set 0.0 with 1 tasks resource profile 0
[2022-08-04 17:19:13,332] {spark_submit_hook.py:479} INFO - 22/08/04 17:19:13 INFO TaskSetManager: Starting task 0.0 in stage 0.0 (TID 0) (192.168.1.12, executor driver, partition 0, PROCESS_LOCAL, 5027 bytes) taskResourceAssignments Map()
[2022-08-04 17:19:13,351] {spark_submit_hook.py:479} INFO - 22/08/04 17:19:13 INFO Executor: Running task 0.0 in stage 0.0 (TID 0)
[2022-08-04 17:19:13,583] {spark_submit_hook.py:479} INFO - 22/08/04 17:19:13 INFO FileScanRDD: Reading File path: file:///home/amadeus/ama/airflow-pipeline-alura/datapipeline/datalake/bronze/twitter_flamengomalvadao/extract_date=2022-08-01/FlamengoMalvadao_20220801.json, range: 0-33677, partition values: [empty row]
[2022-08-04 17:19:13,848] {spark_submit_hook.py:479} INFO - 22/08/04 17:19:13 INFO CodeGenerator: Code generated in 219.215988 ms
[2022-08-04 17:19:13,914] {spark_submit_hook.py:479} INFO - 22/08/04 17:19:13 INFO Executor: Finished task 0.0 in stage 0.0 (TID 0). 2784 bytes result sent to driver
[2022-08-04 17:19:13,923] {spark_submit_hook.py:479} INFO - 22/08/04 17:19:13 INFO TaskSetManager: Finished task 0.0 in stage 0.0 (TID 0) in 602 ms on 192.168.1.12 (executor driver) (1/1)
[2022-08-04 17:19:13,927] {spark_submit_hook.py:479} INFO - 22/08/04 17:19:13 INFO TaskSchedulerImpl: Removed TaskSet 0.0, whose tasks have all completed, from pool
[2022-08-04 17:19:13,936] {spark_submit_hook.py:479} INFO - 22/08/04 17:19:13 INFO DAGScheduler: ResultStage 0 (json at NativeMethodAccessorImpl.java:0) finished in 0,804 s
[2022-08-04 17:19:13,942] {spark_submit_hook.py:479} INFO - 22/08/04 17:19:13 INFO DAGScheduler: Job 0 is finished. Cancelling potential speculative or zombie tasks for this job
[2022-08-04 17:19:13,943] {spark_submit_hook.py:479} INFO - 22/08/04 17:19:13 INFO TaskSchedulerImpl: Killing all running tasks in stage 0: Stage finished
[2022-08-04 17:19:13,947] {spark_submit_hook.py:479} INFO - 22/08/04 17:19:13 INFO DAGScheduler: Job 0 finished: json at NativeMethodAccessorImpl.java:0, took 0,854388 s
[2022-08-04 17:19:14,249] {spark_submit_hook.py:479} INFO - 22/08/04 17:19:14 INFO BlockManagerInfo: Removed broadcast_0_piece0 on 192.168.1.12:37269 in memory (size: 24.7 KiB, free: 434.4 MiB)
[2022-08-04 17:19:14,303] {spark_submit_hook.py:479} INFO - 22/08/04 17:19:14 INFO BlockManagerInfo: Removed broadcast_1_piece0 on 192.168.1.12:37269 in memory (size: 7.0 KiB, free: 434.4 MiB)
[2022-08-04 17:19:14,390] {spark_submit_hook.py:479} INFO - Traceback (most recent call last):
[2022-08-04 17:19:14,390] {spark_submit_hook.py:479} INFO - File "/home/amadeus/ama/airflow-pipeline-alura/datapipeline/spark/transfortmation.py", line 50, in <module>
[2022-08-04 17:19:14,391] {spark_submit_hook.py:479} INFO - twitter_transform(spark, args.src, args.dest, args.process_date)
[2022-08-04 17:19:14,391] {spark_submit_hook.py:479} INFO - File "/home/amadeus/ama/airflow-pipeline-alura/datapipeline/spark/transfortmation.py", line 28, in twitter_transform
[2022-08-04 17:19:14,391] {spark_submit_hook.py:479} INFO - tweet_df = get_tweets_data(df)
[2022-08-04 17:19:14,391] {spark_submit_hook.py:479} INFO - File "/home/amadeus/ama/airflow-pipeline-alura/datapipeline/spark/transfortmation.py", line 8, in get_tweets_data
[2022-08-04 17:19:14,391] {spark_submit_hook.py:479} INFO - return df\
[2022-08-04 17:19:14,391] {spark_submit_hook.py:479} INFO - File "/home/amadeus/Downloads/spark-3.3.0-bin-hadoop2/python/lib/pyspark.zip/pyspark/sql/dataframe.py", line 2023, in select
[2022-08-04 17:19:14,391] {spark_submit_hook.py:479} INFO - File "/home/amadeus/Downloads/spark-3.3.0-bin-hadoop2/python/lib/py4j-0.10.9.5-src.zip/py4j/java_gateway.py", line 1321, in __call__
[2022-08-04 17:19:14,391] {spark_submit_hook.py:479} INFO - File "/home/amadeus/Downloads/spark-3.3.0-bin-hadoop2/python/lib/pyspark.zip/pyspark/sql/utils.py", line 196, in deco
[2022-08-04 17:19:14,399] {spark_submit_hook.py:479} INFO - pyspark.sql.utils.AnalysisException: No such struct field in_reply_to_user_id in author_id, conversation_id, created_at, id, public_metrics, text
[2022-08-04 17:19:14,448] {spark_submit_hook.py:479} INFO - 22/08/04 17:19:14 INFO SparkContext: Invoking stop() from shutdown hook
[2022-08-04 17:19:14,461] {spark_submit_hook.py:479} INFO - 22/08/04 17:19:14 INFO SparkUI: Stopped Spark web UI at http://192.168.1.12:4041
[2022-08-04 17:19:14,476] {spark_submit_hook.py:479} INFO - 22/08/04 17:19:14 INFO MapOutputTrackerMasterEndpoint: MapOutputTrackerMasterEndpoint stopped!
[2022-08-04 17:19:14,486] {spark_submit_hook.py:479} INFO - 22/08/04 17:19:14 INFO MemoryStore: MemoryStore cleared
[2022-08-04 17:19:14,486] {spark_submit_hook.py:479} INFO - 22/08/04 17:19:14 INFO BlockManager: BlockManager stopped
[2022-08-04 17:19:14,491] {spark_submit_hook.py:479} INFO - 22/08/04 17:19:14 INFO BlockManagerMaster: BlockManagerMaster stopped
[2022-08-04 17:19:14,495] {spark_submit_hook.py:479} INFO - 22/08/04 17:19:14 INFO OutputCommitCoordinator$OutputCommitCoordinatorEndpoint: OutputCommitCoordinator stopped!
[2022-08-04 17:19:14,499] {spark_submit_hook.py:479} INFO - 22/08/04 17:19:14 INFO SparkContext: Successfully stopped SparkContext
[2022-08-04 17:19:14,499] {spark_submit_hook.py:479} INFO - 22/08/04 17:19:14 INFO ShutdownHookManager: Shutdown hook called
[2022-08-04 17:19:14,500] {spark_submit_hook.py:479} INFO - 22/08/04 17:19:14 INFO ShutdownHookManager: Deleting directory /tmp/spark-b9c10ce0-65ab-4093-a3a4-d85ce087e98d/pyspark-00c1b66b-4a55-4e09-92f6-dabeab91f166
[2022-08-04 17:19:14,502] {spark_submit_hook.py:479} INFO - 22/08/04 17:19:14 INFO ShutdownHookManager: Deleting directory /tmp/spark-b9c10ce0-65ab-4093-a3a4-d85ce087e98d
[2022-08-04 17:19:14,503] {spark_submit_hook.py:479} INFO - 22/08/04 17:19:14 INFO ShutdownHookManager: Deleting directory /tmp/spark-086008ce-872c-413b-a9d0-a057989fca3f
[2022-08-04 17:19:15,097] {taskinstance.py:1150} ERROR - Cannot execute: /home/amadeus/Downloads/spark-3.3.0-bin-hadoop2/bin/spark-submit --master local --name twitter_transformation /home/amadeus/ama/airflow-pipeline-alura/datapipeline/spark/transfortmation.py --src /home/amadeus/ama/airflow-pipeline-alura/datapipeline/datalake/bronze/twitter_flamengomalvadao/extract_date=2022-08-01 --dest /home/amadeus/ama/airflow-pipeline-alura/datapipeline/datalake/silver/twitter_flamengomalvadao/ --process-date 2022-08-01. Error code is: 1.
Traceback (most recent call last):
  File "/home/amadeus/ama/airflow-pipeline-alura/datapipeline/.env/lib/python3.8/site-packages/airflow/models/taskinstance.py", line 984, in _run_raw_task
    result = task_copy.execute(context=context)
  File "/home/amadeus/ama/airflow-pipeline-alura/datapipeline/.env/lib/python3.8/site-packages/airflow/contrib/operators/spark_submit_operator.py", line 187, in execute
    self._hook.submit(self._application)
  File "/home/amadeus/ama/airflow-pipeline-alura/datapipeline/.env/lib/python3.8/site-packages/airflow/contrib/hooks/spark_submit_hook.py", line 403, in submit
    raise AirflowException(
airflow.exceptions.AirflowException: Cannot execute: /home/amadeus/Downloads/spark-3.3.0-bin-hadoop2/bin/spark-submit --master local --name twitter_transformation /home/amadeus/ama/airflow-pipeline-alura/datapipeline/spark/transfortmation.py --src /home/amadeus/ama/airflow-pipeline-alura/datapipeline/datalake/bronze/twitter_flamengomalvadao/extract_date=2022-08-01 --dest /home/amadeus/ama/airflow-pipeline-alura/datapipeline/datalake/silver/twitter_flamengomalvadao/ --process-date 2022-08-01. Error code is: 1.
[2022-08-04 17:19:15,100] {taskinstance.py:1187} INFO - Marking task as FAILED. dag_id=twitter_dag, task_id=transform_twitter_flamengomalvadao, execution_date=20220801T090000, start_date=20220804T201902, end_date=20220804T201915
[2022-08-04 17:19:17,262] {local_task_job.py:102} INFO - Task exited with return code 1
