[2022-08-04 23:31:17,315] {taskinstance.py:670} INFO - Dependencies all met for <TaskInstance: twitter_dag.transform_twitter_flamengomalvadao 2022-08-01T09:00:00+00:00 [queued]>
[2022-08-04 23:31:17,343] {taskinstance.py:670} INFO - Dependencies all met for <TaskInstance: twitter_dag.transform_twitter_flamengomalvadao 2022-08-01T09:00:00+00:00 [queued]>
[2022-08-04 23:31:17,344] {taskinstance.py:880} INFO - 
--------------------------------------------------------------------------------
[2022-08-04 23:31:17,344] {taskinstance.py:881} INFO - Starting attempt 8 of 8
[2022-08-04 23:31:17,344] {taskinstance.py:882} INFO - 
--------------------------------------------------------------------------------
[2022-08-04 23:31:17,570] {taskinstance.py:901} INFO - Executing <Task(SparkSubmitOperator): transform_twitter_flamengomalvadao> on 2022-08-01T09:00:00+00:00
[2022-08-04 23:31:17,576] {standard_task_runner.py:54} INFO - Started process 166680 to run task
[2022-08-04 23:31:17,712] {standard_task_runner.py:77} INFO - Running: ['airflow', 'run', 'twitter_dag', 'transform_twitter_flamengomalvadao', '2022-08-01T09:00:00+00:00', '--job_id', '119', '--pool', 'default_pool', '--raw', '-sd', 'DAGS_FOLDER/twitter_dag.py', '--cfg_path', '/tmp/tmp6v5obss3']
[2022-08-04 23:31:17,713] {standard_task_runner.py:78} INFO - Job 119: Subtask transform_twitter_flamengomalvadao
[2022-08-04 23:31:17,981] {logging_mixin.py:112} INFO - Running <TaskInstance: twitter_dag.transform_twitter_flamengomalvadao 2022-08-01T09:00:00+00:00 [running]> on host ama
[2022-08-04 23:31:18,083] {base_hook.py:89} INFO - Using connection to: id: spark_default. Host: local, Port: None, Schema: None, Login: None, Password: None, extra: XXXXXXXX
[2022-08-04 23:31:18,085] {spark_submit_hook.py:325} INFO - Spark-Submit cmd: /home/amadeus/Downloads/spark-3.3.0-bin-hadoop2/bin/spark-submit --master local --name twitter_transformation /home/amadeus/ama/airflow-pipeline-alura/datapipeline/spark/transfortmation.py --src /home/amadeus/ama/airflow-pipeline-alura/datapipeline/datalake/bronze/twitter_flamengomalvadao/extract_date=2022-08-01 --dest /home/amadeus/ama/airflow-pipeline-alura/datapipeline/datalake/silver/twitter_flamengomalvadao/ --process-date 2022-08-01
[2022-08-04 23:31:20,189] {spark_submit_hook.py:479} INFO - 22/08/04 23:31:20 WARN Utils: Your hostname, ama resolves to a loopback address: 127.0.1.1; using 192.168.0.20 instead (on interface wlo1)
[2022-08-04 23:31:20,194] {spark_submit_hook.py:479} INFO - 22/08/04 23:31:20 WARN Utils: Set SPARK_LOCAL_IP if you need to bind to another address
[2022-08-04 23:31:22,047] {spark_submit_hook.py:479} INFO - 22/08/04 23:31:22 INFO SparkContext: Running Spark version 3.3.0
[2022-08-04 23:31:22,246] {spark_submit_hook.py:479} INFO - 22/08/04 23:31:22 WARN NativeCodeLoader: Unable to load native-hadoop library for your platform... using builtin-java classes where applicable
[2022-08-04 23:31:22,404] {spark_submit_hook.py:479} INFO - 22/08/04 23:31:22 INFO ResourceUtils: ==============================================================
[2022-08-04 23:31:22,404] {spark_submit_hook.py:479} INFO - 22/08/04 23:31:22 INFO ResourceUtils: No custom resources configured for spark.driver.
[2022-08-04 23:31:22,404] {spark_submit_hook.py:479} INFO - 22/08/04 23:31:22 INFO ResourceUtils: ==============================================================
[2022-08-04 23:31:22,405] {spark_submit_hook.py:479} INFO - 22/08/04 23:31:22 INFO SparkContext: Submitted application: twitter_transformation
[2022-08-04 23:31:22,434] {spark_submit_hook.py:479} INFO - 22/08/04 23:31:22 INFO ResourceProfile: Default ResourceProfile created, executor resources: Map(cores -> name: cores, amount: 1, script: , vendor: , memory -> name: memory, amount: 1024, script: , vendor: , offHeap -> name: offHeap, amount: 0, script: , vendor: ), task resources: Map(cpus -> name: cpus, amount: 1.0)
[2022-08-04 23:31:22,453] {spark_submit_hook.py:479} INFO - 22/08/04 23:31:22 INFO ResourceProfile: Limiting resource is cpu
[2022-08-04 23:31:22,454] {spark_submit_hook.py:479} INFO - 22/08/04 23:31:22 INFO ResourceProfileManager: Added ResourceProfile id: 0
[2022-08-04 23:31:22,524] {spark_submit_hook.py:479} INFO - 22/08/04 23:31:22 INFO SecurityManager: Changing view acls to: amadeus
[2022-08-04 23:31:22,525] {spark_submit_hook.py:479} INFO - 22/08/04 23:31:22 INFO SecurityManager: Changing modify acls to: amadeus
[2022-08-04 23:31:22,526] {spark_submit_hook.py:479} INFO - 22/08/04 23:31:22 INFO SecurityManager: Changing view acls groups to:
[2022-08-04 23:31:22,526] {spark_submit_hook.py:479} INFO - 22/08/04 23:31:22 INFO SecurityManager: Changing modify acls groups to:
[2022-08-04 23:31:22,527] {spark_submit_hook.py:479} INFO - 22/08/04 23:31:22 INFO SecurityManager: SecurityManager: authentication disabled; ui acls disabled; users  with view permissions: Set(amadeus); groups with view permissions: Set(); users  with modify permissions: Set(amadeus); groups with modify permissions: Set()
[2022-08-04 23:31:22,999] {spark_submit_hook.py:479} INFO - 22/08/04 23:31:22 INFO Utils: Successfully started service 'sparkDriver' on port 34013.
[2022-08-04 23:31:23,034] {spark_submit_hook.py:479} INFO - 22/08/04 23:31:23 INFO SparkEnv: Registering MapOutputTracker
[2022-08-04 23:31:23,083] {spark_submit_hook.py:479} INFO - 22/08/04 23:31:23 INFO SparkEnv: Registering BlockManagerMaster
[2022-08-04 23:31:23,111] {spark_submit_hook.py:479} INFO - 22/08/04 23:31:23 INFO BlockManagerMasterEndpoint: Using org.apache.spark.storage.DefaultTopologyMapper for getting topology information
[2022-08-04 23:31:23,112] {spark_submit_hook.py:479} INFO - 22/08/04 23:31:23 INFO BlockManagerMasterEndpoint: BlockManagerMasterEndpoint up
[2022-08-04 23:31:23,118] {spark_submit_hook.py:479} INFO - 22/08/04 23:31:23 INFO SparkEnv: Registering BlockManagerMasterHeartbeat
[2022-08-04 23:31:23,150] {spark_submit_hook.py:479} INFO - 22/08/04 23:31:23 INFO DiskBlockManager: Created local directory at /tmp/blockmgr-504d6a28-ccc5-4ca8-a506-cc3f9162dbf2
[2022-08-04 23:31:23,176] {spark_submit_hook.py:479} INFO - 22/08/04 23:31:23 INFO MemoryStore: MemoryStore started with capacity 434.4 MiB
[2022-08-04 23:31:23,200] {spark_submit_hook.py:479} INFO - 22/08/04 23:31:23 INFO SparkEnv: Registering OutputCommitCoordinator
[2022-08-04 23:31:23,538] {spark_submit_hook.py:479} INFO - 22/08/04 23:31:23 WARN Utils: Service 'SparkUI' could not bind on port 4040. Attempting port 4041.
[2022-08-04 23:31:23,551] {spark_submit_hook.py:479} INFO - 22/08/04 23:31:23 INFO Utils: Successfully started service 'SparkUI' on port 4041.
[2022-08-04 23:31:23,731] {spark_submit_hook.py:479} INFO - 22/08/04 23:31:23 INFO Executor: Starting executor ID driver on host 192.168.0.20
[2022-08-04 23:31:23,748] {spark_submit_hook.py:479} INFO - 22/08/04 23:31:23 INFO Executor: Starting executor with user classpath (userClassPathFirst = false): ''
[2022-08-04 23:31:23,795] {spark_submit_hook.py:479} INFO - 22/08/04 23:31:23 INFO Utils: Successfully started service 'org.apache.spark.network.netty.NettyBlockTransferService' on port 40707.
[2022-08-04 23:31:23,795] {spark_submit_hook.py:479} INFO - 22/08/04 23:31:23 INFO NettyBlockTransferService: Server created on 192.168.0.20:40707
[2022-08-04 23:31:23,800] {spark_submit_hook.py:479} INFO - 22/08/04 23:31:23 INFO BlockManager: Using org.apache.spark.storage.RandomBlockReplicationPolicy for block replication policy
[2022-08-04 23:31:23,815] {spark_submit_hook.py:479} INFO - 22/08/04 23:31:23 INFO BlockManagerMaster: Registering BlockManager BlockManagerId(driver, 192.168.0.20, 40707, None)
[2022-08-04 23:31:23,824] {spark_submit_hook.py:479} INFO - 22/08/04 23:31:23 INFO BlockManagerMasterEndpoint: Registering block manager 192.168.0.20:40707 with 434.4 MiB RAM, BlockManagerId(driver, 192.168.0.20, 40707, None)
[2022-08-04 23:31:23,830] {spark_submit_hook.py:479} INFO - 22/08/04 23:31:23 INFO BlockManagerMaster: Registered BlockManager BlockManagerId(driver, 192.168.0.20, 40707, None)
[2022-08-04 23:31:23,833] {spark_submit_hook.py:479} INFO - 22/08/04 23:31:23 INFO BlockManager: Initialized BlockManager: BlockManagerId(driver, 192.168.0.20, 40707, None)
[2022-08-04 23:31:24,566] {spark_submit_hook.py:479} INFO - 22/08/04 23:31:24 INFO SharedState: Setting hive.metastore.warehouse.dir ('null') to the value of spark.sql.warehouse.dir.
[2022-08-04 23:31:24,572] {spark_submit_hook.py:479} INFO - 22/08/04 23:31:24 INFO SharedState: Warehouse path is 'file:/home/amadeus/ama/airflow-pipeline-alura/datapipeline/spark-warehouse'.
[2022-08-04 23:31:25,654] {spark_submit_hook.py:479} INFO - 22/08/04 23:31:25 INFO InMemoryFileIndex: It took 55 ms to list leaf files for 1 paths.
[2022-08-04 23:31:25,744] {spark_submit_hook.py:479} INFO - 22/08/04 23:31:25 INFO InMemoryFileIndex: It took 3 ms to list leaf files for 1 paths.
[2022-08-04 23:31:28,317] {spark_submit_hook.py:479} INFO - 22/08/04 23:31:28 INFO FileSourceStrategy: Pushed Filters:
[2022-08-04 23:31:28,319] {spark_submit_hook.py:479} INFO - 22/08/04 23:31:28 INFO FileSourceStrategy: Post-Scan Filters:
[2022-08-04 23:31:28,322] {spark_submit_hook.py:479} INFO - 22/08/04 23:31:28 INFO FileSourceStrategy: Output Data Schema: struct<value: string>
[2022-08-04 23:31:28,680] {spark_submit_hook.py:479} INFO - 22/08/04 23:31:28 INFO MemoryStore: Block broadcast_0 stored as values in memory (estimated size 173.7 KiB, free 434.2 MiB)
[2022-08-04 23:31:28,754] {spark_submit_hook.py:479} INFO - 22/08/04 23:31:28 INFO MemoryStore: Block broadcast_0_piece0 stored as bytes in memory (estimated size 24.7 KiB, free 434.2 MiB)
[2022-08-04 23:31:28,758] {spark_submit_hook.py:479} INFO - 22/08/04 23:31:28 INFO BlockManagerInfo: Added broadcast_0_piece0 in memory on 192.168.0.20:40707 (size: 24.7 KiB, free: 434.4 MiB)
[2022-08-04 23:31:28,765] {spark_submit_hook.py:479} INFO - 22/08/04 23:31:28 INFO SparkContext: Created broadcast 0 from json at NativeMethodAccessorImpl.java:0
[2022-08-04 23:31:28,777] {spark_submit_hook.py:479} INFO - 22/08/04 23:31:28 INFO FileSourceScanExec: Planning scan with bin packing, max size: 4227976 bytes, open cost is considered as scanning 4194304 bytes.
[2022-08-04 23:31:29,034] {spark_submit_hook.py:479} INFO - 22/08/04 23:31:29 INFO SparkContext: Starting job: json at NativeMethodAccessorImpl.java:0
[2022-08-04 23:31:29,053] {spark_submit_hook.py:479} INFO - 22/08/04 23:31:29 INFO DAGScheduler: Got job 0 (json at NativeMethodAccessorImpl.java:0) with 1 output partitions
[2022-08-04 23:31:29,054] {spark_submit_hook.py:479} INFO - 22/08/04 23:31:29 INFO DAGScheduler: Final stage: ResultStage 0 (json at NativeMethodAccessorImpl.java:0)
[2022-08-04 23:31:29,054] {spark_submit_hook.py:479} INFO - 22/08/04 23:31:29 INFO DAGScheduler: Parents of final stage: List()
[2022-08-04 23:31:29,056] {spark_submit_hook.py:479} INFO - 22/08/04 23:31:29 INFO DAGScheduler: Missing parents: List()
[2022-08-04 23:31:29,063] {spark_submit_hook.py:479} INFO - 22/08/04 23:31:29 INFO DAGScheduler: Submitting ResultStage 0 (MapPartitionsRDD[3] at json at NativeMethodAccessorImpl.java:0), which has no missing parents
[2022-08-04 23:31:29,173] {spark_submit_hook.py:479} INFO - 22/08/04 23:31:29 INFO MemoryStore: Block broadcast_1 stored as values in memory (estimated size 14.5 KiB, free 434.2 MiB)
[2022-08-04 23:31:29,176] {spark_submit_hook.py:479} INFO - 22/08/04 23:31:29 INFO MemoryStore: Block broadcast_1_piece0 stored as bytes in memory (estimated size 7.0 KiB, free 434.2 MiB)
[2022-08-04 23:31:29,177] {spark_submit_hook.py:479} INFO - 22/08/04 23:31:29 INFO BlockManagerInfo: Added broadcast_1_piece0 in memory on 192.168.0.20:40707 (size: 7.0 KiB, free: 434.4 MiB)
[2022-08-04 23:31:29,177] {spark_submit_hook.py:479} INFO - 22/08/04 23:31:29 INFO SparkContext: Created broadcast 1 from broadcast at DAGScheduler.scala:1513
[2022-08-04 23:31:29,193] {spark_submit_hook.py:479} INFO - 22/08/04 23:31:29 INFO DAGScheduler: Submitting 1 missing tasks from ResultStage 0 (MapPartitionsRDD[3] at json at NativeMethodAccessorImpl.java:0) (first 15 tasks are for partitions Vector(0))
[2022-08-04 23:31:29,194] {spark_submit_hook.py:479} INFO - 22/08/04 23:31:29 INFO TaskSchedulerImpl: Adding task set 0.0 with 1 tasks resource profile 0
[2022-08-04 23:31:29,268] {spark_submit_hook.py:479} INFO - 22/08/04 23:31:29 INFO TaskSetManager: Starting task 0.0 in stage 0.0 (TID 0) (192.168.0.20, executor driver, partition 0, PROCESS_LOCAL, 5027 bytes) taskResourceAssignments Map()
[2022-08-04 23:31:29,285] {spark_submit_hook.py:479} INFO - 22/08/04 23:31:29 INFO Executor: Running task 0.0 in stage 0.0 (TID 0)
[2022-08-04 23:31:29,467] {spark_submit_hook.py:479} INFO - 22/08/04 23:31:29 INFO FileScanRDD: Reading File path: file:///home/amadeus/ama/airflow-pipeline-alura/datapipeline/datalake/bronze/twitter_flamengomalvadao/extract_date=2022-08-01/FlamengoMalvadao_20220801.json, range: 0-33672, partition values: [empty row]
[2022-08-04 23:31:29,727] {spark_submit_hook.py:479} INFO - 22/08/04 23:31:29 INFO CodeGenerator: Code generated in 215.45326 ms
[2022-08-04 23:31:29,796] {spark_submit_hook.py:479} INFO - 22/08/04 23:31:29 INFO Executor: Finished task 0.0 in stage 0.0 (TID 0). 2784 bytes result sent to driver
[2022-08-04 23:31:29,807] {spark_submit_hook.py:479} INFO - 22/08/04 23:31:29 INFO TaskSetManager: Finished task 0.0 in stage 0.0 (TID 0) in 555 ms on 192.168.0.20 (executor driver) (1/1)
[2022-08-04 23:31:29,810] {spark_submit_hook.py:479} INFO - 22/08/04 23:31:29 INFO TaskSchedulerImpl: Removed TaskSet 0.0, whose tasks have all completed, from pool
[2022-08-04 23:31:29,817] {spark_submit_hook.py:479} INFO - 22/08/04 23:31:29 INFO DAGScheduler: ResultStage 0 (json at NativeMethodAccessorImpl.java:0) finished in 0,733 s
[2022-08-04 23:31:29,821] {spark_submit_hook.py:479} INFO - 22/08/04 23:31:29 INFO DAGScheduler: Job 0 is finished. Cancelling potential speculative or zombie tasks for this job
[2022-08-04 23:31:29,822] {spark_submit_hook.py:479} INFO - 22/08/04 23:31:29 INFO TaskSchedulerImpl: Killing all running tasks in stage 0: Stage finished
[2022-08-04 23:31:29,826] {spark_submit_hook.py:479} INFO - 22/08/04 23:31:29 INFO DAGScheduler: Job 0 finished: json at NativeMethodAccessorImpl.java:0, took 0,790914 s
[2022-08-04 23:31:30,221] {spark_submit_hook.py:479} INFO - Traceback (most recent call last):
[2022-08-04 23:31:30,221] {spark_submit_hook.py:479} INFO - File "/home/amadeus/ama/airflow-pipeline-alura/datapipeline/spark/transfortmation.py", line 50, in <module>
[2022-08-04 23:31:30,221] {spark_submit_hook.py:479} INFO - twitter_transform(spark, args.src, args.dest, args.process_date)
[2022-08-04 23:31:30,221] {spark_submit_hook.py:479} INFO - File "/home/amadeus/ama/airflow-pipeline-alura/datapipeline/spark/transfortmation.py", line 28, in twitter_transform
[2022-08-04 23:31:30,221] {spark_submit_hook.py:479} INFO - tweet_df = get_tweets_data(df)
[2022-08-04 23:31:30,222] {spark_submit_hook.py:479} INFO - File "/home/amadeus/ama/airflow-pipeline-alura/datapipeline/spark/transfortmation.py", line 8, in get_tweets_data
[2022-08-04 23:31:30,222] {spark_submit_hook.py:479} INFO - return df\
[2022-08-04 23:31:30,222] {spark_submit_hook.py:479} INFO - File "/home/amadeus/Downloads/spark-3.3.0-bin-hadoop2/python/lib/pyspark.zip/pyspark/sql/dataframe.py", line 2023, in select
[2022-08-04 23:31:30,222] {spark_submit_hook.py:479} INFO - File "/home/amadeus/Downloads/spark-3.3.0-bin-hadoop2/python/lib/py4j-0.10.9.5-src.zip/py4j/java_gateway.py", line 1321, in __call__
[2022-08-04 23:31:30,222] {spark_submit_hook.py:479} INFO - File "/home/amadeus/Downloads/spark-3.3.0-bin-hadoop2/python/lib/pyspark.zip/pyspark/sql/utils.py", line 196, in deco
[2022-08-04 23:31:30,237] {spark_submit_hook.py:479} INFO - pyspark.sql.utils.AnalysisException: No such struct field in_reply_to_user_id in author_id, conversation_id, created_at, id, public_metrics, text
[2022-08-04 23:31:30,320] {spark_submit_hook.py:479} INFO - 22/08/04 23:31:30 INFO SparkContext: Invoking stop() from shutdown hook
[2022-08-04 23:31:30,351] {spark_submit_hook.py:479} INFO - 22/08/04 23:31:30 INFO SparkUI: Stopped Spark web UI at http://192.168.0.20:4041
[2022-08-04 23:31:30,378] {spark_submit_hook.py:479} INFO - 22/08/04 23:31:30 INFO MapOutputTrackerMasterEndpoint: MapOutputTrackerMasterEndpoint stopped!
[2022-08-04 23:31:30,390] {spark_submit_hook.py:479} INFO - 22/08/04 23:31:30 INFO MemoryStore: MemoryStore cleared
[2022-08-04 23:31:30,391] {spark_submit_hook.py:479} INFO - 22/08/04 23:31:30 INFO BlockManager: BlockManager stopped
[2022-08-04 23:31:30,402] {spark_submit_hook.py:479} INFO - 22/08/04 23:31:30 INFO BlockManagerMaster: BlockManagerMaster stopped
[2022-08-04 23:31:30,406] {spark_submit_hook.py:479} INFO - 22/08/04 23:31:30 INFO OutputCommitCoordinator$OutputCommitCoordinatorEndpoint: OutputCommitCoordinator stopped!
[2022-08-04 23:31:30,410] {spark_submit_hook.py:479} INFO - 22/08/04 23:31:30 INFO SparkContext: Successfully stopped SparkContext
[2022-08-04 23:31:30,410] {spark_submit_hook.py:479} INFO - 22/08/04 23:31:30 INFO ShutdownHookManager: Shutdown hook called
[2022-08-04 23:31:30,411] {spark_submit_hook.py:479} INFO - 22/08/04 23:31:30 INFO ShutdownHookManager: Deleting directory /tmp/spark-12817c0e-3d4f-4400-a49b-1278ec78f2a4
[2022-08-04 23:31:30,414] {spark_submit_hook.py:479} INFO - 22/08/04 23:31:30 INFO ShutdownHookManager: Deleting directory /tmp/spark-87d7126e-c788-428d-af6b-91074f235182
[2022-08-04 23:31:30,416] {spark_submit_hook.py:479} INFO - 22/08/04 23:31:30 INFO ShutdownHookManager: Deleting directory /tmp/spark-87d7126e-c788-428d-af6b-91074f235182/pyspark-5dbc1fbd-f91d-4de6-9fe4-b0f1ff1a9f1b
[2022-08-04 23:31:30,469] {taskinstance.py:1150} ERROR - Cannot execute: /home/amadeus/Downloads/spark-3.3.0-bin-hadoop2/bin/spark-submit --master local --name twitter_transformation /home/amadeus/ama/airflow-pipeline-alura/datapipeline/spark/transfortmation.py --src /home/amadeus/ama/airflow-pipeline-alura/datapipeline/datalake/bronze/twitter_flamengomalvadao/extract_date=2022-08-01 --dest /home/amadeus/ama/airflow-pipeline-alura/datapipeline/datalake/silver/twitter_flamengomalvadao/ --process-date 2022-08-01. Error code is: 1.
Traceback (most recent call last):
  File "/home/amadeus/ama/airflow-pipeline-alura/datapipeline/.env/lib/python3.8/site-packages/airflow/models/taskinstance.py", line 984, in _run_raw_task
    result = task_copy.execute(context=context)
  File "/home/amadeus/ama/airflow-pipeline-alura/datapipeline/.env/lib/python3.8/site-packages/airflow/contrib/operators/spark_submit_operator.py", line 187, in execute
    self._hook.submit(self._application)
  File "/home/amadeus/ama/airflow-pipeline-alura/datapipeline/.env/lib/python3.8/site-packages/airflow/contrib/hooks/spark_submit_hook.py", line 403, in submit
    raise AirflowException(
airflow.exceptions.AirflowException: Cannot execute: /home/amadeus/Downloads/spark-3.3.0-bin-hadoop2/bin/spark-submit --master local --name twitter_transformation /home/amadeus/ama/airflow-pipeline-alura/datapipeline/spark/transfortmation.py --src /home/amadeus/ama/airflow-pipeline-alura/datapipeline/datalake/bronze/twitter_flamengomalvadao/extract_date=2022-08-01 --dest /home/amadeus/ama/airflow-pipeline-alura/datapipeline/datalake/silver/twitter_flamengomalvadao/ --process-date 2022-08-01. Error code is: 1.
[2022-08-04 23:31:30,470] {taskinstance.py:1187} INFO - Marking task as FAILED. dag_id=twitter_dag, task_id=transform_twitter_flamengomalvadao, execution_date=20220801T090000, start_date=20220805T023117, end_date=20220805T023130
[2022-08-04 23:31:32,088] {local_task_job.py:102} INFO - Task exited with return code 1
