[2022-08-04 11:32:22,601] {taskinstance.py:670} INFO - Dependencies all met for <TaskInstance: twitter_dag.transform_twitter_flamengomalvadao 2022-07-29T09:00:00+00:00 [queued]>
[2022-08-04 11:32:22,609] {taskinstance.py:670} INFO - Dependencies all met for <TaskInstance: twitter_dag.transform_twitter_flamengomalvadao 2022-07-29T09:00:00+00:00 [queued]>
[2022-08-04 11:32:22,609] {taskinstance.py:880} INFO - 
--------------------------------------------------------------------------------
[2022-08-04 11:32:22,609] {taskinstance.py:881} INFO - Starting attempt 1 of 1
[2022-08-04 11:32:22,609] {taskinstance.py:882} INFO - 
--------------------------------------------------------------------------------
[2022-08-04 11:32:22,864] {taskinstance.py:901} INFO - Executing <Task(SparkSubmitOperator): transform_twitter_flamengomalvadao> on 2022-07-29T09:00:00+00:00
[2022-08-04 11:32:22,867] {standard_task_runner.py:54} INFO - Started process 126184 to run task
[2022-08-04 11:32:22,927] {standard_task_runner.py:77} INFO - Running: ['airflow', 'run', 'twitter_dag', 'transform_twitter_flamengomalvadao', '2022-07-29T09:00:00+00:00', '--job_id', '20', '--pool', 'default_pool', '--raw', '-sd', 'DAGS_FOLDER/twitter_dag.py', '--cfg_path', '/tmp/tmp7hjwcmde']
[2022-08-04 11:32:22,927] {standard_task_runner.py:78} INFO - Job 20: Subtask transform_twitter_flamengomalvadao
[2022-08-04 11:32:23,197] {logging_mixin.py:112} INFO - Running <TaskInstance: twitter_dag.transform_twitter_flamengomalvadao 2022-07-29T09:00:00+00:00 [running]> on host ama
[2022-08-04 11:32:23,250] {base_hook.py:89} INFO - Using connection to: id: spark_default. Host: local, Port: None, Schema: None, Login: None, Password: None, extra: XXXXXXXX
[2022-08-04 11:32:23,251] {spark_submit_hook.py:325} INFO - Spark-Submit cmd: /home/amadeus/Downloads/spark-3.3.0-bin-hadoop2/bin/spark-submit --master local --name twitter_transformation /home/amadeus/ama/airflow-pipeline-alura/datapipeline/spark/transfortmation.py --src /home/amadeus/airflow-pipeline-alura/datapipeline/datalake/bronze/twitter_flamengomalvadao/extract_date=2022-07-29 --dest /home/amadeus/airflow-pipeline-alura/datapipeline/datalake/silver/twitter_flamengomalvadao/ --process-date 2022-07-29
[2022-08-04 11:32:24,878] {spark_submit_hook.py:479} INFO - 22/08/04 11:32:24 WARN Utils: Your hostname, ama resolves to a loopback address: 127.0.1.1; using 192.168.1.12 instead (on interface wlo1)
[2022-08-04 11:32:24,881] {spark_submit_hook.py:479} INFO - 22/08/04 11:32:24 WARN Utils: Set SPARK_LOCAL_IP if you need to bind to another address
[2022-08-04 11:32:25,798] {spark_submit_hook.py:479} INFO - 22/08/04 11:32:25 INFO SparkContext: Running Spark version 3.3.0
[2022-08-04 11:32:25,934] {spark_submit_hook.py:479} INFO - 22/08/04 11:32:25 WARN NativeCodeLoader: Unable to load native-hadoop library for your platform... using builtin-java classes where applicable
[2022-08-04 11:32:26,027] {spark_submit_hook.py:479} INFO - 22/08/04 11:32:26 INFO ResourceUtils: ==============================================================
[2022-08-04 11:32:26,027] {spark_submit_hook.py:479} INFO - 22/08/04 11:32:26 INFO ResourceUtils: No custom resources configured for spark.driver.
[2022-08-04 11:32:26,028] {spark_submit_hook.py:479} INFO - 22/08/04 11:32:26 INFO ResourceUtils: ==============================================================
[2022-08-04 11:32:26,028] {spark_submit_hook.py:479} INFO - 22/08/04 11:32:26 INFO SparkContext: Submitted application: twitter_transformation
[2022-08-04 11:32:26,052] {spark_submit_hook.py:479} INFO - 22/08/04 11:32:26 INFO ResourceProfile: Default ResourceProfile created, executor resources: Map(cores -> name: cores, amount: 1, script: , vendor: , memory -> name: memory, amount: 1024, script: , vendor: , offHeap -> name: offHeap, amount: 0, script: , vendor: ), task resources: Map(cpus -> name: cpus, amount: 1.0)
[2022-08-04 11:32:26,068] {spark_submit_hook.py:479} INFO - 22/08/04 11:32:26 INFO ResourceProfile: Limiting resource is cpu
[2022-08-04 11:32:26,068] {spark_submit_hook.py:479} INFO - 22/08/04 11:32:26 INFO ResourceProfileManager: Added ResourceProfile id: 0
[2022-08-04 11:32:26,137] {spark_submit_hook.py:479} INFO - 22/08/04 11:32:26 INFO SecurityManager: Changing view acls to: amadeus
[2022-08-04 11:32:26,137] {spark_submit_hook.py:479} INFO - 22/08/04 11:32:26 INFO SecurityManager: Changing modify acls to: amadeus
[2022-08-04 11:32:26,138] {spark_submit_hook.py:479} INFO - 22/08/04 11:32:26 INFO SecurityManager: Changing view acls groups to:
[2022-08-04 11:32:26,138] {spark_submit_hook.py:479} INFO - 22/08/04 11:32:26 INFO SecurityManager: Changing modify acls groups to:
[2022-08-04 11:32:26,138] {spark_submit_hook.py:479} INFO - 22/08/04 11:32:26 INFO SecurityManager: SecurityManager: authentication disabled; ui acls disabled; users  with view permissions: Set(amadeus); groups with view permissions: Set(); users  with modify permissions: Set(amadeus); groups with modify permissions: Set()
[2022-08-04 11:32:26,438] {spark_submit_hook.py:479} INFO - 22/08/04 11:32:26 INFO Utils: Successfully started service 'sparkDriver' on port 46051.
[2022-08-04 11:32:26,465] {spark_submit_hook.py:479} INFO - 22/08/04 11:32:26 INFO SparkEnv: Registering MapOutputTracker
[2022-08-04 11:32:26,507] {spark_submit_hook.py:479} INFO - 22/08/04 11:32:26 INFO SparkEnv: Registering BlockManagerMaster
[2022-08-04 11:32:26,526] {spark_submit_hook.py:479} INFO - 22/08/04 11:32:26 INFO BlockManagerMasterEndpoint: Using org.apache.spark.storage.DefaultTopologyMapper for getting topology information
[2022-08-04 11:32:26,526] {spark_submit_hook.py:479} INFO - 22/08/04 11:32:26 INFO BlockManagerMasterEndpoint: BlockManagerMasterEndpoint up
[2022-08-04 11:32:26,530] {spark_submit_hook.py:479} INFO - 22/08/04 11:32:26 INFO SparkEnv: Registering BlockManagerMasterHeartbeat
[2022-08-04 11:32:26,552] {spark_submit_hook.py:479} INFO - 22/08/04 11:32:26 INFO DiskBlockManager: Created local directory at /tmp/blockmgr-395e423c-aedd-4cdf-83c2-b7336d633a30
[2022-08-04 11:32:26,569] {spark_submit_hook.py:479} INFO - 22/08/04 11:32:26 INFO MemoryStore: MemoryStore started with capacity 434.4 MiB
[2022-08-04 11:32:26,587] {spark_submit_hook.py:479} INFO - 22/08/04 11:32:26 INFO SparkEnv: Registering OutputCommitCoordinator
[2022-08-04 11:32:26,784] {spark_submit_hook.py:479} INFO - 22/08/04 11:32:26 WARN Utils: Service 'SparkUI' could not bind on port 4040. Attempting port 4041.
[2022-08-04 11:32:26,792] {spark_submit_hook.py:479} INFO - 22/08/04 11:32:26 INFO Utils: Successfully started service 'SparkUI' on port 4041.
[2022-08-04 11:32:26,913] {spark_submit_hook.py:479} INFO - 22/08/04 11:32:26 INFO Executor: Starting executor ID driver on host 192.168.1.12
[2022-08-04 11:32:26,920] {spark_submit_hook.py:479} INFO - 22/08/04 11:32:26 INFO Executor: Starting executor with user classpath (userClassPathFirst = false): ''
[2022-08-04 11:32:26,942] {spark_submit_hook.py:479} INFO - 22/08/04 11:32:26 INFO Utils: Successfully started service 'org.apache.spark.network.netty.NettyBlockTransferService' on port 35411.
[2022-08-04 11:32:26,942] {spark_submit_hook.py:479} INFO - 22/08/04 11:32:26 INFO NettyBlockTransferService: Server created on 192.168.1.12:35411
[2022-08-04 11:32:26,945] {spark_submit_hook.py:479} INFO - 22/08/04 11:32:26 INFO BlockManager: Using org.apache.spark.storage.RandomBlockReplicationPolicy for block replication policy
[2022-08-04 11:32:26,953] {spark_submit_hook.py:479} INFO - 22/08/04 11:32:26 INFO BlockManagerMaster: Registering BlockManager BlockManagerId(driver, 192.168.1.12, 35411, None)
[2022-08-04 11:32:26,958] {spark_submit_hook.py:479} INFO - 22/08/04 11:32:26 INFO BlockManagerMasterEndpoint: Registering block manager 192.168.1.12:35411 with 434.4 MiB RAM, BlockManagerId(driver, 192.168.1.12, 35411, None)
[2022-08-04 11:32:26,962] {spark_submit_hook.py:479} INFO - 22/08/04 11:32:26 INFO BlockManagerMaster: Registered BlockManager BlockManagerId(driver, 192.168.1.12, 35411, None)
[2022-08-04 11:32:26,963] {spark_submit_hook.py:479} INFO - 22/08/04 11:32:26 INFO BlockManager: Initialized BlockManager: BlockManagerId(driver, 192.168.1.12, 35411, None)
[2022-08-04 11:32:27,687] {spark_submit_hook.py:479} INFO - 22/08/04 11:32:27 INFO SharedState: Setting hive.metastore.warehouse.dir ('null') to the value of spark.sql.warehouse.dir.
[2022-08-04 11:32:27,698] {spark_submit_hook.py:479} INFO - 22/08/04 11:32:27 INFO SharedState: Warehouse path is 'file:/home/amadeus/ama/airflow-pipeline-alura/datapipeline/spark-warehouse'.
[2022-08-04 11:32:28,525] {spark_submit_hook.py:479} INFO - 22/08/04 11:32:28 INFO InMemoryFileIndex: It took 67 ms to list leaf files for 1 paths.
[2022-08-04 11:32:28,613] {spark_submit_hook.py:479} INFO - 22/08/04 11:32:28 INFO InMemoryFileIndex: It took 2 ms to list leaf files for 1 paths.
[2022-08-04 11:32:30,687] {spark_submit_hook.py:479} INFO - 22/08/04 11:32:30 INFO FileSourceStrategy: Pushed Filters:
[2022-08-04 11:32:30,689] {spark_submit_hook.py:479} INFO - 22/08/04 11:32:30 INFO FileSourceStrategy: Post-Scan Filters:
[2022-08-04 11:32:30,692] {spark_submit_hook.py:479} INFO - 22/08/04 11:32:30 INFO FileSourceStrategy: Output Data Schema: struct<value: string>
[2022-08-04 11:32:30,996] {spark_submit_hook.py:479} INFO - 22/08/04 11:32:30 INFO MemoryStore: Block broadcast_0 stored as values in memory (estimated size 173.7 KiB, free 434.2 MiB)
[2022-08-04 11:32:31,053] {spark_submit_hook.py:479} INFO - 22/08/04 11:32:31 INFO MemoryStore: Block broadcast_0_piece0 stored as bytes in memory (estimated size 24.7 KiB, free 434.2 MiB)
[2022-08-04 11:32:31,056] {spark_submit_hook.py:479} INFO - 22/08/04 11:32:31 INFO BlockManagerInfo: Added broadcast_0_piece0 in memory on 192.168.1.12:35411 (size: 24.7 KiB, free: 434.4 MiB)
[2022-08-04 11:32:31,061] {spark_submit_hook.py:479} INFO - 22/08/04 11:32:31 INFO SparkContext: Created broadcast 0 from json at NativeMethodAccessorImpl.java:0
[2022-08-04 11:32:31,071] {spark_submit_hook.py:479} INFO - 22/08/04 11:32:31 INFO FileSourceScanExec: Planning scan with bin packing, max size: 4233057 bytes, open cost is considered as scanning 4194304 bytes.
[2022-08-04 11:32:31,264] {spark_submit_hook.py:479} INFO - 22/08/04 11:32:31 INFO SparkContext: Starting job: json at NativeMethodAccessorImpl.java:0
[2022-08-04 11:32:31,290] {spark_submit_hook.py:479} INFO - 22/08/04 11:32:31 INFO DAGScheduler: Got job 0 (json at NativeMethodAccessorImpl.java:0) with 1 output partitions
[2022-08-04 11:32:31,292] {spark_submit_hook.py:479} INFO - 22/08/04 11:32:31 INFO DAGScheduler: Final stage: ResultStage 0 (json at NativeMethodAccessorImpl.java:0)
[2022-08-04 11:32:31,293] {spark_submit_hook.py:479} INFO - 22/08/04 11:32:31 INFO DAGScheduler: Parents of final stage: List()
[2022-08-04 11:32:31,295] {spark_submit_hook.py:479} INFO - 22/08/04 11:32:31 INFO DAGScheduler: Missing parents: List()
[2022-08-04 11:32:31,302] {spark_submit_hook.py:479} INFO - 22/08/04 11:32:31 INFO DAGScheduler: Submitting ResultStage 0 (MapPartitionsRDD[3] at json at NativeMethodAccessorImpl.java:0), which has no missing parents
[2022-08-04 11:32:31,454] {spark_submit_hook.py:479} INFO - 22/08/04 11:32:31 INFO MemoryStore: Block broadcast_1 stored as values in memory (estimated size 14.5 KiB, free 434.2 MiB)
[2022-08-04 11:32:31,461] {spark_submit_hook.py:479} INFO - 22/08/04 11:32:31 INFO MemoryStore: Block broadcast_1_piece0 stored as bytes in memory (estimated size 7.0 KiB, free 434.2 MiB)
[2022-08-04 11:32:31,462] {spark_submit_hook.py:479} INFO - 22/08/04 11:32:31 INFO BlockManagerInfo: Added broadcast_1_piece0 in memory on 192.168.1.12:35411 (size: 7.0 KiB, free: 434.4 MiB)
[2022-08-04 11:32:31,463] {spark_submit_hook.py:479} INFO - 22/08/04 11:32:31 INFO SparkContext: Created broadcast 1 from broadcast at DAGScheduler.scala:1513
[2022-08-04 11:32:31,481] {spark_submit_hook.py:479} INFO - 22/08/04 11:32:31 INFO DAGScheduler: Submitting 1 missing tasks from ResultStage 0 (MapPartitionsRDD[3] at json at NativeMethodAccessorImpl.java:0) (first 15 tasks are for partitions Vector(0))
[2022-08-04 11:32:31,483] {spark_submit_hook.py:479} INFO - 22/08/04 11:32:31 INFO TaskSchedulerImpl: Adding task set 0.0 with 1 tasks resource profile 0
[2022-08-04 11:32:31,565] {spark_submit_hook.py:479} INFO - 22/08/04 11:32:31 INFO TaskSetManager: Starting task 0.0 in stage 0.0 (TID 0) (192.168.1.12, executor driver, partition 0, PROCESS_LOCAL, 5023 bytes) taskResourceAssignments Map()
[2022-08-04 11:32:31,586] {spark_submit_hook.py:479} INFO - 22/08/04 11:32:31 INFO Executor: Running task 0.0 in stage 0.0 (TID 0)
[2022-08-04 11:32:31,764] {spark_submit_hook.py:479} INFO - 22/08/04 11:32:31 INFO FileScanRDD: Reading File path: file:///home/amadeus/airflow-pipeline-alura/datapipeline/datalake/bronze/twitter_flamengomalvadao/extract_date=2022-07-29/FlamengoMalvadao_20220729.json, range: 0-38753, partition values: [empty row]
[2022-08-04 11:32:31,958] {spark_submit_hook.py:479} INFO - 22/08/04 11:32:31 INFO CodeGenerator: Code generated in 155.421594 ms
[2022-08-04 11:32:32,005] {spark_submit_hook.py:479} INFO - 22/08/04 11:32:32 INFO Executor: Finished task 0.0 in stage 0.0 (TID 0). 2827 bytes result sent to driver
[2022-08-04 11:32:32,012] {spark_submit_hook.py:479} INFO - 22/08/04 11:32:32 INFO TaskSetManager: Finished task 0.0 in stage 0.0 (TID 0) in 461 ms on 192.168.1.12 (executor driver) (1/1)
[2022-08-04 11:32:32,014] {spark_submit_hook.py:479} INFO - 22/08/04 11:32:32 INFO TaskSchedulerImpl: Removed TaskSet 0.0, whose tasks have all completed, from pool
[2022-08-04 11:32:32,018] {spark_submit_hook.py:479} INFO - 22/08/04 11:32:32 INFO DAGScheduler: ResultStage 0 (json at NativeMethodAccessorImpl.java:0) finished in 0,689 s
[2022-08-04 11:32:32,021] {spark_submit_hook.py:479} INFO - 22/08/04 11:32:32 INFO DAGScheduler: Job 0 is finished. Cancelling potential speculative or zombie tasks for this job
[2022-08-04 11:32:32,021] {spark_submit_hook.py:479} INFO - 22/08/04 11:32:32 INFO TaskSchedulerImpl: Killing all running tasks in stage 0: Stage finished
[2022-08-04 11:32:32,023] {spark_submit_hook.py:479} INFO - 22/08/04 11:32:32 INFO DAGScheduler: Job 0 finished: json at NativeMethodAccessorImpl.java:0, took 0,758106 s
[2022-08-04 11:32:32,266] {spark_submit_hook.py:479} INFO - Traceback (most recent call last):
[2022-08-04 11:32:32,266] {spark_submit_hook.py:479} INFO - File "/home/amadeus/ama/airflow-pipeline-alura/datapipeline/spark/transfortmation.py", line 50, in <module>
[2022-08-04 11:32:32,266] {spark_submit_hook.py:479} INFO - twitter_transform(spark, args.src, args.dest, args.process_date)
[2022-08-04 11:32:32,266] {spark_submit_hook.py:479} INFO - File "/home/amadeus/ama/airflow-pipeline-alura/datapipeline/spark/transfortmation.py", line 28, in twitter_transform
[2022-08-04 11:32:32,266] {spark_submit_hook.py:479} INFO - tweet_df = get_tweets_data(df)
[2022-08-04 11:32:32,266] {spark_submit_hook.py:479} INFO - File "/home/amadeus/ama/airflow-pipeline-alura/datapipeline/spark/transfortmation.py", line 8, in get_tweets_data
[2022-08-04 11:32:32,266] {spark_submit_hook.py:479} INFO - return df\
[2022-08-04 11:32:32,266] {spark_submit_hook.py:479} INFO - File "/home/amadeus/Downloads/spark-3.3.0-bin-hadoop2/python/lib/pyspark.zip/pyspark/sql/dataframe.py", line 2023, in select
[2022-08-04 11:32:32,266] {spark_submit_hook.py:479} INFO - File "/home/amadeus/Downloads/spark-3.3.0-bin-hadoop2/python/lib/py4j-0.10.9.5-src.zip/py4j/java_gateway.py", line 1321, in __call__
[2022-08-04 11:32:32,266] {spark_submit_hook.py:479} INFO - File "/home/amadeus/Downloads/spark-3.3.0-bin-hadoop2/python/lib/pyspark.zip/pyspark/sql/utils.py", line 196, in deco
[2022-08-04 11:32:32,270] {spark_submit_hook.py:479} INFO - pyspark.sql.utils.AnalysisException: No such struct field in_reply_to_user_id in author_id, conversation_id, created_at, id, public_metrics, text
[2022-08-04 11:32:32,304] {spark_submit_hook.py:479} INFO - 22/08/04 11:32:32 INFO SparkContext: Invoking stop() from shutdown hook
[2022-08-04 11:32:32,316] {spark_submit_hook.py:479} INFO - 22/08/04 11:32:32 INFO SparkUI: Stopped Spark web UI at http://192.168.1.12:4041
[2022-08-04 11:32:32,331] {spark_submit_hook.py:479} INFO - 22/08/04 11:32:32 INFO MapOutputTrackerMasterEndpoint: MapOutputTrackerMasterEndpoint stopped!
[2022-08-04 11:32:32,340] {spark_submit_hook.py:479} INFO - 22/08/04 11:32:32 INFO MemoryStore: MemoryStore cleared
[2022-08-04 11:32:32,340] {spark_submit_hook.py:479} INFO - 22/08/04 11:32:32 INFO BlockManager: BlockManager stopped
[2022-08-04 11:32:32,351] {spark_submit_hook.py:479} INFO - 22/08/04 11:32:32 INFO BlockManagerMaster: BlockManagerMaster stopped
[2022-08-04 11:32:32,354] {spark_submit_hook.py:479} INFO - 22/08/04 11:32:32 INFO OutputCommitCoordinator$OutputCommitCoordinatorEndpoint: OutputCommitCoordinator stopped!
[2022-08-04 11:32:32,358] {spark_submit_hook.py:479} INFO - 22/08/04 11:32:32 INFO SparkContext: Successfully stopped SparkContext
[2022-08-04 11:32:32,359] {spark_submit_hook.py:479} INFO - 22/08/04 11:32:32 INFO ShutdownHookManager: Shutdown hook called
[2022-08-04 11:32:32,360] {spark_submit_hook.py:479} INFO - 22/08/04 11:32:32 INFO ShutdownHookManager: Deleting directory /tmp/spark-2d7f6fe2-cfcc-4b56-91b2-8b6c08b378e0
[2022-08-04 11:32:32,363] {spark_submit_hook.py:479} INFO - 22/08/04 11:32:32 INFO ShutdownHookManager: Deleting directory /tmp/spark-d6b09075-b078-481e-bdfc-98a8235ac77b/pyspark-2700c1c7-6070-4636-accb-bdd65eccba4d
[2022-08-04 11:32:32,364] {spark_submit_hook.py:479} INFO - 22/08/04 11:32:32 INFO ShutdownHookManager: Deleting directory /tmp/spark-d6b09075-b078-481e-bdfc-98a8235ac77b
[2022-08-04 11:32:32,532] {taskinstance.py:1150} ERROR - Cannot execute: /home/amadeus/Downloads/spark-3.3.0-bin-hadoop2/bin/spark-submit --master local --name twitter_transformation /home/amadeus/ama/airflow-pipeline-alura/datapipeline/spark/transfortmation.py --src /home/amadeus/airflow-pipeline-alura/datapipeline/datalake/bronze/twitter_flamengomalvadao/extract_date=2022-07-29 --dest /home/amadeus/airflow-pipeline-alura/datapipeline/datalake/silver/twitter_flamengomalvadao/ --process-date 2022-07-29. Error code is: 1.
Traceback (most recent call last):
  File "/home/amadeus/ama/airflow-pipeline-alura/datapipeline/.env/lib/python3.8/site-packages/airflow/models/taskinstance.py", line 984, in _run_raw_task
    result = task_copy.execute(context=context)
  File "/home/amadeus/ama/airflow-pipeline-alura/datapipeline/.env/lib/python3.8/site-packages/airflow/contrib/operators/spark_submit_operator.py", line 187, in execute
    self._hook.submit(self._application)
  File "/home/amadeus/ama/airflow-pipeline-alura/datapipeline/.env/lib/python3.8/site-packages/airflow/contrib/hooks/spark_submit_hook.py", line 403, in submit
    raise AirflowException(
airflow.exceptions.AirflowException: Cannot execute: /home/amadeus/Downloads/spark-3.3.0-bin-hadoop2/bin/spark-submit --master local --name twitter_transformation /home/amadeus/ama/airflow-pipeline-alura/datapipeline/spark/transfortmation.py --src /home/amadeus/airflow-pipeline-alura/datapipeline/datalake/bronze/twitter_flamengomalvadao/extract_date=2022-07-29 --dest /home/amadeus/airflow-pipeline-alura/datapipeline/datalake/silver/twitter_flamengomalvadao/ --process-date 2022-07-29. Error code is: 1.
[2022-08-04 11:32:32,536] {taskinstance.py:1187} INFO - Marking task as FAILED. dag_id=twitter_dag, task_id=transform_twitter_flamengomalvadao, execution_date=20220729T090000, start_date=20220804T143222, end_date=20220804T143232
[2022-08-04 11:32:37,541] {local_task_job.py:102} INFO - Task exited with return code 1
