[2022-08-04 23:30:14,409] {taskinstance.py:670} INFO - Dependencies all met for <TaskInstance: twitter_dag.transform_twitter_flamengomalvadao 2022-07-29T09:00:00+00:00 [queued]>
[2022-08-04 23:30:14,447] {taskinstance.py:670} INFO - Dependencies all met for <TaskInstance: twitter_dag.transform_twitter_flamengomalvadao 2022-07-29T09:00:00+00:00 [queued]>
[2022-08-04 23:30:14,448] {taskinstance.py:880} INFO - 
--------------------------------------------------------------------------------
[2022-08-04 23:30:14,448] {taskinstance.py:881} INFO - Starting attempt 10 of 10
[2022-08-04 23:30:14,448] {taskinstance.py:882} INFO - 
--------------------------------------------------------------------------------
[2022-08-04 23:30:14,706] {taskinstance.py:901} INFO - Executing <Task(SparkSubmitOperator): transform_twitter_flamengomalvadao> on 2022-07-29T09:00:00+00:00
[2022-08-04 23:30:14,711] {standard_task_runner.py:54} INFO - Started process 165857 to run task
[2022-08-04 23:30:14,835] {standard_task_runner.py:77} INFO - Running: ['airflow', 'run', 'twitter_dag', 'transform_twitter_flamengomalvadao', '2022-07-29T09:00:00+00:00', '--job_id', '116', '--pool', 'default_pool', '--raw', '-sd', 'DAGS_FOLDER/twitter_dag.py', '--cfg_path', '/tmp/tmpq5u72o1m']
[2022-08-04 23:30:14,836] {standard_task_runner.py:78} INFO - Job 116: Subtask transform_twitter_flamengomalvadao
[2022-08-04 23:30:15,144] {logging_mixin.py:112} INFO - Running <TaskInstance: twitter_dag.transform_twitter_flamengomalvadao 2022-07-29T09:00:00+00:00 [running]> on host ama
[2022-08-04 23:30:15,261] {base_hook.py:89} INFO - Using connection to: id: spark_default. Host: local, Port: None, Schema: None, Login: None, Password: None, extra: XXXXXXXX
[2022-08-04 23:30:15,264] {spark_submit_hook.py:325} INFO - Spark-Submit cmd: /home/amadeus/Downloads/spark-3.3.0-bin-hadoop2/bin/spark-submit --master local --name twitter_transformation /home/amadeus/ama/airflow-pipeline-alura/datapipeline/spark/transfortmation.py --src /home/amadeus/ama/airflow-pipeline-alura/datapipeline/datalake/bronze/twitter_flamengomalvadao/extract_date=2022-07-29 --dest /home/amadeus/ama/airflow-pipeline-alura/datapipeline/datalake/silver/twitter_flamengomalvadao/ --process-date 2022-07-29
[2022-08-04 23:30:17,660] {spark_submit_hook.py:479} INFO - 22/08/04 23:30:17 WARN Utils: Your hostname, ama resolves to a loopback address: 127.0.1.1; using 192.168.0.20 instead (on interface wlo1)
[2022-08-04 23:30:17,663] {spark_submit_hook.py:479} INFO - 22/08/04 23:30:17 WARN Utils: Set SPARK_LOCAL_IP if you need to bind to another address
[2022-08-04 23:30:19,058] {spark_submit_hook.py:479} INFO - 22/08/04 23:30:19 INFO SparkContext: Running Spark version 3.3.0
[2022-08-04 23:30:19,228] {spark_submit_hook.py:479} INFO - 22/08/04 23:30:19 WARN NativeCodeLoader: Unable to load native-hadoop library for your platform... using builtin-java classes where applicable
[2022-08-04 23:30:19,351] {spark_submit_hook.py:479} INFO - 22/08/04 23:30:19 INFO ResourceUtils: ==============================================================
[2022-08-04 23:30:19,351] {spark_submit_hook.py:479} INFO - 22/08/04 23:30:19 INFO ResourceUtils: No custom resources configured for spark.driver.
[2022-08-04 23:30:19,352] {spark_submit_hook.py:479} INFO - 22/08/04 23:30:19 INFO ResourceUtils: ==============================================================
[2022-08-04 23:30:19,352] {spark_submit_hook.py:479} INFO - 22/08/04 23:30:19 INFO SparkContext: Submitted application: twitter_transformation
[2022-08-04 23:30:19,382] {spark_submit_hook.py:479} INFO - 22/08/04 23:30:19 INFO ResourceProfile: Default ResourceProfile created, executor resources: Map(cores -> name: cores, amount: 1, script: , vendor: , memory -> name: memory, amount: 1024, script: , vendor: , offHeap -> name: offHeap, amount: 0, script: , vendor: ), task resources: Map(cpus -> name: cpus, amount: 1.0)
[2022-08-04 23:30:19,402] {spark_submit_hook.py:479} INFO - 22/08/04 23:30:19 INFO ResourceProfile: Limiting resource is cpu
[2022-08-04 23:30:19,403] {spark_submit_hook.py:479} INFO - 22/08/04 23:30:19 INFO ResourceProfileManager: Added ResourceProfile id: 0
[2022-08-04 23:30:19,474] {spark_submit_hook.py:479} INFO - 22/08/04 23:30:19 INFO SecurityManager: Changing view acls to: amadeus
[2022-08-04 23:30:19,475] {spark_submit_hook.py:479} INFO - 22/08/04 23:30:19 INFO SecurityManager: Changing modify acls to: amadeus
[2022-08-04 23:30:19,476] {spark_submit_hook.py:479} INFO - 22/08/04 23:30:19 INFO SecurityManager: Changing view acls groups to:
[2022-08-04 23:30:19,476] {spark_submit_hook.py:479} INFO - 22/08/04 23:30:19 INFO SecurityManager: Changing modify acls groups to:
[2022-08-04 23:30:19,477] {spark_submit_hook.py:479} INFO - 22/08/04 23:30:19 INFO SecurityManager: SecurityManager: authentication disabled; ui acls disabled; users  with view permissions: Set(amadeus); groups with view permissions: Set(); users  with modify permissions: Set(amadeus); groups with modify permissions: Set()
[2022-08-04 23:30:20,053] {spark_submit_hook.py:479} INFO - 22/08/04 23:30:20 INFO Utils: Successfully started service 'sparkDriver' on port 45829.
[2022-08-04 23:30:20,125] {spark_submit_hook.py:479} INFO - 22/08/04 23:30:20 INFO SparkEnv: Registering MapOutputTracker
[2022-08-04 23:30:20,183] {spark_submit_hook.py:479} INFO - 22/08/04 23:30:20 INFO SparkEnv: Registering BlockManagerMaster
[2022-08-04 23:30:20,217] {spark_submit_hook.py:479} INFO - 22/08/04 23:30:20 INFO BlockManagerMasterEndpoint: Using org.apache.spark.storage.DefaultTopologyMapper for getting topology information
[2022-08-04 23:30:20,218] {spark_submit_hook.py:479} INFO - 22/08/04 23:30:20 INFO BlockManagerMasterEndpoint: BlockManagerMasterEndpoint up
[2022-08-04 23:30:20,224] {spark_submit_hook.py:479} INFO - 22/08/04 23:30:20 INFO SparkEnv: Registering BlockManagerMasterHeartbeat
[2022-08-04 23:30:20,258] {spark_submit_hook.py:479} INFO - 22/08/04 23:30:20 INFO DiskBlockManager: Created local directory at /tmp/blockmgr-a3decd65-11af-4edb-a3cc-9dc625328166
[2022-08-04 23:30:20,290] {spark_submit_hook.py:479} INFO - 22/08/04 23:30:20 INFO MemoryStore: MemoryStore started with capacity 434.4 MiB
[2022-08-04 23:30:20,313] {spark_submit_hook.py:479} INFO - 22/08/04 23:30:20 INFO SparkEnv: Registering OutputCommitCoordinator
[2022-08-04 23:30:20,615] {spark_submit_hook.py:479} INFO - 22/08/04 23:30:20 WARN Utils: Service 'SparkUI' could not bind on port 4040. Attempting port 4041.
[2022-08-04 23:30:20,627] {spark_submit_hook.py:479} INFO - 22/08/04 23:30:20 INFO Utils: Successfully started service 'SparkUI' on port 4041.
[2022-08-04 23:30:20,788] {spark_submit_hook.py:479} INFO - 22/08/04 23:30:20 INFO Executor: Starting executor ID driver on host 192.168.0.20
[2022-08-04 23:30:20,797] {spark_submit_hook.py:479} INFO - 22/08/04 23:30:20 INFO Executor: Starting executor with user classpath (userClassPathFirst = false): ''
[2022-08-04 23:30:20,822] {spark_submit_hook.py:479} INFO - 22/08/04 23:30:20 INFO Utils: Successfully started service 'org.apache.spark.network.netty.NettyBlockTransferService' on port 42149.
[2022-08-04 23:30:20,822] {spark_submit_hook.py:479} INFO - 22/08/04 23:30:20 INFO NettyBlockTransferService: Server created on 192.168.0.20:42149
[2022-08-04 23:30:20,825] {spark_submit_hook.py:479} INFO - 22/08/04 23:30:20 INFO BlockManager: Using org.apache.spark.storage.RandomBlockReplicationPolicy for block replication policy
[2022-08-04 23:30:20,833] {spark_submit_hook.py:479} INFO - 22/08/04 23:30:20 INFO BlockManagerMaster: Registering BlockManager BlockManagerId(driver, 192.168.0.20, 42149, None)
[2022-08-04 23:30:20,838] {spark_submit_hook.py:479} INFO - 22/08/04 23:30:20 INFO BlockManagerMasterEndpoint: Registering block manager 192.168.0.20:42149 with 434.4 MiB RAM, BlockManagerId(driver, 192.168.0.20, 42149, None)
[2022-08-04 23:30:20,841] {spark_submit_hook.py:479} INFO - 22/08/04 23:30:20 INFO BlockManagerMaster: Registered BlockManager BlockManagerId(driver, 192.168.0.20, 42149, None)
[2022-08-04 23:30:20,842] {spark_submit_hook.py:479} INFO - 22/08/04 23:30:20 INFO BlockManager: Initialized BlockManager: BlockManagerId(driver, 192.168.0.20, 42149, None)
[2022-08-04 23:30:21,563] {spark_submit_hook.py:479} INFO - 22/08/04 23:30:21 INFO SharedState: Setting hive.metastore.warehouse.dir ('null') to the value of spark.sql.warehouse.dir.
[2022-08-04 23:30:21,570] {spark_submit_hook.py:479} INFO - 22/08/04 23:30:21 INFO SharedState: Warehouse path is 'file:/home/amadeus/ama/airflow-pipeline-alura/datapipeline/spark-warehouse'.
[2022-08-04 23:30:22,676] {spark_submit_hook.py:479} INFO - 22/08/04 23:30:22 INFO InMemoryFileIndex: It took 57 ms to list leaf files for 1 paths.
[2022-08-04 23:30:22,785] {spark_submit_hook.py:479} INFO - 22/08/04 23:30:22 INFO InMemoryFileIndex: It took 4 ms to list leaf files for 1 paths.
[2022-08-04 23:30:25,464] {spark_submit_hook.py:479} INFO - 22/08/04 23:30:25 INFO FileSourceStrategy: Pushed Filters:
[2022-08-04 23:30:25,466] {spark_submit_hook.py:479} INFO - 22/08/04 23:30:25 INFO FileSourceStrategy: Post-Scan Filters:
[2022-08-04 23:30:25,470] {spark_submit_hook.py:479} INFO - 22/08/04 23:30:25 INFO FileSourceStrategy: Output Data Schema: struct<value: string>
[2022-08-04 23:30:25,859] {spark_submit_hook.py:479} INFO - 22/08/04 23:30:25 INFO MemoryStore: Block broadcast_0 stored as values in memory (estimated size 173.7 KiB, free 434.2 MiB)
[2022-08-04 23:30:25,930] {spark_submit_hook.py:479} INFO - 22/08/04 23:30:25 INFO MemoryStore: Block broadcast_0_piece0 stored as bytes in memory (estimated size 24.7 KiB, free 434.2 MiB)
[2022-08-04 23:30:25,934] {spark_submit_hook.py:479} INFO - 22/08/04 23:30:25 INFO BlockManagerInfo: Added broadcast_0_piece0 in memory on 192.168.0.20:42149 (size: 24.7 KiB, free: 434.4 MiB)
[2022-08-04 23:30:25,940] {spark_submit_hook.py:479} INFO - 22/08/04 23:30:25 INFO SparkContext: Created broadcast 0 from json at NativeMethodAccessorImpl.java:0
[2022-08-04 23:30:25,952] {spark_submit_hook.py:479} INFO - 22/08/04 23:30:25 INFO FileSourceScanExec: Planning scan with bin packing, max size: 4232478 bytes, open cost is considered as scanning 4194304 bytes.
[2022-08-04 23:30:26,249] {spark_submit_hook.py:479} INFO - 22/08/04 23:30:26 INFO SparkContext: Starting job: json at NativeMethodAccessorImpl.java:0
[2022-08-04 23:30:26,279] {spark_submit_hook.py:479} INFO - 22/08/04 23:30:26 INFO DAGScheduler: Got job 0 (json at NativeMethodAccessorImpl.java:0) with 1 output partitions
[2022-08-04 23:30:26,280] {spark_submit_hook.py:479} INFO - 22/08/04 23:30:26 INFO DAGScheduler: Final stage: ResultStage 0 (json at NativeMethodAccessorImpl.java:0)
[2022-08-04 23:30:26,281] {spark_submit_hook.py:479} INFO - 22/08/04 23:30:26 INFO DAGScheduler: Parents of final stage: List()
[2022-08-04 23:30:26,283] {spark_submit_hook.py:479} INFO - 22/08/04 23:30:26 INFO DAGScheduler: Missing parents: List()
[2022-08-04 23:30:26,293] {spark_submit_hook.py:479} INFO - 22/08/04 23:30:26 INFO DAGScheduler: Submitting ResultStage 0 (MapPartitionsRDD[3] at json at NativeMethodAccessorImpl.java:0), which has no missing parents
[2022-08-04 23:30:26,460] {spark_submit_hook.py:479} INFO - 22/08/04 23:30:26 INFO MemoryStore: Block broadcast_1 stored as values in memory (estimated size 14.5 KiB, free 434.2 MiB)
[2022-08-04 23:30:26,464] {spark_submit_hook.py:479} INFO - 22/08/04 23:30:26 INFO MemoryStore: Block broadcast_1_piece0 stored as bytes in memory (estimated size 7.0 KiB, free 434.2 MiB)
[2022-08-04 23:30:26,466] {spark_submit_hook.py:479} INFO - 22/08/04 23:30:26 INFO BlockManagerInfo: Added broadcast_1_piece0 in memory on 192.168.0.20:42149 (size: 7.0 KiB, free: 434.4 MiB)
[2022-08-04 23:30:26,468] {spark_submit_hook.py:479} INFO - 22/08/04 23:30:26 INFO SparkContext: Created broadcast 1 from broadcast at DAGScheduler.scala:1513
[2022-08-04 23:30:26,495] {spark_submit_hook.py:479} INFO - 22/08/04 23:30:26 INFO DAGScheduler: Submitting 1 missing tasks from ResultStage 0 (MapPartitionsRDD[3] at json at NativeMethodAccessorImpl.java:0) (first 15 tasks are for partitions Vector(0))
[2022-08-04 23:30:26,497] {spark_submit_hook.py:479} INFO - 22/08/04 23:30:26 INFO TaskSchedulerImpl: Adding task set 0.0 with 1 tasks resource profile 0
[2022-08-04 23:30:26,601] {spark_submit_hook.py:479} INFO - 22/08/04 23:30:26 INFO TaskSetManager: Starting task 0.0 in stage 0.0 (TID 0) (192.168.0.20, executor driver, partition 0, PROCESS_LOCAL, 5027 bytes) taskResourceAssignments Map()
[2022-08-04 23:30:26,625] {spark_submit_hook.py:479} INFO - 22/08/04 23:30:26 INFO Executor: Running task 0.0 in stage 0.0 (TID 0)
[2022-08-04 23:30:26,806] {spark_submit_hook.py:479} INFO - 22/08/04 23:30:26 INFO FileScanRDD: Reading File path: file:///home/amadeus/ama/airflow-pipeline-alura/datapipeline/datalake/bronze/twitter_flamengomalvadao/extract_date=2022-07-29/FlamengoMalvadao_20220729.json, range: 0-38174, partition values: [empty row]
[2022-08-04 23:30:27,090] {spark_submit_hook.py:479} INFO - 22/08/04 23:30:27 INFO CodeGenerator: Code generated in 241.329547 ms
[2022-08-04 23:30:27,163] {spark_submit_hook.py:479} INFO - 22/08/04 23:30:27 INFO Executor: Finished task 0.0 in stage 0.0 (TID 0). 2784 bytes result sent to driver
[2022-08-04 23:30:27,174] {spark_submit_hook.py:479} INFO - 22/08/04 23:30:27 INFO TaskSetManager: Finished task 0.0 in stage 0.0 (TID 0) in 596 ms on 192.168.0.20 (executor driver) (1/1)
[2022-08-04 23:30:27,177] {spark_submit_hook.py:479} INFO - 22/08/04 23:30:27 INFO TaskSchedulerImpl: Removed TaskSet 0.0, whose tasks have all completed, from pool
[2022-08-04 23:30:27,184] {spark_submit_hook.py:479} INFO - 22/08/04 23:30:27 INFO DAGScheduler: ResultStage 0 (json at NativeMethodAccessorImpl.java:0) finished in 0,860 s
[2022-08-04 23:30:27,188] {spark_submit_hook.py:479} INFO - 22/08/04 23:30:27 INFO DAGScheduler: Job 0 is finished. Cancelling potential speculative or zombie tasks for this job
[2022-08-04 23:30:27,189] {spark_submit_hook.py:479} INFO - 22/08/04 23:30:27 INFO TaskSchedulerImpl: Killing all running tasks in stage 0: Stage finished
[2022-08-04 23:30:27,192] {spark_submit_hook.py:479} INFO - 22/08/04 23:30:27 INFO DAGScheduler: Job 0 finished: json at NativeMethodAccessorImpl.java:0, took 0,941799 s
[2022-08-04 23:30:27,529] {spark_submit_hook.py:479} INFO - Traceback (most recent call last):
[2022-08-04 23:30:27,529] {spark_submit_hook.py:479} INFO - File "/home/amadeus/ama/airflow-pipeline-alura/datapipeline/spark/transfortmation.py", line 50, in <module>
[2022-08-04 23:30:27,529] {spark_submit_hook.py:479} INFO - twitter_transform(spark, args.src, args.dest, args.process_date)
[2022-08-04 23:30:27,529] {spark_submit_hook.py:479} INFO - File "/home/amadeus/ama/airflow-pipeline-alura/datapipeline/spark/transfortmation.py", line 28, in twitter_transform
[2022-08-04 23:30:27,529] {spark_submit_hook.py:479} INFO - tweet_df = get_tweets_data(df)
[2022-08-04 23:30:27,529] {spark_submit_hook.py:479} INFO - File "/home/amadeus/ama/airflow-pipeline-alura/datapipeline/spark/transfortmation.py", line 8, in get_tweets_data
[2022-08-04 23:30:27,529] {spark_submit_hook.py:479} INFO - return df\
[2022-08-04 23:30:27,529] {spark_submit_hook.py:479} INFO - File "/home/amadeus/Downloads/spark-3.3.0-bin-hadoop2/python/lib/pyspark.zip/pyspark/sql/dataframe.py", line 2023, in select
[2022-08-04 23:30:27,529] {spark_submit_hook.py:479} INFO - File "/home/amadeus/Downloads/spark-3.3.0-bin-hadoop2/python/lib/py4j-0.10.9.5-src.zip/py4j/java_gateway.py", line 1321, in __call__
[2022-08-04 23:30:27,529] {spark_submit_hook.py:479} INFO - File "/home/amadeus/Downloads/spark-3.3.0-bin-hadoop2/python/lib/pyspark.zip/pyspark/sql/utils.py", line 196, in deco
[2022-08-04 23:30:27,537] {spark_submit_hook.py:479} INFO - pyspark.sql.utils.AnalysisException: No such struct field in_reply_to_user_id in author_id, conversation_id, created_at, id, public_metrics, text
[2022-08-04 23:30:27,621] {spark_submit_hook.py:479} INFO - 22/08/04 23:30:27 INFO SparkContext: Invoking stop() from shutdown hook
[2022-08-04 23:30:27,682] {spark_submit_hook.py:479} INFO - 22/08/04 23:30:27 INFO SparkUI: Stopped Spark web UI at http://192.168.0.20:4041
[2022-08-04 23:30:27,724] {spark_submit_hook.py:479} INFO - 22/08/04 23:30:27 INFO BlockManagerInfo: Removed broadcast_0_piece0 on 192.168.0.20:42149 in memory (size: 24.7 KiB, free: 434.4 MiB)
[2022-08-04 23:30:27,769] {spark_submit_hook.py:479} INFO - 22/08/04 23:30:27 INFO MapOutputTrackerMasterEndpoint: MapOutputTrackerMasterEndpoint stopped!
[2022-08-04 23:30:27,783] {spark_submit_hook.py:479} INFO - 22/08/04 23:30:27 INFO MemoryStore: MemoryStore cleared
[2022-08-04 23:30:27,783] {spark_submit_hook.py:479} INFO - 22/08/04 23:30:27 INFO BlockManager: BlockManager stopped
[2022-08-04 23:30:27,788] {spark_submit_hook.py:479} INFO - 22/08/04 23:30:27 INFO BlockManagerMaster: BlockManagerMaster stopped
[2022-08-04 23:30:27,792] {spark_submit_hook.py:479} INFO - 22/08/04 23:30:27 INFO OutputCommitCoordinator$OutputCommitCoordinatorEndpoint: OutputCommitCoordinator stopped!
[2022-08-04 23:30:27,796] {spark_submit_hook.py:479} INFO - 22/08/04 23:30:27 INFO SparkContext: Successfully stopped SparkContext
[2022-08-04 23:30:27,797] {spark_submit_hook.py:479} INFO - 22/08/04 23:30:27 INFO ShutdownHookManager: Shutdown hook called
[2022-08-04 23:30:27,798] {spark_submit_hook.py:479} INFO - 22/08/04 23:30:27 INFO ShutdownHookManager: Deleting directory /tmp/spark-5efa9a82-039d-4c43-9b28-37590bc433da
[2022-08-04 23:30:27,800] {spark_submit_hook.py:479} INFO - 22/08/04 23:30:27 INFO ShutdownHookManager: Deleting directory /tmp/spark-245ab07b-ffed-42f7-84ef-5d62b3ad2857
[2022-08-04 23:30:27,803] {spark_submit_hook.py:479} INFO - 22/08/04 23:30:27 INFO ShutdownHookManager: Deleting directory /tmp/spark-5efa9a82-039d-4c43-9b28-37590bc433da/pyspark-433ffe68-baa0-489f-9d4e-89aa2514328a
[2022-08-04 23:30:27,854] {taskinstance.py:1150} ERROR - Cannot execute: /home/amadeus/Downloads/spark-3.3.0-bin-hadoop2/bin/spark-submit --master local --name twitter_transformation /home/amadeus/ama/airflow-pipeline-alura/datapipeline/spark/transfortmation.py --src /home/amadeus/ama/airflow-pipeline-alura/datapipeline/datalake/bronze/twitter_flamengomalvadao/extract_date=2022-07-29 --dest /home/amadeus/ama/airflow-pipeline-alura/datapipeline/datalake/silver/twitter_flamengomalvadao/ --process-date 2022-07-29. Error code is: 1.
Traceback (most recent call last):
  File "/home/amadeus/ama/airflow-pipeline-alura/datapipeline/.env/lib/python3.8/site-packages/airflow/models/taskinstance.py", line 984, in _run_raw_task
    result = task_copy.execute(context=context)
  File "/home/amadeus/ama/airflow-pipeline-alura/datapipeline/.env/lib/python3.8/site-packages/airflow/contrib/operators/spark_submit_operator.py", line 187, in execute
    self._hook.submit(self._application)
  File "/home/amadeus/ama/airflow-pipeline-alura/datapipeline/.env/lib/python3.8/site-packages/airflow/contrib/hooks/spark_submit_hook.py", line 403, in submit
    raise AirflowException(
airflow.exceptions.AirflowException: Cannot execute: /home/amadeus/Downloads/spark-3.3.0-bin-hadoop2/bin/spark-submit --master local --name twitter_transformation /home/amadeus/ama/airflow-pipeline-alura/datapipeline/spark/transfortmation.py --src /home/amadeus/ama/airflow-pipeline-alura/datapipeline/datalake/bronze/twitter_flamengomalvadao/extract_date=2022-07-29 --dest /home/amadeus/ama/airflow-pipeline-alura/datapipeline/datalake/silver/twitter_flamengomalvadao/ --process-date 2022-07-29. Error code is: 1.
[2022-08-04 23:30:27,855] {taskinstance.py:1187} INFO - Marking task as FAILED. dag_id=twitter_dag, task_id=transform_twitter_flamengomalvadao, execution_date=20220729T090000, start_date=20220805T023014, end_date=20220805T023027
[2022-08-04 23:30:29,159] {local_task_job.py:102} INFO - Task exited with return code 1
