[2022-08-04 11:40:43,882] {taskinstance.py:670} INFO - Dependencies all met for <TaskInstance: twitter_dag.transform_twitter_flamengomalvadao 2022-07-29T09:00:00+00:00 [queued]>
[2022-08-04 11:40:43,894] {taskinstance.py:670} INFO - Dependencies all met for <TaskInstance: twitter_dag.transform_twitter_flamengomalvadao 2022-07-29T09:00:00+00:00 [queued]>
[2022-08-04 11:40:43,895] {taskinstance.py:880} INFO - 
--------------------------------------------------------------------------------
[2022-08-04 11:40:43,895] {taskinstance.py:881} INFO - Starting attempt 2 of 2
[2022-08-04 11:40:43,895] {taskinstance.py:882} INFO - 
--------------------------------------------------------------------------------
[2022-08-04 11:40:44,198] {taskinstance.py:901} INFO - Executing <Task(SparkSubmitOperator): transform_twitter_flamengomalvadao> on 2022-07-29T09:00:00+00:00
[2022-08-04 11:40:44,203] {standard_task_runner.py:54} INFO - Started process 128490 to run task
[2022-08-04 11:40:44,248] {standard_task_runner.py:77} INFO - Running: ['airflow', 'run', 'twitter_dag', 'transform_twitter_flamengomalvadao', '2022-07-29T09:00:00+00:00', '--job_id', '28', '--pool', 'default_pool', '--raw', '-sd', 'DAGS_FOLDER/twitter_dag.py', '--cfg_path', '/tmp/tmp9isoud24']
[2022-08-04 11:40:44,248] {standard_task_runner.py:78} INFO - Job 28: Subtask transform_twitter_flamengomalvadao
[2022-08-04 11:40:44,466] {logging_mixin.py:112} INFO - Running <TaskInstance: twitter_dag.transform_twitter_flamengomalvadao 2022-07-29T09:00:00+00:00 [running]> on host ama
[2022-08-04 11:40:44,505] {base_hook.py:89} INFO - Using connection to: id: spark_default. Host: local, Port: None, Schema: None, Login: None, Password: None, extra: XXXXXXXX
[2022-08-04 11:40:44,507] {spark_submit_hook.py:325} INFO - Spark-Submit cmd: /home/amadeus/Downloads/spark-3.3.0-bin-hadoop2/bin/spark-submit --master local --name twitter_transformation /home/amadeus/ama/airflow-pipeline-alura/datapipeline/spark/transfortmation.py --src /home/amadeus/airflow-pipeline-alura/datapipeline/datalake/bronze/twitter_flamengomalvadao/extract_date=2022-07-29 --dest /home/amadeus/airflow-pipeline-alura/datapipeline/datalake/silver/twitter_flamengomalvadao/ --process-date 2022-07-29
[2022-08-04 11:40:45,832] {spark_submit_hook.py:479} INFO - 22/08/04 11:40:45 WARN Utils: Your hostname, ama resolves to a loopback address: 127.0.1.1; using 192.168.1.12 instead (on interface wlo1)
[2022-08-04 11:40:45,835] {spark_submit_hook.py:479} INFO - 22/08/04 11:40:45 WARN Utils: Set SPARK_LOCAL_IP if you need to bind to another address
[2022-08-04 11:40:46,681] {spark_submit_hook.py:479} INFO - 22/08/04 11:40:46 INFO SparkContext: Running Spark version 3.3.0
[2022-08-04 11:40:46,782] {spark_submit_hook.py:479} INFO - 22/08/04 11:40:46 WARN NativeCodeLoader: Unable to load native-hadoop library for your platform... using builtin-java classes where applicable
[2022-08-04 11:40:46,864] {spark_submit_hook.py:479} INFO - 22/08/04 11:40:46 INFO ResourceUtils: ==============================================================
[2022-08-04 11:40:46,864] {spark_submit_hook.py:479} INFO - 22/08/04 11:40:46 INFO ResourceUtils: No custom resources configured for spark.driver.
[2022-08-04 11:40:46,864] {spark_submit_hook.py:479} INFO - 22/08/04 11:40:46 INFO ResourceUtils: ==============================================================
[2022-08-04 11:40:46,865] {spark_submit_hook.py:479} INFO - 22/08/04 11:40:46 INFO SparkContext: Submitted application: twitter_transformation
[2022-08-04 11:40:46,881] {spark_submit_hook.py:479} INFO - 22/08/04 11:40:46 INFO ResourceProfile: Default ResourceProfile created, executor resources: Map(cores -> name: cores, amount: 1, script: , vendor: , memory -> name: memory, amount: 1024, script: , vendor: , offHeap -> name: offHeap, amount: 0, script: , vendor: ), task resources: Map(cpus -> name: cpus, amount: 1.0)
[2022-08-04 11:40:46,892] {spark_submit_hook.py:479} INFO - 22/08/04 11:40:46 INFO ResourceProfile: Limiting resource is cpu
[2022-08-04 11:40:46,893] {spark_submit_hook.py:479} INFO - 22/08/04 11:40:46 INFO ResourceProfileManager: Added ResourceProfile id: 0
[2022-08-04 11:40:46,934] {spark_submit_hook.py:479} INFO - 22/08/04 11:40:46 INFO SecurityManager: Changing view acls to: amadeus
[2022-08-04 11:40:46,934] {spark_submit_hook.py:479} INFO - 22/08/04 11:40:46 INFO SecurityManager: Changing modify acls to: amadeus
[2022-08-04 11:40:46,935] {spark_submit_hook.py:479} INFO - 22/08/04 11:40:46 INFO SecurityManager: Changing view acls groups to:
[2022-08-04 11:40:46,935] {spark_submit_hook.py:479} INFO - 22/08/04 11:40:46 INFO SecurityManager: Changing modify acls groups to:
[2022-08-04 11:40:46,935] {spark_submit_hook.py:479} INFO - 22/08/04 11:40:46 INFO SecurityManager: SecurityManager: authentication disabled; ui acls disabled; users  with view permissions: Set(amadeus); groups with view permissions: Set(); users  with modify permissions: Set(amadeus); groups with modify permissions: Set()
[2022-08-04 11:40:47,212] {spark_submit_hook.py:479} INFO - 22/08/04 11:40:47 INFO Utils: Successfully started service 'sparkDriver' on port 34199.
[2022-08-04 11:40:47,235] {spark_submit_hook.py:479} INFO - 22/08/04 11:40:47 INFO SparkEnv: Registering MapOutputTracker
[2022-08-04 11:40:47,269] {spark_submit_hook.py:479} INFO - 22/08/04 11:40:47 INFO SparkEnv: Registering BlockManagerMaster
[2022-08-04 11:40:47,286] {spark_submit_hook.py:479} INFO - 22/08/04 11:40:47 INFO BlockManagerMasterEndpoint: Using org.apache.spark.storage.DefaultTopologyMapper for getting topology information
[2022-08-04 11:40:47,287] {spark_submit_hook.py:479} INFO - 22/08/04 11:40:47 INFO BlockManagerMasterEndpoint: BlockManagerMasterEndpoint up
[2022-08-04 11:40:47,290] {spark_submit_hook.py:479} INFO - 22/08/04 11:40:47 INFO SparkEnv: Registering BlockManagerMasterHeartbeat
[2022-08-04 11:40:47,309] {spark_submit_hook.py:479} INFO - 22/08/04 11:40:47 INFO DiskBlockManager: Created local directory at /tmp/blockmgr-37ac76a4-5362-41ed-b2a5-41dcb4aa6e0c
[2022-08-04 11:40:47,324] {spark_submit_hook.py:479} INFO - 22/08/04 11:40:47 INFO MemoryStore: MemoryStore started with capacity 434.4 MiB
[2022-08-04 11:40:47,341] {spark_submit_hook.py:479} INFO - 22/08/04 11:40:47 INFO SparkEnv: Registering OutputCommitCoordinator
[2022-08-04 11:40:47,527] {spark_submit_hook.py:479} INFO - 22/08/04 11:40:47 WARN Utils: Service 'SparkUI' could not bind on port 4040. Attempting port 4041.
[2022-08-04 11:40:47,534] {spark_submit_hook.py:479} INFO - 22/08/04 11:40:47 INFO Utils: Successfully started service 'SparkUI' on port 4041.
[2022-08-04 11:40:47,645] {spark_submit_hook.py:479} INFO - 22/08/04 11:40:47 INFO Executor: Starting executor ID driver on host 192.168.1.12
[2022-08-04 11:40:47,652] {spark_submit_hook.py:479} INFO - 22/08/04 11:40:47 INFO Executor: Starting executor with user classpath (userClassPathFirst = false): ''
[2022-08-04 11:40:47,668] {spark_submit_hook.py:479} INFO - 22/08/04 11:40:47 INFO Utils: Successfully started service 'org.apache.spark.network.netty.NettyBlockTransferService' on port 45985.
[2022-08-04 11:40:47,668] {spark_submit_hook.py:479} INFO - 22/08/04 11:40:47 INFO NettyBlockTransferService: Server created on 192.168.1.12:45985
[2022-08-04 11:40:47,669] {spark_submit_hook.py:479} INFO - 22/08/04 11:40:47 INFO BlockManager: Using org.apache.spark.storage.RandomBlockReplicationPolicy for block replication policy
[2022-08-04 11:40:47,675] {spark_submit_hook.py:479} INFO - 22/08/04 11:40:47 INFO BlockManagerMaster: Registering BlockManager BlockManagerId(driver, 192.168.1.12, 45985, None)
[2022-08-04 11:40:47,678] {spark_submit_hook.py:479} INFO - 22/08/04 11:40:47 INFO BlockManagerMasterEndpoint: Registering block manager 192.168.1.12:45985 with 434.4 MiB RAM, BlockManagerId(driver, 192.168.1.12, 45985, None)
[2022-08-04 11:40:47,680] {spark_submit_hook.py:479} INFO - 22/08/04 11:40:47 INFO BlockManagerMaster: Registered BlockManager BlockManagerId(driver, 192.168.1.12, 45985, None)
[2022-08-04 11:40:47,681] {spark_submit_hook.py:479} INFO - 22/08/04 11:40:47 INFO BlockManager: Initialized BlockManager: BlockManagerId(driver, 192.168.1.12, 45985, None)
[2022-08-04 11:40:48,118] {spark_submit_hook.py:479} INFO - 22/08/04 11:40:48 INFO SharedState: Setting hive.metastore.warehouse.dir ('null') to the value of spark.sql.warehouse.dir.
[2022-08-04 11:40:48,122] {spark_submit_hook.py:479} INFO - 22/08/04 11:40:48 INFO SharedState: Warehouse path is 'file:/home/amadeus/ama/airflow-pipeline-alura/datapipeline/spark-warehouse'.
[2022-08-04 11:40:48,812] {spark_submit_hook.py:479} INFO - 22/08/04 11:40:48 INFO InMemoryFileIndex: It took 34 ms to list leaf files for 1 paths.
[2022-08-04 11:40:48,874] {spark_submit_hook.py:479} INFO - 22/08/04 11:40:48 INFO InMemoryFileIndex: It took 2 ms to list leaf files for 1 paths.
[2022-08-04 11:40:50,505] {spark_submit_hook.py:479} INFO - 22/08/04 11:40:50 INFO FileSourceStrategy: Pushed Filters:
[2022-08-04 11:40:50,506] {spark_submit_hook.py:479} INFO - 22/08/04 11:40:50 INFO FileSourceStrategy: Post-Scan Filters:
[2022-08-04 11:40:50,509] {spark_submit_hook.py:479} INFO - 22/08/04 11:40:50 INFO FileSourceStrategy: Output Data Schema: struct<value: string>
[2022-08-04 11:40:50,754] {spark_submit_hook.py:479} INFO - 22/08/04 11:40:50 INFO MemoryStore: Block broadcast_0 stored as values in memory (estimated size 173.7 KiB, free 434.2 MiB)
[2022-08-04 11:40:50,796] {spark_submit_hook.py:479} INFO - 22/08/04 11:40:50 INFO MemoryStore: Block broadcast_0_piece0 stored as bytes in memory (estimated size 24.7 KiB, free 434.2 MiB)
[2022-08-04 11:40:50,798] {spark_submit_hook.py:479} INFO - 22/08/04 11:40:50 INFO BlockManagerInfo: Added broadcast_0_piece0 in memory on 192.168.1.12:45985 (size: 24.7 KiB, free: 434.4 MiB)
[2022-08-04 11:40:50,802] {spark_submit_hook.py:479} INFO - 22/08/04 11:40:50 INFO SparkContext: Created broadcast 0 from json at NativeMethodAccessorImpl.java:0
[2022-08-04 11:40:50,809] {spark_submit_hook.py:479} INFO - 22/08/04 11:40:50 INFO FileSourceScanExec: Planning scan with bin packing, max size: 4233057 bytes, open cost is considered as scanning 4194304 bytes.
[2022-08-04 11:40:50,998] {spark_submit_hook.py:479} INFO - 22/08/04 11:40:50 INFO SparkContext: Starting job: json at NativeMethodAccessorImpl.java:0
[2022-08-04 11:40:51,011] {spark_submit_hook.py:479} INFO - 22/08/04 11:40:51 INFO DAGScheduler: Got job 0 (json at NativeMethodAccessorImpl.java:0) with 1 output partitions
[2022-08-04 11:40:51,011] {spark_submit_hook.py:479} INFO - 22/08/04 11:40:51 INFO DAGScheduler: Final stage: ResultStage 0 (json at NativeMethodAccessorImpl.java:0)
[2022-08-04 11:40:51,012] {spark_submit_hook.py:479} INFO - 22/08/04 11:40:51 INFO DAGScheduler: Parents of final stage: List()
[2022-08-04 11:40:51,013] {spark_submit_hook.py:479} INFO - 22/08/04 11:40:51 INFO DAGScheduler: Missing parents: List()
[2022-08-04 11:40:51,016] {spark_submit_hook.py:479} INFO - 22/08/04 11:40:51 INFO DAGScheduler: Submitting ResultStage 0 (MapPartitionsRDD[3] at json at NativeMethodAccessorImpl.java:0), which has no missing parents
[2022-08-04 11:40:51,081] {spark_submit_hook.py:479} INFO - 22/08/04 11:40:51 INFO MemoryStore: Block broadcast_1 stored as values in memory (estimated size 14.5 KiB, free 434.2 MiB)
[2022-08-04 11:40:51,083] {spark_submit_hook.py:479} INFO - 22/08/04 11:40:51 INFO MemoryStore: Block broadcast_1_piece0 stored as bytes in memory (estimated size 7.0 KiB, free 434.2 MiB)
[2022-08-04 11:40:51,084] {spark_submit_hook.py:479} INFO - 22/08/04 11:40:51 INFO BlockManagerInfo: Added broadcast_1_piece0 in memory on 192.168.1.12:45985 (size: 7.0 KiB, free: 434.4 MiB)
[2022-08-04 11:40:51,085] {spark_submit_hook.py:479} INFO - 22/08/04 11:40:51 INFO SparkContext: Created broadcast 1 from broadcast at DAGScheduler.scala:1513
[2022-08-04 11:40:51,096] {spark_submit_hook.py:479} INFO - 22/08/04 11:40:51 INFO DAGScheduler: Submitting 1 missing tasks from ResultStage 0 (MapPartitionsRDD[3] at json at NativeMethodAccessorImpl.java:0) (first 15 tasks are for partitions Vector(0))
[2022-08-04 11:40:51,098] {spark_submit_hook.py:479} INFO - 22/08/04 11:40:51 INFO TaskSchedulerImpl: Adding task set 0.0 with 1 tasks resource profile 0
[2022-08-04 11:40:51,148] {spark_submit_hook.py:479} INFO - 22/08/04 11:40:51 INFO TaskSetManager: Starting task 0.0 in stage 0.0 (TID 0) (192.168.1.12, executor driver, partition 0, PROCESS_LOCAL, 5023 bytes) taskResourceAssignments Map()
[2022-08-04 11:40:51,159] {spark_submit_hook.py:479} INFO - 22/08/04 11:40:51 INFO Executor: Running task 0.0 in stage 0.0 (TID 0)
[2022-08-04 11:40:51,293] {spark_submit_hook.py:479} INFO - 22/08/04 11:40:51 INFO FileScanRDD: Reading File path: file:///home/amadeus/airflow-pipeline-alura/datapipeline/datalake/bronze/twitter_flamengomalvadao/extract_date=2022-07-29/FlamengoMalvadao_20220729.json, range: 0-38753, partition values: [empty row]
[2022-08-04 11:40:51,454] {spark_submit_hook.py:479} INFO - 22/08/04 11:40:51 INFO CodeGenerator: Code generated in 134.256308 ms
[2022-08-04 11:40:51,501] {spark_submit_hook.py:479} INFO - 22/08/04 11:40:51 INFO Executor: Finished task 0.0 in stage 0.0 (TID 0). 2784 bytes result sent to driver
[2022-08-04 11:40:51,508] {spark_submit_hook.py:479} INFO - 22/08/04 11:40:51 INFO TaskSetManager: Finished task 0.0 in stage 0.0 (TID 0) in 370 ms on 192.168.1.12 (executor driver) (1/1)
[2022-08-04 11:40:51,510] {spark_submit_hook.py:479} INFO - 22/08/04 11:40:51 INFO TaskSchedulerImpl: Removed TaskSet 0.0, whose tasks have all completed, from pool
[2022-08-04 11:40:51,514] {spark_submit_hook.py:479} INFO - 22/08/04 11:40:51 INFO DAGScheduler: ResultStage 0 (json at NativeMethodAccessorImpl.java:0) finished in 0,487 s
[2022-08-04 11:40:51,516] {spark_submit_hook.py:479} INFO - 22/08/04 11:40:51 INFO DAGScheduler: Job 0 is finished. Cancelling potential speculative or zombie tasks for this job
[2022-08-04 11:40:51,517] {spark_submit_hook.py:479} INFO - 22/08/04 11:40:51 INFO TaskSchedulerImpl: Killing all running tasks in stage 0: Stage finished
[2022-08-04 11:40:51,519] {spark_submit_hook.py:479} INFO - 22/08/04 11:40:51 INFO DAGScheduler: Job 0 finished: json at NativeMethodAccessorImpl.java:0, took 0,520609 s
[2022-08-04 11:40:51,663] {spark_submit_hook.py:479} INFO - 22/08/04 11:40:51 INFO BlockManagerInfo: Removed broadcast_1_piece0 on 192.168.1.12:45985 in memory (size: 7.0 KiB, free: 434.4 MiB)
[2022-08-04 11:40:51,667] {spark_submit_hook.py:479} INFO - 22/08/04 11:40:51 INFO BlockManagerInfo: Removed broadcast_0_piece0 on 192.168.1.12:45985 in memory (size: 24.7 KiB, free: 434.4 MiB)
[2022-08-04 11:40:51,762] {spark_submit_hook.py:479} INFO - Traceback (most recent call last):
[2022-08-04 11:40:51,763] {spark_submit_hook.py:479} INFO - File "/home/amadeus/ama/airflow-pipeline-alura/datapipeline/spark/transfortmation.py", line 50, in <module>
[2022-08-04 11:40:51,763] {spark_submit_hook.py:479} INFO - twitter_transform(spark, args.src, args.dest, args.process_date)
[2022-08-04 11:40:51,763] {spark_submit_hook.py:479} INFO - File "/home/amadeus/ama/airflow-pipeline-alura/datapipeline/spark/transfortmation.py", line 28, in twitter_transform
[2022-08-04 11:40:51,763] {spark_submit_hook.py:479} INFO - tweet_df = get_tweets_data(df)
[2022-08-04 11:40:51,763] {spark_submit_hook.py:479} INFO - File "/home/amadeus/ama/airflow-pipeline-alura/datapipeline/spark/transfortmation.py", line 8, in get_tweets_data
[2022-08-04 11:40:51,763] {spark_submit_hook.py:479} INFO - return df\
[2022-08-04 11:40:51,763] {spark_submit_hook.py:479} INFO - File "/home/amadeus/Downloads/spark-3.3.0-bin-hadoop2/python/lib/pyspark.zip/pyspark/sql/dataframe.py", line 2023, in select
[2022-08-04 11:40:51,763] {spark_submit_hook.py:479} INFO - File "/home/amadeus/Downloads/spark-3.3.0-bin-hadoop2/python/lib/py4j-0.10.9.5-src.zip/py4j/java_gateway.py", line 1321, in __call__
[2022-08-04 11:40:51,763] {spark_submit_hook.py:479} INFO - File "/home/amadeus/Downloads/spark-3.3.0-bin-hadoop2/python/lib/pyspark.zip/pyspark/sql/utils.py", line 196, in deco
[2022-08-04 11:40:51,767] {spark_submit_hook.py:479} INFO - pyspark.sql.utils.AnalysisException: No such struct field in_reply_to_user_id in author_id, conversation_id, created_at, id, public_metrics, text
[2022-08-04 11:40:51,796] {spark_submit_hook.py:479} INFO - 22/08/04 11:40:51 INFO SparkContext: Invoking stop() from shutdown hook
[2022-08-04 11:40:51,804] {spark_submit_hook.py:479} INFO - 22/08/04 11:40:51 INFO SparkUI: Stopped Spark web UI at http://192.168.1.12:4041
[2022-08-04 11:40:51,817] {spark_submit_hook.py:479} INFO - 22/08/04 11:40:51 INFO MapOutputTrackerMasterEndpoint: MapOutputTrackerMasterEndpoint stopped!
[2022-08-04 11:40:51,826] {spark_submit_hook.py:479} INFO - 22/08/04 11:40:51 INFO MemoryStore: MemoryStore cleared
[2022-08-04 11:40:51,826] {spark_submit_hook.py:479} INFO - 22/08/04 11:40:51 INFO BlockManager: BlockManager stopped
[2022-08-04 11:40:51,829] {spark_submit_hook.py:479} INFO - 22/08/04 11:40:51 INFO BlockManagerMaster: BlockManagerMaster stopped
[2022-08-04 11:40:51,832] {spark_submit_hook.py:479} INFO - 22/08/04 11:40:51 INFO OutputCommitCoordinator$OutputCommitCoordinatorEndpoint: OutputCommitCoordinator stopped!
[2022-08-04 11:40:51,835] {spark_submit_hook.py:479} INFO - 22/08/04 11:40:51 INFO SparkContext: Successfully stopped SparkContext
[2022-08-04 11:40:51,835] {spark_submit_hook.py:479} INFO - 22/08/04 11:40:51 INFO ShutdownHookManager: Shutdown hook called
[2022-08-04 11:40:51,836] {spark_submit_hook.py:479} INFO - 22/08/04 11:40:51 INFO ShutdownHookManager: Deleting directory /tmp/spark-1d1e6127-f84a-4287-8166-58cb79ad7235
[2022-08-04 11:40:51,838] {spark_submit_hook.py:479} INFO - 22/08/04 11:40:51 INFO ShutdownHookManager: Deleting directory /tmp/spark-dda74811-0365-4953-b53b-68578820a39c
[2022-08-04 11:40:51,839] {spark_submit_hook.py:479} INFO - 22/08/04 11:40:51 INFO ShutdownHookManager: Deleting directory /tmp/spark-1d1e6127-f84a-4287-8166-58cb79ad7235/pyspark-5ec3d11f-8864-465f-b9de-38daba8836bf
[2022-08-04 11:40:51,874] {taskinstance.py:1150} ERROR - Cannot execute: /home/amadeus/Downloads/spark-3.3.0-bin-hadoop2/bin/spark-submit --master local --name twitter_transformation /home/amadeus/ama/airflow-pipeline-alura/datapipeline/spark/transfortmation.py --src /home/amadeus/airflow-pipeline-alura/datapipeline/datalake/bronze/twitter_flamengomalvadao/extract_date=2022-07-29 --dest /home/amadeus/airflow-pipeline-alura/datapipeline/datalake/silver/twitter_flamengomalvadao/ --process-date 2022-07-29. Error code is: 1.
Traceback (most recent call last):
  File "/home/amadeus/ama/airflow-pipeline-alura/datapipeline/.env/lib/python3.8/site-packages/airflow/models/taskinstance.py", line 984, in _run_raw_task
    result = task_copy.execute(context=context)
  File "/home/amadeus/ama/airflow-pipeline-alura/datapipeline/.env/lib/python3.8/site-packages/airflow/contrib/operators/spark_submit_operator.py", line 187, in execute
    self._hook.submit(self._application)
  File "/home/amadeus/ama/airflow-pipeline-alura/datapipeline/.env/lib/python3.8/site-packages/airflow/contrib/hooks/spark_submit_hook.py", line 403, in submit
    raise AirflowException(
airflow.exceptions.AirflowException: Cannot execute: /home/amadeus/Downloads/spark-3.3.0-bin-hadoop2/bin/spark-submit --master local --name twitter_transformation /home/amadeus/ama/airflow-pipeline-alura/datapipeline/spark/transfortmation.py --src /home/amadeus/airflow-pipeline-alura/datapipeline/datalake/bronze/twitter_flamengomalvadao/extract_date=2022-07-29 --dest /home/amadeus/airflow-pipeline-alura/datapipeline/datalake/silver/twitter_flamengomalvadao/ --process-date 2022-07-29. Error code is: 1.
[2022-08-04 11:40:51,875] {taskinstance.py:1187} INFO - Marking task as FAILED. dag_id=twitter_dag, task_id=transform_twitter_flamengomalvadao, execution_date=20220729T090000, start_date=20220804T144043, end_date=20220804T144051
[2022-08-04 11:40:53,654] {local_task_job.py:102} INFO - Task exited with return code 1
