[2022-08-04 12:43:44,071] {taskinstance.py:670} INFO - Dependencies all met for <TaskInstance: twitter_dag.transform_twitter_flamengomalvadao 2022-07-29T09:00:00+00:00 [queued]>
[2022-08-04 12:43:44,102] {taskinstance.py:670} INFO - Dependencies all met for <TaskInstance: twitter_dag.transform_twitter_flamengomalvadao 2022-07-29T09:00:00+00:00 [queued]>
[2022-08-04 12:43:44,102] {taskinstance.py:880} INFO - 
--------------------------------------------------------------------------------
[2022-08-04 12:43:44,103] {taskinstance.py:881} INFO - Starting attempt 3 of 3
[2022-08-04 12:43:44,103] {taskinstance.py:882} INFO - 
--------------------------------------------------------------------------------
[2022-08-04 12:43:44,473] {taskinstance.py:901} INFO - Executing <Task(SparkSubmitOperator): transform_twitter_flamengomalvadao> on 2022-07-29T09:00:00+00:00
[2022-08-04 12:43:44,479] {standard_task_runner.py:54} INFO - Started process 133610 to run task
[2022-08-04 12:43:44,612] {standard_task_runner.py:77} INFO - Running: ['airflow', 'run', 'twitter_dag', 'transform_twitter_flamengomalvadao', '2022-07-29T09:00:00+00:00', '--job_id', '41', '--pool', 'default_pool', '--raw', '-sd', 'DAGS_FOLDER/twitter_dag.py', '--cfg_path', '/tmp/tmpye_146uf']
[2022-08-04 12:43:44,613] {standard_task_runner.py:78} INFO - Job 41: Subtask transform_twitter_flamengomalvadao
[2022-08-04 12:43:44,841] {logging_mixin.py:112} INFO - Running <TaskInstance: twitter_dag.transform_twitter_flamengomalvadao 2022-07-29T09:00:00+00:00 [running]> on host ama
[2022-08-04 12:43:44,939] {base_hook.py:89} INFO - Using connection to: id: spark_default. Host: local, Port: None, Schema: None, Login: None, Password: None, extra: XXXXXXXX
[2022-08-04 12:43:44,942] {spark_submit_hook.py:325} INFO - Spark-Submit cmd: /home/amadeus/Downloads/spark-3.3.0-bin-hadoop2/bin/spark-submit --master local --name twitter_transformation /home/amadeus/ama/airflow-pipeline-alura/datapipeline/spark/transfortmation.py --src /home/amadeus/airflow-pipeline-alura/datapipeline/datalake/bronze/twitter_flamengomalvadao/extract_date=2022-07-29 --dest /home/amadeus/airflow-pipeline-alura/datapipeline/datalake/silver/twitter_flamengomalvadao/ --process-date 2022-07-29
[2022-08-04 12:43:47,024] {spark_submit_hook.py:479} INFO - 22/08/04 12:43:47 WARN Utils: Your hostname, ama resolves to a loopback address: 127.0.1.1; using 192.168.1.12 instead (on interface wlo1)
[2022-08-04 12:43:47,027] {spark_submit_hook.py:479} INFO - 22/08/04 12:43:47 WARN Utils: Set SPARK_LOCAL_IP if you need to bind to another address
[2022-08-04 12:43:48,302] {spark_submit_hook.py:479} INFO - 22/08/04 12:43:48 INFO SparkContext: Running Spark version 3.3.0
[2022-08-04 12:43:48,445] {spark_submit_hook.py:479} INFO - 22/08/04 12:43:48 WARN NativeCodeLoader: Unable to load native-hadoop library for your platform... using builtin-java classes where applicable
[2022-08-04 12:43:48,559] {spark_submit_hook.py:479} INFO - 22/08/04 12:43:48 INFO ResourceUtils: ==============================================================
[2022-08-04 12:43:48,560] {spark_submit_hook.py:479} INFO - 22/08/04 12:43:48 INFO ResourceUtils: No custom resources configured for spark.driver.
[2022-08-04 12:43:48,560] {spark_submit_hook.py:479} INFO - 22/08/04 12:43:48 INFO ResourceUtils: ==============================================================
[2022-08-04 12:43:48,561] {spark_submit_hook.py:479} INFO - 22/08/04 12:43:48 INFO SparkContext: Submitted application: twitter_transformation
[2022-08-04 12:43:48,603] {spark_submit_hook.py:479} INFO - 22/08/04 12:43:48 INFO ResourceProfile: Default ResourceProfile created, executor resources: Map(cores -> name: cores, amount: 1, script: , vendor: , memory -> name: memory, amount: 1024, script: , vendor: , offHeap -> name: offHeap, amount: 0, script: , vendor: ), task resources: Map(cpus -> name: cpus, amount: 1.0)
[2022-08-04 12:43:48,625] {spark_submit_hook.py:479} INFO - 22/08/04 12:43:48 INFO ResourceProfile: Limiting resource is cpu
[2022-08-04 12:43:48,626] {spark_submit_hook.py:479} INFO - 22/08/04 12:43:48 INFO ResourceProfileManager: Added ResourceProfile id: 0
[2022-08-04 12:43:48,699] {spark_submit_hook.py:479} INFO - 22/08/04 12:43:48 INFO SecurityManager: Changing view acls to: amadeus
[2022-08-04 12:43:48,699] {spark_submit_hook.py:479} INFO - 22/08/04 12:43:48 INFO SecurityManager: Changing modify acls to: amadeus
[2022-08-04 12:43:48,700] {spark_submit_hook.py:479} INFO - 22/08/04 12:43:48 INFO SecurityManager: Changing view acls groups to:
[2022-08-04 12:43:48,700] {spark_submit_hook.py:479} INFO - 22/08/04 12:43:48 INFO SecurityManager: Changing modify acls groups to:
[2022-08-04 12:43:48,701] {spark_submit_hook.py:479} INFO - 22/08/04 12:43:48 INFO SecurityManager: SecurityManager: authentication disabled; ui acls disabled; users  with view permissions: Set(amadeus); groups with view permissions: Set(); users  with modify permissions: Set(amadeus); groups with modify permissions: Set()
[2022-08-04 12:43:49,142] {spark_submit_hook.py:479} INFO - 22/08/04 12:43:49 INFO Utils: Successfully started service 'sparkDriver' on port 34149.
[2022-08-04 12:43:49,196] {spark_submit_hook.py:479} INFO - 22/08/04 12:43:49 INFO SparkEnv: Registering MapOutputTracker
[2022-08-04 12:43:49,263] {spark_submit_hook.py:479} INFO - 22/08/04 12:43:49 INFO SparkEnv: Registering BlockManagerMaster
[2022-08-04 12:43:49,291] {spark_submit_hook.py:479} INFO - 22/08/04 12:43:49 INFO BlockManagerMasterEndpoint: Using org.apache.spark.storage.DefaultTopologyMapper for getting topology information
[2022-08-04 12:43:49,292] {spark_submit_hook.py:479} INFO - 22/08/04 12:43:49 INFO BlockManagerMasterEndpoint: BlockManagerMasterEndpoint up
[2022-08-04 12:43:49,297] {spark_submit_hook.py:479} INFO - 22/08/04 12:43:49 INFO SparkEnv: Registering BlockManagerMasterHeartbeat
[2022-08-04 12:43:49,330] {spark_submit_hook.py:479} INFO - 22/08/04 12:43:49 INFO DiskBlockManager: Created local directory at /tmp/blockmgr-9579672f-986f-4a7e-8f3c-847135baffd6
[2022-08-04 12:43:49,356] {spark_submit_hook.py:479} INFO - 22/08/04 12:43:49 INFO MemoryStore: MemoryStore started with capacity 434.4 MiB
[2022-08-04 12:43:49,384] {spark_submit_hook.py:479} INFO - 22/08/04 12:43:49 INFO SparkEnv: Registering OutputCommitCoordinator
[2022-08-04 12:43:49,729] {spark_submit_hook.py:479} INFO - 22/08/04 12:43:49 WARN Utils: Service 'SparkUI' could not bind on port 4040. Attempting port 4041.
[2022-08-04 12:43:49,741] {spark_submit_hook.py:479} INFO - 22/08/04 12:43:49 INFO Utils: Successfully started service 'SparkUI' on port 4041.
[2022-08-04 12:43:49,914] {spark_submit_hook.py:479} INFO - 22/08/04 12:43:49 INFO Executor: Starting executor ID driver on host 192.168.1.12
[2022-08-04 12:43:49,924] {spark_submit_hook.py:479} INFO - 22/08/04 12:43:49 INFO Executor: Starting executor with user classpath (userClassPathFirst = false): ''
[2022-08-04 12:43:49,947] {spark_submit_hook.py:479} INFO - 22/08/04 12:43:49 INFO Utils: Successfully started service 'org.apache.spark.network.netty.NettyBlockTransferService' on port 42759.
[2022-08-04 12:43:49,947] {spark_submit_hook.py:479} INFO - 22/08/04 12:43:49 INFO NettyBlockTransferService: Server created on 192.168.1.12:42759
[2022-08-04 12:43:49,949] {spark_submit_hook.py:479} INFO - 22/08/04 12:43:49 INFO BlockManager: Using org.apache.spark.storage.RandomBlockReplicationPolicy for block replication policy
[2022-08-04 12:43:49,957] {spark_submit_hook.py:479} INFO - 22/08/04 12:43:49 INFO BlockManagerMaster: Registering BlockManager BlockManagerId(driver, 192.168.1.12, 42759, None)
[2022-08-04 12:43:49,961] {spark_submit_hook.py:479} INFO - 22/08/04 12:43:49 INFO BlockManagerMasterEndpoint: Registering block manager 192.168.1.12:42759 with 434.4 MiB RAM, BlockManagerId(driver, 192.168.1.12, 42759, None)
[2022-08-04 12:43:49,964] {spark_submit_hook.py:479} INFO - 22/08/04 12:43:49 INFO BlockManagerMaster: Registered BlockManager BlockManagerId(driver, 192.168.1.12, 42759, None)
[2022-08-04 12:43:49,965] {spark_submit_hook.py:479} INFO - 22/08/04 12:43:49 INFO BlockManager: Initialized BlockManager: BlockManagerId(driver, 192.168.1.12, 42759, None)
[2022-08-04 12:43:50,620] {spark_submit_hook.py:479} INFO - 22/08/04 12:43:50 INFO SharedState: Setting hive.metastore.warehouse.dir ('null') to the value of spark.sql.warehouse.dir.
[2022-08-04 12:43:50,626] {spark_submit_hook.py:479} INFO - 22/08/04 12:43:50 INFO SharedState: Warehouse path is 'file:/home/amadeus/ama/airflow-pipeline-alura/datapipeline/spark-warehouse'.
[2022-08-04 12:43:51,587] {spark_submit_hook.py:479} INFO - 22/08/04 12:43:51 INFO InMemoryFileIndex: It took 50 ms to list leaf files for 1 paths.
[2022-08-04 12:43:51,673] {spark_submit_hook.py:479} INFO - 22/08/04 12:43:51 INFO InMemoryFileIndex: It took 2 ms to list leaf files for 1 paths.
[2022-08-04 12:43:53,949] {spark_submit_hook.py:479} INFO - 22/08/04 12:43:53 INFO FileSourceStrategy: Pushed Filters:
[2022-08-04 12:43:53,951] {spark_submit_hook.py:479} INFO - 22/08/04 12:43:53 INFO FileSourceStrategy: Post-Scan Filters:
[2022-08-04 12:43:53,954] {spark_submit_hook.py:479} INFO - 22/08/04 12:43:53 INFO FileSourceStrategy: Output Data Schema: struct<value: string>
[2022-08-04 12:43:54,303] {spark_submit_hook.py:479} INFO - 22/08/04 12:43:54 INFO MemoryStore: Block broadcast_0 stored as values in memory (estimated size 173.7 KiB, free 434.2 MiB)
[2022-08-04 12:43:54,364] {spark_submit_hook.py:479} INFO - 22/08/04 12:43:54 INFO MemoryStore: Block broadcast_0_piece0 stored as bytes in memory (estimated size 24.7 KiB, free 434.2 MiB)
[2022-08-04 12:43:54,368] {spark_submit_hook.py:479} INFO - 22/08/04 12:43:54 INFO BlockManagerInfo: Added broadcast_0_piece0 in memory on 192.168.1.12:42759 (size: 24.7 KiB, free: 434.4 MiB)
[2022-08-04 12:43:54,374] {spark_submit_hook.py:479} INFO - 22/08/04 12:43:54 INFO SparkContext: Created broadcast 0 from json at NativeMethodAccessorImpl.java:0
[2022-08-04 12:43:54,386] {spark_submit_hook.py:479} INFO - 22/08/04 12:43:54 INFO FileSourceScanExec: Planning scan with bin packing, max size: 4233057 bytes, open cost is considered as scanning 4194304 bytes.
[2022-08-04 12:43:54,675] {spark_submit_hook.py:479} INFO - 22/08/04 12:43:54 INFO SparkContext: Starting job: json at NativeMethodAccessorImpl.java:0
[2022-08-04 12:43:54,700] {spark_submit_hook.py:479} INFO - 22/08/04 12:43:54 INFO DAGScheduler: Got job 0 (json at NativeMethodAccessorImpl.java:0) with 1 output partitions
[2022-08-04 12:43:54,701] {spark_submit_hook.py:479} INFO - 22/08/04 12:43:54 INFO DAGScheduler: Final stage: ResultStage 0 (json at NativeMethodAccessorImpl.java:0)
[2022-08-04 12:43:54,701] {spark_submit_hook.py:479} INFO - 22/08/04 12:43:54 INFO DAGScheduler: Parents of final stage: List()
[2022-08-04 12:43:54,703] {spark_submit_hook.py:479} INFO - 22/08/04 12:43:54 INFO DAGScheduler: Missing parents: List()
[2022-08-04 12:43:54,709] {spark_submit_hook.py:479} INFO - 22/08/04 12:43:54 INFO DAGScheduler: Submitting ResultStage 0 (MapPartitionsRDD[3] at json at NativeMethodAccessorImpl.java:0), which has no missing parents
[2022-08-04 12:43:54,824] {spark_submit_hook.py:479} INFO - 22/08/04 12:43:54 INFO MemoryStore: Block broadcast_1 stored as values in memory (estimated size 14.5 KiB, free 434.2 MiB)
[2022-08-04 12:43:54,828] {spark_submit_hook.py:479} INFO - 22/08/04 12:43:54 INFO MemoryStore: Block broadcast_1_piece0 stored as bytes in memory (estimated size 7.0 KiB, free 434.2 MiB)
[2022-08-04 12:43:54,829] {spark_submit_hook.py:479} INFO - 22/08/04 12:43:54 INFO BlockManagerInfo: Added broadcast_1_piece0 in memory on 192.168.1.12:42759 (size: 7.0 KiB, free: 434.4 MiB)
[2022-08-04 12:43:54,830] {spark_submit_hook.py:479} INFO - 22/08/04 12:43:54 INFO SparkContext: Created broadcast 1 from broadcast at DAGScheduler.scala:1513
[2022-08-04 12:43:54,847] {spark_submit_hook.py:479} INFO - 22/08/04 12:43:54 INFO DAGScheduler: Submitting 1 missing tasks from ResultStage 0 (MapPartitionsRDD[3] at json at NativeMethodAccessorImpl.java:0) (first 15 tasks are for partitions Vector(0))
[2022-08-04 12:43:54,848] {spark_submit_hook.py:479} INFO - 22/08/04 12:43:54 INFO TaskSchedulerImpl: Adding task set 0.0 with 1 tasks resource profile 0
[2022-08-04 12:43:54,915] {spark_submit_hook.py:479} INFO - 22/08/04 12:43:54 INFO TaskSetManager: Starting task 0.0 in stage 0.0 (TID 0) (192.168.1.12, executor driver, partition 0, PROCESS_LOCAL, 5023 bytes) taskResourceAssignments Map()
[2022-08-04 12:43:54,933] {spark_submit_hook.py:479} INFO - 22/08/04 12:43:54 INFO Executor: Running task 0.0 in stage 0.0 (TID 0)
[2022-08-04 12:43:55,106] {spark_submit_hook.py:479} INFO - 22/08/04 12:43:55 INFO FileScanRDD: Reading File path: file:///home/amadeus/airflow-pipeline-alura/datapipeline/datalake/bronze/twitter_flamengomalvadao/extract_date=2022-07-29/FlamengoMalvadao_20220729.json, range: 0-38753, partition values: [empty row]
[2022-08-04 12:43:55,356] {spark_submit_hook.py:479} INFO - 22/08/04 12:43:55 INFO CodeGenerator: Code generated in 202.607935 ms
[2022-08-04 12:43:55,433] {spark_submit_hook.py:479} INFO - 22/08/04 12:43:55 INFO Executor: Finished task 0.0 in stage 0.0 (TID 0). 2784 bytes result sent to driver
[2022-08-04 12:43:55,443] {spark_submit_hook.py:479} INFO - 22/08/04 12:43:55 INFO TaskSetManager: Finished task 0.0 in stage 0.0 (TID 0) in 538 ms on 192.168.1.12 (executor driver) (1/1)
[2022-08-04 12:43:55,445] {spark_submit_hook.py:479} INFO - 22/08/04 12:43:55 INFO TaskSchedulerImpl: Removed TaskSet 0.0, whose tasks have all completed, from pool
[2022-08-04 12:43:55,452] {spark_submit_hook.py:479} INFO - 22/08/04 12:43:55 INFO DAGScheduler: ResultStage 0 (json at NativeMethodAccessorImpl.java:0) finished in 0,723 s
[2022-08-04 12:43:55,456] {spark_submit_hook.py:479} INFO - 22/08/04 12:43:55 INFO DAGScheduler: Job 0 is finished. Cancelling potential speculative or zombie tasks for this job
[2022-08-04 12:43:55,456] {spark_submit_hook.py:479} INFO - 22/08/04 12:43:55 INFO TaskSchedulerImpl: Killing all running tasks in stage 0: Stage finished
[2022-08-04 12:43:55,459] {spark_submit_hook.py:479} INFO - 22/08/04 12:43:55 INFO DAGScheduler: Job 0 finished: json at NativeMethodAccessorImpl.java:0, took 0,784167 s
[2022-08-04 12:43:55,754] {spark_submit_hook.py:479} INFO - 22/08/04 12:43:55 INFO BlockManagerInfo: Removed broadcast_0_piece0 on 192.168.1.12:42759 in memory (size: 24.7 KiB, free: 434.4 MiB)
[2022-08-04 12:43:55,764] {spark_submit_hook.py:479} INFO - 22/08/04 12:43:55 INFO BlockManagerInfo: Removed broadcast_1_piece0 on 192.168.1.12:42759 in memory (size: 7.0 KiB, free: 434.4 MiB)
[2022-08-04 12:43:55,838] {spark_submit_hook.py:479} INFO - Traceback (most recent call last):
[2022-08-04 12:43:55,838] {spark_submit_hook.py:479} INFO - File "/home/amadeus/ama/airflow-pipeline-alura/datapipeline/spark/transfortmation.py", line 50, in <module>
[2022-08-04 12:43:55,838] {spark_submit_hook.py:479} INFO - twitter_transform(spark, args.src, args.dest, args.process_date)
[2022-08-04 12:43:55,838] {spark_submit_hook.py:479} INFO - File "/home/amadeus/ama/airflow-pipeline-alura/datapipeline/spark/transfortmation.py", line 28, in twitter_transform
[2022-08-04 12:43:55,838] {spark_submit_hook.py:479} INFO - tweet_df = get_tweets_data(df)
[2022-08-04 12:43:55,838] {spark_submit_hook.py:479} INFO - File "/home/amadeus/ama/airflow-pipeline-alura/datapipeline/spark/transfortmation.py", line 8, in get_tweets_data
[2022-08-04 12:43:55,838] {spark_submit_hook.py:479} INFO - return df\
[2022-08-04 12:43:55,838] {spark_submit_hook.py:479} INFO - File "/home/amadeus/Downloads/spark-3.3.0-bin-hadoop2/python/lib/pyspark.zip/pyspark/sql/dataframe.py", line 2023, in select
[2022-08-04 12:43:55,838] {spark_submit_hook.py:479} INFO - File "/home/amadeus/Downloads/spark-3.3.0-bin-hadoop2/python/lib/py4j-0.10.9.5-src.zip/py4j/java_gateway.py", line 1321, in __call__
[2022-08-04 12:43:55,839] {spark_submit_hook.py:479} INFO - File "/home/amadeus/Downloads/spark-3.3.0-bin-hadoop2/python/lib/pyspark.zip/pyspark/sql/utils.py", line 196, in deco
[2022-08-04 12:43:55,846] {spark_submit_hook.py:479} INFO - pyspark.sql.utils.AnalysisException: No such struct field in_reply_to_user_id in author_id, conversation_id, created_at, id, public_metrics, text
[2022-08-04 12:43:55,889] {spark_submit_hook.py:479} INFO - 22/08/04 12:43:55 INFO SparkContext: Invoking stop() from shutdown hook
[2022-08-04 12:43:55,901] {spark_submit_hook.py:479} INFO - 22/08/04 12:43:55 INFO SparkUI: Stopped Spark web UI at http://192.168.1.12:4041
[2022-08-04 12:43:55,918] {spark_submit_hook.py:479} INFO - 22/08/04 12:43:55 INFO MapOutputTrackerMasterEndpoint: MapOutputTrackerMasterEndpoint stopped!
[2022-08-04 12:43:55,929] {spark_submit_hook.py:479} INFO - 22/08/04 12:43:55 INFO MemoryStore: MemoryStore cleared
[2022-08-04 12:43:55,929] {spark_submit_hook.py:479} INFO - 22/08/04 12:43:55 INFO BlockManager: BlockManager stopped
[2022-08-04 12:43:55,934] {spark_submit_hook.py:479} INFO - 22/08/04 12:43:55 INFO BlockManagerMaster: BlockManagerMaster stopped
[2022-08-04 12:43:55,938] {spark_submit_hook.py:479} INFO - 22/08/04 12:43:55 INFO OutputCommitCoordinator$OutputCommitCoordinatorEndpoint: OutputCommitCoordinator stopped!
[2022-08-04 12:43:55,943] {spark_submit_hook.py:479} INFO - 22/08/04 12:43:55 INFO SparkContext: Successfully stopped SparkContext
[2022-08-04 12:43:55,943] {spark_submit_hook.py:479} INFO - 22/08/04 12:43:55 INFO ShutdownHookManager: Shutdown hook called
[2022-08-04 12:43:55,944] {spark_submit_hook.py:479} INFO - 22/08/04 12:43:55 INFO ShutdownHookManager: Deleting directory /tmp/spark-7ec0a6d4-4b69-49df-9922-17e00f5f1feb/pyspark-467b91c6-6405-4a68-8553-936d23f3af42
[2022-08-04 12:43:55,947] {spark_submit_hook.py:479} INFO - 22/08/04 12:43:55 INFO ShutdownHookManager: Deleting directory /tmp/spark-7ec0a6d4-4b69-49df-9922-17e00f5f1feb
[2022-08-04 12:43:55,950] {spark_submit_hook.py:479} INFO - 22/08/04 12:43:55 INFO ShutdownHookManager: Deleting directory /tmp/spark-277a4f25-fd19-46d9-95d7-111b94fd53b1
[2022-08-04 12:43:56,009] {taskinstance.py:1150} ERROR - Cannot execute: /home/amadeus/Downloads/spark-3.3.0-bin-hadoop2/bin/spark-submit --master local --name twitter_transformation /home/amadeus/ama/airflow-pipeline-alura/datapipeline/spark/transfortmation.py --src /home/amadeus/airflow-pipeline-alura/datapipeline/datalake/bronze/twitter_flamengomalvadao/extract_date=2022-07-29 --dest /home/amadeus/airflow-pipeline-alura/datapipeline/datalake/silver/twitter_flamengomalvadao/ --process-date 2022-07-29. Error code is: 1.
Traceback (most recent call last):
  File "/home/amadeus/ama/airflow-pipeline-alura/datapipeline/.env/lib/python3.8/site-packages/airflow/models/taskinstance.py", line 984, in _run_raw_task
    result = task_copy.execute(context=context)
  File "/home/amadeus/ama/airflow-pipeline-alura/datapipeline/.env/lib/python3.8/site-packages/airflow/contrib/operators/spark_submit_operator.py", line 187, in execute
    self._hook.submit(self._application)
  File "/home/amadeus/ama/airflow-pipeline-alura/datapipeline/.env/lib/python3.8/site-packages/airflow/contrib/hooks/spark_submit_hook.py", line 403, in submit
    raise AirflowException(
airflow.exceptions.AirflowException: Cannot execute: /home/amadeus/Downloads/spark-3.3.0-bin-hadoop2/bin/spark-submit --master local --name twitter_transformation /home/amadeus/ama/airflow-pipeline-alura/datapipeline/spark/transfortmation.py --src /home/amadeus/airflow-pipeline-alura/datapipeline/datalake/bronze/twitter_flamengomalvadao/extract_date=2022-07-29 --dest /home/amadeus/airflow-pipeline-alura/datapipeline/datalake/silver/twitter_flamengomalvadao/ --process-date 2022-07-29. Error code is: 1.
[2022-08-04 12:43:56,011] {taskinstance.py:1187} INFO - Marking task as FAILED. dag_id=twitter_dag, task_id=transform_twitter_flamengomalvadao, execution_date=20220729T090000, start_date=20220804T154344, end_date=20220804T154356
[2022-08-04 12:43:58,854] {local_task_job.py:102} INFO - Task exited with return code 1
