[2022-08-04 12:46:57,759] {taskinstance.py:670} INFO - Dependencies all met for <TaskInstance: twitter_dag.transform_twitter_flamengomalvadao 2022-07-29T09:00:00+00:00 [queued]>
[2022-08-04 12:46:57,782] {taskinstance.py:670} INFO - Dependencies all met for <TaskInstance: twitter_dag.transform_twitter_flamengomalvadao 2022-07-29T09:00:00+00:00 [queued]>
[2022-08-04 12:46:57,783] {taskinstance.py:880} INFO - 
--------------------------------------------------------------------------------
[2022-08-04 12:46:57,783] {taskinstance.py:881} INFO - Starting attempt 4 of 4
[2022-08-04 12:46:57,783] {taskinstance.py:882} INFO - 
--------------------------------------------------------------------------------
[2022-08-04 12:46:58,061] {taskinstance.py:901} INFO - Executing <Task(SparkSubmitOperator): transform_twitter_flamengomalvadao> on 2022-07-29T09:00:00+00:00
[2022-08-04 12:46:58,066] {standard_task_runner.py:54} INFO - Started process 134378 to run task
[2022-08-04 12:46:58,240] {standard_task_runner.py:77} INFO - Running: ['airflow', 'run', 'twitter_dag', 'transform_twitter_flamengomalvadao', '2022-07-29T09:00:00+00:00', '--job_id', '46', '--pool', 'default_pool', '--raw', '-sd', 'DAGS_FOLDER/twitter_dag.py', '--cfg_path', '/tmp/tmpzkwqv_x5']
[2022-08-04 12:46:58,241] {standard_task_runner.py:78} INFO - Job 46: Subtask transform_twitter_flamengomalvadao
[2022-08-04 12:46:58,672] {logging_mixin.py:112} INFO - Running <TaskInstance: twitter_dag.transform_twitter_flamengomalvadao 2022-07-29T09:00:00+00:00 [running]> on host ama
[2022-08-04 12:46:58,785] {base_hook.py:89} INFO - Using connection to: id: spark_default. Host: local, Port: None, Schema: None, Login: None, Password: None, extra: XXXXXXXX
[2022-08-04 12:46:58,787] {spark_submit_hook.py:325} INFO - Spark-Submit cmd: /home/amadeus/Downloads/spark-3.3.0-bin-hadoop2/bin/spark-submit --master local --name twitter_transformation /home/amadeus/ama/airflow-pipeline-alura/datapipeline/spark/transfortmation.py --src /home/amadeus/airflow-pipeline-alura/datapipeline/datalake/bronze/twitter_flamengomalvadao/extract_date=2022-07-29 --dest /home/amadeus/airflow-pipeline-alura/datapipeline/datalake/silver/twitter_flamengomalvadao/ --process-date 2022-07-29
[2022-08-04 12:47:01,233] {spark_submit_hook.py:479} INFO - 22/08/04 12:47:01 WARN Utils: Your hostname, ama resolves to a loopback address: 127.0.1.1; using 192.168.1.12 instead (on interface wlo1)
[2022-08-04 12:47:01,236] {spark_submit_hook.py:479} INFO - 22/08/04 12:47:01 WARN Utils: Set SPARK_LOCAL_IP if you need to bind to another address
[2022-08-04 12:47:02,709] {spark_submit_hook.py:479} INFO - 22/08/04 12:47:02 INFO SparkContext: Running Spark version 3.3.0
[2022-08-04 12:47:02,925] {spark_submit_hook.py:479} INFO - 22/08/04 12:47:02 WARN NativeCodeLoader: Unable to load native-hadoop library for your platform... using builtin-java classes where applicable
[2022-08-04 12:47:03,097] {spark_submit_hook.py:479} INFO - 22/08/04 12:47:03 INFO ResourceUtils: ==============================================================
[2022-08-04 12:47:03,098] {spark_submit_hook.py:479} INFO - 22/08/04 12:47:03 INFO ResourceUtils: No custom resources configured for spark.driver.
[2022-08-04 12:47:03,100] {spark_submit_hook.py:479} INFO - 22/08/04 12:47:03 INFO ResourceUtils: ==============================================================
[2022-08-04 12:47:03,101] {spark_submit_hook.py:479} INFO - 22/08/04 12:47:03 INFO SparkContext: Submitted application: twitter_transformation
[2022-08-04 12:47:03,165] {spark_submit_hook.py:479} INFO - 22/08/04 12:47:03 INFO ResourceProfile: Default ResourceProfile created, executor resources: Map(cores -> name: cores, amount: 1, script: , vendor: , memory -> name: memory, amount: 1024, script: , vendor: , offHeap -> name: offHeap, amount: 0, script: , vendor: ), task resources: Map(cpus -> name: cpus, amount: 1.0)
[2022-08-04 12:47:03,205] {spark_submit_hook.py:479} INFO - 22/08/04 12:47:03 INFO ResourceProfile: Limiting resource is cpu
[2022-08-04 12:47:03,206] {spark_submit_hook.py:479} INFO - 22/08/04 12:47:03 INFO ResourceProfileManager: Added ResourceProfile id: 0
[2022-08-04 12:47:03,350] {spark_submit_hook.py:479} INFO - 22/08/04 12:47:03 INFO SecurityManager: Changing view acls to: amadeus
[2022-08-04 12:47:03,351] {spark_submit_hook.py:479} INFO - 22/08/04 12:47:03 INFO SecurityManager: Changing modify acls to: amadeus
[2022-08-04 12:47:03,353] {spark_submit_hook.py:479} INFO - 22/08/04 12:47:03 INFO SecurityManager: Changing view acls groups to:
[2022-08-04 12:47:03,354] {spark_submit_hook.py:479} INFO - 22/08/04 12:47:03 INFO SecurityManager: Changing modify acls groups to:
[2022-08-04 12:47:03,355] {spark_submit_hook.py:479} INFO - 22/08/04 12:47:03 INFO SecurityManager: SecurityManager: authentication disabled; ui acls disabled; users  with view permissions: Set(amadeus); groups with view permissions: Set(); users  with modify permissions: Set(amadeus); groups with modify permissions: Set()
[2022-08-04 12:47:04,038] {spark_submit_hook.py:479} INFO - 22/08/04 12:47:04 INFO Utils: Successfully started service 'sparkDriver' on port 45619.
[2022-08-04 12:47:04,137] {spark_submit_hook.py:479} INFO - 22/08/04 12:47:04 INFO SparkEnv: Registering MapOutputTracker
[2022-08-04 12:47:04,224] {spark_submit_hook.py:479} INFO - 22/08/04 12:47:04 INFO SparkEnv: Registering BlockManagerMaster
[2022-08-04 12:47:04,254] {spark_submit_hook.py:479} INFO - 22/08/04 12:47:04 INFO BlockManagerMasterEndpoint: Using org.apache.spark.storage.DefaultTopologyMapper for getting topology information
[2022-08-04 12:47:04,255] {spark_submit_hook.py:479} INFO - 22/08/04 12:47:04 INFO BlockManagerMasterEndpoint: BlockManagerMasterEndpoint up
[2022-08-04 12:47:04,262] {spark_submit_hook.py:479} INFO - 22/08/04 12:47:04 INFO SparkEnv: Registering BlockManagerMasterHeartbeat
[2022-08-04 12:47:04,297] {spark_submit_hook.py:479} INFO - 22/08/04 12:47:04 INFO DiskBlockManager: Created local directory at /tmp/blockmgr-6fd2ea8a-afcf-4de9-8edc-f7c2cbad1ce1
[2022-08-04 12:47:04,324] {spark_submit_hook.py:479} INFO - 22/08/04 12:47:04 INFO MemoryStore: MemoryStore started with capacity 434.4 MiB
[2022-08-04 12:47:04,349] {spark_submit_hook.py:479} INFO - 22/08/04 12:47:04 INFO SparkEnv: Registering OutputCommitCoordinator
[2022-08-04 12:47:04,736] {spark_submit_hook.py:479} INFO - 22/08/04 12:47:04 WARN Utils: Service 'SparkUI' could not bind on port 4040. Attempting port 4041.
[2022-08-04 12:47:04,752] {spark_submit_hook.py:479} INFO - 22/08/04 12:47:04 INFO Utils: Successfully started service 'SparkUI' on port 4041.
[2022-08-04 12:47:04,959] {spark_submit_hook.py:479} INFO - 22/08/04 12:47:04 INFO Executor: Starting executor ID driver on host 192.168.1.12
[2022-08-04 12:47:04,969] {spark_submit_hook.py:479} INFO - 22/08/04 12:47:04 INFO Executor: Starting executor with user classpath (userClassPathFirst = false): ''
[2022-08-04 12:47:05,001] {spark_submit_hook.py:479} INFO - 22/08/04 12:47:05 INFO Utils: Successfully started service 'org.apache.spark.network.netty.NettyBlockTransferService' on port 42675.
[2022-08-04 12:47:05,001] {spark_submit_hook.py:479} INFO - 22/08/04 12:47:05 INFO NettyBlockTransferService: Server created on 192.168.1.12:42675
[2022-08-04 12:47:05,003] {spark_submit_hook.py:479} INFO - 22/08/04 12:47:05 INFO BlockManager: Using org.apache.spark.storage.RandomBlockReplicationPolicy for block replication policy
[2022-08-04 12:47:05,013] {spark_submit_hook.py:479} INFO - 22/08/04 12:47:05 INFO BlockManagerMaster: Registering BlockManager BlockManagerId(driver, 192.168.1.12, 42675, None)
[2022-08-04 12:47:05,019] {spark_submit_hook.py:479} INFO - 22/08/04 12:47:05 INFO BlockManagerMasterEndpoint: Registering block manager 192.168.1.12:42675 with 434.4 MiB RAM, BlockManagerId(driver, 192.168.1.12, 42675, None)
[2022-08-04 12:47:05,023] {spark_submit_hook.py:479} INFO - 22/08/04 12:47:05 INFO BlockManagerMaster: Registered BlockManager BlockManagerId(driver, 192.168.1.12, 42675, None)
[2022-08-04 12:47:05,025] {spark_submit_hook.py:479} INFO - 22/08/04 12:47:05 INFO BlockManager: Initialized BlockManager: BlockManagerId(driver, 192.168.1.12, 42675, None)
[2022-08-04 12:47:05,929] {spark_submit_hook.py:479} INFO - 22/08/04 12:47:05 INFO SharedState: Setting hive.metastore.warehouse.dir ('null') to the value of spark.sql.warehouse.dir.
[2022-08-04 12:47:05,935] {spark_submit_hook.py:479} INFO - 22/08/04 12:47:05 INFO SharedState: Warehouse path is 'file:/home/amadeus/ama/airflow-pipeline-alura/datapipeline/spark-warehouse'.
[2022-08-04 12:47:07,237] {spark_submit_hook.py:479} INFO - 22/08/04 12:47:07 INFO InMemoryFileIndex: It took 71 ms to list leaf files for 1 paths.
[2022-08-04 12:47:07,353] {spark_submit_hook.py:479} INFO - 22/08/04 12:47:07 INFO InMemoryFileIndex: It took 3 ms to list leaf files for 1 paths.
[2022-08-04 12:47:10,645] {spark_submit_hook.py:479} INFO - 22/08/04 12:47:10 INFO FileSourceStrategy: Pushed Filters:
[2022-08-04 12:47:10,647] {spark_submit_hook.py:479} INFO - 22/08/04 12:47:10 INFO FileSourceStrategy: Post-Scan Filters:
[2022-08-04 12:47:10,652] {spark_submit_hook.py:479} INFO - 22/08/04 12:47:10 INFO FileSourceStrategy: Output Data Schema: struct<value: string>
[2022-08-04 12:47:11,039] {spark_submit_hook.py:479} INFO - 22/08/04 12:47:11 INFO MemoryStore: Block broadcast_0 stored as values in memory (estimated size 173.7 KiB, free 434.2 MiB)
[2022-08-04 12:47:11,109] {spark_submit_hook.py:479} INFO - 22/08/04 12:47:11 INFO MemoryStore: Block broadcast_0_piece0 stored as bytes in memory (estimated size 24.7 KiB, free 434.2 MiB)
[2022-08-04 12:47:11,113] {spark_submit_hook.py:479} INFO - 22/08/04 12:47:11 INFO BlockManagerInfo: Added broadcast_0_piece0 in memory on 192.168.1.12:42675 (size: 24.7 KiB, free: 434.4 MiB)
[2022-08-04 12:47:11,119] {spark_submit_hook.py:479} INFO - 22/08/04 12:47:11 INFO SparkContext: Created broadcast 0 from json at NativeMethodAccessorImpl.java:0
[2022-08-04 12:47:11,131] {spark_submit_hook.py:479} INFO - 22/08/04 12:47:11 INFO FileSourceScanExec: Planning scan with bin packing, max size: 4233057 bytes, open cost is considered as scanning 4194304 bytes.
[2022-08-04 12:47:11,399] {spark_submit_hook.py:479} INFO - 22/08/04 12:47:11 INFO SparkContext: Starting job: json at NativeMethodAccessorImpl.java:0
[2022-08-04 12:47:11,419] {spark_submit_hook.py:479} INFO - 22/08/04 12:47:11 INFO DAGScheduler: Got job 0 (json at NativeMethodAccessorImpl.java:0) with 1 output partitions
[2022-08-04 12:47:11,420] {spark_submit_hook.py:479} INFO - 22/08/04 12:47:11 INFO DAGScheduler: Final stage: ResultStage 0 (json at NativeMethodAccessorImpl.java:0)
[2022-08-04 12:47:11,420] {spark_submit_hook.py:479} INFO - 22/08/04 12:47:11 INFO DAGScheduler: Parents of final stage: List()
[2022-08-04 12:47:11,422] {spark_submit_hook.py:479} INFO - 22/08/04 12:47:11 INFO DAGScheduler: Missing parents: List()
[2022-08-04 12:47:11,428] {spark_submit_hook.py:479} INFO - 22/08/04 12:47:11 INFO DAGScheduler: Submitting ResultStage 0 (MapPartitionsRDD[3] at json at NativeMethodAccessorImpl.java:0), which has no missing parents
[2022-08-04 12:47:11,536] {spark_submit_hook.py:479} INFO - 22/08/04 12:47:11 INFO MemoryStore: Block broadcast_1 stored as values in memory (estimated size 14.5 KiB, free 434.2 MiB)
[2022-08-04 12:47:11,539] {spark_submit_hook.py:479} INFO - 22/08/04 12:47:11 INFO MemoryStore: Block broadcast_1_piece0 stored as bytes in memory (estimated size 7.0 KiB, free 434.2 MiB)
[2022-08-04 12:47:11,541] {spark_submit_hook.py:479} INFO - 22/08/04 12:47:11 INFO BlockManagerInfo: Added broadcast_1_piece0 in memory on 192.168.1.12:42675 (size: 7.0 KiB, free: 434.4 MiB)
[2022-08-04 12:47:11,542] {spark_submit_hook.py:479} INFO - 22/08/04 12:47:11 INFO SparkContext: Created broadcast 1 from broadcast at DAGScheduler.scala:1513
[2022-08-04 12:47:11,561] {spark_submit_hook.py:479} INFO - 22/08/04 12:47:11 INFO DAGScheduler: Submitting 1 missing tasks from ResultStage 0 (MapPartitionsRDD[3] at json at NativeMethodAccessorImpl.java:0) (first 15 tasks are for partitions Vector(0))
[2022-08-04 12:47:11,563] {spark_submit_hook.py:479} INFO - 22/08/04 12:47:11 INFO TaskSchedulerImpl: Adding task set 0.0 with 1 tasks resource profile 0
[2022-08-04 12:47:11,637] {spark_submit_hook.py:479} INFO - 22/08/04 12:47:11 INFO TaskSetManager: Starting task 0.0 in stage 0.0 (TID 0) (192.168.1.12, executor driver, partition 0, PROCESS_LOCAL, 5023 bytes) taskResourceAssignments Map()
[2022-08-04 12:47:11,660] {spark_submit_hook.py:479} INFO - 22/08/04 12:47:11 INFO Executor: Running task 0.0 in stage 0.0 (TID 0)
[2022-08-04 12:47:11,890] {spark_submit_hook.py:479} INFO - 22/08/04 12:47:11 INFO FileScanRDD: Reading File path: file:///home/amadeus/airflow-pipeline-alura/datapipeline/datalake/bronze/twitter_flamengomalvadao/extract_date=2022-07-29/FlamengoMalvadao_20220729.json, range: 0-38753, partition values: [empty row]
[2022-08-04 12:47:12,190] {spark_submit_hook.py:479} INFO - 22/08/04 12:47:12 INFO CodeGenerator: Code generated in 245.30677 ms
[2022-08-04 12:47:12,274] {spark_submit_hook.py:479} INFO - 22/08/04 12:47:12 INFO Executor: Finished task 0.0 in stage 0.0 (TID 0). 2784 bytes result sent to driver
[2022-08-04 12:47:12,286] {spark_submit_hook.py:479} INFO - 22/08/04 12:47:12 INFO TaskSetManager: Finished task 0.0 in stage 0.0 (TID 0) in 663 ms on 192.168.1.12 (executor driver) (1/1)
[2022-08-04 12:47:12,288] {spark_submit_hook.py:479} INFO - 22/08/04 12:47:12 INFO TaskSchedulerImpl: Removed TaskSet 0.0, whose tasks have all completed, from pool
[2022-08-04 12:47:12,297] {spark_submit_hook.py:479} INFO - 22/08/04 12:47:12 INFO DAGScheduler: ResultStage 0 (json at NativeMethodAccessorImpl.java:0) finished in 0,851 s
[2022-08-04 12:47:12,303] {spark_submit_hook.py:479} INFO - 22/08/04 12:47:12 INFO DAGScheduler: Job 0 is finished. Cancelling potential speculative or zombie tasks for this job
[2022-08-04 12:47:12,303] {spark_submit_hook.py:479} INFO - 22/08/04 12:47:12 INFO TaskSchedulerImpl: Killing all running tasks in stage 0: Stage finished
[2022-08-04 12:47:12,307] {spark_submit_hook.py:479} INFO - 22/08/04 12:47:12 INFO DAGScheduler: Job 0 finished: json at NativeMethodAccessorImpl.java:0, took 0,907332 s
[2022-08-04 12:47:12,806] {spark_submit_hook.py:479} INFO - Traceback (most recent call last):
[2022-08-04 12:47:12,807] {spark_submit_hook.py:479} INFO - File "/home/amadeus/ama/airflow-pipeline-alura/datapipeline/spark/transfortmation.py", line 50, in <module>
[2022-08-04 12:47:12,807] {spark_submit_hook.py:479} INFO - twitter_transform(spark, args.src, args.dest, args.process_date)
[2022-08-04 12:47:12,807] {spark_submit_hook.py:479} INFO - File "/home/amadeus/ama/airflow-pipeline-alura/datapipeline/spark/transfortmation.py", line 28, in twitter_transform
[2022-08-04 12:47:12,807] {spark_submit_hook.py:479} INFO - tweet_df = get_tweets_data(df)
[2022-08-04 12:47:12,807] {spark_submit_hook.py:479} INFO - File "/home/amadeus/ama/airflow-pipeline-alura/datapipeline/spark/transfortmation.py", line 8, in get_tweets_data
[2022-08-04 12:47:12,807] {spark_submit_hook.py:479} INFO - return df\
[2022-08-04 12:47:12,808] {spark_submit_hook.py:479} INFO - File "/home/amadeus/Downloads/spark-3.3.0-bin-hadoop2/python/lib/pyspark.zip/pyspark/sql/dataframe.py", line 2023, in select
[2022-08-04 12:47:12,808] {spark_submit_hook.py:479} INFO - File "/home/amadeus/Downloads/spark-3.3.0-bin-hadoop2/python/lib/py4j-0.10.9.5-src.zip/py4j/java_gateway.py", line 1321, in __call__
[2022-08-04 12:47:12,808] {spark_submit_hook.py:479} INFO - File "/home/amadeus/Downloads/spark-3.3.0-bin-hadoop2/python/lib/pyspark.zip/pyspark/sql/utils.py", line 196, in deco
[2022-08-04 12:47:12,824] {spark_submit_hook.py:479} INFO - pyspark.sql.utils.AnalysisException: No such struct field in_reply_to_user_id in author_id, conversation_id, created_at, id, public_metrics, text
[2022-08-04 12:47:12,916] {spark_submit_hook.py:479} INFO - 22/08/04 12:47:12 INFO SparkContext: Invoking stop() from shutdown hook
[2022-08-04 12:47:12,945] {spark_submit_hook.py:479} INFO - 22/08/04 12:47:12 INFO SparkUI: Stopped Spark web UI at http://192.168.1.12:4041
[2022-08-04 12:47:12,970] {spark_submit_hook.py:479} INFO - 22/08/04 12:47:12 INFO MapOutputTrackerMasterEndpoint: MapOutputTrackerMasterEndpoint stopped!
[2022-08-04 12:47:12,987] {spark_submit_hook.py:479} INFO - 22/08/04 12:47:12 INFO MemoryStore: MemoryStore cleared
[2022-08-04 12:47:12,988] {spark_submit_hook.py:479} INFO - 22/08/04 12:47:12 INFO BlockManager: BlockManager stopped
[2022-08-04 12:47:13,007] {spark_submit_hook.py:479} INFO - 22/08/04 12:47:13 INFO BlockManagerMaster: BlockManagerMaster stopped
[2022-08-04 12:47:13,030] {spark_submit_hook.py:479} INFO - 22/08/04 12:47:13 INFO OutputCommitCoordinator$OutputCommitCoordinatorEndpoint: OutputCommitCoordinator stopped!
[2022-08-04 12:47:13,037] {spark_submit_hook.py:479} INFO - 22/08/04 12:47:13 INFO SparkContext: Successfully stopped SparkContext
[2022-08-04 12:47:13,038] {spark_submit_hook.py:479} INFO - 22/08/04 12:47:13 INFO ShutdownHookManager: Shutdown hook called
[2022-08-04 12:47:13,040] {spark_submit_hook.py:479} INFO - 22/08/04 12:47:13 INFO ShutdownHookManager: Deleting directory /tmp/spark-ef65ee24-6cf0-4f30-ae85-ea966be1429b
[2022-08-04 12:47:13,044] {spark_submit_hook.py:479} INFO - 22/08/04 12:47:13 INFO ShutdownHookManager: Deleting directory /tmp/spark-ef65ee24-6cf0-4f30-ae85-ea966be1429b/pyspark-64ce7880-4617-4817-9da8-1e5fcd430098
[2022-08-04 12:47:13,047] {spark_submit_hook.py:479} INFO - 22/08/04 12:47:13 INFO ShutdownHookManager: Deleting directory /tmp/spark-1efe0c08-1382-487a-8ac9-dd2abb2509c9
[2022-08-04 12:47:13,603] {taskinstance.py:1150} ERROR - Cannot execute: /home/amadeus/Downloads/spark-3.3.0-bin-hadoop2/bin/spark-submit --master local --name twitter_transformation /home/amadeus/ama/airflow-pipeline-alura/datapipeline/spark/transfortmation.py --src /home/amadeus/airflow-pipeline-alura/datapipeline/datalake/bronze/twitter_flamengomalvadao/extract_date=2022-07-29 --dest /home/amadeus/airflow-pipeline-alura/datapipeline/datalake/silver/twitter_flamengomalvadao/ --process-date 2022-07-29. Error code is: 1.
Traceback (most recent call last):
  File "/home/amadeus/ama/airflow-pipeline-alura/datapipeline/.env/lib/python3.8/site-packages/airflow/models/taskinstance.py", line 984, in _run_raw_task
    result = task_copy.execute(context=context)
  File "/home/amadeus/ama/airflow-pipeline-alura/datapipeline/.env/lib/python3.8/site-packages/airflow/contrib/operators/spark_submit_operator.py", line 187, in execute
    self._hook.submit(self._application)
  File "/home/amadeus/ama/airflow-pipeline-alura/datapipeline/.env/lib/python3.8/site-packages/airflow/contrib/hooks/spark_submit_hook.py", line 403, in submit
    raise AirflowException(
airflow.exceptions.AirflowException: Cannot execute: /home/amadeus/Downloads/spark-3.3.0-bin-hadoop2/bin/spark-submit --master local --name twitter_transformation /home/amadeus/ama/airflow-pipeline-alura/datapipeline/spark/transfortmation.py --src /home/amadeus/airflow-pipeline-alura/datapipeline/datalake/bronze/twitter_flamengomalvadao/extract_date=2022-07-29 --dest /home/amadeus/airflow-pipeline-alura/datapipeline/datalake/silver/twitter_flamengomalvadao/ --process-date 2022-07-29. Error code is: 1.
[2022-08-04 12:47:13,607] {taskinstance.py:1187} INFO - Marking task as FAILED. dag_id=twitter_dag, task_id=transform_twitter_flamengomalvadao, execution_date=20220729T090000, start_date=20220804T154657, end_date=20220804T154713
[2022-08-04 12:47:18,614] {local_task_job.py:102} INFO - Task exited with return code 1
