[2022-08-04 13:03:59,819] {taskinstance.py:670} INFO - Dependencies all met for <TaskInstance: twitter_dag.transform_twitter_flamengomalvadao 2022-07-29T09:00:00+00:00 [queued]>
[2022-08-04 13:03:59,844] {taskinstance.py:670} INFO - Dependencies all met for <TaskInstance: twitter_dag.transform_twitter_flamengomalvadao 2022-07-29T09:00:00+00:00 [queued]>
[2022-08-04 13:03:59,845] {taskinstance.py:880} INFO - 
--------------------------------------------------------------------------------
[2022-08-04 13:03:59,845] {taskinstance.py:881} INFO - Starting attempt 6 of 6
[2022-08-04 13:03:59,845] {taskinstance.py:882} INFO - 
--------------------------------------------------------------------------------
[2022-08-04 13:04:00,055] {taskinstance.py:901} INFO - Executing <Task(SparkSubmitOperator): transform_twitter_flamengomalvadao> on 2022-07-29T09:00:00+00:00
[2022-08-04 13:04:00,060] {standard_task_runner.py:54} INFO - Started process 138482 to run task
[2022-08-04 13:04:00,187] {standard_task_runner.py:77} INFO - Running: ['airflow', 'run', 'twitter_dag', 'transform_twitter_flamengomalvadao', '2022-07-29T09:00:00+00:00', '--job_id', '58', '--pool', 'default_pool', '--raw', '-sd', 'DAGS_FOLDER/twitter_dag.py', '--cfg_path', '/tmp/tmp61jlms4y']
[2022-08-04 13:04:00,188] {standard_task_runner.py:78} INFO - Job 58: Subtask transform_twitter_flamengomalvadao
[2022-08-04 13:04:00,452] {logging_mixin.py:112} INFO - Running <TaskInstance: twitter_dag.transform_twitter_flamengomalvadao 2022-07-29T09:00:00+00:00 [running]> on host ama
[2022-08-04 13:04:00,558] {base_hook.py:89} INFO - Using connection to: id: spark_default. Host: local, Port: None, Schema: None, Login: None, Password: None, extra: XXXXXXXX
[2022-08-04 13:04:00,560] {spark_submit_hook.py:325} INFO - Spark-Submit cmd: /home/amadeus/Downloads/spark-3.3.0-bin-hadoop2/bin/spark-submit --master local --name twitter_transformation /home/amadeus/ama/airflow-pipeline-alura/datapipeline/spark/transfortmation.py --src /home/amadeus/airflow-pipeline-alura/datapipeline/datalake/bronze/twitter_flamengomalvadao/extract_date=2022-07-29 --dest /home/amadeus/airflow-pipeline-alura/datapipeline/datalake/silver/twitter_flamengomalvadao/ --process-date 2022-07-29
[2022-08-04 13:04:02,725] {spark_submit_hook.py:479} INFO - 22/08/04 13:04:02 WARN Utils: Your hostname, ama resolves to a loopback address: 127.0.1.1; using 192.168.1.12 instead (on interface wlo1)
[2022-08-04 13:04:02,728] {spark_submit_hook.py:479} INFO - 22/08/04 13:04:02 WARN Utils: Set SPARK_LOCAL_IP if you need to bind to another address
[2022-08-04 13:04:04,355] {spark_submit_hook.py:479} INFO - 22/08/04 13:04:04 INFO SparkContext: Running Spark version 3.3.0
[2022-08-04 13:04:04,771] {spark_submit_hook.py:479} INFO - 22/08/04 13:04:04 WARN NativeCodeLoader: Unable to load native-hadoop library for your platform... using builtin-java classes where applicable
[2022-08-04 13:04:05,040] {spark_submit_hook.py:479} INFO - 22/08/04 13:04:05 INFO ResourceUtils: ==============================================================
[2022-08-04 13:04:05,041] {spark_submit_hook.py:479} INFO - 22/08/04 13:04:05 INFO ResourceUtils: No custom resources configured for spark.driver.
[2022-08-04 13:04:05,042] {spark_submit_hook.py:479} INFO - 22/08/04 13:04:05 INFO ResourceUtils: ==============================================================
[2022-08-04 13:04:05,042] {spark_submit_hook.py:479} INFO - 22/08/04 13:04:05 INFO SparkContext: Submitted application: twitter_transformation
[2022-08-04 13:04:05,092] {spark_submit_hook.py:479} INFO - 22/08/04 13:04:05 INFO ResourceProfile: Default ResourceProfile created, executor resources: Map(cores -> name: cores, amount: 1, script: , vendor: , memory -> name: memory, amount: 1024, script: , vendor: , offHeap -> name: offHeap, amount: 0, script: , vendor: ), task resources: Map(cpus -> name: cpus, amount: 1.0)
[2022-08-04 13:04:05,115] {spark_submit_hook.py:479} INFO - 22/08/04 13:04:05 INFO ResourceProfile: Limiting resource is cpu
[2022-08-04 13:04:05,116] {spark_submit_hook.py:479} INFO - 22/08/04 13:04:05 INFO ResourceProfileManager: Added ResourceProfile id: 0
[2022-08-04 13:04:05,202] {spark_submit_hook.py:479} INFO - 22/08/04 13:04:05 INFO SecurityManager: Changing view acls to: amadeus
[2022-08-04 13:04:05,202] {spark_submit_hook.py:479} INFO - 22/08/04 13:04:05 INFO SecurityManager: Changing modify acls to: amadeus
[2022-08-04 13:04:05,203] {spark_submit_hook.py:479} INFO - 22/08/04 13:04:05 INFO SecurityManager: Changing view acls groups to:
[2022-08-04 13:04:05,204] {spark_submit_hook.py:479} INFO - 22/08/04 13:04:05 INFO SecurityManager: Changing modify acls groups to:
[2022-08-04 13:04:05,204] {spark_submit_hook.py:479} INFO - 22/08/04 13:04:05 INFO SecurityManager: SecurityManager: authentication disabled; ui acls disabled; users  with view permissions: Set(amadeus); groups with view permissions: Set(); users  with modify permissions: Set(amadeus); groups with modify permissions: Set()
[2022-08-04 13:04:05,697] {spark_submit_hook.py:479} INFO - 22/08/04 13:04:05 INFO Utils: Successfully started service 'sparkDriver' on port 41879.
[2022-08-04 13:04:05,734] {spark_submit_hook.py:479} INFO - 22/08/04 13:04:05 INFO SparkEnv: Registering MapOutputTracker
[2022-08-04 13:04:05,790] {spark_submit_hook.py:479} INFO - 22/08/04 13:04:05 INFO SparkEnv: Registering BlockManagerMaster
[2022-08-04 13:04:05,860] {spark_submit_hook.py:479} INFO - 22/08/04 13:04:05 INFO BlockManagerMasterEndpoint: Using org.apache.spark.storage.DefaultTopologyMapper for getting topology information
[2022-08-04 13:04:05,861] {spark_submit_hook.py:479} INFO - 22/08/04 13:04:05 INFO BlockManagerMasterEndpoint: BlockManagerMasterEndpoint up
[2022-08-04 13:04:05,872] {spark_submit_hook.py:479} INFO - 22/08/04 13:04:05 INFO SparkEnv: Registering BlockManagerMasterHeartbeat
[2022-08-04 13:04:05,925] {spark_submit_hook.py:479} INFO - 22/08/04 13:04:05 INFO DiskBlockManager: Created local directory at /tmp/blockmgr-efbfa6ae-15a7-44bc-8974-65a9dcbd1708
[2022-08-04 13:04:05,957] {spark_submit_hook.py:479} INFO - 22/08/04 13:04:05 INFO MemoryStore: MemoryStore started with capacity 434.4 MiB
[2022-08-04 13:04:05,980] {spark_submit_hook.py:479} INFO - 22/08/04 13:04:05 INFO SparkEnv: Registering OutputCommitCoordinator
[2022-08-04 13:04:06,323] {spark_submit_hook.py:479} INFO - 22/08/04 13:04:06 WARN Utils: Service 'SparkUI' could not bind on port 4040. Attempting port 4041.
[2022-08-04 13:04:06,336] {spark_submit_hook.py:479} INFO - 22/08/04 13:04:06 INFO Utils: Successfully started service 'SparkUI' on port 4041.
[2022-08-04 13:04:06,536] {spark_submit_hook.py:479} INFO - 22/08/04 13:04:06 INFO Executor: Starting executor ID driver on host 192.168.1.12
[2022-08-04 13:04:06,547] {spark_submit_hook.py:479} INFO - 22/08/04 13:04:06 INFO Executor: Starting executor with user classpath (userClassPathFirst = false): ''
[2022-08-04 13:04:06,577] {spark_submit_hook.py:479} INFO - 22/08/04 13:04:06 INFO Utils: Successfully started service 'org.apache.spark.network.netty.NettyBlockTransferService' on port 33785.
[2022-08-04 13:04:06,578] {spark_submit_hook.py:479} INFO - 22/08/04 13:04:06 INFO NettyBlockTransferService: Server created on 192.168.1.12:33785
[2022-08-04 13:04:06,581] {spark_submit_hook.py:479} INFO - 22/08/04 13:04:06 INFO BlockManager: Using org.apache.spark.storage.RandomBlockReplicationPolicy for block replication policy
[2022-08-04 13:04:06,589] {spark_submit_hook.py:479} INFO - 22/08/04 13:04:06 INFO BlockManagerMaster: Registering BlockManager BlockManagerId(driver, 192.168.1.12, 33785, None)
[2022-08-04 13:04:06,594] {spark_submit_hook.py:479} INFO - 22/08/04 13:04:06 INFO BlockManagerMasterEndpoint: Registering block manager 192.168.1.12:33785 with 434.4 MiB RAM, BlockManagerId(driver, 192.168.1.12, 33785, None)
[2022-08-04 13:04:06,597] {spark_submit_hook.py:479} INFO - 22/08/04 13:04:06 INFO BlockManagerMaster: Registered BlockManager BlockManagerId(driver, 192.168.1.12, 33785, None)
[2022-08-04 13:04:06,599] {spark_submit_hook.py:479} INFO - 22/08/04 13:04:06 INFO BlockManager: Initialized BlockManager: BlockManagerId(driver, 192.168.1.12, 33785, None)
[2022-08-04 13:04:07,504] {spark_submit_hook.py:479} INFO - 22/08/04 13:04:07 INFO SharedState: Setting hive.metastore.warehouse.dir ('null') to the value of spark.sql.warehouse.dir.
[2022-08-04 13:04:07,510] {spark_submit_hook.py:479} INFO - 22/08/04 13:04:07 INFO SharedState: Warehouse path is 'file:/home/amadeus/ama/airflow-pipeline-alura/datapipeline/spark-warehouse'.
[2022-08-04 13:04:08,647] {spark_submit_hook.py:479} INFO - 22/08/04 13:04:08 INFO InMemoryFileIndex: It took 52 ms to list leaf files for 1 paths.
[2022-08-04 13:04:08,748] {spark_submit_hook.py:479} INFO - 22/08/04 13:04:08 INFO InMemoryFileIndex: It took 3 ms to list leaf files for 1 paths.
[2022-08-04 13:04:11,408] {spark_submit_hook.py:479} INFO - 22/08/04 13:04:11 INFO FileSourceStrategy: Pushed Filters:
[2022-08-04 13:04:11,410] {spark_submit_hook.py:479} INFO - 22/08/04 13:04:11 INFO FileSourceStrategy: Post-Scan Filters:
[2022-08-04 13:04:11,413] {spark_submit_hook.py:479} INFO - 22/08/04 13:04:11 INFO FileSourceStrategy: Output Data Schema: struct<value: string>
[2022-08-04 13:04:11,782] {spark_submit_hook.py:479} INFO - 22/08/04 13:04:11 INFO MemoryStore: Block broadcast_0 stored as values in memory (estimated size 173.7 KiB, free 434.2 MiB)
[2022-08-04 13:04:11,865] {spark_submit_hook.py:479} INFO - 22/08/04 13:04:11 INFO MemoryStore: Block broadcast_0_piece0 stored as bytes in memory (estimated size 24.7 KiB, free 434.2 MiB)
[2022-08-04 13:04:11,869] {spark_submit_hook.py:479} INFO - 22/08/04 13:04:11 INFO BlockManagerInfo: Added broadcast_0_piece0 in memory on 192.168.1.12:33785 (size: 24.7 KiB, free: 434.4 MiB)
[2022-08-04 13:04:11,876] {spark_submit_hook.py:479} INFO - 22/08/04 13:04:11 INFO SparkContext: Created broadcast 0 from json at NativeMethodAccessorImpl.java:0
[2022-08-04 13:04:11,893] {spark_submit_hook.py:479} INFO - 22/08/04 13:04:11 INFO FileSourceScanExec: Planning scan with bin packing, max size: 4233057 bytes, open cost is considered as scanning 4194304 bytes.
[2022-08-04 13:04:12,224] {spark_submit_hook.py:479} INFO - 22/08/04 13:04:12 INFO SparkContext: Starting job: json at NativeMethodAccessorImpl.java:0
[2022-08-04 13:04:12,244] {spark_submit_hook.py:479} INFO - 22/08/04 13:04:12 INFO DAGScheduler: Got job 0 (json at NativeMethodAccessorImpl.java:0) with 1 output partitions
[2022-08-04 13:04:12,244] {spark_submit_hook.py:479} INFO - 22/08/04 13:04:12 INFO DAGScheduler: Final stage: ResultStage 0 (json at NativeMethodAccessorImpl.java:0)
[2022-08-04 13:04:12,245] {spark_submit_hook.py:479} INFO - 22/08/04 13:04:12 INFO DAGScheduler: Parents of final stage: List()
[2022-08-04 13:04:12,246] {spark_submit_hook.py:479} INFO - 22/08/04 13:04:12 INFO DAGScheduler: Missing parents: List()
[2022-08-04 13:04:12,253] {spark_submit_hook.py:479} INFO - 22/08/04 13:04:12 INFO DAGScheduler: Submitting ResultStage 0 (MapPartitionsRDD[3] at json at NativeMethodAccessorImpl.java:0), which has no missing parents
[2022-08-04 13:04:12,468] {spark_submit_hook.py:479} INFO - 22/08/04 13:04:12 INFO MemoryStore: Block broadcast_1 stored as values in memory (estimated size 14.5 KiB, free 434.2 MiB)
[2022-08-04 13:04:12,471] {spark_submit_hook.py:479} INFO - 22/08/04 13:04:12 INFO MemoryStore: Block broadcast_1_piece0 stored as bytes in memory (estimated size 7.0 KiB, free 434.2 MiB)
[2022-08-04 13:04:12,472] {spark_submit_hook.py:479} INFO - 22/08/04 13:04:12 INFO BlockManagerInfo: Added broadcast_1_piece0 in memory on 192.168.1.12:33785 (size: 7.0 KiB, free: 434.4 MiB)
[2022-08-04 13:04:12,472] {spark_submit_hook.py:479} INFO - 22/08/04 13:04:12 INFO SparkContext: Created broadcast 1 from broadcast at DAGScheduler.scala:1513
[2022-08-04 13:04:12,488] {spark_submit_hook.py:479} INFO - 22/08/04 13:04:12 INFO DAGScheduler: Submitting 1 missing tasks from ResultStage 0 (MapPartitionsRDD[3] at json at NativeMethodAccessorImpl.java:0) (first 15 tasks are for partitions Vector(0))
[2022-08-04 13:04:12,490] {spark_submit_hook.py:479} INFO - 22/08/04 13:04:12 INFO TaskSchedulerImpl: Adding task set 0.0 with 1 tasks resource profile 0
[2022-08-04 13:04:12,551] {spark_submit_hook.py:479} INFO - 22/08/04 13:04:12 INFO TaskSetManager: Starting task 0.0 in stage 0.0 (TID 0) (192.168.1.12, executor driver, partition 0, PROCESS_LOCAL, 5023 bytes) taskResourceAssignments Map()
[2022-08-04 13:04:12,569] {spark_submit_hook.py:479} INFO - 22/08/04 13:04:12 INFO Executor: Running task 0.0 in stage 0.0 (TID 0)
[2022-08-04 13:04:12,748] {spark_submit_hook.py:479} INFO - 22/08/04 13:04:12 INFO FileScanRDD: Reading File path: file:///home/amadeus/airflow-pipeline-alura/datapipeline/datalake/bronze/twitter_flamengomalvadao/extract_date=2022-07-29/FlamengoMalvadao_20220729.json, range: 0-38753, partition values: [empty row]
[2022-08-04 13:04:13,055] {spark_submit_hook.py:479} INFO - 22/08/04 13:04:13 INFO CodeGenerator: Code generated in 261.457262 ms
[2022-08-04 13:04:13,147] {spark_submit_hook.py:479} INFO - 22/08/04 13:04:13 INFO Executor: Finished task 0.0 in stage 0.0 (TID 0). 2784 bytes result sent to driver
[2022-08-04 13:04:13,158] {spark_submit_hook.py:479} INFO - 22/08/04 13:04:13 INFO TaskSetManager: Finished task 0.0 in stage 0.0 (TID 0) in 619 ms on 192.168.1.12 (executor driver) (1/1)
[2022-08-04 13:04:13,161] {spark_submit_hook.py:479} INFO - 22/08/04 13:04:13 INFO TaskSchedulerImpl: Removed TaskSet 0.0, whose tasks have all completed, from pool
[2022-08-04 13:04:13,168] {spark_submit_hook.py:479} INFO - 22/08/04 13:04:13 INFO DAGScheduler: ResultStage 0 (json at NativeMethodAccessorImpl.java:0) finished in 0,881 s
[2022-08-04 13:04:13,174] {spark_submit_hook.py:479} INFO - 22/08/04 13:04:13 INFO DAGScheduler: Job 0 is finished. Cancelling potential speculative or zombie tasks for this job
[2022-08-04 13:04:13,175] {spark_submit_hook.py:479} INFO - 22/08/04 13:04:13 INFO TaskSchedulerImpl: Killing all running tasks in stage 0: Stage finished
[2022-08-04 13:04:13,178] {spark_submit_hook.py:479} INFO - 22/08/04 13:04:13 INFO DAGScheduler: Job 0 finished: json at NativeMethodAccessorImpl.java:0, took 0,953587 s
[2022-08-04 13:04:13,542] {spark_submit_hook.py:479} INFO - Traceback (most recent call last):
[2022-08-04 13:04:13,542] {spark_submit_hook.py:479} INFO - File "/home/amadeus/ama/airflow-pipeline-alura/datapipeline/spark/transfortmation.py", line 50, in <module>
[2022-08-04 13:04:13,542] {spark_submit_hook.py:479} INFO - twitter_transform(spark, args.src, args.dest, args.process_date)
[2022-08-04 13:04:13,542] {spark_submit_hook.py:479} INFO - File "/home/amadeus/ama/airflow-pipeline-alura/datapipeline/spark/transfortmation.py", line 28, in twitter_transform
[2022-08-04 13:04:13,542] {spark_submit_hook.py:479} INFO - tweet_df = get_tweets_data(df)
[2022-08-04 13:04:13,542] {spark_submit_hook.py:479} INFO - File "/home/amadeus/ama/airflow-pipeline-alura/datapipeline/spark/transfortmation.py", line 8, in get_tweets_data
[2022-08-04 13:04:13,542] {spark_submit_hook.py:479} INFO - return df\
[2022-08-04 13:04:13,542] {spark_submit_hook.py:479} INFO - File "/home/amadeus/Downloads/spark-3.3.0-bin-hadoop2/python/lib/pyspark.zip/pyspark/sql/dataframe.py", line 2023, in select
[2022-08-04 13:04:13,542] {spark_submit_hook.py:479} INFO - File "/home/amadeus/Downloads/spark-3.3.0-bin-hadoop2/python/lib/py4j-0.10.9.5-src.zip/py4j/java_gateway.py", line 1321, in __call__
[2022-08-04 13:04:13,542] {spark_submit_hook.py:479} INFO - File "/home/amadeus/Downloads/spark-3.3.0-bin-hadoop2/python/lib/pyspark.zip/pyspark/sql/utils.py", line 196, in deco
[2022-08-04 13:04:13,548] {spark_submit_hook.py:479} INFO - pyspark.sql.utils.AnalysisException: No such struct field in_reply_to_user_id in author_id, conversation_id, created_at, id, public_metrics, text
[2022-08-04 13:04:13,611] {spark_submit_hook.py:479} INFO - 22/08/04 13:04:13 INFO SparkContext: Invoking stop() from shutdown hook
[2022-08-04 13:04:13,634] {spark_submit_hook.py:479} INFO - 22/08/04 13:04:13 INFO SparkUI: Stopped Spark web UI at http://192.168.1.12:4041
[2022-08-04 13:04:13,660] {spark_submit_hook.py:479} INFO - 22/08/04 13:04:13 INFO MapOutputTrackerMasterEndpoint: MapOutputTrackerMasterEndpoint stopped!
[2022-08-04 13:04:13,676] {spark_submit_hook.py:479} INFO - 22/08/04 13:04:13 INFO MemoryStore: MemoryStore cleared
[2022-08-04 13:04:13,677] {spark_submit_hook.py:479} INFO - 22/08/04 13:04:13 INFO BlockManager: BlockManager stopped
[2022-08-04 13:04:13,694] {spark_submit_hook.py:479} INFO - 22/08/04 13:04:13 INFO BlockManagerMaster: BlockManagerMaster stopped
[2022-08-04 13:04:13,698] {spark_submit_hook.py:479} INFO - 22/08/04 13:04:13 INFO OutputCommitCoordinator$OutputCommitCoordinatorEndpoint: OutputCommitCoordinator stopped!
[2022-08-04 13:04:13,719] {spark_submit_hook.py:479} INFO - 22/08/04 13:04:13 INFO SparkContext: Successfully stopped SparkContext
[2022-08-04 13:04:13,719] {spark_submit_hook.py:479} INFO - 22/08/04 13:04:13 INFO ShutdownHookManager: Shutdown hook called
[2022-08-04 13:04:13,720] {spark_submit_hook.py:479} INFO - 22/08/04 13:04:13 INFO ShutdownHookManager: Deleting directory /tmp/spark-a616deae-07ed-4929-9f7f-60ca3065cf08
[2022-08-04 13:04:13,722] {spark_submit_hook.py:479} INFO - 22/08/04 13:04:13 INFO ShutdownHookManager: Deleting directory /tmp/spark-445ce6fd-7ecf-4cd1-8dd3-5aff6f015ed8
[2022-08-04 13:04:13,725] {spark_submit_hook.py:479} INFO - 22/08/04 13:04:13 INFO ShutdownHookManager: Deleting directory /tmp/spark-445ce6fd-7ecf-4cd1-8dd3-5aff6f015ed8/pyspark-700cbd83-7117-4548-bda3-fd48143174ed
[2022-08-04 13:04:13,777] {taskinstance.py:1150} ERROR - Cannot execute: /home/amadeus/Downloads/spark-3.3.0-bin-hadoop2/bin/spark-submit --master local --name twitter_transformation /home/amadeus/ama/airflow-pipeline-alura/datapipeline/spark/transfortmation.py --src /home/amadeus/airflow-pipeline-alura/datapipeline/datalake/bronze/twitter_flamengomalvadao/extract_date=2022-07-29 --dest /home/amadeus/airflow-pipeline-alura/datapipeline/datalake/silver/twitter_flamengomalvadao/ --process-date 2022-07-29. Error code is: 1.
Traceback (most recent call last):
  File "/home/amadeus/ama/airflow-pipeline-alura/datapipeline/.env/lib/python3.8/site-packages/airflow/models/taskinstance.py", line 984, in _run_raw_task
    result = task_copy.execute(context=context)
  File "/home/amadeus/ama/airflow-pipeline-alura/datapipeline/.env/lib/python3.8/site-packages/airflow/contrib/operators/spark_submit_operator.py", line 187, in execute
    self._hook.submit(self._application)
  File "/home/amadeus/ama/airflow-pipeline-alura/datapipeline/.env/lib/python3.8/site-packages/airflow/contrib/hooks/spark_submit_hook.py", line 403, in submit
    raise AirflowException(
airflow.exceptions.AirflowException: Cannot execute: /home/amadeus/Downloads/spark-3.3.0-bin-hadoop2/bin/spark-submit --master local --name twitter_transformation /home/amadeus/ama/airflow-pipeline-alura/datapipeline/spark/transfortmation.py --src /home/amadeus/airflow-pipeline-alura/datapipeline/datalake/bronze/twitter_flamengomalvadao/extract_date=2022-07-29 --dest /home/amadeus/airflow-pipeline-alura/datapipeline/datalake/silver/twitter_flamengomalvadao/ --process-date 2022-07-29. Error code is: 1.
[2022-08-04 13:04:13,778] {taskinstance.py:1187} INFO - Marking task as FAILED. dag_id=twitter_dag, task_id=transform_twitter_flamengomalvadao, execution_date=20220729T090000, start_date=20220804T160359, end_date=20220804T160413
[2022-08-04 13:04:14,470] {local_task_job.py:102} INFO - Task exited with return code 1
