[2022-08-04 17:18:20,861] {taskinstance.py:670} INFO - Dependencies all met for <TaskInstance: twitter_dag.transform_twitter_flamengomalvadao 2022-07-29T09:00:00+00:00 [queued]>
[2022-08-04 17:18:20,873] {taskinstance.py:670} INFO - Dependencies all met for <TaskInstance: twitter_dag.transform_twitter_flamengomalvadao 2022-07-29T09:00:00+00:00 [queued]>
[2022-08-04 17:18:20,873] {taskinstance.py:880} INFO - 
--------------------------------------------------------------------------------
[2022-08-04 17:18:20,873] {taskinstance.py:881} INFO - Starting attempt 8 of 8
[2022-08-04 17:18:20,873] {taskinstance.py:882} INFO - 
--------------------------------------------------------------------------------
[2022-08-04 17:18:21,414] {taskinstance.py:901} INFO - Executing <Task(SparkSubmitOperator): transform_twitter_flamengomalvadao> on 2022-07-29T09:00:00+00:00
[2022-08-04 17:18:21,419] {standard_task_runner.py:54} INFO - Started process 154499 to run task
[2022-08-04 17:18:21,483] {standard_task_runner.py:77} INFO - Running: ['airflow', 'run', 'twitter_dag', 'transform_twitter_flamengomalvadao', '2022-07-29T09:00:00+00:00', '--job_id', '91', '--pool', 'default_pool', '--raw', '-sd', 'DAGS_FOLDER/twitter_dag.py', '--cfg_path', '/tmp/tmp3s2sv7pe']
[2022-08-04 17:18:21,483] {standard_task_runner.py:78} INFO - Job 91: Subtask transform_twitter_flamengomalvadao
[2022-08-04 17:18:21,728] {logging_mixin.py:112} INFO - Running <TaskInstance: twitter_dag.transform_twitter_flamengomalvadao 2022-07-29T09:00:00+00:00 [running]> on host ama
[2022-08-04 17:18:21,778] {base_hook.py:89} INFO - Using connection to: id: spark_default. Host: local, Port: None, Schema: None, Login: None, Password: None, extra: XXXXXXXX
[2022-08-04 17:18:21,780] {spark_submit_hook.py:325} INFO - Spark-Submit cmd: /home/amadeus/Downloads/spark-3.3.0-bin-hadoop2/bin/spark-submit --master local --name twitter_transformation /home/amadeus/ama/airflow-pipeline-alura/datapipeline/spark/transfortmation.py --src /home/amadeus/ama/airflow-pipeline-alura/datapipeline/datalake/bronze/twitter_flamengomalvadao/extract_date=2022-07-29 --dest /home/amadeus/ama/airflow-pipeline-alura/datapipeline/datalake/silver/twitter_flamengomalvadao/ --process-date 2022-07-29
[2022-08-04 17:18:23,170] {spark_submit_hook.py:479} INFO - 22/08/04 17:18:23 WARN Utils: Your hostname, ama resolves to a loopback address: 127.0.1.1; using 192.168.1.12 instead (on interface wlo1)
[2022-08-04 17:18:23,172] {spark_submit_hook.py:479} INFO - 22/08/04 17:18:23 WARN Utils: Set SPARK_LOCAL_IP if you need to bind to another address
[2022-08-04 17:18:24,030] {spark_submit_hook.py:479} INFO - 22/08/04 17:18:24 INFO SparkContext: Running Spark version 3.3.0
[2022-08-04 17:18:24,134] {spark_submit_hook.py:479} INFO - 22/08/04 17:18:24 WARN NativeCodeLoader: Unable to load native-hadoop library for your platform... using builtin-java classes where applicable
[2022-08-04 17:18:24,228] {spark_submit_hook.py:479} INFO - 22/08/04 17:18:24 INFO ResourceUtils: ==============================================================
[2022-08-04 17:18:24,228] {spark_submit_hook.py:479} INFO - 22/08/04 17:18:24 INFO ResourceUtils: No custom resources configured for spark.driver.
[2022-08-04 17:18:24,229] {spark_submit_hook.py:479} INFO - 22/08/04 17:18:24 INFO ResourceUtils: ==============================================================
[2022-08-04 17:18:24,229] {spark_submit_hook.py:479} INFO - 22/08/04 17:18:24 INFO SparkContext: Submitted application: twitter_transformation
[2022-08-04 17:18:24,263] {spark_submit_hook.py:479} INFO - 22/08/04 17:18:24 INFO ResourceProfile: Default ResourceProfile created, executor resources: Map(cores -> name: cores, amount: 1, script: , vendor: , memory -> name: memory, amount: 1024, script: , vendor: , offHeap -> name: offHeap, amount: 0, script: , vendor: ), task resources: Map(cpus -> name: cpus, amount: 1.0)
[2022-08-04 17:18:24,278] {spark_submit_hook.py:479} INFO - 22/08/04 17:18:24 INFO ResourceProfile: Limiting resource is cpu
[2022-08-04 17:18:24,278] {spark_submit_hook.py:479} INFO - 22/08/04 17:18:24 INFO ResourceProfileManager: Added ResourceProfile id: 0
[2022-08-04 17:18:24,344] {spark_submit_hook.py:479} INFO - 22/08/04 17:18:24 INFO SecurityManager: Changing view acls to: amadeus
[2022-08-04 17:18:24,344] {spark_submit_hook.py:479} INFO - 22/08/04 17:18:24 INFO SecurityManager: Changing modify acls to: amadeus
[2022-08-04 17:18:24,345] {spark_submit_hook.py:479} INFO - 22/08/04 17:18:24 INFO SecurityManager: Changing view acls groups to:
[2022-08-04 17:18:24,345] {spark_submit_hook.py:479} INFO - 22/08/04 17:18:24 INFO SecurityManager: Changing modify acls groups to:
[2022-08-04 17:18:24,346] {spark_submit_hook.py:479} INFO - 22/08/04 17:18:24 INFO SecurityManager: SecurityManager: authentication disabled; ui acls disabled; users  with view permissions: Set(amadeus); groups with view permissions: Set(); users  with modify permissions: Set(amadeus); groups with modify permissions: Set()
[2022-08-04 17:18:24,623] {spark_submit_hook.py:479} INFO - 22/08/04 17:18:24 INFO Utils: Successfully started service 'sparkDriver' on port 35253.
[2022-08-04 17:18:24,647] {spark_submit_hook.py:479} INFO - 22/08/04 17:18:24 INFO SparkEnv: Registering MapOutputTracker
[2022-08-04 17:18:24,680] {spark_submit_hook.py:479} INFO - 22/08/04 17:18:24 INFO SparkEnv: Registering BlockManagerMaster
[2022-08-04 17:18:24,696] {spark_submit_hook.py:479} INFO - 22/08/04 17:18:24 INFO BlockManagerMasterEndpoint: Using org.apache.spark.storage.DefaultTopologyMapper for getting topology information
[2022-08-04 17:18:24,696] {spark_submit_hook.py:479} INFO - 22/08/04 17:18:24 INFO BlockManagerMasterEndpoint: BlockManagerMasterEndpoint up
[2022-08-04 17:18:24,700] {spark_submit_hook.py:479} INFO - 22/08/04 17:18:24 INFO SparkEnv: Registering BlockManagerMasterHeartbeat
[2022-08-04 17:18:24,720] {spark_submit_hook.py:479} INFO - 22/08/04 17:18:24 INFO DiskBlockManager: Created local directory at /tmp/blockmgr-a872d192-504b-466d-8382-728b2e0d6969
[2022-08-04 17:18:24,737] {spark_submit_hook.py:479} INFO - 22/08/04 17:18:24 INFO MemoryStore: MemoryStore started with capacity 434.4 MiB
[2022-08-04 17:18:24,754] {spark_submit_hook.py:479} INFO - 22/08/04 17:18:24 INFO SparkEnv: Registering OutputCommitCoordinator
[2022-08-04 17:18:24,946] {spark_submit_hook.py:479} INFO - 22/08/04 17:18:24 WARN Utils: Service 'SparkUI' could not bind on port 4040. Attempting port 4041.
[2022-08-04 17:18:24,953] {spark_submit_hook.py:479} INFO - 22/08/04 17:18:24 INFO Utils: Successfully started service 'SparkUI' on port 4041.
[2022-08-04 17:18:25,072] {spark_submit_hook.py:479} INFO - 22/08/04 17:18:25 INFO Executor: Starting executor ID driver on host 192.168.1.12
[2022-08-04 17:18:25,078] {spark_submit_hook.py:479} INFO - 22/08/04 17:18:25 INFO Executor: Starting executor with user classpath (userClassPathFirst = false): ''
[2022-08-04 17:18:25,094] {spark_submit_hook.py:479} INFO - 22/08/04 17:18:25 INFO Utils: Successfully started service 'org.apache.spark.network.netty.NettyBlockTransferService' on port 38515.
[2022-08-04 17:18:25,095] {spark_submit_hook.py:479} INFO - 22/08/04 17:18:25 INFO NettyBlockTransferService: Server created on 192.168.1.12:38515
[2022-08-04 17:18:25,096] {spark_submit_hook.py:479} INFO - 22/08/04 17:18:25 INFO BlockManager: Using org.apache.spark.storage.RandomBlockReplicationPolicy for block replication policy
[2022-08-04 17:18:25,101] {spark_submit_hook.py:479} INFO - 22/08/04 17:18:25 INFO BlockManagerMaster: Registering BlockManager BlockManagerId(driver, 192.168.1.12, 38515, None)
[2022-08-04 17:18:25,104] {spark_submit_hook.py:479} INFO - 22/08/04 17:18:25 INFO BlockManagerMasterEndpoint: Registering block manager 192.168.1.12:38515 with 434.4 MiB RAM, BlockManagerId(driver, 192.168.1.12, 38515, None)
[2022-08-04 17:18:25,106] {spark_submit_hook.py:479} INFO - 22/08/04 17:18:25 INFO BlockManagerMaster: Registered BlockManager BlockManagerId(driver, 192.168.1.12, 38515, None)
[2022-08-04 17:18:25,107] {spark_submit_hook.py:479} INFO - 22/08/04 17:18:25 INFO BlockManager: Initialized BlockManager: BlockManagerId(driver, 192.168.1.12, 38515, None)
[2022-08-04 17:18:25,625] {spark_submit_hook.py:479} INFO - 22/08/04 17:18:25 INFO SharedState: Setting hive.metastore.warehouse.dir ('null') to the value of spark.sql.warehouse.dir.
[2022-08-04 17:18:25,635] {spark_submit_hook.py:479} INFO - 22/08/04 17:18:25 INFO SharedState: Warehouse path is 'file:/home/amadeus/ama/airflow-pipeline-alura/datapipeline/spark-warehouse'.
[2022-08-04 17:18:26,499] {spark_submit_hook.py:479} INFO - 22/08/04 17:18:26 INFO InMemoryFileIndex: It took 45 ms to list leaf files for 1 paths.
[2022-08-04 17:18:26,577] {spark_submit_hook.py:479} INFO - 22/08/04 17:18:26 INFO InMemoryFileIndex: It took 2 ms to list leaf files for 1 paths.
[2022-08-04 17:18:28,088] {spark_submit_hook.py:479} INFO - 22/08/04 17:18:28 INFO FileSourceStrategy: Pushed Filters:
[2022-08-04 17:18:28,090] {spark_submit_hook.py:479} INFO - 22/08/04 17:18:28 INFO FileSourceStrategy: Post-Scan Filters:
[2022-08-04 17:18:28,092] {spark_submit_hook.py:479} INFO - 22/08/04 17:18:28 INFO FileSourceStrategy: Output Data Schema: struct<value: string>
[2022-08-04 17:18:28,314] {spark_submit_hook.py:479} INFO - 22/08/04 17:18:28 INFO MemoryStore: Block broadcast_0 stored as values in memory (estimated size 173.7 KiB, free 434.2 MiB)
[2022-08-04 17:18:28,360] {spark_submit_hook.py:479} INFO - 22/08/04 17:18:28 INFO MemoryStore: Block broadcast_0_piece0 stored as bytes in memory (estimated size 24.7 KiB, free 434.2 MiB)
[2022-08-04 17:18:28,362] {spark_submit_hook.py:479} INFO - 22/08/04 17:18:28 INFO BlockManagerInfo: Added broadcast_0_piece0 in memory on 192.168.1.12:38515 (size: 24.7 KiB, free: 434.4 MiB)
[2022-08-04 17:18:28,366] {spark_submit_hook.py:479} INFO - 22/08/04 17:18:28 INFO SparkContext: Created broadcast 0 from json at NativeMethodAccessorImpl.java:0
[2022-08-04 17:18:28,373] {spark_submit_hook.py:479} INFO - 22/08/04 17:18:28 INFO FileSourceScanExec: Planning scan with bin packing, max size: 4233049 bytes, open cost is considered as scanning 4194304 bytes.
[2022-08-04 17:18:28,542] {spark_submit_hook.py:479} INFO - 22/08/04 17:18:28 INFO SparkContext: Starting job: json at NativeMethodAccessorImpl.java:0
[2022-08-04 17:18:28,556] {spark_submit_hook.py:479} INFO - 22/08/04 17:18:28 INFO DAGScheduler: Got job 0 (json at NativeMethodAccessorImpl.java:0) with 1 output partitions
[2022-08-04 17:18:28,556] {spark_submit_hook.py:479} INFO - 22/08/04 17:18:28 INFO DAGScheduler: Final stage: ResultStage 0 (json at NativeMethodAccessorImpl.java:0)
[2022-08-04 17:18:28,556] {spark_submit_hook.py:479} INFO - 22/08/04 17:18:28 INFO DAGScheduler: Parents of final stage: List()
[2022-08-04 17:18:28,557] {spark_submit_hook.py:479} INFO - 22/08/04 17:18:28 INFO DAGScheduler: Missing parents: List()
[2022-08-04 17:18:28,561] {spark_submit_hook.py:479} INFO - 22/08/04 17:18:28 INFO DAGScheduler: Submitting ResultStage 0 (MapPartitionsRDD[3] at json at NativeMethodAccessorImpl.java:0), which has no missing parents
[2022-08-04 17:18:28,624] {spark_submit_hook.py:479} INFO - 22/08/04 17:18:28 INFO MemoryStore: Block broadcast_1 stored as values in memory (estimated size 14.5 KiB, free 434.2 MiB)
[2022-08-04 17:18:28,625] {spark_submit_hook.py:479} INFO - 22/08/04 17:18:28 INFO MemoryStore: Block broadcast_1_piece0 stored as bytes in memory (estimated size 7.0 KiB, free 434.2 MiB)
[2022-08-04 17:18:28,626] {spark_submit_hook.py:479} INFO - 22/08/04 17:18:28 INFO BlockManagerInfo: Added broadcast_1_piece0 in memory on 192.168.1.12:38515 (size: 7.0 KiB, free: 434.4 MiB)
[2022-08-04 17:18:28,627] {spark_submit_hook.py:479} INFO - 22/08/04 17:18:28 INFO SparkContext: Created broadcast 1 from broadcast at DAGScheduler.scala:1513
[2022-08-04 17:18:28,638] {spark_submit_hook.py:479} INFO - 22/08/04 17:18:28 INFO DAGScheduler: Submitting 1 missing tasks from ResultStage 0 (MapPartitionsRDD[3] at json at NativeMethodAccessorImpl.java:0) (first 15 tasks are for partitions Vector(0))
[2022-08-04 17:18:28,638] {spark_submit_hook.py:479} INFO - 22/08/04 17:18:28 INFO TaskSchedulerImpl: Adding task set 0.0 with 1 tasks resource profile 0
[2022-08-04 17:18:28,677] {spark_submit_hook.py:479} INFO - 22/08/04 17:18:28 INFO TaskSetManager: Starting task 0.0 in stage 0.0 (TID 0) (192.168.1.12, executor driver, partition 0, PROCESS_LOCAL, 5027 bytes) taskResourceAssignments Map()
[2022-08-04 17:18:28,688] {spark_submit_hook.py:479} INFO - 22/08/04 17:18:28 INFO Executor: Running task 0.0 in stage 0.0 (TID 0)
[2022-08-04 17:18:28,801] {spark_submit_hook.py:479} INFO - 22/08/04 17:18:28 INFO FileScanRDD: Reading File path: file:///home/amadeus/ama/airflow-pipeline-alura/datapipeline/datalake/bronze/twitter_flamengomalvadao/extract_date=2022-07-29/FlamengoMalvadao_20220729.json, range: 0-38745, partition values: [empty row]
[2022-08-04 17:18:28,943] {spark_submit_hook.py:479} INFO - 22/08/04 17:18:28 INFO CodeGenerator: Code generated in 115.853365 ms
[2022-08-04 17:18:28,987] {spark_submit_hook.py:479} INFO - 22/08/04 17:18:28 INFO Executor: Finished task 0.0 in stage 0.0 (TID 0). 2784 bytes result sent to driver
[2022-08-04 17:18:28,993] {spark_submit_hook.py:479} INFO - 22/08/04 17:18:28 INFO TaskSetManager: Finished task 0.0 in stage 0.0 (TID 0) in 323 ms on 192.168.1.12 (executor driver) (1/1)
[2022-08-04 17:18:28,994] {spark_submit_hook.py:479} INFO - 22/08/04 17:18:28 INFO TaskSchedulerImpl: Removed TaskSet 0.0, whose tasks have all completed, from pool
[2022-08-04 17:18:28,998] {spark_submit_hook.py:479} INFO - 22/08/04 17:18:28 INFO DAGScheduler: ResultStage 0 (json at NativeMethodAccessorImpl.java:0) finished in 0,427 s
[2022-08-04 17:18:29,001] {spark_submit_hook.py:479} INFO - 22/08/04 17:18:29 INFO DAGScheduler: Job 0 is finished. Cancelling potential speculative or zombie tasks for this job
[2022-08-04 17:18:29,001] {spark_submit_hook.py:479} INFO - 22/08/04 17:18:29 INFO TaskSchedulerImpl: Killing all running tasks in stage 0: Stage finished
[2022-08-04 17:18:29,003] {spark_submit_hook.py:479} INFO - 22/08/04 17:18:29 INFO DAGScheduler: Job 0 finished: json at NativeMethodAccessorImpl.java:0, took 0,460862 s
[2022-08-04 17:18:29,219] {spark_submit_hook.py:479} INFO - Traceback (most recent call last):
[2022-08-04 17:18:29,219] {spark_submit_hook.py:479} INFO - File "/home/amadeus/ama/airflow-pipeline-alura/datapipeline/spark/transfortmation.py", line 50, in <module>
[2022-08-04 17:18:29,219] {spark_submit_hook.py:479} INFO - twitter_transform(spark, args.src, args.dest, args.process_date)
[2022-08-04 17:18:29,219] {spark_submit_hook.py:479} INFO - File "/home/amadeus/ama/airflow-pipeline-alura/datapipeline/spark/transfortmation.py", line 28, in twitter_transform
[2022-08-04 17:18:29,220] {spark_submit_hook.py:479} INFO - tweet_df = get_tweets_data(df)
[2022-08-04 17:18:29,220] {spark_submit_hook.py:479} INFO - File "/home/amadeus/ama/airflow-pipeline-alura/datapipeline/spark/transfortmation.py", line 8, in get_tweets_data
[2022-08-04 17:18:29,220] {spark_submit_hook.py:479} INFO - return df\
[2022-08-04 17:18:29,220] {spark_submit_hook.py:479} INFO - File "/home/amadeus/Downloads/spark-3.3.0-bin-hadoop2/python/lib/pyspark.zip/pyspark/sql/dataframe.py", line 2023, in select
[2022-08-04 17:18:29,220] {spark_submit_hook.py:479} INFO - File "/home/amadeus/Downloads/spark-3.3.0-bin-hadoop2/python/lib/py4j-0.10.9.5-src.zip/py4j/java_gateway.py", line 1321, in __call__
[2022-08-04 17:18:29,220] {spark_submit_hook.py:479} INFO - File "/home/amadeus/Downloads/spark-3.3.0-bin-hadoop2/python/lib/pyspark.zip/pyspark/sql/utils.py", line 196, in deco
[2022-08-04 17:18:29,235] {spark_submit_hook.py:479} INFO - pyspark.sql.utils.AnalysisException: No such struct field in_reply_to_user_id in author_id, conversation_id, created_at, id, public_metrics, text
[2022-08-04 17:18:29,285] {spark_submit_hook.py:479} INFO - 22/08/04 17:18:29 INFO SparkContext: Invoking stop() from shutdown hook
[2022-08-04 17:18:29,295] {spark_submit_hook.py:479} INFO - 22/08/04 17:18:29 INFO SparkUI: Stopped Spark web UI at http://192.168.1.12:4041
[2022-08-04 17:18:29,306] {spark_submit_hook.py:479} INFO - 22/08/04 17:18:29 INFO MapOutputTrackerMasterEndpoint: MapOutputTrackerMasterEndpoint stopped!
[2022-08-04 17:18:29,313] {spark_submit_hook.py:479} INFO - 22/08/04 17:18:29 INFO MemoryStore: MemoryStore cleared
[2022-08-04 17:18:29,314] {spark_submit_hook.py:479} INFO - 22/08/04 17:18:29 INFO BlockManager: BlockManager stopped
[2022-08-04 17:18:29,321] {spark_submit_hook.py:479} INFO - 22/08/04 17:18:29 INFO BlockManagerMaster: BlockManagerMaster stopped
[2022-08-04 17:18:29,323] {spark_submit_hook.py:479} INFO - 22/08/04 17:18:29 INFO OutputCommitCoordinator$OutputCommitCoordinatorEndpoint: OutputCommitCoordinator stopped!
[2022-08-04 17:18:29,326] {spark_submit_hook.py:479} INFO - 22/08/04 17:18:29 INFO SparkContext: Successfully stopped SparkContext
[2022-08-04 17:18:29,327] {spark_submit_hook.py:479} INFO - 22/08/04 17:18:29 INFO ShutdownHookManager: Shutdown hook called
[2022-08-04 17:18:29,327] {spark_submit_hook.py:479} INFO - 22/08/04 17:18:29 INFO ShutdownHookManager: Deleting directory /tmp/spark-6a5799c4-c0d3-4a1d-9b43-dfda6c3fb92a
[2022-08-04 17:18:29,329] {spark_submit_hook.py:479} INFO - 22/08/04 17:18:29 INFO ShutdownHookManager: Deleting directory /tmp/spark-6a5799c4-c0d3-4a1d-9b43-dfda6c3fb92a/pyspark-3dee8c4e-8104-46ca-be25-f9610f7b6452
[2022-08-04 17:18:29,330] {spark_submit_hook.py:479} INFO - 22/08/04 17:18:29 INFO ShutdownHookManager: Deleting directory /tmp/spark-d299d83f-ad6a-4bb6-9323-63d21b03c5d3
[2022-08-04 17:18:29,381] {taskinstance.py:1150} ERROR - Cannot execute: /home/amadeus/Downloads/spark-3.3.0-bin-hadoop2/bin/spark-submit --master local --name twitter_transformation /home/amadeus/ama/airflow-pipeline-alura/datapipeline/spark/transfortmation.py --src /home/amadeus/ama/airflow-pipeline-alura/datapipeline/datalake/bronze/twitter_flamengomalvadao/extract_date=2022-07-29 --dest /home/amadeus/ama/airflow-pipeline-alura/datapipeline/datalake/silver/twitter_flamengomalvadao/ --process-date 2022-07-29. Error code is: 1.
Traceback (most recent call last):
  File "/home/amadeus/ama/airflow-pipeline-alura/datapipeline/.env/lib/python3.8/site-packages/airflow/models/taskinstance.py", line 984, in _run_raw_task
    result = task_copy.execute(context=context)
  File "/home/amadeus/ama/airflow-pipeline-alura/datapipeline/.env/lib/python3.8/site-packages/airflow/contrib/operators/spark_submit_operator.py", line 187, in execute
    self._hook.submit(self._application)
  File "/home/amadeus/ama/airflow-pipeline-alura/datapipeline/.env/lib/python3.8/site-packages/airflow/contrib/hooks/spark_submit_hook.py", line 403, in submit
    raise AirflowException(
airflow.exceptions.AirflowException: Cannot execute: /home/amadeus/Downloads/spark-3.3.0-bin-hadoop2/bin/spark-submit --master local --name twitter_transformation /home/amadeus/ama/airflow-pipeline-alura/datapipeline/spark/transfortmation.py --src /home/amadeus/ama/airflow-pipeline-alura/datapipeline/datalake/bronze/twitter_flamengomalvadao/extract_date=2022-07-29 --dest /home/amadeus/ama/airflow-pipeline-alura/datapipeline/datalake/silver/twitter_flamengomalvadao/ --process-date 2022-07-29. Error code is: 1.
[2022-08-04 17:18:29,382] {taskinstance.py:1187} INFO - Marking task as FAILED. dag_id=twitter_dag, task_id=transform_twitter_flamengomalvadao, execution_date=20220729T090000, start_date=20220804T201820, end_date=20220804T201829
[2022-08-04 17:18:30,260] {local_task_job.py:102} INFO - Task exited with return code 1
