[2022-08-01 20:49:49,097] {taskinstance.py:670} INFO - Dependencies all met for <TaskInstance: example_python_operator.print_the_context 2022-08-01T23:48:56.444236+00:00 [queued]>
[2022-08-01 20:49:49,131] {taskinstance.py:670} INFO - Dependencies all met for <TaskInstance: example_python_operator.print_the_context 2022-08-01T23:48:56.444236+00:00 [queued]>
[2022-08-01 20:49:49,132] {taskinstance.py:880} INFO - 
--------------------------------------------------------------------------------
[2022-08-01 20:49:49,132] {taskinstance.py:881} INFO - Starting attempt 1 of 1
[2022-08-01 20:49:49,132] {taskinstance.py:882} INFO - 
--------------------------------------------------------------------------------
[2022-08-01 20:49:49,364] {taskinstance.py:901} INFO - Executing <Task(PythonOperator): print_the_context> on 2022-08-01T23:48:56.444236+00:00
[2022-08-01 20:49:49,369] {standard_task_runner.py:54} INFO - Started process 110221 to run task
[2022-08-01 20:49:49,480] {standard_task_runner.py:77} INFO - Running: ['airflow', 'run', 'example_python_operator', 'print_the_context', '2022-08-01T23:48:56.444236+00:00', '--job_id', '2', '--pool', 'default_pool', '--raw', '-sd', '/home/amadeus/ama/airflow-pipeline-alura/datapipeline/.env/lib/python3.8/site-packages/airflow/example_dags/example_python_operator.py', '--cfg_path', '/tmp/tmpc0jlmke5']
[2022-08-01 20:49:49,480] {standard_task_runner.py:78} INFO - Job 2: Subtask print_the_context
[2022-08-01 20:49:49,832] {logging_mixin.py:112} INFO - Running <TaskInstance: example_python_operator.print_the_context 2022-08-01T23:48:56.444236+00:00 [running]> on host ama
[2022-08-01 20:49:49,859] {logging_mixin.py:112} INFO - {'END_DATE': '2022-08-01',
 'conf': <airflow.configuration.AirflowConfigParser object at 0x7f010daa8c40>,
 'dag': <DAG: example_python_operator>,
 'dag_run': <DagRun example_python_operator @ 2022-08-01 23:48:56.444236+00:00: manual__2022-08-01T23:48:56.444236+00:00, externally triggered: True>,
 'ds_nodash': '20220801',
 'end_date': '2022-08-01',
 'execution_date': <Pendulum [2022-08-01T23:48:56.444236+00:00]>,
 'inlets': [],
 'latest_date': '2022-08-01',
 'macros': <module 'airflow.macros' from '/home/amadeus/ama/airflow-pipeline-alura/datapipeline/.env/lib/python3.8/site-packages/airflow/macros/__init__.py'>,
 'next_ds': '2022-08-01',
 'next_ds_nodash': '20220801',
 'next_execution_date': <Pendulum [2022-08-01T23:48:56.444236+00:00]>,
 'outlets': [],
 'params': {},
 'prev_ds': '2022-08-01',
 'prev_ds_nodash': '20220801',
 'prev_execution_date': <Pendulum [2022-08-01T23:48:56.444236+00:00]>,
 'prev_execution_date_success': <Proxy at 0x7f00f49342c0 with factory <function TaskInstance.get_template_context.<locals>.<lambda> at 0x7f00f4938700>>,
 'prev_start_date_success': <Proxy at 0x7f00f4936600 with factory <function TaskInstance.get_template_context.<locals>.<lambda> at 0x7f0108959550>>,
 'run_id': 'manual__2022-08-01T23:48:56.444236+00:00',
 'tables': None,
 'task': <Task(PythonOperator): print_the_context>,
 'task_instance': <TaskInstance: example_python_operator.print_the_context 2022-08-01T23:48:56.444236+00:00 [running]>,
 'task_instance_key_str': 'example_python_operator__print_the_context__20220801',
 'templates_dict': None,
 'test_mode': False,
 'ti': <TaskInstance: example_python_operator.print_the_context 2022-08-01T23:48:56.444236+00:00 [running]>,
 'tomorrow_ds': '2022-08-02',
 'tomorrow_ds_nodash': '20220802',
 'ts': '2022-08-01T23:48:56.444236+00:00',
 'ts_nodash': '20220801T234856',
 'ts_nodash_with_tz': '20220801T234856.444236+0000',
 'var': {'json': None, 'value': None},
 'yesterday_ds': '2022-07-31',
 'yesterday_ds_nodash': '20220731'}
[2022-08-01 20:49:49,859] {logging_mixin.py:112} INFO - 2022-08-01
[2022-08-01 20:49:49,859] {python_operator.py:114} INFO - Done. Returned value was: Whatever you return gets printed in the logs
[2022-08-01 20:49:50,112] {taskinstance.py:1057} INFO - Marking task as SUCCESS.dag_id=example_python_operator, task_id=print_the_context, execution_date=20220801T234856, start_date=20220801T234949, end_date=20220801T234950
[2022-08-01 20:49:53,899] {local_task_job.py:102} INFO - Task exited with return code 0
