[2022-08-01 20:52:12,402] {taskinstance.py:670} INFO - Dependencies all met for <TaskInstance: example_python_operator.print_the_context 2022-08-01T23:48:56.444236+00:00 [queued]>
[2022-08-01 20:52:12,412] {taskinstance.py:670} INFO - Dependencies all met for <TaskInstance: example_python_operator.print_the_context 2022-08-01T23:48:56.444236+00:00 [queued]>
[2022-08-01 20:52:12,412] {taskinstance.py:880} INFO - 
--------------------------------------------------------------------------------
[2022-08-01 20:52:12,412] {taskinstance.py:881} INFO - Starting attempt 2 of 2
[2022-08-01 20:52:12,413] {taskinstance.py:882} INFO - 
--------------------------------------------------------------------------------
[2022-08-01 20:52:12,751] {taskinstance.py:901} INFO - Executing <Task(PythonOperator): print_the_context> on 2022-08-01T23:48:56.444236+00:00
[2022-08-01 20:52:12,756] {standard_task_runner.py:54} INFO - Started process 110454 to run task
[2022-08-01 20:52:12,829] {standard_task_runner.py:77} INFO - Running: ['airflow', 'run', 'example_python_operator', 'print_the_context', '2022-08-01T23:48:56.444236+00:00', '--job_id', '8', '--pool', 'default_pool', '--raw', '-sd', '/home/amadeus/ama/airflow-pipeline-alura/datapipeline/.env/lib/python3.8/site-packages/airflow/example_dags/example_python_operator.py', '--cfg_path', '/tmp/tmpc6vqkgfe']
[2022-08-01 20:52:12,830] {standard_task_runner.py:78} INFO - Job 8: Subtask print_the_context
[2022-08-01 20:52:13,170] {logging_mixin.py:112} INFO - Running <TaskInstance: example_python_operator.print_the_context 2022-08-01T23:48:56.444236+00:00 [running]> on host ama
[2022-08-01 20:52:13,575] {logging_mixin.py:112} INFO - {'END_DATE': '2022-08-01',
 'conf': <airflow.configuration.AirflowConfigParser object at 0x7f582e920c40>,
 'dag': <DAG: example_python_operator>,
 'dag_run': <DagRun example_python_operator @ 2022-08-01 23:48:56.444236+00:00: manual__2022-08-01T23:48:56.444236+00:00, externally triggered: True>,
 'ds_nodash': '20220801',
 'end_date': '2022-08-01',
 'execution_date': <Pendulum [2022-08-01T23:48:56.444236+00:00]>,
 'inlets': [],
 'latest_date': '2022-08-01',
 'macros': <module 'airflow.macros' from '/home/amadeus/ama/airflow-pipeline-alura/datapipeline/.env/lib/python3.8/site-packages/airflow/macros/__init__.py'>,
 'next_ds': '2022-08-01',
 'next_ds_nodash': '20220801',
 'next_execution_date': <Pendulum [2022-08-01T23:48:56.444236+00:00]>,
 'outlets': [],
 'params': {},
 'prev_ds': '2022-08-01',
 'prev_ds_nodash': '20220801',
 'prev_execution_date': <Pendulum [2022-08-01T23:48:56.444236+00:00]>,
 'prev_execution_date_success': <Proxy at 0x7f58158f07c0 with factory <function TaskInstance.get_template_context.<locals>.<lambda> at 0x7f58158e9820>>,
 'prev_start_date_success': <Proxy at 0x7f58158f0b00 with factory <function TaskInstance.get_template_context.<locals>.<lambda> at 0x7f58297d0670>>,
 'run_id': 'manual__2022-08-01T23:48:56.444236+00:00',
 'tables': None,
 'task': <Task(PythonOperator): print_the_context>,
 'task_instance': <TaskInstance: example_python_operator.print_the_context 2022-08-01T23:48:56.444236+00:00 [running]>,
 'task_instance_key_str': 'example_python_operator__print_the_context__20220801',
 'templates_dict': None,
 'test_mode': False,
 'ti': <TaskInstance: example_python_operator.print_the_context 2022-08-01T23:48:56.444236+00:00 [running]>,
 'tomorrow_ds': '2022-08-02',
 'tomorrow_ds_nodash': '20220802',
 'ts': '2022-08-01T23:48:56.444236+00:00',
 'ts_nodash': '20220801T234856',
 'ts_nodash_with_tz': '20220801T234856.444236+0000',
 'var': {'json': None, 'value': None},
 'yesterday_ds': '2022-07-31',
 'yesterday_ds_nodash': '20220731'}
[2022-08-01 20:52:13,576] {logging_mixin.py:112} INFO - 2022-08-01
[2022-08-01 20:52:13,576] {python_operator.py:114} INFO - Done. Returned value was: Whatever you return gets printed in the logs
[2022-08-01 20:52:13,812] {taskinstance.py:1057} INFO - Marking task as SUCCESS.dag_id=example_python_operator, task_id=print_the_context, execution_date=20220801T234856, start_date=20220801T235212, end_date=20220801T235213
[2022-08-01 20:52:17,079] {local_task_job.py:102} INFO - Task exited with return code 0
