[2022-08-08 23:17:12,302] {taskinstance.py:670} INFO - Dependencies all met for <TaskInstance: twitter_dag.twitter_flamengo 2022-08-04T09:00:00+00:00 [queued]>
[2022-08-08 23:17:12,309] {taskinstance.py:670} INFO - Dependencies all met for <TaskInstance: twitter_dag.twitter_flamengo 2022-08-04T09:00:00+00:00 [queued]>
[2022-08-08 23:17:12,309] {taskinstance.py:880} INFO - 
--------------------------------------------------------------------------------
[2022-08-08 23:17:12,309] {taskinstance.py:881} INFO - Starting attempt 1 of 1
[2022-08-08 23:17:12,309] {taskinstance.py:882} INFO - 
--------------------------------------------------------------------------------
[2022-08-08 23:17:12,544] {taskinstance.py:901} INFO - Executing <Task(TwitterOperator): twitter_flamengo> on 2022-08-04T09:00:00+00:00
[2022-08-08 23:17:12,550] {standard_task_runner.py:54} INFO - Started process 192133 to run task
[2022-08-08 23:17:12,597] {standard_task_runner.py:77} INFO - Running: ['airflow', 'run', 'twitter_dag', 'twitter_flamengo', '2022-08-04T09:00:00+00:00', '--job_id', '155', '--pool', 'default_pool', '--raw', '-sd', 'DAGS_FOLDER/twitter_dag.py', '--cfg_path', '/tmp/tmp20tl50p3']
[2022-08-08 23:17:12,598] {standard_task_runner.py:78} INFO - Job 155: Subtask twitter_flamengo
[2022-08-08 23:17:12,848] {logging_mixin.py:112} INFO - Running <TaskInstance: twitter_dag.twitter_flamengo 2022-08-04T09:00:00+00:00 [running]> on host ama
[2022-08-08 23:17:12,892] {base_hook.py:89} INFO - Using connection to: id: twitter_default. Host: https://api.twitter.com, Port: None, Schema: None, Login: None, Password: None, extra: XXXXXXXX
[2022-08-08 23:17:12,894] {twitter_hook.py:36} INFO - URL: https://api.twitter.com/2/tweets/search/recent?query=Flamengo&tweet.fields=author_id,conversation_id,created_at,id,in_reply_to_user_id,public_metrics,text&expansions=author_id&user.fields=id,name,username,created_at&start_time=2022-08-04T09:00:00.00Z&end_time=2022-08-05T09:00:00.00Z
[2022-08-08 23:17:13,226] {logging_mixin.py:112} WARNING - /home/amadeus/ama/airflow-pipeline-alura/datapipeline/.env/lib/python3.8/site-packages/urllib3/connectionpool.py:981: InsecureRequestWarning: Unverified HTTPS request is being made to host 'api.twitter.com'. Adding certificate verification is strongly advised. See: https://urllib3.readthedocs.io/en/latest/advanced-usage.html#ssl-warnings
  warnings.warn(
[2022-08-08 23:17:13,472] {twitter_hook.py:36} INFO - URL: https://api.twitter.com/2/tweets/search/recent?query=Flamengo&tweet.fields=author_id,conversation_id,created_at,id,in_reply_to_user_id,public_metrics,text&expansions=author_id&user.fields=id,name,username,created_at&start_time=2022-08-04T09:00:00.00Z&end_time=2022-08-05T09:00:00.00Z&next_token=b26v89c19zqg8o3fpz5m831afqwydxekhzj751mh4jwql
[2022-08-08 23:17:13,473] {logging_mixin.py:112} WARNING - /home/amadeus/ama/airflow-pipeline-alura/datapipeline/.env/lib/python3.8/site-packages/urllib3/connectionpool.py:981: InsecureRequestWarning: Unverified HTTPS request is being made to host 'api.twitter.com'. Adding certificate verification is strongly advised. See: https://urllib3.readthedocs.io/en/latest/advanced-usage.html#ssl-warnings
  warnings.warn(
[2022-08-08 23:17:13,723] {twitter_hook.py:36} INFO - URL: https://api.twitter.com/2/tweets/search/recent?query=Flamengo&tweet.fields=author_id,conversation_id,created_at,id,in_reply_to_user_id,public_metrics,text&expansions=author_id&user.fields=id,name,username,created_at&start_time=2022-08-04T09:00:00.00Z&end_time=2022-08-05T09:00:00.00Z&next_token=b26v89c19zqg8o3fpz5m831afqp2agene334vt1k8gwvx
[2022-08-08 23:17:13,724] {logging_mixin.py:112} WARNING - /home/amadeus/ama/airflow-pipeline-alura/datapipeline/.env/lib/python3.8/site-packages/urllib3/connectionpool.py:981: InsecureRequestWarning: Unverified HTTPS request is being made to host 'api.twitter.com'. Adding certificate verification is strongly advised. See: https://urllib3.readthedocs.io/en/latest/advanced-usage.html#ssl-warnings
  warnings.warn(
[2022-08-08 23:17:13,956] {twitter_hook.py:36} INFO - URL: https://api.twitter.com/2/tweets/search/recent?query=Flamengo&tweet.fields=author_id,conversation_id,created_at,id,in_reply_to_user_id,public_metrics,text&expansions=author_id&user.fields=id,name,username,created_at&start_time=2022-08-04T09:00:00.00Z&end_time=2022-08-05T09:00:00.00Z&next_token=b26v89c19zqg8o3fpz5m831afpuec8c6s5l7uq4d67iwt
[2022-08-08 23:17:13,957] {logging_mixin.py:112} WARNING - /home/amadeus/ama/airflow-pipeline-alura/datapipeline/.env/lib/python3.8/site-packages/urllib3/connectionpool.py:981: InsecureRequestWarning: Unverified HTTPS request is being made to host 'api.twitter.com'. Adding certificate verification is strongly advised. See: https://urllib3.readthedocs.io/en/latest/advanced-usage.html#ssl-warnings
  warnings.warn(
[2022-08-08 23:17:14,245] {twitter_hook.py:36} INFO - URL: https://api.twitter.com/2/tweets/search/recent?query=Flamengo&tweet.fields=author_id,conversation_id,created_at,id,in_reply_to_user_id,public_metrics,text&expansions=author_id&user.fields=id,name,username,created_at&start_time=2022-08-04T09:00:00.00Z&end_time=2022-08-05T09:00:00.00Z&next_token=b26v89c19zqg8o3fpz5m831ae8xk1jxyyrr7tfgx5324d
[2022-08-08 23:17:14,246] {logging_mixin.py:112} WARNING - /home/amadeus/ama/airflow-pipeline-alura/datapipeline/.env/lib/python3.8/site-packages/urllib3/connectionpool.py:981: InsecureRequestWarning: Unverified HTTPS request is being made to host 'api.twitter.com'. Adding certificate verification is strongly advised. See: https://urllib3.readthedocs.io/en/latest/advanced-usage.html#ssl-warnings
  warnings.warn(
[2022-08-08 23:17:14,501] {twitter_hook.py:36} INFO - URL: https://api.twitter.com/2/tweets/search/recent?query=Flamengo&tweet.fields=author_id,conversation_id,created_at,id,in_reply_to_user_id,public_metrics,text&expansions=author_id&user.fields=id,name,username,created_at&start_time=2022-08-04T09:00:00.00Z&end_time=2022-08-05T09:00:00.00Z&next_token=b26v89c19zqg8o3fpz5m831ae8i4ubgk8pamfvgyu85tp
[2022-08-08 23:17:14,501] {logging_mixin.py:112} WARNING - /home/amadeus/ama/airflow-pipeline-alura/datapipeline/.env/lib/python3.8/site-packages/urllib3/connectionpool.py:981: InsecureRequestWarning: Unverified HTTPS request is being made to host 'api.twitter.com'. Adding certificate verification is strongly advised. See: https://urllib3.readthedocs.io/en/latest/advanced-usage.html#ssl-warnings
  warnings.warn(
[2022-08-08 23:17:14,859] {twitter_hook.py:36} INFO - URL: https://api.twitter.com/2/tweets/search/recent?query=Flamengo&tweet.fields=author_id,conversation_id,created_at,id,in_reply_to_user_id,public_metrics,text&expansions=author_id&user.fields=id,name,username,created_at&start_time=2022-08-04T09:00:00.00Z&end_time=2022-08-05T09:00:00.00Z&next_token=b26v89c19zqg8o3fpz5m831ae8abzyj4rskuryzc9sccd
[2022-08-08 23:17:14,859] {logging_mixin.py:112} WARNING - /home/amadeus/ama/airflow-pipeline-alura/datapipeline/.env/lib/python3.8/site-packages/urllib3/connectionpool.py:981: InsecureRequestWarning: Unverified HTTPS request is being made to host 'api.twitter.com'. Adding certificate verification is strongly advised. See: https://urllib3.readthedocs.io/en/latest/advanced-usage.html#ssl-warnings
  warnings.warn(
[2022-08-08 23:17:15,104] {twitter_hook.py:36} INFO - URL: https://api.twitter.com/2/tweets/search/recent?query=Flamengo&tweet.fields=author_id,conversation_id,created_at,id,in_reply_to_user_id,public_metrics,text&expansions=author_id&user.fields=id,name,username,created_at&start_time=2022-08-04T09:00:00.00Z&end_time=2022-08-05T09:00:00.00Z&next_token=b26v89c19zqg8o3fpz5m831ae7v6hscti1rbcnhdvlunx
[2022-08-08 23:17:15,106] {logging_mixin.py:112} WARNING - /home/amadeus/ama/airflow-pipeline-alura/datapipeline/.env/lib/python3.8/site-packages/urllib3/connectionpool.py:981: InsecureRequestWarning: Unverified HTTPS request is being made to host 'api.twitter.com'. Adding certificate verification is strongly advised. See: https://urllib3.readthedocs.io/en/latest/advanced-usage.html#ssl-warnings
  warnings.warn(
[2022-08-08 23:17:15,375] {twitter_hook.py:36} INFO - URL: https://api.twitter.com/2/tweets/search/recent?query=Flamengo&tweet.fields=author_id,conversation_id,created_at,id,in_reply_to_user_id,public_metrics,text&expansions=author_id&user.fields=id,name,username,created_at&start_time=2022-08-04T09:00:00.00Z&end_time=2022-08-05T09:00:00.00Z&next_token=b26v89c19zqg8o3fpz5m831ae7nbhnqt7xhswvrhp08l9
[2022-08-08 23:17:15,376] {logging_mixin.py:112} WARNING - /home/amadeus/ama/airflow-pipeline-alura/datapipeline/.env/lib/python3.8/site-packages/urllib3/connectionpool.py:981: InsecureRequestWarning: Unverified HTTPS request is being made to host 'api.twitter.com'. Adding certificate verification is strongly advised. See: https://urllib3.readthedocs.io/en/latest/advanced-usage.html#ssl-warnings
  warnings.warn(
[2022-08-08 23:17:15,683] {twitter_hook.py:36} INFO - URL: https://api.twitter.com/2/tweets/search/recent?query=Flamengo&tweet.fields=author_id,conversation_id,created_at,id,in_reply_to_user_id,public_metrics,text&expansions=author_id&user.fields=id,name,username,created_at&start_time=2022-08-04T09:00:00.00Z&end_time=2022-08-05T09:00:00.00Z&next_token=b26v89c19zqg8o3fpz5m831ae783u66n32tklimlu496l
[2022-08-08 23:17:15,686] {logging_mixin.py:112} WARNING - /home/amadeus/ama/airflow-pipeline-alura/datapipeline/.env/lib/python3.8/site-packages/urllib3/connectionpool.py:981: InsecureRequestWarning: Unverified HTTPS request is being made to host 'api.twitter.com'. Adding certificate verification is strongly advised. See: https://urllib3.readthedocs.io/en/latest/advanced-usage.html#ssl-warnings
  warnings.warn(
[2022-08-08 23:17:15,940] {twitter_hook.py:36} INFO - URL: https://api.twitter.com/2/tweets/search/recent?query=Flamengo&tweet.fields=author_id,conversation_id,created_at,id,in_reply_to_user_id,public_metrics,text&expansions=author_id&user.fields=id,name,username,created_at&start_time=2022-08-04T09:00:00.00Z&end_time=2022-08-05T09:00:00.00Z&next_token=b26v89c19zqg8o3fpz5m831acqin9fqmzax0pfpyap18d
[2022-08-08 23:17:15,942] {logging_mixin.py:112} WARNING - /home/amadeus/ama/airflow-pipeline-alura/datapipeline/.env/lib/python3.8/site-packages/urllib3/connectionpool.py:981: InsecureRequestWarning: Unverified HTTPS request is being made to host 'api.twitter.com'. Adding certificate verification is strongly advised. See: https://urllib3.readthedocs.io/en/latest/advanced-usage.html#ssl-warnings
  warnings.warn(
[2022-08-08 23:17:16,195] {twitter_hook.py:36} INFO - URL: https://api.twitter.com/2/tweets/search/recent?query=Flamengo&tweet.fields=author_id,conversation_id,created_at,id,in_reply_to_user_id,public_metrics,text&expansions=author_id&user.fields=id,name,username,created_at&start_time=2022-08-04T09:00:00.00Z&end_time=2022-08-05T09:00:00.00Z&next_token=b26v89c19zqg8o3fpz5m831acq3gp4thmcp0gggmoqqgt
[2022-08-08 23:17:16,196] {logging_mixin.py:112} WARNING - /home/amadeus/ama/airflow-pipeline-alura/datapipeline/.env/lib/python3.8/site-packages/urllib3/connectionpool.py:981: InsecureRequestWarning: Unverified HTTPS request is being made to host 'api.twitter.com'. Adding certificate verification is strongly advised. See: https://urllib3.readthedocs.io/en/latest/advanced-usage.html#ssl-warnings
  warnings.warn(
[2022-08-08 23:17:16,446] {twitter_hook.py:36} INFO - URL: https://api.twitter.com/2/tweets/search/recent?query=Flamengo&tweet.fields=author_id,conversation_id,created_at,id,in_reply_to_user_id,public_metrics,text&expansions=author_id&user.fields=id,name,username,created_at&start_time=2022-08-04T09:00:00.00Z&end_time=2022-08-05T09:00:00.00Z&next_token=b26v89c19zqg8o3fpz5m831acpo0eutm95zhyi5o8qnp9
[2022-08-08 23:17:16,448] {logging_mixin.py:112} WARNING - /home/amadeus/ama/airflow-pipeline-alura/datapipeline/.env/lib/python3.8/site-packages/urllib3/connectionpool.py:981: InsecureRequestWarning: Unverified HTTPS request is being made to host 'api.twitter.com'. Adding certificate verification is strongly advised. See: https://urllib3.readthedocs.io/en/latest/advanced-usage.html#ssl-warnings
  warnings.warn(
[2022-08-08 23:17:16,809] {twitter_hook.py:36} INFO - URL: https://api.twitter.com/2/tweets/search/recent?query=Flamengo&tweet.fields=author_id,conversation_id,created_at,id,in_reply_to_user_id,public_metrics,text&expansions=author_id&user.fields=id,name,username,created_at&start_time=2022-08-04T09:00:00.00Z&end_time=2022-08-05T09:00:00.00Z&next_token=b26v89c19zqg8o3fpz5m831acp8srda80otxeohwdbvr1
[2022-08-08 23:17:16,811] {logging_mixin.py:112} WARNING - /home/amadeus/ama/airflow-pipeline-alura/datapipeline/.env/lib/python3.8/site-packages/urllib3/connectionpool.py:981: InsecureRequestWarning: Unverified HTTPS request is being made to host 'api.twitter.com'. Adding certificate verification is strongly advised. See: https://urllib3.readthedocs.io/en/latest/advanced-usage.html#ssl-warnings
  warnings.warn(
[2022-08-08 23:17:17,067] {twitter_hook.py:36} INFO - URL: https://api.twitter.com/2/tweets/search/recent?query=Flamengo&tweet.fields=author_id,conversation_id,created_at,id,in_reply_to_user_id,public_metrics,text&expansions=author_id&user.fields=id,name,username,created_at&start_time=2022-08-04T09:00:00.00Z&end_time=2022-08-05T09:00:00.00Z&next_token=b26v89c19zqg8o3fpz5m831acolls1rifnfmdirbqud8d
[2022-08-08 23:17:17,068] {logging_mixin.py:112} WARNING - /home/amadeus/ama/airflow-pipeline-alura/datapipeline/.env/lib/python3.8/site-packages/urllib3/connectionpool.py:981: InsecureRequestWarning: Unverified HTTPS request is being made to host 'api.twitter.com'. Adding certificate verification is strongly advised. See: https://urllib3.readthedocs.io/en/latest/advanced-usage.html#ssl-warnings
  warnings.warn(
[2022-08-08 23:17:17,321] {twitter_hook.py:36} INFO - URL: https://api.twitter.com/2/tweets/search/recent?query=Flamengo&tweet.fields=author_id,conversation_id,created_at,id,in_reply_to_user_id,public_metrics,text&expansions=author_id&user.fields=id,name,username,created_at&start_time=2022-08-04T09:00:00.00Z&end_time=2022-08-05T09:00:00.00Z&next_token=b26v89c19zqg8o3fpz5m831ab7wakja5rtde34gskx9j1
[2022-08-08 23:17:17,323] {logging_mixin.py:112} WARNING - /home/amadeus/ama/airflow-pipeline-alura/datapipeline/.env/lib/python3.8/site-packages/urllib3/connectionpool.py:981: InsecureRequestWarning: Unverified HTTPS request is being made to host 'api.twitter.com'. Adding certificate verification is strongly advised. See: https://urllib3.readthedocs.io/en/latest/advanced-usage.html#ssl-warnings
  warnings.warn(
[2022-08-08 23:17:17,628] {twitter_hook.py:36} INFO - URL: https://api.twitter.com/2/tweets/search/recent?query=Flamengo&tweet.fields=author_id,conversation_id,created_at,id,in_reply_to_user_id,public_metrics,text&expansions=author_id&user.fields=id,name,username,created_at&start_time=2022-08-04T09:00:00.00Z&end_time=2022-08-05T09:00:00.00Z&next_token=b26v89c19zqg8o3fpz5m831ab7oo7hx06gwxxxu7sz4al
[2022-08-08 23:17:17,628] {logging_mixin.py:112} WARNING - /home/amadeus/ama/airflow-pipeline-alura/datapipeline/.env/lib/python3.8/site-packages/urllib3/connectionpool.py:981: InsecureRequestWarning: Unverified HTTPS request is being made to host 'api.twitter.com'. Adding certificate verification is strongly advised. See: https://urllib3.readthedocs.io/en/latest/advanced-usage.html#ssl-warnings
  warnings.warn(
[2022-08-08 23:17:17,935] {twitter_hook.py:36} INFO - URL: https://api.twitter.com/2/tweets/search/recent?query=Flamengo&tweet.fields=author_id,conversation_id,created_at,id,in_reply_to_user_id,public_metrics,text&expansions=author_id&user.fields=id,name,username,created_at&start_time=2022-08-04T09:00:00.00Z&end_time=2022-08-05T09:00:00.00Z&next_token=b26v89c19zqg8o3fpz5m831ab7990k7wqnddlsydtdd31
[2022-08-08 23:17:17,936] {logging_mixin.py:112} WARNING - /home/amadeus/ama/airflow-pipeline-alura/datapipeline/.env/lib/python3.8/site-packages/urllib3/connectionpool.py:981: InsecureRequestWarning: Unverified HTTPS request is being made to host 'api.twitter.com'. Adding certificate verification is strongly advised. See: https://urllib3.readthedocs.io/en/latest/advanced-usage.html#ssl-warnings
  warnings.warn(
[2022-08-08 23:17:18,243] {twitter_hook.py:36} INFO - URL: https://api.twitter.com/2/tweets/search/recent?query=Flamengo&tweet.fields=author_id,conversation_id,created_at,id,in_reply_to_user_id,public_metrics,text&expansions=author_id&user.fields=id,name,username,created_at&start_time=2022-08-04T09:00:00.00Z&end_time=2022-08-05T09:00:00.00Z&next_token=b26v89c19zqg8o3fpz5m831ab71ib2jqktluqwwp0lcot
[2022-08-08 23:17:18,245] {logging_mixin.py:112} WARNING - /home/amadeus/ama/airflow-pipeline-alura/datapipeline/.env/lib/python3.8/site-packages/urllib3/connectionpool.py:981: InsecureRequestWarning: Unverified HTTPS request is being made to host 'api.twitter.com'. Adding certificate verification is strongly advised. See: https://urllib3.readthedocs.io/en/latest/advanced-usage.html#ssl-warnings
  warnings.warn(
[2022-08-08 23:17:18,549] {twitter_hook.py:36} INFO - URL: https://api.twitter.com/2/tweets/search/recent?query=Flamengo&tweet.fields=author_id,conversation_id,created_at,id,in_reply_to_user_id,public_metrics,text&expansions=author_id&user.fields=id,name,username,created_at&start_time=2022-08-04T09:00:00.00Z&end_time=2022-08-05T09:00:00.00Z&next_token=b26v89c19zqg8o3fpz5m831ab6eqggtfm58nda1unuu7x
[2022-08-08 23:17:18,551] {logging_mixin.py:112} WARNING - /home/amadeus/ama/airflow-pipeline-alura/datapipeline/.env/lib/python3.8/site-packages/urllib3/connectionpool.py:981: InsecureRequestWarning: Unverified HTTPS request is being made to host 'api.twitter.com'. Adding certificate verification is strongly advised. See: https://urllib3.readthedocs.io/en/latest/advanced-usage.html#ssl-warnings
  warnings.warn(
[2022-08-08 23:17:18,856] {twitter_hook.py:36} INFO - URL: https://api.twitter.com/2/tweets/search/recent?query=Flamengo&tweet.fields=author_id,conversation_id,created_at,id,in_reply_to_user_id,public_metrics,text&expansions=author_id&user.fields=id,name,username,created_at&start_time=2022-08-04T09:00:00.00Z&end_time=2022-08-05T09:00:00.00Z&next_token=b26v89c19zqg8o3fpz5m831ab5z92jhx5ym67ie886jjx
[2022-08-08 23:17:18,858] {logging_mixin.py:112} WARNING - /home/amadeus/ama/airflow-pipeline-alura/datapipeline/.env/lib/python3.8/site-packages/urllib3/connectionpool.py:981: InsecureRequestWarning: Unverified HTTPS request is being made to host 'api.twitter.com'. Adding certificate verification is strongly advised. See: https://urllib3.readthedocs.io/en/latest/advanced-usage.html#ssl-warnings
  warnings.warn(
[2022-08-08 23:17:19,165] {twitter_hook.py:36} INFO - URL: https://api.twitter.com/2/tweets/search/recent?query=Flamengo&tweet.fields=author_id,conversation_id,created_at,id,in_reply_to_user_id,public_metrics,text&expansions=author_id&user.fields=id,name,username,created_at&start_time=2022-08-04T09:00:00.00Z&end_time=2022-08-05T09:00:00.00Z&next_token=b26v89c19zqg8o3fpz5m831a9p29dqkbr0br00ufcv5a5
[2022-08-08 23:17:19,166] {logging_mixin.py:112} WARNING - /home/amadeus/ama/airflow-pipeline-alura/datapipeline/.env/lib/python3.8/site-packages/urllib3/connectionpool.py:981: InsecureRequestWarning: Unverified HTTPS request is being made to host 'api.twitter.com'. Adding certificate verification is strongly advised. See: https://urllib3.readthedocs.io/en/latest/advanced-usage.html#ssl-warnings
  warnings.warn(
[2022-08-08 23:17:19,471] {twitter_hook.py:36} INFO - URL: https://api.twitter.com/2/tweets/search/recent?query=Flamengo&tweet.fields=author_id,conversation_id,created_at,id,in_reply_to_user_id,public_metrics,text&expansions=author_id&user.fields=id,name,username,created_at&start_time=2022-08-04T09:00:00.00Z&end_time=2022-08-05T09:00:00.00Z&next_token=b26v89c19zqg8o3fpz5m831a9ouioujy4z9f69msv30jh
[2022-08-08 23:17:19,473] {logging_mixin.py:112} WARNING - /home/amadeus/ama/airflow-pipeline-alura/datapipeline/.env/lib/python3.8/site-packages/urllib3/connectionpool.py:981: InsecureRequestWarning: Unverified HTTPS request is being made to host 'api.twitter.com'. Adding certificate verification is strongly advised. See: https://urllib3.readthedocs.io/en/latest/advanced-usage.html#ssl-warnings
  warnings.warn(
[2022-08-08 23:17:19,774] {twitter_hook.py:36} INFO - URL: https://api.twitter.com/2/tweets/search/recent?query=Flamengo&tweet.fields=author_id,conversation_id,created_at,id,in_reply_to_user_id,public_metrics,text&expansions=author_id&user.fields=id,name,username,created_at&start_time=2022-08-04T09:00:00.00Z&end_time=2022-08-05T09:00:00.00Z&next_token=b26v89c19zqg8o3fpz5m831a9omt3geadfw9jol30i73x
[2022-08-08 23:17:19,775] {logging_mixin.py:112} WARNING - /home/amadeus/ama/airflow-pipeline-alura/datapipeline/.env/lib/python3.8/site-packages/urllib3/connectionpool.py:981: InsecureRequestWarning: Unverified HTTPS request is being made to host 'api.twitter.com'. Adding certificate verification is strongly advised. See: https://urllib3.readthedocs.io/en/latest/advanced-usage.html#ssl-warnings
  warnings.warn(
[2022-08-08 23:17:20,035] {twitter_hook.py:36} INFO - URL: https://api.twitter.com/2/tweets/search/recent?query=Flamengo&tweet.fields=author_id,conversation_id,created_at,id,in_reply_to_user_id,public_metrics,text&expansions=author_id&user.fields=id,name,username,created_at&start_time=2022-08-04T09:00:00.00Z&end_time=2022-08-05T09:00:00.00Z&next_token=b26v89c19zqg8o3fpz5m831a9o7h4q7qj813wd62g5y0t
[2022-08-08 23:17:20,036] {logging_mixin.py:112} WARNING - /home/amadeus/ama/airflow-pipeline-alura/datapipeline/.env/lib/python3.8/site-packages/urllib3/connectionpool.py:981: InsecureRequestWarning: Unverified HTTPS request is being made to host 'api.twitter.com'. Adding certificate verification is strongly advised. See: https://urllib3.readthedocs.io/en/latest/advanced-usage.html#ssl-warnings
  warnings.warn(
[2022-08-08 23:17:20,391] {twitter_hook.py:36} INFO - URL: https://api.twitter.com/2/tweets/search/recent?query=Flamengo&tweet.fields=author_id,conversation_id,created_at,id,in_reply_to_user_id,public_metrics,text&expansions=author_id&user.fields=id,name,username,created_at&start_time=2022-08-04T09:00:00.00Z&end_time=2022-08-05T09:00:00.00Z&next_token=b26v89c19zqg8o3fpz5m831a9nkjumr1bc3b9st8nxg8t
[2022-08-08 23:17:20,392] {logging_mixin.py:112} WARNING - /home/amadeus/ama/airflow-pipeline-alura/datapipeline/.env/lib/python3.8/site-packages/urllib3/connectionpool.py:981: InsecureRequestWarning: Unverified HTTPS request is being made to host 'api.twitter.com'. Adding certificate verification is strongly advised. See: https://urllib3.readthedocs.io/en/latest/advanced-usage.html#ssl-warnings
  warnings.warn(
[2022-08-08 23:17:20,633] {twitter_hook.py:36} INFO - URL: https://api.twitter.com/2/tweets/search/recent?query=Flamengo&tweet.fields=author_id,conversation_id,created_at,id,in_reply_to_user_id,public_metrics,text&expansions=author_id&user.fields=id,name,username,created_at&start_time=2022-08-04T09:00:00.00Z&end_time=2022-08-05T09:00:00.00Z&next_token=b26v89c19zqg8o3fpz5m831a9ncpy57eaf8h7xtnq1htp
[2022-08-08 23:17:20,634] {logging_mixin.py:112} WARNING - /home/amadeus/ama/airflow-pipeline-alura/datapipeline/.env/lib/python3.8/site-packages/urllib3/connectionpool.py:981: InsecureRequestWarning: Unverified HTTPS request is being made to host 'api.twitter.com'. Adding certificate verification is strongly advised. See: https://urllib3.readthedocs.io/en/latest/advanced-usage.html#ssl-warnings
  warnings.warn(
[2022-08-08 23:17:20,899] {twitter_hook.py:36} INFO - URL: https://api.twitter.com/2/tweets/search/recent?query=Flamengo&tweet.fields=author_id,conversation_id,created_at,id,in_reply_to_user_id,public_metrics,text&expansions=author_id&user.fields=id,name,username,created_at&start_time=2022-08-04T09:00:00.00Z&end_time=2022-08-05T09:00:00.00Z&next_token=b26v89c19zqg8o3fpz5m831a86fzyv4xeiedznoul95dp
[2022-08-08 23:17:20,901] {logging_mixin.py:112} WARNING - /home/amadeus/ama/airflow-pipeline-alura/datapipeline/.env/lib/python3.8/site-packages/urllib3/connectionpool.py:981: InsecureRequestWarning: Unverified HTTPS request is being made to host 'api.twitter.com'. Adding certificate verification is strongly advised. See: https://urllib3.readthedocs.io/en/latest/advanced-usage.html#ssl-warnings
  warnings.warn(
[2022-08-08 23:17:21,210] {twitter_hook.py:36} INFO - URL: https://api.twitter.com/2/tweets/search/recent?query=Flamengo&tweet.fields=author_id,conversation_id,created_at,id,in_reply_to_user_id,public_metrics,text&expansions=author_id&user.fields=id,name,username,created_at&start_time=2022-08-04T09:00:00.00Z&end_time=2022-08-05T09:00:00.00Z&next_token=b26v89c19zqg8o3fpz5m831a8682rw8q7put433a0xi7x
[2022-08-08 23:17:21,210] {logging_mixin.py:112} WARNING - /home/amadeus/ama/airflow-pipeline-alura/datapipeline/.env/lib/python3.8/site-packages/urllib3/connectionpool.py:981: InsecureRequestWarning: Unverified HTTPS request is being made to host 'api.twitter.com'. Adding certificate verification is strongly advised. See: https://urllib3.readthedocs.io/en/latest/advanced-usage.html#ssl-warnings
  warnings.warn(
[2022-08-08 23:17:21,453] {twitter_hook.py:36} INFO - URL: https://api.twitter.com/2/tweets/search/recent?query=Flamengo&tweet.fields=author_id,conversation_id,created_at,id,in_reply_to_user_id,public_metrics,text&expansions=author_id&user.fields=id,name,username,created_at&start_time=2022-08-04T09:00:00.00Z&end_time=2022-08-05T09:00:00.00Z&next_token=b26v89c19zqg8o3fpz5m831a85l6migr2aq41o7h9cxod
[2022-08-08 23:17:21,454] {logging_mixin.py:112} WARNING - /home/amadeus/ama/airflow-pipeline-alura/datapipeline/.env/lib/python3.8/site-packages/urllib3/connectionpool.py:981: InsecureRequestWarning: Unverified HTTPS request is being made to host 'api.twitter.com'. Adding certificate verification is strongly advised. See: https://urllib3.readthedocs.io/en/latest/advanced-usage.html#ssl-warnings
  warnings.warn(
[2022-08-08 23:17:21,721] {twitter_hook.py:36} INFO - URL: https://api.twitter.com/2/tweets/search/recent?query=Flamengo&tweet.fields=author_id,conversation_id,created_at,id,in_reply_to_user_id,public_metrics,text&expansions=author_id&user.fields=id,name,username,created_at&start_time=2022-08-04T09:00:00.00Z&end_time=2022-08-05T09:00:00.00Z&next_token=b26v89c19zqg8o3fpz5m831a855vpamcsra9bfr69pnct
[2022-08-08 23:17:21,722] {logging_mixin.py:112} WARNING - /home/amadeus/ama/airflow-pipeline-alura/datapipeline/.env/lib/python3.8/site-packages/urllib3/connectionpool.py:981: InsecureRequestWarning: Unverified HTTPS request is being made to host 'api.twitter.com'. Adding certificate verification is strongly advised. See: https://urllib3.readthedocs.io/en/latest/advanced-usage.html#ssl-warnings
  warnings.warn(
[2022-08-08 23:17:21,982] {twitter_hook.py:36} INFO - URL: https://api.twitter.com/2/tweets/search/recent?query=Flamengo&tweet.fields=author_id,conversation_id,created_at,id,in_reply_to_user_id,public_metrics,text&expansions=author_id&user.fields=id,name,username,created_at&start_time=2022-08-04T09:00:00.00Z&end_time=2022-08-05T09:00:00.00Z&next_token=b26v89c19zqg8o3fpz5m831a6o19nwq7cckaqo8loihdp
[2022-08-08 23:17:21,984] {logging_mixin.py:112} WARNING - /home/amadeus/ama/airflow-pipeline-alura/datapipeline/.env/lib/python3.8/site-packages/urllib3/connectionpool.py:981: InsecureRequestWarning: Unverified HTTPS request is being made to host 'api.twitter.com'. Adding certificate verification is strongly advised. See: https://urllib3.readthedocs.io/en/latest/advanced-usage.html#ssl-warnings
  warnings.warn(
[2022-08-08 23:17:22,233] {twitter_hook.py:36} INFO - URL: https://api.twitter.com/2/tweets/search/recent?query=Flamengo&tweet.fields=author_id,conversation_id,created_at,id,in_reply_to_user_id,public_metrics,text&expansions=author_id&user.fields=id,name,username,created_at&start_time=2022-08-04T09:00:00.00Z&end_time=2022-08-05T09:00:00.00Z&next_token=b26v89c19zqg8o3fpz5m831a6nltcvhtxhchzh8yggbjx
[2022-08-08 23:17:22,234] {logging_mixin.py:112} WARNING - /home/amadeus/ama/airflow-pipeline-alura/datapipeline/.env/lib/python3.8/site-packages/urllib3/connectionpool.py:981: InsecureRequestWarning: Unverified HTTPS request is being made to host 'api.twitter.com'. Adding certificate verification is strongly advised. See: https://urllib3.readthedocs.io/en/latest/advanced-usage.html#ssl-warnings
  warnings.warn(
[2022-08-08 23:17:22,485] {twitter_hook.py:36} INFO - URL: https://api.twitter.com/2/tweets/search/recent?query=Flamengo&tweet.fields=author_id,conversation_id,created_at,id,in_reply_to_user_id,public_metrics,text&expansions=author_id&user.fields=id,name,username,created_at&start_time=2022-08-04T09:00:00.00Z&end_time=2022-08-05T09:00:00.00Z&next_token=b26v89c19zqg8o3fpz5m831a6n6ig9lylm3i4pig1jm9p
[2022-08-08 23:17:22,486] {logging_mixin.py:112} WARNING - /home/amadeus/ama/airflow-pipeline-alura/datapipeline/.env/lib/python3.8/site-packages/urllib3/connectionpool.py:981: InsecureRequestWarning: Unverified HTTPS request is being made to host 'api.twitter.com'. Adding certificate verification is strongly advised. See: https://urllib3.readthedocs.io/en/latest/advanced-usage.html#ssl-warnings
  warnings.warn(
[2022-08-08 23:17:22,847] {twitter_hook.py:36} INFO - URL: https://api.twitter.com/2/tweets/search/recent?query=Flamengo&tweet.fields=author_id,conversation_id,created_at,id,in_reply_to_user_id,public_metrics,text&expansions=author_id&user.fields=id,name,username,created_at&start_time=2022-08-04T09:00:00.00Z&end_time=2022-08-05T09:00:00.00Z&next_token=b26v89c19zqg8o3fpz5m831a6mqyxs8wvu5uzi1c6iid9
[2022-08-08 23:17:22,848] {logging_mixin.py:112} WARNING - /home/amadeus/ama/airflow-pipeline-alura/datapipeline/.env/lib/python3.8/site-packages/urllib3/connectionpool.py:981: InsecureRequestWarning: Unverified HTTPS request is being made to host 'api.twitter.com'. Adding certificate verification is strongly advised. See: https://urllib3.readthedocs.io/en/latest/advanced-usage.html#ssl-warnings
  warnings.warn(
[2022-08-08 23:17:23,111] {twitter_hook.py:36} INFO - URL: https://api.twitter.com/2/tweets/search/recent?query=Flamengo&tweet.fields=author_id,conversation_id,created_at,id,in_reply_to_user_id,public_metrics,text&expansions=author_id&user.fields=id,name,username,created_at&start_time=2022-08-04T09:00:00.00Z&end_time=2022-08-05T09:00:00.00Z&next_token=b26v89c19zqg8o3fpz5m831a6m3v6iu6nofdig9fm4gvx
[2022-08-08 23:17:23,112] {logging_mixin.py:112} WARNING - /home/amadeus/ama/airflow-pipeline-alura/datapipeline/.env/lib/python3.8/site-packages/urllib3/connectionpool.py:981: InsecureRequestWarning: Unverified HTTPS request is being made to host 'api.twitter.com'. Adding certificate verification is strongly advised. See: https://urllib3.readthedocs.io/en/latest/advanced-usage.html#ssl-warnings
  warnings.warn(
[2022-08-08 23:17:23,350] {twitter_hook.py:36} INFO - URL: https://api.twitter.com/2/tweets/search/recent?query=Flamengo&tweet.fields=author_id,conversation_id,created_at,id,in_reply_to_user_id,public_metrics,text&expansions=author_id&user.fields=id,name,username,created_at&start_time=2022-08-04T09:00:00.00Z&end_time=2022-08-05T09:00:00.00Z&next_token=b26v89c19zqg8o3fpz5m831a54jw2aucr6e4v9r67z5a5
[2022-08-08 23:17:23,352] {logging_mixin.py:112} WARNING - /home/amadeus/ama/airflow-pipeline-alura/datapipeline/.env/lib/python3.8/site-packages/urllib3/connectionpool.py:981: InsecureRequestWarning: Unverified HTTPS request is being made to host 'api.twitter.com'. Adding certificate verification is strongly advised. See: https://urllib3.readthedocs.io/en/latest/advanced-usage.html#ssl-warnings
  warnings.warn(
[2022-08-08 23:17:23,666] {twitter_hook.py:36} INFO - URL: https://api.twitter.com/2/tweets/search/recent?query=Flamengo&tweet.fields=author_id,conversation_id,created_at,id,in_reply_to_user_id,public_metrics,text&expansions=author_id&user.fields=id,name,username,created_at&start_time=2022-08-04T09:00:00.00Z&end_time=2022-08-05T09:00:00.00Z&next_token=b26v89c19zqg8o3fpz5m831a544k2i28822l7lk6ksinx
[2022-08-08 23:17:23,666] {logging_mixin.py:112} WARNING - /home/amadeus/ama/airflow-pipeline-alura/datapipeline/.env/lib/python3.8/site-packages/urllib3/connectionpool.py:981: InsecureRequestWarning: Unverified HTTPS request is being made to host 'api.twitter.com'. Adding certificate verification is strongly advised. See: https://urllib3.readthedocs.io/en/latest/advanced-usage.html#ssl-warnings
  warnings.warn(
[2022-08-08 23:17:23,921] {twitter_hook.py:36} INFO - URL: https://api.twitter.com/2/tweets/search/recent?query=Flamengo&tweet.fields=author_id,conversation_id,created_at,id,in_reply_to_user_id,public_metrics,text&expansions=author_id&user.fields=id,name,username,created_at&start_time=2022-08-04T09:00:00.00Z&end_time=2022-08-05T09:00:00.00Z&next_token=b26v89c19zqg8o3fpz5m831a53hknp67icostrzn9jhq5
[2022-08-08 23:17:23,922] {logging_mixin.py:112} WARNING - /home/amadeus/ama/airflow-pipeline-alura/datapipeline/.env/lib/python3.8/site-packages/urllib3/connectionpool.py:981: InsecureRequestWarning: Unverified HTTPS request is being made to host 'api.twitter.com'. Adding certificate verification is strongly advised. See: https://urllib3.readthedocs.io/en/latest/advanced-usage.html#ssl-warnings
  warnings.warn(
[2022-08-08 23:17:24,284] {twitter_hook.py:36} INFO - URL: https://api.twitter.com/2/tweets/search/recent?query=Flamengo&tweet.fields=author_id,conversation_id,created_at,id,in_reply_to_user_id,public_metrics,text&expansions=author_id&user.fields=id,name,username,created_at&start_time=2022-08-04T09:00:00.00Z&end_time=2022-08-05T09:00:00.00Z&next_token=b26v89c19zqg8o3fpz5m831a3mcwfmj1a17e7kwe0pmkd
[2022-08-08 23:17:24,286] {logging_mixin.py:112} WARNING - /home/amadeus/ama/airflow-pipeline-alura/datapipeline/.env/lib/python3.8/site-packages/urllib3/connectionpool.py:981: InsecureRequestWarning: Unverified HTTPS request is being made to host 'api.twitter.com'. Adding certificate verification is strongly advised. See: https://urllib3.readthedocs.io/en/latest/advanced-usage.html#ssl-warnings
  warnings.warn(
[2022-08-08 23:17:24,591] {twitter_hook.py:36} INFO - URL: https://api.twitter.com/2/tweets/search/recent?query=Flamengo&tweet.fields=author_id,conversation_id,created_at,id,in_reply_to_user_id,public_metrics,text&expansions=author_id&user.fields=id,name,username,created_at&start_time=2022-08-04T09:00:00.00Z&end_time=2022-08-05T09:00:00.00Z&next_token=b26v89c19zqg8o3fpz5m831a3lpvxh8d4y222vcui5u9p
[2022-08-08 23:17:24,594] {logging_mixin.py:112} WARNING - /home/amadeus/ama/airflow-pipeline-alura/datapipeline/.env/lib/python3.8/site-packages/urllib3/connectionpool.py:981: InsecureRequestWarning: Unverified HTTPS request is being made to host 'api.twitter.com'. Adding certificate verification is strongly advised. See: https://urllib3.readthedocs.io/en/latest/advanced-usage.html#ssl-warnings
  warnings.warn(
[2022-08-08 23:17:24,901] {twitter_hook.py:36} INFO - URL: https://api.twitter.com/2/tweets/search/recent?query=Flamengo&tweet.fields=author_id,conversation_id,created_at,id,in_reply_to_user_id,public_metrics,text&expansions=author_id&user.fields=id,name,username,created_at&start_time=2022-08-04T09:00:00.00Z&end_time=2022-08-05T09:00:00.00Z&next_token=b26v89c19zqg8o3fpz5m831a3lagqour3g05ni7o2ympp
[2022-08-08 23:17:24,902] {logging_mixin.py:112} WARNING - /home/amadeus/ama/airflow-pipeline-alura/datapipeline/.env/lib/python3.8/site-packages/urllib3/connectionpool.py:981: InsecureRequestWarning: Unverified HTTPS request is being made to host 'api.twitter.com'. Adding certificate verification is strongly advised. See: https://urllib3.readthedocs.io/en/latest/advanced-usage.html#ssl-warnings
  warnings.warn(
[2022-08-08 23:17:25,208] {twitter_hook.py:36} INFO - URL: https://api.twitter.com/2/tweets/search/recent?query=Flamengo&tweet.fields=author_id,conversation_id,created_at,id,in_reply_to_user_id,public_metrics,text&expansions=author_id&user.fields=id,name,username,created_at&start_time=2022-08-04T09:00:00.00Z&end_time=2022-08-05T09:00:00.00Z&next_token=b26v89c19zqg8o3fpz5m830zov0g4tt41b3pg061fysn1
[2022-08-08 23:17:25,211] {logging_mixin.py:112} WARNING - /home/amadeus/ama/airflow-pipeline-alura/datapipeline/.env/lib/python3.8/site-packages/urllib3/connectionpool.py:981: InsecureRequestWarning: Unverified HTTPS request is being made to host 'api.twitter.com'. Adding certificate verification is strongly advised. See: https://urllib3.readthedocs.io/en/latest/advanced-usage.html#ssl-warnings
  warnings.warn(
[2022-08-08 23:17:25,509] {twitter_hook.py:36} INFO - URL: https://api.twitter.com/2/tweets/search/recent?query=Flamengo&tweet.fields=author_id,conversation_id,created_at,id,in_reply_to_user_id,public_metrics,text&expansions=author_id&user.fields=id,name,username,created_at&start_time=2022-08-04T09:00:00.00Z&end_time=2022-08-05T09:00:00.00Z&next_token=b26v89c19zqg8o3fpz5m830zou5vf9mz9y17tsevi5t31
[2022-08-08 23:17:25,509] {logging_mixin.py:112} WARNING - /home/amadeus/ama/airflow-pipeline-alura/datapipeline/.env/lib/python3.8/site-packages/urllib3/connectionpool.py:981: InsecureRequestWarning: Unverified HTTPS request is being made to host 'api.twitter.com'. Adding certificate verification is strongly advised. See: https://urllib3.readthedocs.io/en/latest/advanced-usage.html#ssl-warnings
  warnings.warn(
[2022-08-08 23:17:25,757] {twitter_hook.py:36} INFO - URL: https://api.twitter.com/2/tweets/search/recent?query=Flamengo&tweet.fields=author_id,conversation_id,created_at,id,in_reply_to_user_id,public_metrics,text&expansions=author_id&user.fields=id,name,username,created_at&start_time=2022-08-04T09:00:00.00Z&end_time=2022-08-05T09:00:00.00Z&next_token=b26v89c19zqg8o3fpz5m830zotiuxvifqyeb79x8cecfx
[2022-08-08 23:17:25,758] {logging_mixin.py:112} WARNING - /home/amadeus/ama/airflow-pipeline-alura/datapipeline/.env/lib/python3.8/site-packages/urllib3/connectionpool.py:981: InsecureRequestWarning: Unverified HTTPS request is being made to host 'api.twitter.com'. Adding certificate verification is strongly advised. See: https://urllib3.readthedocs.io/en/latest/advanced-usage.html#ssl-warnings
  warnings.warn(
[2022-08-08 23:17:26,124] {twitter_hook.py:36} INFO - URL: https://api.twitter.com/2/tweets/search/recent?query=Flamengo&tweet.fields=author_id,conversation_id,created_at,id,in_reply_to_user_id,public_metrics,text&expansions=author_id&user.fields=id,name,username,created_at&start_time=2022-08-04T09:00:00.00Z&end_time=2022-08-05T09:00:00.00Z&next_token=b26v89c19zqg8o3fpz5m830znce8v4g1uyigw1vd3je65
[2022-08-08 23:17:26,125] {logging_mixin.py:112} WARNING - /home/amadeus/ama/airflow-pipeline-alura/datapipeline/.env/lib/python3.8/site-packages/urllib3/connectionpool.py:981: InsecureRequestWarning: Unverified HTTPS request is being made to host 'api.twitter.com'. Adding certificate verification is strongly advised. See: https://urllib3.readthedocs.io/en/latest/advanced-usage.html#ssl-warnings
  warnings.warn(
[2022-08-08 23:17:26,370] {twitter_hook.py:36} INFO - URL: https://api.twitter.com/2/tweets/search/recent?query=Flamengo&tweet.fields=author_id,conversation_id,created_at,id,in_reply_to_user_id,public_metrics,text&expansions=author_id&user.fields=id,name,username,created_at&start_time=2022-08-04T09:00:00.00Z&end_time=2022-08-05T09:00:00.00Z&next_token=b26v89c19zqg8o3fpz5m830znbyqe09ufx7plju61l8ql
[2022-08-08 23:17:26,372] {logging_mixin.py:112} WARNING - /home/amadeus/ama/airflow-pipeline-alura/datapipeline/.env/lib/python3.8/site-packages/urllib3/connectionpool.py:981: InsecureRequestWarning: Unverified HTTPS request is being made to host 'api.twitter.com'. Adding certificate verification is strongly advised. See: https://urllib3.readthedocs.io/en/latest/advanced-usage.html#ssl-warnings
  warnings.warn(
[2022-08-08 23:17:26,639] {twitter_hook.py:36} INFO - URL: https://api.twitter.com/2/tweets/search/recent?query=Flamengo&tweet.fields=author_id,conversation_id,created_at,id,in_reply_to_user_id,public_metrics,text&expansions=author_id&user.fields=id,name,username,created_at&start_time=2022-08-04T09:00:00.00Z&end_time=2022-08-05T09:00:00.00Z&next_token=b26v89c19zqg8o3fpz5m830znbbmni54rfm6kb98aeq2l
[2022-08-08 23:17:26,641] {logging_mixin.py:112} WARNING - /home/amadeus/ama/airflow-pipeline-alura/datapipeline/.env/lib/python3.8/site-packages/urllib3/connectionpool.py:981: InsecureRequestWarning: Unverified HTTPS request is being made to host 'api.twitter.com'. Adding certificate verification is strongly advised. See: https://urllib3.readthedocs.io/en/latest/advanced-usage.html#ssl-warnings
  warnings.warn(
[2022-08-08 23:17:26,947] {twitter_hook.py:36} INFO - URL: https://api.twitter.com/2/tweets/search/recent?query=Flamengo&tweet.fields=author_id,conversation_id,created_at,id,in_reply_to_user_id,public_metrics,text&expansions=author_id&user.fields=id,name,username,created_at&start_time=2022-08-04T09:00:00.00Z&end_time=2022-08-05T09:00:00.00Z&next_token=b26v89c19zqg8o3fpz5m830znaguesq9l74dok5av9ugt
[2022-08-08 23:17:26,947] {logging_mixin.py:112} WARNING - /home/amadeus/ama/airflow-pipeline-alura/datapipeline/.env/lib/python3.8/site-packages/urllib3/connectionpool.py:981: InsecureRequestWarning: Unverified HTTPS request is being made to host 'api.twitter.com'. Adding certificate verification is strongly advised. See: https://urllib3.readthedocs.io/en/latest/advanced-usage.html#ssl-warnings
  warnings.warn(
[2022-08-08 23:17:27,253] {twitter_hook.py:36} INFO - URL: https://api.twitter.com/2/tweets/search/recent?query=Flamengo&tweet.fields=author_id,conversation_id,created_at,id,in_reply_to_user_id,public_metrics,text&expansions=author_id&user.fields=id,name,username,created_at&start_time=2022-08-04T09:00:00.00Z&end_time=2022-08-05T09:00:00.00Z&next_token=b26v89c19zqg8o3fpz5m830zltk15sfufnyp1ca9ck29p
[2022-08-08 23:17:27,255] {logging_mixin.py:112} WARNING - /home/amadeus/ama/airflow-pipeline-alura/datapipeline/.env/lib/python3.8/site-packages/urllib3/connectionpool.py:981: InsecureRequestWarning: Unverified HTTPS request is being made to host 'api.twitter.com'. Adding certificate verification is strongly advised. See: https://urllib3.readthedocs.io/en/latest/advanced-usage.html#ssl-warnings
  warnings.warn(
[2022-08-08 23:17:27,559] {twitter_hook.py:36} INFO - URL: https://api.twitter.com/2/tweets/search/recent?query=Flamengo&tweet.fields=author_id,conversation_id,created_at,id,in_reply_to_user_id,public_metrics,text&expansions=author_id&user.fields=id,name,username,created_at&start_time=2022-08-04T09:00:00.00Z&end_time=2022-08-05T09:00:00.00Z&next_token=b26v89c19zqg8o3fpz5m830zlt4n0ocxcd1kgi2v1l7jx
[2022-08-08 23:17:27,560] {logging_mixin.py:112} WARNING - /home/amadeus/ama/airflow-pipeline-alura/datapipeline/.env/lib/python3.8/site-packages/urllib3/connectionpool.py:981: InsecureRequestWarning: Unverified HTTPS request is being made to host 'api.twitter.com'. Adding certificate verification is strongly advised. See: https://urllib3.readthedocs.io/en/latest/advanced-usage.html#ssl-warnings
  warnings.warn(
[2022-08-08 23:17:27,869] {twitter_hook.py:36} INFO - URL: https://api.twitter.com/2/tweets/search/recent?query=Flamengo&tweet.fields=author_id,conversation_id,created_at,id,in_reply_to_user_id,public_metrics,text&expansions=author_id&user.fields=id,name,username,created_at&start_time=2022-08-04T09:00:00.00Z&end_time=2022-08-05T09:00:00.00Z&next_token=b26v89c19zqg8o3fpz5m830zlshmjwa0kikqx0ggs0i9p
[2022-08-08 23:17:27,871] {logging_mixin.py:112} WARNING - /home/amadeus/ama/airflow-pipeline-alura/datapipeline/.env/lib/python3.8/site-packages/urllib3/connectionpool.py:981: InsecureRequestWarning: Unverified HTTPS request is being made to host 'api.twitter.com'. Adding certificate verification is strongly advised. See: https://urllib3.readthedocs.io/en/latest/advanced-usage.html#ssl-warnings
  warnings.warn(
[2022-08-08 23:17:28,106] {twitter_hook.py:36} INFO - URL: https://api.twitter.com/2/tweets/search/recent?query=Flamengo&tweet.fields=author_id,conversation_id,created_at,id,in_reply_to_user_id,public_metrics,text&expansions=author_id&user.fields=id,name,username,created_at&start_time=2022-08-04T09:00:00.00Z&end_time=2022-08-05T09:00:00.00Z&next_token=b26v89c19zqg8o3fpz5m830zls9toxk7b67czfdrgr3i5
[2022-08-08 23:17:28,107] {logging_mixin.py:112} WARNING - /home/amadeus/ama/airflow-pipeline-alura/datapipeline/.env/lib/python3.8/site-packages/urllib3/connectionpool.py:981: InsecureRequestWarning: Unverified HTTPS request is being made to host 'api.twitter.com'. Adding certificate verification is strongly advised. See: https://urllib3.readthedocs.io/en/latest/advanced-usage.html#ssl-warnings
  warnings.warn(
[2022-08-08 23:17:28,381] {twitter_hook.py:36} INFO - URL: https://api.twitter.com/2/tweets/search/recent?query=Flamengo&tweet.fields=author_id,conversation_id,created_at,id,in_reply_to_user_id,public_metrics,text&expansions=author_id&user.fields=id,name,username,created_at&start_time=2022-08-04T09:00:00.00Z&end_time=2022-08-05T09:00:00.00Z&next_token=b26v89c19zqg8o3fpz5m830zkb56jqvknwwlyf1qva5q5
[2022-08-08 23:17:28,383] {logging_mixin.py:112} WARNING - /home/amadeus/ama/airflow-pipeline-alura/datapipeline/.env/lib/python3.8/site-packages/urllib3/connectionpool.py:981: InsecureRequestWarning: Unverified HTTPS request is being made to host 'api.twitter.com'. Adding certificate verification is strongly advised. See: https://urllib3.readthedocs.io/en/latest/advanced-usage.html#ssl-warnings
  warnings.warn(
[2022-08-08 23:17:28,688] {twitter_hook.py:36} INFO - URL: https://api.twitter.com/2/tweets/search/recent?query=Flamengo&tweet.fields=author_id,conversation_id,created_at,id,in_reply_to_user_id,public_metrics,text&expansions=author_id&user.fields=id,name,username,created_at&start_time=2022-08-04T09:00:00.00Z&end_time=2022-08-05T09:00:00.00Z&next_token=b26v89c19zqg8o3fpz5m830zkaq24az9a6lmkw1z5nb7h
[2022-08-08 23:17:28,689] {logging_mixin.py:112} WARNING - /home/amadeus/ama/airflow-pipeline-alura/datapipeline/.env/lib/python3.8/site-packages/urllib3/connectionpool.py:981: InsecureRequestWarning: Unverified HTTPS request is being made to host 'api.twitter.com'. Adding certificate verification is strongly advised. See: https://urllib3.readthedocs.io/en/latest/advanced-usage.html#ssl-warnings
  warnings.warn(
[2022-08-08 23:17:28,951] {twitter_hook.py:36} INFO - URL: https://api.twitter.com/2/tweets/search/recent?query=Flamengo&tweet.fields=author_id,conversation_id,created_at,id,in_reply_to_user_id,public_metrics,text&expansions=author_id&user.fields=id,name,username,created_at&start_time=2022-08-04T09:00:00.00Z&end_time=2022-08-05T09:00:00.00Z&next_token=b26v89c19zqg8o3fpz5m830zkaap3ary2vxotdx6l5e9p
[2022-08-08 23:17:28,953] {logging_mixin.py:112} WARNING - /home/amadeus/ama/airflow-pipeline-alura/datapipeline/.env/lib/python3.8/site-packages/urllib3/connectionpool.py:981: InsecureRequestWarning: Unverified HTTPS request is being made to host 'api.twitter.com'. Adding certificate verification is strongly advised. See: https://urllib3.readthedocs.io/en/latest/advanced-usage.html#ssl-warnings
  warnings.warn(
[2022-08-08 23:17:29,207] {twitter_hook.py:36} INFO - URL: https://api.twitter.com/2/tweets/search/recent?query=Flamengo&tweet.fields=author_id,conversation_id,created_at,id,in_reply_to_user_id,public_metrics,text&expansions=author_id&user.fields=id,name,username,created_at&start_time=2022-08-04T09:00:00.00Z&end_time=2022-08-05T09:00:00.00Z&next_token=b26v89c19zqg8o3fpz5m830zka2u23v4cymf4ejcg82v1
[2022-08-08 23:17:29,209] {logging_mixin.py:112} WARNING - /home/amadeus/ama/airflow-pipeline-alura/datapipeline/.env/lib/python3.8/site-packages/urllib3/connectionpool.py:981: InsecureRequestWarning: Unverified HTTPS request is being made to host 'api.twitter.com'. Adding certificate verification is strongly advised. See: https://urllib3.readthedocs.io/en/latest/advanced-usage.html#ssl-warnings
  warnings.warn(
[2022-08-08 23:17:29,471] {twitter_hook.py:36} INFO - URL: https://api.twitter.com/2/tweets/search/recent?query=Flamengo&tweet.fields=author_id,conversation_id,created_at,id,in_reply_to_user_id,public_metrics,text&expansions=author_id&user.fields=id,name,username,created_at&start_time=2022-08-04T09:00:00.00Z&end_time=2022-08-05T09:00:00.00Z&next_token=b26v89c19zqg8o3fpz5m830zk9nh18t4jjiykqec1u7wd
[2022-08-08 23:17:29,473] {logging_mixin.py:112} WARNING - /home/amadeus/ama/airflow-pipeline-alura/datapipeline/.env/lib/python3.8/site-packages/urllib3/connectionpool.py:981: InsecureRequestWarning: Unverified HTTPS request is being made to host 'api.twitter.com'. Adding certificate verification is strongly advised. See: https://urllib3.readthedocs.io/en/latest/advanced-usage.html#ssl-warnings
  warnings.warn(
[2022-08-08 23:17:29,722] {twitter_hook.py:36} INFO - URL: https://api.twitter.com/2/tweets/search/recent?query=Flamengo&tweet.fields=author_id,conversation_id,created_at,id,in_reply_to_user_id,public_metrics,text&expansions=author_id&user.fields=id,name,username,created_at&start_time=2022-08-04T09:00:00.00Z&end_time=2022-08-05T09:00:00.00Z&next_token=b26v89c19zqg8o3fpz5m830zk9fp89a6wr2pus8p89cal
[2022-08-08 23:17:29,724] {logging_mixin.py:112} WARNING - /home/amadeus/ama/airflow-pipeline-alura/datapipeline/.env/lib/python3.8/site-packages/urllib3/connectionpool.py:981: InsecureRequestWarning: Unverified HTTPS request is being made to host 'api.twitter.com'. Adding certificate verification is strongly advised. See: https://urllib3.readthedocs.io/en/latest/advanced-usage.html#ssl-warnings
  warnings.warn(
[2022-08-08 23:17:29,979] {twitter_hook.py:36} INFO - URL: https://api.twitter.com/2/tweets/search/recent?query=Flamengo&tweet.fields=author_id,conversation_id,created_at,id,in_reply_to_user_id,public_metrics,text&expansions=author_id&user.fields=id,name,username,created_at&start_time=2022-08-04T09:00:00.00Z&end_time=2022-08-05T09:00:00.00Z&next_token=b26v89c19zqg8o3fpz5m830zis3m7i77lh22jv6kmen3x
[2022-08-08 23:17:29,981] {logging_mixin.py:112} WARNING - /home/amadeus/ama/airflow-pipeline-alura/datapipeline/.env/lib/python3.8/site-packages/urllib3/connectionpool.py:981: InsecureRequestWarning: Unverified HTTPS request is being made to host 'api.twitter.com'. Adding certificate verification is strongly advised. See: https://urllib3.readthedocs.io/en/latest/advanced-usage.html#ssl-warnings
  warnings.warn(
[2022-08-08 23:17:30,254] {twitter_hook.py:36} INFO - URL: https://api.twitter.com/2/tweets/search/recent?query=Flamengo&tweet.fields=author_id,conversation_id,created_at,id,in_reply_to_user_id,public_metrics,text&expansions=author_id&user.fields=id,name,username,created_at&start_time=2022-08-04T09:00:00.00Z&end_time=2022-08-05T09:00:00.00Z&next_token=b26v89c19zqg8o3fpz5m830ziro3qozgxjzdvu9ymizr1
[2022-08-08 23:17:30,256] {logging_mixin.py:112} WARNING - /home/amadeus/ama/airflow-pipeline-alura/datapipeline/.env/lib/python3.8/site-packages/urllib3/connectionpool.py:981: InsecureRequestWarning: Unverified HTTPS request is being made to host 'api.twitter.com'. Adding certificate verification is strongly advised. See: https://urllib3.readthedocs.io/en/latest/advanced-usage.html#ssl-warnings
  warnings.warn(
[2022-08-08 23:17:30,502] {twitter_hook.py:36} INFO - URL: https://api.twitter.com/2/tweets/search/recent?query=Flamengo&tweet.fields=author_id,conversation_id,created_at,id,in_reply_to_user_id,public_metrics,text&expansions=author_id&user.fields=id,name,username,created_at&start_time=2022-08-04T09:00:00.00Z&end_time=2022-08-05T09:00:00.00Z&next_token=b26v89c19zqg8o3fpz5m830zir8rt11f9kmxljx0r4ry5
[2022-08-08 23:17:30,504] {logging_mixin.py:112} WARNING - /home/amadeus/ama/airflow-pipeline-alura/datapipeline/.env/lib/python3.8/site-packages/urllib3/connectionpool.py:981: InsecureRequestWarning: Unverified HTTPS request is being made to host 'api.twitter.com'. Adding certificate verification is strongly advised. See: https://urllib3.readthedocs.io/en/latest/advanced-usage.html#ssl-warnings
  warnings.warn(
[2022-08-08 23:17:30,838] {twitter_hook.py:36} INFO - URL: https://api.twitter.com/2/tweets/search/recent?query=Flamengo&tweet.fields=author_id,conversation_id,created_at,id,in_reply_to_user_id,public_metrics,text&expansions=author_id&user.fields=id,name,username,created_at&start_time=2022-08-04T09:00:00.00Z&end_time=2022-08-05T09:00:00.00Z&next_token=b26v89c19zqg8o3fpz5m830ziqltgt026nv7mfodbja0t
[2022-08-08 23:17:30,839] {logging_mixin.py:112} WARNING - /home/amadeus/ama/airflow-pipeline-alura/datapipeline/.env/lib/python3.8/site-packages/urllib3/connectionpool.py:981: InsecureRequestWarning: Unverified HTTPS request is being made to host 'api.twitter.com'. Adding certificate verification is strongly advised. See: https://urllib3.readthedocs.io/en/latest/advanced-usage.html#ssl-warnings
  warnings.warn(
[2022-08-08 23:17:31,141] {twitter_hook.py:36} INFO - URL: https://api.twitter.com/2/tweets/search/recent?query=Flamengo&tweet.fields=author_id,conversation_id,created_at,id,in_reply_to_user_id,public_metrics,text&expansions=author_id&user.fields=id,name,username,created_at&start_time=2022-08-04T09:00:00.00Z&end_time=2022-08-05T09:00:00.00Z&next_token=b26v89c19zqg8o3fpz5m830zh9wf0h3xi5u1kjebmknlp
[2022-08-08 23:17:31,141] {logging_mixin.py:112} WARNING - /home/amadeus/ama/airflow-pipeline-alura/datapipeline/.env/lib/python3.8/site-packages/urllib3/connectionpool.py:981: InsecureRequestWarning: Unverified HTTPS request is being made to host 'api.twitter.com'. Adding certificate verification is strongly advised. See: https://urllib3.readthedocs.io/en/latest/advanced-usage.html#ssl-warnings
  warnings.warn(
[2022-08-08 23:17:31,424] {twitter_hook.py:36} INFO - URL: https://api.twitter.com/2/tweets/search/recent?query=Flamengo&tweet.fields=author_id,conversation_id,created_at,id,in_reply_to_user_id,public_metrics,text&expansions=author_id&user.fields=id,name,username,created_at&start_time=2022-08-04T09:00:00.00Z&end_time=2022-08-05T09:00:00.00Z&next_token=b26v89c19zqg8o3fpz5m830zh9h589ybdc833tt8sitml
[2022-08-08 23:17:31,424] {logging_mixin.py:112} WARNING - /home/amadeus/ama/airflow-pipeline-alura/datapipeline/.env/lib/python3.8/site-packages/urllib3/connectionpool.py:981: InsecureRequestWarning: Unverified HTTPS request is being made to host 'api.twitter.com'. Adding certificate verification is strongly advised. See: https://urllib3.readthedocs.io/en/latest/advanced-usage.html#ssl-warnings
  warnings.warn(
[2022-08-08 23:17:31,755] {twitter_hook.py:36} INFO - URL: https://api.twitter.com/2/tweets/search/recent?query=Flamengo&tweet.fields=author_id,conversation_id,created_at,id,in_reply_to_user_id,public_metrics,text&expansions=author_id&user.fields=id,name,username,created_at&start_time=2022-08-04T09:00:00.00Z&end_time=2022-08-05T09:00:00.00Z&next_token=b26v89c19zqg8o3fpz5m830zh91ntqqka3vusqfr0zrst
[2022-08-08 23:17:31,756] {logging_mixin.py:112} WARNING - /home/amadeus/ama/airflow-pipeline-alura/datapipeline/.env/lib/python3.8/site-packages/urllib3/connectionpool.py:981: InsecureRequestWarning: Unverified HTTPS request is being made to host 'api.twitter.com'. Adding certificate verification is strongly advised. See: https://urllib3.readthedocs.io/en/latest/advanced-usage.html#ssl-warnings
  warnings.warn(
[2022-08-08 23:17:32,002] {twitter_hook.py:36} INFO - URL: https://api.twitter.com/2/tweets/search/recent?query=Flamengo&tweet.fields=author_id,conversation_id,created_at,id,in_reply_to_user_id,public_metrics,text&expansions=author_id&user.fields=id,name,username,created_at&start_time=2022-08-04T09:00:00.00Z&end_time=2022-08-05T09:00:00.00Z&next_token=b26v89c19zqg8o3fpz5m830zh8mide7e9lw27ff2ol9q5
[2022-08-08 23:17:32,004] {logging_mixin.py:112} WARNING - /home/amadeus/ama/airflow-pipeline-alura/datapipeline/.env/lib/python3.8/site-packages/urllib3/connectionpool.py:981: InsecureRequestWarning: Unverified HTTPS request is being made to host 'api.twitter.com'. Adding certificate verification is strongly advised. See: https://urllib3.readthedocs.io/en/latest/advanced-usage.html#ssl-warnings
  warnings.warn(
[2022-08-08 23:17:32,271] {twitter_hook.py:36} INFO - URL: https://api.twitter.com/2/tweets/search/recent?query=Flamengo&tweet.fields=author_id,conversation_id,created_at,id,in_reply_to_user_id,public_metrics,text&expansions=author_id&user.fields=id,name,username,created_at&start_time=2022-08-04T09:00:00.00Z&end_time=2022-08-05T09:00:00.00Z&next_token=b26v89c19zqg8o3fpz5m830zh8encnmum7809i92bb5od
[2022-08-08 23:17:32,273] {logging_mixin.py:112} WARNING - /home/amadeus/ama/airflow-pipeline-alura/datapipeline/.env/lib/python3.8/site-packages/urllib3/connectionpool.py:981: InsecureRequestWarning: Unverified HTTPS request is being made to host 'api.twitter.com'. Adding certificate verification is strongly advised. See: https://urllib3.readthedocs.io/en/latest/advanced-usage.html#ssl-warnings
  warnings.warn(
[2022-08-08 23:17:32,521] {twitter_hook.py:36} INFO - URL: https://api.twitter.com/2/tweets/search/recent?query=Flamengo&tweet.fields=author_id,conversation_id,created_at,id,in_reply_to_user_id,public_metrics,text&expansions=author_id&user.fields=id,name,username,created_at&start_time=2022-08-04T09:00:00.00Z&end_time=2022-08-05T09:00:00.00Z&next_token=b26v89c19zqg8o3fpz5m830zh7zcgt9gct5j3fbooobr1
[2022-08-08 23:17:32,522] {logging_mixin.py:112} WARNING - /home/amadeus/ama/airflow-pipeline-alura/datapipeline/.env/lib/python3.8/site-packages/urllib3/connectionpool.py:981: InsecureRequestWarning: Unverified HTTPS request is being made to host 'api.twitter.com'. Adding certificate verification is strongly advised. See: https://urllib3.readthedocs.io/en/latest/advanced-usage.html#ssl-warnings
  warnings.warn(
[2022-08-08 23:17:32,759] {twitter_hook.py:36} INFO - URL: https://api.twitter.com/2/tweets/search/recent?query=Flamengo&tweet.fields=author_id,conversation_id,created_at,id,in_reply_to_user_id,public_metrics,text&expansions=author_id&user.fields=id,name,username,created_at&start_time=2022-08-04T09:00:00.00Z&end_time=2022-08-05T09:00:00.00Z&next_token=b26v89c19zqg8o3fpz5m830zfqusj2ny3x6sqk8mdzpfh
[2022-08-08 23:17:32,760] {logging_mixin.py:112} WARNING - /home/amadeus/ama/airflow-pipeline-alura/datapipeline/.env/lib/python3.8/site-packages/urllib3/connectionpool.py:981: InsecureRequestWarning: Unverified HTTPS request is being made to host 'api.twitter.com'. Adding certificate verification is strongly advised. See: https://urllib3.readthedocs.io/en/latest/advanced-usage.html#ssl-warnings
  warnings.warn(
[2022-08-08 23:17:33,094] {twitter_hook.py:36} INFO - URL: https://api.twitter.com/2/tweets/search/recent?query=Flamengo&tweet.fields=author_id,conversation_id,created_at,id,in_reply_to_user_id,public_metrics,text&expansions=author_id&user.fields=id,name,username,created_at&start_time=2022-08-04T09:00:00.00Z&end_time=2022-08-05T09:00:00.00Z&next_token=b26v89c19zqg8o3fpz5m830zfqfb6d3cpbqg1uavarzp9
[2022-08-08 23:17:33,096] {logging_mixin.py:112} WARNING - /home/amadeus/ama/airflow-pipeline-alura/datapipeline/.env/lib/python3.8/site-packages/urllib3/connectionpool.py:981: InsecureRequestWarning: Unverified HTTPS request is being made to host 'api.twitter.com'. Adding certificate verification is strongly advised. See: https://urllib3.readthedocs.io/en/latest/advanced-usage.html#ssl-warnings
  warnings.warn(
[2022-08-08 23:17:33,396] {twitter_hook.py:36} INFO - URL: https://api.twitter.com/2/tweets/search/recent?query=Flamengo&tweet.fields=author_id,conversation_id,created_at,id,in_reply_to_user_id,public_metrics,text&expansions=author_id&user.fields=id,name,username,created_at&start_time=2022-08-04T09:00:00.00Z&end_time=2022-08-05T09:00:00.00Z&next_token=b26v89c19zqg8o3fpz5m830zfps6c23uzwus7twjurzi5
[2022-08-08 23:17:33,397] {logging_mixin.py:112} WARNING - /home/amadeus/ama/airflow-pipeline-alura/datapipeline/.env/lib/python3.8/site-packages/urllib3/connectionpool.py:981: InsecureRequestWarning: Unverified HTTPS request is being made to host 'api.twitter.com'. Adding certificate verification is strongly advised. See: https://urllib3.readthedocs.io/en/latest/advanced-usage.html#ssl-warnings
  warnings.warn(
[2022-08-08 23:17:33,648] {twitter_hook.py:36} INFO - URL: https://api.twitter.com/2/tweets/search/recent?query=Flamengo&tweet.fields=author_id,conversation_id,created_at,id,in_reply_to_user_id,public_metrics,text&expansions=author_id&user.fields=id,name,username,created_at&start_time=2022-08-04T09:00:00.00Z&end_time=2022-08-05T09:00:00.00Z&next_token=b26v89c19zqg8o3fpz5m830ze8nol5k3oa5t73cm70akd
[2022-08-08 23:17:33,650] {logging_mixin.py:112} WARNING - /home/amadeus/ama/airflow-pipeline-alura/datapipeline/.env/lib/python3.8/site-packages/urllib3/connectionpool.py:981: InsecureRequestWarning: Unverified HTTPS request is being made to host 'api.twitter.com'. Adding certificate verification is strongly advised. See: https://urllib3.readthedocs.io/en/latest/advanced-usage.html#ssl-warnings
  warnings.warn(
[2022-08-08 23:17:34,012] {twitter_hook.py:36} INFO - URL: https://api.twitter.com/2/tweets/search/recent?query=Flamengo&tweet.fields=author_id,conversation_id,created_at,id,in_reply_to_user_id,public_metrics,text&expansions=author_id&user.fields=id,name,username,created_at&start_time=2022-08-04T09:00:00.00Z&end_time=2022-08-05T09:00:00.00Z&next_token=b26v89c19zqg8o3fpz5m830ze80o47zjpeeuptsflekql
[2022-08-08 23:17:34,013] {logging_mixin.py:112} WARNING - /home/amadeus/ama/airflow-pipeline-alura/datapipeline/.env/lib/python3.8/site-packages/urllib3/connectionpool.py:981: InsecureRequestWarning: Unverified HTTPS request is being made to host 'api.twitter.com'. Adding certificate verification is strongly advised. See: https://urllib3.readthedocs.io/en/latest/advanced-usage.html#ssl-warnings
  warnings.warn(
[2022-08-08 23:17:34,320] {twitter_hook.py:36} INFO - URL: https://api.twitter.com/2/tweets/search/recent?query=Flamengo&tweet.fields=author_id,conversation_id,created_at,id,in_reply_to_user_id,public_metrics,text&expansions=author_id&user.fields=id,name,username,created_at&start_time=2022-08-04T09:00:00.00Z&end_time=2022-08-05T09:00:00.00Z&next_token=b26v89c19zqg8o3fpz5m830ze7syi2j3lm97ybphkn2bh
[2022-08-08 23:17:34,322] {logging_mixin.py:112} WARNING - /home/amadeus/ama/airflow-pipeline-alura/datapipeline/.env/lib/python3.8/site-packages/urllib3/connectionpool.py:981: InsecureRequestWarning: Unverified HTTPS request is being made to host 'api.twitter.com'. Adding certificate verification is strongly advised. See: https://urllib3.readthedocs.io/en/latest/advanced-usage.html#ssl-warnings
  warnings.warn(
[2022-08-08 23:17:34,556] {twitter_hook.py:36} INFO - URL: https://api.twitter.com/2/tweets/search/recent?query=Flamengo&tweet.fields=author_id,conversation_id,created_at,id,in_reply_to_user_id,public_metrics,text&expansions=author_id&user.fields=id,name,username,created_at&start_time=2022-08-04T09:00:00.00Z&end_time=2022-08-05T09:00:00.00Z&next_token=b26v89c19zqg8o3fpz5m830ze7dmjc4v1139c33g9fzb1
[2022-08-08 23:17:34,557] {logging_mixin.py:112} WARNING - /home/amadeus/ama/airflow-pipeline-alura/datapipeline/.env/lib/python3.8/site-packages/urllib3/connectionpool.py:981: InsecureRequestWarning: Unverified HTTPS request is being made to host 'api.twitter.com'. Adding certificate verification is strongly advised. See: https://urllib3.readthedocs.io/en/latest/advanced-usage.html#ssl-warnings
  warnings.warn(
[2022-08-08 23:17:34,805] {twitter_hook.py:36} INFO - URL: https://api.twitter.com/2/tweets/search/recent?query=Flamengo&tweet.fields=author_id,conversation_id,created_at,id,in_reply_to_user_id,public_metrics,text&expansions=author_id&user.fields=id,name,username,created_at&start_time=2022-08-04T09:00:00.00Z&end_time=2022-08-05T09:00:00.00Z&next_token=b26v89c19zqg8o3fpz5m830ze6y559bqofo7wzenbb5od
[2022-08-08 23:17:34,807] {logging_mixin.py:112} WARNING - /home/amadeus/ama/airflow-pipeline-alura/datapipeline/.env/lib/python3.8/site-packages/urllib3/connectionpool.py:981: InsecureRequestWarning: Unverified HTTPS request is being made to host 'api.twitter.com'. Adding certificate verification is strongly advised. See: https://urllib3.readthedocs.io/en/latest/advanced-usage.html#ssl-warnings
  warnings.warn(
[2022-08-08 23:17:35,139] {twitter_hook.py:36} INFO - URL: https://api.twitter.com/2/tweets/search/recent?query=Flamengo&tweet.fields=author_id,conversation_id,created_at,id,in_reply_to_user_id,public_metrics,text&expansions=author_id&user.fields=id,name,username,created_at&start_time=2022-08-04T09:00:00.00Z&end_time=2022-08-05T09:00:00.00Z&next_token=b26v89c19zqg8o3fpz5m830zcplxst67noo48xbvp9dvh
[2022-08-08 23:17:35,141] {logging_mixin.py:112} WARNING - /home/amadeus/ama/airflow-pipeline-alura/datapipeline/.env/lib/python3.8/site-packages/urllib3/connectionpool.py:981: InsecureRequestWarning: Unverified HTTPS request is being made to host 'api.twitter.com'. Adding certificate verification is strongly advised. See: https://urllib3.readthedocs.io/en/latest/advanced-usage.html#ssl-warnings
  warnings.warn(
[2022-08-08 23:17:35,445] {twitter_hook.py:36} INFO - URL: https://api.twitter.com/2/tweets/search/recent?query=Flamengo&tweet.fields=author_id,conversation_id,created_at,id,in_reply_to_user_id,public_metrics,text&expansions=author_id&user.fields=id,name,username,created_at&start_time=2022-08-04T09:00:00.00Z&end_time=2022-08-05T09:00:00.00Z&next_token=b26v89c19zqg8o3fpz5m830zcpe3vkjhkaw9c3do5za0t
[2022-08-08 23:17:35,447] {logging_mixin.py:112} WARNING - /home/amadeus/ama/airflow-pipeline-alura/datapipeline/.env/lib/python3.8/site-packages/urllib3/connectionpool.py:981: InsecureRequestWarning: Unverified HTTPS request is being made to host 'api.twitter.com'. Adding certificate verification is strongly advised. See: https://urllib3.readthedocs.io/en/latest/advanced-usage.html#ssl-warnings
  warnings.warn(
[2022-08-08 23:17:35,753] {twitter_hook.py:36} INFO - URL: https://api.twitter.com/2/tweets/search/recent?query=Flamengo&tweet.fields=author_id,conversation_id,created_at,id,in_reply_to_user_id,public_metrics,text&expansions=author_id&user.fields=id,name,username,created_at&start_time=2022-08-04T09:00:00.00Z&end_time=2022-08-05T09:00:00.00Z&next_token=b26v89c19zqg8o3fpz5m830zcor8rp9t0r2v1o35g3vy5
[2022-08-08 23:17:35,755] {logging_mixin.py:112} WARNING - /home/amadeus/ama/airflow-pipeline-alura/datapipeline/.env/lib/python3.8/site-packages/urllib3/connectionpool.py:981: InsecureRequestWarning: Unverified HTTPS request is being made to host 'api.twitter.com'. Adding certificate verification is strongly advised. See: https://urllib3.readthedocs.io/en/latest/advanced-usage.html#ssl-warnings
  warnings.warn(
[2022-08-08 23:17:36,061] {twitter_hook.py:36} INFO - URL: https://api.twitter.com/2/tweets/search/recent?query=Flamengo&tweet.fields=author_id,conversation_id,created_at,id,in_reply_to_user_id,public_metrics,text&expansions=author_id&user.fields=id,name,username,created_at&start_time=2022-08-04T09:00:00.00Z&end_time=2022-08-05T09:00:00.00Z&next_token=b26v89c19zqg8o3fpz5m830zcobreds7xvkwmenjx62rh
[2022-08-08 23:17:36,063] {logging_mixin.py:112} WARNING - /home/amadeus/ama/airflow-pipeline-alura/datapipeline/.env/lib/python3.8/site-packages/urllib3/connectionpool.py:981: InsecureRequestWarning: Unverified HTTPS request is being made to host 'api.twitter.com'. Adding certificate verification is strongly advised. See: https://urllib3.readthedocs.io/en/latest/advanced-usage.html#ssl-warnings
  warnings.warn(
[2022-08-08 23:17:36,294] {twitter_hook.py:36} INFO - URL: https://api.twitter.com/2/tweets/search/recent?query=Flamengo&tweet.fields=author_id,conversation_id,created_at,id,in_reply_to_user_id,public_metrics,text&expansions=author_id&user.fields=id,name,username,created_at&start_time=2022-08-04T09:00:00.00Z&end_time=2022-08-05T09:00:00.00Z&next_token=b26v89c19zqg8o3fpz5m830zb7essgt646l6zxcxv4znh
[2022-08-08 23:17:36,296] {logging_mixin.py:112} WARNING - /home/amadeus/ama/airflow-pipeline-alura/datapipeline/.env/lib/python3.8/site-packages/urllib3/connectionpool.py:981: InsecureRequestWarning: Unverified HTTPS request is being made to host 'api.twitter.com'. Adding certificate verification is strongly advised. See: https://urllib3.readthedocs.io/en/latest/advanced-usage.html#ssl-warnings
  warnings.warn(
[2022-08-08 23:17:36,570] {twitter_hook.py:36} INFO - URL: https://api.twitter.com/2/tweets/search/recent?query=Flamengo&tweet.fields=author_id,conversation_id,created_at,id,in_reply_to_user_id,public_metrics,text&expansions=author_id&user.fields=id,name,username,created_at&start_time=2022-08-04T09:00:00.00Z&end_time=2022-08-05T09:00:00.00Z&next_token=b26v89c19zqg8o3fpz5m830zb77491mq7vqzgnwuirz3x
[2022-08-08 23:17:36,571] {logging_mixin.py:112} WARNING - /home/amadeus/ama/airflow-pipeline-alura/datapipeline/.env/lib/python3.8/site-packages/urllib3/connectionpool.py:981: InsecureRequestWarning: Unverified HTTPS request is being made to host 'api.twitter.com'. Adding certificate verification is strongly advised. See: https://urllib3.readthedocs.io/en/latest/advanced-usage.html#ssl-warnings
  warnings.warn(
[2022-08-08 23:17:36,871] {twitter_hook.py:36} INFO - URL: https://api.twitter.com/2/tweets/search/recent?query=Flamengo&tweet.fields=author_id,conversation_id,created_at,id,in_reply_to_user_id,public_metrics,text&expansions=author_id&user.fields=id,name,username,created_at&start_time=2022-08-04T09:00:00.00Z&end_time=2022-08-05T09:00:00.00Z&next_token=b26v89c19zqg8o3fpz5m830zb6rtcg0uw0jall54j5t31
[2022-08-08 23:17:36,873] {logging_mixin.py:112} WARNING - /home/amadeus/ama/airflow-pipeline-alura/datapipeline/.env/lib/python3.8/site-packages/urllib3/connectionpool.py:981: InsecureRequestWarning: Unverified HTTPS request is being made to host 'api.twitter.com'. Adding certificate verification is strongly advised. See: https://urllib3.readthedocs.io/en/latest/advanced-usage.html#ssl-warnings
  warnings.warn(
[2022-08-08 23:17:37,188] {twitter_hook.py:36} INFO - URL: https://api.twitter.com/2/tweets/search/recent?query=Flamengo&tweet.fields=author_id,conversation_id,created_at,id,in_reply_to_user_id,public_metrics,text&expansions=author_id&user.fields=id,name,username,created_at&start_time=2022-08-04T09:00:00.00Z&end_time=2022-08-05T09:00:00.00Z&next_token=b26v89c19zqg8o3fpz5m830zb6k6yss888q6xlz45v0cd
[2022-08-08 23:17:37,189] {logging_mixin.py:112} WARNING - /home/amadeus/ama/airflow-pipeline-alura/datapipeline/.env/lib/python3.8/site-packages/urllib3/connectionpool.py:981: InsecureRequestWarning: Unverified HTTPS request is being made to host 'api.twitter.com'. Adding certificate verification is strongly advised. See: https://urllib3.readthedocs.io/en/latest/advanced-usage.html#ssl-warnings
  warnings.warn(
[2022-08-08 23:17:37,497] {twitter_hook.py:36} INFO - URL: https://api.twitter.com/2/tweets/search/recent?query=Flamengo&tweet.fields=author_id,conversation_id,created_at,id,in_reply_to_user_id,public_metrics,text&expansions=author_id&user.fields=id,name,username,created_at&start_time=2022-08-04T09:00:00.00Z&end_time=2022-08-05T09:00:00.00Z&next_token=b26v89c19zqg8o3fpz5m830zb6cawjnu1zh8iz9o0ssxp
[2022-08-08 23:17:37,499] {logging_mixin.py:112} WARNING - /home/amadeus/ama/airflow-pipeline-alura/datapipeline/.env/lib/python3.8/site-packages/urllib3/connectionpool.py:981: InsecureRequestWarning: Unverified HTTPS request is being made to host 'api.twitter.com'. Adding certificate verification is strongly advised. See: https://urllib3.readthedocs.io/en/latest/advanced-usage.html#ssl-warnings
  warnings.warn(
[2022-08-08 23:17:37,798] {twitter_hook.py:36} INFO - URL: https://api.twitter.com/2/tweets/search/recent?query=Flamengo&tweet.fields=author_id,conversation_id,created_at,id,in_reply_to_user_id,public_metrics,text&expansions=author_id&user.fields=id,name,username,created_at&start_time=2022-08-04T09:00:00.00Z&end_time=2022-08-05T09:00:00.00Z&next_token=b26v89c19zqg8o3fpz5m830zb64lajkfgzyhyb4djb5h9
[2022-08-08 23:17:37,799] {logging_mixin.py:112} WARNING - /home/amadeus/ama/airflow-pipeline-alura/datapipeline/.env/lib/python3.8/site-packages/urllib3/connectionpool.py:981: InsecureRequestWarning: Unverified HTTPS request is being made to host 'api.twitter.com'. Adding certificate verification is strongly advised. See: https://urllib3.readthedocs.io/en/latest/advanced-usage.html#ssl-warnings
  warnings.warn(
[2022-08-08 23:17:38,037] {twitter_hook.py:36} INFO - URL: https://api.twitter.com/2/tweets/search/recent?query=Flamengo&tweet.fields=author_id,conversation_id,created_at,id,in_reply_to_user_id,public_metrics,text&expansions=author_id&user.fields=id,name,username,created_at&start_time=2022-08-04T09:00:00.00Z&end_time=2022-08-05T09:00:00.00Z&next_token=b26v89c19zqg8o3fpz5m830zb5p88bei5yii6kvl39qpp
[2022-08-08 23:17:38,039] {logging_mixin.py:112} WARNING - /home/amadeus/ama/airflow-pipeline-alura/datapipeline/.env/lib/python3.8/site-packages/urllib3/connectionpool.py:981: InsecureRequestWarning: Unverified HTTPS request is being made to host 'api.twitter.com'. Adding certificate verification is strongly advised. See: https://urllib3.readthedocs.io/en/latest/advanced-usage.html#ssl-warnings
  warnings.warn(
[2022-08-08 23:17:38,280] {twitter_hook.py:36} INFO - URL: https://api.twitter.com/2/tweets/search/recent?query=Flamengo&tweet.fields=author_id,conversation_id,created_at,id,in_reply_to_user_id,public_metrics,text&expansions=author_id&user.fields=id,name,username,created_at&start_time=2022-08-04T09:00:00.00Z&end_time=2022-08-05T09:00:00.00Z&next_token=b26v89c19zqg8o3fpz5m830owfmzeooudwuzw2h8kb69p
[2022-08-08 23:17:38,282] {logging_mixin.py:112} WARNING - /home/amadeus/ama/airflow-pipeline-alura/datapipeline/.env/lib/python3.8/site-packages/urllib3/connectionpool.py:981: InsecureRequestWarning: Unverified HTTPS request is being made to host 'api.twitter.com'. Adding certificate verification is strongly advised. See: https://urllib3.readthedocs.io/en/latest/advanced-usage.html#ssl-warnings
  warnings.warn(
[2022-08-08 23:17:38,620] {twitter_hook.py:36} INFO - URL: https://api.twitter.com/2/tweets/search/recent?query=Flamengo&tweet.fields=author_id,conversation_id,created_at,id,in_reply_to_user_id,public_metrics,text&expansions=author_id&user.fields=id,name,username,created_at&start_time=2022-08-04T09:00:00.00Z&end_time=2022-08-05T09:00:00.00Z&next_token=b26v89c19zqg8o3fpz5m830owf7qogg43oredom95jj3x
[2022-08-08 23:17:38,621] {logging_mixin.py:112} WARNING - /home/amadeus/ama/airflow-pipeline-alura/datapipeline/.env/lib/python3.8/site-packages/urllib3/connectionpool.py:981: InsecureRequestWarning: Unverified HTTPS request is being made to host 'api.twitter.com'. Adding certificate verification is strongly advised. See: https://urllib3.readthedocs.io/en/latest/advanced-usage.html#ssl-warnings
  warnings.warn(
[2022-08-08 23:17:38,927] {twitter_hook.py:36} INFO - URL: https://api.twitter.com/2/tweets/search/recent?query=Flamengo&tweet.fields=author_id,conversation_id,created_at,id,in_reply_to_user_id,public_metrics,text&expansions=author_id&user.fields=id,name,username,created_at&start_time=2022-08-04T09:00:00.00Z&end_time=2022-08-05T09:00:00.00Z&next_token=b26v89c19zqg8o3fpz5m830owf7oi2uiux1g5fq0jb1q5
[2022-08-08 23:17:38,929] {logging_mixin.py:112} WARNING - /home/amadeus/ama/airflow-pipeline-alura/datapipeline/.env/lib/python3.8/site-packages/urllib3/connectionpool.py:981: InsecureRequestWarning: Unverified HTTPS request is being made to host 'api.twitter.com'. Adding certificate verification is strongly advised. See: https://urllib3.readthedocs.io/en/latest/advanced-usage.html#ssl-warnings
  warnings.warn(
[2022-08-08 23:17:39,236] {twitter_hook.py:36} INFO - URL: https://api.twitter.com/2/tweets/search/recent?query=Flamengo&tweet.fields=author_id,conversation_id,created_at,id,in_reply_to_user_id,public_metrics,text&expansions=author_id&user.fields=id,name,username,created_at&start_time=2022-08-04T09:00:00.00Z&end_time=2022-08-05T09:00:00.00Z&next_token=b26v89c19zqg8o3fpz5m830owf7j3cddgvnewfk6nb2il
[2022-08-08 23:17:39,238] {logging_mixin.py:112} WARNING - /home/amadeus/ama/airflow-pipeline-alura/datapipeline/.env/lib/python3.8/site-packages/urllib3/connectionpool.py:981: InsecureRequestWarning: Unverified HTTPS request is being made to host 'api.twitter.com'. Adding certificate verification is strongly advised. See: https://urllib3.readthedocs.io/en/latest/advanced-usage.html#ssl-warnings
  warnings.warn(
[2022-08-08 23:17:39,544] {twitter_hook.py:36} INFO - URL: https://api.twitter.com/2/tweets/search/recent?query=Flamengo&tweet.fields=author_id,conversation_id,created_at,id,in_reply_to_user_id,public_metrics,text&expansions=author_id&user.fields=id,name,username,created_at&start_time=2022-08-04T09:00:00.00Z&end_time=2022-08-05T09:00:00.00Z&next_token=b26v89c19zqg8o3fpz5m830owesfsglu4cqchkb45xgu5
[2022-08-08 23:17:39,546] {logging_mixin.py:112} WARNING - /home/amadeus/ama/airflow-pipeline-alura/datapipeline/.env/lib/python3.8/site-packages/urllib3/connectionpool.py:981: InsecureRequestWarning: Unverified HTTPS request is being made to host 'api.twitter.com'. Adding certificate verification is strongly advised. See: https://urllib3.readthedocs.io/en/latest/advanced-usage.html#ssl-warnings
  warnings.warn(
[2022-08-08 23:17:39,851] {twitter_hook.py:36} INFO - URL: https://api.twitter.com/2/tweets/search/recent?query=Flamengo&tweet.fields=author_id,conversation_id,created_at,id,in_reply_to_user_id,public_metrics,text&expansions=author_id&user.fields=id,name,username,created_at&start_time=2022-08-04T09:00:00.00Z&end_time=2022-08-05T09:00:00.00Z&next_token=b26v89c19zqg8o3fpz5m830owecxbt0d6pv3jivtey931
[2022-08-08 23:17:39,852] {logging_mixin.py:112} WARNING - /home/amadeus/ama/airflow-pipeline-alura/datapipeline/.env/lib/python3.8/site-packages/urllib3/connectionpool.py:981: InsecureRequestWarning: Unverified HTTPS request is being made to host 'api.twitter.com'. Adding certificate verification is strongly advised. See: https://urllib3.readthedocs.io/en/latest/advanced-usage.html#ssl-warnings
  warnings.warn(
[2022-08-08 23:17:40,156] {twitter_hook.py:36} INFO - URL: https://api.twitter.com/2/tweets/search/recent?query=Flamengo&tweet.fields=author_id,conversation_id,created_at,id,in_reply_to_user_id,public_metrics,text&expansions=author_id&user.fields=id,name,username,created_at&start_time=2022-08-04T09:00:00.00Z&end_time=2022-08-05T09:00:00.00Z&next_token=b26v89c19zqg8o3fpz5m830owdpwt75p9nskhsrciu7b1
[2022-08-08 23:17:40,158] {logging_mixin.py:112} WARNING - /home/amadeus/ama/airflow-pipeline-alura/datapipeline/.env/lib/python3.8/site-packages/urllib3/connectionpool.py:981: InsecureRequestWarning: Unverified HTTPS request is being made to host 'api.twitter.com'. Adding certificate verification is strongly advised. See: https://urllib3.readthedocs.io/en/latest/advanced-usage.html#ssl-warnings
  warnings.warn(
[2022-08-08 23:17:40,423] {twitter_hook.py:36} INFO - URL: https://api.twitter.com/2/tweets/search/recent?query=Flamengo&tweet.fields=author_id,conversation_id,created_at,id,in_reply_to_user_id,public_metrics,text&expansions=author_id&user.fields=id,name,username,created_at&start_time=2022-08-04T09:00:00.00Z&end_time=2022-08-05T09:00:00.00Z&next_token=b26v89c19zqg8o3fpz5m830ouwlcx4l2nkzc3wximw0hp
[2022-08-08 23:17:40,425] {logging_mixin.py:112} WARNING - /home/amadeus/ama/airflow-pipeline-alura/datapipeline/.env/lib/python3.8/site-packages/urllib3/connectionpool.py:981: InsecureRequestWarning: Unverified HTTPS request is being made to host 'api.twitter.com'. Adding certificate verification is strongly advised. See: https://urllib3.readthedocs.io/en/latest/advanced-usage.html#ssl-warnings
  warnings.warn(
[2022-08-08 23:17:40,771] {twitter_hook.py:36} INFO - URL: https://api.twitter.com/2/tweets/search/recent?query=Flamengo&tweet.fields=author_id,conversation_id,created_at,id,in_reply_to_user_id,public_metrics,text&expansions=author_id&user.fields=id,name,username,created_at&start_time=2022-08-04T09:00:00.00Z&end_time=2022-08-05T09:00:00.00Z&next_token=b26v89c19zqg8o3fpz5m830ouwl6gf049e92k0be15if1
[2022-08-08 23:17:40,773] {logging_mixin.py:112} WARNING - /home/amadeus/ama/airflow-pipeline-alura/datapipeline/.env/lib/python3.8/site-packages/urllib3/connectionpool.py:981: InsecureRequestWarning: Unverified HTTPS request is being made to host 'api.twitter.com'. Adding certificate verification is strongly advised. See: https://urllib3.readthedocs.io/en/latest/advanced-usage.html#ssl-warnings
  warnings.warn(
[2022-08-08 23:17:41,079] {twitter_hook.py:36} INFO - URL: https://api.twitter.com/2/tweets/search/recent?query=Flamengo&tweet.fields=author_id,conversation_id,created_at,id,in_reply_to_user_id,public_metrics,text&expansions=author_id&user.fields=id,name,username,created_at&start_time=2022-08-04T09:00:00.00Z&end_time=2022-08-05T09:00:00.00Z&next_token=b26v89c19zqg8o3fpz5m830ouw5zvcwui5cysukamy0sd
[2022-08-08 23:17:41,081] {logging_mixin.py:112} WARNING - /home/amadeus/ama/airflow-pipeline-alura/datapipeline/.env/lib/python3.8/site-packages/urllib3/connectionpool.py:981: InsecureRequestWarning: Unverified HTTPS request is being made to host 'api.twitter.com'. Adding certificate verification is strongly advised. See: https://urllib3.readthedocs.io/en/latest/advanced-usage.html#ssl-warnings
  warnings.warn(
[2022-08-08 23:17:41,385] {twitter_hook.py:36} INFO - URL: https://api.twitter.com/2/tweets/search/recent?query=Flamengo&tweet.fields=author_id,conversation_id,created_at,id,in_reply_to_user_id,public_metrics,text&expansions=author_id&user.fields=id,name,username,created_at&start_time=2022-08-04T09:00:00.00Z&end_time=2022-08-05T09:00:00.00Z&next_token=b26v89c19zqg8o3fpz5m830ouvy3rl1i6nydc527nxj7h
[2022-08-08 23:17:41,386] {logging_mixin.py:112} WARNING - /home/amadeus/ama/airflow-pipeline-alura/datapipeline/.env/lib/python3.8/site-packages/urllib3/connectionpool.py:981: InsecureRequestWarning: Unverified HTTPS request is being made to host 'api.twitter.com'. Adding certificate verification is strongly advised. See: https://urllib3.readthedocs.io/en/latest/advanced-usage.html#ssl-warnings
  warnings.warn(
[2022-08-08 23:17:41,694] {twitter_hook.py:36} INFO - URL: https://api.twitter.com/2/tweets/search/recent?query=Flamengo&tweet.fields=author_id,conversation_id,created_at,id,in_reply_to_user_id,public_metrics,text&expansions=author_id&user.fields=id,name,username,created_at&start_time=2022-08-04T09:00:00.00Z&end_time=2022-08-05T09:00:00.00Z&next_token=b26v89c19zqg8o3fpz5m830ouvqe5qh9qdrcdqd3vzszh
[2022-08-08 23:17:41,696] {logging_mixin.py:112} WARNING - /home/amadeus/ama/airflow-pipeline-alura/datapipeline/.env/lib/python3.8/site-packages/urllib3/connectionpool.py:981: InsecureRequestWarning: Unverified HTTPS request is being made to host 'api.twitter.com'. Adding certificate verification is strongly advised. See: https://urllib3.readthedocs.io/en/latest/advanced-usage.html#ssl-warnings
  warnings.warn(
[2022-08-08 23:17:41,999] {twitter_hook.py:36} INFO - URL: https://api.twitter.com/2/tweets/search/recent?query=Flamengo&tweet.fields=author_id,conversation_id,created_at,id,in_reply_to_user_id,public_metrics,text&expansions=author_id&user.fields=id,name,username,created_at&start_time=2022-08-04T09:00:00.00Z&end_time=2022-08-05T09:00:00.00Z&next_token=b26v89c19zqg8o3fpz5m830ouvirtgk9ajequtins6agt
[2022-08-08 23:17:42,001] {logging_mixin.py:112} WARNING - /home/amadeus/ama/airflow-pipeline-alura/datapipeline/.env/lib/python3.8/site-packages/urllib3/connectionpool.py:981: InsecureRequestWarning: Unverified HTTPS request is being made to host 'api.twitter.com'. Adding certificate verification is strongly advised. See: https://urllib3.readthedocs.io/en/latest/advanced-usage.html#ssl-warnings
  warnings.warn(
[2022-08-08 23:17:42,308] {twitter_hook.py:36} INFO - URL: https://api.twitter.com/2/tweets/search/recent?query=Flamengo&tweet.fields=author_id,conversation_id,created_at,id,in_reply_to_user_id,public_metrics,text&expansions=author_id&user.fields=id,name,username,created_at&start_time=2022-08-04T09:00:00.00Z&end_time=2022-08-05T09:00:00.00Z&next_token=b26v89c19zqg8o3fpz5m830ouvb6ie9d7tt2duc69g3nh
[2022-08-08 23:17:42,310] {logging_mixin.py:112} WARNING - /home/amadeus/ama/airflow-pipeline-alura/datapipeline/.env/lib/python3.8/site-packages/urllib3/connectionpool.py:981: InsecureRequestWarning: Unverified HTTPS request is being made to host 'api.twitter.com'. Adding certificate verification is strongly advised. See: https://urllib3.readthedocs.io/en/latest/advanced-usage.html#ssl-warnings
  warnings.warn(
[2022-08-08 23:17:42,567] {local_task_job.py:156} WARNING - State of this instance has been externally set to shutdown. Taking the poison pill.
[2022-08-08 23:17:42,583] {helpers.py:325} INFO - Sending Signals.SIGTERM to GPID 192133
[2022-08-08 23:17:42,583] {taskinstance.py:955} ERROR - Received SIGTERM. Terminating subprocesses.
[2022-08-08 23:17:42,587] {taskinstance.py:1150} ERROR - Task received SIGTERM signal
Traceback (most recent call last):
  File "/home/amadeus/ama/airflow-pipeline-alura/datapipeline/.env/lib/python3.8/site-packages/airflow/models/taskinstance.py", line 984, in _run_raw_task
    result = task_copy.execute(context=context)
  File "/home/amadeus/ama/airflow-pipeline-alura/datapipeline/airflow/plugins/operators/twitter_operator.py", line 51, in execute
    for pg in hook.run():
  File "/home/amadeus/ama/airflow-pipeline-alura/datapipeline/airflow/plugins/hooks/twitter_hook.py", line 57, in run
    yield from self.paginate(url, session)
  File "/home/amadeus/ama/airflow-pipeline-alura/datapipeline/airflow/plugins/hooks/twitter_hook.py", line 49, in paginate
    yield from self.paginate(url, session, data['meta']['next_token'])
  File "/home/amadeus/ama/airflow-pipeline-alura/datapipeline/airflow/plugins/hooks/twitter_hook.py", line 49, in paginate
    yield from self.paginate(url, session, data['meta']['next_token'])
  File "/home/amadeus/ama/airflow-pipeline-alura/datapipeline/airflow/plugins/hooks/twitter_hook.py", line 49, in paginate
    yield from self.paginate(url, session, data['meta']['next_token'])
  [Previous line repeated 98 more times]
  File "/home/amadeus/ama/airflow-pipeline-alura/datapipeline/airflow/plugins/hooks/twitter_hook.py", line 46, in paginate
    data = self.connect_to_endpoint(full_url, session)
  File "/home/amadeus/ama/airflow-pipeline-alura/datapipeline/airflow/plugins/hooks/twitter_hook.py", line 37, in connect_to_endpoint
    return self.run_and_check(session, prep, {}).json()
  File "/home/amadeus/ama/airflow-pipeline-alura/datapipeline/.env/lib/python3.8/site-packages/airflow/hooks/http_hook.py", line 171, in run_and_check
    response = session.send(
  File "/home/amadeus/ama/airflow-pipeline-alura/datapipeline/.env/lib/python3.8/site-packages/requests/sessions.py", line 643, in send
    r = adapter.send(request, **kwargs)
  File "/home/amadeus/ama/airflow-pipeline-alura/datapipeline/.env/lib/python3.8/site-packages/requests/adapters.py", line 439, in send
    resp = conn.urlopen(
  File "/home/amadeus/ama/airflow-pipeline-alura/datapipeline/.env/lib/python3.8/site-packages/urllib3/connectionpool.py", line 670, in urlopen
    httplib_response = self._make_request(
  File "/home/amadeus/ama/airflow-pipeline-alura/datapipeline/.env/lib/python3.8/site-packages/urllib3/connectionpool.py", line 426, in _make_request
    six.raise_from(e, None)
  File "<string>", line 3, in raise_from
  File "/home/amadeus/ama/airflow-pipeline-alura/datapipeline/.env/lib/python3.8/site-packages/urllib3/connectionpool.py", line 421, in _make_request
    httplib_response = conn.getresponse()
  File "/usr/lib/python3.8/http/client.py", line 1348, in getresponse
    response.begin()
  File "/usr/lib/python3.8/http/client.py", line 316, in begin
    version, status, reason = self._read_status()
  File "/usr/lib/python3.8/http/client.py", line 277, in _read_status
    line = str(self.fp.readline(_MAXLINE + 1), "iso-8859-1")
  File "/usr/lib/python3.8/socket.py", line 669, in readinto
    return self._sock.recv_into(b)
  File "/usr/lib/python3.8/ssl.py", line 1241, in recv_into
    return self.read(nbytes, buffer)
  File "/usr/lib/python3.8/ssl.py", line 1099, in read
    return self._sslobj.read(len, buffer)
  File "/home/amadeus/ama/airflow-pipeline-alura/datapipeline/.env/lib/python3.8/site-packages/airflow/models/taskinstance.py", line 957, in signal_handler
    raise AirflowException("Task received SIGTERM signal")
airflow.exceptions.AirflowException: Task received SIGTERM signal
[2022-08-08 23:17:42,620] {taskinstance.py:1187} INFO - Marking task as FAILED. dag_id=twitter_dag, task_id=twitter_flamengo, execution_date=20220804T090000, start_date=20220809T021712, end_date=20220809T021742
[2022-08-08 23:17:43,117] {helpers.py:291} INFO - Process psutil.Process(pid=192133, status='terminated', exitcode=1, started='23:17:11') (192133) terminated with exit code 1
[2022-08-08 23:17:43,118] {local_task_job.py:102} INFO - Task exited with return code 1
