[2022-08-08 19:45:07,230] {scheduler_job.py:154} INFO - Started process (PID=171090) to work on /home/amadeus/ama/airflow-pipeline-alura/datapipeline/airflow/dags/twitter_dag.py
[2022-08-08 19:45:07,238] {scheduler_job.py:1572} INFO - Processing file /home/amadeus/ama/airflow-pipeline-alura/datapipeline/airflow/dags/twitter_dag.py for tasks to queue
[2022-08-08 19:45:07,239] {logging_mixin.py:112} INFO - [2022-08-08 19:45:07,239] {dagbag.py:417} INFO - Filling up the DagBag from /home/amadeus/ama/airflow-pipeline-alura/datapipeline/airflow/dags/twitter_dag.py
[2022-08-08 19:45:07,253] {logging_mixin.py:112} WARNING - /home/amadeus/ama/airflow-pipeline-alura/datapipeline/airflow/dags/twitter_dag.py:7: FutureWarning: Importing 'TwitterOperator' from under 'airflow.operators.*' has been deprecated and should be directly imported as 'operators.twitter_operator.TwitterOperator' instead.

Support for importing from within the airflow namespace for plugins will be dropped entirely in Airflow 2.0. See <http://airflow.apache.org/docs/stable/howto/custom-operator.html>.
  from airflow.operators.amadeus import TwitterOperator
[2022-08-08 19:45:07,262] {scheduler_job.py:1584} INFO - DAG(s) dict_keys(['twitter_dag']) retrieved from /home/amadeus/ama/airflow-pipeline-alura/datapipeline/airflow/dags/twitter_dag.py
[2022-08-08 19:45:08,297] {scheduler_job.py:1288} INFO - Processing twitter_dag
[2022-08-08 19:45:09,746] {scheduler_job.py:1298} INFO - Created <DagRun twitter_dag @ 2022-08-04 09:00:00+00:00: scheduled__2022-08-04T09:00:00+00:00, externally triggered: False>
[2022-08-08 19:45:09,750] {scheduler_job.py:771} INFO - Examining DAG run <DagRun twitter_dag @ 2022-08-04 09:00:00+00:00: scheduled__2022-08-04T09:00:00+00:00, externally triggered: False>
[2022-08-08 19:45:09,766] {scheduler_job.py:459} INFO - Skipping SLA check for <DAG: twitter_dag> because no tasks in DAG have SLAs
[2022-08-08 19:45:09,772] {scheduler_job.py:1651} INFO - Creating / updating <TaskInstance: twitter_dag.twitter_flamengomalvadao 2022-08-04 09:00:00+00:00 [scheduled]> in ORM
[2022-08-08 19:45:10,976] {scheduler_job.py:162} INFO - Processing /home/amadeus/ama/airflow-pipeline-alura/datapipeline/airflow/dags/twitter_dag.py took 3.745 seconds
[2022-08-08 19:46:06,574] {scheduler_job.py:154} INFO - Started process (PID=171312) to work on /home/amadeus/ama/airflow-pipeline-alura/datapipeline/airflow/dags/twitter_dag.py
[2022-08-08 19:46:06,576] {scheduler_job.py:1572} INFO - Processing file /home/amadeus/ama/airflow-pipeline-alura/datapipeline/airflow/dags/twitter_dag.py for tasks to queue
[2022-08-08 19:46:06,576] {logging_mixin.py:112} INFO - [2022-08-08 19:46:06,576] {dagbag.py:417} INFO - Filling up the DagBag from /home/amadeus/ama/airflow-pipeline-alura/datapipeline/airflow/dags/twitter_dag.py
[2022-08-08 19:46:06,582] {logging_mixin.py:112} WARNING - /home/amadeus/ama/airflow-pipeline-alura/datapipeline/airflow/dags/twitter_dag.py:7: FutureWarning: Importing 'TwitterOperator' from under 'airflow.operators.*' has been deprecated and should be directly imported as 'operators.twitter_operator.TwitterOperator' instead.

Support for importing from within the airflow namespace for plugins will be dropped entirely in Airflow 2.0. See <http://airflow.apache.org/docs/stable/howto/custom-operator.html>.
  from airflow.operators.amadeus import TwitterOperator
[2022-08-08 19:46:06,585] {scheduler_job.py:1584} INFO - DAG(s) dict_keys(['twitter_dag']) retrieved from /home/amadeus/ama/airflow-pipeline-alura/datapipeline/airflow/dags/twitter_dag.py
[2022-08-08 19:46:07,361] {scheduler_job.py:1288} INFO - Processing twitter_dag
[2022-08-08 19:46:07,377] {scheduler_job.py:771} INFO - Examining DAG run <DagRun twitter_dag @ 2022-08-04 09:00:00+00:00: scheduled__2022-08-04T09:00:00+00:00, externally triggered: False>
[2022-08-08 19:46:07,400] {scheduler_job.py:459} INFO - Skipping SLA check for <DAG: twitter_dag> because no tasks in DAG have SLAs
[2022-08-08 19:46:07,408] {scheduler_job.py:1651} INFO - Creating / updating <TaskInstance: twitter_dag.transform_twitter_flamengomalvadao 2022-08-04 09:00:00+00:00 [scheduled]> in ORM
[2022-08-08 19:46:08,131] {scheduler_job.py:162} INFO - Processing /home/amadeus/ama/airflow-pipeline-alura/datapipeline/airflow/dags/twitter_dag.py took 1.557 seconds
[2022-08-08 19:47:16,850] {scheduler_job.py:154} INFO - Started process (PID=171651) to work on /home/amadeus/ama/airflow-pipeline-alura/datapipeline/airflow/dags/twitter_dag.py
[2022-08-08 19:47:16,856] {scheduler_job.py:1572} INFO - Processing file /home/amadeus/ama/airflow-pipeline-alura/datapipeline/airflow/dags/twitter_dag.py for tasks to queue
[2022-08-08 19:47:16,857] {logging_mixin.py:112} INFO - [2022-08-08 19:47:16,857] {dagbag.py:417} INFO - Filling up the DagBag from /home/amadeus/ama/airflow-pipeline-alura/datapipeline/airflow/dags/twitter_dag.py
[2022-08-08 19:47:16,871] {logging_mixin.py:112} WARNING - /home/amadeus/ama/airflow-pipeline-alura/datapipeline/airflow/dags/twitter_dag.py:7: FutureWarning: Importing 'TwitterOperator' from under 'airflow.operators.*' has been deprecated and should be directly imported as 'operators.twitter_operator.TwitterOperator' instead.

Support for importing from within the airflow namespace for plugins will be dropped entirely in Airflow 2.0. See <http://airflow.apache.org/docs/stable/howto/custom-operator.html>.
  from airflow.operators.amadeus import TwitterOperator
[2022-08-08 19:47:16,879] {scheduler_job.py:1584} INFO - DAG(s) dict_keys(['twitter_dag']) retrieved from /home/amadeus/ama/airflow-pipeline-alura/datapipeline/airflow/dags/twitter_dag.py
[2022-08-08 19:47:17,436] {scheduler_job.py:1288} INFO - Processing twitter_dag
[2022-08-08 19:47:17,450] {scheduler_job.py:771} INFO - Examining DAG run <DagRun twitter_dag @ 2022-08-04 09:00:00+00:00: scheduled__2022-08-04T09:00:00+00:00, externally triggered: False>
[2022-08-08 19:47:17,467] {logging_mixin.py:112} INFO - [2022-08-08 19:47:17,467] {dagrun.py:298} INFO - Marking run <DagRun twitter_dag @ 2022-08-04 09:00:00+00:00: scheduled__2022-08-04T09:00:00+00:00, externally triggered: False> failed
[2022-08-08 19:47:18,104] {scheduler_job.py:459} INFO - Skipping SLA check for <DAG: twitter_dag> because no tasks in DAG have SLAs
[2022-08-08 19:47:18,113] {scheduler_job.py:162} INFO - Processing /home/amadeus/ama/airflow-pipeline-alura/datapipeline/airflow/dags/twitter_dag.py took 1.263 seconds
[2022-08-08 19:48:08,777] {scheduler_job.py:154} INFO - Started process (PID=171696) to work on /home/amadeus/ama/airflow-pipeline-alura/datapipeline/airflow/dags/twitter_dag.py
[2022-08-08 19:48:08,782] {scheduler_job.py:1572} INFO - Processing file /home/amadeus/ama/airflow-pipeline-alura/datapipeline/airflow/dags/twitter_dag.py for tasks to queue
[2022-08-08 19:48:08,782] {logging_mixin.py:112} INFO - [2022-08-08 19:48:08,782] {dagbag.py:417} INFO - Filling up the DagBag from /home/amadeus/ama/airflow-pipeline-alura/datapipeline/airflow/dags/twitter_dag.py
[2022-08-08 19:48:08,794] {logging_mixin.py:112} WARNING - /home/amadeus/ama/airflow-pipeline-alura/datapipeline/airflow/dags/twitter_dag.py:7: FutureWarning: Importing 'TwitterOperator' from under 'airflow.operators.*' has been deprecated and should be directly imported as 'operators.twitter_operator.TwitterOperator' instead.

Support for importing from within the airflow namespace for plugins will be dropped entirely in Airflow 2.0. See <http://airflow.apache.org/docs/stable/howto/custom-operator.html>.
  from airflow.operators.amadeus import TwitterOperator
[2022-08-08 19:48:08,802] {scheduler_job.py:1584} INFO - DAG(s) dict_keys(['twitter_dag']) retrieved from /home/amadeus/ama/airflow-pipeline-alura/datapipeline/airflow/dags/twitter_dag.py
[2022-08-08 19:48:09,073] {scheduler_job.py:1288} INFO - Processing twitter_dag
[2022-08-08 19:48:09,594] {scheduler_job.py:1298} INFO - Created <DagRun twitter_dag @ 2022-08-05 09:00:00+00:00: scheduled__2022-08-05T09:00:00+00:00, externally triggered: False>
[2022-08-08 19:48:09,605] {scheduler_job.py:771} INFO - Examining DAG run <DagRun twitter_dag @ 2022-08-05 09:00:00+00:00: scheduled__2022-08-05T09:00:00+00:00, externally triggered: False>
[2022-08-08 19:48:09,644] {scheduler_job.py:459} INFO - Skipping SLA check for <DAG: twitter_dag> because no tasks in DAG have SLAs
[2022-08-08 19:48:09,653] {scheduler_job.py:1651} INFO - Creating / updating <TaskInstance: twitter_dag.twitter_flamengomalvadao 2022-08-05 09:00:00+00:00 [scheduled]> in ORM
[2022-08-08 19:48:09,884] {scheduler_job.py:162} INFO - Processing /home/amadeus/ama/airflow-pipeline-alura/datapipeline/airflow/dags/twitter_dag.py took 1.107 seconds
[2022-08-08 19:49:07,681] {scheduler_job.py:154} INFO - Started process (PID=171832) to work on /home/amadeus/ama/airflow-pipeline-alura/datapipeline/airflow/dags/twitter_dag.py
[2022-08-08 19:49:07,687] {scheduler_job.py:1572} INFO - Processing file /home/amadeus/ama/airflow-pipeline-alura/datapipeline/airflow/dags/twitter_dag.py for tasks to queue
[2022-08-08 19:49:07,688] {logging_mixin.py:112} INFO - [2022-08-08 19:49:07,687] {dagbag.py:417} INFO - Filling up the DagBag from /home/amadeus/ama/airflow-pipeline-alura/datapipeline/airflow/dags/twitter_dag.py
[2022-08-08 19:49:07,699] {logging_mixin.py:112} WARNING - /home/amadeus/ama/airflow-pipeline-alura/datapipeline/airflow/dags/twitter_dag.py:7: FutureWarning: Importing 'TwitterOperator' from under 'airflow.operators.*' has been deprecated and should be directly imported as 'operators.twitter_operator.TwitterOperator' instead.

Support for importing from within the airflow namespace for plugins will be dropped entirely in Airflow 2.0. See <http://airflow.apache.org/docs/stable/howto/custom-operator.html>.
  from airflow.operators.amadeus import TwitterOperator
[2022-08-08 19:49:07,708] {scheduler_job.py:1584} INFO - DAG(s) dict_keys(['twitter_dag']) retrieved from /home/amadeus/ama/airflow-pipeline-alura/datapipeline/airflow/dags/twitter_dag.py
[2022-08-08 19:49:07,985] {scheduler_job.py:1288} INFO - Processing twitter_dag
[2022-08-08 19:49:07,991] {scheduler_job.py:771} INFO - Examining DAG run <DagRun twitter_dag @ 2022-08-05 09:00:00+00:00: scheduled__2022-08-05T09:00:00+00:00, externally triggered: False>
[2022-08-08 19:49:08,001] {scheduler_job.py:459} INFO - Skipping SLA check for <DAG: twitter_dag> because no tasks in DAG have SLAs
[2022-08-08 19:49:08,004] {scheduler_job.py:1651} INFO - Creating / updating <TaskInstance: twitter_dag.transform_twitter_flamengomalvadao 2022-08-05 09:00:00+00:00 [scheduled]> in ORM
[2022-08-08 19:49:08,405] {scheduler_job.py:162} INFO - Processing /home/amadeus/ama/airflow-pipeline-alura/datapipeline/airflow/dags/twitter_dag.py took 0.724 seconds
[2022-08-08 19:50:17,192] {scheduler_job.py:154} INFO - Started process (PID=172051) to work on /home/amadeus/ama/airflow-pipeline-alura/datapipeline/airflow/dags/twitter_dag.py
[2022-08-08 19:50:17,204] {scheduler_job.py:1572} INFO - Processing file /home/amadeus/ama/airflow-pipeline-alura/datapipeline/airflow/dags/twitter_dag.py for tasks to queue
[2022-08-08 19:50:17,207] {logging_mixin.py:112} INFO - [2022-08-08 19:50:17,207] {dagbag.py:417} INFO - Filling up the DagBag from /home/amadeus/ama/airflow-pipeline-alura/datapipeline/airflow/dags/twitter_dag.py
[2022-08-08 19:50:17,216] {logging_mixin.py:112} WARNING - /home/amadeus/ama/airflow-pipeline-alura/datapipeline/airflow/dags/twitter_dag.py:7: FutureWarning: Importing 'TwitterOperator' from under 'airflow.operators.*' has been deprecated and should be directly imported as 'operators.twitter_operator.TwitterOperator' instead.

Support for importing from within the airflow namespace for plugins will be dropped entirely in Airflow 2.0. See <http://airflow.apache.org/docs/stable/howto/custom-operator.html>.
  from airflow.operators.amadeus import TwitterOperator
[2022-08-08 19:50:17,228] {scheduler_job.py:1584} INFO - DAG(s) dict_keys(['twitter_dag']) retrieved from /home/amadeus/ama/airflow-pipeline-alura/datapipeline/airflow/dags/twitter_dag.py
[2022-08-08 19:50:17,789] {scheduler_job.py:1288} INFO - Processing twitter_dag
[2022-08-08 19:50:17,796] {scheduler_job.py:771} INFO - Examining DAG run <DagRun twitter_dag @ 2022-08-05 09:00:00+00:00: scheduled__2022-08-05T09:00:00+00:00, externally triggered: False>
[2022-08-08 19:50:17,804] {logging_mixin.py:112} INFO - [2022-08-08 19:50:17,803] {dagrun.py:298} INFO - Marking run <DagRun twitter_dag @ 2022-08-05 09:00:00+00:00: scheduled__2022-08-05T09:00:00+00:00, externally triggered: False> failed
[2022-08-08 19:50:18,025] {scheduler_job.py:459} INFO - Skipping SLA check for <DAG: twitter_dag> because no tasks in DAG have SLAs
[2022-08-08 19:50:18,028] {scheduler_job.py:162} INFO - Processing /home/amadeus/ama/airflow-pipeline-alura/datapipeline/airflow/dags/twitter_dag.py took 0.836 seconds
[2022-08-08 19:51:09,600] {scheduler_job.py:154} INFO - Started process (PID=172106) to work on /home/amadeus/ama/airflow-pipeline-alura/datapipeline/airflow/dags/twitter_dag.py
[2022-08-08 19:51:09,603] {scheduler_job.py:1572} INFO - Processing file /home/amadeus/ama/airflow-pipeline-alura/datapipeline/airflow/dags/twitter_dag.py for tasks to queue
[2022-08-08 19:51:09,603] {logging_mixin.py:112} INFO - [2022-08-08 19:51:09,603] {dagbag.py:417} INFO - Filling up the DagBag from /home/amadeus/ama/airflow-pipeline-alura/datapipeline/airflow/dags/twitter_dag.py
[2022-08-08 19:51:09,611] {logging_mixin.py:112} WARNING - /home/amadeus/ama/airflow-pipeline-alura/datapipeline/airflow/dags/twitter_dag.py:7: FutureWarning: Importing 'TwitterOperator' from under 'airflow.operators.*' has been deprecated and should be directly imported as 'operators.twitter_operator.TwitterOperator' instead.

Support for importing from within the airflow namespace for plugins will be dropped entirely in Airflow 2.0. See <http://airflow.apache.org/docs/stable/howto/custom-operator.html>.
  from airflow.operators.amadeus import TwitterOperator
[2022-08-08 19:51:09,617] {scheduler_job.py:1584} INFO - DAG(s) dict_keys(['twitter_dag']) retrieved from /home/amadeus/ama/airflow-pipeline-alura/datapipeline/airflow/dags/twitter_dag.py
[2022-08-08 19:51:09,861] {scheduler_job.py:1288} INFO - Processing twitter_dag
[2022-08-08 19:51:10,317] {scheduler_job.py:1298} INFO - Created <DagRun twitter_dag @ 2022-08-06 09:00:00+00:00: scheduled__2022-08-06T09:00:00+00:00, externally triggered: False>
[2022-08-08 19:51:10,322] {scheduler_job.py:771} INFO - Examining DAG run <DagRun twitter_dag @ 2022-08-06 09:00:00+00:00: scheduled__2022-08-06T09:00:00+00:00, externally triggered: False>
[2022-08-08 19:51:10,344] {scheduler_job.py:459} INFO - Skipping SLA check for <DAG: twitter_dag> because no tasks in DAG have SLAs
[2022-08-08 19:51:10,350] {scheduler_job.py:1651} INFO - Creating / updating <TaskInstance: twitter_dag.twitter_flamengomalvadao 2022-08-06 09:00:00+00:00 [scheduled]> in ORM
[2022-08-08 19:51:10,571] {scheduler_job.py:162} INFO - Processing /home/amadeus/ama/airflow-pipeline-alura/datapipeline/airflow/dags/twitter_dag.py took 0.971 seconds
[2022-08-08 19:52:08,482] {scheduler_job.py:154} INFO - Started process (PID=172174) to work on /home/amadeus/ama/airflow-pipeline-alura/datapipeline/airflow/dags/twitter_dag.py
[2022-08-08 19:52:08,488] {scheduler_job.py:1572} INFO - Processing file /home/amadeus/ama/airflow-pipeline-alura/datapipeline/airflow/dags/twitter_dag.py for tasks to queue
[2022-08-08 19:52:08,488] {logging_mixin.py:112} INFO - [2022-08-08 19:52:08,488] {dagbag.py:417} INFO - Filling up the DagBag from /home/amadeus/ama/airflow-pipeline-alura/datapipeline/airflow/dags/twitter_dag.py
[2022-08-08 19:52:08,500] {logging_mixin.py:112} WARNING - /home/amadeus/ama/airflow-pipeline-alura/datapipeline/airflow/dags/twitter_dag.py:7: FutureWarning: Importing 'TwitterOperator' from under 'airflow.operators.*' has been deprecated and should be directly imported as 'operators.twitter_operator.TwitterOperator' instead.

Support for importing from within the airflow namespace for plugins will be dropped entirely in Airflow 2.0. See <http://airflow.apache.org/docs/stable/howto/custom-operator.html>.
  from airflow.operators.amadeus import TwitterOperator
[2022-08-08 19:52:08,507] {scheduler_job.py:1584} INFO - DAG(s) dict_keys(['twitter_dag']) retrieved from /home/amadeus/ama/airflow-pipeline-alura/datapipeline/airflow/dags/twitter_dag.py
[2022-08-08 19:52:08,766] {scheduler_job.py:1288} INFO - Processing twitter_dag
[2022-08-08 19:52:08,779] {scheduler_job.py:771} INFO - Examining DAG run <DagRun twitter_dag @ 2022-08-06 09:00:00+00:00: scheduled__2022-08-06T09:00:00+00:00, externally triggered: False>
[2022-08-08 19:52:08,798] {scheduler_job.py:459} INFO - Skipping SLA check for <DAG: twitter_dag> because no tasks in DAG have SLAs
[2022-08-08 19:52:08,806] {scheduler_job.py:1651} INFO - Creating / updating <TaskInstance: twitter_dag.transform_twitter_flamengomalvadao 2022-08-06 09:00:00+00:00 [scheduled]> in ORM
[2022-08-08 19:52:09,017] {scheduler_job.py:162} INFO - Processing /home/amadeus/ama/airflow-pipeline-alura/datapipeline/airflow/dags/twitter_dag.py took 0.536 seconds
[2022-08-08 19:53:17,462] {scheduler_job.py:154} INFO - Started process (PID=172392) to work on /home/amadeus/ama/airflow-pipeline-alura/datapipeline/airflow/dags/twitter_dag.py
[2022-08-08 19:53:17,464] {scheduler_job.py:1572} INFO - Processing file /home/amadeus/ama/airflow-pipeline-alura/datapipeline/airflow/dags/twitter_dag.py for tasks to queue
[2022-08-08 19:53:17,465] {logging_mixin.py:112} INFO - [2022-08-08 19:53:17,464] {dagbag.py:417} INFO - Filling up the DagBag from /home/amadeus/ama/airflow-pipeline-alura/datapipeline/airflow/dags/twitter_dag.py
[2022-08-08 19:53:17,470] {logging_mixin.py:112} WARNING - /home/amadeus/ama/airflow-pipeline-alura/datapipeline/airflow/dags/twitter_dag.py:7: FutureWarning: Importing 'TwitterOperator' from under 'airflow.operators.*' has been deprecated and should be directly imported as 'operators.twitter_operator.TwitterOperator' instead.

Support for importing from within the airflow namespace for plugins will be dropped entirely in Airflow 2.0. See <http://airflow.apache.org/docs/stable/howto/custom-operator.html>.
  from airflow.operators.amadeus import TwitterOperator
[2022-08-08 19:53:17,474] {scheduler_job.py:1584} INFO - DAG(s) dict_keys(['twitter_dag']) retrieved from /home/amadeus/ama/airflow-pipeline-alura/datapipeline/airflow/dags/twitter_dag.py
[2022-08-08 19:53:17,760] {scheduler_job.py:1288} INFO - Processing twitter_dag
[2022-08-08 19:53:17,771] {scheduler_job.py:771} INFO - Examining DAG run <DagRun twitter_dag @ 2022-08-06 09:00:00+00:00: scheduled__2022-08-06T09:00:00+00:00, externally triggered: False>
[2022-08-08 19:53:17,786] {logging_mixin.py:112} INFO - [2022-08-08 19:53:17,786] {dagrun.py:307} INFO - Marking run <DagRun twitter_dag @ 2022-08-06 09:00:00+00:00: scheduled__2022-08-06T09:00:00+00:00, externally triggered: False> successful
[2022-08-08 19:53:18,143] {scheduler_job.py:459} INFO - Skipping SLA check for <DAG: twitter_dag> because no tasks in DAG have SLAs
[2022-08-08 19:53:18,149] {scheduler_job.py:162} INFO - Processing /home/amadeus/ama/airflow-pipeline-alura/datapipeline/airflow/dags/twitter_dag.py took 0.687 seconds
[2022-08-08 19:54:09,884] {scheduler_job.py:154} INFO - Started process (PID=172485) to work on /home/amadeus/ama/airflow-pipeline-alura/datapipeline/airflow/dags/twitter_dag.py
[2022-08-08 19:54:09,889] {scheduler_job.py:1572} INFO - Processing file /home/amadeus/ama/airflow-pipeline-alura/datapipeline/airflow/dags/twitter_dag.py for tasks to queue
[2022-08-08 19:54:09,889] {logging_mixin.py:112} INFO - [2022-08-08 19:54:09,889] {dagbag.py:417} INFO - Filling up the DagBag from /home/amadeus/ama/airflow-pipeline-alura/datapipeline/airflow/dags/twitter_dag.py
[2022-08-08 19:54:09,901] {logging_mixin.py:112} WARNING - /home/amadeus/ama/airflow-pipeline-alura/datapipeline/airflow/dags/twitter_dag.py:7: FutureWarning: Importing 'TwitterOperator' from under 'airflow.operators.*' has been deprecated and should be directly imported as 'operators.twitter_operator.TwitterOperator' instead.

Support for importing from within the airflow namespace for plugins will be dropped entirely in Airflow 2.0. See <http://airflow.apache.org/docs/stable/howto/custom-operator.html>.
  from airflow.operators.amadeus import TwitterOperator
[2022-08-08 19:54:09,909] {scheduler_job.py:1584} INFO - DAG(s) dict_keys(['twitter_dag']) retrieved from /home/amadeus/ama/airflow-pipeline-alura/datapipeline/airflow/dags/twitter_dag.py
[2022-08-08 19:54:10,188] {scheduler_job.py:1288} INFO - Processing twitter_dag
[2022-08-08 19:54:10,742] {scheduler_job.py:1298} INFO - Created <DagRun twitter_dag @ 2022-08-07 09:00:00+00:00: scheduled__2022-08-07T09:00:00+00:00, externally triggered: False>
[2022-08-08 19:54:10,749] {scheduler_job.py:771} INFO - Examining DAG run <DagRun twitter_dag @ 2022-08-07 09:00:00+00:00: scheduled__2022-08-07T09:00:00+00:00, externally triggered: False>
[2022-08-08 19:54:10,776] {scheduler_job.py:459} INFO - Skipping SLA check for <DAG: twitter_dag> because no tasks in DAG have SLAs
[2022-08-08 19:54:10,785] {scheduler_job.py:1651} INFO - Creating / updating <TaskInstance: twitter_dag.twitter_flamengomalvadao 2022-08-07 09:00:00+00:00 [scheduled]> in ORM
[2022-08-08 19:54:11,034] {scheduler_job.py:162} INFO - Processing /home/amadeus/ama/airflow-pipeline-alura/datapipeline/airflow/dags/twitter_dag.py took 1.150 seconds
[2022-08-08 19:55:08,884] {scheduler_job.py:154} INFO - Started process (PID=172564) to work on /home/amadeus/ama/airflow-pipeline-alura/datapipeline/airflow/dags/twitter_dag.py
[2022-08-08 19:55:08,889] {scheduler_job.py:1572} INFO - Processing file /home/amadeus/ama/airflow-pipeline-alura/datapipeline/airflow/dags/twitter_dag.py for tasks to queue
[2022-08-08 19:55:08,890] {logging_mixin.py:112} INFO - [2022-08-08 19:55:08,889] {dagbag.py:417} INFO - Filling up the DagBag from /home/amadeus/ama/airflow-pipeline-alura/datapipeline/airflow/dags/twitter_dag.py
[2022-08-08 19:55:08,901] {logging_mixin.py:112} WARNING - /home/amadeus/ama/airflow-pipeline-alura/datapipeline/airflow/dags/twitter_dag.py:7: FutureWarning: Importing 'TwitterOperator' from under 'airflow.operators.*' has been deprecated and should be directly imported as 'operators.twitter_operator.TwitterOperator' instead.

Support for importing from within the airflow namespace for plugins will be dropped entirely in Airflow 2.0. See <http://airflow.apache.org/docs/stable/howto/custom-operator.html>.
  from airflow.operators.amadeus import TwitterOperator
[2022-08-08 19:55:08,908] {scheduler_job.py:1584} INFO - DAG(s) dict_keys(['twitter_dag']) retrieved from /home/amadeus/ama/airflow-pipeline-alura/datapipeline/airflow/dags/twitter_dag.py
[2022-08-08 19:55:09,307] {scheduler_job.py:1288} INFO - Processing twitter_dag
[2022-08-08 19:55:09,319] {scheduler_job.py:771} INFO - Examining DAG run <DagRun twitter_dag @ 2022-08-07 09:00:00+00:00: scheduled__2022-08-07T09:00:00+00:00, externally triggered: False>
[2022-08-08 19:55:09,341] {scheduler_job.py:459} INFO - Skipping SLA check for <DAG: twitter_dag> because no tasks in DAG have SLAs
[2022-08-08 19:55:09,347] {scheduler_job.py:1651} INFO - Creating / updating <TaskInstance: twitter_dag.transform_twitter_flamengomalvadao 2022-08-07 09:00:00+00:00 [scheduled]> in ORM
[2022-08-08 19:55:09,570] {scheduler_job.py:162} INFO - Processing /home/amadeus/ama/airflow-pipeline-alura/datapipeline/airflow/dags/twitter_dag.py took 0.685 seconds
[2022-08-08 19:56:18,196] {scheduler_job.py:154} INFO - Started process (PID=172797) to work on /home/amadeus/ama/airflow-pipeline-alura/datapipeline/airflow/dags/twitter_dag.py
[2022-08-08 19:56:18,199] {scheduler_job.py:1572} INFO - Processing file /home/amadeus/ama/airflow-pipeline-alura/datapipeline/airflow/dags/twitter_dag.py for tasks to queue
[2022-08-08 19:56:18,199] {logging_mixin.py:112} INFO - [2022-08-08 19:56:18,199] {dagbag.py:417} INFO - Filling up the DagBag from /home/amadeus/ama/airflow-pipeline-alura/datapipeline/airflow/dags/twitter_dag.py
[2022-08-08 19:56:18,209] {logging_mixin.py:112} WARNING - /home/amadeus/ama/airflow-pipeline-alura/datapipeline/airflow/dags/twitter_dag.py:7: FutureWarning: Importing 'TwitterOperator' from under 'airflow.operators.*' has been deprecated and should be directly imported as 'operators.twitter_operator.TwitterOperator' instead.

Support for importing from within the airflow namespace for plugins will be dropped entirely in Airflow 2.0. See <http://airflow.apache.org/docs/stable/howto/custom-operator.html>.
  from airflow.operators.amadeus import TwitterOperator
[2022-08-08 19:56:18,216] {scheduler_job.py:1584} INFO - DAG(s) dict_keys(['twitter_dag']) retrieved from /home/amadeus/ama/airflow-pipeline-alura/datapipeline/airflow/dags/twitter_dag.py
[2022-08-08 19:56:18,457] {scheduler_job.py:1288} INFO - Processing twitter_dag
[2022-08-08 19:56:18,470] {scheduler_job.py:771} INFO - Examining DAG run <DagRun twitter_dag @ 2022-08-07 09:00:00+00:00: scheduled__2022-08-07T09:00:00+00:00, externally triggered: False>
[2022-08-08 19:56:18,485] {logging_mixin.py:112} INFO - [2022-08-08 19:56:18,485] {dagrun.py:307} INFO - Marking run <DagRun twitter_dag @ 2022-08-07 09:00:00+00:00: scheduled__2022-08-07T09:00:00+00:00, externally triggered: False> successful
[2022-08-08 19:56:18,728] {scheduler_job.py:459} INFO - Skipping SLA check for <DAG: twitter_dag> because no tasks in DAG have SLAs
[2022-08-08 19:56:18,734] {scheduler_job.py:162} INFO - Processing /home/amadeus/ama/airflow-pipeline-alura/datapipeline/airflow/dags/twitter_dag.py took 0.538 seconds
[2022-08-08 19:57:10,613] {scheduler_job.py:154} INFO - Started process (PID=172850) to work on /home/amadeus/ama/airflow-pipeline-alura/datapipeline/airflow/dags/twitter_dag.py
[2022-08-08 19:57:10,617] {scheduler_job.py:1572} INFO - Processing file /home/amadeus/ama/airflow-pipeline-alura/datapipeline/airflow/dags/twitter_dag.py for tasks to queue
[2022-08-08 19:57:10,618] {logging_mixin.py:112} INFO - [2022-08-08 19:57:10,618] {dagbag.py:417} INFO - Filling up the DagBag from /home/amadeus/ama/airflow-pipeline-alura/datapipeline/airflow/dags/twitter_dag.py
[2022-08-08 19:57:10,629] {logging_mixin.py:112} WARNING - /home/amadeus/ama/airflow-pipeline-alura/datapipeline/airflow/dags/twitter_dag.py:7: FutureWarning: Importing 'TwitterOperator' from under 'airflow.operators.*' has been deprecated and should be directly imported as 'operators.twitter_operator.TwitterOperator' instead.

Support for importing from within the airflow namespace for plugins will be dropped entirely in Airflow 2.0. See <http://airflow.apache.org/docs/stable/howto/custom-operator.html>.
  from airflow.operators.amadeus import TwitterOperator
[2022-08-08 19:57:10,636] {scheduler_job.py:1584} INFO - DAG(s) dict_keys(['twitter_dag']) retrieved from /home/amadeus/ama/airflow-pipeline-alura/datapipeline/airflow/dags/twitter_dag.py
[2022-08-08 19:57:10,884] {scheduler_job.py:1288} INFO - Processing twitter_dag
[2022-08-08 19:57:10,913] {scheduler_job.py:459} INFO - Skipping SLA check for <DAG: twitter_dag> because no tasks in DAG have SLAs
[2022-08-08 19:57:10,918] {scheduler_job.py:162} INFO - Processing /home/amadeus/ama/airflow-pipeline-alura/datapipeline/airflow/dags/twitter_dag.py took 0.305 seconds
[2022-08-08 19:58:02,337] {scheduler_job.py:154} INFO - Started process (PID=172895) to work on /home/amadeus/ama/airflow-pipeline-alura/datapipeline/airflow/dags/twitter_dag.py
[2022-08-08 19:58:02,340] {scheduler_job.py:1572} INFO - Processing file /home/amadeus/ama/airflow-pipeline-alura/datapipeline/airflow/dags/twitter_dag.py for tasks to queue
[2022-08-08 19:58:02,340] {logging_mixin.py:112} INFO - [2022-08-08 19:58:02,340] {dagbag.py:417} INFO - Filling up the DagBag from /home/amadeus/ama/airflow-pipeline-alura/datapipeline/airflow/dags/twitter_dag.py
[2022-08-08 19:58:02,346] {logging_mixin.py:112} WARNING - /home/amadeus/ama/airflow-pipeline-alura/datapipeline/airflow/dags/twitter_dag.py:7: FutureWarning: Importing 'TwitterOperator' from under 'airflow.operators.*' has been deprecated and should be directly imported as 'operators.twitter_operator.TwitterOperator' instead.

Support for importing from within the airflow namespace for plugins will be dropped entirely in Airflow 2.0. See <http://airflow.apache.org/docs/stable/howto/custom-operator.html>.
  from airflow.operators.amadeus import TwitterOperator
[2022-08-08 19:58:02,349] {scheduler_job.py:1584} INFO - DAG(s) dict_keys(['twitter_dag']) retrieved from /home/amadeus/ama/airflow-pipeline-alura/datapipeline/airflow/dags/twitter_dag.py
[2022-08-08 19:58:02,568] {scheduler_job.py:1288} INFO - Processing twitter_dag
[2022-08-08 19:58:02,599] {scheduler_job.py:459} INFO - Skipping SLA check for <DAG: twitter_dag> because no tasks in DAG have SLAs
[2022-08-08 19:58:02,604] {scheduler_job.py:162} INFO - Processing /home/amadeus/ama/airflow-pipeline-alura/datapipeline/airflow/dags/twitter_dag.py took 0.267 seconds
[2022-08-08 19:58:54,412] {scheduler_job.py:154} INFO - Started process (PID=172989) to work on /home/amadeus/ama/airflow-pipeline-alura/datapipeline/airflow/dags/twitter_dag.py
[2022-08-08 19:58:54,418] {scheduler_job.py:1572} INFO - Processing file /home/amadeus/ama/airflow-pipeline-alura/datapipeline/airflow/dags/twitter_dag.py for tasks to queue
[2022-08-08 19:58:54,419] {logging_mixin.py:112} INFO - [2022-08-08 19:58:54,419] {dagbag.py:417} INFO - Filling up the DagBag from /home/amadeus/ama/airflow-pipeline-alura/datapipeline/airflow/dags/twitter_dag.py
[2022-08-08 19:58:54,432] {logging_mixin.py:112} WARNING - /home/amadeus/ama/airflow-pipeline-alura/datapipeline/airflow/dags/twitter_dag.py:7: FutureWarning: Importing 'TwitterOperator' from under 'airflow.operators.*' has been deprecated and should be directly imported as 'operators.twitter_operator.TwitterOperator' instead.

Support for importing from within the airflow namespace for plugins will be dropped entirely in Airflow 2.0. See <http://airflow.apache.org/docs/stable/howto/custom-operator.html>.
  from airflow.operators.amadeus import TwitterOperator
[2022-08-08 19:58:54,441] {scheduler_job.py:1584} INFO - DAG(s) dict_keys(['twitter_dag']) retrieved from /home/amadeus/ama/airflow-pipeline-alura/datapipeline/airflow/dags/twitter_dag.py
[2022-08-08 19:58:54,726] {scheduler_job.py:1288} INFO - Processing twitter_dag
[2022-08-08 19:58:54,744] {scheduler_job.py:459} INFO - Skipping SLA check for <DAG: twitter_dag> because no tasks in DAG have SLAs
[2022-08-08 19:58:54,747] {scheduler_job.py:162} INFO - Processing /home/amadeus/ama/airflow-pipeline-alura/datapipeline/airflow/dags/twitter_dag.py took 0.336 seconds
[2022-08-08 19:59:46,822] {scheduler_job.py:154} INFO - Started process (PID=173040) to work on /home/amadeus/ama/airflow-pipeline-alura/datapipeline/airflow/dags/twitter_dag.py
[2022-08-08 19:59:46,825] {scheduler_job.py:1572} INFO - Processing file /home/amadeus/ama/airflow-pipeline-alura/datapipeline/airflow/dags/twitter_dag.py for tasks to queue
[2022-08-08 19:59:46,825] {logging_mixin.py:112} INFO - [2022-08-08 19:59:46,825] {dagbag.py:417} INFO - Filling up the DagBag from /home/amadeus/ama/airflow-pipeline-alura/datapipeline/airflow/dags/twitter_dag.py
[2022-08-08 19:59:46,831] {logging_mixin.py:112} WARNING - /home/amadeus/ama/airflow-pipeline-alura/datapipeline/airflow/dags/twitter_dag.py:7: FutureWarning: Importing 'TwitterOperator' from under 'airflow.operators.*' has been deprecated and should be directly imported as 'operators.twitter_operator.TwitterOperator' instead.

Support for importing from within the airflow namespace for plugins will be dropped entirely in Airflow 2.0. See <http://airflow.apache.org/docs/stable/howto/custom-operator.html>.
  from airflow.operators.amadeus import TwitterOperator
[2022-08-08 19:59:46,835] {scheduler_job.py:1584} INFO - DAG(s) dict_keys(['twitter_dag']) retrieved from /home/amadeus/ama/airflow-pipeline-alura/datapipeline/airflow/dags/twitter_dag.py
[2022-08-08 19:59:47,077] {scheduler_job.py:1288} INFO - Processing twitter_dag
[2022-08-08 19:59:47,103] {scheduler_job.py:459} INFO - Skipping SLA check for <DAG: twitter_dag> because no tasks in DAG have SLAs
[2022-08-08 19:59:47,108] {scheduler_job.py:162} INFO - Processing /home/amadeus/ama/airflow-pipeline-alura/datapipeline/airflow/dags/twitter_dag.py took 0.285 seconds
[2022-08-08 20:00:38,551] {scheduler_job.py:154} INFO - Started process (PID=173088) to work on /home/amadeus/ama/airflow-pipeline-alura/datapipeline/airflow/dags/twitter_dag.py
[2022-08-08 20:00:38,555] {scheduler_job.py:1572} INFO - Processing file /home/amadeus/ama/airflow-pipeline-alura/datapipeline/airflow/dags/twitter_dag.py for tasks to queue
[2022-08-08 20:00:38,556] {logging_mixin.py:112} INFO - [2022-08-08 20:00:38,556] {dagbag.py:417} INFO - Filling up the DagBag from /home/amadeus/ama/airflow-pipeline-alura/datapipeline/airflow/dags/twitter_dag.py
[2022-08-08 20:00:38,569] {logging_mixin.py:112} WARNING - /home/amadeus/ama/airflow-pipeline-alura/datapipeline/airflow/dags/twitter_dag.py:7: FutureWarning: Importing 'TwitterOperator' from under 'airflow.operators.*' has been deprecated and should be directly imported as 'operators.twitter_operator.TwitterOperator' instead.

Support for importing from within the airflow namespace for plugins will be dropped entirely in Airflow 2.0. See <http://airflow.apache.org/docs/stable/howto/custom-operator.html>.
  from airflow.operators.amadeus import TwitterOperator
[2022-08-08 20:00:38,575] {scheduler_job.py:1584} INFO - DAG(s) dict_keys(['twitter_dag']) retrieved from /home/amadeus/ama/airflow-pipeline-alura/datapipeline/airflow/dags/twitter_dag.py
[2022-08-08 20:00:38,889] {scheduler_job.py:1288} INFO - Processing twitter_dag
[2022-08-08 20:00:38,916] {scheduler_job.py:459} INFO - Skipping SLA check for <DAG: twitter_dag> because no tasks in DAG have SLAs
[2022-08-08 20:00:38,921] {scheduler_job.py:162} INFO - Processing /home/amadeus/ama/airflow-pipeline-alura/datapipeline/airflow/dags/twitter_dag.py took 0.370 seconds
[2022-08-08 20:01:30,615] {scheduler_job.py:154} INFO - Started process (PID=173135) to work on /home/amadeus/ama/airflow-pipeline-alura/datapipeline/airflow/dags/twitter_dag.py
[2022-08-08 20:01:30,618] {scheduler_job.py:1572} INFO - Processing file /home/amadeus/ama/airflow-pipeline-alura/datapipeline/airflow/dags/twitter_dag.py for tasks to queue
[2022-08-08 20:01:30,618] {logging_mixin.py:112} INFO - [2022-08-08 20:01:30,618] {dagbag.py:417} INFO - Filling up the DagBag from /home/amadeus/ama/airflow-pipeline-alura/datapipeline/airflow/dags/twitter_dag.py
[2022-08-08 20:01:30,626] {logging_mixin.py:112} WARNING - /home/amadeus/ama/airflow-pipeline-alura/datapipeline/airflow/dags/twitter_dag.py:7: FutureWarning: Importing 'TwitterOperator' from under 'airflow.operators.*' has been deprecated and should be directly imported as 'operators.twitter_operator.TwitterOperator' instead.

Support for importing from within the airflow namespace for plugins will be dropped entirely in Airflow 2.0. See <http://airflow.apache.org/docs/stable/howto/custom-operator.html>.
  from airflow.operators.amadeus import TwitterOperator
[2022-08-08 20:01:30,631] {scheduler_job.py:1584} INFO - DAG(s) dict_keys(['twitter_dag']) retrieved from /home/amadeus/ama/airflow-pipeline-alura/datapipeline/airflow/dags/twitter_dag.py
[2022-08-08 20:01:30,885] {scheduler_job.py:1288} INFO - Processing twitter_dag
[2022-08-08 20:01:30,911] {scheduler_job.py:459} INFO - Skipping SLA check for <DAG: twitter_dag> because no tasks in DAG have SLAs
[2022-08-08 20:01:30,915] {scheduler_job.py:162} INFO - Processing /home/amadeus/ama/airflow-pipeline-alura/datapipeline/airflow/dags/twitter_dag.py took 0.300 seconds
[2022-08-08 20:02:22,927] {scheduler_job.py:154} INFO - Started process (PID=173181) to work on /home/amadeus/ama/airflow-pipeline-alura/datapipeline/airflow/dags/twitter_dag.py
[2022-08-08 20:02:22,929] {scheduler_job.py:1572} INFO - Processing file /home/amadeus/ama/airflow-pipeline-alura/datapipeline/airflow/dags/twitter_dag.py for tasks to queue
[2022-08-08 20:02:22,929] {logging_mixin.py:112} INFO - [2022-08-08 20:02:22,929] {dagbag.py:417} INFO - Filling up the DagBag from /home/amadeus/ama/airflow-pipeline-alura/datapipeline/airflow/dags/twitter_dag.py
[2022-08-08 20:02:22,935] {logging_mixin.py:112} WARNING - /home/amadeus/ama/airflow-pipeline-alura/datapipeline/airflow/dags/twitter_dag.py:7: FutureWarning: Importing 'TwitterOperator' from under 'airflow.operators.*' has been deprecated and should be directly imported as 'operators.twitter_operator.TwitterOperator' instead.

Support for importing from within the airflow namespace for plugins will be dropped entirely in Airflow 2.0. See <http://airflow.apache.org/docs/stable/howto/custom-operator.html>.
  from airflow.operators.amadeus import TwitterOperator
[2022-08-08 20:02:22,939] {scheduler_job.py:1584} INFO - DAG(s) dict_keys(['twitter_dag']) retrieved from /home/amadeus/ama/airflow-pipeline-alura/datapipeline/airflow/dags/twitter_dag.py
[2022-08-08 20:02:23,179] {scheduler_job.py:1288} INFO - Processing twitter_dag
[2022-08-08 20:02:23,206] {scheduler_job.py:459} INFO - Skipping SLA check for <DAG: twitter_dag> because no tasks in DAG have SLAs
[2022-08-08 20:02:23,210] {scheduler_job.py:162} INFO - Processing /home/amadeus/ama/airflow-pipeline-alura/datapipeline/airflow/dags/twitter_dag.py took 0.284 seconds
[2022-08-08 20:03:14,756] {scheduler_job.py:154} INFO - Started process (PID=173229) to work on /home/amadeus/ama/airflow-pipeline-alura/datapipeline/airflow/dags/twitter_dag.py
[2022-08-08 20:03:14,761] {scheduler_job.py:1572} INFO - Processing file /home/amadeus/ama/airflow-pipeline-alura/datapipeline/airflow/dags/twitter_dag.py for tasks to queue
[2022-08-08 20:03:14,762] {logging_mixin.py:112} INFO - [2022-08-08 20:03:14,762] {dagbag.py:417} INFO - Filling up the DagBag from /home/amadeus/ama/airflow-pipeline-alura/datapipeline/airflow/dags/twitter_dag.py
[2022-08-08 20:03:14,775] {logging_mixin.py:112} WARNING - /home/amadeus/ama/airflow-pipeline-alura/datapipeline/airflow/dags/twitter_dag.py:7: FutureWarning: Importing 'TwitterOperator' from under 'airflow.operators.*' has been deprecated and should be directly imported as 'operators.twitter_operator.TwitterOperator' instead.

Support for importing from within the airflow namespace for plugins will be dropped entirely in Airflow 2.0. See <http://airflow.apache.org/docs/stable/howto/custom-operator.html>.
  from airflow.operators.amadeus import TwitterOperator
[2022-08-08 20:03:14,783] {scheduler_job.py:1584} INFO - DAG(s) dict_keys(['twitter_dag']) retrieved from /home/amadeus/ama/airflow-pipeline-alura/datapipeline/airflow/dags/twitter_dag.py
[2022-08-08 20:03:15,210] {scheduler_job.py:1288} INFO - Processing twitter_dag
[2022-08-08 20:03:15,239] {scheduler_job.py:459} INFO - Skipping SLA check for <DAG: twitter_dag> because no tasks in DAG have SLAs
[2022-08-08 20:03:15,245] {scheduler_job.py:162} INFO - Processing /home/amadeus/ama/airflow-pipeline-alura/datapipeline/airflow/dags/twitter_dag.py took 0.489 seconds
[2022-08-08 20:04:06,825] {scheduler_job.py:154} INFO - Started process (PID=173275) to work on /home/amadeus/ama/airflow-pipeline-alura/datapipeline/airflow/dags/twitter_dag.py
[2022-08-08 20:04:06,830] {scheduler_job.py:1572} INFO - Processing file /home/amadeus/ama/airflow-pipeline-alura/datapipeline/airflow/dags/twitter_dag.py for tasks to queue
[2022-08-08 20:04:06,831] {logging_mixin.py:112} INFO - [2022-08-08 20:04:06,830] {dagbag.py:417} INFO - Filling up the DagBag from /home/amadeus/ama/airflow-pipeline-alura/datapipeline/airflow/dags/twitter_dag.py
[2022-08-08 20:04:06,842] {logging_mixin.py:112} WARNING - /home/amadeus/ama/airflow-pipeline-alura/datapipeline/airflow/dags/twitter_dag.py:7: FutureWarning: Importing 'TwitterOperator' from under 'airflow.operators.*' has been deprecated and should be directly imported as 'operators.twitter_operator.TwitterOperator' instead.

Support for importing from within the airflow namespace for plugins will be dropped entirely in Airflow 2.0. See <http://airflow.apache.org/docs/stable/howto/custom-operator.html>.
  from airflow.operators.amadeus import TwitterOperator
[2022-08-08 20:04:06,849] {scheduler_job.py:1584} INFO - DAG(s) dict_keys(['twitter_dag']) retrieved from /home/amadeus/ama/airflow-pipeline-alura/datapipeline/airflow/dags/twitter_dag.py
[2022-08-08 20:04:07,170] {scheduler_job.py:1288} INFO - Processing twitter_dag
[2022-08-08 20:04:07,198] {scheduler_job.py:459} INFO - Skipping SLA check for <DAG: twitter_dag> because no tasks in DAG have SLAs
[2022-08-08 20:04:07,203] {scheduler_job.py:162} INFO - Processing /home/amadeus/ama/airflow-pipeline-alura/datapipeline/airflow/dags/twitter_dag.py took 0.378 seconds
