[2022-08-04 13:06:06,819] {taskinstance.py:670} INFO - Dependencies all met for <TaskInstance: twitter_dag.transform_twitter_flamengomalvadao 2022-08-02T09:00:00+00:00 [queued]>
[2022-08-04 13:06:06,855] {taskinstance.py:670} INFO - Dependencies all met for <TaskInstance: twitter_dag.transform_twitter_flamengomalvadao 2022-08-02T09:00:00+00:00 [queued]>
[2022-08-04 13:06:06,856] {taskinstance.py:880} INFO - 
--------------------------------------------------------------------------------
[2022-08-04 13:06:06,856] {taskinstance.py:881} INFO - Starting attempt 2 of 2
[2022-08-04 13:06:06,856] {taskinstance.py:882} INFO - 
--------------------------------------------------------------------------------
[2022-08-04 13:06:07,165] {taskinstance.py:901} INFO - Executing <Task(SparkSubmitOperator): transform_twitter_flamengomalvadao> on 2022-08-02T09:00:00+00:00
[2022-08-04 13:06:07,171] {standard_task_runner.py:54} INFO - Started process 139569 to run task
[2022-08-04 13:06:07,299] {standard_task_runner.py:77} INFO - Running: ['airflow', 'run', 'twitter_dag', 'transform_twitter_flamengomalvadao', '2022-08-02T09:00:00+00:00', '--job_id', '62', '--pool', 'default_pool', '--raw', '-sd', 'DAGS_FOLDER/twitter_dag.py', '--cfg_path', '/tmp/tmptj_fxtn_']
[2022-08-04 13:06:07,299] {standard_task_runner.py:78} INFO - Job 62: Subtask transform_twitter_flamengomalvadao
[2022-08-04 13:06:07,668] {logging_mixin.py:112} INFO - Running <TaskInstance: twitter_dag.transform_twitter_flamengomalvadao 2022-08-02T09:00:00+00:00 [running]> on host ama
[2022-08-04 13:06:07,782] {base_hook.py:89} INFO - Using connection to: id: spark_default. Host: local, Port: None, Schema: None, Login: None, Password: None, extra: XXXXXXXX
[2022-08-04 13:06:07,784] {spark_submit_hook.py:325} INFO - Spark-Submit cmd: /home/amadeus/Downloads/spark-3.3.0-bin-hadoop2/bin/spark-submit --master local --name twitter_transformation /home/amadeus/ama/airflow-pipeline-alura/datapipeline/spark/transfortmation.py --src /home/amadeus/airflow-pipeline-alura/datapipeline/datalake/bronze/twitter_flamengomalvadao/extract_date=2022-08-02 --dest /home/amadeus/airflow-pipeline-alura/datapipeline/datalake/silver/twitter_flamengomalvadao/ --process-date 2022-08-02
[2022-08-04 13:06:09,874] {spark_submit_hook.py:479} INFO - 22/08/04 13:06:09 WARN Utils: Your hostname, ama resolves to a loopback address: 127.0.1.1; using 192.168.1.12 instead (on interface wlo1)
[2022-08-04 13:06:09,877] {spark_submit_hook.py:479} INFO - 22/08/04 13:06:09 WARN Utils: Set SPARK_LOCAL_IP if you need to bind to another address
[2022-08-04 13:06:11,165] {spark_submit_hook.py:479} INFO - 22/08/04 13:06:11 INFO SparkContext: Running Spark version 3.3.0
[2022-08-04 13:06:11,314] {spark_submit_hook.py:479} INFO - 22/08/04 13:06:11 WARN NativeCodeLoader: Unable to load native-hadoop library for your platform... using builtin-java classes where applicable
[2022-08-04 13:06:11,436] {spark_submit_hook.py:479} INFO - 22/08/04 13:06:11 INFO ResourceUtils: ==============================================================
[2022-08-04 13:06:11,437] {spark_submit_hook.py:479} INFO - 22/08/04 13:06:11 INFO ResourceUtils: No custom resources configured for spark.driver.
[2022-08-04 13:06:11,437] {spark_submit_hook.py:479} INFO - 22/08/04 13:06:11 INFO ResourceUtils: ==============================================================
[2022-08-04 13:06:11,438] {spark_submit_hook.py:479} INFO - 22/08/04 13:06:11 INFO SparkContext: Submitted application: twitter_transformation
[2022-08-04 13:06:11,466] {spark_submit_hook.py:479} INFO - 22/08/04 13:06:11 INFO ResourceProfile: Default ResourceProfile created, executor resources: Map(cores -> name: cores, amount: 1, script: , vendor: , memory -> name: memory, amount: 1024, script: , vendor: , offHeap -> name: offHeap, amount: 0, script: , vendor: ), task resources: Map(cpus -> name: cpus, amount: 1.0)
[2022-08-04 13:06:11,484] {spark_submit_hook.py:479} INFO - 22/08/04 13:06:11 INFO ResourceProfile: Limiting resource is cpu
[2022-08-04 13:06:11,485] {spark_submit_hook.py:479} INFO - 22/08/04 13:06:11 INFO ResourceProfileManager: Added ResourceProfile id: 0
[2022-08-04 13:06:11,551] {spark_submit_hook.py:479} INFO - 22/08/04 13:06:11 INFO SecurityManager: Changing view acls to: amadeus
[2022-08-04 13:06:11,552] {spark_submit_hook.py:479} INFO - 22/08/04 13:06:11 INFO SecurityManager: Changing modify acls to: amadeus
[2022-08-04 13:06:11,553] {spark_submit_hook.py:479} INFO - 22/08/04 13:06:11 INFO SecurityManager: Changing view acls groups to:
[2022-08-04 13:06:11,554] {spark_submit_hook.py:479} INFO - 22/08/04 13:06:11 INFO SecurityManager: Changing modify acls groups to:
[2022-08-04 13:06:11,555] {spark_submit_hook.py:479} INFO - 22/08/04 13:06:11 INFO SecurityManager: SecurityManager: authentication disabled; ui acls disabled; users  with view permissions: Set(amadeus); groups with view permissions: Set(); users  with modify permissions: Set(amadeus); groups with modify permissions: Set()
[2022-08-04 13:06:12,005] {spark_submit_hook.py:479} INFO - 22/08/04 13:06:12 INFO Utils: Successfully started service 'sparkDriver' on port 33467.
[2022-08-04 13:06:12,038] {spark_submit_hook.py:479} INFO - 22/08/04 13:06:12 INFO SparkEnv: Registering MapOutputTracker
[2022-08-04 13:06:12,085] {spark_submit_hook.py:479} INFO - 22/08/04 13:06:12 INFO SparkEnv: Registering BlockManagerMaster
[2022-08-04 13:06:12,111] {spark_submit_hook.py:479} INFO - 22/08/04 13:06:12 INFO BlockManagerMasterEndpoint: Using org.apache.spark.storage.DefaultTopologyMapper for getting topology information
[2022-08-04 13:06:12,112] {spark_submit_hook.py:479} INFO - 22/08/04 13:06:12 INFO BlockManagerMasterEndpoint: BlockManagerMasterEndpoint up
[2022-08-04 13:06:12,117] {spark_submit_hook.py:479} INFO - 22/08/04 13:06:12 INFO SparkEnv: Registering BlockManagerMasterHeartbeat
[2022-08-04 13:06:12,147] {spark_submit_hook.py:479} INFO - 22/08/04 13:06:12 INFO DiskBlockManager: Created local directory at /tmp/blockmgr-b2089f47-edc5-4258-b63f-8c773e209a3e
[2022-08-04 13:06:12,171] {spark_submit_hook.py:479} INFO - 22/08/04 13:06:12 INFO MemoryStore: MemoryStore started with capacity 434.4 MiB
[2022-08-04 13:06:12,194] {spark_submit_hook.py:479} INFO - 22/08/04 13:06:12 INFO SparkEnv: Registering OutputCommitCoordinator
[2022-08-04 13:06:12,501] {spark_submit_hook.py:479} INFO - 22/08/04 13:06:12 WARN Utils: Service 'SparkUI' could not bind on port 4040. Attempting port 4041.
[2022-08-04 13:06:12,515] {spark_submit_hook.py:479} INFO - 22/08/04 13:06:12 INFO Utils: Successfully started service 'SparkUI' on port 4041.
[2022-08-04 13:06:12,680] {spark_submit_hook.py:479} INFO - 22/08/04 13:06:12 INFO Executor: Starting executor ID driver on host 192.168.1.12
[2022-08-04 13:06:12,691] {spark_submit_hook.py:479} INFO - 22/08/04 13:06:12 INFO Executor: Starting executor with user classpath (userClassPathFirst = false): ''
[2022-08-04 13:06:12,719] {spark_submit_hook.py:479} INFO - 22/08/04 13:06:12 INFO Utils: Successfully started service 'org.apache.spark.network.netty.NettyBlockTransferService' on port 33703.
[2022-08-04 13:06:12,719] {spark_submit_hook.py:479} INFO - 22/08/04 13:06:12 INFO NettyBlockTransferService: Server created on 192.168.1.12:33703
[2022-08-04 13:06:12,722] {spark_submit_hook.py:479} INFO - 22/08/04 13:06:12 INFO BlockManager: Using org.apache.spark.storage.RandomBlockReplicationPolicy for block replication policy
[2022-08-04 13:06:12,731] {spark_submit_hook.py:479} INFO - 22/08/04 13:06:12 INFO BlockManagerMaster: Registering BlockManager BlockManagerId(driver, 192.168.1.12, 33703, None)
[2022-08-04 13:06:12,735] {spark_submit_hook.py:479} INFO - 22/08/04 13:06:12 INFO BlockManagerMasterEndpoint: Registering block manager 192.168.1.12:33703 with 434.4 MiB RAM, BlockManagerId(driver, 192.168.1.12, 33703, None)
[2022-08-04 13:06:12,739] {spark_submit_hook.py:479} INFO - 22/08/04 13:06:12 INFO BlockManagerMaster: Registered BlockManager BlockManagerId(driver, 192.168.1.12, 33703, None)
[2022-08-04 13:06:12,740] {spark_submit_hook.py:479} INFO - 22/08/04 13:06:12 INFO BlockManager: Initialized BlockManager: BlockManagerId(driver, 192.168.1.12, 33703, None)
[2022-08-04 13:06:13,462] {spark_submit_hook.py:479} INFO - 22/08/04 13:06:13 INFO SharedState: Setting hive.metastore.warehouse.dir ('null') to the value of spark.sql.warehouse.dir.
[2022-08-04 13:06:13,467] {spark_submit_hook.py:479} INFO - 22/08/04 13:06:13 INFO SharedState: Warehouse path is 'file:/home/amadeus/ama/airflow-pipeline-alura/datapipeline/spark-warehouse'.
[2022-08-04 13:06:14,538] {spark_submit_hook.py:479} INFO - 22/08/04 13:06:14 INFO InMemoryFileIndex: It took 57 ms to list leaf files for 1 paths.
[2022-08-04 13:06:14,644] {spark_submit_hook.py:479} INFO - 22/08/04 13:06:14 INFO InMemoryFileIndex: It took 4 ms to list leaf files for 1 paths.
[2022-08-04 13:06:17,149] {spark_submit_hook.py:479} INFO - 22/08/04 13:06:17 INFO FileSourceStrategy: Pushed Filters:
[2022-08-04 13:06:17,151] {spark_submit_hook.py:479} INFO - 22/08/04 13:06:17 INFO FileSourceStrategy: Post-Scan Filters:
[2022-08-04 13:06:17,154] {spark_submit_hook.py:479} INFO - 22/08/04 13:06:17 INFO FileSourceStrategy: Output Data Schema: struct<value: string>
[2022-08-04 13:06:17,528] {spark_submit_hook.py:479} INFO - 22/08/04 13:06:17 INFO MemoryStore: Block broadcast_0 stored as values in memory (estimated size 173.7 KiB, free 434.2 MiB)
[2022-08-04 13:06:17,589] {spark_submit_hook.py:479} INFO - 22/08/04 13:06:17 INFO MemoryStore: Block broadcast_0_piece0 stored as bytes in memory (estimated size 24.7 KiB, free 434.2 MiB)
[2022-08-04 13:06:17,592] {spark_submit_hook.py:479} INFO - 22/08/04 13:06:17 INFO BlockManagerInfo: Added broadcast_0_piece0 in memory on 192.168.1.12:33703 (size: 24.7 KiB, free: 434.4 MiB)
[2022-08-04 13:06:17,598] {spark_submit_hook.py:479} INFO - 22/08/04 13:06:17 INFO SparkContext: Created broadcast 0 from json at NativeMethodAccessorImpl.java:0
[2022-08-04 13:06:17,609] {spark_submit_hook.py:479} INFO - 22/08/04 13:06:17 INFO FileSourceScanExec: Planning scan with bin packing, max size: 4402857 bytes, open cost is considered as scanning 4194304 bytes.
[2022-08-04 13:06:17,906] {spark_submit_hook.py:479} INFO - 22/08/04 13:06:17 INFO SparkContext: Starting job: json at NativeMethodAccessorImpl.java:0
[2022-08-04 13:06:17,929] {spark_submit_hook.py:479} INFO - 22/08/04 13:06:17 INFO DAGScheduler: Got job 0 (json at NativeMethodAccessorImpl.java:0) with 1 output partitions
[2022-08-04 13:06:17,930] {spark_submit_hook.py:479} INFO - 22/08/04 13:06:17 INFO DAGScheduler: Final stage: ResultStage 0 (json at NativeMethodAccessorImpl.java:0)
[2022-08-04 13:06:17,930] {spark_submit_hook.py:479} INFO - 22/08/04 13:06:17 INFO DAGScheduler: Parents of final stage: List()
[2022-08-04 13:06:17,932] {spark_submit_hook.py:479} INFO - 22/08/04 13:06:17 INFO DAGScheduler: Missing parents: List()
[2022-08-04 13:06:17,937] {spark_submit_hook.py:479} INFO - 22/08/04 13:06:17 INFO DAGScheduler: Submitting ResultStage 0 (MapPartitionsRDD[3] at json at NativeMethodAccessorImpl.java:0), which has no missing parents
[2022-08-04 13:06:18,075] {spark_submit_hook.py:479} INFO - 22/08/04 13:06:18 INFO MemoryStore: Block broadcast_1 stored as values in memory (estimated size 14.5 KiB, free 434.2 MiB)
[2022-08-04 13:06:18,079] {spark_submit_hook.py:479} INFO - 22/08/04 13:06:18 INFO MemoryStore: Block broadcast_1_piece0 stored as bytes in memory (estimated size 7.0 KiB, free 434.2 MiB)
[2022-08-04 13:06:18,081] {spark_submit_hook.py:479} INFO - 22/08/04 13:06:18 INFO BlockManagerInfo: Added broadcast_1_piece0 in memory on 192.168.1.12:33703 (size: 7.0 KiB, free: 434.4 MiB)
[2022-08-04 13:06:18,082] {spark_submit_hook.py:479} INFO - 22/08/04 13:06:18 INFO SparkContext: Created broadcast 1 from broadcast at DAGScheduler.scala:1513
[2022-08-04 13:06:18,108] {spark_submit_hook.py:479} INFO - 22/08/04 13:06:18 INFO DAGScheduler: Submitting 1 missing tasks from ResultStage 0 (MapPartitionsRDD[3] at json at NativeMethodAccessorImpl.java:0) (first 15 tasks are for partitions Vector(0))
[2022-08-04 13:06:18,110] {spark_submit_hook.py:479} INFO - 22/08/04 13:06:18 INFO TaskSchedulerImpl: Adding task set 0.0 with 1 tasks resource profile 0
[2022-08-04 13:06:18,212] {spark_submit_hook.py:479} INFO - 22/08/04 13:06:18 INFO TaskSetManager: Starting task 0.0 in stage 0.0 (TID 0) (192.168.1.12, executor driver, partition 0, PROCESS_LOCAL, 5023 bytes) taskResourceAssignments Map()
[2022-08-04 13:06:18,239] {spark_submit_hook.py:479} INFO - 22/08/04 13:06:18 INFO Executor: Running task 0.0 in stage 0.0 (TID 0)
[2022-08-04 13:06:18,437] {spark_submit_hook.py:479} INFO - 22/08/04 13:06:18 INFO FileScanRDD: Reading File path: file:///home/amadeus/airflow-pipeline-alura/datapipeline/datalake/bronze/twitter_flamengomalvadao/extract_date=2022-08-02/FlamengoMalvadao_20220802.json, range: 0-208553, partition values: [empty row]
[2022-08-04 13:06:18,702] {spark_submit_hook.py:479} INFO - 22/08/04 13:06:18 INFO CodeGenerator: Code generated in 220.193269 ms
[2022-08-04 13:06:18,811] {spark_submit_hook.py:479} INFO - 22/08/04 13:06:18 INFO Executor: Finished task 0.0 in stage 0.0 (TID 0). 2823 bytes result sent to driver
[2022-08-04 13:06:18,823] {spark_submit_hook.py:479} INFO - 22/08/04 13:06:18 INFO TaskSetManager: Finished task 0.0 in stage 0.0 (TID 0) in 631 ms on 192.168.1.12 (executor driver) (1/1)
[2022-08-04 13:06:18,826] {spark_submit_hook.py:479} INFO - 22/08/04 13:06:18 INFO TaskSchedulerImpl: Removed TaskSet 0.0, whose tasks have all completed, from pool
[2022-08-04 13:06:18,835] {spark_submit_hook.py:479} INFO - 22/08/04 13:06:18 INFO DAGScheduler: ResultStage 0 (json at NativeMethodAccessorImpl.java:0) finished in 0,878 s
[2022-08-04 13:06:18,840] {spark_submit_hook.py:479} INFO - 22/08/04 13:06:18 INFO DAGScheduler: Job 0 is finished. Cancelling potential speculative or zombie tasks for this job
[2022-08-04 13:06:18,841] {spark_submit_hook.py:479} INFO - 22/08/04 13:06:18 INFO TaskSchedulerImpl: Killing all running tasks in stage 0: Stage finished
[2022-08-04 13:06:18,844] {spark_submit_hook.py:479} INFO - 22/08/04 13:06:18 INFO DAGScheduler: Job 0 finished: json at NativeMethodAccessorImpl.java:0, took 0,938202 s
[2022-08-04 13:06:19,389] {spark_submit_hook.py:479} INFO - 22/08/04 13:06:19 INFO BlockManagerInfo: Removed broadcast_1_piece0 on 192.168.1.12:33703 in memory (size: 7.0 KiB, free: 434.4 MiB)
[2022-08-04 13:06:19,393] {spark_submit_hook.py:479} INFO - 22/08/04 13:06:19 INFO FileSourceStrategy: Pushed Filters: IsNotNull(data)
[2022-08-04 13:06:19,395] {spark_submit_hook.py:479} INFO - 22/08/04 13:06:19 INFO BlockManagerInfo: Removed broadcast_0_piece0 on 192.168.1.12:33703 in memory (size: 24.7 KiB, free: 434.4 MiB)
[2022-08-04 13:06:19,395] {spark_submit_hook.py:479} INFO - 22/08/04 13:06:19 INFO FileSourceStrategy: Post-Scan Filters: (size(data#8, true) > 0),isnotnull(data#8)
[2022-08-04 13:06:19,396] {spark_submit_hook.py:479} INFO - 22/08/04 13:06:19 INFO FileSourceStrategy: Output Data Schema: struct<data: array<struct<author_id:string,conversation_id:string,created_at:string,id:string,in_reply_to_user_id:string,public_metrics:struct<like_count:bigint,quote_count:bigint,reply_count:bigint,retweet_count:bigint>,text:string>>>
[2022-08-04 13:06:19,492] {spark_submit_hook.py:479} INFO - 22/08/04 13:06:19 INFO FileOutputCommitter: File Output Committer Algorithm version is 1
[2022-08-04 13:06:19,493] {spark_submit_hook.py:479} INFO - 22/08/04 13:06:19 INFO SQLHadoopMapReduceCommitProtocol: Using output committer class org.apache.hadoop.mapreduce.lib.output.FileOutputCommitter
[2022-08-04 13:06:19,671] {spark_submit_hook.py:479} INFO - 22/08/04 13:06:19 INFO CodeGenerator: Code generated in 99.128381 ms
[2022-08-04 13:06:19,677] {spark_submit_hook.py:479} INFO - 22/08/04 13:06:19 INFO MemoryStore: Block broadcast_2 stored as values in memory (estimated size 173.5 KiB, free 434.2 MiB)
[2022-08-04 13:06:19,687] {spark_submit_hook.py:479} INFO - 22/08/04 13:06:19 INFO MemoryStore: Block broadcast_2_piece0 stored as bytes in memory (estimated size 24.6 KiB, free 434.2 MiB)
[2022-08-04 13:06:19,688] {spark_submit_hook.py:479} INFO - 22/08/04 13:06:19 INFO BlockManagerInfo: Added broadcast_2_piece0 in memory on 192.168.1.12:33703 (size: 24.6 KiB, free: 434.4 MiB)
[2022-08-04 13:06:19,689] {spark_submit_hook.py:479} INFO - 22/08/04 13:06:19 INFO SparkContext: Created broadcast 2 from json at NativeMethodAccessorImpl.java:0
[2022-08-04 13:06:19,692] {spark_submit_hook.py:479} INFO - 22/08/04 13:06:19 INFO FileSourceScanExec: Planning scan with bin packing, max size: 4402857 bytes, open cost is considered as scanning 4194304 bytes.
[2022-08-04 13:06:19,762] {spark_submit_hook.py:479} INFO - 22/08/04 13:06:19 INFO SparkContext: Starting job: json at NativeMethodAccessorImpl.java:0
[2022-08-04 13:06:19,763] {spark_submit_hook.py:479} INFO - 22/08/04 13:06:19 INFO DAGScheduler: Got job 1 (json at NativeMethodAccessorImpl.java:0) with 1 output partitions
[2022-08-04 13:06:19,764] {spark_submit_hook.py:479} INFO - 22/08/04 13:06:19 INFO DAGScheduler: Final stage: ResultStage 1 (json at NativeMethodAccessorImpl.java:0)
[2022-08-04 13:06:19,764] {spark_submit_hook.py:479} INFO - 22/08/04 13:06:19 INFO DAGScheduler: Parents of final stage: List()
[2022-08-04 13:06:19,764] {spark_submit_hook.py:479} INFO - 22/08/04 13:06:19 INFO DAGScheduler: Missing parents: List()
[2022-08-04 13:06:19,765] {spark_submit_hook.py:479} INFO - 22/08/04 13:06:19 INFO DAGScheduler: Submitting ResultStage 1 (CoalescedRDD[7] at json at NativeMethodAccessorImpl.java:0), which has no missing parents
[2022-08-04 13:06:19,791] {spark_submit_hook.py:479} INFO - 22/08/04 13:06:19 INFO MemoryStore: Block broadcast_3 stored as values in memory (estimated size 175.8 KiB, free 434.0 MiB)
[2022-08-04 13:06:19,796] {spark_submit_hook.py:479} INFO - 22/08/04 13:06:19 INFO MemoryStore: Block broadcast_3_piece0 stored as bytes in memory (estimated size 60.9 KiB, free 434.0 MiB)
[2022-08-04 13:06:19,797] {spark_submit_hook.py:479} INFO - 22/08/04 13:06:19 INFO BlockManagerInfo: Added broadcast_3_piece0 in memory on 192.168.1.12:33703 (size: 60.9 KiB, free: 434.3 MiB)
[2022-08-04 13:06:19,797] {spark_submit_hook.py:479} INFO - 22/08/04 13:06:19 INFO SparkContext: Created broadcast 3 from broadcast at DAGScheduler.scala:1513
[2022-08-04 13:06:19,798] {spark_submit_hook.py:479} INFO - 22/08/04 13:06:19 INFO DAGScheduler: Submitting 1 missing tasks from ResultStage 1 (CoalescedRDD[7] at json at NativeMethodAccessorImpl.java:0) (first 15 tasks are for partitions Vector(0))
[2022-08-04 13:06:19,798] {spark_submit_hook.py:479} INFO - 22/08/04 13:06:19 INFO TaskSchedulerImpl: Adding task set 1.0 with 1 tasks resource profile 0
[2022-08-04 13:06:19,803] {spark_submit_hook.py:479} INFO - 22/08/04 13:06:19 INFO TaskSetManager: Starting task 0.0 in stage 1.0 (TID 1) (192.168.1.12, executor driver, partition 0, PROCESS_LOCAL, 5252 bytes) taskResourceAssignments Map()
[2022-08-04 13:06:19,804] {spark_submit_hook.py:479} INFO - 22/08/04 13:06:19 INFO Executor: Running task 0.0 in stage 1.0 (TID 1)
[2022-08-04 13:06:19,876] {spark_submit_hook.py:479} INFO - 22/08/04 13:06:19 INFO FileOutputCommitter: File Output Committer Algorithm version is 1
[2022-08-04 13:06:19,877] {spark_submit_hook.py:479} INFO - 22/08/04 13:06:19 INFO SQLHadoopMapReduceCommitProtocol: Using output committer class org.apache.hadoop.mapreduce.lib.output.FileOutputCommitter
[2022-08-04 13:06:19,905] {spark_submit_hook.py:479} INFO - 22/08/04 13:06:19 INFO FileScanRDD: Reading File path: file:///home/amadeus/airflow-pipeline-alura/datapipeline/datalake/bronze/twitter_flamengomalvadao/extract_date=2022-08-02/FlamengoMalvadao_20220802.json, range: 0-208553, partition values: [empty row]
[2022-08-04 13:06:19,935] {spark_submit_hook.py:479} INFO - 22/08/04 13:06:19 INFO CodeGenerator: Code generated in 25.017433 ms
[2022-08-04 13:06:19,960] {spark_submit_hook.py:479} INFO - 22/08/04 13:06:19 INFO CodeGenerator: Code generated in 6.451315 ms
[2022-08-04 13:06:20,053] {spark_submit_hook.py:479} INFO - 22/08/04 13:06:20 INFO FileOutputCommitter: Saved output of task 'attempt_20220804130619622851912041622592_0001_m_000000_1' to file:/home/amadeus/airflow-pipeline-alura/datapipeline/datalake/silver/twitter_flamengomalvadao/tweet/process_date=2022-08-02/_temporary/0/task_20220804130619622851912041622592_0001_m_000000
[2022-08-04 13:06:20,054] {spark_submit_hook.py:479} INFO - 22/08/04 13:06:20 INFO SparkHadoopMapRedUtil: attempt_20220804130619622851912041622592_0001_m_000000_1: Committed. Elapsed time: 1 ms.
[2022-08-04 13:06:20,061] {spark_submit_hook.py:479} INFO - 22/08/04 13:06:20 INFO Executor: Finished task 0.0 in stage 1.0 (TID 1). 2678 bytes result sent to driver
[2022-08-04 13:06:20,064] {spark_submit_hook.py:479} INFO - 22/08/04 13:06:20 INFO TaskSetManager: Finished task 0.0 in stage 1.0 (TID 1) in 263 ms on 192.168.1.12 (executor driver) (1/1)
[2022-08-04 13:06:20,064] {spark_submit_hook.py:479} INFO - 22/08/04 13:06:20 INFO TaskSchedulerImpl: Removed TaskSet 1.0, whose tasks have all completed, from pool
[2022-08-04 13:06:20,065] {spark_submit_hook.py:479} INFO - 22/08/04 13:06:20 INFO DAGScheduler: ResultStage 1 (json at NativeMethodAccessorImpl.java:0) finished in 0,298 s
[2022-08-04 13:06:20,066] {spark_submit_hook.py:479} INFO - 22/08/04 13:06:20 INFO DAGScheduler: Job 1 is finished. Cancelling potential speculative or zombie tasks for this job
[2022-08-04 13:06:20,066] {spark_submit_hook.py:479} INFO - 22/08/04 13:06:20 INFO TaskSchedulerImpl: Killing all running tasks in stage 1: Stage finished
[2022-08-04 13:06:20,067] {spark_submit_hook.py:479} INFO - 22/08/04 13:06:20 INFO DAGScheduler: Job 1 finished: json at NativeMethodAccessorImpl.java:0, took 0,304982 s
[2022-08-04 13:06:20,069] {spark_submit_hook.py:479} INFO - 22/08/04 13:06:20 INFO FileFormatWriter: Start to commit write Job 6e34a5ac-2598-4cd9-8c0d-772dbd440d22.
[2022-08-04 13:06:20,082] {spark_submit_hook.py:479} INFO - 22/08/04 13:06:20 INFO FileFormatWriter: Write Job 6e34a5ac-2598-4cd9-8c0d-772dbd440d22 committed. Elapsed time: 11 ms.
[2022-08-04 13:06:20,085] {spark_submit_hook.py:479} INFO - 22/08/04 13:06:20 INFO FileFormatWriter: Finished processing stats for write job 6e34a5ac-2598-4cd9-8c0d-772dbd440d22.
[2022-08-04 13:06:20,123] {spark_submit_hook.py:479} INFO - 22/08/04 13:06:20 INFO FileSourceStrategy: Pushed Filters:
[2022-08-04 13:06:20,123] {spark_submit_hook.py:479} INFO - 22/08/04 13:06:20 INFO FileSourceStrategy: Post-Scan Filters:
[2022-08-04 13:06:20,123] {spark_submit_hook.py:479} INFO - 22/08/04 13:06:20 INFO FileSourceStrategy: Output Data Schema: struct<includes: struct<users: array<struct<created_at:string,id:string,name:string,username:string>>>>
[2022-08-04 13:06:20,135] {spark_submit_hook.py:479} INFO - 22/08/04 13:06:20 INFO FileOutputCommitter: File Output Committer Algorithm version is 1
[2022-08-04 13:06:20,136] {spark_submit_hook.py:479} INFO - 22/08/04 13:06:20 INFO SQLHadoopMapReduceCommitProtocol: Using output committer class org.apache.hadoop.mapreduce.lib.output.FileOutputCommitter
[2022-08-04 13:06:20,161] {spark_submit_hook.py:479} INFO - 22/08/04 13:06:20 INFO CodeGenerator: Code generated in 16.639029 ms
[2022-08-04 13:06:20,167] {spark_submit_hook.py:479} INFO - 22/08/04 13:06:20 INFO MemoryStore: Block broadcast_4 stored as values in memory (estimated size 173.5 KiB, free 433.8 MiB)
[2022-08-04 13:06:20,179] {spark_submit_hook.py:479} INFO - 22/08/04 13:06:20 INFO MemoryStore: Block broadcast_4_piece0 stored as bytes in memory (estimated size 24.6 KiB, free 433.8 MiB)
[2022-08-04 13:06:20,180] {spark_submit_hook.py:479} INFO - 22/08/04 13:06:20 INFO BlockManagerInfo: Added broadcast_4_piece0 in memory on 192.168.1.12:33703 (size: 24.6 KiB, free: 434.3 MiB)
[2022-08-04 13:06:20,181] {spark_submit_hook.py:479} INFO - 22/08/04 13:06:20 INFO SparkContext: Created broadcast 4 from json at NativeMethodAccessorImpl.java:0
[2022-08-04 13:06:20,183] {spark_submit_hook.py:479} INFO - 22/08/04 13:06:20 INFO FileSourceScanExec: Planning scan with bin packing, max size: 4402857 bytes, open cost is considered as scanning 4194304 bytes.
[2022-08-04 13:06:20,208] {spark_submit_hook.py:479} INFO - 22/08/04 13:06:20 INFO SparkContext: Starting job: json at NativeMethodAccessorImpl.java:0
[2022-08-04 13:06:20,210] {spark_submit_hook.py:479} INFO - 22/08/04 13:06:20 INFO DAGScheduler: Got job 2 (json at NativeMethodAccessorImpl.java:0) with 1 output partitions
[2022-08-04 13:06:20,210] {spark_submit_hook.py:479} INFO - 22/08/04 13:06:20 INFO DAGScheduler: Final stage: ResultStage 2 (json at NativeMethodAccessorImpl.java:0)
[2022-08-04 13:06:20,210] {spark_submit_hook.py:479} INFO - 22/08/04 13:06:20 INFO DAGScheduler: Parents of final stage: List()
[2022-08-04 13:06:20,210] {spark_submit_hook.py:479} INFO - 22/08/04 13:06:20 INFO DAGScheduler: Missing parents: List()
[2022-08-04 13:06:20,211] {spark_submit_hook.py:479} INFO - 22/08/04 13:06:20 INFO DAGScheduler: Submitting ResultStage 2 (CoalescedRDD[11] at json at NativeMethodAccessorImpl.java:0), which has no missing parents
[2022-08-04 13:06:20,232] {spark_submit_hook.py:479} INFO - 22/08/04 13:06:20 INFO MemoryStore: Block broadcast_5 stored as values in memory (estimated size 161.1 KiB, free 433.6 MiB)
[2022-08-04 13:06:20,234] {spark_submit_hook.py:479} INFO - 22/08/04 13:06:20 INFO MemoryStore: Block broadcast_5_piece0 stored as bytes in memory (estimated size 57.8 KiB, free 433.6 MiB)
[2022-08-04 13:06:20,235] {spark_submit_hook.py:479} INFO - 22/08/04 13:06:20 INFO BlockManagerInfo: Added broadcast_5_piece0 in memory on 192.168.1.12:33703 (size: 57.8 KiB, free: 434.2 MiB)
[2022-08-04 13:06:20,236] {spark_submit_hook.py:479} INFO - 22/08/04 13:06:20 INFO SparkContext: Created broadcast 5 from broadcast at DAGScheduler.scala:1513
[2022-08-04 13:06:20,236] {spark_submit_hook.py:479} INFO - 22/08/04 13:06:20 INFO DAGScheduler: Submitting 1 missing tasks from ResultStage 2 (CoalescedRDD[11] at json at NativeMethodAccessorImpl.java:0) (first 15 tasks are for partitions Vector(0))
[2022-08-04 13:06:20,237] {spark_submit_hook.py:479} INFO - 22/08/04 13:06:20 INFO TaskSchedulerImpl: Adding task set 2.0 with 1 tasks resource profile 0
[2022-08-04 13:06:20,238] {spark_submit_hook.py:479} INFO - 22/08/04 13:06:20 INFO TaskSetManager: Starting task 0.0 in stage 2.0 (TID 2) (192.168.1.12, executor driver, partition 0, PROCESS_LOCAL, 5252 bytes) taskResourceAssignments Map()
[2022-08-04 13:06:20,239] {spark_submit_hook.py:479} INFO - 22/08/04 13:06:20 INFO Executor: Running task 0.0 in stage 2.0 (TID 2)
[2022-08-04 13:06:20,259] {spark_submit_hook.py:479} INFO - 22/08/04 13:06:20 INFO FileOutputCommitter: File Output Committer Algorithm version is 1
[2022-08-04 13:06:20,259] {spark_submit_hook.py:479} INFO - 22/08/04 13:06:20 INFO SQLHadoopMapReduceCommitProtocol: Using output committer class org.apache.hadoop.mapreduce.lib.output.FileOutputCommitter
[2022-08-04 13:06:20,268] {spark_submit_hook.py:479} INFO - 22/08/04 13:06:20 INFO FileScanRDD: Reading File path: file:///home/amadeus/airflow-pipeline-alura/datapipeline/datalake/bronze/twitter_flamengomalvadao/extract_date=2022-08-02/FlamengoMalvadao_20220802.json, range: 0-208553, partition values: [empty row]
[2022-08-04 13:06:20,287] {spark_submit_hook.py:479} INFO - 22/08/04 13:06:20 INFO CodeGenerator: Code generated in 15.472218 ms
[2022-08-04 13:06:20,314] {spark_submit_hook.py:479} INFO - 22/08/04 13:06:20 INFO FileOutputCommitter: Saved output of task 'attempt_202208041306207112725460839334370_0002_m_000000_2' to file:/home/amadeus/airflow-pipeline-alura/datapipeline/datalake/silver/twitter_flamengomalvadao/user/process_date=2022-08-02/_temporary/0/task_202208041306207112725460839334370_0002_m_000000
[2022-08-04 13:06:20,314] {spark_submit_hook.py:479} INFO - 22/08/04 13:06:20 INFO SparkHadoopMapRedUtil: attempt_202208041306207112725460839334370_0002_m_000000_2: Committed. Elapsed time: 1 ms.
[2022-08-04 13:06:20,316] {spark_submit_hook.py:479} INFO - 22/08/04 13:06:20 INFO Executor: Finished task 0.0 in stage 2.0 (TID 2). 2579 bytes result sent to driver
[2022-08-04 13:06:20,318] {spark_submit_hook.py:479} INFO - 22/08/04 13:06:20 INFO TaskSetManager: Finished task 0.0 in stage 2.0 (TID 2) in 79 ms on 192.168.1.12 (executor driver) (1/1)
[2022-08-04 13:06:20,318] {spark_submit_hook.py:479} INFO - 22/08/04 13:06:20 INFO TaskSchedulerImpl: Removed TaskSet 2.0, whose tasks have all completed, from pool
[2022-08-04 13:06:20,319] {spark_submit_hook.py:479} INFO - 22/08/04 13:06:20 INFO DAGScheduler: ResultStage 2 (json at NativeMethodAccessorImpl.java:0) finished in 0,107 s
[2022-08-04 13:06:20,319] {spark_submit_hook.py:479} INFO - 22/08/04 13:06:20 INFO DAGScheduler: Job 2 is finished. Cancelling potential speculative or zombie tasks for this job
[2022-08-04 13:06:20,320] {spark_submit_hook.py:479} INFO - 22/08/04 13:06:20 INFO TaskSchedulerImpl: Killing all running tasks in stage 2: Stage finished
[2022-08-04 13:06:20,320] {spark_submit_hook.py:479} INFO - 22/08/04 13:06:20 INFO DAGScheduler: Job 2 finished: json at NativeMethodAccessorImpl.java:0, took 0,111417 s
[2022-08-04 13:06:20,321] {spark_submit_hook.py:479} INFO - 22/08/04 13:06:20 INFO FileFormatWriter: Start to commit write Job 58998c09-dd70-4706-a22e-4ef66bf3ff80.
[2022-08-04 13:06:20,330] {spark_submit_hook.py:479} INFO - 22/08/04 13:06:20 INFO FileFormatWriter: Write Job 58998c09-dd70-4706-a22e-4ef66bf3ff80 committed. Elapsed time: 8 ms.
[2022-08-04 13:06:20,330] {spark_submit_hook.py:479} INFO - 22/08/04 13:06:20 INFO FileFormatWriter: Finished processing stats for write job 58998c09-dd70-4706-a22e-4ef66bf3ff80.
[2022-08-04 13:06:20,383] {spark_submit_hook.py:479} INFO - 22/08/04 13:06:20 INFO BlockManagerInfo: Removed broadcast_2_piece0 on 192.168.1.12:33703 in memory (size: 24.6 KiB, free: 434.3 MiB)
[2022-08-04 13:06:20,386] {spark_submit_hook.py:479} INFO - 22/08/04 13:06:20 INFO SparkContext: Invoking stop() from shutdown hook
[2022-08-04 13:06:20,387] {spark_submit_hook.py:479} INFO - 22/08/04 13:06:20 INFO BlockManagerInfo: Removed broadcast_5_piece0 on 192.168.1.12:33703 in memory (size: 57.8 KiB, free: 434.3 MiB)
[2022-08-04 13:06:20,393] {spark_submit_hook.py:479} INFO - 22/08/04 13:06:20 INFO BlockManagerInfo: Removed broadcast_3_piece0 on 192.168.1.12:33703 in memory (size: 60.9 KiB, free: 434.4 MiB)
[2022-08-04 13:06:20,400] {spark_submit_hook.py:479} INFO - 22/08/04 13:06:20 INFO SparkUI: Stopped Spark web UI at http://192.168.1.12:4041
[2022-08-04 13:06:20,415] {spark_submit_hook.py:479} INFO - 22/08/04 13:06:20 INFO MapOutputTrackerMasterEndpoint: MapOutputTrackerMasterEndpoint stopped!
[2022-08-04 13:06:20,425] {spark_submit_hook.py:479} INFO - 22/08/04 13:06:20 INFO MemoryStore: MemoryStore cleared
[2022-08-04 13:06:20,425] {spark_submit_hook.py:479} INFO - 22/08/04 13:06:20 INFO BlockManager: BlockManager stopped
[2022-08-04 13:06:20,430] {spark_submit_hook.py:479} INFO - 22/08/04 13:06:20 INFO BlockManagerMaster: BlockManagerMaster stopped
[2022-08-04 13:06:20,433] {spark_submit_hook.py:479} INFO - 22/08/04 13:06:20 INFO OutputCommitCoordinator$OutputCommitCoordinatorEndpoint: OutputCommitCoordinator stopped!
[2022-08-04 13:06:20,437] {spark_submit_hook.py:479} INFO - 22/08/04 13:06:20 INFO SparkContext: Successfully stopped SparkContext
[2022-08-04 13:06:20,438] {spark_submit_hook.py:479} INFO - 22/08/04 13:06:20 INFO ShutdownHookManager: Shutdown hook called
[2022-08-04 13:06:20,438] {spark_submit_hook.py:479} INFO - 22/08/04 13:06:20 INFO ShutdownHookManager: Deleting directory /tmp/spark-226d27f0-e62c-4aa8-8585-ce3f99769de7
[2022-08-04 13:06:20,441] {spark_submit_hook.py:479} INFO - 22/08/04 13:06:20 INFO ShutdownHookManager: Deleting directory /tmp/spark-f937c6bb-dfd8-42f1-af18-261c2e92089f
[2022-08-04 13:06:20,443] {spark_submit_hook.py:479} INFO - 22/08/04 13:06:20 INFO ShutdownHookManager: Deleting directory /tmp/spark-226d27f0-e62c-4aa8-8585-ce3f99769de7/pyspark-6032c8cb-bb9b-49f2-9f48-ebfc17478825
[2022-08-04 13:06:20,521] {taskinstance.py:1057} INFO - Marking task as SUCCESS.dag_id=twitter_dag, task_id=transform_twitter_flamengomalvadao, execution_date=20220802T090000, start_date=20220804T160606, end_date=20220804T160620
[2022-08-04 13:06:21,607] {local_task_job.py:102} INFO - Task exited with return code 0
