[2022-08-04 17:19:20,072] {taskinstance.py:670} INFO - Dependencies all met for <TaskInstance: twitter_dag.transform_twitter_flamengomalvadao 2022-08-02T09:00:00+00:00 [queued]>
[2022-08-04 17:19:20,084] {taskinstance.py:670} INFO - Dependencies all met for <TaskInstance: twitter_dag.transform_twitter_flamengomalvadao 2022-08-02T09:00:00+00:00 [queued]>
[2022-08-04 17:19:20,084] {taskinstance.py:880} INFO - 
--------------------------------------------------------------------------------
[2022-08-04 17:19:20,084] {taskinstance.py:881} INFO - Starting attempt 4 of 4
[2022-08-04 17:19:20,084] {taskinstance.py:882} INFO - 
--------------------------------------------------------------------------------
[2022-08-04 17:19:20,420] {taskinstance.py:901} INFO - Executing <Task(SparkSubmitOperator): transform_twitter_flamengomalvadao> on 2022-08-02T09:00:00+00:00
[2022-08-04 17:19:20,427] {standard_task_runner.py:54} INFO - Started process 155154 to run task
[2022-08-04 17:19:20,498] {standard_task_runner.py:77} INFO - Running: ['airflow', 'run', 'twitter_dag', 'transform_twitter_flamengomalvadao', '2022-08-02T09:00:00+00:00', '--job_id', '95', '--pool', 'default_pool', '--raw', '-sd', 'DAGS_FOLDER/twitter_dag.py', '--cfg_path', '/tmp/tmpr7mlun6s']
[2022-08-04 17:19:20,498] {standard_task_runner.py:78} INFO - Job 95: Subtask transform_twitter_flamengomalvadao
[2022-08-04 17:19:20,768] {logging_mixin.py:112} INFO - Running <TaskInstance: twitter_dag.transform_twitter_flamengomalvadao 2022-08-02T09:00:00+00:00 [running]> on host ama
[2022-08-04 17:19:20,823] {base_hook.py:89} INFO - Using connection to: id: spark_default. Host: local, Port: None, Schema: None, Login: None, Password: None, extra: XXXXXXXX
[2022-08-04 17:19:20,826] {spark_submit_hook.py:325} INFO - Spark-Submit cmd: /home/amadeus/Downloads/spark-3.3.0-bin-hadoop2/bin/spark-submit --master local --name twitter_transformation /home/amadeus/ama/airflow-pipeline-alura/datapipeline/spark/transfortmation.py --src /home/amadeus/ama/airflow-pipeline-alura/datapipeline/datalake/bronze/twitter_flamengomalvadao/extract_date=2022-08-02 --dest /home/amadeus/ama/airflow-pipeline-alura/datapipeline/datalake/silver/twitter_flamengomalvadao/ --process-date 2022-08-02
[2022-08-04 17:19:22,565] {spark_submit_hook.py:479} INFO - 22/08/04 17:19:22 WARN Utils: Your hostname, ama resolves to a loopback address: 127.0.1.1; using 192.168.1.12 instead (on interface wlo1)
[2022-08-04 17:19:22,569] {spark_submit_hook.py:479} INFO - 22/08/04 17:19:22 WARN Utils: Set SPARK_LOCAL_IP if you need to bind to another address
[2022-08-04 17:19:23,888] {spark_submit_hook.py:479} INFO - 22/08/04 17:19:23 INFO SparkContext: Running Spark version 3.3.0
[2022-08-04 17:19:24,067] {spark_submit_hook.py:479} INFO - 22/08/04 17:19:24 WARN NativeCodeLoader: Unable to load native-hadoop library for your platform... using builtin-java classes where applicable
[2022-08-04 17:19:24,202] {spark_submit_hook.py:479} INFO - 22/08/04 17:19:24 INFO ResourceUtils: ==============================================================
[2022-08-04 17:19:24,202] {spark_submit_hook.py:479} INFO - 22/08/04 17:19:24 INFO ResourceUtils: No custom resources configured for spark.driver.
[2022-08-04 17:19:24,203] {spark_submit_hook.py:479} INFO - 22/08/04 17:19:24 INFO ResourceUtils: ==============================================================
[2022-08-04 17:19:24,203] {spark_submit_hook.py:479} INFO - 22/08/04 17:19:24 INFO SparkContext: Submitted application: twitter_transformation
[2022-08-04 17:19:24,236] {spark_submit_hook.py:479} INFO - 22/08/04 17:19:24 INFO ResourceProfile: Default ResourceProfile created, executor resources: Map(cores -> name: cores, amount: 1, script: , vendor: , memory -> name: memory, amount: 1024, script: , vendor: , offHeap -> name: offHeap, amount: 0, script: , vendor: ), task resources: Map(cpus -> name: cpus, amount: 1.0)
[2022-08-04 17:19:24,255] {spark_submit_hook.py:479} INFO - 22/08/04 17:19:24 INFO ResourceProfile: Limiting resource is cpu
[2022-08-04 17:19:24,256] {spark_submit_hook.py:479} INFO - 22/08/04 17:19:24 INFO ResourceProfileManager: Added ResourceProfile id: 0
[2022-08-04 17:19:24,337] {spark_submit_hook.py:479} INFO - 22/08/04 17:19:24 INFO SecurityManager: Changing view acls to: amadeus
[2022-08-04 17:19:24,338] {spark_submit_hook.py:479} INFO - 22/08/04 17:19:24 INFO SecurityManager: Changing modify acls to: amadeus
[2022-08-04 17:19:24,338] {spark_submit_hook.py:479} INFO - 22/08/04 17:19:24 INFO SecurityManager: Changing view acls groups to:
[2022-08-04 17:19:24,339] {spark_submit_hook.py:479} INFO - 22/08/04 17:19:24 INFO SecurityManager: Changing modify acls groups to:
[2022-08-04 17:19:24,340] {spark_submit_hook.py:479} INFO - 22/08/04 17:19:24 INFO SecurityManager: SecurityManager: authentication disabled; ui acls disabled; users  with view permissions: Set(amadeus); groups with view permissions: Set(); users  with modify permissions: Set(amadeus); groups with modify permissions: Set()
[2022-08-04 17:19:24,690] {spark_submit_hook.py:479} INFO - 22/08/04 17:19:24 INFO Utils: Successfully started service 'sparkDriver' on port 36145.
[2022-08-04 17:19:24,713] {spark_submit_hook.py:479} INFO - 22/08/04 17:19:24 INFO SparkEnv: Registering MapOutputTracker
[2022-08-04 17:19:24,750] {spark_submit_hook.py:479} INFO - 22/08/04 17:19:24 INFO SparkEnv: Registering BlockManagerMaster
[2022-08-04 17:19:24,765] {spark_submit_hook.py:479} INFO - 22/08/04 17:19:24 INFO BlockManagerMasterEndpoint: Using org.apache.spark.storage.DefaultTopologyMapper for getting topology information
[2022-08-04 17:19:24,766] {spark_submit_hook.py:479} INFO - 22/08/04 17:19:24 INFO BlockManagerMasterEndpoint: BlockManagerMasterEndpoint up
[2022-08-04 17:19:24,769] {spark_submit_hook.py:479} INFO - 22/08/04 17:19:24 INFO SparkEnv: Registering BlockManagerMasterHeartbeat
[2022-08-04 17:19:24,788] {spark_submit_hook.py:479} INFO - 22/08/04 17:19:24 INFO DiskBlockManager: Created local directory at /tmp/blockmgr-e2da45c2-68e7-43ef-bd32-095cc3c79758
[2022-08-04 17:19:24,807] {spark_submit_hook.py:479} INFO - 22/08/04 17:19:24 INFO MemoryStore: MemoryStore started with capacity 434.4 MiB
[2022-08-04 17:19:24,831] {spark_submit_hook.py:479} INFO - 22/08/04 17:19:24 INFO SparkEnv: Registering OutputCommitCoordinator
[2022-08-04 17:19:25,027] {spark_submit_hook.py:479} INFO - 22/08/04 17:19:25 WARN Utils: Service 'SparkUI' could not bind on port 4040. Attempting port 4041.
[2022-08-04 17:19:25,034] {spark_submit_hook.py:479} INFO - 22/08/04 17:19:25 INFO Utils: Successfully started service 'SparkUI' on port 4041.
[2022-08-04 17:19:25,132] {spark_submit_hook.py:479} INFO - 22/08/04 17:19:25 INFO Executor: Starting executor ID driver on host 192.168.1.12
[2022-08-04 17:19:25,138] {spark_submit_hook.py:479} INFO - 22/08/04 17:19:25 INFO Executor: Starting executor with user classpath (userClassPathFirst = false): ''
[2022-08-04 17:19:25,153] {spark_submit_hook.py:479} INFO - 22/08/04 17:19:25 INFO Utils: Successfully started service 'org.apache.spark.network.netty.NettyBlockTransferService' on port 45201.
[2022-08-04 17:19:25,153] {spark_submit_hook.py:479} INFO - 22/08/04 17:19:25 INFO NettyBlockTransferService: Server created on 192.168.1.12:45201
[2022-08-04 17:19:25,155] {spark_submit_hook.py:479} INFO - 22/08/04 17:19:25 INFO BlockManager: Using org.apache.spark.storage.RandomBlockReplicationPolicy for block replication policy
[2022-08-04 17:19:25,160] {spark_submit_hook.py:479} INFO - 22/08/04 17:19:25 INFO BlockManagerMaster: Registering BlockManager BlockManagerId(driver, 192.168.1.12, 45201, None)
[2022-08-04 17:19:25,163] {spark_submit_hook.py:479} INFO - 22/08/04 17:19:25 INFO BlockManagerMasterEndpoint: Registering block manager 192.168.1.12:45201 with 434.4 MiB RAM, BlockManagerId(driver, 192.168.1.12, 45201, None)
[2022-08-04 17:19:25,164] {spark_submit_hook.py:479} INFO - 22/08/04 17:19:25 INFO BlockManagerMaster: Registered BlockManager BlockManagerId(driver, 192.168.1.12, 45201, None)
[2022-08-04 17:19:25,165] {spark_submit_hook.py:479} INFO - 22/08/04 17:19:25 INFO BlockManager: Initialized BlockManager: BlockManagerId(driver, 192.168.1.12, 45201, None)
[2022-08-04 17:19:25,664] {spark_submit_hook.py:479} INFO - 22/08/04 17:19:25 INFO SharedState: Setting hive.metastore.warehouse.dir ('null') to the value of spark.sql.warehouse.dir.
[2022-08-04 17:19:25,683] {spark_submit_hook.py:479} INFO - 22/08/04 17:19:25 INFO SharedState: Warehouse path is 'file:/home/amadeus/ama/airflow-pipeline-alura/datapipeline/spark-warehouse'.
[2022-08-04 17:19:26,568] {spark_submit_hook.py:479} INFO - 22/08/04 17:19:26 INFO InMemoryFileIndex: It took 35 ms to list leaf files for 1 paths.
[2022-08-04 17:19:26,626] {spark_submit_hook.py:479} INFO - 22/08/04 17:19:26 INFO InMemoryFileIndex: It took 1 ms to list leaf files for 1 paths.
[2022-08-04 17:19:28,263] {spark_submit_hook.py:479} INFO - 22/08/04 17:19:28 INFO FileSourceStrategy: Pushed Filters:
[2022-08-04 17:19:28,265] {spark_submit_hook.py:479} INFO - 22/08/04 17:19:28 INFO FileSourceStrategy: Post-Scan Filters:
[2022-08-04 17:19:28,268] {spark_submit_hook.py:479} INFO - 22/08/04 17:19:28 INFO FileSourceStrategy: Output Data Schema: struct<value: string>
[2022-08-04 17:19:28,495] {spark_submit_hook.py:479} INFO - 22/08/04 17:19:28 INFO MemoryStore: Block broadcast_0 stored as values in memory (estimated size 173.7 KiB, free 434.2 MiB)
[2022-08-04 17:19:28,542] {spark_submit_hook.py:479} INFO - 22/08/04 17:19:28 INFO MemoryStore: Block broadcast_0_piece0 stored as bytes in memory (estimated size 24.7 KiB, free 434.2 MiB)
[2022-08-04 17:19:28,544] {spark_submit_hook.py:479} INFO - 22/08/04 17:19:28 INFO BlockManagerInfo: Added broadcast_0_piece0 in memory on 192.168.1.12:45201 (size: 24.7 KiB, free: 434.4 MiB)
[2022-08-04 17:19:28,547] {spark_submit_hook.py:479} INFO - 22/08/04 17:19:28 INFO SparkContext: Created broadcast 0 from json at NativeMethodAccessorImpl.java:0
[2022-08-04 17:19:28,555] {spark_submit_hook.py:479} INFO - 22/08/04 17:19:28 INFO FileSourceScanExec: Planning scan with bin packing, max size: 4401991 bytes, open cost is considered as scanning 4194304 bytes.
[2022-08-04 17:19:28,728] {spark_submit_hook.py:479} INFO - 22/08/04 17:19:28 INFO SparkContext: Starting job: json at NativeMethodAccessorImpl.java:0
[2022-08-04 17:19:28,741] {spark_submit_hook.py:479} INFO - 22/08/04 17:19:28 INFO DAGScheduler: Got job 0 (json at NativeMethodAccessorImpl.java:0) with 1 output partitions
[2022-08-04 17:19:28,741] {spark_submit_hook.py:479} INFO - 22/08/04 17:19:28 INFO DAGScheduler: Final stage: ResultStage 0 (json at NativeMethodAccessorImpl.java:0)
[2022-08-04 17:19:28,741] {spark_submit_hook.py:479} INFO - 22/08/04 17:19:28 INFO DAGScheduler: Parents of final stage: List()
[2022-08-04 17:19:28,742] {spark_submit_hook.py:479} INFO - 22/08/04 17:19:28 INFO DAGScheduler: Missing parents: List()
[2022-08-04 17:19:28,745] {spark_submit_hook.py:479} INFO - 22/08/04 17:19:28 INFO DAGScheduler: Submitting ResultStage 0 (MapPartitionsRDD[3] at json at NativeMethodAccessorImpl.java:0), which has no missing parents
[2022-08-04 17:19:28,812] {spark_submit_hook.py:479} INFO - 22/08/04 17:19:28 INFO MemoryStore: Block broadcast_1 stored as values in memory (estimated size 14.5 KiB, free 434.2 MiB)
[2022-08-04 17:19:28,814] {spark_submit_hook.py:479} INFO - 22/08/04 17:19:28 INFO MemoryStore: Block broadcast_1_piece0 stored as bytes in memory (estimated size 7.0 KiB, free 434.2 MiB)
[2022-08-04 17:19:28,815] {spark_submit_hook.py:479} INFO - 22/08/04 17:19:28 INFO BlockManagerInfo: Added broadcast_1_piece0 in memory on 192.168.1.12:45201 (size: 7.0 KiB, free: 434.4 MiB)
[2022-08-04 17:19:28,815] {spark_submit_hook.py:479} INFO - 22/08/04 17:19:28 INFO SparkContext: Created broadcast 1 from broadcast at DAGScheduler.scala:1513
[2022-08-04 17:19:28,825] {spark_submit_hook.py:479} INFO - 22/08/04 17:19:28 INFO DAGScheduler: Submitting 1 missing tasks from ResultStage 0 (MapPartitionsRDD[3] at json at NativeMethodAccessorImpl.java:0) (first 15 tasks are for partitions Vector(0))
[2022-08-04 17:19:28,826] {spark_submit_hook.py:479} INFO - 22/08/04 17:19:28 INFO TaskSchedulerImpl: Adding task set 0.0 with 1 tasks resource profile 0
[2022-08-04 17:19:28,865] {spark_submit_hook.py:479} INFO - 22/08/04 17:19:28 INFO TaskSetManager: Starting task 0.0 in stage 0.0 (TID 0) (192.168.1.12, executor driver, partition 0, PROCESS_LOCAL, 5027 bytes) taskResourceAssignments Map()
[2022-08-04 17:19:28,876] {spark_submit_hook.py:479} INFO - 22/08/04 17:19:28 INFO Executor: Running task 0.0 in stage 0.0 (TID 0)
[2022-08-04 17:19:28,976] {spark_submit_hook.py:479} INFO - 22/08/04 17:19:28 INFO FileScanRDD: Reading File path: file:///home/amadeus/ama/airflow-pipeline-alura/datapipeline/datalake/bronze/twitter_flamengomalvadao/extract_date=2022-08-02/FlamengoMalvadao_20220802.json, range: 0-207687, partition values: [empty row]
[2022-08-04 17:19:29,132] {spark_submit_hook.py:479} INFO - 22/08/04 17:19:29 INFO CodeGenerator: Code generated in 129.24412 ms
[2022-08-04 17:19:29,208] {spark_submit_hook.py:479} INFO - 22/08/04 17:19:29 INFO Executor: Finished task 0.0 in stage 0.0 (TID 0). 2823 bytes result sent to driver
[2022-08-04 17:19:29,217] {spark_submit_hook.py:479} INFO - 22/08/04 17:19:29 INFO TaskSetManager: Finished task 0.0 in stage 0.0 (TID 0) in 360 ms on 192.168.1.12 (executor driver) (1/1)
[2022-08-04 17:19:29,219] {spark_submit_hook.py:479} INFO - 22/08/04 17:19:29 INFO TaskSchedulerImpl: Removed TaskSet 0.0, whose tasks have all completed, from pool
[2022-08-04 17:19:29,225] {spark_submit_hook.py:479} INFO - 22/08/04 17:19:29 INFO DAGScheduler: ResultStage 0 (json at NativeMethodAccessorImpl.java:0) finished in 0,468 s
[2022-08-04 17:19:29,230] {spark_submit_hook.py:479} INFO - 22/08/04 17:19:29 INFO DAGScheduler: Job 0 is finished. Cancelling potential speculative or zombie tasks for this job
[2022-08-04 17:19:29,231] {spark_submit_hook.py:479} INFO - 22/08/04 17:19:29 INFO TaskSchedulerImpl: Killing all running tasks in stage 0: Stage finished
[2022-08-04 17:19:29,233] {spark_submit_hook.py:479} INFO - 22/08/04 17:19:29 INFO DAGScheduler: Job 0 finished: json at NativeMethodAccessorImpl.java:0, took 0,505097 s
[2022-08-04 17:19:29,457] {spark_submit_hook.py:479} INFO - 22/08/04 17:19:29 INFO BlockManagerInfo: Removed broadcast_1_piece0 on 192.168.1.12:45201 in memory (size: 7.0 KiB, free: 434.4 MiB)
[2022-08-04 17:19:29,486] {spark_submit_hook.py:479} INFO - 22/08/04 17:19:29 INFO BlockManagerInfo: Removed broadcast_0_piece0 on 192.168.1.12:45201 in memory (size: 24.7 KiB, free: 434.4 MiB)
[2022-08-04 17:19:29,776] {spark_submit_hook.py:479} INFO - 22/08/04 17:19:29 INFO FileSourceStrategy: Pushed Filters: IsNotNull(data)
[2022-08-04 17:19:29,778] {spark_submit_hook.py:479} INFO - 22/08/04 17:19:29 INFO FileSourceStrategy: Post-Scan Filters: (size(data#8, true) > 0),isnotnull(data#8)
[2022-08-04 17:19:29,779] {spark_submit_hook.py:479} INFO - 22/08/04 17:19:29 INFO FileSourceStrategy: Output Data Schema: struct<data: array<struct<author_id:string,conversation_id:string,created_at:string,id:string,in_reply_to_user_id:string,public_metrics:struct<like_count:bigint,quote_count:bigint,reply_count:bigint,retweet_count:bigint>,text:string>>>
[2022-08-04 17:19:29,868] {spark_submit_hook.py:479} INFO - 22/08/04 17:19:29 INFO FileOutputCommitter: File Output Committer Algorithm version is 1
[2022-08-04 17:19:29,869] {spark_submit_hook.py:479} INFO - 22/08/04 17:19:29 INFO SQLHadoopMapReduceCommitProtocol: Using output committer class org.apache.hadoop.mapreduce.lib.output.FileOutputCommitter
[2022-08-04 17:19:30,028] {spark_submit_hook.py:479} INFO - 22/08/04 17:19:30 INFO CodeGenerator: Code generated in 79.957923 ms
[2022-08-04 17:19:30,033] {spark_submit_hook.py:479} INFO - 22/08/04 17:19:30 INFO MemoryStore: Block broadcast_2 stored as values in memory (estimated size 173.5 KiB, free 434.2 MiB)
[2022-08-04 17:19:30,041] {spark_submit_hook.py:479} INFO - 22/08/04 17:19:30 INFO MemoryStore: Block broadcast_2_piece0 stored as bytes in memory (estimated size 24.6 KiB, free 434.2 MiB)
[2022-08-04 17:19:30,043] {spark_submit_hook.py:479} INFO - 22/08/04 17:19:30 INFO BlockManagerInfo: Added broadcast_2_piece0 in memory on 192.168.1.12:45201 (size: 24.6 KiB, free: 434.4 MiB)
[2022-08-04 17:19:30,045] {spark_submit_hook.py:479} INFO - 22/08/04 17:19:30 INFO SparkContext: Created broadcast 2 from json at NativeMethodAccessorImpl.java:0
[2022-08-04 17:19:30,051] {spark_submit_hook.py:479} INFO - 22/08/04 17:19:30 INFO FileSourceScanExec: Planning scan with bin packing, max size: 4401991 bytes, open cost is considered as scanning 4194304 bytes.
[2022-08-04 17:19:30,123] {spark_submit_hook.py:479} INFO - 22/08/04 17:19:30 INFO SparkContext: Starting job: json at NativeMethodAccessorImpl.java:0
[2022-08-04 17:19:30,125] {spark_submit_hook.py:479} INFO - 22/08/04 17:19:30 INFO DAGScheduler: Got job 1 (json at NativeMethodAccessorImpl.java:0) with 1 output partitions
[2022-08-04 17:19:30,126] {spark_submit_hook.py:479} INFO - 22/08/04 17:19:30 INFO DAGScheduler: Final stage: ResultStage 1 (json at NativeMethodAccessorImpl.java:0)
[2022-08-04 17:19:30,126] {spark_submit_hook.py:479} INFO - 22/08/04 17:19:30 INFO DAGScheduler: Parents of final stage: List()
[2022-08-04 17:19:30,126] {spark_submit_hook.py:479} INFO - 22/08/04 17:19:30 INFO DAGScheduler: Missing parents: List()
[2022-08-04 17:19:30,128] {spark_submit_hook.py:479} INFO - 22/08/04 17:19:30 INFO DAGScheduler: Submitting ResultStage 1 (CoalescedRDD[7] at json at NativeMethodAccessorImpl.java:0), which has no missing parents
[2022-08-04 17:19:30,160] {spark_submit_hook.py:479} INFO - 22/08/04 17:19:30 INFO MemoryStore: Block broadcast_3 stored as values in memory (estimated size 175.8 KiB, free 434.0 MiB)
[2022-08-04 17:19:30,164] {spark_submit_hook.py:479} INFO - 22/08/04 17:19:30 INFO MemoryStore: Block broadcast_3_piece0 stored as bytes in memory (estimated size 60.9 KiB, free 434.0 MiB)
[2022-08-04 17:19:30,165] {spark_submit_hook.py:479} INFO - 22/08/04 17:19:30 INFO BlockManagerInfo: Added broadcast_3_piece0 in memory on 192.168.1.12:45201 (size: 60.9 KiB, free: 434.3 MiB)
[2022-08-04 17:19:30,165] {spark_submit_hook.py:479} INFO - 22/08/04 17:19:30 INFO SparkContext: Created broadcast 3 from broadcast at DAGScheduler.scala:1513
[2022-08-04 17:19:30,166] {spark_submit_hook.py:479} INFO - 22/08/04 17:19:30 INFO DAGScheduler: Submitting 1 missing tasks from ResultStage 1 (CoalescedRDD[7] at json at NativeMethodAccessorImpl.java:0) (first 15 tasks are for partitions Vector(0))
[2022-08-04 17:19:30,166] {spark_submit_hook.py:479} INFO - 22/08/04 17:19:30 INFO TaskSchedulerImpl: Adding task set 1.0 with 1 tasks resource profile 0
[2022-08-04 17:19:30,169] {spark_submit_hook.py:479} INFO - 22/08/04 17:19:30 INFO TaskSetManager: Starting task 0.0 in stage 1.0 (TID 1) (192.168.1.12, executor driver, partition 0, PROCESS_LOCAL, 5256 bytes) taskResourceAssignments Map()
[2022-08-04 17:19:30,170] {spark_submit_hook.py:479} INFO - 22/08/04 17:19:30 INFO Executor: Running task 0.0 in stage 1.0 (TID 1)
[2022-08-04 17:19:30,218] {spark_submit_hook.py:479} INFO - 22/08/04 17:19:30 INFO FileOutputCommitter: File Output Committer Algorithm version is 1
[2022-08-04 17:19:30,218] {spark_submit_hook.py:479} INFO - 22/08/04 17:19:30 INFO SQLHadoopMapReduceCommitProtocol: Using output committer class org.apache.hadoop.mapreduce.lib.output.FileOutputCommitter
[2022-08-04 17:19:30,253] {spark_submit_hook.py:479} INFO - 22/08/04 17:19:30 INFO FileScanRDD: Reading File path: file:///home/amadeus/ama/airflow-pipeline-alura/datapipeline/datalake/bronze/twitter_flamengomalvadao/extract_date=2022-08-02/FlamengoMalvadao_20220802.json, range: 0-207687, partition values: [empty row]
[2022-08-04 17:19:30,273] {spark_submit_hook.py:479} INFO - 22/08/04 17:19:30 INFO CodeGenerator: Code generated in 16.656975 ms
[2022-08-04 17:19:30,291] {spark_submit_hook.py:479} INFO - 22/08/04 17:19:30 INFO CodeGenerator: Code generated in 4.192856 ms
[2022-08-04 17:19:30,384] {spark_submit_hook.py:479} INFO - 22/08/04 17:19:30 INFO FileOutputCommitter: Saved output of task 'attempt_202208041719308472980088132848887_0001_m_000000_1' to file:/home/amadeus/ama/airflow-pipeline-alura/datapipeline/datalake/silver/twitter_flamengomalvadao/tweet/process_date=2022-08-02/_temporary/0/task_202208041719308472980088132848887_0001_m_000000
[2022-08-04 17:19:30,385] {spark_submit_hook.py:479} INFO - 22/08/04 17:19:30 INFO SparkHadoopMapRedUtil: attempt_202208041719308472980088132848887_0001_m_000000_1: Committed. Elapsed time: 1 ms.
[2022-08-04 17:19:30,400] {spark_submit_hook.py:479} INFO - 22/08/04 17:19:30 INFO Executor: Finished task 0.0 in stage 1.0 (TID 1). 2721 bytes result sent to driver
[2022-08-04 17:19:30,402] {spark_submit_hook.py:479} INFO - 22/08/04 17:19:30 INFO TaskSetManager: Finished task 0.0 in stage 1.0 (TID 1) in 235 ms on 192.168.1.12 (executor driver) (1/1)
[2022-08-04 17:19:30,402] {spark_submit_hook.py:479} INFO - 22/08/04 17:19:30 INFO TaskSchedulerImpl: Removed TaskSet 1.0, whose tasks have all completed, from pool
[2022-08-04 17:19:30,403] {spark_submit_hook.py:479} INFO - 22/08/04 17:19:30 INFO DAGScheduler: ResultStage 1 (json at NativeMethodAccessorImpl.java:0) finished in 0,274 s
[2022-08-04 17:19:30,403] {spark_submit_hook.py:479} INFO - 22/08/04 17:19:30 INFO DAGScheduler: Job 1 is finished. Cancelling potential speculative or zombie tasks for this job
[2022-08-04 17:19:30,403] {spark_submit_hook.py:479} INFO - 22/08/04 17:19:30 INFO TaskSchedulerImpl: Killing all running tasks in stage 1: Stage finished
[2022-08-04 17:19:30,404] {spark_submit_hook.py:479} INFO - 22/08/04 17:19:30 INFO DAGScheduler: Job 1 finished: json at NativeMethodAccessorImpl.java:0, took 0,281303 s
[2022-08-04 17:19:30,406] {spark_submit_hook.py:479} INFO - 22/08/04 17:19:30 INFO FileFormatWriter: Start to commit write Job 8b438ad6-3eb5-4aae-b14e-2f2338686097.
[2022-08-04 17:19:30,414] {spark_submit_hook.py:479} INFO - 22/08/04 17:19:30 INFO FileFormatWriter: Write Job 8b438ad6-3eb5-4aae-b14e-2f2338686097 committed. Elapsed time: 7 ms.
[2022-08-04 17:19:30,416] {spark_submit_hook.py:479} INFO - 22/08/04 17:19:30 INFO FileFormatWriter: Finished processing stats for write job 8b438ad6-3eb5-4aae-b14e-2f2338686097.
[2022-08-04 17:19:30,439] {spark_submit_hook.py:479} INFO - 22/08/04 17:19:30 INFO FileSourceStrategy: Pushed Filters:
[2022-08-04 17:19:30,439] {spark_submit_hook.py:479} INFO - 22/08/04 17:19:30 INFO FileSourceStrategy: Post-Scan Filters:
[2022-08-04 17:19:30,439] {spark_submit_hook.py:479} INFO - 22/08/04 17:19:30 INFO FileSourceStrategy: Output Data Schema: struct<includes: struct<users: array<struct<created_at:string,id:string,name:string,username:string>>>>
[2022-08-04 17:19:30,447] {spark_submit_hook.py:479} INFO - 22/08/04 17:19:30 INFO FileOutputCommitter: File Output Committer Algorithm version is 1
[2022-08-04 17:19:30,447] {spark_submit_hook.py:479} INFO - 22/08/04 17:19:30 INFO SQLHadoopMapReduceCommitProtocol: Using output committer class org.apache.hadoop.mapreduce.lib.output.FileOutputCommitter
[2022-08-04 17:19:30,462] {spark_submit_hook.py:479} INFO - 22/08/04 17:19:30 INFO CodeGenerator: Code generated in 9.601093 ms
[2022-08-04 17:19:30,465] {spark_submit_hook.py:479} INFO - 22/08/04 17:19:30 INFO MemoryStore: Block broadcast_4 stored as values in memory (estimated size 173.5 KiB, free 433.8 MiB)
[2022-08-04 17:19:30,472] {spark_submit_hook.py:479} INFO - 22/08/04 17:19:30 INFO MemoryStore: Block broadcast_4_piece0 stored as bytes in memory (estimated size 24.6 KiB, free 433.8 MiB)
[2022-08-04 17:19:30,473] {spark_submit_hook.py:479} INFO - 22/08/04 17:19:30 INFO BlockManagerInfo: Added broadcast_4_piece0 in memory on 192.168.1.12:45201 (size: 24.6 KiB, free: 434.3 MiB)
[2022-08-04 17:19:30,474] {spark_submit_hook.py:479} INFO - 22/08/04 17:19:30 INFO SparkContext: Created broadcast 4 from json at NativeMethodAccessorImpl.java:0
[2022-08-04 17:19:30,475] {spark_submit_hook.py:479} INFO - 22/08/04 17:19:30 INFO FileSourceScanExec: Planning scan with bin packing, max size: 4401991 bytes, open cost is considered as scanning 4194304 bytes.
[2022-08-04 17:19:30,490] {spark_submit_hook.py:479} INFO - 22/08/04 17:19:30 INFO SparkContext: Starting job: json at NativeMethodAccessorImpl.java:0
[2022-08-04 17:19:30,491] {spark_submit_hook.py:479} INFO - 22/08/04 17:19:30 INFO DAGScheduler: Got job 2 (json at NativeMethodAccessorImpl.java:0) with 1 output partitions
[2022-08-04 17:19:30,491] {spark_submit_hook.py:479} INFO - 22/08/04 17:19:30 INFO DAGScheduler: Final stage: ResultStage 2 (json at NativeMethodAccessorImpl.java:0)
[2022-08-04 17:19:30,491] {spark_submit_hook.py:479} INFO - 22/08/04 17:19:30 INFO DAGScheduler: Parents of final stage: List()
[2022-08-04 17:19:30,491] {spark_submit_hook.py:479} INFO - 22/08/04 17:19:30 INFO DAGScheduler: Missing parents: List()
[2022-08-04 17:19:30,492] {spark_submit_hook.py:479} INFO - 22/08/04 17:19:30 INFO DAGScheduler: Submitting ResultStage 2 (CoalescedRDD[11] at json at NativeMethodAccessorImpl.java:0), which has no missing parents
[2022-08-04 17:19:30,504] {spark_submit_hook.py:479} INFO - 22/08/04 17:19:30 INFO MemoryStore: Block broadcast_5 stored as values in memory (estimated size 161.1 KiB, free 433.6 MiB)
[2022-08-04 17:19:30,506] {spark_submit_hook.py:479} INFO - 22/08/04 17:19:30 INFO MemoryStore: Block broadcast_5_piece0 stored as bytes in memory (estimated size 57.8 KiB, free 433.6 MiB)
[2022-08-04 17:19:30,507] {spark_submit_hook.py:479} INFO - 22/08/04 17:19:30 INFO BlockManagerInfo: Added broadcast_5_piece0 in memory on 192.168.1.12:45201 (size: 57.8 KiB, free: 434.2 MiB)
[2022-08-04 17:19:30,507] {spark_submit_hook.py:479} INFO - 22/08/04 17:19:30 INFO SparkContext: Created broadcast 5 from broadcast at DAGScheduler.scala:1513
[2022-08-04 17:19:30,507] {spark_submit_hook.py:479} INFO - 22/08/04 17:19:30 INFO DAGScheduler: Submitting 1 missing tasks from ResultStage 2 (CoalescedRDD[11] at json at NativeMethodAccessorImpl.java:0) (first 15 tasks are for partitions Vector(0))
[2022-08-04 17:19:30,507] {spark_submit_hook.py:479} INFO - 22/08/04 17:19:30 INFO TaskSchedulerImpl: Adding task set 2.0 with 1 tasks resource profile 0
[2022-08-04 17:19:30,509] {spark_submit_hook.py:479} INFO - 22/08/04 17:19:30 INFO TaskSetManager: Starting task 0.0 in stage 2.0 (TID 2) (192.168.1.12, executor driver, partition 0, PROCESS_LOCAL, 5256 bytes) taskResourceAssignments Map()
[2022-08-04 17:19:30,509] {spark_submit_hook.py:479} INFO - 22/08/04 17:19:30 INFO Executor: Running task 0.0 in stage 2.0 (TID 2)
[2022-08-04 17:19:30,526] {spark_submit_hook.py:479} INFO - 22/08/04 17:19:30 INFO FileOutputCommitter: File Output Committer Algorithm version is 1
[2022-08-04 17:19:30,527] {spark_submit_hook.py:479} INFO - 22/08/04 17:19:30 INFO SQLHadoopMapReduceCommitProtocol: Using output committer class org.apache.hadoop.mapreduce.lib.output.FileOutputCommitter
[2022-08-04 17:19:30,533] {spark_submit_hook.py:479} INFO - 22/08/04 17:19:30 INFO FileScanRDD: Reading File path: file:///home/amadeus/ama/airflow-pipeline-alura/datapipeline/datalake/bronze/twitter_flamengomalvadao/extract_date=2022-08-02/FlamengoMalvadao_20220802.json, range: 0-207687, partition values: [empty row]
[2022-08-04 17:19:30,544] {spark_submit_hook.py:479} INFO - 22/08/04 17:19:30 INFO CodeGenerator: Code generated in 9.348764 ms
[2022-08-04 17:19:30,559] {spark_submit_hook.py:479} INFO - 22/08/04 17:19:30 INFO FileOutputCommitter: Saved output of task 'attempt_202208041719305219563912268244805_0002_m_000000_2' to file:/home/amadeus/ama/airflow-pipeline-alura/datapipeline/datalake/silver/twitter_flamengomalvadao/user/process_date=2022-08-02/_temporary/0/task_202208041719305219563912268244805_0002_m_000000
[2022-08-04 17:19:30,559] {spark_submit_hook.py:479} INFO - 22/08/04 17:19:30 INFO SparkHadoopMapRedUtil: attempt_202208041719305219563912268244805_0002_m_000000_2: Committed. Elapsed time: 0 ms.
[2022-08-04 17:19:30,560] {spark_submit_hook.py:479} INFO - 22/08/04 17:19:30 INFO Executor: Finished task 0.0 in stage 2.0 (TID 2). 2622 bytes result sent to driver
[2022-08-04 17:19:30,561] {spark_submit_hook.py:479} INFO - 22/08/04 17:19:30 INFO TaskSetManager: Finished task 0.0 in stage 2.0 (TID 2) in 53 ms on 192.168.1.12 (executor driver) (1/1)
[2022-08-04 17:19:30,561] {spark_submit_hook.py:479} INFO - 22/08/04 17:19:30 INFO TaskSchedulerImpl: Removed TaskSet 2.0, whose tasks have all completed, from pool
[2022-08-04 17:19:30,562] {spark_submit_hook.py:479} INFO - 22/08/04 17:19:30 INFO DAGScheduler: ResultStage 2 (json at NativeMethodAccessorImpl.java:0) finished in 0,070 s
[2022-08-04 17:19:30,562] {spark_submit_hook.py:479} INFO - 22/08/04 17:19:30 INFO DAGScheduler: Job 2 is finished. Cancelling potential speculative or zombie tasks for this job
[2022-08-04 17:19:30,562] {spark_submit_hook.py:479} INFO - 22/08/04 17:19:30 INFO TaskSchedulerImpl: Killing all running tasks in stage 2: Stage finished
[2022-08-04 17:19:30,563] {spark_submit_hook.py:479} INFO - 22/08/04 17:19:30 INFO DAGScheduler: Job 2 finished: json at NativeMethodAccessorImpl.java:0, took 0,072575 s
[2022-08-04 17:19:30,563] {spark_submit_hook.py:479} INFO - 22/08/04 17:19:30 INFO FileFormatWriter: Start to commit write Job 42d4d93b-904a-4f50-a243-f5b916ea396e.
[2022-08-04 17:19:30,570] {spark_submit_hook.py:479} INFO - 22/08/04 17:19:30 INFO FileFormatWriter: Write Job 42d4d93b-904a-4f50-a243-f5b916ea396e committed. Elapsed time: 6 ms.
[2022-08-04 17:19:30,570] {spark_submit_hook.py:479} INFO - 22/08/04 17:19:30 INFO FileFormatWriter: Finished processing stats for write job 42d4d93b-904a-4f50-a243-f5b916ea396e.
[2022-08-04 17:19:30,602] {spark_submit_hook.py:479} INFO - 22/08/04 17:19:30 INFO SparkContext: Invoking stop() from shutdown hook
[2022-08-04 17:19:30,612] {spark_submit_hook.py:479} INFO - 22/08/04 17:19:30 INFO SparkUI: Stopped Spark web UI at http://192.168.1.12:4041
[2022-08-04 17:19:30,624] {spark_submit_hook.py:479} INFO - 22/08/04 17:19:30 INFO MapOutputTrackerMasterEndpoint: MapOutputTrackerMasterEndpoint stopped!
[2022-08-04 17:19:30,635] {spark_submit_hook.py:479} INFO - 22/08/04 17:19:30 INFO MemoryStore: MemoryStore cleared
[2022-08-04 17:19:30,636] {spark_submit_hook.py:479} INFO - 22/08/04 17:19:30 INFO BlockManager: BlockManager stopped
[2022-08-04 17:19:30,640] {spark_submit_hook.py:479} INFO - 22/08/04 17:19:30 INFO BlockManagerMaster: BlockManagerMaster stopped
[2022-08-04 17:19:30,644] {spark_submit_hook.py:479} INFO - 22/08/04 17:19:30 INFO OutputCommitCoordinator$OutputCommitCoordinatorEndpoint: OutputCommitCoordinator stopped!
[2022-08-04 17:19:30,648] {spark_submit_hook.py:479} INFO - 22/08/04 17:19:30 INFO SparkContext: Successfully stopped SparkContext
[2022-08-04 17:19:30,649] {spark_submit_hook.py:479} INFO - 22/08/04 17:19:30 INFO ShutdownHookManager: Shutdown hook called
[2022-08-04 17:19:30,650] {spark_submit_hook.py:479} INFO - 22/08/04 17:19:30 INFO ShutdownHookManager: Deleting directory /tmp/spark-7bdd7a0c-7bec-4793-ae3e-71a14fbf0e36/pyspark-2f2c0a9c-5383-4a4e-a95f-a167b05b9194
[2022-08-04 17:19:30,652] {spark_submit_hook.py:479} INFO - 22/08/04 17:19:30 INFO ShutdownHookManager: Deleting directory /tmp/spark-ac4a202e-b9ff-44fe-b007-82b827c3be22
[2022-08-04 17:19:30,654] {spark_submit_hook.py:479} INFO - 22/08/04 17:19:30 INFO ShutdownHookManager: Deleting directory /tmp/spark-7bdd7a0c-7bec-4793-ae3e-71a14fbf0e36
[2022-08-04 17:19:30,696] {taskinstance.py:1057} INFO - Marking task as SUCCESS.dag_id=twitter_dag, task_id=transform_twitter_flamengomalvadao, execution_date=20220802T090000, start_date=20220804T201920, end_date=20220804T201930
[2022-08-04 17:19:34,828] {local_task_job.py:102} INFO - Task exited with return code 0
