[2022-08-04 23:23:41,152] {taskinstance.py:670} INFO - Dependencies all met for <TaskInstance: twitter_dag.transform_twitter_flamengomalvadao 2022-08-02T09:00:00+00:00 [queued]>
[2022-08-04 23:23:41,181] {taskinstance.py:670} INFO - Dependencies all met for <TaskInstance: twitter_dag.transform_twitter_flamengomalvadao 2022-08-02T09:00:00+00:00 [queued]>
[2022-08-04 23:23:41,182] {taskinstance.py:880} INFO - 
--------------------------------------------------------------------------------
[2022-08-04 23:23:41,182] {taskinstance.py:881} INFO - Starting attempt 5 of 5
[2022-08-04 23:23:41,182] {taskinstance.py:882} INFO - 
--------------------------------------------------------------------------------
[2022-08-04 23:23:41,394] {taskinstance.py:901} INFO - Executing <Task(SparkSubmitOperator): transform_twitter_flamengomalvadao> on 2022-08-02T09:00:00+00:00
[2022-08-04 23:23:41,399] {standard_task_runner.py:54} INFO - Started process 163817 to run task
[2022-08-04 23:23:41,526] {standard_task_runner.py:77} INFO - Running: ['airflow', 'run', 'twitter_dag', 'transform_twitter_flamengomalvadao', '2022-08-02T09:00:00+00:00', '--job_id', '108', '--pool', 'default_pool', '--raw', '-sd', 'DAGS_FOLDER/twitter_dag.py', '--cfg_path', '/tmp/tmp8my_clsf']
[2022-08-04 23:23:41,527] {standard_task_runner.py:78} INFO - Job 108: Subtask transform_twitter_flamengomalvadao
[2022-08-04 23:23:41,772] {logging_mixin.py:112} INFO - Running <TaskInstance: twitter_dag.transform_twitter_flamengomalvadao 2022-08-02T09:00:00+00:00 [running]> on host ama
[2022-08-04 23:23:41,885] {base_hook.py:89} INFO - Using connection to: id: spark_default. Host: local, Port: None, Schema: None, Login: None, Password: None, extra: XXXXXXXX
[2022-08-04 23:23:41,887] {spark_submit_hook.py:325} INFO - Spark-Submit cmd: /home/amadeus/Downloads/spark-3.3.0-bin-hadoop2/bin/spark-submit --master local --name twitter_transformation /home/amadeus/ama/airflow-pipeline-alura/datapipeline/spark/transfortmation.py --src /home/amadeus/ama/airflow-pipeline-alura/datapipeline/datalake/bronze/twitter_flamengomalvadao/teste1 --dest /home/amadeus/ama/airflow-pipeline-alura/datapipeline/datalake/silver/twitter_flamengomalvadao/ --process-date 2022-08-02
[2022-08-04 23:23:43,997] {spark_submit_hook.py:479} INFO - 22/08/04 23:23:43 WARN Utils: Your hostname, ama resolves to a loopback address: 127.0.1.1; using 192.168.0.20 instead (on interface wlo1)
[2022-08-04 23:23:44,000] {spark_submit_hook.py:479} INFO - 22/08/04 23:23:44 WARN Utils: Set SPARK_LOCAL_IP if you need to bind to another address
[2022-08-04 23:23:45,456] {spark_submit_hook.py:479} INFO - 22/08/04 23:23:45 INFO SparkContext: Running Spark version 3.3.0
[2022-08-04 23:23:45,618] {spark_submit_hook.py:479} INFO - 22/08/04 23:23:45 WARN NativeCodeLoader: Unable to load native-hadoop library for your platform... using builtin-java classes where applicable
[2022-08-04 23:23:45,745] {spark_submit_hook.py:479} INFO - 22/08/04 23:23:45 INFO ResourceUtils: ==============================================================
[2022-08-04 23:23:45,745] {spark_submit_hook.py:479} INFO - 22/08/04 23:23:45 INFO ResourceUtils: No custom resources configured for spark.driver.
[2022-08-04 23:23:45,746] {spark_submit_hook.py:479} INFO - 22/08/04 23:23:45 INFO ResourceUtils: ==============================================================
[2022-08-04 23:23:45,746] {spark_submit_hook.py:479} INFO - 22/08/04 23:23:45 INFO SparkContext: Submitted application: twitter_transformation
[2022-08-04 23:23:45,776] {spark_submit_hook.py:479} INFO - 22/08/04 23:23:45 INFO ResourceProfile: Default ResourceProfile created, executor resources: Map(cores -> name: cores, amount: 1, script: , vendor: , memory -> name: memory, amount: 1024, script: , vendor: , offHeap -> name: offHeap, amount: 0, script: , vendor: ), task resources: Map(cpus -> name: cpus, amount: 1.0)
[2022-08-04 23:23:45,794] {spark_submit_hook.py:479} INFO - 22/08/04 23:23:45 INFO ResourceProfile: Limiting resource is cpu
[2022-08-04 23:23:45,795] {spark_submit_hook.py:479} INFO - 22/08/04 23:23:45 INFO ResourceProfileManager: Added ResourceProfile id: 0
[2022-08-04 23:23:45,864] {spark_submit_hook.py:479} INFO - 22/08/04 23:23:45 INFO SecurityManager: Changing view acls to: amadeus
[2022-08-04 23:23:45,864] {spark_submit_hook.py:479} INFO - 22/08/04 23:23:45 INFO SecurityManager: Changing modify acls to: amadeus
[2022-08-04 23:23:45,865] {spark_submit_hook.py:479} INFO - 22/08/04 23:23:45 INFO SecurityManager: Changing view acls groups to:
[2022-08-04 23:23:45,866] {spark_submit_hook.py:479} INFO - 22/08/04 23:23:45 INFO SecurityManager: Changing modify acls groups to:
[2022-08-04 23:23:45,867] {spark_submit_hook.py:479} INFO - 22/08/04 23:23:45 INFO SecurityManager: SecurityManager: authentication disabled; ui acls disabled; users  with view permissions: Set(amadeus); groups with view permissions: Set(); users  with modify permissions: Set(amadeus); groups with modify permissions: Set()
[2022-08-04 23:23:46,312] {spark_submit_hook.py:479} INFO - 22/08/04 23:23:46 INFO Utils: Successfully started service 'sparkDriver' on port 45361.
[2022-08-04 23:23:46,350] {spark_submit_hook.py:479} INFO - 22/08/04 23:23:46 INFO SparkEnv: Registering MapOutputTracker
[2022-08-04 23:23:46,397] {spark_submit_hook.py:479} INFO - 22/08/04 23:23:46 INFO SparkEnv: Registering BlockManagerMaster
[2022-08-04 23:23:46,424] {spark_submit_hook.py:479} INFO - 22/08/04 23:23:46 INFO BlockManagerMasterEndpoint: Using org.apache.spark.storage.DefaultTopologyMapper for getting topology information
[2022-08-04 23:23:46,425] {spark_submit_hook.py:479} INFO - 22/08/04 23:23:46 INFO BlockManagerMasterEndpoint: BlockManagerMasterEndpoint up
[2022-08-04 23:23:46,431] {spark_submit_hook.py:479} INFO - 22/08/04 23:23:46 INFO SparkEnv: Registering BlockManagerMasterHeartbeat
[2022-08-04 23:23:46,463] {spark_submit_hook.py:479} INFO - 22/08/04 23:23:46 INFO DiskBlockManager: Created local directory at /tmp/blockmgr-91133d85-75fe-472f-bb63-11c5159c3a0c
[2022-08-04 23:23:46,487] {spark_submit_hook.py:479} INFO - 22/08/04 23:23:46 INFO MemoryStore: MemoryStore started with capacity 434.4 MiB
[2022-08-04 23:23:46,509] {spark_submit_hook.py:479} INFO - 22/08/04 23:23:46 INFO SparkEnv: Registering OutputCommitCoordinator
[2022-08-04 23:23:46,843] {spark_submit_hook.py:479} INFO - 22/08/04 23:23:46 WARN Utils: Service 'SparkUI' could not bind on port 4040. Attempting port 4041.
[2022-08-04 23:23:46,857] {spark_submit_hook.py:479} INFO - 22/08/04 23:23:46 INFO Utils: Successfully started service 'SparkUI' on port 4041.
[2022-08-04 23:23:47,033] {spark_submit_hook.py:479} INFO - 22/08/04 23:23:47 INFO Executor: Starting executor ID driver on host 192.168.0.20
[2022-08-04 23:23:47,042] {spark_submit_hook.py:479} INFO - 22/08/04 23:23:47 INFO Executor: Starting executor with user classpath (userClassPathFirst = false): ''
[2022-08-04 23:23:47,065] {spark_submit_hook.py:479} INFO - 22/08/04 23:23:47 INFO Utils: Successfully started service 'org.apache.spark.network.netty.NettyBlockTransferService' on port 45085.
[2022-08-04 23:23:47,065] {spark_submit_hook.py:479} INFO - 22/08/04 23:23:47 INFO NettyBlockTransferService: Server created on 192.168.0.20:45085
[2022-08-04 23:23:47,067] {spark_submit_hook.py:479} INFO - 22/08/04 23:23:47 INFO BlockManager: Using org.apache.spark.storage.RandomBlockReplicationPolicy for block replication policy
[2022-08-04 23:23:47,075] {spark_submit_hook.py:479} INFO - 22/08/04 23:23:47 INFO BlockManagerMaster: Registering BlockManager BlockManagerId(driver, 192.168.0.20, 45085, None)
[2022-08-04 23:23:47,080] {spark_submit_hook.py:479} INFO - 22/08/04 23:23:47 INFO BlockManagerMasterEndpoint: Registering block manager 192.168.0.20:45085 with 434.4 MiB RAM, BlockManagerId(driver, 192.168.0.20, 45085, None)
[2022-08-04 23:23:47,083] {spark_submit_hook.py:479} INFO - 22/08/04 23:23:47 INFO BlockManagerMaster: Registered BlockManager BlockManagerId(driver, 192.168.0.20, 45085, None)
[2022-08-04 23:23:47,085] {spark_submit_hook.py:479} INFO - 22/08/04 23:23:47 INFO BlockManager: Initialized BlockManager: BlockManagerId(driver, 192.168.0.20, 45085, None)
[2022-08-04 23:23:47,844] {spark_submit_hook.py:479} INFO - 22/08/04 23:23:47 INFO SharedState: Setting hive.metastore.warehouse.dir ('null') to the value of spark.sql.warehouse.dir.
[2022-08-04 23:23:47,850] {spark_submit_hook.py:479} INFO - 22/08/04 23:23:47 INFO SharedState: Warehouse path is 'file:/home/amadeus/ama/airflow-pipeline-alura/datapipeline/spark-warehouse'.
[2022-08-04 23:23:48,894] {spark_submit_hook.py:479} INFO - Traceback (most recent call last):
[2022-08-04 23:23:48,895] {spark_submit_hook.py:479} INFO - File "/home/amadeus/ama/airflow-pipeline-alura/datapipeline/spark/transfortmation.py", line 50, in <module>
[2022-08-04 23:23:48,896] {spark_submit_hook.py:479} INFO - twitter_transform(spark, args.src, args.dest, args.process_date)
[2022-08-04 23:23:48,896] {spark_submit_hook.py:479} INFO - File "/home/amadeus/ama/airflow-pipeline-alura/datapipeline/spark/transfortmation.py", line 26, in twitter_transform
[2022-08-04 23:23:48,896] {spark_submit_hook.py:479} INFO - df = spark.read.json(src)
[2022-08-04 23:23:48,896] {spark_submit_hook.py:479} INFO - File "/home/amadeus/Downloads/spark-3.3.0-bin-hadoop2/python/lib/pyspark.zip/pyspark/sql/readwriter.py", line 284, in json
[2022-08-04 23:23:48,896] {spark_submit_hook.py:479} INFO - File "/home/amadeus/Downloads/spark-3.3.0-bin-hadoop2/python/lib/py4j-0.10.9.5-src.zip/py4j/java_gateway.py", line 1321, in __call__
[2022-08-04 23:23:48,896] {spark_submit_hook.py:479} INFO - File "/home/amadeus/Downloads/spark-3.3.0-bin-hadoop2/python/lib/pyspark.zip/pyspark/sql/utils.py", line 196, in deco
[2022-08-04 23:23:48,905] {spark_submit_hook.py:479} INFO - pyspark.sql.utils.AnalysisException: Path does not exist: file:/home/amadeus/ama/airflow-pipeline-alura/datapipeline/datalake/bronze/twitter_flamengomalvadao/teste1
[2022-08-04 23:23:48,951] {spark_submit_hook.py:479} INFO - 22/08/04 23:23:48 INFO SparkContext: Invoking stop() from shutdown hook
[2022-08-04 23:23:48,965] {spark_submit_hook.py:479} INFO - 22/08/04 23:23:48 INFO SparkUI: Stopped Spark web UI at http://192.168.0.20:4041
[2022-08-04 23:23:48,983] {spark_submit_hook.py:479} INFO - 22/08/04 23:23:48 INFO MapOutputTrackerMasterEndpoint: MapOutputTrackerMasterEndpoint stopped!
[2022-08-04 23:23:48,994] {spark_submit_hook.py:479} INFO - 22/08/04 23:23:48 INFO MemoryStore: MemoryStore cleared
[2022-08-04 23:23:48,994] {spark_submit_hook.py:479} INFO - 22/08/04 23:23:48 INFO BlockManager: BlockManager stopped
[2022-08-04 23:23:49,004] {spark_submit_hook.py:479} INFO - 22/08/04 23:23:49 INFO BlockManagerMaster: BlockManagerMaster stopped
[2022-08-04 23:23:49,009] {spark_submit_hook.py:479} INFO - 22/08/04 23:23:49 INFO OutputCommitCoordinator$OutputCommitCoordinatorEndpoint: OutputCommitCoordinator stopped!
[2022-08-04 23:23:49,013] {spark_submit_hook.py:479} INFO - 22/08/04 23:23:49 INFO SparkContext: Successfully stopped SparkContext
[2022-08-04 23:23:49,014] {spark_submit_hook.py:479} INFO - 22/08/04 23:23:49 INFO ShutdownHookManager: Shutdown hook called
[2022-08-04 23:23:49,014] {spark_submit_hook.py:479} INFO - 22/08/04 23:23:49 INFO ShutdownHookManager: Deleting directory /tmp/spark-3d433831-5b89-49cf-996b-28c4982fa9c3
[2022-08-04 23:23:49,017] {spark_submit_hook.py:479} INFO - 22/08/04 23:23:49 INFO ShutdownHookManager: Deleting directory /tmp/spark-c856d31e-925f-4592-8e2a-e9c94621eaae
[2022-08-04 23:23:49,019] {spark_submit_hook.py:479} INFO - 22/08/04 23:23:49 INFO ShutdownHookManager: Deleting directory /tmp/spark-c856d31e-925f-4592-8e2a-e9c94621eaae/pyspark-15813c83-2bcd-4dc5-a4c8-46b95c2337d7
[2022-08-04 23:23:49,052] {taskinstance.py:1150} ERROR - Cannot execute: /home/amadeus/Downloads/spark-3.3.0-bin-hadoop2/bin/spark-submit --master local --name twitter_transformation /home/amadeus/ama/airflow-pipeline-alura/datapipeline/spark/transfortmation.py --src /home/amadeus/ama/airflow-pipeline-alura/datapipeline/datalake/bronze/twitter_flamengomalvadao/teste1 --dest /home/amadeus/ama/airflow-pipeline-alura/datapipeline/datalake/silver/twitter_flamengomalvadao/ --process-date 2022-08-02. Error code is: 1.
Traceback (most recent call last):
  File "/home/amadeus/ama/airflow-pipeline-alura/datapipeline/.env/lib/python3.8/site-packages/airflow/models/taskinstance.py", line 984, in _run_raw_task
    result = task_copy.execute(context=context)
  File "/home/amadeus/ama/airflow-pipeline-alura/datapipeline/.env/lib/python3.8/site-packages/airflow/contrib/operators/spark_submit_operator.py", line 187, in execute
    self._hook.submit(self._application)
  File "/home/amadeus/ama/airflow-pipeline-alura/datapipeline/.env/lib/python3.8/site-packages/airflow/contrib/hooks/spark_submit_hook.py", line 403, in submit
    raise AirflowException(
airflow.exceptions.AirflowException: Cannot execute: /home/amadeus/Downloads/spark-3.3.0-bin-hadoop2/bin/spark-submit --master local --name twitter_transformation /home/amadeus/ama/airflow-pipeline-alura/datapipeline/spark/transfortmation.py --src /home/amadeus/ama/airflow-pipeline-alura/datapipeline/datalake/bronze/twitter_flamengomalvadao/teste1 --dest /home/amadeus/ama/airflow-pipeline-alura/datapipeline/datalake/silver/twitter_flamengomalvadao/ --process-date 2022-08-02. Error code is: 1.
[2022-08-04 23:23:49,053] {taskinstance.py:1187} INFO - Marking task as FAILED. dag_id=twitter_dag, task_id=transform_twitter_flamengomalvadao, execution_date=20220802T090000, start_date=20220805T022341, end_date=20220805T022349
[2022-08-04 23:23:50,933] {local_task_job.py:102} INFO - Task exited with return code 1
