[2022-08-08 22:46:57,760] {taskinstance.py:670} INFO - Dependencies all met for <TaskInstance: twitter_dag.transform_twitter_flamengomalvadao 2022-08-02T09:00:00+00:00 [queued]>
[2022-08-08 22:46:57,771] {taskinstance.py:670} INFO - Dependencies all met for <TaskInstance: twitter_dag.transform_twitter_flamengomalvadao 2022-08-02T09:00:00+00:00 [queued]>
[2022-08-08 22:46:57,771] {taskinstance.py:880} INFO - 
--------------------------------------------------------------------------------
[2022-08-08 22:46:57,771] {taskinstance.py:881} INFO - Starting attempt 7 of 7
[2022-08-08 22:46:57,771] {taskinstance.py:882} INFO - 
--------------------------------------------------------------------------------
[2022-08-08 22:46:58,196] {taskinstance.py:901} INFO - Executing <Task(SparkSubmitOperator): transform_twitter_flamengomalvadao> on 2022-08-02T09:00:00+00:00
[2022-08-08 22:46:58,202] {standard_task_runner.py:54} INFO - Started process 183974 to run task
[2022-08-08 22:46:58,249] {standard_task_runner.py:77} INFO - Running: ['airflow', 'run', 'twitter_dag', 'transform_twitter_flamengomalvadao', '2022-08-02T09:00:00+00:00', '--job_id', '149', '--pool', 'default_pool', '--raw', '-sd', 'DAGS_FOLDER/twitter_dag.py', '--cfg_path', '/tmp/tmpz_bdux1_']
[2022-08-08 22:46:58,249] {standard_task_runner.py:78} INFO - Job 149: Subtask transform_twitter_flamengomalvadao
[2022-08-08 22:46:58,476] {logging_mixin.py:112} INFO - Running <TaskInstance: twitter_dag.transform_twitter_flamengomalvadao 2022-08-02T09:00:00+00:00 [running]> on host ama
[2022-08-08 22:46:58,525] {base_hook.py:89} INFO - Using connection to: id: spark_default. Host: local, Port: None, Schema: None, Login: None, Password: None, extra: XXXXXXXX
[2022-08-08 22:46:58,527] {spark_submit_hook.py:325} INFO - Spark-Submit cmd: /home/amadeus/Downloads/spark-3.3.0-bin-hadoop2/bin/spark-submit --master local --name twitter_transformation /home/amadeus/ama/airflow-pipeline-alura/datapipeline/spark/transfortmation.py --src /home/amadeus/ama/airflow-pipeline-alura/datapipeline/datalake/bronze/twitter_flamengomalvadao/extract_date=2022-08-02 --dest /home/amadeus/ama/airflow-pipeline-alura/datapipeline/datalake/silver/twitter_flamengomalvadao/ --process-date 2022-08-02
[2022-08-08 22:46:59,753] {spark_submit_hook.py:479} INFO - 22/08/08 22:46:59 WARN Utils: Your hostname, ama resolves to a loopback address: 127.0.1.1; using 192.168.0.20 instead (on interface wlo1)
[2022-08-08 22:46:59,755] {spark_submit_hook.py:479} INFO - 22/08/08 22:46:59 WARN Utils: Set SPARK_LOCAL_IP if you need to bind to another address
[2022-08-08 22:47:00,619] {spark_submit_hook.py:479} INFO - 22/08/08 22:47:00 INFO SparkContext: Running Spark version 3.3.0
[2022-08-08 22:47:00,700] {spark_submit_hook.py:479} INFO - 22/08/08 22:47:00 WARN NativeCodeLoader: Unable to load native-hadoop library for your platform... using builtin-java classes where applicable
[2022-08-08 22:47:00,766] {spark_submit_hook.py:479} INFO - 22/08/08 22:47:00 INFO ResourceUtils: ==============================================================
[2022-08-08 22:47:00,766] {spark_submit_hook.py:479} INFO - 22/08/08 22:47:00 INFO ResourceUtils: No custom resources configured for spark.driver.
[2022-08-08 22:47:00,766] {spark_submit_hook.py:479} INFO - 22/08/08 22:47:00 INFO ResourceUtils: ==============================================================
[2022-08-08 22:47:00,767] {spark_submit_hook.py:479} INFO - 22/08/08 22:47:00 INFO SparkContext: Submitted application: twitter_transformation
[2022-08-08 22:47:00,783] {spark_submit_hook.py:479} INFO - 22/08/08 22:47:00 INFO ResourceProfile: Default ResourceProfile created, executor resources: Map(cores -> name: cores, amount: 1, script: , vendor: , memory -> name: memory, amount: 1024, script: , vendor: , offHeap -> name: offHeap, amount: 0, script: , vendor: ), task resources: Map(cpus -> name: cpus, amount: 1.0)
[2022-08-08 22:47:00,792] {spark_submit_hook.py:479} INFO - 22/08/08 22:47:00 INFO ResourceProfile: Limiting resource is cpu
[2022-08-08 22:47:00,793] {spark_submit_hook.py:479} INFO - 22/08/08 22:47:00 INFO ResourceProfileManager: Added ResourceProfile id: 0
[2022-08-08 22:47:00,837] {spark_submit_hook.py:479} INFO - 22/08/08 22:47:00 INFO SecurityManager: Changing view acls to: amadeus
[2022-08-08 22:47:00,838] {spark_submit_hook.py:479} INFO - 22/08/08 22:47:00 INFO SecurityManager: Changing modify acls to: amadeus
[2022-08-08 22:47:00,838] {spark_submit_hook.py:479} INFO - 22/08/08 22:47:00 INFO SecurityManager: Changing view acls groups to:
[2022-08-08 22:47:00,838] {spark_submit_hook.py:479} INFO - 22/08/08 22:47:00 INFO SecurityManager: Changing modify acls groups to:
[2022-08-08 22:47:00,839] {spark_submit_hook.py:479} INFO - 22/08/08 22:47:00 INFO SecurityManager: SecurityManager: authentication disabled; ui acls disabled; users  with view permissions: Set(amadeus); groups with view permissions: Set(); users  with modify permissions: Set(amadeus); groups with modify permissions: Set()
[2022-08-08 22:47:01,090] {spark_submit_hook.py:479} INFO - 22/08/08 22:47:01 INFO Utils: Successfully started service 'sparkDriver' on port 44195.
[2022-08-08 22:47:01,116] {spark_submit_hook.py:479} INFO - 22/08/08 22:47:01 INFO SparkEnv: Registering MapOutputTracker
[2022-08-08 22:47:01,158] {spark_submit_hook.py:479} INFO - 22/08/08 22:47:01 INFO SparkEnv: Registering BlockManagerMaster
[2022-08-08 22:47:01,183] {spark_submit_hook.py:479} INFO - 22/08/08 22:47:01 INFO BlockManagerMasterEndpoint: Using org.apache.spark.storage.DefaultTopologyMapper for getting topology information
[2022-08-08 22:47:01,183] {spark_submit_hook.py:479} INFO - 22/08/08 22:47:01 INFO BlockManagerMasterEndpoint: BlockManagerMasterEndpoint up
[2022-08-08 22:47:01,187] {spark_submit_hook.py:479} INFO - 22/08/08 22:47:01 INFO SparkEnv: Registering BlockManagerMasterHeartbeat
[2022-08-08 22:47:01,209] {spark_submit_hook.py:479} INFO - 22/08/08 22:47:01 INFO DiskBlockManager: Created local directory at /tmp/blockmgr-74557c4b-e246-4cfd-9e91-5c6059a8cb96
[2022-08-08 22:47:01,231] {spark_submit_hook.py:479} INFO - 22/08/08 22:47:01 INFO MemoryStore: MemoryStore started with capacity 434.4 MiB
[2022-08-08 22:47:01,253] {spark_submit_hook.py:479} INFO - 22/08/08 22:47:01 INFO SparkEnv: Registering OutputCommitCoordinator
[2022-08-08 22:47:01,535] {spark_submit_hook.py:479} INFO - 22/08/08 22:47:01 WARN Utils: Service 'SparkUI' could not bind on port 4040. Attempting port 4041.
[2022-08-08 22:47:01,548] {spark_submit_hook.py:479} INFO - 22/08/08 22:47:01 INFO Utils: Successfully started service 'SparkUI' on port 4041.
[2022-08-08 22:47:01,708] {spark_submit_hook.py:479} INFO - 22/08/08 22:47:01 INFO Executor: Starting executor ID driver on host 192.168.0.20
[2022-08-08 22:47:01,719] {spark_submit_hook.py:479} INFO - 22/08/08 22:47:01 INFO Executor: Starting executor with user classpath (userClassPathFirst = false): ''
[2022-08-08 22:47:01,740] {spark_submit_hook.py:479} INFO - 22/08/08 22:47:01 INFO Utils: Successfully started service 'org.apache.spark.network.netty.NettyBlockTransferService' on port 39207.
[2022-08-08 22:47:01,740] {spark_submit_hook.py:479} INFO - 22/08/08 22:47:01 INFO NettyBlockTransferService: Server created on 192.168.0.20:39207
[2022-08-08 22:47:01,742] {spark_submit_hook.py:479} INFO - 22/08/08 22:47:01 INFO BlockManager: Using org.apache.spark.storage.RandomBlockReplicationPolicy for block replication policy
[2022-08-08 22:47:01,751] {spark_submit_hook.py:479} INFO - 22/08/08 22:47:01 INFO BlockManagerMaster: Registering BlockManager BlockManagerId(driver, 192.168.0.20, 39207, None)
[2022-08-08 22:47:01,755] {spark_submit_hook.py:479} INFO - 22/08/08 22:47:01 INFO BlockManagerMasterEndpoint: Registering block manager 192.168.0.20:39207 with 434.4 MiB RAM, BlockManagerId(driver, 192.168.0.20, 39207, None)
[2022-08-08 22:47:01,758] {spark_submit_hook.py:479} INFO - 22/08/08 22:47:01 INFO BlockManagerMaster: Registered BlockManager BlockManagerId(driver, 192.168.0.20, 39207, None)
[2022-08-08 22:47:01,760] {spark_submit_hook.py:479} INFO - 22/08/08 22:47:01 INFO BlockManager: Initialized BlockManager: BlockManagerId(driver, 192.168.0.20, 39207, None)
[2022-08-08 22:47:02,283] {spark_submit_hook.py:479} INFO - 22/08/08 22:47:02 INFO SharedState: Setting hive.metastore.warehouse.dir ('null') to the value of spark.sql.warehouse.dir.
[2022-08-08 22:47:02,287] {spark_submit_hook.py:479} INFO - 22/08/08 22:47:02 INFO SharedState: Warehouse path is 'file:/home/amadeus/ama/airflow-pipeline-alura/datapipeline/spark-warehouse'.
[2022-08-08 22:47:03,361] {spark_submit_hook.py:479} INFO - 22/08/08 22:47:03 INFO InMemoryFileIndex: It took 53 ms to list leaf files for 1 paths.
[2022-08-08 22:47:03,453] {spark_submit_hook.py:479} INFO - 22/08/08 22:47:03 INFO InMemoryFileIndex: It took 4 ms to list leaf files for 1 paths.
[2022-08-08 22:47:05,882] {spark_submit_hook.py:479} INFO - 22/08/08 22:47:05 INFO FileSourceStrategy: Pushed Filters:
[2022-08-08 22:47:05,884] {spark_submit_hook.py:479} INFO - 22/08/08 22:47:05 INFO FileSourceStrategy: Post-Scan Filters:
[2022-08-08 22:47:05,886] {spark_submit_hook.py:479} INFO - 22/08/08 22:47:05 INFO FileSourceStrategy: Output Data Schema: struct<value: string>
[2022-08-08 22:47:06,342] {spark_submit_hook.py:479} INFO - 22/08/08 22:47:06 INFO MemoryStore: Block broadcast_0 stored as values in memory (estimated size 173.7 KiB, free 434.2 MiB)
[2022-08-08 22:47:06,405] {spark_submit_hook.py:479} INFO - 22/08/08 22:47:06 INFO MemoryStore: Block broadcast_0_piece0 stored as bytes in memory (estimated size 24.7 KiB, free 434.2 MiB)
[2022-08-08 22:47:06,408] {spark_submit_hook.py:479} INFO - 22/08/08 22:47:06 INFO BlockManagerInfo: Added broadcast_0_piece0 in memory on 192.168.0.20:39207 (size: 24.7 KiB, free: 434.4 MiB)
[2022-08-08 22:47:06,412] {spark_submit_hook.py:479} INFO - 22/08/08 22:47:06 INFO SparkContext: Created broadcast 0 from json at NativeMethodAccessorImpl.java:0
[2022-08-08 22:47:06,421] {spark_submit_hook.py:479} INFO - 22/08/08 22:47:06 INFO FileSourceScanExec: Planning scan with bin packing, max size: 4401774 bytes, open cost is considered as scanning 4194304 bytes.
[2022-08-08 22:47:06,684] {spark_submit_hook.py:479} INFO - 22/08/08 22:47:06 INFO SparkContext: Starting job: json at NativeMethodAccessorImpl.java:0
[2022-08-08 22:47:06,706] {spark_submit_hook.py:479} INFO - 22/08/08 22:47:06 INFO DAGScheduler: Got job 0 (json at NativeMethodAccessorImpl.java:0) with 1 output partitions
[2022-08-08 22:47:06,706] {spark_submit_hook.py:479} INFO - 22/08/08 22:47:06 INFO DAGScheduler: Final stage: ResultStage 0 (json at NativeMethodAccessorImpl.java:0)
[2022-08-08 22:47:06,707] {spark_submit_hook.py:479} INFO - 22/08/08 22:47:06 INFO DAGScheduler: Parents of final stage: List()
[2022-08-08 22:47:06,708] {spark_submit_hook.py:479} INFO - 22/08/08 22:47:06 INFO DAGScheduler: Missing parents: List()
[2022-08-08 22:47:06,714] {spark_submit_hook.py:479} INFO - 22/08/08 22:47:06 INFO DAGScheduler: Submitting ResultStage 0 (MapPartitionsRDD[3] at json at NativeMethodAccessorImpl.java:0), which has no missing parents
[2022-08-08 22:47:06,825] {spark_submit_hook.py:479} INFO - 22/08/08 22:47:06 INFO MemoryStore: Block broadcast_1 stored as values in memory (estimated size 14.5 KiB, free 434.2 MiB)
[2022-08-08 22:47:06,830] {spark_submit_hook.py:479} INFO - 22/08/08 22:47:06 INFO MemoryStore: Block broadcast_1_piece0 stored as bytes in memory (estimated size 7.0 KiB, free 434.2 MiB)
[2022-08-08 22:47:06,832] {spark_submit_hook.py:479} INFO - 22/08/08 22:47:06 INFO BlockManagerInfo: Added broadcast_1_piece0 in memory on 192.168.0.20:39207 (size: 7.0 KiB, free: 434.4 MiB)
[2022-08-08 22:47:06,834] {spark_submit_hook.py:479} INFO - 22/08/08 22:47:06 INFO SparkContext: Created broadcast 1 from broadcast at DAGScheduler.scala:1513
[2022-08-08 22:47:06,855] {spark_submit_hook.py:479} INFO - 22/08/08 22:47:06 INFO DAGScheduler: Submitting 1 missing tasks from ResultStage 0 (MapPartitionsRDD[3] at json at NativeMethodAccessorImpl.java:0) (first 15 tasks are for partitions Vector(0))
[2022-08-08 22:47:06,857] {spark_submit_hook.py:479} INFO - 22/08/08 22:47:06 INFO TaskSchedulerImpl: Adding task set 0.0 with 1 tasks resource profile 0
[2022-08-08 22:47:06,921] {spark_submit_hook.py:479} INFO - 22/08/08 22:47:06 INFO TaskSetManager: Starting task 0.0 in stage 0.0 (TID 0) (192.168.0.20, executor driver, partition 0, PROCESS_LOCAL, 5027 bytes) taskResourceAssignments Map()
[2022-08-08 22:47:06,935] {spark_submit_hook.py:479} INFO - 22/08/08 22:47:06 INFO Executor: Running task 0.0 in stage 0.0 (TID 0)
[2022-08-08 22:47:07,074] {spark_submit_hook.py:479} INFO - 22/08/08 22:47:07 INFO FileScanRDD: Reading File path: file:///home/amadeus/ama/airflow-pipeline-alura/datapipeline/datalake/bronze/twitter_flamengomalvadao/extract_date=2022-08-02/FlamengoMalvadao_20220802.json, range: 0-207470, partition values: [empty row]
[2022-08-08 22:47:07,272] {spark_submit_hook.py:479} INFO - 22/08/08 22:47:07 INFO CodeGenerator: Code generated in 159.300635 ms
[2022-08-08 22:47:07,343] {spark_submit_hook.py:479} INFO - 22/08/08 22:47:07 INFO Executor: Finished task 0.0 in stage 0.0 (TID 0). 2823 bytes result sent to driver
[2022-08-08 22:47:07,353] {spark_submit_hook.py:479} INFO - 22/08/08 22:47:07 INFO TaskSetManager: Finished task 0.0 in stage 0.0 (TID 0) in 444 ms on 192.168.0.20 (executor driver) (1/1)
[2022-08-08 22:47:07,354] {spark_submit_hook.py:479} INFO - 22/08/08 22:47:07 INFO TaskSchedulerImpl: Removed TaskSet 0.0, whose tasks have all completed, from pool
[2022-08-08 22:47:07,361] {spark_submit_hook.py:479} INFO - 22/08/08 22:47:07 INFO DAGScheduler: ResultStage 0 (json at NativeMethodAccessorImpl.java:0) finished in 0,631 s
[2022-08-08 22:47:07,366] {spark_submit_hook.py:479} INFO - 22/08/08 22:47:07 INFO DAGScheduler: Job 0 is finished. Cancelling potential speculative or zombie tasks for this job
[2022-08-08 22:47:07,366] {spark_submit_hook.py:479} INFO - 22/08/08 22:47:07 INFO TaskSchedulerImpl: Killing all running tasks in stage 0: Stage finished
[2022-08-08 22:47:07,369] {spark_submit_hook.py:479} INFO - 22/08/08 22:47:07 INFO DAGScheduler: Job 0 finished: json at NativeMethodAccessorImpl.java:0, took 0,684040 s
[2022-08-08 22:47:07,588] {spark_submit_hook.py:479} INFO - 22/08/08 22:47:07 INFO BlockManagerInfo: Removed broadcast_1_piece0 on 192.168.0.20:39207 in memory (size: 7.0 KiB, free: 434.4 MiB)
[2022-08-08 22:47:07,592] {spark_submit_hook.py:479} INFO - 22/08/08 22:47:07 INFO BlockManagerInfo: Removed broadcast_0_piece0 on 192.168.0.20:39207 in memory (size: 24.7 KiB, free: 434.4 MiB)
[2022-08-08 22:47:07,762] {spark_submit_hook.py:479} INFO - 22/08/08 22:47:07 INFO FileSourceStrategy: Pushed Filters: IsNotNull(data)
[2022-08-08 22:47:07,764] {spark_submit_hook.py:479} INFO - 22/08/08 22:47:07 INFO FileSourceStrategy: Post-Scan Filters: (size(data#8, true) > 0),isnotnull(data#8)
[2022-08-08 22:47:07,765] {spark_submit_hook.py:479} INFO - 22/08/08 22:47:07 INFO FileSourceStrategy: Output Data Schema: struct<data: array<struct<author_id:string,conversation_id:string,created_at:string,id:string,in_reply_to_user_id:string,public_metrics:struct<like_count:bigint,quote_count:bigint,reply_count:bigint,retweet_count:bigint>,text:string>>>
[2022-08-08 22:47:07,869] {spark_submit_hook.py:479} INFO - 22/08/08 22:47:07 INFO FileOutputCommitter: File Output Committer Algorithm version is 1
[2022-08-08 22:47:07,870] {spark_submit_hook.py:479} INFO - 22/08/08 22:47:07 INFO SQLHadoopMapReduceCommitProtocol: Using output committer class org.apache.hadoop.mapreduce.lib.output.FileOutputCommitter
[2022-08-08 22:47:08,077] {spark_submit_hook.py:479} INFO - 22/08/08 22:47:08 INFO CodeGenerator: Code generated in 115.051433 ms
[2022-08-08 22:47:08,085] {spark_submit_hook.py:479} INFO - 22/08/08 22:47:08 INFO MemoryStore: Block broadcast_2 stored as values in memory (estimated size 173.5 KiB, free 434.2 MiB)
[2022-08-08 22:47:08,099] {spark_submit_hook.py:479} INFO - 22/08/08 22:47:08 INFO MemoryStore: Block broadcast_2_piece0 stored as bytes in memory (estimated size 24.6 KiB, free 434.2 MiB)
[2022-08-08 22:47:08,101] {spark_submit_hook.py:479} INFO - 22/08/08 22:47:08 INFO BlockManagerInfo: Added broadcast_2_piece0 in memory on 192.168.0.20:39207 (size: 24.6 KiB, free: 434.4 MiB)
[2022-08-08 22:47:08,102] {spark_submit_hook.py:479} INFO - 22/08/08 22:47:08 INFO SparkContext: Created broadcast 2 from json at NativeMethodAccessorImpl.java:0
[2022-08-08 22:47:08,106] {spark_submit_hook.py:479} INFO - 22/08/08 22:47:08 INFO FileSourceScanExec: Planning scan with bin packing, max size: 4401774 bytes, open cost is considered as scanning 4194304 bytes.
[2022-08-08 22:47:08,175] {spark_submit_hook.py:479} INFO - 22/08/08 22:47:08 INFO SparkContext: Starting job: json at NativeMethodAccessorImpl.java:0
[2022-08-08 22:47:08,177] {spark_submit_hook.py:479} INFO - 22/08/08 22:47:08 INFO DAGScheduler: Got job 1 (json at NativeMethodAccessorImpl.java:0) with 1 output partitions
[2022-08-08 22:47:08,178] {spark_submit_hook.py:479} INFO - 22/08/08 22:47:08 INFO DAGScheduler: Final stage: ResultStage 1 (json at NativeMethodAccessorImpl.java:0)
[2022-08-08 22:47:08,178] {spark_submit_hook.py:479} INFO - 22/08/08 22:47:08 INFO DAGScheduler: Parents of final stage: List()
[2022-08-08 22:47:08,178] {spark_submit_hook.py:479} INFO - 22/08/08 22:47:08 INFO DAGScheduler: Missing parents: List()
[2022-08-08 22:47:08,180] {spark_submit_hook.py:479} INFO - 22/08/08 22:47:08 INFO DAGScheduler: Submitting ResultStage 1 (CoalescedRDD[7] at json at NativeMethodAccessorImpl.java:0), which has no missing parents
[2022-08-08 22:47:08,202] {spark_submit_hook.py:479} INFO - 22/08/08 22:47:08 INFO MemoryStore: Block broadcast_3 stored as values in memory (estimated size 175.8 KiB, free 434.0 MiB)
[2022-08-08 22:47:08,205] {spark_submit_hook.py:479} INFO - 22/08/08 22:47:08 INFO MemoryStore: Block broadcast_3_piece0 stored as bytes in memory (estimated size 60.9 KiB, free 434.0 MiB)
[2022-08-08 22:47:08,206] {spark_submit_hook.py:479} INFO - 22/08/08 22:47:08 INFO BlockManagerInfo: Added broadcast_3_piece0 in memory on 192.168.0.20:39207 (size: 60.9 KiB, free: 434.3 MiB)
[2022-08-08 22:47:08,206] {spark_submit_hook.py:479} INFO - 22/08/08 22:47:08 INFO SparkContext: Created broadcast 3 from broadcast at DAGScheduler.scala:1513
[2022-08-08 22:47:08,207] {spark_submit_hook.py:479} INFO - 22/08/08 22:47:08 INFO DAGScheduler: Submitting 1 missing tasks from ResultStage 1 (CoalescedRDD[7] at json at NativeMethodAccessorImpl.java:0) (first 15 tasks are for partitions Vector(0))
[2022-08-08 22:47:08,207] {spark_submit_hook.py:479} INFO - 22/08/08 22:47:08 INFO TaskSchedulerImpl: Adding task set 1.0 with 1 tasks resource profile 0
[2022-08-08 22:47:08,212] {spark_submit_hook.py:479} INFO - 22/08/08 22:47:08 INFO TaskSetManager: Starting task 0.0 in stage 1.0 (TID 1) (192.168.0.20, executor driver, partition 0, PROCESS_LOCAL, 5256 bytes) taskResourceAssignments Map()
[2022-08-08 22:47:08,213] {spark_submit_hook.py:479} INFO - 22/08/08 22:47:08 INFO Executor: Running task 0.0 in stage 1.0 (TID 1)
[2022-08-08 22:47:08,275] {spark_submit_hook.py:479} INFO - 22/08/08 22:47:08 INFO FileOutputCommitter: File Output Committer Algorithm version is 1
[2022-08-08 22:47:08,275] {spark_submit_hook.py:479} INFO - 22/08/08 22:47:08 INFO SQLHadoopMapReduceCommitProtocol: Using output committer class org.apache.hadoop.mapreduce.lib.output.FileOutputCommitter
[2022-08-08 22:47:08,297] {spark_submit_hook.py:479} INFO - 22/08/08 22:47:08 INFO FileScanRDD: Reading File path: file:///home/amadeus/ama/airflow-pipeline-alura/datapipeline/datalake/bronze/twitter_flamengomalvadao/extract_date=2022-08-02/FlamengoMalvadao_20220802.json, range: 0-207470, partition values: [empty row]
[2022-08-08 22:47:08,314] {spark_submit_hook.py:479} INFO - 22/08/08 22:47:08 INFO CodeGenerator: Code generated in 14.877586 ms
[2022-08-08 22:47:08,330] {spark_submit_hook.py:479} INFO - 22/08/08 22:47:08 INFO CodeGenerator: Code generated in 4.0164 ms
[2022-08-08 22:47:08,387] {spark_submit_hook.py:479} INFO - 22/08/08 22:47:08 INFO FileOutputCommitter: Saved output of task 'attempt_202208082247081019089494653549489_0001_m_000000_1' to file:/home/amadeus/ama/airflow-pipeline-alura/datapipeline/datalake/silver/twitter_flamengomalvadao/tweet/process_date=2022-08-02/_temporary/0/task_202208082247081019089494653549489_0001_m_000000
[2022-08-08 22:47:08,387] {spark_submit_hook.py:479} INFO - 22/08/08 22:47:08 INFO SparkHadoopMapRedUtil: attempt_202208082247081019089494653549489_0001_m_000000_1: Committed. Elapsed time: 0 ms.
[2022-08-08 22:47:08,392] {spark_submit_hook.py:479} INFO - 22/08/08 22:47:08 INFO Executor: Finished task 0.0 in stage 1.0 (TID 1). 2678 bytes result sent to driver
[2022-08-08 22:47:08,394] {spark_submit_hook.py:479} INFO - 22/08/08 22:47:08 INFO TaskSetManager: Finished task 0.0 in stage 1.0 (TID 1) in 184 ms on 192.168.0.20 (executor driver) (1/1)
[2022-08-08 22:47:08,394] {spark_submit_hook.py:479} INFO - 22/08/08 22:47:08 INFO TaskSchedulerImpl: Removed TaskSet 1.0, whose tasks have all completed, from pool
[2022-08-08 22:47:08,394] {spark_submit_hook.py:479} INFO - 22/08/08 22:47:08 INFO DAGScheduler: ResultStage 1 (json at NativeMethodAccessorImpl.java:0) finished in 0,213 s
[2022-08-08 22:47:08,395] {spark_submit_hook.py:479} INFO - 22/08/08 22:47:08 INFO DAGScheduler: Job 1 is finished. Cancelling potential speculative or zombie tasks for this job
[2022-08-08 22:47:08,395] {spark_submit_hook.py:479} INFO - 22/08/08 22:47:08 INFO TaskSchedulerImpl: Killing all running tasks in stage 1: Stage finished
[2022-08-08 22:47:08,395] {spark_submit_hook.py:479} INFO - 22/08/08 22:47:08 INFO DAGScheduler: Job 1 finished: json at NativeMethodAccessorImpl.java:0, took 0,220093 s
[2022-08-08 22:47:08,397] {spark_submit_hook.py:479} INFO - 22/08/08 22:47:08 INFO FileFormatWriter: Start to commit write Job 5cf5f381-8880-4814-953e-367f05437024.
[2022-08-08 22:47:08,405] {spark_submit_hook.py:479} INFO - 22/08/08 22:47:08 INFO FileFormatWriter: Write Job 5cf5f381-8880-4814-953e-367f05437024 committed. Elapsed time: 7 ms.
[2022-08-08 22:47:08,407] {spark_submit_hook.py:479} INFO - 22/08/08 22:47:08 INFO FileFormatWriter: Finished processing stats for write job 5cf5f381-8880-4814-953e-367f05437024.
[2022-08-08 22:47:08,437] {spark_submit_hook.py:479} INFO - 22/08/08 22:47:08 INFO FileSourceStrategy: Pushed Filters:
[2022-08-08 22:47:08,437] {spark_submit_hook.py:479} INFO - 22/08/08 22:47:08 INFO FileSourceStrategy: Post-Scan Filters:
[2022-08-08 22:47:08,437] {spark_submit_hook.py:479} INFO - 22/08/08 22:47:08 INFO FileSourceStrategy: Output Data Schema: struct<includes: struct<users: array<struct<created_at:string,id:string,name:string,username:string>>>>
[2022-08-08 22:47:08,446] {spark_submit_hook.py:479} INFO - 22/08/08 22:47:08 INFO FileOutputCommitter: File Output Committer Algorithm version is 1
[2022-08-08 22:47:08,447] {spark_submit_hook.py:479} INFO - 22/08/08 22:47:08 INFO SQLHadoopMapReduceCommitProtocol: Using output committer class org.apache.hadoop.mapreduce.lib.output.FileOutputCommitter
[2022-08-08 22:47:08,467] {spark_submit_hook.py:479} INFO - 22/08/08 22:47:08 INFO CodeGenerator: Code generated in 12.721532 ms
[2022-08-08 22:47:08,471] {spark_submit_hook.py:479} INFO - 22/08/08 22:47:08 INFO MemoryStore: Block broadcast_4 stored as values in memory (estimated size 173.5 KiB, free 433.8 MiB)
[2022-08-08 22:47:08,480] {spark_submit_hook.py:479} INFO - 22/08/08 22:47:08 INFO MemoryStore: Block broadcast_4_piece0 stored as bytes in memory (estimated size 24.6 KiB, free 433.8 MiB)
[2022-08-08 22:47:08,481] {spark_submit_hook.py:479} INFO - 22/08/08 22:47:08 INFO BlockManagerInfo: Added broadcast_4_piece0 in memory on 192.168.0.20:39207 (size: 24.6 KiB, free: 434.3 MiB)
[2022-08-08 22:47:08,482] {spark_submit_hook.py:479} INFO - 22/08/08 22:47:08 INFO SparkContext: Created broadcast 4 from json at NativeMethodAccessorImpl.java:0
[2022-08-08 22:47:08,483] {spark_submit_hook.py:479} INFO - 22/08/08 22:47:08 INFO FileSourceScanExec: Planning scan with bin packing, max size: 4401774 bytes, open cost is considered as scanning 4194304 bytes.
[2022-08-08 22:47:08,503] {spark_submit_hook.py:479} INFO - 22/08/08 22:47:08 INFO BlockManagerInfo: Removed broadcast_2_piece0 on 192.168.0.20:39207 in memory (size: 24.6 KiB, free: 434.3 MiB)
[2022-08-08 22:47:08,506] {spark_submit_hook.py:479} INFO - 22/08/08 22:47:08 INFO BlockManagerInfo: Removed broadcast_3_piece0 on 192.168.0.20:39207 in memory (size: 60.9 KiB, free: 434.4 MiB)
[2022-08-08 22:47:08,513] {spark_submit_hook.py:479} INFO - 22/08/08 22:47:08 INFO SparkContext: Starting job: json at NativeMethodAccessorImpl.java:0
[2022-08-08 22:47:08,514] {spark_submit_hook.py:479} INFO - 22/08/08 22:47:08 INFO DAGScheduler: Got job 2 (json at NativeMethodAccessorImpl.java:0) with 1 output partitions
[2022-08-08 22:47:08,514] {spark_submit_hook.py:479} INFO - 22/08/08 22:47:08 INFO DAGScheduler: Final stage: ResultStage 2 (json at NativeMethodAccessorImpl.java:0)
[2022-08-08 22:47:08,514] {spark_submit_hook.py:479} INFO - 22/08/08 22:47:08 INFO DAGScheduler: Parents of final stage: List()
[2022-08-08 22:47:08,515] {spark_submit_hook.py:479} INFO - 22/08/08 22:47:08 INFO DAGScheduler: Missing parents: List()
[2022-08-08 22:47:08,516] {spark_submit_hook.py:479} INFO - 22/08/08 22:47:08 INFO DAGScheduler: Submitting ResultStage 2 (CoalescedRDD[11] at json at NativeMethodAccessorImpl.java:0), which has no missing parents
[2022-08-08 22:47:08,533] {spark_submit_hook.py:479} INFO - 22/08/08 22:47:08 INFO MemoryStore: Block broadcast_5 stored as values in memory (estimated size 161.1 KiB, free 434.0 MiB)
[2022-08-08 22:47:08,535] {spark_submit_hook.py:479} INFO - 22/08/08 22:47:08 INFO MemoryStore: Block broadcast_5_piece0 stored as bytes in memory (estimated size 57.8 KiB, free 434.0 MiB)
[2022-08-08 22:47:08,535] {spark_submit_hook.py:479} INFO - 22/08/08 22:47:08 INFO BlockManagerInfo: Added broadcast_5_piece0 in memory on 192.168.0.20:39207 (size: 57.8 KiB, free: 434.3 MiB)
[2022-08-08 22:47:08,536] {spark_submit_hook.py:479} INFO - 22/08/08 22:47:08 INFO SparkContext: Created broadcast 5 from broadcast at DAGScheduler.scala:1513
[2022-08-08 22:47:08,536] {spark_submit_hook.py:479} INFO - 22/08/08 22:47:08 INFO DAGScheduler: Submitting 1 missing tasks from ResultStage 2 (CoalescedRDD[11] at json at NativeMethodAccessorImpl.java:0) (first 15 tasks are for partitions Vector(0))
[2022-08-08 22:47:08,536] {spark_submit_hook.py:479} INFO - 22/08/08 22:47:08 INFO TaskSchedulerImpl: Adding task set 2.0 with 1 tasks resource profile 0
[2022-08-08 22:47:08,538] {spark_submit_hook.py:479} INFO - 22/08/08 22:47:08 INFO TaskSetManager: Starting task 0.0 in stage 2.0 (TID 2) (192.168.0.20, executor driver, partition 0, PROCESS_LOCAL, 5256 bytes) taskResourceAssignments Map()
[2022-08-08 22:47:08,538] {spark_submit_hook.py:479} INFO - 22/08/08 22:47:08 INFO Executor: Running task 0.0 in stage 2.0 (TID 2)
[2022-08-08 22:47:08,559] {spark_submit_hook.py:479} INFO - 22/08/08 22:47:08 INFO FileOutputCommitter: File Output Committer Algorithm version is 1
[2022-08-08 22:47:08,560] {spark_submit_hook.py:479} INFO - 22/08/08 22:47:08 INFO SQLHadoopMapReduceCommitProtocol: Using output committer class org.apache.hadoop.mapreduce.lib.output.FileOutputCommitter
[2022-08-08 22:47:08,570] {spark_submit_hook.py:479} INFO - 22/08/08 22:47:08 INFO FileScanRDD: Reading File path: file:///home/amadeus/ama/airflow-pipeline-alura/datapipeline/datalake/bronze/twitter_flamengomalvadao/extract_date=2022-08-02/FlamengoMalvadao_20220802.json, range: 0-207470, partition values: [empty row]
[2022-08-08 22:47:08,592] {spark_submit_hook.py:479} INFO - 22/08/08 22:47:08 INFO CodeGenerator: Code generated in 17.676697 ms
[2022-08-08 22:47:08,615] {spark_submit_hook.py:479} INFO - 22/08/08 22:47:08 INFO FileOutputCommitter: Saved output of task 'attempt_20220808224708313697752701343676_0002_m_000000_2' to file:/home/amadeus/ama/airflow-pipeline-alura/datapipeline/datalake/silver/twitter_flamengomalvadao/user/process_date=2022-08-02/_temporary/0/task_20220808224708313697752701343676_0002_m_000000
[2022-08-08 22:47:08,615] {spark_submit_hook.py:479} INFO - 22/08/08 22:47:08 INFO SparkHadoopMapRedUtil: attempt_20220808224708313697752701343676_0002_m_000000_2: Committed. Elapsed time: 0 ms.
[2022-08-08 22:47:08,618] {spark_submit_hook.py:479} INFO - 22/08/08 22:47:08 INFO Executor: Finished task 0.0 in stage 2.0 (TID 2). 2579 bytes result sent to driver
[2022-08-08 22:47:08,619] {spark_submit_hook.py:479} INFO - 22/08/08 22:47:08 INFO TaskSetManager: Finished task 0.0 in stage 2.0 (TID 2) in 82 ms on 192.168.0.20 (executor driver) (1/1)
[2022-08-08 22:47:08,619] {spark_submit_hook.py:479} INFO - 22/08/08 22:47:08 INFO TaskSchedulerImpl: Removed TaskSet 2.0, whose tasks have all completed, from pool
[2022-08-08 22:47:08,620] {spark_submit_hook.py:479} INFO - 22/08/08 22:47:08 INFO DAGScheduler: ResultStage 2 (json at NativeMethodAccessorImpl.java:0) finished in 0,103 s
[2022-08-08 22:47:08,620] {spark_submit_hook.py:479} INFO - 22/08/08 22:47:08 INFO DAGScheduler: Job 2 is finished. Cancelling potential speculative or zombie tasks for this job
[2022-08-08 22:47:08,621] {spark_submit_hook.py:479} INFO - 22/08/08 22:47:08 INFO TaskSchedulerImpl: Killing all running tasks in stage 2: Stage finished
[2022-08-08 22:47:08,621] {spark_submit_hook.py:479} INFO - 22/08/08 22:47:08 INFO DAGScheduler: Job 2 finished: json at NativeMethodAccessorImpl.java:0, took 0,108146 s
[2022-08-08 22:47:08,622] {spark_submit_hook.py:479} INFO - 22/08/08 22:47:08 INFO FileFormatWriter: Start to commit write Job 0cb2efdc-7ee7-4a3c-8d37-c4b724c11c16.
[2022-08-08 22:47:08,631] {spark_submit_hook.py:479} INFO - 22/08/08 22:47:08 INFO FileFormatWriter: Write Job 0cb2efdc-7ee7-4a3c-8d37-c4b724c11c16 committed. Elapsed time: 9 ms.
[2022-08-08 22:47:08,632] {spark_submit_hook.py:479} INFO - 22/08/08 22:47:08 INFO FileFormatWriter: Finished processing stats for write job 0cb2efdc-7ee7-4a3c-8d37-c4b724c11c16.
[2022-08-08 22:47:08,692] {spark_submit_hook.py:479} INFO - 22/08/08 22:47:08 INFO SparkContext: Invoking stop() from shutdown hook
[2022-08-08 22:47:08,707] {spark_submit_hook.py:479} INFO - 22/08/08 22:47:08 INFO SparkUI: Stopped Spark web UI at http://192.168.0.20:4041
[2022-08-08 22:47:08,724] {spark_submit_hook.py:479} INFO - 22/08/08 22:47:08 INFO MapOutputTrackerMasterEndpoint: MapOutputTrackerMasterEndpoint stopped!
[2022-08-08 22:47:08,732] {spark_submit_hook.py:479} INFO - 22/08/08 22:47:08 INFO MemoryStore: MemoryStore cleared
[2022-08-08 22:47:08,733] {spark_submit_hook.py:479} INFO - 22/08/08 22:47:08 INFO BlockManager: BlockManager stopped
[2022-08-08 22:47:08,737] {spark_submit_hook.py:479} INFO - 22/08/08 22:47:08 INFO BlockManagerMaster: BlockManagerMaster stopped
[2022-08-08 22:47:08,740] {spark_submit_hook.py:479} INFO - 22/08/08 22:47:08 INFO OutputCommitCoordinator$OutputCommitCoordinatorEndpoint: OutputCommitCoordinator stopped!
[2022-08-08 22:47:08,744] {spark_submit_hook.py:479} INFO - 22/08/08 22:47:08 INFO SparkContext: Successfully stopped SparkContext
[2022-08-08 22:47:08,744] {spark_submit_hook.py:479} INFO - 22/08/08 22:47:08 INFO ShutdownHookManager: Shutdown hook called
[2022-08-08 22:47:08,745] {spark_submit_hook.py:479} INFO - 22/08/08 22:47:08 INFO ShutdownHookManager: Deleting directory /tmp/spark-23a2cbb9-d604-4e26-97f6-4275ef3da73d
[2022-08-08 22:47:08,748] {spark_submit_hook.py:479} INFO - 22/08/08 22:47:08 INFO ShutdownHookManager: Deleting directory /tmp/spark-608a915c-3d14-4c99-86a9-904cff7d37fd/pyspark-99971937-983d-4ea3-919e-6eb680e69d88
[2022-08-08 22:47:08,750] {spark_submit_hook.py:479} INFO - 22/08/08 22:47:08 INFO ShutdownHookManager: Deleting directory /tmp/spark-608a915c-3d14-4c99-86a9-904cff7d37fd
[2022-08-08 22:47:08,793] {taskinstance.py:1057} INFO - Marking task as SUCCESS.dag_id=twitter_dag, task_id=transform_twitter_flamengomalvadao, execution_date=20220802T090000, start_date=20220809T014657, end_date=20220809T014708
[2022-08-08 22:47:12,948] {local_task_job.py:102} INFO - Task exited with return code 0
