[2022-08-08 22:30:47,484] {taskinstance.py:670} INFO - Dependencies all met for <TaskInstance: twitter_dag.transform_twitter_flamengomalvadao 2022-08-05T09:00:00+00:00 [queued]>
[2022-08-08 22:30:47,496] {taskinstance.py:670} INFO - Dependencies all met for <TaskInstance: twitter_dag.transform_twitter_flamengomalvadao 2022-08-05T09:00:00+00:00 [queued]>
[2022-08-08 22:30:47,496] {taskinstance.py:880} INFO - 
--------------------------------------------------------------------------------
[2022-08-08 22:30:47,496] {taskinstance.py:881} INFO - Starting attempt 2 of 2
[2022-08-08 22:30:47,496] {taskinstance.py:882} INFO - 
--------------------------------------------------------------------------------
[2022-08-08 22:30:47,699] {taskinstance.py:901} INFO - Executing <Task(SparkSubmitOperator): transform_twitter_flamengomalvadao> on 2022-08-05T09:00:00+00:00
[2022-08-08 22:30:47,704] {standard_task_runner.py:54} INFO - Started process 179108 to run task
[2022-08-08 22:30:47,749] {standard_task_runner.py:77} INFO - Running: ['airflow', 'run', 'twitter_dag', 'transform_twitter_flamengomalvadao', '2022-08-05T09:00:00+00:00', '--job_id', '136', '--pool', 'default_pool', '--raw', '-sd', 'DAGS_FOLDER/twitter_dag.py', '--cfg_path', '/tmp/tmplx_pisks']
[2022-08-08 22:30:47,749] {standard_task_runner.py:78} INFO - Job 136: Subtask transform_twitter_flamengomalvadao
[2022-08-08 22:30:47,980] {logging_mixin.py:112} INFO - Running <TaskInstance: twitter_dag.transform_twitter_flamengomalvadao 2022-08-05T09:00:00+00:00 [running]> on host ama
[2022-08-08 22:30:48,047] {base_hook.py:89} INFO - Using connection to: id: spark_default. Host: local, Port: None, Schema: None, Login: None, Password: None, extra: XXXXXXXX
[2022-08-08 22:30:48,049] {spark_submit_hook.py:325} INFO - Spark-Submit cmd: /home/amadeus/Downloads/spark-3.3.0-bin-hadoop2/bin/spark-submit --master local --name twitter_transformation /home/amadeus/ama/airflow-pipeline-alura/datapipeline/spark/transfortmation.py --src /home/amadeus/ama/airflow-pipeline-alura/datapipeline/datalake/bronze/twitter_flamengomalvadao/extract_date=2022-08-05 --dest /home/amadeus/ama/airflow-pipeline-alura/datapipeline/datalake/silver/twitter_flamengomalvadao/ --process-date 2022-08-05
[2022-08-08 22:30:50,371] {spark_submit_hook.py:479} INFO - 22/08/08 22:30:50 WARN Utils: Your hostname, ama resolves to a loopback address: 127.0.1.1; using 192.168.0.20 instead (on interface wlo1)
[2022-08-08 22:30:50,373] {spark_submit_hook.py:479} INFO - 22/08/08 22:30:50 WARN Utils: Set SPARK_LOCAL_IP if you need to bind to another address
[2022-08-08 22:30:51,853] {spark_submit_hook.py:479} INFO - 22/08/08 22:30:51 INFO SparkContext: Running Spark version 3.3.0
[2022-08-08 22:30:52,187] {spark_submit_hook.py:479} INFO - 22/08/08 22:30:52 WARN NativeCodeLoader: Unable to load native-hadoop library for your platform... using builtin-java classes where applicable
[2022-08-08 22:30:52,422] {spark_submit_hook.py:479} INFO - 22/08/08 22:30:52 INFO ResourceUtils: ==============================================================
[2022-08-08 22:30:52,423] {spark_submit_hook.py:479} INFO - 22/08/08 22:30:52 INFO ResourceUtils: No custom resources configured for spark.driver.
[2022-08-08 22:30:52,423] {spark_submit_hook.py:479} INFO - 22/08/08 22:30:52 INFO ResourceUtils: ==============================================================
[2022-08-08 22:30:52,423] {spark_submit_hook.py:479} INFO - 22/08/08 22:30:52 INFO SparkContext: Submitted application: twitter_transformation
[2022-08-08 22:30:52,446] {spark_submit_hook.py:479} INFO - 22/08/08 22:30:52 INFO ResourceProfile: Default ResourceProfile created, executor resources: Map(cores -> name: cores, amount: 1, script: , vendor: , memory -> name: memory, amount: 1024, script: , vendor: , offHeap -> name: offHeap, amount: 0, script: , vendor: ), task resources: Map(cpus -> name: cpus, amount: 1.0)
[2022-08-08 22:30:52,460] {spark_submit_hook.py:479} INFO - 22/08/08 22:30:52 INFO ResourceProfile: Limiting resource is cpu
[2022-08-08 22:30:52,461] {spark_submit_hook.py:479} INFO - 22/08/08 22:30:52 INFO ResourceProfileManager: Added ResourceProfile id: 0
[2022-08-08 22:30:52,518] {spark_submit_hook.py:479} INFO - 22/08/08 22:30:52 INFO SecurityManager: Changing view acls to: amadeus
[2022-08-08 22:30:52,518] {spark_submit_hook.py:479} INFO - 22/08/08 22:30:52 INFO SecurityManager: Changing modify acls to: amadeus
[2022-08-08 22:30:52,519] {spark_submit_hook.py:479} INFO - 22/08/08 22:30:52 INFO SecurityManager: Changing view acls groups to:
[2022-08-08 22:30:52,519] {spark_submit_hook.py:479} INFO - 22/08/08 22:30:52 INFO SecurityManager: Changing modify acls groups to:
[2022-08-08 22:30:52,520] {spark_submit_hook.py:479} INFO - 22/08/08 22:30:52 INFO SecurityManager: SecurityManager: authentication disabled; ui acls disabled; users  with view permissions: Set(amadeus); groups with view permissions: Set(); users  with modify permissions: Set(amadeus); groups with modify permissions: Set()
[2022-08-08 22:30:52,837] {spark_submit_hook.py:479} INFO - 22/08/08 22:30:52 INFO Utils: Successfully started service 'sparkDriver' on port 40007.
[2022-08-08 22:30:52,876] {spark_submit_hook.py:479} INFO - 22/08/08 22:30:52 INFO SparkEnv: Registering MapOutputTracker
[2022-08-08 22:30:52,926] {spark_submit_hook.py:479} INFO - 22/08/08 22:30:52 INFO SparkEnv: Registering BlockManagerMaster
[2022-08-08 22:30:52,953] {spark_submit_hook.py:479} INFO - 22/08/08 22:30:52 INFO BlockManagerMasterEndpoint: Using org.apache.spark.storage.DefaultTopologyMapper for getting topology information
[2022-08-08 22:30:52,953] {spark_submit_hook.py:479} INFO - 22/08/08 22:30:52 INFO BlockManagerMasterEndpoint: BlockManagerMasterEndpoint up
[2022-08-08 22:30:52,958] {spark_submit_hook.py:479} INFO - 22/08/08 22:30:52 INFO SparkEnv: Registering BlockManagerMasterHeartbeat
[2022-08-08 22:30:52,985] {spark_submit_hook.py:479} INFO - 22/08/08 22:30:52 INFO DiskBlockManager: Created local directory at /tmp/blockmgr-a8506f0b-b1ea-4647-bf08-e0bd893db943
[2022-08-08 22:30:53,004] {spark_submit_hook.py:479} INFO - 22/08/08 22:30:53 INFO MemoryStore: MemoryStore started with capacity 434.4 MiB
[2022-08-08 22:30:53,025] {spark_submit_hook.py:479} INFO - 22/08/08 22:30:53 INFO SparkEnv: Registering OutputCommitCoordinator
[2022-08-08 22:30:53,357] {spark_submit_hook.py:479} INFO - 22/08/08 22:30:53 WARN Utils: Service 'SparkUI' could not bind on port 4040. Attempting port 4041.
[2022-08-08 22:30:53,370] {spark_submit_hook.py:479} INFO - 22/08/08 22:30:53 INFO Utils: Successfully started service 'SparkUI' on port 4041.
[2022-08-08 22:30:53,528] {spark_submit_hook.py:479} INFO - 22/08/08 22:30:53 INFO Executor: Starting executor ID driver on host 192.168.0.20
[2022-08-08 22:30:53,538] {spark_submit_hook.py:479} INFO - 22/08/08 22:30:53 INFO Executor: Starting executor with user classpath (userClassPathFirst = false): ''
[2022-08-08 22:30:53,564] {spark_submit_hook.py:479} INFO - 22/08/08 22:30:53 INFO Utils: Successfully started service 'org.apache.spark.network.netty.NettyBlockTransferService' on port 43881.
[2022-08-08 22:30:53,565] {spark_submit_hook.py:479} INFO - 22/08/08 22:30:53 INFO NettyBlockTransferService: Server created on 192.168.0.20:43881
[2022-08-08 22:30:53,569] {spark_submit_hook.py:479} INFO - 22/08/08 22:30:53 INFO BlockManager: Using org.apache.spark.storage.RandomBlockReplicationPolicy for block replication policy
[2022-08-08 22:30:53,582] {spark_submit_hook.py:479} INFO - 22/08/08 22:30:53 INFO BlockManagerMaster: Registering BlockManager BlockManagerId(driver, 192.168.0.20, 43881, None)
[2022-08-08 22:30:53,586] {spark_submit_hook.py:479} INFO - 22/08/08 22:30:53 INFO BlockManagerMasterEndpoint: Registering block manager 192.168.0.20:43881 with 434.4 MiB RAM, BlockManagerId(driver, 192.168.0.20, 43881, None)
[2022-08-08 22:30:53,589] {spark_submit_hook.py:479} INFO - 22/08/08 22:30:53 INFO BlockManagerMaster: Registered BlockManager BlockManagerId(driver, 192.168.0.20, 43881, None)
[2022-08-08 22:30:53,590] {spark_submit_hook.py:479} INFO - 22/08/08 22:30:53 INFO BlockManager: Initialized BlockManager: BlockManagerId(driver, 192.168.0.20, 43881, None)
[2022-08-08 22:30:54,212] {spark_submit_hook.py:479} INFO - 22/08/08 22:30:54 INFO SharedState: Setting hive.metastore.warehouse.dir ('null') to the value of spark.sql.warehouse.dir.
[2022-08-08 22:30:54,216] {spark_submit_hook.py:479} INFO - 22/08/08 22:30:54 INFO SharedState: Warehouse path is 'file:/home/amadeus/ama/airflow-pipeline-alura/datapipeline/spark-warehouse'.
[2022-08-08 22:30:54,937] {spark_submit_hook.py:479} INFO - 22/08/08 22:30:54 INFO InMemoryFileIndex: It took 37 ms to list leaf files for 1 paths.
[2022-08-08 22:30:54,992] {spark_submit_hook.py:479} INFO - 22/08/08 22:30:54 INFO InMemoryFileIndex: It took 2 ms to list leaf files for 1 paths.
[2022-08-08 22:30:56,587] {spark_submit_hook.py:479} INFO - 22/08/08 22:30:56 INFO FileSourceStrategy: Pushed Filters:
[2022-08-08 22:30:56,588] {spark_submit_hook.py:479} INFO - 22/08/08 22:30:56 INFO FileSourceStrategy: Post-Scan Filters:
[2022-08-08 22:30:56,590] {spark_submit_hook.py:479} INFO - 22/08/08 22:30:56 INFO FileSourceStrategy: Output Data Schema: struct<value: string>
[2022-08-08 22:30:56,813] {spark_submit_hook.py:479} INFO - 22/08/08 22:30:56 INFO MemoryStore: Block broadcast_0 stored as values in memory (estimated size 173.7 KiB, free 434.2 MiB)
[2022-08-08 22:30:56,852] {spark_submit_hook.py:479} INFO - 22/08/08 22:30:56 INFO MemoryStore: Block broadcast_0_piece0 stored as bytes in memory (estimated size 24.7 KiB, free 434.2 MiB)
[2022-08-08 22:30:56,854] {spark_submit_hook.py:479} INFO - 22/08/08 22:30:56 INFO BlockManagerInfo: Added broadcast_0_piece0 in memory on 192.168.0.20:43881 (size: 24.7 KiB, free: 434.4 MiB)
[2022-08-08 22:30:56,859] {spark_submit_hook.py:479} INFO - 22/08/08 22:30:56 INFO SparkContext: Created broadcast 0 from json at NativeMethodAccessorImpl.java:0
[2022-08-08 22:30:56,868] {spark_submit_hook.py:479} INFO - 22/08/08 22:30:56 INFO FileSourceScanExec: Planning scan with bin packing, max size: 4230086 bytes, open cost is considered as scanning 4194304 bytes.
[2022-08-08 22:30:57,050] {spark_submit_hook.py:479} INFO - 22/08/08 22:30:57 INFO SparkContext: Starting job: json at NativeMethodAccessorImpl.java:0
[2022-08-08 22:30:57,066] {spark_submit_hook.py:479} INFO - 22/08/08 22:30:57 INFO DAGScheduler: Got job 0 (json at NativeMethodAccessorImpl.java:0) with 1 output partitions
[2022-08-08 22:30:57,066] {spark_submit_hook.py:479} INFO - 22/08/08 22:30:57 INFO DAGScheduler: Final stage: ResultStage 0 (json at NativeMethodAccessorImpl.java:0)
[2022-08-08 22:30:57,067] {spark_submit_hook.py:479} INFO - 22/08/08 22:30:57 INFO DAGScheduler: Parents of final stage: List()
[2022-08-08 22:30:57,068] {spark_submit_hook.py:479} INFO - 22/08/08 22:30:57 INFO DAGScheduler: Missing parents: List()
[2022-08-08 22:30:57,072] {spark_submit_hook.py:479} INFO - 22/08/08 22:30:57 INFO DAGScheduler: Submitting ResultStage 0 (MapPartitionsRDD[3] at json at NativeMethodAccessorImpl.java:0), which has no missing parents
[2022-08-08 22:30:57,142] {spark_submit_hook.py:479} INFO - 22/08/08 22:30:57 INFO MemoryStore: Block broadcast_1 stored as values in memory (estimated size 14.5 KiB, free 434.2 MiB)
[2022-08-08 22:30:57,144] {spark_submit_hook.py:479} INFO - 22/08/08 22:30:57 INFO MemoryStore: Block broadcast_1_piece0 stored as bytes in memory (estimated size 7.0 KiB, free 434.2 MiB)
[2022-08-08 22:30:57,145] {spark_submit_hook.py:479} INFO - 22/08/08 22:30:57 INFO BlockManagerInfo: Added broadcast_1_piece0 in memory on 192.168.0.20:43881 (size: 7.0 KiB, free: 434.4 MiB)
[2022-08-08 22:30:57,145] {spark_submit_hook.py:479} INFO - 22/08/08 22:30:57 INFO SparkContext: Created broadcast 1 from broadcast at DAGScheduler.scala:1513
[2022-08-08 22:30:57,155] {spark_submit_hook.py:479} INFO - 22/08/08 22:30:57 INFO DAGScheduler: Submitting 1 missing tasks from ResultStage 0 (MapPartitionsRDD[3] at json at NativeMethodAccessorImpl.java:0) (first 15 tasks are for partitions Vector(0))
[2022-08-08 22:30:57,156] {spark_submit_hook.py:479} INFO - 22/08/08 22:30:57 INFO TaskSchedulerImpl: Adding task set 0.0 with 1 tasks resource profile 0
[2022-08-08 22:30:57,195] {spark_submit_hook.py:479} INFO - 22/08/08 22:30:57 INFO TaskSetManager: Starting task 0.0 in stage 0.0 (TID 0) (192.168.0.20, executor driver, partition 0, PROCESS_LOCAL, 5027 bytes) taskResourceAssignments Map()
[2022-08-08 22:30:57,206] {spark_submit_hook.py:479} INFO - 22/08/08 22:30:57 INFO Executor: Running task 0.0 in stage 0.0 (TID 0)
[2022-08-08 22:30:57,309] {spark_submit_hook.py:479} INFO - 22/08/08 22:30:57 INFO FileScanRDD: Reading File path: file:///home/amadeus/ama/airflow-pipeline-alura/datapipeline/datalake/bronze/twitter_flamengomalvadao/extract_date=2022-08-05/FlamengoMalvadao_20220805.json, range: 0-35782, partition values: [empty row]
[2022-08-08 22:30:57,455] {spark_submit_hook.py:479} INFO - 22/08/08 22:30:57 INFO CodeGenerator: Code generated in 120.680419 ms
[2022-08-08 22:30:57,498] {spark_submit_hook.py:479} INFO - 22/08/08 22:30:57 INFO Executor: Finished task 0.0 in stage 0.0 (TID 0). 2784 bytes result sent to driver
[2022-08-08 22:30:57,504] {spark_submit_hook.py:479} INFO - 22/08/08 22:30:57 INFO TaskSetManager: Finished task 0.0 in stage 0.0 (TID 0) in 317 ms on 192.168.0.20 (executor driver) (1/1)
[2022-08-08 22:30:57,506] {spark_submit_hook.py:479} INFO - 22/08/08 22:30:57 INFO TaskSchedulerImpl: Removed TaskSet 0.0, whose tasks have all completed, from pool
[2022-08-08 22:30:57,511] {spark_submit_hook.py:479} INFO - 22/08/08 22:30:57 INFO DAGScheduler: ResultStage 0 (json at NativeMethodAccessorImpl.java:0) finished in 0,426 s
[2022-08-08 22:30:57,513] {spark_submit_hook.py:479} INFO - 22/08/08 22:30:57 INFO DAGScheduler: Job 0 is finished. Cancelling potential speculative or zombie tasks for this job
[2022-08-08 22:30:57,514] {spark_submit_hook.py:479} INFO - 22/08/08 22:30:57 INFO TaskSchedulerImpl: Killing all running tasks in stage 0: Stage finished
[2022-08-08 22:30:57,516] {spark_submit_hook.py:479} INFO - 22/08/08 22:30:57 INFO DAGScheduler: Job 0 finished: json at NativeMethodAccessorImpl.java:0, took 0,465018 s
[2022-08-08 22:30:57,687] {spark_submit_hook.py:479} INFO - 22/08/08 22:30:57 INFO BlockManagerInfo: Removed broadcast_1_piece0 on 192.168.0.20:43881 in memory (size: 7.0 KiB, free: 434.4 MiB)
[2022-08-08 22:30:57,691] {spark_submit_hook.py:479} INFO - 22/08/08 22:30:57 INFO BlockManagerInfo: Removed broadcast_0_piece0 on 192.168.0.20:43881 in memory (size: 24.7 KiB, free: 434.4 MiB)
[2022-08-08 22:30:57,745] {spark_submit_hook.py:479} INFO - Traceback (most recent call last):
[2022-08-08 22:30:57,745] {spark_submit_hook.py:479} INFO - File "/home/amadeus/ama/airflow-pipeline-alura/datapipeline/spark/transfortmation.py", line 57, in <module>
[2022-08-08 22:30:57,745] {spark_submit_hook.py:479} INFO - twitter_transform(spark, args.src, args.dest, args.process_date)
[2022-08-08 22:30:57,745] {spark_submit_hook.py:479} INFO - File "/home/amadeus/ama/airflow-pipeline-alura/datapipeline/spark/transfortmation.py", line 35, in twitter_transform
[2022-08-08 22:30:57,745] {spark_submit_hook.py:479} INFO - tweet_df = get_tweets_data(df)
[2022-08-08 22:30:57,745] {spark_submit_hook.py:479} INFO - File "/home/amadeus/ama/airflow-pipeline-alura/datapipeline/spark/transfortmation.py", line 8, in get_tweets_data
[2022-08-08 22:30:57,745] {spark_submit_hook.py:479} INFO - return df\
[2022-08-08 22:30:57,745] {spark_submit_hook.py:479} INFO - File "/home/amadeus/Downloads/spark-3.3.0-bin-hadoop2/python/lib/pyspark.zip/pyspark/sql/dataframe.py", line 2023, in select
[2022-08-08 22:30:57,745] {spark_submit_hook.py:479} INFO - File "/home/amadeus/Downloads/spark-3.3.0-bin-hadoop2/python/lib/py4j-0.10.9.5-src.zip/py4j/java_gateway.py", line 1321, in __call__
[2022-08-08 22:30:57,745] {spark_submit_hook.py:479} INFO - File "/home/amadeus/Downloads/spark-3.3.0-bin-hadoop2/python/lib/pyspark.zip/pyspark/sql/utils.py", line 196, in deco
[2022-08-08 22:30:57,750] {spark_submit_hook.py:479} INFO - pyspark.sql.utils.AnalysisException: No such struct field in_reply_to_user_id in author_id, conversation_id, created_at, id, public_metrics, text
[2022-08-08 22:30:57,785] {spark_submit_hook.py:479} INFO - 22/08/08 22:30:57 INFO SparkContext: Invoking stop() from shutdown hook
[2022-08-08 22:30:57,796] {spark_submit_hook.py:479} INFO - 22/08/08 22:30:57 INFO SparkUI: Stopped Spark web UI at http://192.168.0.20:4041
[2022-08-08 22:30:57,809] {spark_submit_hook.py:479} INFO - 22/08/08 22:30:57 INFO MapOutputTrackerMasterEndpoint: MapOutputTrackerMasterEndpoint stopped!
[2022-08-08 22:30:57,817] {spark_submit_hook.py:479} INFO - 22/08/08 22:30:57 INFO MemoryStore: MemoryStore cleared
[2022-08-08 22:30:57,817] {spark_submit_hook.py:479} INFO - 22/08/08 22:30:57 INFO BlockManager: BlockManager stopped
[2022-08-08 22:30:57,821] {spark_submit_hook.py:479} INFO - 22/08/08 22:30:57 INFO BlockManagerMaster: BlockManagerMaster stopped
[2022-08-08 22:30:57,823] {spark_submit_hook.py:479} INFO - 22/08/08 22:30:57 INFO OutputCommitCoordinator$OutputCommitCoordinatorEndpoint: OutputCommitCoordinator stopped!
[2022-08-08 22:30:57,826] {spark_submit_hook.py:479} INFO - 22/08/08 22:30:57 INFO SparkContext: Successfully stopped SparkContext
[2022-08-08 22:30:57,826] {spark_submit_hook.py:479} INFO - 22/08/08 22:30:57 INFO ShutdownHookManager: Shutdown hook called
[2022-08-08 22:30:57,827] {spark_submit_hook.py:479} INFO - 22/08/08 22:30:57 INFO ShutdownHookManager: Deleting directory /tmp/spark-49c480c0-76eb-4ab5-bd92-394a32299883
[2022-08-08 22:30:57,828] {spark_submit_hook.py:479} INFO - 22/08/08 22:30:57 INFO ShutdownHookManager: Deleting directory /tmp/spark-865ce2bb-c4fd-452d-88e9-30b00fcb5648
[2022-08-08 22:30:57,830] {spark_submit_hook.py:479} INFO - 22/08/08 22:30:57 INFO ShutdownHookManager: Deleting directory /tmp/spark-865ce2bb-c4fd-452d-88e9-30b00fcb5648/pyspark-77a302b8-504c-483b-beae-6b50ef10e4bb
[2022-08-08 22:30:58,441] {taskinstance.py:1150} ERROR - Cannot execute: /home/amadeus/Downloads/spark-3.3.0-bin-hadoop2/bin/spark-submit --master local --name twitter_transformation /home/amadeus/ama/airflow-pipeline-alura/datapipeline/spark/transfortmation.py --src /home/amadeus/ama/airflow-pipeline-alura/datapipeline/datalake/bronze/twitter_flamengomalvadao/extract_date=2022-08-05 --dest /home/amadeus/ama/airflow-pipeline-alura/datapipeline/datalake/silver/twitter_flamengomalvadao/ --process-date 2022-08-05. Error code is: 1.
Traceback (most recent call last):
  File "/home/amadeus/ama/airflow-pipeline-alura/datapipeline/.env/lib/python3.8/site-packages/airflow/models/taskinstance.py", line 984, in _run_raw_task
    result = task_copy.execute(context=context)
  File "/home/amadeus/ama/airflow-pipeline-alura/datapipeline/.env/lib/python3.8/site-packages/airflow/contrib/operators/spark_submit_operator.py", line 187, in execute
    self._hook.submit(self._application)
  File "/home/amadeus/ama/airflow-pipeline-alura/datapipeline/.env/lib/python3.8/site-packages/airflow/contrib/hooks/spark_submit_hook.py", line 403, in submit
    raise AirflowException(
airflow.exceptions.AirflowException: Cannot execute: /home/amadeus/Downloads/spark-3.3.0-bin-hadoop2/bin/spark-submit --master local --name twitter_transformation /home/amadeus/ama/airflow-pipeline-alura/datapipeline/spark/transfortmation.py --src /home/amadeus/ama/airflow-pipeline-alura/datapipeline/datalake/bronze/twitter_flamengomalvadao/extract_date=2022-08-05 --dest /home/amadeus/ama/airflow-pipeline-alura/datapipeline/datalake/silver/twitter_flamengomalvadao/ --process-date 2022-08-05. Error code is: 1.
[2022-08-08 22:30:58,445] {taskinstance.py:1187} INFO - Marking task as FAILED. dag_id=twitter_dag, task_id=transform_twitter_flamengomalvadao, execution_date=20220805T090000, start_date=20220809T013047, end_date=20220809T013058
[2022-08-08 22:31:02,905] {local_task_job.py:102} INFO - Task exited with return code 1
