[2022-08-04 11:35:22,237] {taskinstance.py:670} INFO - Dependencies all met for <TaskInstance: twitter_dag.transform_twitter_flamengomalvadao 2022-07-30T09:00:00+00:00 [queued]>
[2022-08-04 11:35:22,246] {taskinstance.py:670} INFO - Dependencies all met for <TaskInstance: twitter_dag.transform_twitter_flamengomalvadao 2022-07-30T09:00:00+00:00 [queued]>
[2022-08-04 11:35:22,246] {taskinstance.py:880} INFO - 
--------------------------------------------------------------------------------
[2022-08-04 11:35:22,246] {taskinstance.py:881} INFO - Starting attempt 1 of 1
[2022-08-04 11:35:22,246] {taskinstance.py:882} INFO - 
--------------------------------------------------------------------------------
[2022-08-04 11:35:22,502] {taskinstance.py:901} INFO - Executing <Task(SparkSubmitOperator): transform_twitter_flamengomalvadao> on 2022-07-30T09:00:00+00:00
[2022-08-04 11:35:22,505] {standard_task_runner.py:54} INFO - Started process 126675 to run task
[2022-08-04 11:35:22,546] {standard_task_runner.py:77} INFO - Running: ['airflow', 'run', 'twitter_dag', 'transform_twitter_flamengomalvadao', '2022-07-30T09:00:00+00:00', '--job_id', '22', '--pool', 'default_pool', '--raw', '-sd', 'DAGS_FOLDER/twitter_dag.py', '--cfg_path', '/tmp/tmprb_1ulg0']
[2022-08-04 11:35:22,547] {standard_task_runner.py:78} INFO - Job 22: Subtask transform_twitter_flamengomalvadao
[2022-08-04 11:35:22,919] {logging_mixin.py:112} INFO - Running <TaskInstance: twitter_dag.transform_twitter_flamengomalvadao 2022-07-30T09:00:00+00:00 [running]> on host ama
[2022-08-04 11:35:22,957] {base_hook.py:89} INFO - Using connection to: id: spark_default. Host: local, Port: None, Schema: None, Login: None, Password: None, extra: XXXXXXXX
[2022-08-04 11:35:22,959] {spark_submit_hook.py:325} INFO - Spark-Submit cmd: /home/amadeus/Downloads/spark-3.3.0-bin-hadoop2/bin/spark-submit --master local --name twitter_transformation /home/amadeus/ama/airflow-pipeline-alura/datapipeline/spark/transfortmation.py --src /home/amadeus/airflow-pipeline-alura/datapipeline/datalake/bronze/twitter_flamengomalvadao/extract_date=2022-07-30 --dest /home/amadeus/airflow-pipeline-alura/datapipeline/datalake/silver/twitter_flamengomalvadao/ --process-date 2022-07-30
[2022-08-04 11:35:24,649] {spark_submit_hook.py:479} INFO - 22/08/04 11:35:24 WARN Utils: Your hostname, ama resolves to a loopback address: 127.0.1.1; using 192.168.1.12 instead (on interface wlo1)
[2022-08-04 11:35:24,653] {spark_submit_hook.py:479} INFO - 22/08/04 11:35:24 WARN Utils: Set SPARK_LOCAL_IP if you need to bind to another address
[2022-08-04 11:35:25,667] {spark_submit_hook.py:479} INFO - 22/08/04 11:35:25 INFO SparkContext: Running Spark version 3.3.0
[2022-08-04 11:35:25,764] {spark_submit_hook.py:479} INFO - 22/08/04 11:35:25 WARN NativeCodeLoader: Unable to load native-hadoop library for your platform... using builtin-java classes where applicable
[2022-08-04 11:35:25,844] {spark_submit_hook.py:479} INFO - 22/08/04 11:35:25 INFO ResourceUtils: ==============================================================
[2022-08-04 11:35:25,844] {spark_submit_hook.py:479} INFO - 22/08/04 11:35:25 INFO ResourceUtils: No custom resources configured for spark.driver.
[2022-08-04 11:35:25,845] {spark_submit_hook.py:479} INFO - 22/08/04 11:35:25 INFO ResourceUtils: ==============================================================
[2022-08-04 11:35:25,845] {spark_submit_hook.py:479} INFO - 22/08/04 11:35:25 INFO SparkContext: Submitted application: twitter_transformation
[2022-08-04 11:35:25,863] {spark_submit_hook.py:479} INFO - 22/08/04 11:35:25 INFO ResourceProfile: Default ResourceProfile created, executor resources: Map(cores -> name: cores, amount: 1, script: , vendor: , memory -> name: memory, amount: 1024, script: , vendor: , offHeap -> name: offHeap, amount: 0, script: , vendor: ), task resources: Map(cpus -> name: cpus, amount: 1.0)
[2022-08-04 11:35:25,876] {spark_submit_hook.py:479} INFO - 22/08/04 11:35:25 INFO ResourceProfile: Limiting resource is cpu
[2022-08-04 11:35:25,876] {spark_submit_hook.py:479} INFO - 22/08/04 11:35:25 INFO ResourceProfileManager: Added ResourceProfile id: 0
[2022-08-04 11:35:25,921] {spark_submit_hook.py:479} INFO - 22/08/04 11:35:25 INFO SecurityManager: Changing view acls to: amadeus
[2022-08-04 11:35:25,922] {spark_submit_hook.py:479} INFO - 22/08/04 11:35:25 INFO SecurityManager: Changing modify acls to: amadeus
[2022-08-04 11:35:25,922] {spark_submit_hook.py:479} INFO - 22/08/04 11:35:25 INFO SecurityManager: Changing view acls groups to:
[2022-08-04 11:35:25,922] {spark_submit_hook.py:479} INFO - 22/08/04 11:35:25 INFO SecurityManager: Changing modify acls groups to:
[2022-08-04 11:35:25,923] {spark_submit_hook.py:479} INFO - 22/08/04 11:35:25 INFO SecurityManager: SecurityManager: authentication disabled; ui acls disabled; users  with view permissions: Set(amadeus); groups with view permissions: Set(); users  with modify permissions: Set(amadeus); groups with modify permissions: Set()
[2022-08-04 11:35:26,266] {spark_submit_hook.py:479} INFO - 22/08/04 11:35:26 INFO Utils: Successfully started service 'sparkDriver' on port 44461.
[2022-08-04 11:35:26,289] {spark_submit_hook.py:479} INFO - 22/08/04 11:35:26 INFO SparkEnv: Registering MapOutputTracker
[2022-08-04 11:35:26,320] {spark_submit_hook.py:479} INFO - 22/08/04 11:35:26 INFO SparkEnv: Registering BlockManagerMaster
[2022-08-04 11:35:26,342] {spark_submit_hook.py:479} INFO - 22/08/04 11:35:26 INFO BlockManagerMasterEndpoint: Using org.apache.spark.storage.DefaultTopologyMapper for getting topology information
[2022-08-04 11:35:26,343] {spark_submit_hook.py:479} INFO - 22/08/04 11:35:26 INFO BlockManagerMasterEndpoint: BlockManagerMasterEndpoint up
[2022-08-04 11:35:26,347] {spark_submit_hook.py:479} INFO - 22/08/04 11:35:26 INFO SparkEnv: Registering BlockManagerMasterHeartbeat
[2022-08-04 11:35:26,378] {spark_submit_hook.py:479} INFO - 22/08/04 11:35:26 INFO DiskBlockManager: Created local directory at /tmp/blockmgr-9fca57be-72bb-47ad-806a-48fead9353d4
[2022-08-04 11:35:26,395] {spark_submit_hook.py:479} INFO - 22/08/04 11:35:26 INFO MemoryStore: MemoryStore started with capacity 434.4 MiB
[2022-08-04 11:35:26,414] {spark_submit_hook.py:479} INFO - 22/08/04 11:35:26 INFO SparkEnv: Registering OutputCommitCoordinator
[2022-08-04 11:35:26,603] {spark_submit_hook.py:479} INFO - 22/08/04 11:35:26 WARN Utils: Service 'SparkUI' could not bind on port 4040. Attempting port 4041.
[2022-08-04 11:35:26,611] {spark_submit_hook.py:479} INFO - 22/08/04 11:35:26 INFO Utils: Successfully started service 'SparkUI' on port 4041.
[2022-08-04 11:35:26,723] {spark_submit_hook.py:479} INFO - 22/08/04 11:35:26 INFO Executor: Starting executor ID driver on host 192.168.1.12
[2022-08-04 11:35:26,731] {spark_submit_hook.py:479} INFO - 22/08/04 11:35:26 INFO Executor: Starting executor with user classpath (userClassPathFirst = false): ''
[2022-08-04 11:35:26,758] {spark_submit_hook.py:479} INFO - 22/08/04 11:35:26 INFO Utils: Successfully started service 'org.apache.spark.network.netty.NettyBlockTransferService' on port 37621.
[2022-08-04 11:35:26,758] {spark_submit_hook.py:479} INFO - 22/08/04 11:35:26 INFO NettyBlockTransferService: Server created on 192.168.1.12:37621
[2022-08-04 11:35:26,761] {spark_submit_hook.py:479} INFO - 22/08/04 11:35:26 INFO BlockManager: Using org.apache.spark.storage.RandomBlockReplicationPolicy for block replication policy
[2022-08-04 11:35:26,771] {spark_submit_hook.py:479} INFO - 22/08/04 11:35:26 INFO BlockManagerMaster: Registering BlockManager BlockManagerId(driver, 192.168.1.12, 37621, None)
[2022-08-04 11:35:26,778] {spark_submit_hook.py:479} INFO - 22/08/04 11:35:26 INFO BlockManagerMasterEndpoint: Registering block manager 192.168.1.12:37621 with 434.4 MiB RAM, BlockManagerId(driver, 192.168.1.12, 37621, None)
[2022-08-04 11:35:26,783] {spark_submit_hook.py:479} INFO - 22/08/04 11:35:26 INFO BlockManagerMaster: Registered BlockManager BlockManagerId(driver, 192.168.1.12, 37621, None)
[2022-08-04 11:35:26,787] {spark_submit_hook.py:479} INFO - 22/08/04 11:35:26 INFO BlockManager: Initialized BlockManager: BlockManagerId(driver, 192.168.1.12, 37621, None)
[2022-08-04 11:35:27,405] {spark_submit_hook.py:479} INFO - 22/08/04 11:35:27 INFO SharedState: Setting hive.metastore.warehouse.dir ('null') to the value of spark.sql.warehouse.dir.
[2022-08-04 11:35:27,410] {spark_submit_hook.py:479} INFO - 22/08/04 11:35:27 INFO SharedState: Warehouse path is 'file:/home/amadeus/ama/airflow-pipeline-alura/datapipeline/spark-warehouse'.
[2022-08-04 11:35:28,262] {spark_submit_hook.py:479} INFO - 22/08/04 11:35:28 INFO InMemoryFileIndex: It took 33 ms to list leaf files for 1 paths.
[2022-08-04 11:35:28,320] {spark_submit_hook.py:479} INFO - 22/08/04 11:35:28 INFO InMemoryFileIndex: It took 1 ms to list leaf files for 1 paths.
[2022-08-04 11:35:30,125] {spark_submit_hook.py:479} INFO - 22/08/04 11:35:30 INFO FileSourceStrategy: Pushed Filters:
[2022-08-04 11:35:30,126] {spark_submit_hook.py:479} INFO - 22/08/04 11:35:30 INFO FileSourceStrategy: Post-Scan Filters:
[2022-08-04 11:35:30,129] {spark_submit_hook.py:479} INFO - 22/08/04 11:35:30 INFO FileSourceStrategy: Output Data Schema: struct<value: string>
[2022-08-04 11:35:30,456] {spark_submit_hook.py:479} INFO - 22/08/04 11:35:30 INFO MemoryStore: Block broadcast_0 stored as values in memory (estimated size 173.7 KiB, free 434.2 MiB)
[2022-08-04 11:35:30,507] {spark_submit_hook.py:479} INFO - 22/08/04 11:35:30 INFO MemoryStore: Block broadcast_0_piece0 stored as bytes in memory (estimated size 24.7 KiB, free 434.2 MiB)
[2022-08-04 11:35:30,510] {spark_submit_hook.py:479} INFO - 22/08/04 11:35:30 INFO BlockManagerInfo: Added broadcast_0_piece0 in memory on 192.168.1.12:37621 (size: 24.7 KiB, free: 434.4 MiB)
[2022-08-04 11:35:30,514] {spark_submit_hook.py:479} INFO - 22/08/04 11:35:30 INFO SparkContext: Created broadcast 0 from json at NativeMethodAccessorImpl.java:0
[2022-08-04 11:35:30,522] {spark_submit_hook.py:479} INFO - 22/08/04 11:35:30 INFO FileSourceScanExec: Planning scan with bin packing, max size: 4224643 bytes, open cost is considered as scanning 4194304 bytes.
[2022-08-04 11:35:30,702] {spark_submit_hook.py:479} INFO - 22/08/04 11:35:30 INFO SparkContext: Starting job: json at NativeMethodAccessorImpl.java:0
[2022-08-04 11:35:30,717] {spark_submit_hook.py:479} INFO - 22/08/04 11:35:30 INFO DAGScheduler: Got job 0 (json at NativeMethodAccessorImpl.java:0) with 1 output partitions
[2022-08-04 11:35:30,718] {spark_submit_hook.py:479} INFO - 22/08/04 11:35:30 INFO DAGScheduler: Final stage: ResultStage 0 (json at NativeMethodAccessorImpl.java:0)
[2022-08-04 11:35:30,718] {spark_submit_hook.py:479} INFO - 22/08/04 11:35:30 INFO DAGScheduler: Parents of final stage: List()
[2022-08-04 11:35:30,720] {spark_submit_hook.py:479} INFO - 22/08/04 11:35:30 INFO DAGScheduler: Missing parents: List()
[2022-08-04 11:35:30,724] {spark_submit_hook.py:479} INFO - 22/08/04 11:35:30 INFO DAGScheduler: Submitting ResultStage 0 (MapPartitionsRDD[3] at json at NativeMethodAccessorImpl.java:0), which has no missing parents
[2022-08-04 11:35:30,801] {spark_submit_hook.py:479} INFO - 22/08/04 11:35:30 INFO MemoryStore: Block broadcast_1 stored as values in memory (estimated size 14.5 KiB, free 434.2 MiB)
[2022-08-04 11:35:30,803] {spark_submit_hook.py:479} INFO - 22/08/04 11:35:30 INFO MemoryStore: Block broadcast_1_piece0 stored as bytes in memory (estimated size 7.0 KiB, free 434.2 MiB)
[2022-08-04 11:35:30,803] {spark_submit_hook.py:479} INFO - 22/08/04 11:35:30 INFO BlockManagerInfo: Added broadcast_1_piece0 in memory on 192.168.1.12:37621 (size: 7.0 KiB, free: 434.4 MiB)
[2022-08-04 11:35:30,804] {spark_submit_hook.py:479} INFO - 22/08/04 11:35:30 INFO SparkContext: Created broadcast 1 from broadcast at DAGScheduler.scala:1513
[2022-08-04 11:35:30,820] {spark_submit_hook.py:479} INFO - 22/08/04 11:35:30 INFO DAGScheduler: Submitting 1 missing tasks from ResultStage 0 (MapPartitionsRDD[3] at json at NativeMethodAccessorImpl.java:0) (first 15 tasks are for partitions Vector(0))
[2022-08-04 11:35:30,821] {spark_submit_hook.py:479} INFO - 22/08/04 11:35:30 INFO TaskSchedulerImpl: Adding task set 0.0 with 1 tasks resource profile 0
[2022-08-04 11:35:30,878] {spark_submit_hook.py:479} INFO - 22/08/04 11:35:30 INFO TaskSetManager: Starting task 0.0 in stage 0.0 (TID 0) (192.168.1.12, executor driver, partition 0, PROCESS_LOCAL, 5023 bytes) taskResourceAssignments Map()
[2022-08-04 11:35:30,892] {spark_submit_hook.py:479} INFO - 22/08/04 11:35:30 INFO Executor: Running task 0.0 in stage 0.0 (TID 0)
[2022-08-04 11:35:31,011] {spark_submit_hook.py:479} INFO - 22/08/04 11:35:31 INFO FileScanRDD: Reading File path: file:///home/amadeus/airflow-pipeline-alura/datapipeline/datalake/bronze/twitter_flamengomalvadao/extract_date=2022-07-30/FlamengoMalvadao_20220730.json, range: 0-30339, partition values: [empty row]
[2022-08-04 11:35:31,216] {spark_submit_hook.py:479} INFO - 22/08/04 11:35:31 INFO CodeGenerator: Code generated in 174.255469 ms
[2022-08-04 11:35:31,292] {spark_submit_hook.py:479} INFO - 22/08/04 11:35:31 INFO Executor: Finished task 0.0 in stage 0.0 (TID 0). 2784 bytes result sent to driver
[2022-08-04 11:35:31,304] {spark_submit_hook.py:479} INFO - 22/08/04 11:35:31 INFO TaskSetManager: Finished task 0.0 in stage 0.0 (TID 0) in 438 ms on 192.168.1.12 (executor driver) (1/1)
[2022-08-04 11:35:31,306] {spark_submit_hook.py:479} INFO - 22/08/04 11:35:31 INFO TaskSchedulerImpl: Removed TaskSet 0.0, whose tasks have all completed, from pool
[2022-08-04 11:35:31,315] {spark_submit_hook.py:479} INFO - 22/08/04 11:35:31 INFO DAGScheduler: ResultStage 0 (json at NativeMethodAccessorImpl.java:0) finished in 0,576 s
[2022-08-04 11:35:31,319] {spark_submit_hook.py:479} INFO - 22/08/04 11:35:31 INFO DAGScheduler: Job 0 is finished. Cancelling potential speculative or zombie tasks for this job
[2022-08-04 11:35:31,320] {spark_submit_hook.py:479} INFO - 22/08/04 11:35:31 INFO TaskSchedulerImpl: Killing all running tasks in stage 0: Stage finished
[2022-08-04 11:35:31,322] {spark_submit_hook.py:479} INFO - 22/08/04 11:35:31 INFO DAGScheduler: Job 0 finished: json at NativeMethodAccessorImpl.java:0, took 0,620140 s
[2022-08-04 11:35:31,662] {spark_submit_hook.py:479} INFO - Traceback (most recent call last):
[2022-08-04 11:35:31,663] {spark_submit_hook.py:479} INFO - File "/home/amadeus/ama/airflow-pipeline-alura/datapipeline/spark/transfortmation.py", line 50, in <module>
[2022-08-04 11:35:31,663] {spark_submit_hook.py:479} INFO - twitter_transform(spark, args.src, args.dest, args.process_date)
[2022-08-04 11:35:31,663] {spark_submit_hook.py:479} INFO - File "/home/amadeus/ama/airflow-pipeline-alura/datapipeline/spark/transfortmation.py", line 28, in twitter_transform
[2022-08-04 11:35:31,663] {spark_submit_hook.py:479} INFO - tweet_df = get_tweets_data(df)
[2022-08-04 11:35:31,663] {spark_submit_hook.py:479} INFO - File "/home/amadeus/ama/airflow-pipeline-alura/datapipeline/spark/transfortmation.py", line 8, in get_tweets_data
[2022-08-04 11:35:31,663] {spark_submit_hook.py:479} INFO - return df\
[2022-08-04 11:35:31,663] {spark_submit_hook.py:479} INFO - File "/home/amadeus/Downloads/spark-3.3.0-bin-hadoop2/python/lib/pyspark.zip/pyspark/sql/dataframe.py", line 2023, in select
[2022-08-04 11:35:31,663] {spark_submit_hook.py:479} INFO - File "/home/amadeus/Downloads/spark-3.3.0-bin-hadoop2/python/lib/py4j-0.10.9.5-src.zip/py4j/java_gateway.py", line 1321, in __call__
[2022-08-04 11:35:31,663] {spark_submit_hook.py:479} INFO - File "/home/amadeus/Downloads/spark-3.3.0-bin-hadoop2/python/lib/pyspark.zip/pyspark/sql/utils.py", line 196, in deco
[2022-08-04 11:35:31,669] {spark_submit_hook.py:479} INFO - pyspark.sql.utils.AnalysisException: No such struct field in_reply_to_user_id in author_id, conversation_id, created_at, id, public_metrics, text
[2022-08-04 11:35:31,712] {spark_submit_hook.py:479} INFO - 22/08/04 11:35:31 INFO SparkContext: Invoking stop() from shutdown hook
[2022-08-04 11:35:31,723] {spark_submit_hook.py:479} INFO - 22/08/04 11:35:31 INFO SparkUI: Stopped Spark web UI at http://192.168.1.12:4041
[2022-08-04 11:35:31,743] {spark_submit_hook.py:479} INFO - 22/08/04 11:35:31 INFO MapOutputTrackerMasterEndpoint: MapOutputTrackerMasterEndpoint stopped!
[2022-08-04 11:35:31,756] {spark_submit_hook.py:479} INFO - 22/08/04 11:35:31 INFO MemoryStore: MemoryStore cleared
[2022-08-04 11:35:31,756] {spark_submit_hook.py:479} INFO - 22/08/04 11:35:31 INFO BlockManager: BlockManager stopped
[2022-08-04 11:35:31,769] {spark_submit_hook.py:479} INFO - 22/08/04 11:35:31 INFO BlockManagerMaster: BlockManagerMaster stopped
[2022-08-04 11:35:31,773] {spark_submit_hook.py:479} INFO - 22/08/04 11:35:31 INFO OutputCommitCoordinator$OutputCommitCoordinatorEndpoint: OutputCommitCoordinator stopped!
[2022-08-04 11:35:31,780] {spark_submit_hook.py:479} INFO - 22/08/04 11:35:31 INFO SparkContext: Successfully stopped SparkContext
[2022-08-04 11:35:31,781] {spark_submit_hook.py:479} INFO - 22/08/04 11:35:31 INFO ShutdownHookManager: Shutdown hook called
[2022-08-04 11:35:31,782] {spark_submit_hook.py:479} INFO - 22/08/04 11:35:31 INFO ShutdownHookManager: Deleting directory /tmp/spark-17ba1dd6-59bb-4fcb-b4be-76aac207ee28/pyspark-3b620b9c-2556-4126-a200-e14462950a28
[2022-08-04 11:35:31,784] {spark_submit_hook.py:479} INFO - 22/08/04 11:35:31 INFO ShutdownHookManager: Deleting directory /tmp/spark-105bb5ea-8f9c-4830-ac0b-003b06db0ed3
[2022-08-04 11:35:31,786] {spark_submit_hook.py:479} INFO - 22/08/04 11:35:31 INFO ShutdownHookManager: Deleting directory /tmp/spark-17ba1dd6-59bb-4fcb-b4be-76aac207ee28
[2022-08-04 11:35:31,831] {taskinstance.py:1150} ERROR - Cannot execute: /home/amadeus/Downloads/spark-3.3.0-bin-hadoop2/bin/spark-submit --master local --name twitter_transformation /home/amadeus/ama/airflow-pipeline-alura/datapipeline/spark/transfortmation.py --src /home/amadeus/airflow-pipeline-alura/datapipeline/datalake/bronze/twitter_flamengomalvadao/extract_date=2022-07-30 --dest /home/amadeus/airflow-pipeline-alura/datapipeline/datalake/silver/twitter_flamengomalvadao/ --process-date 2022-07-30. Error code is: 1.
Traceback (most recent call last):
  File "/home/amadeus/ama/airflow-pipeline-alura/datapipeline/.env/lib/python3.8/site-packages/airflow/models/taskinstance.py", line 984, in _run_raw_task
    result = task_copy.execute(context=context)
  File "/home/amadeus/ama/airflow-pipeline-alura/datapipeline/.env/lib/python3.8/site-packages/airflow/contrib/operators/spark_submit_operator.py", line 187, in execute
    self._hook.submit(self._application)
  File "/home/amadeus/ama/airflow-pipeline-alura/datapipeline/.env/lib/python3.8/site-packages/airflow/contrib/hooks/spark_submit_hook.py", line 403, in submit
    raise AirflowException(
airflow.exceptions.AirflowException: Cannot execute: /home/amadeus/Downloads/spark-3.3.0-bin-hadoop2/bin/spark-submit --master local --name twitter_transformation /home/amadeus/ama/airflow-pipeline-alura/datapipeline/spark/transfortmation.py --src /home/amadeus/airflow-pipeline-alura/datapipeline/datalake/bronze/twitter_flamengomalvadao/extract_date=2022-07-30 --dest /home/amadeus/airflow-pipeline-alura/datapipeline/datalake/silver/twitter_flamengomalvadao/ --process-date 2022-07-30. Error code is: 1.
[2022-08-04 11:35:31,832] {taskinstance.py:1187} INFO - Marking task as FAILED. dag_id=twitter_dag, task_id=transform_twitter_flamengomalvadao, execution_date=20220730T090000, start_date=20220804T143522, end_date=20220804T143531
[2022-08-04 11:35:32,330] {local_task_job.py:102} INFO - Task exited with return code 1
