[2022-08-04 12:44:02,023] {taskinstance.py:670} INFO - Dependencies all met for <TaskInstance: twitter_dag.transform_twitter_flamengomalvadao 2022-07-30T09:00:00+00:00 [queued]>
[2022-08-04 12:44:02,055] {taskinstance.py:670} INFO - Dependencies all met for <TaskInstance: twitter_dag.transform_twitter_flamengomalvadao 2022-07-30T09:00:00+00:00 [queued]>
[2022-08-04 12:44:02,055] {taskinstance.py:880} INFO - 
--------------------------------------------------------------------------------
[2022-08-04 12:44:02,056] {taskinstance.py:881} INFO - Starting attempt 3 of 3
[2022-08-04 12:44:02,056] {taskinstance.py:882} INFO - 
--------------------------------------------------------------------------------
[2022-08-04 12:44:02,343] {taskinstance.py:901} INFO - Executing <Task(SparkSubmitOperator): transform_twitter_flamengomalvadao> on 2022-07-30T09:00:00+00:00
[2022-08-04 12:44:02,349] {standard_task_runner.py:54} INFO - Started process 133768 to run task
[2022-08-04 12:44:02,489] {standard_task_runner.py:77} INFO - Running: ['airflow', 'run', 'twitter_dag', 'transform_twitter_flamengomalvadao', '2022-07-30T09:00:00+00:00', '--job_id', '42', '--pool', 'default_pool', '--raw', '-sd', 'DAGS_FOLDER/twitter_dag.py', '--cfg_path', '/tmp/tmpendmhl0c']
[2022-08-04 12:44:02,490] {standard_task_runner.py:78} INFO - Job 42: Subtask transform_twitter_flamengomalvadao
[2022-08-04 12:44:02,763] {logging_mixin.py:112} INFO - Running <TaskInstance: twitter_dag.transform_twitter_flamengomalvadao 2022-07-30T09:00:00+00:00 [running]> on host ama
[2022-08-04 12:44:02,882] {base_hook.py:89} INFO - Using connection to: id: spark_default. Host: local, Port: None, Schema: None, Login: None, Password: None, extra: XXXXXXXX
[2022-08-04 12:44:02,884] {spark_submit_hook.py:325} INFO - Spark-Submit cmd: /home/amadeus/Downloads/spark-3.3.0-bin-hadoop2/bin/spark-submit --master local --name twitter_transformation /home/amadeus/ama/airflow-pipeline-alura/datapipeline/spark/transfortmation.py --src /home/amadeus/airflow-pipeline-alura/datapipeline/datalake/bronze/twitter_flamengomalvadao/extract_date=2022-07-30 --dest /home/amadeus/airflow-pipeline-alura/datapipeline/datalake/silver/twitter_flamengomalvadao/ --process-date 2022-07-30
[2022-08-04 12:44:05,373] {spark_submit_hook.py:479} INFO - 22/08/04 12:44:05 WARN Utils: Your hostname, ama resolves to a loopback address: 127.0.1.1; using 192.168.1.12 instead (on interface wlo1)
[2022-08-04 12:44:05,376] {spark_submit_hook.py:479} INFO - 22/08/04 12:44:05 WARN Utils: Set SPARK_LOCAL_IP if you need to bind to another address
[2022-08-04 12:44:07,103] {spark_submit_hook.py:479} INFO - 22/08/04 12:44:07 INFO SparkContext: Running Spark version 3.3.0
[2022-08-04 12:44:07,285] {spark_submit_hook.py:479} INFO - 22/08/04 12:44:07 WARN NativeCodeLoader: Unable to load native-hadoop library for your platform... using builtin-java classes where applicable
[2022-08-04 12:44:07,455] {spark_submit_hook.py:479} INFO - 22/08/04 12:44:07 INFO ResourceUtils: ==============================================================
[2022-08-04 12:44:07,456] {spark_submit_hook.py:479} INFO - 22/08/04 12:44:07 INFO ResourceUtils: No custom resources configured for spark.driver.
[2022-08-04 12:44:07,456] {spark_submit_hook.py:479} INFO - 22/08/04 12:44:07 INFO ResourceUtils: ==============================================================
[2022-08-04 12:44:07,457] {spark_submit_hook.py:479} INFO - 22/08/04 12:44:07 INFO SparkContext: Submitted application: twitter_transformation
[2022-08-04 12:44:07,492] {spark_submit_hook.py:479} INFO - 22/08/04 12:44:07 INFO ResourceProfile: Default ResourceProfile created, executor resources: Map(cores -> name: cores, amount: 1, script: , vendor: , memory -> name: memory, amount: 1024, script: , vendor: , offHeap -> name: offHeap, amount: 0, script: , vendor: ), task resources: Map(cpus -> name: cpus, amount: 1.0)
[2022-08-04 12:44:07,512] {spark_submit_hook.py:479} INFO - 22/08/04 12:44:07 INFO ResourceProfile: Limiting resource is cpu
[2022-08-04 12:44:07,513] {spark_submit_hook.py:479} INFO - 22/08/04 12:44:07 INFO ResourceProfileManager: Added ResourceProfile id: 0
[2022-08-04 12:44:07,622] {spark_submit_hook.py:479} INFO - 22/08/04 12:44:07 INFO SecurityManager: Changing view acls to: amadeus
[2022-08-04 12:44:07,624] {spark_submit_hook.py:479} INFO - 22/08/04 12:44:07 INFO SecurityManager: Changing modify acls to: amadeus
[2022-08-04 12:44:07,625] {spark_submit_hook.py:479} INFO - 22/08/04 12:44:07 INFO SecurityManager: Changing view acls groups to:
[2022-08-04 12:44:07,627] {spark_submit_hook.py:479} INFO - 22/08/04 12:44:07 INFO SecurityManager: Changing modify acls groups to:
[2022-08-04 12:44:07,628] {spark_submit_hook.py:479} INFO - 22/08/04 12:44:07 INFO SecurityManager: SecurityManager: authentication disabled; ui acls disabled; users  with view permissions: Set(amadeus); groups with view permissions: Set(); users  with modify permissions: Set(amadeus); groups with modify permissions: Set()
[2022-08-04 12:44:08,308] {spark_submit_hook.py:479} INFO - 22/08/04 12:44:08 INFO Utils: Successfully started service 'sparkDriver' on port 40197.
[2022-08-04 12:44:08,353] {spark_submit_hook.py:479} INFO - 22/08/04 12:44:08 INFO SparkEnv: Registering MapOutputTracker
[2022-08-04 12:44:08,437] {spark_submit_hook.py:479} INFO - 22/08/04 12:44:08 INFO SparkEnv: Registering BlockManagerMaster
[2022-08-04 12:44:08,484] {spark_submit_hook.py:479} INFO - 22/08/04 12:44:08 INFO BlockManagerMasterEndpoint: Using org.apache.spark.storage.DefaultTopologyMapper for getting topology information
[2022-08-04 12:44:08,485] {spark_submit_hook.py:479} INFO - 22/08/04 12:44:08 INFO BlockManagerMasterEndpoint: BlockManagerMasterEndpoint up
[2022-08-04 12:44:08,491] {spark_submit_hook.py:479} INFO - 22/08/04 12:44:08 INFO SparkEnv: Registering BlockManagerMasterHeartbeat
[2022-08-04 12:44:08,530] {spark_submit_hook.py:479} INFO - 22/08/04 12:44:08 INFO DiskBlockManager: Created local directory at /tmp/blockmgr-87a598d8-c79f-4d9c-b52b-527c025df9ba
[2022-08-04 12:44:08,559] {spark_submit_hook.py:479} INFO - 22/08/04 12:44:08 INFO MemoryStore: MemoryStore started with capacity 434.4 MiB
[2022-08-04 12:44:08,593] {spark_submit_hook.py:479} INFO - 22/08/04 12:44:08 INFO SparkEnv: Registering OutputCommitCoordinator
[2022-08-04 12:44:09,054] {spark_submit_hook.py:479} INFO - 22/08/04 12:44:09 WARN Utils: Service 'SparkUI' could not bind on port 4040. Attempting port 4041.
[2022-08-04 12:44:09,071] {spark_submit_hook.py:479} INFO - 22/08/04 12:44:09 INFO Utils: Successfully started service 'SparkUI' on port 4041.
[2022-08-04 12:44:09,346] {spark_submit_hook.py:479} INFO - 22/08/04 12:44:09 INFO Executor: Starting executor ID driver on host 192.168.1.12
[2022-08-04 12:44:09,360] {spark_submit_hook.py:479} INFO - 22/08/04 12:44:09 INFO Executor: Starting executor with user classpath (userClassPathFirst = false): ''
[2022-08-04 12:44:09,397] {spark_submit_hook.py:479} INFO - 22/08/04 12:44:09 INFO Utils: Successfully started service 'org.apache.spark.network.netty.NettyBlockTransferService' on port 41019.
[2022-08-04 12:44:09,397] {spark_submit_hook.py:479} INFO - 22/08/04 12:44:09 INFO NettyBlockTransferService: Server created on 192.168.1.12:41019
[2022-08-04 12:44:09,400] {spark_submit_hook.py:479} INFO - 22/08/04 12:44:09 INFO BlockManager: Using org.apache.spark.storage.RandomBlockReplicationPolicy for block replication policy
[2022-08-04 12:44:09,412] {spark_submit_hook.py:479} INFO - 22/08/04 12:44:09 INFO BlockManagerMaster: Registering BlockManager BlockManagerId(driver, 192.168.1.12, 41019, None)
[2022-08-04 12:44:09,419] {spark_submit_hook.py:479} INFO - 22/08/04 12:44:09 INFO BlockManagerMasterEndpoint: Registering block manager 192.168.1.12:41019 with 434.4 MiB RAM, BlockManagerId(driver, 192.168.1.12, 41019, None)
[2022-08-04 12:44:09,424] {spark_submit_hook.py:479} INFO - 22/08/04 12:44:09 INFO BlockManagerMaster: Registered BlockManager BlockManagerId(driver, 192.168.1.12, 41019, None)
[2022-08-04 12:44:09,426] {spark_submit_hook.py:479} INFO - 22/08/04 12:44:09 INFO BlockManager: Initialized BlockManager: BlockManagerId(driver, 192.168.1.12, 41019, None)
[2022-08-04 12:44:10,398] {spark_submit_hook.py:479} INFO - 22/08/04 12:44:10 INFO SharedState: Setting hive.metastore.warehouse.dir ('null') to the value of spark.sql.warehouse.dir.
[2022-08-04 12:44:10,406] {spark_submit_hook.py:479} INFO - 22/08/04 12:44:10 INFO SharedState: Warehouse path is 'file:/home/amadeus/ama/airflow-pipeline-alura/datapipeline/spark-warehouse'.
[2022-08-04 12:44:11,532] {spark_submit_hook.py:479} INFO - 22/08/04 12:44:11 INFO InMemoryFileIndex: It took 56 ms to list leaf files for 1 paths.
[2022-08-04 12:44:11,635] {spark_submit_hook.py:479} INFO - 22/08/04 12:44:11 INFO InMemoryFileIndex: It took 3 ms to list leaf files for 1 paths.
[2022-08-04 12:44:14,361] {spark_submit_hook.py:479} INFO - 22/08/04 12:44:14 INFO FileSourceStrategy: Pushed Filters:
[2022-08-04 12:44:14,365] {spark_submit_hook.py:479} INFO - 22/08/04 12:44:14 INFO FileSourceStrategy: Post-Scan Filters:
[2022-08-04 12:44:14,373] {spark_submit_hook.py:479} INFO - 22/08/04 12:44:14 INFO FileSourceStrategy: Output Data Schema: struct<value: string>
[2022-08-04 12:44:14,882] {spark_submit_hook.py:479} INFO - 22/08/04 12:44:14 INFO MemoryStore: Block broadcast_0 stored as values in memory (estimated size 173.7 KiB, free 434.2 MiB)
[2022-08-04 12:44:14,976] {spark_submit_hook.py:479} INFO - 22/08/04 12:44:14 INFO MemoryStore: Block broadcast_0_piece0 stored as bytes in memory (estimated size 24.7 KiB, free 434.2 MiB)
[2022-08-04 12:44:14,984] {spark_submit_hook.py:479} INFO - 22/08/04 12:44:14 INFO BlockManagerInfo: Added broadcast_0_piece0 in memory on 192.168.1.12:41019 (size: 24.7 KiB, free: 434.4 MiB)
[2022-08-04 12:44:14,997] {spark_submit_hook.py:479} INFO - 22/08/04 12:44:14 INFO SparkContext: Created broadcast 0 from json at NativeMethodAccessorImpl.java:0
[2022-08-04 12:44:15,042] {spark_submit_hook.py:479} INFO - 22/08/04 12:44:15 INFO FileSourceScanExec: Planning scan with bin packing, max size: 4224643 bytes, open cost is considered as scanning 4194304 bytes.
[2022-08-04 12:44:15,427] {spark_submit_hook.py:479} INFO - 22/08/04 12:44:15 INFO SparkContext: Starting job: json at NativeMethodAccessorImpl.java:0
[2022-08-04 12:44:15,454] {spark_submit_hook.py:479} INFO - 22/08/04 12:44:15 INFO DAGScheduler: Got job 0 (json at NativeMethodAccessorImpl.java:0) with 1 output partitions
[2022-08-04 12:44:15,455] {spark_submit_hook.py:479} INFO - 22/08/04 12:44:15 INFO DAGScheduler: Final stage: ResultStage 0 (json at NativeMethodAccessorImpl.java:0)
[2022-08-04 12:44:15,456] {spark_submit_hook.py:479} INFO - 22/08/04 12:44:15 INFO DAGScheduler: Parents of final stage: List()
[2022-08-04 12:44:15,458] {spark_submit_hook.py:479} INFO - 22/08/04 12:44:15 INFO DAGScheduler: Missing parents: List()
[2022-08-04 12:44:15,465] {spark_submit_hook.py:479} INFO - 22/08/04 12:44:15 INFO DAGScheduler: Submitting ResultStage 0 (MapPartitionsRDD[3] at json at NativeMethodAccessorImpl.java:0), which has no missing parents
[2022-08-04 12:44:15,646] {spark_submit_hook.py:479} INFO - 22/08/04 12:44:15 INFO MemoryStore: Block broadcast_1 stored as values in memory (estimated size 14.5 KiB, free 434.2 MiB)
[2022-08-04 12:44:15,665] {spark_submit_hook.py:479} INFO - 22/08/04 12:44:15 INFO MemoryStore: Block broadcast_1_piece0 stored as bytes in memory (estimated size 7.0 KiB, free 434.2 MiB)
[2022-08-04 12:44:15,665] {spark_submit_hook.py:479} INFO - 22/08/04 12:44:15 INFO BlockManagerInfo: Added broadcast_1_piece0 in memory on 192.168.1.12:41019 (size: 7.0 KiB, free: 434.4 MiB)
[2022-08-04 12:44:15,665] {spark_submit_hook.py:479} INFO - 22/08/04 12:44:15 INFO SparkContext: Created broadcast 1 from broadcast at DAGScheduler.scala:1513
[2022-08-04 12:44:15,677] {spark_submit_hook.py:479} INFO - 22/08/04 12:44:15 INFO DAGScheduler: Submitting 1 missing tasks from ResultStage 0 (MapPartitionsRDD[3] at json at NativeMethodAccessorImpl.java:0) (first 15 tasks are for partitions Vector(0))
[2022-08-04 12:44:15,679] {spark_submit_hook.py:479} INFO - 22/08/04 12:44:15 INFO TaskSchedulerImpl: Adding task set 0.0 with 1 tasks resource profile 0
[2022-08-04 12:44:15,761] {spark_submit_hook.py:479} INFO - 22/08/04 12:44:15 INFO TaskSetManager: Starting task 0.0 in stage 0.0 (TID 0) (192.168.1.12, executor driver, partition 0, PROCESS_LOCAL, 5023 bytes) taskResourceAssignments Map()
[2022-08-04 12:44:15,791] {spark_submit_hook.py:479} INFO - 22/08/04 12:44:15 INFO Executor: Running task 0.0 in stage 0.0 (TID 0)
[2022-08-04 12:44:16,045] {spark_submit_hook.py:479} INFO - 22/08/04 12:44:16 INFO FileScanRDD: Reading File path: file:///home/amadeus/airflow-pipeline-alura/datapipeline/datalake/bronze/twitter_flamengomalvadao/extract_date=2022-07-30/FlamengoMalvadao_20220730.json, range: 0-30339, partition values: [empty row]
[2022-08-04 12:44:16,450] {spark_submit_hook.py:479} INFO - 22/08/04 12:44:16 INFO CodeGenerator: Code generated in 334.671255 ms
[2022-08-04 12:44:16,547] {spark_submit_hook.py:479} INFO - 22/08/04 12:44:16 INFO Executor: Finished task 0.0 in stage 0.0 (TID 0). 2784 bytes result sent to driver
[2022-08-04 12:44:16,567] {spark_submit_hook.py:479} INFO - 22/08/04 12:44:16 INFO TaskSetManager: Finished task 0.0 in stage 0.0 (TID 0) in 817 ms on 192.168.1.12 (executor driver) (1/1)
[2022-08-04 12:44:16,572] {spark_submit_hook.py:479} INFO - 22/08/04 12:44:16 INFO TaskSchedulerImpl: Removed TaskSet 0.0, whose tasks have all completed, from pool
[2022-08-04 12:44:16,588] {spark_submit_hook.py:479} INFO - 22/08/04 12:44:16 INFO DAGScheduler: ResultStage 0 (json at NativeMethodAccessorImpl.java:0) finished in 1,088 s
[2022-08-04 12:44:16,599] {spark_submit_hook.py:479} INFO - 22/08/04 12:44:16 INFO DAGScheduler: Job 0 is finished. Cancelling potential speculative or zombie tasks for this job
[2022-08-04 12:44:16,601] {spark_submit_hook.py:479} INFO - 22/08/04 12:44:16 INFO TaskSchedulerImpl: Killing all running tasks in stage 0: Stage finished
[2022-08-04 12:44:16,608] {spark_submit_hook.py:479} INFO - 22/08/04 12:44:16 INFO DAGScheduler: Job 0 finished: json at NativeMethodAccessorImpl.java:0, took 1,179556 s
[2022-08-04 12:44:17,074] {spark_submit_hook.py:479} INFO - Traceback (most recent call last):
[2022-08-04 12:44:17,074] {spark_submit_hook.py:479} INFO - File "/home/amadeus/ama/airflow-pipeline-alura/datapipeline/spark/transfortmation.py", line 50, in <module>
[2022-08-04 12:44:17,074] {spark_submit_hook.py:479} INFO - twitter_transform(spark, args.src, args.dest, args.process_date)
[2022-08-04 12:44:17,074] {spark_submit_hook.py:479} INFO - File "/home/amadeus/ama/airflow-pipeline-alura/datapipeline/spark/transfortmation.py", line 28, in twitter_transform
[2022-08-04 12:44:17,074] {spark_submit_hook.py:479} INFO - tweet_df = get_tweets_data(df)
[2022-08-04 12:44:17,074] {spark_submit_hook.py:479} INFO - File "/home/amadeus/ama/airflow-pipeline-alura/datapipeline/spark/transfortmation.py", line 8, in get_tweets_data
[2022-08-04 12:44:17,074] {spark_submit_hook.py:479} INFO - return df\
[2022-08-04 12:44:17,075] {spark_submit_hook.py:479} INFO - File "/home/amadeus/Downloads/spark-3.3.0-bin-hadoop2/python/lib/pyspark.zip/pyspark/sql/dataframe.py", line 2023, in select
[2022-08-04 12:44:17,075] {spark_submit_hook.py:479} INFO - File "/home/amadeus/Downloads/spark-3.3.0-bin-hadoop2/python/lib/py4j-0.10.9.5-src.zip/py4j/java_gateway.py", line 1321, in __call__
[2022-08-04 12:44:17,075] {spark_submit_hook.py:479} INFO - File "/home/amadeus/Downloads/spark-3.3.0-bin-hadoop2/python/lib/pyspark.zip/pyspark/sql/utils.py", line 196, in deco
[2022-08-04 12:44:17,082] {spark_submit_hook.py:479} INFO - pyspark.sql.utils.AnalysisException: No such struct field in_reply_to_user_id in author_id, conversation_id, created_at, id, public_metrics, text
[2022-08-04 12:44:17,124] {spark_submit_hook.py:479} INFO - 22/08/04 12:44:17 INFO SparkContext: Invoking stop() from shutdown hook
[2022-08-04 12:44:17,137] {spark_submit_hook.py:479} INFO - 22/08/04 12:44:17 INFO SparkUI: Stopped Spark web UI at http://192.168.1.12:4041
[2022-08-04 12:44:17,163] {spark_submit_hook.py:479} INFO - 22/08/04 12:44:17 INFO MapOutputTrackerMasterEndpoint: MapOutputTrackerMasterEndpoint stopped!
[2022-08-04 12:44:17,173] {spark_submit_hook.py:479} INFO - 22/08/04 12:44:17 INFO MemoryStore: MemoryStore cleared
[2022-08-04 12:44:17,173] {spark_submit_hook.py:479} INFO - 22/08/04 12:44:17 INFO BlockManager: BlockManager stopped
[2022-08-04 12:44:17,185] {spark_submit_hook.py:479} INFO - 22/08/04 12:44:17 INFO BlockManagerMaster: BlockManagerMaster stopped
[2022-08-04 12:44:17,189] {spark_submit_hook.py:479} INFO - 22/08/04 12:44:17 INFO OutputCommitCoordinator$OutputCommitCoordinatorEndpoint: OutputCommitCoordinator stopped!
[2022-08-04 12:44:17,193] {spark_submit_hook.py:479} INFO - 22/08/04 12:44:17 INFO SparkContext: Successfully stopped SparkContext
[2022-08-04 12:44:17,194] {spark_submit_hook.py:479} INFO - 22/08/04 12:44:17 INFO ShutdownHookManager: Shutdown hook called
[2022-08-04 12:44:17,194] {spark_submit_hook.py:479} INFO - 22/08/04 12:44:17 INFO ShutdownHookManager: Deleting directory /tmp/spark-0f549c9d-6aae-4d4f-aa97-ea8d5e6772c6
[2022-08-04 12:44:17,197] {spark_submit_hook.py:479} INFO - 22/08/04 12:44:17 INFO ShutdownHookManager: Deleting directory /tmp/spark-0f549c9d-6aae-4d4f-aa97-ea8d5e6772c6/pyspark-51fda094-7b2b-43d6-91c7-c33c50a869b0
[2022-08-04 12:44:17,199] {spark_submit_hook.py:479} INFO - 22/08/04 12:44:17 INFO ShutdownHookManager: Deleting directory /tmp/spark-0a36dca7-9a90-43f8-b61f-3dfad049e66c
[2022-08-04 12:44:17,255] {taskinstance.py:1150} ERROR - Cannot execute: /home/amadeus/Downloads/spark-3.3.0-bin-hadoop2/bin/spark-submit --master local --name twitter_transformation /home/amadeus/ama/airflow-pipeline-alura/datapipeline/spark/transfortmation.py --src /home/amadeus/airflow-pipeline-alura/datapipeline/datalake/bronze/twitter_flamengomalvadao/extract_date=2022-07-30 --dest /home/amadeus/airflow-pipeline-alura/datapipeline/datalake/silver/twitter_flamengomalvadao/ --process-date 2022-07-30. Error code is: 1.
Traceback (most recent call last):
  File "/home/amadeus/ama/airflow-pipeline-alura/datapipeline/.env/lib/python3.8/site-packages/airflow/models/taskinstance.py", line 984, in _run_raw_task
    result = task_copy.execute(context=context)
  File "/home/amadeus/ama/airflow-pipeline-alura/datapipeline/.env/lib/python3.8/site-packages/airflow/contrib/operators/spark_submit_operator.py", line 187, in execute
    self._hook.submit(self._application)
  File "/home/amadeus/ama/airflow-pipeline-alura/datapipeline/.env/lib/python3.8/site-packages/airflow/contrib/hooks/spark_submit_hook.py", line 403, in submit
    raise AirflowException(
airflow.exceptions.AirflowException: Cannot execute: /home/amadeus/Downloads/spark-3.3.0-bin-hadoop2/bin/spark-submit --master local --name twitter_transformation /home/amadeus/ama/airflow-pipeline-alura/datapipeline/spark/transfortmation.py --src /home/amadeus/airflow-pipeline-alura/datapipeline/datalake/bronze/twitter_flamengomalvadao/extract_date=2022-07-30 --dest /home/amadeus/airflow-pipeline-alura/datapipeline/datalake/silver/twitter_flamengomalvadao/ --process-date 2022-07-30. Error code is: 1.
[2022-08-04 12:44:17,257] {taskinstance.py:1187} INFO - Marking task as FAILED. dag_id=twitter_dag, task_id=transform_twitter_flamengomalvadao, execution_date=20220730T090000, start_date=20220804T154402, end_date=20220804T154417
[2022-08-04 12:44:21,458] {local_task_job.py:102} INFO - Task exited with return code 1
