[2022-08-04 13:04:17,110] {taskinstance.py:670} INFO - Dependencies all met for <TaskInstance: twitter_dag.transform_twitter_flamengomalvadao 2022-07-30T09:00:00+00:00 [queued]>
[2022-08-04 13:04:17,143] {taskinstance.py:670} INFO - Dependencies all met for <TaskInstance: twitter_dag.transform_twitter_flamengomalvadao 2022-07-30T09:00:00+00:00 [queued]>
[2022-08-04 13:04:17,144] {taskinstance.py:880} INFO - 
--------------------------------------------------------------------------------
[2022-08-04 13:04:17,144] {taskinstance.py:881} INFO - Starting attempt 5 of 5
[2022-08-04 13:04:17,145] {taskinstance.py:882} INFO - 
--------------------------------------------------------------------------------
[2022-08-04 13:04:17,372] {taskinstance.py:901} INFO - Executing <Task(SparkSubmitOperator): transform_twitter_flamengomalvadao> on 2022-07-30T09:00:00+00:00
[2022-08-04 13:04:17,378] {standard_task_runner.py:54} INFO - Started process 138717 to run task
[2022-08-04 13:04:17,512] {standard_task_runner.py:77} INFO - Running: ['airflow', 'run', 'twitter_dag', 'transform_twitter_flamengomalvadao', '2022-07-30T09:00:00+00:00', '--job_id', '59', '--pool', 'default_pool', '--raw', '-sd', 'DAGS_FOLDER/twitter_dag.py', '--cfg_path', '/tmp/tmpxr5_ui4f']
[2022-08-04 13:04:17,513] {standard_task_runner.py:78} INFO - Job 59: Subtask transform_twitter_flamengomalvadao
[2022-08-04 13:04:17,799] {logging_mixin.py:112} INFO - Running <TaskInstance: twitter_dag.transform_twitter_flamengomalvadao 2022-07-30T09:00:00+00:00 [running]> on host ama
[2022-08-04 13:04:17,928] {base_hook.py:89} INFO - Using connection to: id: spark_default. Host: local, Port: None, Schema: None, Login: None, Password: None, extra: XXXXXXXX
[2022-08-04 13:04:17,930] {spark_submit_hook.py:325} INFO - Spark-Submit cmd: /home/amadeus/Downloads/spark-3.3.0-bin-hadoop2/bin/spark-submit --master local --name twitter_transformation /home/amadeus/ama/airflow-pipeline-alura/datapipeline/spark/transfortmation.py --src /home/amadeus/airflow-pipeline-alura/datapipeline/datalake/bronze/twitter_flamengomalvadao/extract_date=2022-07-30 --dest /home/amadeus/airflow-pipeline-alura/datapipeline/datalake/silver/twitter_flamengomalvadao/ --process-date 2022-07-30
[2022-08-04 13:04:20,019] {spark_submit_hook.py:479} INFO - 22/08/04 13:04:20 WARN Utils: Your hostname, ama resolves to a loopback address: 127.0.1.1; using 192.168.1.12 instead (on interface wlo1)
[2022-08-04 13:04:20,022] {spark_submit_hook.py:479} INFO - 22/08/04 13:04:20 WARN Utils: Set SPARK_LOCAL_IP if you need to bind to another address
[2022-08-04 13:04:21,507] {spark_submit_hook.py:479} INFO - 22/08/04 13:04:21 INFO SparkContext: Running Spark version 3.3.0
[2022-08-04 13:04:21,756] {spark_submit_hook.py:479} INFO - 22/08/04 13:04:21 WARN NativeCodeLoader: Unable to load native-hadoop library for your platform... using builtin-java classes where applicable
[2022-08-04 13:04:21,914] {spark_submit_hook.py:479} INFO - 22/08/04 13:04:21 INFO ResourceUtils: ==============================================================
[2022-08-04 13:04:21,915] {spark_submit_hook.py:479} INFO - 22/08/04 13:04:21 INFO ResourceUtils: No custom resources configured for spark.driver.
[2022-08-04 13:04:21,915] {spark_submit_hook.py:479} INFO - 22/08/04 13:04:21 INFO ResourceUtils: ==============================================================
[2022-08-04 13:04:21,916] {spark_submit_hook.py:479} INFO - 22/08/04 13:04:21 INFO SparkContext: Submitted application: twitter_transformation
[2022-08-04 13:04:21,948] {spark_submit_hook.py:479} INFO - 22/08/04 13:04:21 INFO ResourceProfile: Default ResourceProfile created, executor resources: Map(cores -> name: cores, amount: 1, script: , vendor: , memory -> name: memory, amount: 1024, script: , vendor: , offHeap -> name: offHeap, amount: 0, script: , vendor: ), task resources: Map(cpus -> name: cpus, amount: 1.0)
[2022-08-04 13:04:21,977] {spark_submit_hook.py:479} INFO - 22/08/04 13:04:21 INFO ResourceProfile: Limiting resource is cpu
[2022-08-04 13:04:21,978] {spark_submit_hook.py:479} INFO - 22/08/04 13:04:21 INFO ResourceProfileManager: Added ResourceProfile id: 0
[2022-08-04 13:04:22,148] {spark_submit_hook.py:479} INFO - 22/08/04 13:04:22 INFO SecurityManager: Changing view acls to: amadeus
[2022-08-04 13:04:22,150] {spark_submit_hook.py:479} INFO - 22/08/04 13:04:22 INFO SecurityManager: Changing modify acls to: amadeus
[2022-08-04 13:04:22,152] {spark_submit_hook.py:479} INFO - 22/08/04 13:04:22 INFO SecurityManager: Changing view acls groups to:
[2022-08-04 13:04:22,153] {spark_submit_hook.py:479} INFO - 22/08/04 13:04:22 INFO SecurityManager: Changing modify acls groups to:
[2022-08-04 13:04:22,155] {spark_submit_hook.py:479} INFO - 22/08/04 13:04:22 INFO SecurityManager: SecurityManager: authentication disabled; ui acls disabled; users  with view permissions: Set(amadeus); groups with view permissions: Set(); users  with modify permissions: Set(amadeus); groups with modify permissions: Set()
[2022-08-04 13:04:22,726] {spark_submit_hook.py:479} INFO - 22/08/04 13:04:22 INFO Utils: Successfully started service 'sparkDriver' on port 45199.
[2022-08-04 13:04:22,761] {spark_submit_hook.py:479} INFO - 22/08/04 13:04:22 INFO SparkEnv: Registering MapOutputTracker
[2022-08-04 13:04:22,813] {spark_submit_hook.py:479} INFO - 22/08/04 13:04:22 INFO SparkEnv: Registering BlockManagerMaster
[2022-08-04 13:04:22,851] {spark_submit_hook.py:479} INFO - 22/08/04 13:04:22 INFO BlockManagerMasterEndpoint: Using org.apache.spark.storage.DefaultTopologyMapper for getting topology information
[2022-08-04 13:04:22,852] {spark_submit_hook.py:479} INFO - 22/08/04 13:04:22 INFO BlockManagerMasterEndpoint: BlockManagerMasterEndpoint up
[2022-08-04 13:04:22,858] {spark_submit_hook.py:479} INFO - 22/08/04 13:04:22 INFO SparkEnv: Registering BlockManagerMasterHeartbeat
[2022-08-04 13:04:22,891] {spark_submit_hook.py:479} INFO - 22/08/04 13:04:22 INFO DiskBlockManager: Created local directory at /tmp/blockmgr-2dea850e-5609-4d26-831d-6c9e50870bde
[2022-08-04 13:04:22,928] {spark_submit_hook.py:479} INFO - 22/08/04 13:04:22 INFO MemoryStore: MemoryStore started with capacity 434.4 MiB
[2022-08-04 13:04:22,953] {spark_submit_hook.py:479} INFO - 22/08/04 13:04:22 INFO SparkEnv: Registering OutputCommitCoordinator
[2022-08-04 13:04:23,258] {spark_submit_hook.py:479} INFO - 22/08/04 13:04:23 WARN Utils: Service 'SparkUI' could not bind on port 4040. Attempting port 4041.
[2022-08-04 13:04:23,272] {spark_submit_hook.py:479} INFO - 22/08/04 13:04:23 INFO Utils: Successfully started service 'SparkUI' on port 4041.
[2022-08-04 13:04:23,476] {spark_submit_hook.py:479} INFO - 22/08/04 13:04:23 INFO Executor: Starting executor ID driver on host 192.168.1.12
[2022-08-04 13:04:23,488] {spark_submit_hook.py:479} INFO - 22/08/04 13:04:23 INFO Executor: Starting executor with user classpath (userClassPathFirst = false): ''
[2022-08-04 13:04:23,515] {spark_submit_hook.py:479} INFO - 22/08/04 13:04:23 INFO Utils: Successfully started service 'org.apache.spark.network.netty.NettyBlockTransferService' on port 45145.
[2022-08-04 13:04:23,516] {spark_submit_hook.py:479} INFO - 22/08/04 13:04:23 INFO NettyBlockTransferService: Server created on 192.168.1.12:45145
[2022-08-04 13:04:23,518] {spark_submit_hook.py:479} INFO - 22/08/04 13:04:23 INFO BlockManager: Using org.apache.spark.storage.RandomBlockReplicationPolicy for block replication policy
[2022-08-04 13:04:23,527] {spark_submit_hook.py:479} INFO - 22/08/04 13:04:23 INFO BlockManagerMaster: Registering BlockManager BlockManagerId(driver, 192.168.1.12, 45145, None)
[2022-08-04 13:04:23,532] {spark_submit_hook.py:479} INFO - 22/08/04 13:04:23 INFO BlockManagerMasterEndpoint: Registering block manager 192.168.1.12:45145 with 434.4 MiB RAM, BlockManagerId(driver, 192.168.1.12, 45145, None)
[2022-08-04 13:04:23,536] {spark_submit_hook.py:479} INFO - 22/08/04 13:04:23 INFO BlockManagerMaster: Registered BlockManager BlockManagerId(driver, 192.168.1.12, 45145, None)
[2022-08-04 13:04:23,538] {spark_submit_hook.py:479} INFO - 22/08/04 13:04:23 INFO BlockManager: Initialized BlockManager: BlockManagerId(driver, 192.168.1.12, 45145, None)
[2022-08-04 13:04:24,250] {spark_submit_hook.py:479} INFO - 22/08/04 13:04:24 INFO SharedState: Setting hive.metastore.warehouse.dir ('null') to the value of spark.sql.warehouse.dir.
[2022-08-04 13:04:24,257] {spark_submit_hook.py:479} INFO - 22/08/04 13:04:24 INFO SharedState: Warehouse path is 'file:/home/amadeus/ama/airflow-pipeline-alura/datapipeline/spark-warehouse'.
[2022-08-04 13:04:25,430] {spark_submit_hook.py:479} INFO - 22/08/04 13:04:25 INFO InMemoryFileIndex: It took 67 ms to list leaf files for 1 paths.
[2022-08-04 13:04:25,540] {spark_submit_hook.py:479} INFO - 22/08/04 13:04:25 INFO InMemoryFileIndex: It took 3 ms to list leaf files for 1 paths.
[2022-08-04 13:04:28,452] {spark_submit_hook.py:479} INFO - 22/08/04 13:04:28 INFO FileSourceStrategy: Pushed Filters:
[2022-08-04 13:04:28,456] {spark_submit_hook.py:479} INFO - 22/08/04 13:04:28 INFO FileSourceStrategy: Post-Scan Filters:
[2022-08-04 13:04:28,462] {spark_submit_hook.py:479} INFO - 22/08/04 13:04:28 INFO FileSourceStrategy: Output Data Schema: struct<value: string>
[2022-08-04 13:04:28,978] {spark_submit_hook.py:479} INFO - 22/08/04 13:04:28 INFO MemoryStore: Block broadcast_0 stored as values in memory (estimated size 173.7 KiB, free 434.2 MiB)
[2022-08-04 13:04:29,067] {spark_submit_hook.py:479} INFO - 22/08/04 13:04:29 INFO MemoryStore: Block broadcast_0_piece0 stored as bytes in memory (estimated size 24.7 KiB, free 434.2 MiB)
[2022-08-04 13:04:29,071] {spark_submit_hook.py:479} INFO - 22/08/04 13:04:29 INFO BlockManagerInfo: Added broadcast_0_piece0 in memory on 192.168.1.12:45145 (size: 24.7 KiB, free: 434.4 MiB)
[2022-08-04 13:04:29,078] {spark_submit_hook.py:479} INFO - 22/08/04 13:04:29 INFO SparkContext: Created broadcast 0 from json at NativeMethodAccessorImpl.java:0
[2022-08-04 13:04:29,092] {spark_submit_hook.py:479} INFO - 22/08/04 13:04:29 INFO FileSourceScanExec: Planning scan with bin packing, max size: 4224643 bytes, open cost is considered as scanning 4194304 bytes.
[2022-08-04 13:04:29,411] {spark_submit_hook.py:479} INFO - 22/08/04 13:04:29 INFO SparkContext: Starting job: json at NativeMethodAccessorImpl.java:0
[2022-08-04 13:04:29,435] {spark_submit_hook.py:479} INFO - 22/08/04 13:04:29 INFO DAGScheduler: Got job 0 (json at NativeMethodAccessorImpl.java:0) with 1 output partitions
[2022-08-04 13:04:29,437] {spark_submit_hook.py:479} INFO - 22/08/04 13:04:29 INFO DAGScheduler: Final stage: ResultStage 0 (json at NativeMethodAccessorImpl.java:0)
[2022-08-04 13:04:29,437] {spark_submit_hook.py:479} INFO - 22/08/04 13:04:29 INFO DAGScheduler: Parents of final stage: List()
[2022-08-04 13:04:29,440] {spark_submit_hook.py:479} INFO - 22/08/04 13:04:29 INFO DAGScheduler: Missing parents: List()
[2022-08-04 13:04:29,446] {spark_submit_hook.py:479} INFO - 22/08/04 13:04:29 INFO DAGScheduler: Submitting ResultStage 0 (MapPartitionsRDD[3] at json at NativeMethodAccessorImpl.java:0), which has no missing parents
[2022-08-04 13:04:29,637] {spark_submit_hook.py:479} INFO - 22/08/04 13:04:29 INFO MemoryStore: Block broadcast_1 stored as values in memory (estimated size 14.5 KiB, free 434.2 MiB)
[2022-08-04 13:04:29,639] {spark_submit_hook.py:479} INFO - 22/08/04 13:04:29 INFO MemoryStore: Block broadcast_1_piece0 stored as bytes in memory (estimated size 7.0 KiB, free 434.2 MiB)
[2022-08-04 13:04:29,640] {spark_submit_hook.py:479} INFO - 22/08/04 13:04:29 INFO BlockManagerInfo: Added broadcast_1_piece0 in memory on 192.168.1.12:45145 (size: 7.0 KiB, free: 434.4 MiB)
[2022-08-04 13:04:29,641] {spark_submit_hook.py:479} INFO - 22/08/04 13:04:29 INFO SparkContext: Created broadcast 1 from broadcast at DAGScheduler.scala:1513
[2022-08-04 13:04:29,659] {spark_submit_hook.py:479} INFO - 22/08/04 13:04:29 INFO DAGScheduler: Submitting 1 missing tasks from ResultStage 0 (MapPartitionsRDD[3] at json at NativeMethodAccessorImpl.java:0) (first 15 tasks are for partitions Vector(0))
[2022-08-04 13:04:29,661] {spark_submit_hook.py:479} INFO - 22/08/04 13:04:29 INFO TaskSchedulerImpl: Adding task set 0.0 with 1 tasks resource profile 0
[2022-08-04 13:04:29,825] {spark_submit_hook.py:479} INFO - 22/08/04 13:04:29 INFO TaskSetManager: Starting task 0.0 in stage 0.0 (TID 0) (192.168.1.12, executor driver, partition 0, PROCESS_LOCAL, 5023 bytes) taskResourceAssignments Map()
[2022-08-04 13:04:29,879] {spark_submit_hook.py:479} INFO - 22/08/04 13:04:29 INFO Executor: Running task 0.0 in stage 0.0 (TID 0)
[2022-08-04 13:04:30,114] {spark_submit_hook.py:479} INFO - 22/08/04 13:04:30 INFO FileScanRDD: Reading File path: file:///home/amadeus/airflow-pipeline-alura/datapipeline/datalake/bronze/twitter_flamengomalvadao/extract_date=2022-07-30/FlamengoMalvadao_20220730.json, range: 0-30339, partition values: [empty row]
[2022-08-04 13:04:30,385] {spark_submit_hook.py:479} INFO - 22/08/04 13:04:30 INFO CodeGenerator: Code generated in 215.86617 ms
[2022-08-04 13:04:30,460] {spark_submit_hook.py:479} INFO - 22/08/04 13:04:30 INFO Executor: Finished task 0.0 in stage 0.0 (TID 0). 2784 bytes result sent to driver
[2022-08-04 13:04:30,472] {spark_submit_hook.py:479} INFO - 22/08/04 13:04:30 INFO TaskSetManager: Finished task 0.0 in stage 0.0 (TID 0) in 683 ms on 192.168.1.12 (executor driver) (1/1)
[2022-08-04 13:04:30,474] {spark_submit_hook.py:479} INFO - 22/08/04 13:04:30 INFO TaskSchedulerImpl: Removed TaskSet 0.0, whose tasks have all completed, from pool
[2022-08-04 13:04:30,482] {spark_submit_hook.py:479} INFO - 22/08/04 13:04:30 INFO DAGScheduler: ResultStage 0 (json at NativeMethodAccessorImpl.java:0) finished in 0,969 s
[2022-08-04 13:04:30,488] {spark_submit_hook.py:479} INFO - 22/08/04 13:04:30 INFO DAGScheduler: Job 0 is finished. Cancelling potential speculative or zombie tasks for this job
[2022-08-04 13:04:30,488] {spark_submit_hook.py:479} INFO - 22/08/04 13:04:30 INFO TaskSchedulerImpl: Killing all running tasks in stage 0: Stage finished
[2022-08-04 13:04:30,492] {spark_submit_hook.py:479} INFO - 22/08/04 13:04:30 INFO DAGScheduler: Job 0 finished: json at NativeMethodAccessorImpl.java:0, took 1,079985 s
[2022-08-04 13:04:30,858] {spark_submit_hook.py:479} INFO - Traceback (most recent call last):
[2022-08-04 13:04:30,858] {spark_submit_hook.py:479} INFO - File "/home/amadeus/ama/airflow-pipeline-alura/datapipeline/spark/transfortmation.py", line 50, in <module>
[2022-08-04 13:04:30,858] {spark_submit_hook.py:479} INFO - twitter_transform(spark, args.src, args.dest, args.process_date)
[2022-08-04 13:04:30,858] {spark_submit_hook.py:479} INFO - File "/home/amadeus/ama/airflow-pipeline-alura/datapipeline/spark/transfortmation.py", line 28, in twitter_transform
[2022-08-04 13:04:30,858] {spark_submit_hook.py:479} INFO - tweet_df = get_tweets_data(df)
[2022-08-04 13:04:30,858] {spark_submit_hook.py:479} INFO - File "/home/amadeus/ama/airflow-pipeline-alura/datapipeline/spark/transfortmation.py", line 8, in get_tweets_data
[2022-08-04 13:04:30,858] {spark_submit_hook.py:479} INFO - return df\
[2022-08-04 13:04:30,858] {spark_submit_hook.py:479} INFO - File "/home/amadeus/Downloads/spark-3.3.0-bin-hadoop2/python/lib/pyspark.zip/pyspark/sql/dataframe.py", line 2023, in select
[2022-08-04 13:04:30,859] {spark_submit_hook.py:479} INFO - File "/home/amadeus/Downloads/spark-3.3.0-bin-hadoop2/python/lib/py4j-0.10.9.5-src.zip/py4j/java_gateway.py", line 1321, in __call__
[2022-08-04 13:04:30,859] {spark_submit_hook.py:479} INFO - File "/home/amadeus/Downloads/spark-3.3.0-bin-hadoop2/python/lib/pyspark.zip/pyspark/sql/utils.py", line 196, in deco
[2022-08-04 13:04:30,865] {spark_submit_hook.py:479} INFO - pyspark.sql.utils.AnalysisException: No such struct field in_reply_to_user_id in author_id, conversation_id, created_at, id, public_metrics, text
[2022-08-04 13:04:30,928] {spark_submit_hook.py:479} INFO - 22/08/04 13:04:30 INFO SparkContext: Invoking stop() from shutdown hook
[2022-08-04 13:04:30,940] {spark_submit_hook.py:479} INFO - 22/08/04 13:04:30 INFO SparkUI: Stopped Spark web UI at http://192.168.1.12:4041
[2022-08-04 13:04:30,955] {spark_submit_hook.py:479} INFO - 22/08/04 13:04:30 INFO BlockManagerInfo: Removed broadcast_0_piece0 on 192.168.1.12:45145 in memory (size: 24.7 KiB, free: 434.4 MiB)
[2022-08-04 13:04:30,975] {spark_submit_hook.py:479} INFO - 22/08/04 13:04:30 INFO MapOutputTrackerMasterEndpoint: MapOutputTrackerMasterEndpoint stopped!
[2022-08-04 13:04:30,985] {spark_submit_hook.py:479} INFO - 22/08/04 13:04:30 INFO MemoryStore: MemoryStore cleared
[2022-08-04 13:04:30,985] {spark_submit_hook.py:479} INFO - 22/08/04 13:04:30 INFO BlockManager: BlockManager stopped
[2022-08-04 13:04:30,990] {spark_submit_hook.py:479} INFO - 22/08/04 13:04:30 INFO BlockManagerMaster: BlockManagerMaster stopped
[2022-08-04 13:04:30,993] {spark_submit_hook.py:479} INFO - 22/08/04 13:04:30 INFO OutputCommitCoordinator$OutputCommitCoordinatorEndpoint: OutputCommitCoordinator stopped!
[2022-08-04 13:04:30,997] {spark_submit_hook.py:479} INFO - 22/08/04 13:04:30 INFO SparkContext: Successfully stopped SparkContext
[2022-08-04 13:04:30,998] {spark_submit_hook.py:479} INFO - 22/08/04 13:04:30 INFO ShutdownHookManager: Shutdown hook called
[2022-08-04 13:04:30,999] {spark_submit_hook.py:479} INFO - 22/08/04 13:04:30 INFO ShutdownHookManager: Deleting directory /tmp/spark-74b3b683-3315-4b21-a957-a4b7c7c93914
[2022-08-04 13:04:31,002] {spark_submit_hook.py:479} INFO - 22/08/04 13:04:31 INFO ShutdownHookManager: Deleting directory /tmp/spark-f8eb30a5-44d2-460a-8c0f-2dfc40287585
[2022-08-04 13:04:31,005] {spark_submit_hook.py:479} INFO - 22/08/04 13:04:31 INFO ShutdownHookManager: Deleting directory /tmp/spark-74b3b683-3315-4b21-a957-a4b7c7c93914/pyspark-3ed51220-6ff0-4ab6-9ded-3c7eba1fcdc6
[2022-08-04 13:04:31,066] {taskinstance.py:1150} ERROR - Cannot execute: /home/amadeus/Downloads/spark-3.3.0-bin-hadoop2/bin/spark-submit --master local --name twitter_transformation /home/amadeus/ama/airflow-pipeline-alura/datapipeline/spark/transfortmation.py --src /home/amadeus/airflow-pipeline-alura/datapipeline/datalake/bronze/twitter_flamengomalvadao/extract_date=2022-07-30 --dest /home/amadeus/airflow-pipeline-alura/datapipeline/datalake/silver/twitter_flamengomalvadao/ --process-date 2022-07-30. Error code is: 1.
Traceback (most recent call last):
  File "/home/amadeus/ama/airflow-pipeline-alura/datapipeline/.env/lib/python3.8/site-packages/airflow/models/taskinstance.py", line 984, in _run_raw_task
    result = task_copy.execute(context=context)
  File "/home/amadeus/ama/airflow-pipeline-alura/datapipeline/.env/lib/python3.8/site-packages/airflow/contrib/operators/spark_submit_operator.py", line 187, in execute
    self._hook.submit(self._application)
  File "/home/amadeus/ama/airflow-pipeline-alura/datapipeline/.env/lib/python3.8/site-packages/airflow/contrib/hooks/spark_submit_hook.py", line 403, in submit
    raise AirflowException(
airflow.exceptions.AirflowException: Cannot execute: /home/amadeus/Downloads/spark-3.3.0-bin-hadoop2/bin/spark-submit --master local --name twitter_transformation /home/amadeus/ama/airflow-pipeline-alura/datapipeline/spark/transfortmation.py --src /home/amadeus/airflow-pipeline-alura/datapipeline/datalake/bronze/twitter_flamengomalvadao/extract_date=2022-07-30 --dest /home/amadeus/airflow-pipeline-alura/datapipeline/datalake/silver/twitter_flamengomalvadao/ --process-date 2022-07-30. Error code is: 1.
[2022-08-04 13:04:31,068] {taskinstance.py:1187} INFO - Marking task as FAILED. dag_id=twitter_dag, task_id=transform_twitter_flamengomalvadao, execution_date=20220730T090000, start_date=20220804T160417, end_date=20220804T160431
[2022-08-04 13:04:31,868] {local_task_job.py:102} INFO - Task exited with return code 1
