[2022-08-04 17:18:32,466] {taskinstance.py:670} INFO - Dependencies all met for <TaskInstance: twitter_dag.transform_twitter_flamengomalvadao 2022-07-30T09:00:00+00:00 [queued]>
[2022-08-04 17:18:32,474] {taskinstance.py:670} INFO - Dependencies all met for <TaskInstance: twitter_dag.transform_twitter_flamengomalvadao 2022-07-30T09:00:00+00:00 [queued]>
[2022-08-04 17:18:32,474] {taskinstance.py:880} INFO - 
--------------------------------------------------------------------------------
[2022-08-04 17:18:32,474] {taskinstance.py:881} INFO - Starting attempt 7 of 7
[2022-08-04 17:18:32,474] {taskinstance.py:882} INFO - 
--------------------------------------------------------------------------------
[2022-08-04 17:18:32,680] {taskinstance.py:901} INFO - Executing <Task(SparkSubmitOperator): transform_twitter_flamengomalvadao> on 2022-07-30T09:00:00+00:00
[2022-08-04 17:18:32,685] {standard_task_runner.py:54} INFO - Started process 154669 to run task
[2022-08-04 17:18:32,751] {standard_task_runner.py:77} INFO - Running: ['airflow', 'run', 'twitter_dag', 'transform_twitter_flamengomalvadao', '2022-07-30T09:00:00+00:00', '--job_id', '92', '--pool', 'default_pool', '--raw', '-sd', 'DAGS_FOLDER/twitter_dag.py', '--cfg_path', '/tmp/tmplquuleb9']
[2022-08-04 17:18:32,751] {standard_task_runner.py:78} INFO - Job 92: Subtask transform_twitter_flamengomalvadao
[2022-08-04 17:18:32,984] {logging_mixin.py:112} INFO - Running <TaskInstance: twitter_dag.transform_twitter_flamengomalvadao 2022-07-30T09:00:00+00:00 [running]> on host ama
[2022-08-04 17:18:33,027] {base_hook.py:89} INFO - Using connection to: id: spark_default. Host: local, Port: None, Schema: None, Login: None, Password: None, extra: XXXXXXXX
[2022-08-04 17:18:33,028] {spark_submit_hook.py:325} INFO - Spark-Submit cmd: /home/amadeus/Downloads/spark-3.3.0-bin-hadoop2/bin/spark-submit --master local --name twitter_transformation /home/amadeus/ama/airflow-pipeline-alura/datapipeline/spark/transfortmation.py --src /home/amadeus/ama/airflow-pipeline-alura/datapipeline/datalake/bronze/twitter_flamengomalvadao/extract_date=2022-07-30 --dest /home/amadeus/ama/airflow-pipeline-alura/datapipeline/datalake/silver/twitter_flamengomalvadao/ --process-date 2022-07-30
[2022-08-04 17:18:34,613] {spark_submit_hook.py:479} INFO - 22/08/04 17:18:34 WARN Utils: Your hostname, ama resolves to a loopback address: 127.0.1.1; using 192.168.1.12 instead (on interface wlo1)
[2022-08-04 17:18:34,615] {spark_submit_hook.py:479} INFO - 22/08/04 17:18:34 WARN Utils: Set SPARK_LOCAL_IP if you need to bind to another address
[2022-08-04 17:18:35,534] {spark_submit_hook.py:479} INFO - 22/08/04 17:18:35 INFO SparkContext: Running Spark version 3.3.0
[2022-08-04 17:18:35,621] {spark_submit_hook.py:479} INFO - 22/08/04 17:18:35 WARN NativeCodeLoader: Unable to load native-hadoop library for your platform... using builtin-java classes where applicable
[2022-08-04 17:18:35,695] {spark_submit_hook.py:479} INFO - 22/08/04 17:18:35 INFO ResourceUtils: ==============================================================
[2022-08-04 17:18:35,695] {spark_submit_hook.py:479} INFO - 22/08/04 17:18:35 INFO ResourceUtils: No custom resources configured for spark.driver.
[2022-08-04 17:18:35,695] {spark_submit_hook.py:479} INFO - 22/08/04 17:18:35 INFO ResourceUtils: ==============================================================
[2022-08-04 17:18:35,696] {spark_submit_hook.py:479} INFO - 22/08/04 17:18:35 INFO SparkContext: Submitted application: twitter_transformation
[2022-08-04 17:18:35,712] {spark_submit_hook.py:479} INFO - 22/08/04 17:18:35 INFO ResourceProfile: Default ResourceProfile created, executor resources: Map(cores -> name: cores, amount: 1, script: , vendor: , memory -> name: memory, amount: 1024, script: , vendor: , offHeap -> name: offHeap, amount: 0, script: , vendor: ), task resources: Map(cpus -> name: cpus, amount: 1.0)
[2022-08-04 17:18:35,721] {spark_submit_hook.py:479} INFO - 22/08/04 17:18:35 INFO ResourceProfile: Limiting resource is cpu
[2022-08-04 17:18:35,722] {spark_submit_hook.py:479} INFO - 22/08/04 17:18:35 INFO ResourceProfileManager: Added ResourceProfile id: 0
[2022-08-04 17:18:35,761] {spark_submit_hook.py:479} INFO - 22/08/04 17:18:35 INFO SecurityManager: Changing view acls to: amadeus
[2022-08-04 17:18:35,761] {spark_submit_hook.py:479} INFO - 22/08/04 17:18:35 INFO SecurityManager: Changing modify acls to: amadeus
[2022-08-04 17:18:35,762] {spark_submit_hook.py:479} INFO - 22/08/04 17:18:35 INFO SecurityManager: Changing view acls groups to:
[2022-08-04 17:18:35,762] {spark_submit_hook.py:479} INFO - 22/08/04 17:18:35 INFO SecurityManager: Changing modify acls groups to:
[2022-08-04 17:18:35,762] {spark_submit_hook.py:479} INFO - 22/08/04 17:18:35 INFO SecurityManager: SecurityManager: authentication disabled; ui acls disabled; users  with view permissions: Set(amadeus); groups with view permissions: Set(); users  with modify permissions: Set(amadeus); groups with modify permissions: Set()
[2022-08-04 17:18:36,030] {spark_submit_hook.py:479} INFO - 22/08/04 17:18:36 INFO Utils: Successfully started service 'sparkDriver' on port 34715.
[2022-08-04 17:18:36,050] {spark_submit_hook.py:479} INFO - 22/08/04 17:18:36 INFO SparkEnv: Registering MapOutputTracker
[2022-08-04 17:18:36,078] {spark_submit_hook.py:479} INFO - 22/08/04 17:18:36 INFO SparkEnv: Registering BlockManagerMaster
[2022-08-04 17:18:36,093] {spark_submit_hook.py:479} INFO - 22/08/04 17:18:36 INFO BlockManagerMasterEndpoint: Using org.apache.spark.storage.DefaultTopologyMapper for getting topology information
[2022-08-04 17:18:36,094] {spark_submit_hook.py:479} INFO - 22/08/04 17:18:36 INFO BlockManagerMasterEndpoint: BlockManagerMasterEndpoint up
[2022-08-04 17:18:36,097] {spark_submit_hook.py:479} INFO - 22/08/04 17:18:36 INFO SparkEnv: Registering BlockManagerMasterHeartbeat
[2022-08-04 17:18:36,115] {spark_submit_hook.py:479} INFO - 22/08/04 17:18:36 INFO DiskBlockManager: Created local directory at /tmp/blockmgr-cc939af6-c50a-4927-a473-20d157964db6
[2022-08-04 17:18:36,132] {spark_submit_hook.py:479} INFO - 22/08/04 17:18:36 INFO MemoryStore: MemoryStore started with capacity 434.4 MiB
[2022-08-04 17:18:36,148] {spark_submit_hook.py:479} INFO - 22/08/04 17:18:36 INFO SparkEnv: Registering OutputCommitCoordinator
[2022-08-04 17:18:36,323] {spark_submit_hook.py:479} INFO - 22/08/04 17:18:36 WARN Utils: Service 'SparkUI' could not bind on port 4040. Attempting port 4041.
[2022-08-04 17:18:36,330] {spark_submit_hook.py:479} INFO - 22/08/04 17:18:36 INFO Utils: Successfully started service 'SparkUI' on port 4041.
[2022-08-04 17:18:36,422] {spark_submit_hook.py:479} INFO - 22/08/04 17:18:36 INFO Executor: Starting executor ID driver on host 192.168.1.12
[2022-08-04 17:18:36,428] {spark_submit_hook.py:479} INFO - 22/08/04 17:18:36 INFO Executor: Starting executor with user classpath (userClassPathFirst = false): ''
[2022-08-04 17:18:36,442] {spark_submit_hook.py:479} INFO - 22/08/04 17:18:36 INFO Utils: Successfully started service 'org.apache.spark.network.netty.NettyBlockTransferService' on port 44117.
[2022-08-04 17:18:36,442] {spark_submit_hook.py:479} INFO - 22/08/04 17:18:36 INFO NettyBlockTransferService: Server created on 192.168.1.12:44117
[2022-08-04 17:18:36,443] {spark_submit_hook.py:479} INFO - 22/08/04 17:18:36 INFO BlockManager: Using org.apache.spark.storage.RandomBlockReplicationPolicy for block replication policy
[2022-08-04 17:18:36,448] {spark_submit_hook.py:479} INFO - 22/08/04 17:18:36 INFO BlockManagerMaster: Registering BlockManager BlockManagerId(driver, 192.168.1.12, 44117, None)
[2022-08-04 17:18:36,451] {spark_submit_hook.py:479} INFO - 22/08/04 17:18:36 INFO BlockManagerMasterEndpoint: Registering block manager 192.168.1.12:44117 with 434.4 MiB RAM, BlockManagerId(driver, 192.168.1.12, 44117, None)
[2022-08-04 17:18:36,453] {spark_submit_hook.py:479} INFO - 22/08/04 17:18:36 INFO BlockManagerMaster: Registered BlockManager BlockManagerId(driver, 192.168.1.12, 44117, None)
[2022-08-04 17:18:36,454] {spark_submit_hook.py:479} INFO - 22/08/04 17:18:36 INFO BlockManager: Initialized BlockManager: BlockManagerId(driver, 192.168.1.12, 44117, None)
[2022-08-04 17:18:36,853] {spark_submit_hook.py:479} INFO - 22/08/04 17:18:36 INFO SharedState: Setting hive.metastore.warehouse.dir ('null') to the value of spark.sql.warehouse.dir.
[2022-08-04 17:18:36,856] {spark_submit_hook.py:479} INFO - 22/08/04 17:18:36 INFO SharedState: Warehouse path is 'file:/home/amadeus/ama/airflow-pipeline-alura/datapipeline/spark-warehouse'.
[2022-08-04 17:18:37,523] {spark_submit_hook.py:479} INFO - 22/08/04 17:18:37 INFO InMemoryFileIndex: It took 39 ms to list leaf files for 1 paths.
[2022-08-04 17:18:37,604] {spark_submit_hook.py:479} INFO - 22/08/04 17:18:37 INFO InMemoryFileIndex: It took 3 ms to list leaf files for 1 paths.
[2022-08-04 17:18:39,295] {spark_submit_hook.py:479} INFO - 22/08/04 17:18:39 INFO FileSourceStrategy: Pushed Filters:
[2022-08-04 17:18:39,296] {spark_submit_hook.py:479} INFO - 22/08/04 17:18:39 INFO FileSourceStrategy: Post-Scan Filters:
[2022-08-04 17:18:39,298] {spark_submit_hook.py:479} INFO - 22/08/04 17:18:39 INFO FileSourceStrategy: Output Data Schema: struct<value: string>
[2022-08-04 17:18:39,552] {spark_submit_hook.py:479} INFO - 22/08/04 17:18:39 INFO MemoryStore: Block broadcast_0 stored as values in memory (estimated size 173.7 KiB, free 434.2 MiB)
[2022-08-04 17:18:39,591] {spark_submit_hook.py:479} INFO - 22/08/04 17:18:39 INFO MemoryStore: Block broadcast_0_piece0 stored as bytes in memory (estimated size 24.7 KiB, free 434.2 MiB)
[2022-08-04 17:18:39,593] {spark_submit_hook.py:479} INFO - 22/08/04 17:18:39 INFO BlockManagerInfo: Added broadcast_0_piece0 in memory on 192.168.1.12:44117 (size: 24.7 KiB, free: 434.4 MiB)
[2022-08-04 17:18:39,597] {spark_submit_hook.py:479} INFO - 22/08/04 17:18:39 INFO SparkContext: Created broadcast 0 from json at NativeMethodAccessorImpl.java:0
[2022-08-04 17:18:39,604] {spark_submit_hook.py:479} INFO - 22/08/04 17:18:39 INFO FileSourceScanExec: Planning scan with bin packing, max size: 4224639 bytes, open cost is considered as scanning 4194304 bytes.
[2022-08-04 17:18:39,773] {spark_submit_hook.py:479} INFO - 22/08/04 17:18:39 INFO SparkContext: Starting job: json at NativeMethodAccessorImpl.java:0
[2022-08-04 17:18:39,785] {spark_submit_hook.py:479} INFO - 22/08/04 17:18:39 INFO DAGScheduler: Got job 0 (json at NativeMethodAccessorImpl.java:0) with 1 output partitions
[2022-08-04 17:18:39,786] {spark_submit_hook.py:479} INFO - 22/08/04 17:18:39 INFO DAGScheduler: Final stage: ResultStage 0 (json at NativeMethodAccessorImpl.java:0)
[2022-08-04 17:18:39,786] {spark_submit_hook.py:479} INFO - 22/08/04 17:18:39 INFO DAGScheduler: Parents of final stage: List()
[2022-08-04 17:18:39,787] {spark_submit_hook.py:479} INFO - 22/08/04 17:18:39 INFO DAGScheduler: Missing parents: List()
[2022-08-04 17:18:39,790] {spark_submit_hook.py:479} INFO - 22/08/04 17:18:39 INFO DAGScheduler: Submitting ResultStage 0 (MapPartitionsRDD[3] at json at NativeMethodAccessorImpl.java:0), which has no missing parents
[2022-08-04 17:18:39,863] {spark_submit_hook.py:479} INFO - 22/08/04 17:18:39 INFO MemoryStore: Block broadcast_1 stored as values in memory (estimated size 14.5 KiB, free 434.2 MiB)
[2022-08-04 17:18:39,864] {spark_submit_hook.py:479} INFO - 22/08/04 17:18:39 INFO MemoryStore: Block broadcast_1_piece0 stored as bytes in memory (estimated size 7.0 KiB, free 434.2 MiB)
[2022-08-04 17:18:39,865] {spark_submit_hook.py:479} INFO - 22/08/04 17:18:39 INFO BlockManagerInfo: Added broadcast_1_piece0 in memory on 192.168.1.12:44117 (size: 7.0 KiB, free: 434.4 MiB)
[2022-08-04 17:18:39,866] {spark_submit_hook.py:479} INFO - 22/08/04 17:18:39 INFO SparkContext: Created broadcast 1 from broadcast at DAGScheduler.scala:1513
[2022-08-04 17:18:39,876] {spark_submit_hook.py:479} INFO - 22/08/04 17:18:39 INFO DAGScheduler: Submitting 1 missing tasks from ResultStage 0 (MapPartitionsRDD[3] at json at NativeMethodAccessorImpl.java:0) (first 15 tasks are for partitions Vector(0))
[2022-08-04 17:18:39,877] {spark_submit_hook.py:479} INFO - 22/08/04 17:18:39 INFO TaskSchedulerImpl: Adding task set 0.0 with 1 tasks resource profile 0
[2022-08-04 17:18:39,918] {spark_submit_hook.py:479} INFO - 22/08/04 17:18:39 INFO TaskSetManager: Starting task 0.0 in stage 0.0 (TID 0) (192.168.1.12, executor driver, partition 0, PROCESS_LOCAL, 5027 bytes) taskResourceAssignments Map()
[2022-08-04 17:18:39,934] {spark_submit_hook.py:479} INFO - 22/08/04 17:18:39 INFO Executor: Running task 0.0 in stage 0.0 (TID 0)
[2022-08-04 17:18:40,163] {spark_submit_hook.py:479} INFO - 22/08/04 17:18:40 INFO FileScanRDD: Reading File path: file:///home/amadeus/ama/airflow-pipeline-alura/datapipeline/datalake/bronze/twitter_flamengomalvadao/extract_date=2022-07-30/FlamengoMalvadao_20220730.json, range: 0-30335, partition values: [empty row]
[2022-08-04 17:18:40,333] {spark_submit_hook.py:479} INFO - 22/08/04 17:18:40 INFO CodeGenerator: Code generated in 139.925518 ms
[2022-08-04 17:18:40,377] {spark_submit_hook.py:479} INFO - 22/08/04 17:18:40 INFO Executor: Finished task 0.0 in stage 0.0 (TID 0). 2784 bytes result sent to driver
[2022-08-04 17:18:40,383] {spark_submit_hook.py:479} INFO - 22/08/04 17:18:40 INFO TaskSetManager: Finished task 0.0 in stage 0.0 (TID 0) in 473 ms on 192.168.1.12 (executor driver) (1/1)
[2022-08-04 17:18:40,385] {spark_submit_hook.py:479} INFO - 22/08/04 17:18:40 INFO TaskSchedulerImpl: Removed TaskSet 0.0, whose tasks have all completed, from pool
[2022-08-04 17:18:40,389] {spark_submit_hook.py:479} INFO - 22/08/04 17:18:40 INFO DAGScheduler: ResultStage 0 (json at NativeMethodAccessorImpl.java:0) finished in 0,589 s
[2022-08-04 17:18:40,392] {spark_submit_hook.py:479} INFO - 22/08/04 17:18:40 INFO DAGScheduler: Job 0 is finished. Cancelling potential speculative or zombie tasks for this job
[2022-08-04 17:18:40,392] {spark_submit_hook.py:479} INFO - 22/08/04 17:18:40 INFO TaskSchedulerImpl: Killing all running tasks in stage 0: Stage finished
[2022-08-04 17:18:40,394] {spark_submit_hook.py:479} INFO - 22/08/04 17:18:40 INFO DAGScheduler: Job 0 finished: json at NativeMethodAccessorImpl.java:0, took 0,620758 s
[2022-08-04 17:18:40,634] {spark_submit_hook.py:479} INFO - Traceback (most recent call last):
[2022-08-04 17:18:40,634] {spark_submit_hook.py:479} INFO - File "/home/amadeus/ama/airflow-pipeline-alura/datapipeline/spark/transfortmation.py", line 50, in <module>
[2022-08-04 17:18:40,634] {spark_submit_hook.py:479} INFO - twitter_transform(spark, args.src, args.dest, args.process_date)
[2022-08-04 17:18:40,634] {spark_submit_hook.py:479} INFO - File "/home/amadeus/ama/airflow-pipeline-alura/datapipeline/spark/transfortmation.py", line 28, in twitter_transform
[2022-08-04 17:18:40,634] {spark_submit_hook.py:479} INFO - tweet_df = get_tweets_data(df)
[2022-08-04 17:18:40,634] {spark_submit_hook.py:479} INFO - File "/home/amadeus/ama/airflow-pipeline-alura/datapipeline/spark/transfortmation.py", line 8, in get_tweets_data
[2022-08-04 17:18:40,634] {spark_submit_hook.py:479} INFO - return df\
[2022-08-04 17:18:40,634] {spark_submit_hook.py:479} INFO - File "/home/amadeus/Downloads/spark-3.3.0-bin-hadoop2/python/lib/pyspark.zip/pyspark/sql/dataframe.py", line 2023, in select
[2022-08-04 17:18:40,634] {spark_submit_hook.py:479} INFO - File "/home/amadeus/Downloads/spark-3.3.0-bin-hadoop2/python/lib/py4j-0.10.9.5-src.zip/py4j/java_gateway.py", line 1321, in __call__
[2022-08-04 17:18:40,634] {spark_submit_hook.py:479} INFO - File "/home/amadeus/Downloads/spark-3.3.0-bin-hadoop2/python/lib/pyspark.zip/pyspark/sql/utils.py", line 196, in deco
[2022-08-04 17:18:40,639] {spark_submit_hook.py:479} INFO - pyspark.sql.utils.AnalysisException: No such struct field in_reply_to_user_id in author_id, conversation_id, created_at, id, public_metrics, text
[2022-08-04 17:18:40,669] {spark_submit_hook.py:479} INFO - 22/08/04 17:18:40 INFO SparkContext: Invoking stop() from shutdown hook
[2022-08-04 17:18:40,678] {spark_submit_hook.py:479} INFO - 22/08/04 17:18:40 INFO SparkUI: Stopped Spark web UI at http://192.168.1.12:4041
[2022-08-04 17:18:40,689] {spark_submit_hook.py:479} INFO - 22/08/04 17:18:40 INFO MapOutputTrackerMasterEndpoint: MapOutputTrackerMasterEndpoint stopped!
[2022-08-04 17:18:40,696] {spark_submit_hook.py:479} INFO - 22/08/04 17:18:40 INFO MemoryStore: MemoryStore cleared
[2022-08-04 17:18:40,696] {spark_submit_hook.py:479} INFO - 22/08/04 17:18:40 INFO BlockManager: BlockManager stopped
[2022-08-04 17:18:40,704] {spark_submit_hook.py:479} INFO - 22/08/04 17:18:40 INFO BlockManagerMaster: BlockManagerMaster stopped
[2022-08-04 17:18:40,706] {spark_submit_hook.py:479} INFO - 22/08/04 17:18:40 INFO OutputCommitCoordinator$OutputCommitCoordinatorEndpoint: OutputCommitCoordinator stopped!
[2022-08-04 17:18:40,709] {spark_submit_hook.py:479} INFO - 22/08/04 17:18:40 INFO SparkContext: Successfully stopped SparkContext
[2022-08-04 17:18:40,710] {spark_submit_hook.py:479} INFO - 22/08/04 17:18:40 INFO ShutdownHookManager: Shutdown hook called
[2022-08-04 17:18:40,710] {spark_submit_hook.py:479} INFO - 22/08/04 17:18:40 INFO ShutdownHookManager: Deleting directory /tmp/spark-0d9d45d7-295a-476f-9f88-a19d9dc150af/pyspark-c14e224e-4c06-4e18-ad48-d5460ca94c4a
[2022-08-04 17:18:40,712] {spark_submit_hook.py:479} INFO - 22/08/04 17:18:40 INFO ShutdownHookManager: Deleting directory /tmp/spark-0d9d45d7-295a-476f-9f88-a19d9dc150af
[2022-08-04 17:18:40,713] {spark_submit_hook.py:479} INFO - 22/08/04 17:18:40 INFO ShutdownHookManager: Deleting directory /tmp/spark-6a6e19ad-ae9d-4cac-820b-beab3d612322
[2022-08-04 17:18:40,780] {taskinstance.py:1150} ERROR - Cannot execute: /home/amadeus/Downloads/spark-3.3.0-bin-hadoop2/bin/spark-submit --master local --name twitter_transformation /home/amadeus/ama/airflow-pipeline-alura/datapipeline/spark/transfortmation.py --src /home/amadeus/ama/airflow-pipeline-alura/datapipeline/datalake/bronze/twitter_flamengomalvadao/extract_date=2022-07-30 --dest /home/amadeus/ama/airflow-pipeline-alura/datapipeline/datalake/silver/twitter_flamengomalvadao/ --process-date 2022-07-30. Error code is: 1.
Traceback (most recent call last):
  File "/home/amadeus/ama/airflow-pipeline-alura/datapipeline/.env/lib/python3.8/site-packages/airflow/models/taskinstance.py", line 984, in _run_raw_task
    result = task_copy.execute(context=context)
  File "/home/amadeus/ama/airflow-pipeline-alura/datapipeline/.env/lib/python3.8/site-packages/airflow/contrib/operators/spark_submit_operator.py", line 187, in execute
    self._hook.submit(self._application)
  File "/home/amadeus/ama/airflow-pipeline-alura/datapipeline/.env/lib/python3.8/site-packages/airflow/contrib/hooks/spark_submit_hook.py", line 403, in submit
    raise AirflowException(
airflow.exceptions.AirflowException: Cannot execute: /home/amadeus/Downloads/spark-3.3.0-bin-hadoop2/bin/spark-submit --master local --name twitter_transformation /home/amadeus/ama/airflow-pipeline-alura/datapipeline/spark/transfortmation.py --src /home/amadeus/ama/airflow-pipeline-alura/datapipeline/datalake/bronze/twitter_flamengomalvadao/extract_date=2022-07-30 --dest /home/amadeus/ama/airflow-pipeline-alura/datapipeline/datalake/silver/twitter_flamengomalvadao/ --process-date 2022-07-30. Error code is: 1.
[2022-08-04 17:18:40,781] {taskinstance.py:1187} INFO - Marking task as FAILED. dag_id=twitter_dag, task_id=transform_twitter_flamengomalvadao, execution_date=20220730T090000, start_date=20220804T201832, end_date=20220804T201840
[2022-08-04 17:18:42,288] {local_task_job.py:102} INFO - Task exited with return code 1
