[2022-08-08 19:55:13,197] {taskinstance.py:670} INFO - Dependencies all met for <TaskInstance: twitter_dag.transform_twitter_flamengomalvadao 2022-08-07T09:00:00+00:00 [queued]>
[2022-08-08 19:55:13,219] {taskinstance.py:670} INFO - Dependencies all met for <TaskInstance: twitter_dag.transform_twitter_flamengomalvadao 2022-08-07T09:00:00+00:00 [queued]>
[2022-08-08 19:55:13,220] {taskinstance.py:880} INFO - 
--------------------------------------------------------------------------------
[2022-08-08 19:55:13,220] {taskinstance.py:881} INFO - Starting attempt 1 of 1
[2022-08-08 19:55:13,220] {taskinstance.py:882} INFO - 
--------------------------------------------------------------------------------
[2022-08-08 19:55:13,421] {taskinstance.py:901} INFO - Executing <Task(SparkSubmitOperator): transform_twitter_flamengomalvadao> on 2022-08-07T09:00:00+00:00
[2022-08-08 19:55:13,426] {standard_task_runner.py:54} INFO - Started process 172577 to run task
[2022-08-08 19:55:13,552] {standard_task_runner.py:77} INFO - Running: ['airflow', 'run', 'twitter_dag', 'transform_twitter_flamengomalvadao', '2022-08-07T09:00:00+00:00', '--job_id', '129', '--pool', 'default_pool', '--raw', '-sd', 'DAGS_FOLDER/twitter_dag.py', '--cfg_path', '/tmp/tmppjpe0ut5']
[2022-08-08 19:55:13,553] {standard_task_runner.py:78} INFO - Job 129: Subtask transform_twitter_flamengomalvadao
[2022-08-08 19:55:13,865] {logging_mixin.py:112} INFO - Running <TaskInstance: twitter_dag.transform_twitter_flamengomalvadao 2022-08-07T09:00:00+00:00 [running]> on host ama
[2022-08-08 19:55:13,974] {base_hook.py:89} INFO - Using connection to: id: spark_default. Host: local, Port: None, Schema: None, Login: None, Password: None, extra: XXXXXXXX
[2022-08-08 19:55:13,976] {spark_submit_hook.py:325} INFO - Spark-Submit cmd: /home/amadeus/Downloads/spark-3.3.0-bin-hadoop2/bin/spark-submit --master local --name twitter_transformation /home/amadeus/ama/airflow-pipeline-alura/datapipeline/spark/transfortmation.py --src /home/amadeus/ama/airflow-pipeline-alura/datapipeline/datalake/bronze/twitter_flamengomalvadao/extract_date=2022-08-07 --dest /home/amadeus/ama/airflow-pipeline-alura/datapipeline/datalake/silver/twitter_flamengomalvadao/ --process-date 2022-08-07
[2022-08-08 19:55:16,031] {spark_submit_hook.py:479} INFO - 22/08/08 19:55:16 WARN Utils: Your hostname, ama resolves to a loopback address: 127.0.1.1; using 192.168.0.20 instead (on interface wlo1)
[2022-08-08 19:55:16,034] {spark_submit_hook.py:479} INFO - 22/08/08 19:55:16 WARN Utils: Set SPARK_LOCAL_IP if you need to bind to another address
[2022-08-08 19:55:17,351] {spark_submit_hook.py:479} INFO - 22/08/08 19:55:17 INFO SparkContext: Running Spark version 3.3.0
[2022-08-08 19:55:17,496] {spark_submit_hook.py:479} INFO - 22/08/08 19:55:17 WARN NativeCodeLoader: Unable to load native-hadoop library for your platform... using builtin-java classes where applicable
[2022-08-08 19:55:17,622] {spark_submit_hook.py:479} INFO - 22/08/08 19:55:17 INFO ResourceUtils: ==============================================================
[2022-08-08 19:55:17,623] {spark_submit_hook.py:479} INFO - 22/08/08 19:55:17 INFO ResourceUtils: No custom resources configured for spark.driver.
[2022-08-08 19:55:17,623] {spark_submit_hook.py:479} INFO - 22/08/08 19:55:17 INFO ResourceUtils: ==============================================================
[2022-08-08 19:55:17,624] {spark_submit_hook.py:479} INFO - 22/08/08 19:55:17 INFO SparkContext: Submitted application: twitter_transformation
[2022-08-08 19:55:17,654] {spark_submit_hook.py:479} INFO - 22/08/08 19:55:17 INFO ResourceProfile: Default ResourceProfile created, executor resources: Map(cores -> name: cores, amount: 1, script: , vendor: , memory -> name: memory, amount: 1024, script: , vendor: , offHeap -> name: offHeap, amount: 0, script: , vendor: ), task resources: Map(cpus -> name: cpus, amount: 1.0)
[2022-08-08 19:55:17,672] {spark_submit_hook.py:479} INFO - 22/08/08 19:55:17 INFO ResourceProfile: Limiting resource is cpu
[2022-08-08 19:55:17,673] {spark_submit_hook.py:479} INFO - 22/08/08 19:55:17 INFO ResourceProfileManager: Added ResourceProfile id: 0
[2022-08-08 19:55:17,762] {spark_submit_hook.py:479} INFO - 22/08/08 19:55:17 INFO SecurityManager: Changing view acls to: amadeus
[2022-08-08 19:55:17,763] {spark_submit_hook.py:479} INFO - 22/08/08 19:55:17 INFO SecurityManager: Changing modify acls to: amadeus
[2022-08-08 19:55:17,763] {spark_submit_hook.py:479} INFO - 22/08/08 19:55:17 INFO SecurityManager: Changing view acls groups to:
[2022-08-08 19:55:17,764] {spark_submit_hook.py:479} INFO - 22/08/08 19:55:17 INFO SecurityManager: Changing modify acls groups to:
[2022-08-08 19:55:17,764] {spark_submit_hook.py:479} INFO - 22/08/08 19:55:17 INFO SecurityManager: SecurityManager: authentication disabled; ui acls disabled; users  with view permissions: Set(amadeus); groups with view permissions: Set(); users  with modify permissions: Set(amadeus); groups with modify permissions: Set()
[2022-08-08 19:55:18,143] {spark_submit_hook.py:479} INFO - 22/08/08 19:55:18 INFO Utils: Successfully started service 'sparkDriver' on port 43957.
[2022-08-08 19:55:18,183] {spark_submit_hook.py:479} INFO - 22/08/08 19:55:18 INFO SparkEnv: Registering MapOutputTracker
[2022-08-08 19:55:18,241] {spark_submit_hook.py:479} INFO - 22/08/08 19:55:18 INFO SparkEnv: Registering BlockManagerMaster
[2022-08-08 19:55:18,269] {spark_submit_hook.py:479} INFO - 22/08/08 19:55:18 INFO BlockManagerMasterEndpoint: Using org.apache.spark.storage.DefaultTopologyMapper for getting topology information
[2022-08-08 19:55:18,270] {spark_submit_hook.py:479} INFO - 22/08/08 19:55:18 INFO BlockManagerMasterEndpoint: BlockManagerMasterEndpoint up
[2022-08-08 19:55:18,276] {spark_submit_hook.py:479} INFO - 22/08/08 19:55:18 INFO SparkEnv: Registering BlockManagerMasterHeartbeat
[2022-08-08 19:55:18,312] {spark_submit_hook.py:479} INFO - 22/08/08 19:55:18 INFO DiskBlockManager: Created local directory at /tmp/blockmgr-563ddf49-455d-421c-81b6-b8c0865dbf27
[2022-08-08 19:55:18,338] {spark_submit_hook.py:479} INFO - 22/08/08 19:55:18 INFO MemoryStore: MemoryStore started with capacity 434.4 MiB
[2022-08-08 19:55:18,363] {spark_submit_hook.py:479} INFO - 22/08/08 19:55:18 INFO SparkEnv: Registering OutputCommitCoordinator
[2022-08-08 19:55:18,681] {spark_submit_hook.py:479} INFO - 22/08/08 19:55:18 WARN Utils: Service 'SparkUI' could not bind on port 4040. Attempting port 4041.
[2022-08-08 19:55:18,691] {spark_submit_hook.py:479} INFO - 22/08/08 19:55:18 INFO Utils: Successfully started service 'SparkUI' on port 4041.
[2022-08-08 19:55:18,860] {spark_submit_hook.py:479} INFO - 22/08/08 19:55:18 INFO Executor: Starting executor ID driver on host 192.168.0.20
[2022-08-08 19:55:18,869] {spark_submit_hook.py:479} INFO - 22/08/08 19:55:18 INFO Executor: Starting executor with user classpath (userClassPathFirst = false): ''
[2022-08-08 19:55:18,893] {spark_submit_hook.py:479} INFO - 22/08/08 19:55:18 INFO Utils: Successfully started service 'org.apache.spark.network.netty.NettyBlockTransferService' on port 40237.
[2022-08-08 19:55:18,893] {spark_submit_hook.py:479} INFO - 22/08/08 19:55:18 INFO NettyBlockTransferService: Server created on 192.168.0.20:40237
[2022-08-08 19:55:18,895] {spark_submit_hook.py:479} INFO - 22/08/08 19:55:18 INFO BlockManager: Using org.apache.spark.storage.RandomBlockReplicationPolicy for block replication policy
[2022-08-08 19:55:18,903] {spark_submit_hook.py:479} INFO - 22/08/08 19:55:18 INFO BlockManagerMaster: Registering BlockManager BlockManagerId(driver, 192.168.0.20, 40237, None)
[2022-08-08 19:55:18,908] {spark_submit_hook.py:479} INFO - 22/08/08 19:55:18 INFO BlockManagerMasterEndpoint: Registering block manager 192.168.0.20:40237 with 434.4 MiB RAM, BlockManagerId(driver, 192.168.0.20, 40237, None)
[2022-08-08 19:55:18,911] {spark_submit_hook.py:479} INFO - 22/08/08 19:55:18 INFO BlockManagerMaster: Registered BlockManager BlockManagerId(driver, 192.168.0.20, 40237, None)
[2022-08-08 19:55:18,912] {spark_submit_hook.py:479} INFO - 22/08/08 19:55:18 INFO BlockManager: Initialized BlockManager: BlockManagerId(driver, 192.168.0.20, 40237, None)
[2022-08-08 19:55:19,503] {spark_submit_hook.py:479} INFO - 22/08/08 19:55:19 INFO SharedState: Setting hive.metastore.warehouse.dir ('null') to the value of spark.sql.warehouse.dir.
[2022-08-08 19:55:19,508] {spark_submit_hook.py:479} INFO - 22/08/08 19:55:19 INFO SharedState: Warehouse path is 'file:/home/amadeus/ama/airflow-pipeline-alura/datapipeline/spark-warehouse'.
[2022-08-08 19:55:20,483] {spark_submit_hook.py:479} INFO - 22/08/08 19:55:20 INFO InMemoryFileIndex: It took 48 ms to list leaf files for 1 paths.
[2022-08-08 19:55:20,566] {spark_submit_hook.py:479} INFO - 22/08/08 19:55:20 INFO InMemoryFileIndex: It took 2 ms to list leaf files for 1 paths.
[2022-08-08 19:55:22,960] {spark_submit_hook.py:479} INFO - 22/08/08 19:55:22 INFO FileSourceStrategy: Pushed Filters:
[2022-08-08 19:55:22,961] {spark_submit_hook.py:479} INFO - 22/08/08 19:55:22 INFO FileSourceStrategy: Post-Scan Filters:
[2022-08-08 19:55:22,965] {spark_submit_hook.py:479} INFO - 22/08/08 19:55:22 INFO FileSourceStrategy: Output Data Schema: struct<value: string>
[2022-08-08 19:55:23,277] {spark_submit_hook.py:479} INFO - 22/08/08 19:55:23 INFO MemoryStore: Block broadcast_0 stored as values in memory (estimated size 173.7 KiB, free 434.2 MiB)
[2022-08-08 19:55:23,339] {spark_submit_hook.py:479} INFO - 22/08/08 19:55:23 INFO MemoryStore: Block broadcast_0_piece0 stored as bytes in memory (estimated size 24.7 KiB, free 434.2 MiB)
[2022-08-08 19:55:23,343] {spark_submit_hook.py:479} INFO - 22/08/08 19:55:23 INFO BlockManagerInfo: Added broadcast_0_piece0 in memory on 192.168.0.20:40237 (size: 24.7 KiB, free: 434.4 MiB)
[2022-08-08 19:55:23,349] {spark_submit_hook.py:479} INFO - 22/08/08 19:55:23 INFO SparkContext: Created broadcast 0 from json at NativeMethodAccessorImpl.java:0
[2022-08-08 19:55:23,377] {spark_submit_hook.py:479} INFO - 22/08/08 19:55:23 INFO FileSourceScanExec: Planning scan with bin packing, max size: 4228717 bytes, open cost is considered as scanning 4194304 bytes.
[2022-08-08 19:55:23,618] {spark_submit_hook.py:479} INFO - 22/08/08 19:55:23 INFO SparkContext: Starting job: json at NativeMethodAccessorImpl.java:0
[2022-08-08 19:55:23,641] {spark_submit_hook.py:479} INFO - 22/08/08 19:55:23 INFO DAGScheduler: Got job 0 (json at NativeMethodAccessorImpl.java:0) with 1 output partitions
[2022-08-08 19:55:23,642] {spark_submit_hook.py:479} INFO - 22/08/08 19:55:23 INFO DAGScheduler: Final stage: ResultStage 0 (json at NativeMethodAccessorImpl.java:0)
[2022-08-08 19:55:23,642] {spark_submit_hook.py:479} INFO - 22/08/08 19:55:23 INFO DAGScheduler: Parents of final stage: List()
[2022-08-08 19:55:23,645] {spark_submit_hook.py:479} INFO - 22/08/08 19:55:23 INFO DAGScheduler: Missing parents: List()
[2022-08-08 19:55:23,650] {spark_submit_hook.py:479} INFO - 22/08/08 19:55:23 INFO DAGScheduler: Submitting ResultStage 0 (MapPartitionsRDD[3] at json at NativeMethodAccessorImpl.java:0), which has no missing parents
[2022-08-08 19:55:23,764] {spark_submit_hook.py:479} INFO - 22/08/08 19:55:23 INFO MemoryStore: Block broadcast_1 stored as values in memory (estimated size 14.5 KiB, free 434.2 MiB)
[2022-08-08 19:55:23,767] {spark_submit_hook.py:479} INFO - 22/08/08 19:55:23 INFO MemoryStore: Block broadcast_1_piece0 stored as bytes in memory (estimated size 7.0 KiB, free 434.2 MiB)
[2022-08-08 19:55:23,768] {spark_submit_hook.py:479} INFO - 22/08/08 19:55:23 INFO BlockManagerInfo: Added broadcast_1_piece0 in memory on 192.168.0.20:40237 (size: 7.0 KiB, free: 434.4 MiB)
[2022-08-08 19:55:23,769] {spark_submit_hook.py:479} INFO - 22/08/08 19:55:23 INFO SparkContext: Created broadcast 1 from broadcast at DAGScheduler.scala:1513
[2022-08-08 19:55:23,784] {spark_submit_hook.py:479} INFO - 22/08/08 19:55:23 INFO DAGScheduler: Submitting 1 missing tasks from ResultStage 0 (MapPartitionsRDD[3] at json at NativeMethodAccessorImpl.java:0) (first 15 tasks are for partitions Vector(0))
[2022-08-08 19:55:23,786] {spark_submit_hook.py:479} INFO - 22/08/08 19:55:23 INFO TaskSchedulerImpl: Adding task set 0.0 with 1 tasks resource profile 0
[2022-08-08 19:55:23,845] {spark_submit_hook.py:479} INFO - 22/08/08 19:55:23 INFO TaskSetManager: Starting task 0.0 in stage 0.0 (TID 0) (192.168.0.20, executor driver, partition 0, PROCESS_LOCAL, 5027 bytes) taskResourceAssignments Map()
[2022-08-08 19:55:23,863] {spark_submit_hook.py:479} INFO - 22/08/08 19:55:23 INFO Executor: Running task 0.0 in stage 0.0 (TID 0)
[2022-08-08 19:55:24,040] {spark_submit_hook.py:479} INFO - 22/08/08 19:55:24 INFO FileScanRDD: Reading File path: file:///home/amadeus/ama/airflow-pipeline-alura/datapipeline/datalake/bronze/twitter_flamengomalvadao/extract_date=2022-08-07/FlamengoMalvadao_20220807.json, range: 0-34413, partition values: [empty row]
[2022-08-08 19:55:24,305] {spark_submit_hook.py:479} INFO - 22/08/08 19:55:24 INFO CodeGenerator: Code generated in 216.076839 ms
[2022-08-08 19:55:24,374] {spark_submit_hook.py:479} INFO - 22/08/08 19:55:24 INFO Executor: Finished task 0.0 in stage 0.0 (TID 0). 2823 bytes result sent to driver
[2022-08-08 19:55:24,384] {spark_submit_hook.py:479} INFO - 22/08/08 19:55:24 INFO TaskSetManager: Finished task 0.0 in stage 0.0 (TID 0) in 551 ms on 192.168.0.20 (executor driver) (1/1)
[2022-08-08 19:55:24,386] {spark_submit_hook.py:479} INFO - 22/08/08 19:55:24 INFO TaskSchedulerImpl: Removed TaskSet 0.0, whose tasks have all completed, from pool
[2022-08-08 19:55:24,394] {spark_submit_hook.py:479} INFO - 22/08/08 19:55:24 INFO DAGScheduler: ResultStage 0 (json at NativeMethodAccessorImpl.java:0) finished in 0,726 s
[2022-08-08 19:55:24,398] {spark_submit_hook.py:479} INFO - 22/08/08 19:55:24 INFO DAGScheduler: Job 0 is finished. Cancelling potential speculative or zombie tasks for this job
[2022-08-08 19:55:24,399] {spark_submit_hook.py:479} INFO - 22/08/08 19:55:24 INFO TaskSchedulerImpl: Killing all running tasks in stage 0: Stage finished
[2022-08-08 19:55:24,402] {spark_submit_hook.py:479} INFO - 22/08/08 19:55:24 INFO DAGScheduler: Job 0 finished: json at NativeMethodAccessorImpl.java:0, took 0,783273 s
[2022-08-08 19:55:24,929] {spark_submit_hook.py:479} INFO - 22/08/08 19:55:24 INFO FileSourceStrategy: Pushed Filters: IsNotNull(data)
[2022-08-08 19:55:24,932] {spark_submit_hook.py:479} INFO - 22/08/08 19:55:24 INFO FileSourceStrategy: Post-Scan Filters: (size(data#8, true) > 0),isnotnull(data#8)
[2022-08-08 19:55:24,933] {spark_submit_hook.py:479} INFO - 22/08/08 19:55:24 INFO FileSourceStrategy: Output Data Schema: struct<data: array<struct<author_id:string,conversation_id:string,created_at:string,id:string,in_reply_to_user_id:string,public_metrics:struct<like_count:bigint,quote_count:bigint,reply_count:bigint,retweet_count:bigint>,text:string>>>
[2022-08-08 19:55:24,943] {spark_submit_hook.py:479} INFO - 22/08/08 19:55:24 INFO BlockManagerInfo: Removed broadcast_0_piece0 on 192.168.0.20:40237 in memory (size: 24.7 KiB, free: 434.4 MiB)
[2022-08-08 19:55:24,951] {spark_submit_hook.py:479} INFO - 22/08/08 19:55:24 INFO BlockManagerInfo: Removed broadcast_1_piece0 on 192.168.0.20:40237 in memory (size: 7.0 KiB, free: 434.4 MiB)
[2022-08-08 19:55:25,025] {spark_submit_hook.py:479} INFO - 22/08/08 19:55:25 INFO FileOutputCommitter: File Output Committer Algorithm version is 1
[2022-08-08 19:55:25,027] {spark_submit_hook.py:479} INFO - 22/08/08 19:55:25 INFO SQLHadoopMapReduceCommitProtocol: Using output committer class org.apache.hadoop.mapreduce.lib.output.FileOutputCommitter
[2022-08-08 19:55:25,227] {spark_submit_hook.py:479} INFO - 22/08/08 19:55:25 INFO CodeGenerator: Code generated in 115.794221 ms
[2022-08-08 19:55:25,234] {spark_submit_hook.py:479} INFO - 22/08/08 19:55:25 INFO MemoryStore: Block broadcast_2 stored as values in memory (estimated size 173.5 KiB, free 434.2 MiB)
[2022-08-08 19:55:25,245] {spark_submit_hook.py:479} INFO - 22/08/08 19:55:25 INFO MemoryStore: Block broadcast_2_piece0 stored as bytes in memory (estimated size 24.6 KiB, free 434.2 MiB)
[2022-08-08 19:55:25,246] {spark_submit_hook.py:479} INFO - 22/08/08 19:55:25 INFO BlockManagerInfo: Added broadcast_2_piece0 in memory on 192.168.0.20:40237 (size: 24.6 KiB, free: 434.4 MiB)
[2022-08-08 19:55:25,248] {spark_submit_hook.py:479} INFO - 22/08/08 19:55:25 INFO SparkContext: Created broadcast 2 from json at NativeMethodAccessorImpl.java:0
[2022-08-08 19:55:25,251] {spark_submit_hook.py:479} INFO - 22/08/08 19:55:25 INFO FileSourceScanExec: Planning scan with bin packing, max size: 4228717 bytes, open cost is considered as scanning 4194304 bytes.
[2022-08-08 19:55:25,335] {spark_submit_hook.py:479} INFO - 22/08/08 19:55:25 INFO SparkContext: Starting job: json at NativeMethodAccessorImpl.java:0
[2022-08-08 19:55:25,337] {spark_submit_hook.py:479} INFO - 22/08/08 19:55:25 INFO DAGScheduler: Got job 1 (json at NativeMethodAccessorImpl.java:0) with 1 output partitions
[2022-08-08 19:55:25,337] {spark_submit_hook.py:479} INFO - 22/08/08 19:55:25 INFO DAGScheduler: Final stage: ResultStage 1 (json at NativeMethodAccessorImpl.java:0)
[2022-08-08 19:55:25,337] {spark_submit_hook.py:479} INFO - 22/08/08 19:55:25 INFO DAGScheduler: Parents of final stage: List()
[2022-08-08 19:55:25,338] {spark_submit_hook.py:479} INFO - 22/08/08 19:55:25 INFO DAGScheduler: Missing parents: List()
[2022-08-08 19:55:25,340] {spark_submit_hook.py:479} INFO - 22/08/08 19:55:25 INFO DAGScheduler: Submitting ResultStage 1 (CoalescedRDD[7] at json at NativeMethodAccessorImpl.java:0), which has no missing parents
[2022-08-08 19:55:25,368] {spark_submit_hook.py:479} INFO - 22/08/08 19:55:25 INFO MemoryStore: Block broadcast_3 stored as values in memory (estimated size 175.8 KiB, free 434.0 MiB)
[2022-08-08 19:55:25,373] {spark_submit_hook.py:479} INFO - 22/08/08 19:55:25 INFO MemoryStore: Block broadcast_3_piece0 stored as bytes in memory (estimated size 60.9 KiB, free 434.0 MiB)
[2022-08-08 19:55:25,374] {spark_submit_hook.py:479} INFO - 22/08/08 19:55:25 INFO BlockManagerInfo: Added broadcast_3_piece0 in memory on 192.168.0.20:40237 (size: 60.9 KiB, free: 434.3 MiB)
[2022-08-08 19:55:25,374] {spark_submit_hook.py:479} INFO - 22/08/08 19:55:25 INFO SparkContext: Created broadcast 3 from broadcast at DAGScheduler.scala:1513
[2022-08-08 19:55:25,375] {spark_submit_hook.py:479} INFO - 22/08/08 19:55:25 INFO DAGScheduler: Submitting 1 missing tasks from ResultStage 1 (CoalescedRDD[7] at json at NativeMethodAccessorImpl.java:0) (first 15 tasks are for partitions Vector(0))
[2022-08-08 19:55:25,375] {spark_submit_hook.py:479} INFO - 22/08/08 19:55:25 INFO TaskSchedulerImpl: Adding task set 1.0 with 1 tasks resource profile 0
[2022-08-08 19:55:25,380] {spark_submit_hook.py:479} INFO - 22/08/08 19:55:25 INFO TaskSetManager: Starting task 0.0 in stage 1.0 (TID 1) (192.168.0.20, executor driver, partition 0, PROCESS_LOCAL, 5256 bytes) taskResourceAssignments Map()
[2022-08-08 19:55:25,381] {spark_submit_hook.py:479} INFO - 22/08/08 19:55:25 INFO Executor: Running task 0.0 in stage 1.0 (TID 1)
[2022-08-08 19:55:25,441] {spark_submit_hook.py:479} INFO - 22/08/08 19:55:25 INFO FileOutputCommitter: File Output Committer Algorithm version is 1
[2022-08-08 19:55:25,442] {spark_submit_hook.py:479} INFO - 22/08/08 19:55:25 INFO SQLHadoopMapReduceCommitProtocol: Using output committer class org.apache.hadoop.mapreduce.lib.output.FileOutputCommitter
[2022-08-08 19:55:25,475] {spark_submit_hook.py:479} INFO - 22/08/08 19:55:25 INFO FileScanRDD: Reading File path: file:///home/amadeus/ama/airflow-pipeline-alura/datapipeline/datalake/bronze/twitter_flamengomalvadao/extract_date=2022-08-07/FlamengoMalvadao_20220807.json, range: 0-34413, partition values: [empty row]
[2022-08-08 19:55:25,518] {spark_submit_hook.py:479} INFO - 22/08/08 19:55:25 INFO CodeGenerator: Code generated in 37.286958 ms
[2022-08-08 19:55:25,549] {spark_submit_hook.py:479} INFO - 22/08/08 19:55:25 INFO CodeGenerator: Code generated in 9.225971 ms
[2022-08-08 19:55:25,628] {spark_submit_hook.py:479} INFO - 22/08/08 19:55:25 INFO FileOutputCommitter: Saved output of task 'attempt_20220808195525229642475723936585_0001_m_000000_1' to file:/home/amadeus/ama/airflow-pipeline-alura/datapipeline/datalake/silver/twitter_flamengomalvadao/tweet/process_date=2022-08-07/_temporary/0/task_20220808195525229642475723936585_0001_m_000000
[2022-08-08 19:55:25,629] {spark_submit_hook.py:479} INFO - 22/08/08 19:55:25 INFO SparkHadoopMapRedUtil: attempt_20220808195525229642475723936585_0001_m_000000_1: Committed. Elapsed time: 2 ms.
[2022-08-08 19:55:25,641] {spark_submit_hook.py:479} INFO - 22/08/08 19:55:25 INFO Executor: Finished task 0.0 in stage 1.0 (TID 1). 2678 bytes result sent to driver
[2022-08-08 19:55:25,648] {spark_submit_hook.py:479} INFO - 22/08/08 19:55:25 INFO TaskSetManager: Finished task 0.0 in stage 1.0 (TID 1) in 270 ms on 192.168.0.20 (executor driver) (1/1)
[2022-08-08 19:55:25,648] {spark_submit_hook.py:479} INFO - 22/08/08 19:55:25 INFO TaskSchedulerImpl: Removed TaskSet 1.0, whose tasks have all completed, from pool
[2022-08-08 19:55:25,650] {spark_submit_hook.py:479} INFO - 22/08/08 19:55:25 INFO DAGScheduler: ResultStage 1 (json at NativeMethodAccessorImpl.java:0) finished in 0,308 s
[2022-08-08 19:55:25,650] {spark_submit_hook.py:479} INFO - 22/08/08 19:55:25 INFO DAGScheduler: Job 1 is finished. Cancelling potential speculative or zombie tasks for this job
[2022-08-08 19:55:25,650] {spark_submit_hook.py:479} INFO - 22/08/08 19:55:25 INFO TaskSchedulerImpl: Killing all running tasks in stage 1: Stage finished
[2022-08-08 19:55:25,657] {spark_submit_hook.py:479} INFO - 22/08/08 19:55:25 INFO DAGScheduler: Job 1 finished: json at NativeMethodAccessorImpl.java:0, took 0,321612 s
[2022-08-08 19:55:25,660] {spark_submit_hook.py:479} INFO - 22/08/08 19:55:25 INFO FileFormatWriter: Start to commit write Job 76a7a476-fdb2-4866-ab3d-5fe90eea1ec4.
[2022-08-08 19:55:25,679] {spark_submit_hook.py:479} INFO - 22/08/08 19:55:25 INFO FileFormatWriter: Write Job 76a7a476-fdb2-4866-ab3d-5fe90eea1ec4 committed. Elapsed time: 18 ms.
[2022-08-08 19:55:25,684] {spark_submit_hook.py:479} INFO - 22/08/08 19:55:25 INFO FileFormatWriter: Finished processing stats for write job 76a7a476-fdb2-4866-ab3d-5fe90eea1ec4.
[2022-08-08 19:55:25,724] {spark_submit_hook.py:479} INFO - 22/08/08 19:55:25 INFO FileSourceStrategy: Pushed Filters:
[2022-08-08 19:55:25,724] {spark_submit_hook.py:479} INFO - 22/08/08 19:55:25 INFO FileSourceStrategy: Post-Scan Filters:
[2022-08-08 19:55:25,724] {spark_submit_hook.py:479} INFO - 22/08/08 19:55:25 INFO FileSourceStrategy: Output Data Schema: struct<includes: struct<users: array<struct<created_at:string,id:string,name:string,username:string>>>>
[2022-08-08 19:55:25,735] {spark_submit_hook.py:479} INFO - 22/08/08 19:55:25 INFO FileOutputCommitter: File Output Committer Algorithm version is 1
[2022-08-08 19:55:25,736] {spark_submit_hook.py:479} INFO - 22/08/08 19:55:25 INFO SQLHadoopMapReduceCommitProtocol: Using output committer class org.apache.hadoop.mapreduce.lib.output.FileOutputCommitter
[2022-08-08 19:55:25,772] {spark_submit_hook.py:479} INFO - 22/08/08 19:55:25 INFO CodeGenerator: Code generated in 24.158278 ms
[2022-08-08 19:55:25,780] {spark_submit_hook.py:479} INFO - 22/08/08 19:55:25 INFO MemoryStore: Block broadcast_4 stored as values in memory (estimated size 173.5 KiB, free 433.8 MiB)
[2022-08-08 19:55:25,793] {spark_submit_hook.py:479} INFO - 22/08/08 19:55:25 INFO MemoryStore: Block broadcast_4_piece0 stored as bytes in memory (estimated size 24.6 KiB, free 433.8 MiB)
[2022-08-08 19:55:25,794] {spark_submit_hook.py:479} INFO - 22/08/08 19:55:25 INFO BlockManagerInfo: Added broadcast_4_piece0 in memory on 192.168.0.20:40237 (size: 24.6 KiB, free: 434.3 MiB)
[2022-08-08 19:55:25,796] {spark_submit_hook.py:479} INFO - 22/08/08 19:55:25 INFO SparkContext: Created broadcast 4 from json at NativeMethodAccessorImpl.java:0
[2022-08-08 19:55:25,797] {spark_submit_hook.py:479} INFO - 22/08/08 19:55:25 INFO FileSourceScanExec: Planning scan with bin packing, max size: 4228717 bytes, open cost is considered as scanning 4194304 bytes.
[2022-08-08 19:55:25,826] {spark_submit_hook.py:479} INFO - 22/08/08 19:55:25 INFO SparkContext: Starting job: json at NativeMethodAccessorImpl.java:0
[2022-08-08 19:55:25,827] {spark_submit_hook.py:479} INFO - 22/08/08 19:55:25 INFO DAGScheduler: Got job 2 (json at NativeMethodAccessorImpl.java:0) with 1 output partitions
[2022-08-08 19:55:25,828] {spark_submit_hook.py:479} INFO - 22/08/08 19:55:25 INFO DAGScheduler: Final stage: ResultStage 2 (json at NativeMethodAccessorImpl.java:0)
[2022-08-08 19:55:25,828] {spark_submit_hook.py:479} INFO - 22/08/08 19:55:25 INFO DAGScheduler: Parents of final stage: List()
[2022-08-08 19:55:25,828] {spark_submit_hook.py:479} INFO - 22/08/08 19:55:25 INFO DAGScheduler: Missing parents: List()
[2022-08-08 19:55:25,829] {spark_submit_hook.py:479} INFO - 22/08/08 19:55:25 INFO DAGScheduler: Submitting ResultStage 2 (CoalescedRDD[11] at json at NativeMethodAccessorImpl.java:0), which has no missing parents
[2022-08-08 19:55:25,849] {spark_submit_hook.py:479} INFO - 22/08/08 19:55:25 INFO MemoryStore: Block broadcast_5 stored as values in memory (estimated size 161.1 KiB, free 433.6 MiB)
[2022-08-08 19:55:25,853] {spark_submit_hook.py:479} INFO - 22/08/08 19:55:25 INFO MemoryStore: Block broadcast_5_piece0 stored as bytes in memory (estimated size 57.8 KiB, free 433.6 MiB)
[2022-08-08 19:55:25,855] {spark_submit_hook.py:479} INFO - 22/08/08 19:55:25 INFO BlockManagerInfo: Added broadcast_5_piece0 in memory on 192.168.0.20:40237 (size: 57.8 KiB, free: 434.2 MiB)
[2022-08-08 19:55:25,856] {spark_submit_hook.py:479} INFO - 22/08/08 19:55:25 INFO SparkContext: Created broadcast 5 from broadcast at DAGScheduler.scala:1513
[2022-08-08 19:55:25,856] {spark_submit_hook.py:479} INFO - 22/08/08 19:55:25 INFO DAGScheduler: Submitting 1 missing tasks from ResultStage 2 (CoalescedRDD[11] at json at NativeMethodAccessorImpl.java:0) (first 15 tasks are for partitions Vector(0))
[2022-08-08 19:55:25,857] {spark_submit_hook.py:479} INFO - 22/08/08 19:55:25 INFO TaskSchedulerImpl: Adding task set 2.0 with 1 tasks resource profile 0
[2022-08-08 19:55:25,858] {spark_submit_hook.py:479} INFO - 22/08/08 19:55:25 INFO TaskSetManager: Starting task 0.0 in stage 2.0 (TID 2) (192.168.0.20, executor driver, partition 0, PROCESS_LOCAL, 5256 bytes) taskResourceAssignments Map()
[2022-08-08 19:55:25,859] {spark_submit_hook.py:479} INFO - 22/08/08 19:55:25 INFO Executor: Running task 0.0 in stage 2.0 (TID 2)
[2022-08-08 19:55:25,879] {spark_submit_hook.py:479} INFO - 22/08/08 19:55:25 INFO FileOutputCommitter: File Output Committer Algorithm version is 1
[2022-08-08 19:55:25,880] {spark_submit_hook.py:479} INFO - 22/08/08 19:55:25 INFO SQLHadoopMapReduceCommitProtocol: Using output committer class org.apache.hadoop.mapreduce.lib.output.FileOutputCommitter
[2022-08-08 19:55:25,888] {spark_submit_hook.py:479} INFO - 22/08/08 19:55:25 INFO FileScanRDD: Reading File path: file:///home/amadeus/ama/airflow-pipeline-alura/datapipeline/datalake/bronze/twitter_flamengomalvadao/extract_date=2022-08-07/FlamengoMalvadao_20220807.json, range: 0-34413, partition values: [empty row]
[2022-08-08 19:55:25,908] {spark_submit_hook.py:479} INFO - 22/08/08 19:55:25 INFO CodeGenerator: Code generated in 16.193274 ms
[2022-08-08 19:55:25,925] {spark_submit_hook.py:479} INFO - 22/08/08 19:55:25 INFO FileOutputCommitter: Saved output of task 'attempt_202208081955258122895865642218583_0002_m_000000_2' to file:/home/amadeus/ama/airflow-pipeline-alura/datapipeline/datalake/silver/twitter_flamengomalvadao/user/process_date=2022-08-07/_temporary/0/task_202208081955258122895865642218583_0002_m_000000
[2022-08-08 19:55:25,925] {spark_submit_hook.py:479} INFO - 22/08/08 19:55:25 INFO SparkHadoopMapRedUtil: attempt_202208081955258122895865642218583_0002_m_000000_2: Committed. Elapsed time: 1 ms.
[2022-08-08 19:55:25,927] {spark_submit_hook.py:479} INFO - 22/08/08 19:55:25 INFO Executor: Finished task 0.0 in stage 2.0 (TID 2). 2579 bytes result sent to driver
[2022-08-08 19:55:25,929] {spark_submit_hook.py:479} INFO - 22/08/08 19:55:25 INFO TaskSetManager: Finished task 0.0 in stage 2.0 (TID 2) in 70 ms on 192.168.0.20 (executor driver) (1/1)
[2022-08-08 19:55:25,929] {spark_submit_hook.py:479} INFO - 22/08/08 19:55:25 INFO TaskSchedulerImpl: Removed TaskSet 2.0, whose tasks have all completed, from pool
[2022-08-08 19:55:25,931] {spark_submit_hook.py:479} INFO - 22/08/08 19:55:25 INFO DAGScheduler: ResultStage 2 (json at NativeMethodAccessorImpl.java:0) finished in 0,100 s
[2022-08-08 19:55:25,931] {spark_submit_hook.py:479} INFO - 22/08/08 19:55:25 INFO DAGScheduler: Job 2 is finished. Cancelling potential speculative or zombie tasks for this job
[2022-08-08 19:55:25,931] {spark_submit_hook.py:479} INFO - 22/08/08 19:55:25 INFO TaskSchedulerImpl: Killing all running tasks in stage 2: Stage finished
[2022-08-08 19:55:25,932] {spark_submit_hook.py:479} INFO - 22/08/08 19:55:25 INFO DAGScheduler: Job 2 finished: json at NativeMethodAccessorImpl.java:0, took 0,105194 s
[2022-08-08 19:55:25,932] {spark_submit_hook.py:479} INFO - 22/08/08 19:55:25 INFO FileFormatWriter: Start to commit write Job 72c069f1-5cf2-4c98-8695-cbb7a1c1dc1d.
[2022-08-08 19:55:25,942] {spark_submit_hook.py:479} INFO - 22/08/08 19:55:25 INFO FileFormatWriter: Write Job 72c069f1-5cf2-4c98-8695-cbb7a1c1dc1d committed. Elapsed time: 9 ms.
[2022-08-08 19:55:25,943] {spark_submit_hook.py:479} INFO - 22/08/08 19:55:25 INFO FileFormatWriter: Finished processing stats for write job 72c069f1-5cf2-4c98-8695-cbb7a1c1dc1d.
[2022-08-08 19:55:25,986] {spark_submit_hook.py:479} INFO - 22/08/08 19:55:25 INFO SparkContext: Invoking stop() from shutdown hook
[2022-08-08 19:55:26,006] {spark_submit_hook.py:479} INFO - 22/08/08 19:55:26 INFO BlockManagerInfo: Removed broadcast_2_piece0 on 192.168.0.20:40237 in memory (size: 24.6 KiB, free: 434.3 MiB)
[2022-08-08 19:55:26,014] {spark_submit_hook.py:479} INFO - 22/08/08 19:55:26 INFO BlockManagerInfo: Removed broadcast_5_piece0 on 192.168.0.20:40237 in memory (size: 57.8 KiB, free: 434.3 MiB)
[2022-08-08 19:55:26,015] {spark_submit_hook.py:479} INFO - 22/08/08 19:55:26 INFO SparkUI: Stopped Spark web UI at http://192.168.0.20:4041
[2022-08-08 19:55:26,030] {spark_submit_hook.py:479} INFO - 22/08/08 19:55:26 INFO MapOutputTrackerMasterEndpoint: MapOutputTrackerMasterEndpoint stopped!
[2022-08-08 19:55:26,040] {spark_submit_hook.py:479} INFO - 22/08/08 19:55:26 INFO MemoryStore: MemoryStore cleared
[2022-08-08 19:55:26,041] {spark_submit_hook.py:479} INFO - 22/08/08 19:55:26 INFO BlockManager: BlockManager stopped
[2022-08-08 19:55:26,045] {spark_submit_hook.py:479} INFO - 22/08/08 19:55:26 INFO BlockManagerMaster: BlockManagerMaster stopped
[2022-08-08 19:55:26,048] {spark_submit_hook.py:479} INFO - 22/08/08 19:55:26 INFO OutputCommitCoordinator$OutputCommitCoordinatorEndpoint: OutputCommitCoordinator stopped!
[2022-08-08 19:55:26,053] {spark_submit_hook.py:479} INFO - 22/08/08 19:55:26 INFO SparkContext: Successfully stopped SparkContext
[2022-08-08 19:55:26,054] {spark_submit_hook.py:479} INFO - 22/08/08 19:55:26 INFO ShutdownHookManager: Shutdown hook called
[2022-08-08 19:55:26,055] {spark_submit_hook.py:479} INFO - 22/08/08 19:55:26 INFO ShutdownHookManager: Deleting directory /tmp/spark-dcb09cb3-9dba-46bb-ab58-db897d329dfa/pyspark-51065093-ba58-4250-891b-421758fc3eba
[2022-08-08 19:55:26,057] {spark_submit_hook.py:479} INFO - 22/08/08 19:55:26 INFO ShutdownHookManager: Deleting directory /tmp/spark-dcb09cb3-9dba-46bb-ab58-db897d329dfa
[2022-08-08 19:55:26,059] {spark_submit_hook.py:479} INFO - 22/08/08 19:55:26 INFO ShutdownHookManager: Deleting directory /tmp/spark-a6693587-b536-4c77-90bf-93013ea03a1b
[2022-08-08 19:55:26,108] {taskinstance.py:1057} INFO - Marking task as SUCCESS.dag_id=twitter_dag, task_id=transform_twitter_flamengomalvadao, execution_date=20220807T090000, start_date=20220808T225513, end_date=20220808T225526
[2022-08-08 19:55:27,824] {local_task_job.py:102} INFO - Task exited with return code 0
