[2022-08-08 22:48:19,771] {taskinstance.py:670} INFO - Dependencies all met for <TaskInstance: twitter_dag.transform_twitter_flamengomalvadao 2022-08-07T09:00:00+00:00 [queued]>
[2022-08-08 22:48:19,783] {taskinstance.py:670} INFO - Dependencies all met for <TaskInstance: twitter_dag.transform_twitter_flamengomalvadao 2022-08-07T09:00:00+00:00 [queued]>
[2022-08-08 22:48:19,783] {taskinstance.py:880} INFO - 
--------------------------------------------------------------------------------
[2022-08-08 22:48:19,783] {taskinstance.py:881} INFO - Starting attempt 3 of 3
[2022-08-08 22:48:19,783] {taskinstance.py:882} INFO - 
--------------------------------------------------------------------------------
[2022-08-08 22:48:19,991] {taskinstance.py:901} INFO - Executing <Task(SparkSubmitOperator): transform_twitter_flamengomalvadao> on 2022-08-07T09:00:00+00:00
[2022-08-08 22:48:19,995] {standard_task_runner.py:54} INFO - Started process 184784 to run task
[2022-08-08 22:48:20,050] {standard_task_runner.py:77} INFO - Running: ['airflow', 'run', 'twitter_dag', 'transform_twitter_flamengomalvadao', '2022-08-07T09:00:00+00:00', '--job_id', '154', '--pool', 'default_pool', '--raw', '-sd', 'DAGS_FOLDER/twitter_dag.py', '--cfg_path', '/tmp/tmpm6a_fo76']
[2022-08-08 22:48:20,051] {standard_task_runner.py:78} INFO - Job 154: Subtask transform_twitter_flamengomalvadao
[2022-08-08 22:48:20,348] {logging_mixin.py:112} INFO - Running <TaskInstance: twitter_dag.transform_twitter_flamengomalvadao 2022-08-07T09:00:00+00:00 [running]> on host ama
[2022-08-08 22:48:20,661] {base_hook.py:89} INFO - Using connection to: id: spark_default. Host: local, Port: None, Schema: None, Login: None, Password: None, extra: XXXXXXXX
[2022-08-08 22:48:20,664] {spark_submit_hook.py:325} INFO - Spark-Submit cmd: /home/amadeus/Downloads/spark-3.3.0-bin-hadoop2/bin/spark-submit --master local --name twitter_transformation /home/amadeus/ama/airflow-pipeline-alura/datapipeline/spark/transfortmation.py --src /home/amadeus/ama/airflow-pipeline-alura/datapipeline/datalake/bronze/twitter_flamengomalvadao/extract_date=2022-08-07 --dest /home/amadeus/ama/airflow-pipeline-alura/datapipeline/datalake/silver/twitter_flamengomalvadao/ --process-date 2022-08-07
[2022-08-08 22:48:22,270] {spark_submit_hook.py:479} INFO - 22/08/08 22:48:22 WARN Utils: Your hostname, ama resolves to a loopback address: 127.0.1.1; using 192.168.0.20 instead (on interface wlo1)
[2022-08-08 22:48:22,272] {spark_submit_hook.py:479} INFO - 22/08/08 22:48:22 WARN Utils: Set SPARK_LOCAL_IP if you need to bind to another address
[2022-08-08 22:48:23,630] {spark_submit_hook.py:479} INFO - 22/08/08 22:48:23 INFO SparkContext: Running Spark version 3.3.0
[2022-08-08 22:48:23,797] {spark_submit_hook.py:479} INFO - 22/08/08 22:48:23 WARN NativeCodeLoader: Unable to load native-hadoop library for your platform... using builtin-java classes where applicable
[2022-08-08 22:48:23,883] {spark_submit_hook.py:479} INFO - 22/08/08 22:48:23 INFO ResourceUtils: ==============================================================
[2022-08-08 22:48:23,884] {spark_submit_hook.py:479} INFO - 22/08/08 22:48:23 INFO ResourceUtils: No custom resources configured for spark.driver.
[2022-08-08 22:48:23,884] {spark_submit_hook.py:479} INFO - 22/08/08 22:48:23 INFO ResourceUtils: ==============================================================
[2022-08-08 22:48:23,884] {spark_submit_hook.py:479} INFO - 22/08/08 22:48:23 INFO SparkContext: Submitted application: twitter_transformation
[2022-08-08 22:48:23,901] {spark_submit_hook.py:479} INFO - 22/08/08 22:48:23 INFO ResourceProfile: Default ResourceProfile created, executor resources: Map(cores -> name: cores, amount: 1, script: , vendor: , memory -> name: memory, amount: 1024, script: , vendor: , offHeap -> name: offHeap, amount: 0, script: , vendor: ), task resources: Map(cpus -> name: cpus, amount: 1.0)
[2022-08-08 22:48:23,912] {spark_submit_hook.py:479} INFO - 22/08/08 22:48:23 INFO ResourceProfile: Limiting resource is cpu
[2022-08-08 22:48:23,913] {spark_submit_hook.py:479} INFO - 22/08/08 22:48:23 INFO ResourceProfileManager: Added ResourceProfile id: 0
[2022-08-08 22:48:23,965] {spark_submit_hook.py:479} INFO - 22/08/08 22:48:23 INFO SecurityManager: Changing view acls to: amadeus
[2022-08-08 22:48:23,966] {spark_submit_hook.py:479} INFO - 22/08/08 22:48:23 INFO SecurityManager: Changing modify acls to: amadeus
[2022-08-08 22:48:23,966] {spark_submit_hook.py:479} INFO - 22/08/08 22:48:23 INFO SecurityManager: Changing view acls groups to:
[2022-08-08 22:48:23,967] {spark_submit_hook.py:479} INFO - 22/08/08 22:48:23 INFO SecurityManager: Changing modify acls groups to:
[2022-08-08 22:48:23,967] {spark_submit_hook.py:479} INFO - 22/08/08 22:48:23 INFO SecurityManager: SecurityManager: authentication disabled; ui acls disabled; users  with view permissions: Set(amadeus); groups with view permissions: Set(); users  with modify permissions: Set(amadeus); groups with modify permissions: Set()
[2022-08-08 22:48:24,286] {spark_submit_hook.py:479} INFO - 22/08/08 22:48:24 INFO Utils: Successfully started service 'sparkDriver' on port 35975.
[2022-08-08 22:48:24,342] {spark_submit_hook.py:479} INFO - 22/08/08 22:48:24 INFO SparkEnv: Registering MapOutputTracker
[2022-08-08 22:48:24,421] {spark_submit_hook.py:479} INFO - 22/08/08 22:48:24 INFO SparkEnv: Registering BlockManagerMaster
[2022-08-08 22:48:24,450] {spark_submit_hook.py:479} INFO - 22/08/08 22:48:24 INFO BlockManagerMasterEndpoint: Using org.apache.spark.storage.DefaultTopologyMapper for getting topology information
[2022-08-08 22:48:24,452] {spark_submit_hook.py:479} INFO - 22/08/08 22:48:24 INFO BlockManagerMasterEndpoint: BlockManagerMasterEndpoint up
[2022-08-08 22:48:24,457] {spark_submit_hook.py:479} INFO - 22/08/08 22:48:24 INFO SparkEnv: Registering BlockManagerMasterHeartbeat
[2022-08-08 22:48:24,484] {spark_submit_hook.py:479} INFO - 22/08/08 22:48:24 INFO DiskBlockManager: Created local directory at /tmp/blockmgr-9cca9da4-a0b3-43bd-b7eb-00fe58f1aebc
[2022-08-08 22:48:24,505] {spark_submit_hook.py:479} INFO - 22/08/08 22:48:24 INFO MemoryStore: MemoryStore started with capacity 434.4 MiB
[2022-08-08 22:48:24,531] {spark_submit_hook.py:479} INFO - 22/08/08 22:48:24 INFO SparkEnv: Registering OutputCommitCoordinator
[2022-08-08 22:48:24,855] {spark_submit_hook.py:479} INFO - 22/08/08 22:48:24 WARN Utils: Service 'SparkUI' could not bind on port 4040. Attempting port 4041.
[2022-08-08 22:48:24,867] {spark_submit_hook.py:479} INFO - 22/08/08 22:48:24 INFO Utils: Successfully started service 'SparkUI' on port 4041.
[2022-08-08 22:48:25,021] {spark_submit_hook.py:479} INFO - 22/08/08 22:48:25 INFO Executor: Starting executor ID driver on host 192.168.0.20
[2022-08-08 22:48:25,027] {spark_submit_hook.py:479} INFO - 22/08/08 22:48:25 INFO Executor: Starting executor with user classpath (userClassPathFirst = false): ''
[2022-08-08 22:48:25,046] {spark_submit_hook.py:479} INFO - 22/08/08 22:48:25 INFO Utils: Successfully started service 'org.apache.spark.network.netty.NettyBlockTransferService' on port 35161.
[2022-08-08 22:48:25,046] {spark_submit_hook.py:479} INFO - 22/08/08 22:48:25 INFO NettyBlockTransferService: Server created on 192.168.0.20:35161
[2022-08-08 22:48:25,048] {spark_submit_hook.py:479} INFO - 22/08/08 22:48:25 INFO BlockManager: Using org.apache.spark.storage.RandomBlockReplicationPolicy for block replication policy
[2022-08-08 22:48:25,054] {spark_submit_hook.py:479} INFO - 22/08/08 22:48:25 INFO BlockManagerMaster: Registering BlockManager BlockManagerId(driver, 192.168.0.20, 35161, None)
[2022-08-08 22:48:25,057] {spark_submit_hook.py:479} INFO - 22/08/08 22:48:25 INFO BlockManagerMasterEndpoint: Registering block manager 192.168.0.20:35161 with 434.4 MiB RAM, BlockManagerId(driver, 192.168.0.20, 35161, None)
[2022-08-08 22:48:25,059] {spark_submit_hook.py:479} INFO - 22/08/08 22:48:25 INFO BlockManagerMaster: Registered BlockManager BlockManagerId(driver, 192.168.0.20, 35161, None)
[2022-08-08 22:48:25,060] {spark_submit_hook.py:479} INFO - 22/08/08 22:48:25 INFO BlockManager: Initialized BlockManager: BlockManagerId(driver, 192.168.0.20, 35161, None)
[2022-08-08 22:48:25,631] {spark_submit_hook.py:479} INFO - 22/08/08 22:48:25 INFO SharedState: Setting hive.metastore.warehouse.dir ('null') to the value of spark.sql.warehouse.dir.
[2022-08-08 22:48:25,639] {spark_submit_hook.py:479} INFO - 22/08/08 22:48:25 INFO SharedState: Warehouse path is 'file:/home/amadeus/ama/airflow-pipeline-alura/datapipeline/spark-warehouse'.
[2022-08-08 22:48:26,664] {spark_submit_hook.py:479} INFO - 22/08/08 22:48:26 INFO InMemoryFileIndex: It took 44 ms to list leaf files for 1 paths.
[2022-08-08 22:48:26,725] {spark_submit_hook.py:479} INFO - 22/08/08 22:48:26 INFO InMemoryFileIndex: It took 1 ms to list leaf files for 1 paths.
[2022-08-08 22:48:28,753] {spark_submit_hook.py:479} INFO - 22/08/08 22:48:28 INFO FileSourceStrategy: Pushed Filters:
[2022-08-08 22:48:28,755] {spark_submit_hook.py:479} INFO - 22/08/08 22:48:28 INFO FileSourceStrategy: Post-Scan Filters:
[2022-08-08 22:48:28,758] {spark_submit_hook.py:479} INFO - 22/08/08 22:48:28 INFO FileSourceStrategy: Output Data Schema: struct<value: string>
[2022-08-08 22:48:29,072] {spark_submit_hook.py:479} INFO - 22/08/08 22:48:29 INFO MemoryStore: Block broadcast_0 stored as values in memory (estimated size 173.7 KiB, free 434.2 MiB)
[2022-08-08 22:48:29,116] {spark_submit_hook.py:479} INFO - 22/08/08 22:48:29 INFO MemoryStore: Block broadcast_0_piece0 stored as bytes in memory (estimated size 24.7 KiB, free 434.2 MiB)
[2022-08-08 22:48:29,118] {spark_submit_hook.py:479} INFO - 22/08/08 22:48:29 INFO BlockManagerInfo: Added broadcast_0_piece0 in memory on 192.168.0.20:35161 (size: 24.7 KiB, free: 434.4 MiB)
[2022-08-08 22:48:29,123] {spark_submit_hook.py:479} INFO - 22/08/08 22:48:29 INFO SparkContext: Created broadcast 0 from json at NativeMethodAccessorImpl.java:0
[2022-08-08 22:48:29,131] {spark_submit_hook.py:479} INFO - 22/08/08 22:48:29 INFO FileSourceScanExec: Planning scan with bin packing, max size: 4228721 bytes, open cost is considered as scanning 4194304 bytes.
[2022-08-08 22:48:29,430] {spark_submit_hook.py:479} INFO - 22/08/08 22:48:29 INFO SparkContext: Starting job: json at NativeMethodAccessorImpl.java:0
[2022-08-08 22:48:29,449] {spark_submit_hook.py:479} INFO - 22/08/08 22:48:29 INFO DAGScheduler: Got job 0 (json at NativeMethodAccessorImpl.java:0) with 1 output partitions
[2022-08-08 22:48:29,450] {spark_submit_hook.py:479} INFO - 22/08/08 22:48:29 INFO DAGScheduler: Final stage: ResultStage 0 (json at NativeMethodAccessorImpl.java:0)
[2022-08-08 22:48:29,450] {spark_submit_hook.py:479} INFO - 22/08/08 22:48:29 INFO DAGScheduler: Parents of final stage: List()
[2022-08-08 22:48:29,452] {spark_submit_hook.py:479} INFO - 22/08/08 22:48:29 INFO DAGScheduler: Missing parents: List()
[2022-08-08 22:48:29,457] {spark_submit_hook.py:479} INFO - 22/08/08 22:48:29 INFO DAGScheduler: Submitting ResultStage 0 (MapPartitionsRDD[3] at json at NativeMethodAccessorImpl.java:0), which has no missing parents
[2022-08-08 22:48:29,548] {spark_submit_hook.py:479} INFO - 22/08/08 22:48:29 INFO MemoryStore: Block broadcast_1 stored as values in memory (estimated size 14.5 KiB, free 434.2 MiB)
[2022-08-08 22:48:29,551] {spark_submit_hook.py:479} INFO - 22/08/08 22:48:29 INFO MemoryStore: Block broadcast_1_piece0 stored as bytes in memory (estimated size 7.0 KiB, free 434.2 MiB)
[2022-08-08 22:48:29,552] {spark_submit_hook.py:479} INFO - 22/08/08 22:48:29 INFO BlockManagerInfo: Added broadcast_1_piece0 in memory on 192.168.0.20:35161 (size: 7.0 KiB, free: 434.4 MiB)
[2022-08-08 22:48:29,553] {spark_submit_hook.py:479} INFO - 22/08/08 22:48:29 INFO SparkContext: Created broadcast 1 from broadcast at DAGScheduler.scala:1513
[2022-08-08 22:48:29,567] {spark_submit_hook.py:479} INFO - 22/08/08 22:48:29 INFO DAGScheduler: Submitting 1 missing tasks from ResultStage 0 (MapPartitionsRDD[3] at json at NativeMethodAccessorImpl.java:0) (first 15 tasks are for partitions Vector(0))
[2022-08-08 22:48:29,569] {spark_submit_hook.py:479} INFO - 22/08/08 22:48:29 INFO TaskSchedulerImpl: Adding task set 0.0 with 1 tasks resource profile 0
[2022-08-08 22:48:29,630] {spark_submit_hook.py:479} INFO - 22/08/08 22:48:29 INFO TaskSetManager: Starting task 0.0 in stage 0.0 (TID 0) (192.168.0.20, executor driver, partition 0, PROCESS_LOCAL, 5027 bytes) taskResourceAssignments Map()
[2022-08-08 22:48:29,659] {spark_submit_hook.py:479} INFO - 22/08/08 22:48:29 INFO Executor: Running task 0.0 in stage 0.0 (TID 0)
[2022-08-08 22:48:29,890] {spark_submit_hook.py:479} INFO - 22/08/08 22:48:29 INFO FileScanRDD: Reading File path: file:///home/amadeus/ama/airflow-pipeline-alura/datapipeline/datalake/bronze/twitter_flamengomalvadao/extract_date=2022-08-07/FlamengoMalvadao_20220807.json, range: 0-34417, partition values: [empty row]
[2022-08-08 22:48:30,167] {spark_submit_hook.py:479} INFO - 22/08/08 22:48:30 INFO CodeGenerator: Code generated in 205.578611 ms
[2022-08-08 22:48:30,231] {spark_submit_hook.py:479} INFO - 22/08/08 22:48:30 INFO Executor: Finished task 0.0 in stage 0.0 (TID 0). 2823 bytes result sent to driver
[2022-08-08 22:48:30,239] {spark_submit_hook.py:479} INFO - 22/08/08 22:48:30 INFO TaskSetManager: Finished task 0.0 in stage 0.0 (TID 0) in 625 ms on 192.168.0.20 (executor driver) (1/1)
[2022-08-08 22:48:30,241] {spark_submit_hook.py:479} INFO - 22/08/08 22:48:30 INFO TaskSchedulerImpl: Removed TaskSet 0.0, whose tasks have all completed, from pool
[2022-08-08 22:48:30,245] {spark_submit_hook.py:479} INFO - 22/08/08 22:48:30 INFO DAGScheduler: ResultStage 0 (json at NativeMethodAccessorImpl.java:0) finished in 0,772 s
[2022-08-08 22:48:30,249] {spark_submit_hook.py:479} INFO - 22/08/08 22:48:30 INFO DAGScheduler: Job 0 is finished. Cancelling potential speculative or zombie tasks for this job
[2022-08-08 22:48:30,250] {spark_submit_hook.py:479} INFO - 22/08/08 22:48:30 INFO TaskSchedulerImpl: Killing all running tasks in stage 0: Stage finished
[2022-08-08 22:48:30,252] {spark_submit_hook.py:479} INFO - 22/08/08 22:48:30 INFO DAGScheduler: Job 0 finished: json at NativeMethodAccessorImpl.java:0, took 0,821686 s
[2022-08-08 22:48:30,667] {spark_submit_hook.py:479} INFO - 22/08/08 22:48:30 INFO FileSourceStrategy: Pushed Filters: IsNotNull(data)
[2022-08-08 22:48:30,669] {spark_submit_hook.py:479} INFO - 22/08/08 22:48:30 INFO FileSourceStrategy: Post-Scan Filters: (size(data#8, true) > 0),isnotnull(data#8)
[2022-08-08 22:48:30,669] {spark_submit_hook.py:479} INFO - 22/08/08 22:48:30 INFO FileSourceStrategy: Output Data Schema: struct<data: array<struct<author_id:string,conversation_id:string,created_at:string,id:string,in_reply_to_user_id:string,public_metrics:struct<like_count:bigint,quote_count:bigint,reply_count:bigint,retweet_count:bigint>,text:string>>>
[2022-08-08 22:48:30,778] {spark_submit_hook.py:479} INFO - 22/08/08 22:48:30 INFO BlockManagerInfo: Removed broadcast_1_piece0 on 192.168.0.20:35161 in memory (size: 7.0 KiB, free: 434.4 MiB)
[2022-08-08 22:48:30,784] {spark_submit_hook.py:479} INFO - 22/08/08 22:48:30 INFO FileOutputCommitter: File Output Committer Algorithm version is 1
[2022-08-08 22:48:30,786] {spark_submit_hook.py:479} INFO - 22/08/08 22:48:30 INFO BlockManagerInfo: Removed broadcast_0_piece0 on 192.168.0.20:35161 in memory (size: 24.7 KiB, free: 434.4 MiB)
[2022-08-08 22:48:30,786] {spark_submit_hook.py:479} INFO - 22/08/08 22:48:30 INFO SQLHadoopMapReduceCommitProtocol: Using output committer class org.apache.hadoop.mapreduce.lib.output.FileOutputCommitter
[2022-08-08 22:48:31,044] {spark_submit_hook.py:479} INFO - 22/08/08 22:48:31 INFO CodeGenerator: Code generated in 148.699482 ms
[2022-08-08 22:48:31,053] {spark_submit_hook.py:479} INFO - 22/08/08 22:48:31 INFO MemoryStore: Block broadcast_2 stored as values in memory (estimated size 173.5 KiB, free 434.2 MiB)
[2022-08-08 22:48:31,068] {spark_submit_hook.py:479} INFO - 22/08/08 22:48:31 INFO MemoryStore: Block broadcast_2_piece0 stored as bytes in memory (estimated size 24.6 KiB, free 434.2 MiB)
[2022-08-08 22:48:31,070] {spark_submit_hook.py:479} INFO - 22/08/08 22:48:31 INFO BlockManagerInfo: Added broadcast_2_piece0 in memory on 192.168.0.20:35161 (size: 24.6 KiB, free: 434.4 MiB)
[2022-08-08 22:48:31,073] {spark_submit_hook.py:479} INFO - 22/08/08 22:48:31 INFO SparkContext: Created broadcast 2 from json at NativeMethodAccessorImpl.java:0
[2022-08-08 22:48:31,077] {spark_submit_hook.py:479} INFO - 22/08/08 22:48:31 INFO FileSourceScanExec: Planning scan with bin packing, max size: 4228721 bytes, open cost is considered as scanning 4194304 bytes.
[2022-08-08 22:48:31,153] {spark_submit_hook.py:479} INFO - 22/08/08 22:48:31 INFO SparkContext: Starting job: json at NativeMethodAccessorImpl.java:0
[2022-08-08 22:48:31,157] {spark_submit_hook.py:479} INFO - 22/08/08 22:48:31 INFO DAGScheduler: Got job 1 (json at NativeMethodAccessorImpl.java:0) with 1 output partitions
[2022-08-08 22:48:31,157] {spark_submit_hook.py:479} INFO - 22/08/08 22:48:31 INFO DAGScheduler: Final stage: ResultStage 1 (json at NativeMethodAccessorImpl.java:0)
[2022-08-08 22:48:31,157] {spark_submit_hook.py:479} INFO - 22/08/08 22:48:31 INFO DAGScheduler: Parents of final stage: List()
[2022-08-08 22:48:31,157] {spark_submit_hook.py:479} INFO - 22/08/08 22:48:31 INFO DAGScheduler: Missing parents: List()
[2022-08-08 22:48:31,159] {spark_submit_hook.py:479} INFO - 22/08/08 22:48:31 INFO DAGScheduler: Submitting ResultStage 1 (CoalescedRDD[7] at json at NativeMethodAccessorImpl.java:0), which has no missing parents
[2022-08-08 22:48:31,189] {spark_submit_hook.py:479} INFO - 22/08/08 22:48:31 INFO MemoryStore: Block broadcast_3 stored as values in memory (estimated size 175.8 KiB, free 434.0 MiB)
[2022-08-08 22:48:31,192] {spark_submit_hook.py:479} INFO - 22/08/08 22:48:31 INFO MemoryStore: Block broadcast_3_piece0 stored as bytes in memory (estimated size 60.9 KiB, free 434.0 MiB)
[2022-08-08 22:48:31,192] {spark_submit_hook.py:479} INFO - 22/08/08 22:48:31 INFO BlockManagerInfo: Added broadcast_3_piece0 in memory on 192.168.0.20:35161 (size: 60.9 KiB, free: 434.3 MiB)
[2022-08-08 22:48:31,193] {spark_submit_hook.py:479} INFO - 22/08/08 22:48:31 INFO SparkContext: Created broadcast 3 from broadcast at DAGScheduler.scala:1513
[2022-08-08 22:48:31,194] {spark_submit_hook.py:479} INFO - 22/08/08 22:48:31 INFO DAGScheduler: Submitting 1 missing tasks from ResultStage 1 (CoalescedRDD[7] at json at NativeMethodAccessorImpl.java:0) (first 15 tasks are for partitions Vector(0))
[2022-08-08 22:48:31,194] {spark_submit_hook.py:479} INFO - 22/08/08 22:48:31 INFO TaskSchedulerImpl: Adding task set 1.0 with 1 tasks resource profile 0
[2022-08-08 22:48:31,199] {spark_submit_hook.py:479} INFO - 22/08/08 22:48:31 INFO TaskSetManager: Starting task 0.0 in stage 1.0 (TID 1) (192.168.0.20, executor driver, partition 0, PROCESS_LOCAL, 5256 bytes) taskResourceAssignments Map()
[2022-08-08 22:48:31,200] {spark_submit_hook.py:479} INFO - 22/08/08 22:48:31 INFO Executor: Running task 0.0 in stage 1.0 (TID 1)
[2022-08-08 22:48:31,262] {spark_submit_hook.py:479} INFO - 22/08/08 22:48:31 INFO FileOutputCommitter: File Output Committer Algorithm version is 1
[2022-08-08 22:48:31,263] {spark_submit_hook.py:479} INFO - 22/08/08 22:48:31 INFO SQLHadoopMapReduceCommitProtocol: Using output committer class org.apache.hadoop.mapreduce.lib.output.FileOutputCommitter
[2022-08-08 22:48:31,291] {spark_submit_hook.py:479} INFO - 22/08/08 22:48:31 INFO FileScanRDD: Reading File path: file:///home/amadeus/ama/airflow-pipeline-alura/datapipeline/datalake/bronze/twitter_flamengomalvadao/extract_date=2022-08-07/FlamengoMalvadao_20220807.json, range: 0-34417, partition values: [empty row]
[2022-08-08 22:48:31,312] {spark_submit_hook.py:479} INFO - 22/08/08 22:48:31 INFO CodeGenerator: Code generated in 17.536373 ms
[2022-08-08 22:48:31,330] {spark_submit_hook.py:479} INFO - 22/08/08 22:48:31 INFO CodeGenerator: Code generated in 4.511977 ms
[2022-08-08 22:48:31,373] {spark_submit_hook.py:479} INFO - 22/08/08 22:48:31 INFO FileOutputCommitter: Saved output of task 'attempt_202208082248313801504663347043984_0001_m_000000_1' to file:/home/amadeus/ama/airflow-pipeline-alura/datapipeline/datalake/silver/twitter_flamengomalvadao/tweet/process_date=2022-08-07/_temporary/0/task_202208082248313801504663347043984_0001_m_000000
[2022-08-08 22:48:31,374] {spark_submit_hook.py:479} INFO - 22/08/08 22:48:31 INFO SparkHadoopMapRedUtil: attempt_202208082248313801504663347043984_0001_m_000000_1: Committed. Elapsed time: 0 ms.
[2022-08-08 22:48:31,380] {spark_submit_hook.py:479} INFO - 22/08/08 22:48:31 INFO Executor: Finished task 0.0 in stage 1.0 (TID 1). 2678 bytes result sent to driver
[2022-08-08 22:48:31,386] {spark_submit_hook.py:479} INFO - 22/08/08 22:48:31 INFO TaskSetManager: Finished task 0.0 in stage 1.0 (TID 1) in 190 ms on 192.168.0.20 (executor driver) (1/1)
[2022-08-08 22:48:31,386] {spark_submit_hook.py:479} INFO - 22/08/08 22:48:31 INFO TaskSchedulerImpl: Removed TaskSet 1.0, whose tasks have all completed, from pool
[2022-08-08 22:48:31,388] {spark_submit_hook.py:479} INFO - 22/08/08 22:48:31 INFO DAGScheduler: ResultStage 1 (json at NativeMethodAccessorImpl.java:0) finished in 0,227 s
[2022-08-08 22:48:31,388] {spark_submit_hook.py:479} INFO - 22/08/08 22:48:31 INFO DAGScheduler: Job 1 is finished. Cancelling potential speculative or zombie tasks for this job
[2022-08-08 22:48:31,388] {spark_submit_hook.py:479} INFO - 22/08/08 22:48:31 INFO TaskSchedulerImpl: Killing all running tasks in stage 1: Stage finished
[2022-08-08 22:48:31,389] {spark_submit_hook.py:479} INFO - 22/08/08 22:48:31 INFO DAGScheduler: Job 1 finished: json at NativeMethodAccessorImpl.java:0, took 0,235196 s
[2022-08-08 22:48:31,391] {spark_submit_hook.py:479} INFO - 22/08/08 22:48:31 INFO FileFormatWriter: Start to commit write Job ec04744b-de2a-44ab-bf98-eb90536b72b4.
[2022-08-08 22:48:31,405] {spark_submit_hook.py:479} INFO - 22/08/08 22:48:31 INFO FileFormatWriter: Write Job ec04744b-de2a-44ab-bf98-eb90536b72b4 committed. Elapsed time: 12 ms.
[2022-08-08 22:48:31,407] {spark_submit_hook.py:479} INFO - 22/08/08 22:48:31 INFO FileFormatWriter: Finished processing stats for write job ec04744b-de2a-44ab-bf98-eb90536b72b4.
[2022-08-08 22:48:31,442] {spark_submit_hook.py:479} INFO - 22/08/08 22:48:31 INFO FileSourceStrategy: Pushed Filters:
[2022-08-08 22:48:31,442] {spark_submit_hook.py:479} INFO - 22/08/08 22:48:31 INFO FileSourceStrategy: Post-Scan Filters:
[2022-08-08 22:48:31,442] {spark_submit_hook.py:479} INFO - 22/08/08 22:48:31 INFO FileSourceStrategy: Output Data Schema: struct<includes: struct<users: array<struct<created_at:string,id:string,name:string,username:string>>>>
[2022-08-08 22:48:31,456] {spark_submit_hook.py:479} INFO - 22/08/08 22:48:31 INFO FileOutputCommitter: File Output Committer Algorithm version is 1
[2022-08-08 22:48:31,456] {spark_submit_hook.py:479} INFO - 22/08/08 22:48:31 INFO SQLHadoopMapReduceCommitProtocol: Using output committer class org.apache.hadoop.mapreduce.lib.output.FileOutputCommitter
[2022-08-08 22:48:31,480] {spark_submit_hook.py:479} INFO - 22/08/08 22:48:31 INFO CodeGenerator: Code generated in 15.23789 ms
[2022-08-08 22:48:31,485] {spark_submit_hook.py:479} INFO - 22/08/08 22:48:31 INFO MemoryStore: Block broadcast_4 stored as values in memory (estimated size 173.5 KiB, free 433.8 MiB)
[2022-08-08 22:48:31,493] {spark_submit_hook.py:479} INFO - 22/08/08 22:48:31 INFO MemoryStore: Block broadcast_4_piece0 stored as bytes in memory (estimated size 24.6 KiB, free 433.8 MiB)
[2022-08-08 22:48:31,494] {spark_submit_hook.py:479} INFO - 22/08/08 22:48:31 INFO BlockManagerInfo: Added broadcast_4_piece0 in memory on 192.168.0.20:35161 (size: 24.6 KiB, free: 434.3 MiB)
[2022-08-08 22:48:31,495] {spark_submit_hook.py:479} INFO - 22/08/08 22:48:31 INFO SparkContext: Created broadcast 4 from json at NativeMethodAccessorImpl.java:0
[2022-08-08 22:48:31,496] {spark_submit_hook.py:479} INFO - 22/08/08 22:48:31 INFO FileSourceScanExec: Planning scan with bin packing, max size: 4228721 bytes, open cost is considered as scanning 4194304 bytes.
[2022-08-08 22:48:31,527] {spark_submit_hook.py:479} INFO - 22/08/08 22:48:31 INFO SparkContext: Starting job: json at NativeMethodAccessorImpl.java:0
[2022-08-08 22:48:31,528] {spark_submit_hook.py:479} INFO - 22/08/08 22:48:31 INFO DAGScheduler: Got job 2 (json at NativeMethodAccessorImpl.java:0) with 1 output partitions
[2022-08-08 22:48:31,529] {spark_submit_hook.py:479} INFO - 22/08/08 22:48:31 INFO DAGScheduler: Final stage: ResultStage 2 (json at NativeMethodAccessorImpl.java:0)
[2022-08-08 22:48:31,529] {spark_submit_hook.py:479} INFO - 22/08/08 22:48:31 INFO DAGScheduler: Parents of final stage: List()
[2022-08-08 22:48:31,529] {spark_submit_hook.py:479} INFO - 22/08/08 22:48:31 INFO DAGScheduler: Missing parents: List()
[2022-08-08 22:48:31,530] {spark_submit_hook.py:479} INFO - 22/08/08 22:48:31 INFO DAGScheduler: Submitting ResultStage 2 (CoalescedRDD[11] at json at NativeMethodAccessorImpl.java:0), which has no missing parents
[2022-08-08 22:48:31,554] {spark_submit_hook.py:479} INFO - 22/08/08 22:48:31 INFO MemoryStore: Block broadcast_5 stored as values in memory (estimated size 161.1 KiB, free 433.6 MiB)
[2022-08-08 22:48:31,557] {spark_submit_hook.py:479} INFO - 22/08/08 22:48:31 INFO MemoryStore: Block broadcast_5_piece0 stored as bytes in memory (estimated size 57.8 KiB, free 433.6 MiB)
[2022-08-08 22:48:31,558] {spark_submit_hook.py:479} INFO - 22/08/08 22:48:31 INFO BlockManagerInfo: Added broadcast_5_piece0 in memory on 192.168.0.20:35161 (size: 57.8 KiB, free: 434.2 MiB)
[2022-08-08 22:48:31,559] {spark_submit_hook.py:479} INFO - 22/08/08 22:48:31 INFO SparkContext: Created broadcast 5 from broadcast at DAGScheduler.scala:1513
[2022-08-08 22:48:31,559] {spark_submit_hook.py:479} INFO - 22/08/08 22:48:31 INFO DAGScheduler: Submitting 1 missing tasks from ResultStage 2 (CoalescedRDD[11] at json at NativeMethodAccessorImpl.java:0) (first 15 tasks are for partitions Vector(0))
[2022-08-08 22:48:31,559] {spark_submit_hook.py:479} INFO - 22/08/08 22:48:31 INFO TaskSchedulerImpl: Adding task set 2.0 with 1 tasks resource profile 0
[2022-08-08 22:48:31,561] {spark_submit_hook.py:479} INFO - 22/08/08 22:48:31 INFO TaskSetManager: Starting task 0.0 in stage 2.0 (TID 2) (192.168.0.20, executor driver, partition 0, PROCESS_LOCAL, 5256 bytes) taskResourceAssignments Map()
[2022-08-08 22:48:31,562] {spark_submit_hook.py:479} INFO - 22/08/08 22:48:31 INFO Executor: Running task 0.0 in stage 2.0 (TID 2)
[2022-08-08 22:48:31,584] {spark_submit_hook.py:479} INFO - 22/08/08 22:48:31 INFO FileOutputCommitter: File Output Committer Algorithm version is 1
[2022-08-08 22:48:31,585] {spark_submit_hook.py:479} INFO - 22/08/08 22:48:31 INFO SQLHadoopMapReduceCommitProtocol: Using output committer class org.apache.hadoop.mapreduce.lib.output.FileOutputCommitter
[2022-08-08 22:48:31,594] {spark_submit_hook.py:479} INFO - 22/08/08 22:48:31 INFO FileScanRDD: Reading File path: file:///home/amadeus/ama/airflow-pipeline-alura/datapipeline/datalake/bronze/twitter_flamengomalvadao/extract_date=2022-08-07/FlamengoMalvadao_20220807.json, range: 0-34417, partition values: [empty row]
[2022-08-08 22:48:31,616] {spark_submit_hook.py:479} INFO - 22/08/08 22:48:31 INFO CodeGenerator: Code generated in 18.324719 ms
[2022-08-08 22:48:31,630] {spark_submit_hook.py:479} INFO - 22/08/08 22:48:31 INFO FileOutputCommitter: Saved output of task 'attempt_202208082248317198964207391139919_0002_m_000000_2' to file:/home/amadeus/ama/airflow-pipeline-alura/datapipeline/datalake/silver/twitter_flamengomalvadao/user/process_date=2022-08-07/_temporary/0/task_202208082248317198964207391139919_0002_m_000000
[2022-08-08 22:48:31,630] {spark_submit_hook.py:479} INFO - 22/08/08 22:48:31 INFO SparkHadoopMapRedUtil: attempt_202208082248317198964207391139919_0002_m_000000_2: Committed. Elapsed time: 0 ms.
[2022-08-08 22:48:31,631] {spark_submit_hook.py:479} INFO - 22/08/08 22:48:31 INFO Executor: Finished task 0.0 in stage 2.0 (TID 2). 2579 bytes result sent to driver
[2022-08-08 22:48:31,633] {spark_submit_hook.py:479} INFO - 22/08/08 22:48:31 INFO TaskSetManager: Finished task 0.0 in stage 2.0 (TID 2) in 72 ms on 192.168.0.20 (executor driver) (1/1)
[2022-08-08 22:48:31,633] {spark_submit_hook.py:479} INFO - 22/08/08 22:48:31 INFO TaskSchedulerImpl: Removed TaskSet 2.0, whose tasks have all completed, from pool
[2022-08-08 22:48:31,634] {spark_submit_hook.py:479} INFO - 22/08/08 22:48:31 INFO DAGScheduler: ResultStage 2 (json at NativeMethodAccessorImpl.java:0) finished in 0,103 s
[2022-08-08 22:48:31,635] {spark_submit_hook.py:479} INFO - 22/08/08 22:48:31 INFO DAGScheduler: Job 2 is finished. Cancelling potential speculative or zombie tasks for this job
[2022-08-08 22:48:31,635] {spark_submit_hook.py:479} INFO - 22/08/08 22:48:31 INFO TaskSchedulerImpl: Killing all running tasks in stage 2: Stage finished
[2022-08-08 22:48:31,636] {spark_submit_hook.py:479} INFO - 22/08/08 22:48:31 INFO DAGScheduler: Job 2 finished: json at NativeMethodAccessorImpl.java:0, took 0,108359 s
[2022-08-08 22:48:31,636] {spark_submit_hook.py:479} INFO - 22/08/08 22:48:31 INFO FileFormatWriter: Start to commit write Job a6baf0bc-c38b-4f97-8f86-3cd823c87bd2.
[2022-08-08 22:48:31,643] {spark_submit_hook.py:479} INFO - 22/08/08 22:48:31 INFO FileFormatWriter: Write Job a6baf0bc-c38b-4f97-8f86-3cd823c87bd2 committed. Elapsed time: 6 ms.
[2022-08-08 22:48:31,644] {spark_submit_hook.py:479} INFO - 22/08/08 22:48:31 INFO FileFormatWriter: Finished processing stats for write job a6baf0bc-c38b-4f97-8f86-3cd823c87bd2.
[2022-08-08 22:48:31,706] {spark_submit_hook.py:479} INFO - 22/08/08 22:48:31 INFO SparkContext: Invoking stop() from shutdown hook
[2022-08-08 22:48:31,727] {spark_submit_hook.py:479} INFO - 22/08/08 22:48:31 INFO SparkUI: Stopped Spark web UI at http://192.168.0.20:4041
[2022-08-08 22:48:31,745] {spark_submit_hook.py:479} INFO - 22/08/08 22:48:31 INFO MapOutputTrackerMasterEndpoint: MapOutputTrackerMasterEndpoint stopped!
[2022-08-08 22:48:31,757] {spark_submit_hook.py:479} INFO - 22/08/08 22:48:31 INFO MemoryStore: MemoryStore cleared
[2022-08-08 22:48:31,758] {spark_submit_hook.py:479} INFO - 22/08/08 22:48:31 INFO BlockManager: BlockManager stopped
[2022-08-08 22:48:31,772] {spark_submit_hook.py:479} INFO - 22/08/08 22:48:31 INFO BlockManagerMaster: BlockManagerMaster stopped
[2022-08-08 22:48:31,776] {spark_submit_hook.py:479} INFO - 22/08/08 22:48:31 INFO OutputCommitCoordinator$OutputCommitCoordinatorEndpoint: OutputCommitCoordinator stopped!
[2022-08-08 22:48:31,786] {spark_submit_hook.py:479} INFO - 22/08/08 22:48:31 INFO SparkContext: Successfully stopped SparkContext
[2022-08-08 22:48:31,786] {spark_submit_hook.py:479} INFO - 22/08/08 22:48:31 INFO ShutdownHookManager: Shutdown hook called
[2022-08-08 22:48:31,787] {spark_submit_hook.py:479} INFO - 22/08/08 22:48:31 INFO ShutdownHookManager: Deleting directory /tmp/spark-41b986b8-246f-4c59-9f80-c334e4340868
[2022-08-08 22:48:31,791] {spark_submit_hook.py:479} INFO - 22/08/08 22:48:31 INFO ShutdownHookManager: Deleting directory /tmp/spark-9d57465d-0c0b-42c1-ad49-fce988949932/pyspark-6fe5e218-1979-41eb-a736-7c7aadf1fd3d
[2022-08-08 22:48:31,793] {spark_submit_hook.py:479} INFO - 22/08/08 22:48:31 INFO ShutdownHookManager: Deleting directory /tmp/spark-9d57465d-0c0b-42c1-ad49-fce988949932
[2022-08-08 22:48:31,851] {taskinstance.py:1057} INFO - Marking task as SUCCESS.dag_id=twitter_dag, task_id=transform_twitter_flamengomalvadao, execution_date=20220807T090000, start_date=20220809T014819, end_date=20220809T014831
[2022-08-08 22:48:34,646] {local_task_job.py:102} INFO - Task exited with return code 0
