[2022-08-08 23:40:21,244] {taskinstance.py:670} INFO - Dependencies all met for <TaskInstance: twitter_dag.transform_twitter_flamengomalvadao 2022-08-07T09:00:00+00:00 [queued]>
[2022-08-08 23:40:21,256] {taskinstance.py:670} INFO - Dependencies all met for <TaskInstance: twitter_dag.transform_twitter_flamengomalvadao 2022-08-07T09:00:00+00:00 [queued]>
[2022-08-08 23:40:21,256] {taskinstance.py:880} INFO - 
--------------------------------------------------------------------------------
[2022-08-08 23:40:21,256] {taskinstance.py:881} INFO - Starting attempt 4 of 4
[2022-08-08 23:40:21,256] {taskinstance.py:882} INFO - 
--------------------------------------------------------------------------------
[2022-08-08 23:40:21,469] {taskinstance.py:901} INFO - Executing <Task(SparkSubmitOperator): transform_twitter_flamengomalvadao> on 2022-08-07T09:00:00+00:00
[2022-08-08 23:40:21,474] {standard_task_runner.py:54} INFO - Started process 197841 to run task
[2022-08-08 23:40:21,535] {standard_task_runner.py:77} INFO - Running: ['airflow', 'run', 'twitter_dag', 'transform_twitter_flamengomalvadao', '2022-08-07T09:00:00+00:00', '--job_id', '167', '--pool', 'default_pool', '--raw', '-sd', 'DAGS_FOLDER/twitter_dag.py', '--cfg_path', '/tmp/tmpvztlribn']
[2022-08-08 23:40:21,535] {standard_task_runner.py:78} INFO - Job 167: Subtask transform_twitter_flamengomalvadao
[2022-08-08 23:40:21,806] {logging_mixin.py:112} INFO - Running <TaskInstance: twitter_dag.transform_twitter_flamengomalvadao 2022-08-07T09:00:00+00:00 [running]> on host ama
[2022-08-08 23:40:21,850] {base_hook.py:89} INFO - Using connection to: id: spark_default. Host: local, Port: None, Schema: None, Login: None, Password: None, extra: XXXXXXXX
[2022-08-08 23:40:21,851] {spark_submit_hook.py:325} INFO - Spark-Submit cmd: /home/amadeus/Downloads/spark-3.3.0-bin-hadoop2/bin/spark-submit --master local --name twitter_transformation /home/amadeus/ama/airflow-pipeline-alura/datapipeline/spark/transfortmation.py --src /home/amadeus/ama/airflow-pipeline-alura/datapipeline/datalake/bronze/twitter_flamengomalvadao/extract_date=2022-08-07 --dest /home/amadeus/ama/airflow-pipeline-alura/datapipeline/datalake/silver/twitter_flamengomalvadao/ --process-date 2022-08-07
[2022-08-08 23:40:23,099] {spark_submit_hook.py:479} INFO - 22/08/08 23:40:23 WARN Utils: Your hostname, ama resolves to a loopback address: 127.0.1.1; using 192.168.0.20 instead (on interface wlo1)
[2022-08-08 23:40:23,101] {spark_submit_hook.py:479} INFO - 22/08/08 23:40:23 WARN Utils: Set SPARK_LOCAL_IP if you need to bind to another address
[2022-08-08 23:40:24,041] {spark_submit_hook.py:479} INFO - 22/08/08 23:40:24 INFO SparkContext: Running Spark version 3.3.0
[2022-08-08 23:40:24,134] {spark_submit_hook.py:479} INFO - 22/08/08 23:40:24 WARN NativeCodeLoader: Unable to load native-hadoop library for your platform... using builtin-java classes where applicable
[2022-08-08 23:40:24,206] {spark_submit_hook.py:479} INFO - 22/08/08 23:40:24 INFO ResourceUtils: ==============================================================
[2022-08-08 23:40:24,206] {spark_submit_hook.py:479} INFO - 22/08/08 23:40:24 INFO ResourceUtils: No custom resources configured for spark.driver.
[2022-08-08 23:40:24,206] {spark_submit_hook.py:479} INFO - 22/08/08 23:40:24 INFO ResourceUtils: ==============================================================
[2022-08-08 23:40:24,207] {spark_submit_hook.py:479} INFO - 22/08/08 23:40:24 INFO SparkContext: Submitted application: twitter_transformation
[2022-08-08 23:40:24,223] {spark_submit_hook.py:479} INFO - 22/08/08 23:40:24 INFO ResourceProfile: Default ResourceProfile created, executor resources: Map(cores -> name: cores, amount: 1, script: , vendor: , memory -> name: memory, amount: 1024, script: , vendor: , offHeap -> name: offHeap, amount: 0, script: , vendor: ), task resources: Map(cpus -> name: cpus, amount: 1.0)
[2022-08-08 23:40:24,233] {spark_submit_hook.py:479} INFO - 22/08/08 23:40:24 INFO ResourceProfile: Limiting resource is cpu
[2022-08-08 23:40:24,234] {spark_submit_hook.py:479} INFO - 22/08/08 23:40:24 INFO ResourceProfileManager: Added ResourceProfile id: 0
[2022-08-08 23:40:24,275] {spark_submit_hook.py:479} INFO - 22/08/08 23:40:24 INFO SecurityManager: Changing view acls to: amadeus
[2022-08-08 23:40:24,275] {spark_submit_hook.py:479} INFO - 22/08/08 23:40:24 INFO SecurityManager: Changing modify acls to: amadeus
[2022-08-08 23:40:24,276] {spark_submit_hook.py:479} INFO - 22/08/08 23:40:24 INFO SecurityManager: Changing view acls groups to:
[2022-08-08 23:40:24,276] {spark_submit_hook.py:479} INFO - 22/08/08 23:40:24 INFO SecurityManager: Changing modify acls groups to:
[2022-08-08 23:40:24,277] {spark_submit_hook.py:479} INFO - 22/08/08 23:40:24 INFO SecurityManager: SecurityManager: authentication disabled; ui acls disabled; users  with view permissions: Set(amadeus); groups with view permissions: Set(); users  with modify permissions: Set(amadeus); groups with modify permissions: Set()
[2022-08-08 23:40:24,528] {spark_submit_hook.py:479} INFO - 22/08/08 23:40:24 INFO Utils: Successfully started service 'sparkDriver' on port 40807.
[2022-08-08 23:40:24,556] {spark_submit_hook.py:479} INFO - 22/08/08 23:40:24 INFO SparkEnv: Registering MapOutputTracker
[2022-08-08 23:40:24,592] {spark_submit_hook.py:479} INFO - 22/08/08 23:40:24 INFO SparkEnv: Registering BlockManagerMaster
[2022-08-08 23:40:24,607] {spark_submit_hook.py:479} INFO - 22/08/08 23:40:24 INFO BlockManagerMasterEndpoint: Using org.apache.spark.storage.DefaultTopologyMapper for getting topology information
[2022-08-08 23:40:24,607] {spark_submit_hook.py:479} INFO - 22/08/08 23:40:24 INFO BlockManagerMasterEndpoint: BlockManagerMasterEndpoint up
[2022-08-08 23:40:24,610] {spark_submit_hook.py:479} INFO - 22/08/08 23:40:24 INFO SparkEnv: Registering BlockManagerMasterHeartbeat
[2022-08-08 23:40:24,629] {spark_submit_hook.py:479} INFO - 22/08/08 23:40:24 INFO DiskBlockManager: Created local directory at /tmp/blockmgr-a3498cc0-831a-46fe-8a2b-f0efc5fd9fe9
[2022-08-08 23:40:24,643] {spark_submit_hook.py:479} INFO - 22/08/08 23:40:24 INFO MemoryStore: MemoryStore started with capacity 434.4 MiB
[2022-08-08 23:40:24,657] {spark_submit_hook.py:479} INFO - 22/08/08 23:40:24 INFO SparkEnv: Registering OutputCommitCoordinator
[2022-08-08 23:40:24,837] {spark_submit_hook.py:479} INFO - 22/08/08 23:40:24 WARN Utils: Service 'SparkUI' could not bind on port 4040. Attempting port 4041.
[2022-08-08 23:40:24,845] {spark_submit_hook.py:479} INFO - 22/08/08 23:40:24 INFO Utils: Successfully started service 'SparkUI' on port 4041.
[2022-08-08 23:40:24,952] {spark_submit_hook.py:479} INFO - 22/08/08 23:40:24 INFO Executor: Starting executor ID driver on host 192.168.0.20
[2022-08-08 23:40:24,958] {spark_submit_hook.py:479} INFO - 22/08/08 23:40:24 INFO Executor: Starting executor with user classpath (userClassPathFirst = false): ''
[2022-08-08 23:40:24,974] {spark_submit_hook.py:479} INFO - 22/08/08 23:40:24 INFO Utils: Successfully started service 'org.apache.spark.network.netty.NettyBlockTransferService' on port 43087.
[2022-08-08 23:40:24,975] {spark_submit_hook.py:479} INFO - 22/08/08 23:40:24 INFO NettyBlockTransferService: Server created on 192.168.0.20:43087
[2022-08-08 23:40:24,976] {spark_submit_hook.py:479} INFO - 22/08/08 23:40:24 INFO BlockManager: Using org.apache.spark.storage.RandomBlockReplicationPolicy for block replication policy
[2022-08-08 23:40:24,981] {spark_submit_hook.py:479} INFO - 22/08/08 23:40:24 INFO BlockManagerMaster: Registering BlockManager BlockManagerId(driver, 192.168.0.20, 43087, None)
[2022-08-08 23:40:24,984] {spark_submit_hook.py:479} INFO - 22/08/08 23:40:24 INFO BlockManagerMasterEndpoint: Registering block manager 192.168.0.20:43087 with 434.4 MiB RAM, BlockManagerId(driver, 192.168.0.20, 43087, None)
[2022-08-08 23:40:24,986] {spark_submit_hook.py:479} INFO - 22/08/08 23:40:24 INFO BlockManagerMaster: Registered BlockManager BlockManagerId(driver, 192.168.0.20, 43087, None)
[2022-08-08 23:40:24,987] {spark_submit_hook.py:479} INFO - 22/08/08 23:40:24 INFO BlockManager: Initialized BlockManager: BlockManagerId(driver, 192.168.0.20, 43087, None)
[2022-08-08 23:40:25,387] {spark_submit_hook.py:479} INFO - 22/08/08 23:40:25 INFO SharedState: Setting hive.metastore.warehouse.dir ('null') to the value of spark.sql.warehouse.dir.
[2022-08-08 23:40:25,391] {spark_submit_hook.py:479} INFO - 22/08/08 23:40:25 INFO SharedState: Warehouse path is 'file:/home/amadeus/ama/airflow-pipeline-alura/datapipeline/spark-warehouse'.
[2022-08-08 23:40:26,043] {spark_submit_hook.py:479} INFO - 22/08/08 23:40:26 INFO InMemoryFileIndex: It took 34 ms to list leaf files for 1 paths.
[2022-08-08 23:40:26,105] {spark_submit_hook.py:479} INFO - 22/08/08 23:40:26 INFO InMemoryFileIndex: It took 2 ms to list leaf files for 1 paths.
[2022-08-08 23:40:27,690] {spark_submit_hook.py:479} INFO - 22/08/08 23:40:27 INFO FileSourceStrategy: Pushed Filters:
[2022-08-08 23:40:27,691] {spark_submit_hook.py:479} INFO - 22/08/08 23:40:27 INFO FileSourceStrategy: Post-Scan Filters:
[2022-08-08 23:40:27,693] {spark_submit_hook.py:479} INFO - 22/08/08 23:40:27 INFO FileSourceStrategy: Output Data Schema: struct<value: string>
[2022-08-08 23:40:27,908] {spark_submit_hook.py:479} INFO - 22/08/08 23:40:27 INFO MemoryStore: Block broadcast_0 stored as values in memory (estimated size 173.7 KiB, free 434.2 MiB)
[2022-08-08 23:40:27,947] {spark_submit_hook.py:479} INFO - 22/08/08 23:40:27 INFO MemoryStore: Block broadcast_0_piece0 stored as bytes in memory (estimated size 24.7 KiB, free 434.2 MiB)
[2022-08-08 23:40:27,958] {spark_submit_hook.py:479} INFO - 22/08/08 23:40:27 INFO BlockManagerInfo: Added broadcast_0_piece0 in memory on 192.168.0.20:43087 (size: 24.7 KiB, free: 434.4 MiB)
[2022-08-08 23:40:27,964] {spark_submit_hook.py:479} INFO - 22/08/08 23:40:27 INFO SparkContext: Created broadcast 0 from json at NativeMethodAccessorImpl.java:0
[2022-08-08 23:40:27,971] {spark_submit_hook.py:479} INFO - 22/08/08 23:40:27 INFO FileSourceScanExec: Planning scan with bin packing, max size: 4228721 bytes, open cost is considered as scanning 4194304 bytes.
[2022-08-08 23:40:28,148] {spark_submit_hook.py:479} INFO - 22/08/08 23:40:28 INFO SparkContext: Starting job: json at NativeMethodAccessorImpl.java:0
[2022-08-08 23:40:28,160] {spark_submit_hook.py:479} INFO - 22/08/08 23:40:28 INFO DAGScheduler: Got job 0 (json at NativeMethodAccessorImpl.java:0) with 1 output partitions
[2022-08-08 23:40:28,160] {spark_submit_hook.py:479} INFO - 22/08/08 23:40:28 INFO DAGScheduler: Final stage: ResultStage 0 (json at NativeMethodAccessorImpl.java:0)
[2022-08-08 23:40:28,161] {spark_submit_hook.py:479} INFO - 22/08/08 23:40:28 INFO DAGScheduler: Parents of final stage: List()
[2022-08-08 23:40:28,161] {spark_submit_hook.py:479} INFO - 22/08/08 23:40:28 INFO DAGScheduler: Missing parents: List()
[2022-08-08 23:40:28,165] {spark_submit_hook.py:479} INFO - 22/08/08 23:40:28 INFO DAGScheduler: Submitting ResultStage 0 (MapPartitionsRDD[3] at json at NativeMethodAccessorImpl.java:0), which has no missing parents
[2022-08-08 23:40:28,228] {spark_submit_hook.py:479} INFO - 22/08/08 23:40:28 INFO MemoryStore: Block broadcast_1 stored as values in memory (estimated size 14.5 KiB, free 434.2 MiB)
[2022-08-08 23:40:28,230] {spark_submit_hook.py:479} INFO - 22/08/08 23:40:28 INFO MemoryStore: Block broadcast_1_piece0 stored as bytes in memory (estimated size 7.0 KiB, free 434.2 MiB)
[2022-08-08 23:40:28,230] {spark_submit_hook.py:479} INFO - 22/08/08 23:40:28 INFO BlockManagerInfo: Added broadcast_1_piece0 in memory on 192.168.0.20:43087 (size: 7.0 KiB, free: 434.4 MiB)
[2022-08-08 23:40:28,231] {spark_submit_hook.py:479} INFO - 22/08/08 23:40:28 INFO SparkContext: Created broadcast 1 from broadcast at DAGScheduler.scala:1513
[2022-08-08 23:40:28,241] {spark_submit_hook.py:479} INFO - 22/08/08 23:40:28 INFO DAGScheduler: Submitting 1 missing tasks from ResultStage 0 (MapPartitionsRDD[3] at json at NativeMethodAccessorImpl.java:0) (first 15 tasks are for partitions Vector(0))
[2022-08-08 23:40:28,241] {spark_submit_hook.py:479} INFO - 22/08/08 23:40:28 INFO TaskSchedulerImpl: Adding task set 0.0 with 1 tasks resource profile 0
[2022-08-08 23:40:28,281] {spark_submit_hook.py:479} INFO - 22/08/08 23:40:28 INFO TaskSetManager: Starting task 0.0 in stage 0.0 (TID 0) (192.168.0.20, executor driver, partition 0, PROCESS_LOCAL, 5027 bytes) taskResourceAssignments Map()
[2022-08-08 23:40:28,293] {spark_submit_hook.py:479} INFO - 22/08/08 23:40:28 INFO Executor: Running task 0.0 in stage 0.0 (TID 0)
[2022-08-08 23:40:28,393] {spark_submit_hook.py:479} INFO - 22/08/08 23:40:28 INFO FileScanRDD: Reading File path: file:///home/amadeus/ama/airflow-pipeline-alura/datapipeline/datalake/bronze/twitter_flamengomalvadao/extract_date=2022-08-07/FlamengoMalvadao_20220807.json, range: 0-34417, partition values: [empty row]
[2022-08-08 23:40:28,547] {spark_submit_hook.py:479} INFO - 22/08/08 23:40:28 INFO CodeGenerator: Code generated in 126.792536 ms
[2022-08-08 23:40:28,596] {spark_submit_hook.py:479} INFO - 22/08/08 23:40:28 INFO Executor: Finished task 0.0 in stage 0.0 (TID 0). 2823 bytes result sent to driver
[2022-08-08 23:40:28,603] {spark_submit_hook.py:479} INFO - 22/08/08 23:40:28 INFO TaskSetManager: Finished task 0.0 in stage 0.0 (TID 0) in 329 ms on 192.168.0.20 (executor driver) (1/1)
[2022-08-08 23:40:28,604] {spark_submit_hook.py:479} INFO - 22/08/08 23:40:28 INFO TaskSchedulerImpl: Removed TaskSet 0.0, whose tasks have all completed, from pool
[2022-08-08 23:40:28,608] {spark_submit_hook.py:479} INFO - 22/08/08 23:40:28 INFO DAGScheduler: ResultStage 0 (json at NativeMethodAccessorImpl.java:0) finished in 0,432 s
[2022-08-08 23:40:28,611] {spark_submit_hook.py:479} INFO - 22/08/08 23:40:28 INFO DAGScheduler: Job 0 is finished. Cancelling potential speculative or zombie tasks for this job
[2022-08-08 23:40:28,611] {spark_submit_hook.py:479} INFO - 22/08/08 23:40:28 INFO TaskSchedulerImpl: Killing all running tasks in stage 0: Stage finished
[2022-08-08 23:40:28,613] {spark_submit_hook.py:479} INFO - 22/08/08 23:40:28 INFO DAGScheduler: Job 0 finished: json at NativeMethodAccessorImpl.java:0, took 0,464729 s
[2022-08-08 23:40:28,918] {spark_submit_hook.py:479} INFO - 22/08/08 23:40:28 INFO BlockManagerInfo: Removed broadcast_1_piece0 on 192.168.0.20:43087 in memory (size: 7.0 KiB, free: 434.4 MiB)
[2022-08-08 23:40:28,923] {spark_submit_hook.py:479} INFO - 22/08/08 23:40:28 INFO BlockManagerInfo: Removed broadcast_0_piece0 on 192.168.0.20:43087 in memory (size: 24.7 KiB, free: 434.4 MiB)
[2022-08-08 23:40:28,943] {spark_submit_hook.py:479} INFO - 22/08/08 23:40:28 INFO FileSourceStrategy: Pushed Filters: IsNotNull(data)
[2022-08-08 23:40:28,944] {spark_submit_hook.py:479} INFO - 22/08/08 23:40:28 INFO FileSourceStrategy: Post-Scan Filters: (size(data#8, true) > 0),isnotnull(data#8)
[2022-08-08 23:40:28,945] {spark_submit_hook.py:479} INFO - 22/08/08 23:40:28 INFO FileSourceStrategy: Output Data Schema: struct<data: array<struct<author_id:string,conversation_id:string,created_at:string,id:string,in_reply_to_user_id:string,public_metrics:struct<like_count:bigint,quote_count:bigint,reply_count:bigint,retweet_count:bigint>,text:string>>>
[2022-08-08 23:40:29,012] {spark_submit_hook.py:479} INFO - 22/08/08 23:40:29 INFO FileOutputCommitter: File Output Committer Algorithm version is 1
[2022-08-08 23:40:29,013] {spark_submit_hook.py:479} INFO - 22/08/08 23:40:29 INFO SQLHadoopMapReduceCommitProtocol: Using output committer class org.apache.hadoop.mapreduce.lib.output.FileOutputCommitter
[2022-08-08 23:40:29,128] {spark_submit_hook.py:479} INFO - 22/08/08 23:40:29 INFO CodeGenerator: Code generated in 64.191282 ms
[2022-08-08 23:40:29,134] {spark_submit_hook.py:479} INFO - 22/08/08 23:40:29 INFO MemoryStore: Block broadcast_2 stored as values in memory (estimated size 173.5 KiB, free 434.2 MiB)
[2022-08-08 23:40:29,144] {spark_submit_hook.py:479} INFO - 22/08/08 23:40:29 INFO MemoryStore: Block broadcast_2_piece0 stored as bytes in memory (estimated size 24.6 KiB, free 434.2 MiB)
[2022-08-08 23:40:29,145] {spark_submit_hook.py:479} INFO - 22/08/08 23:40:29 INFO BlockManagerInfo: Added broadcast_2_piece0 in memory on 192.168.0.20:43087 (size: 24.6 KiB, free: 434.4 MiB)
[2022-08-08 23:40:29,146] {spark_submit_hook.py:479} INFO - 22/08/08 23:40:29 INFO SparkContext: Created broadcast 2 from json at NativeMethodAccessorImpl.java:0
[2022-08-08 23:40:29,148] {spark_submit_hook.py:479} INFO - 22/08/08 23:40:29 INFO FileSourceScanExec: Planning scan with bin packing, max size: 4228721 bytes, open cost is considered as scanning 4194304 bytes.
[2022-08-08 23:40:29,195] {spark_submit_hook.py:479} INFO - 22/08/08 23:40:29 INFO SparkContext: Starting job: json at NativeMethodAccessorImpl.java:0
[2022-08-08 23:40:29,197] {spark_submit_hook.py:479} INFO - 22/08/08 23:40:29 INFO DAGScheduler: Got job 1 (json at NativeMethodAccessorImpl.java:0) with 1 output partitions
[2022-08-08 23:40:29,197] {spark_submit_hook.py:479} INFO - 22/08/08 23:40:29 INFO DAGScheduler: Final stage: ResultStage 1 (json at NativeMethodAccessorImpl.java:0)
[2022-08-08 23:40:29,197] {spark_submit_hook.py:479} INFO - 22/08/08 23:40:29 INFO DAGScheduler: Parents of final stage: List()
[2022-08-08 23:40:29,197] {spark_submit_hook.py:479} INFO - 22/08/08 23:40:29 INFO DAGScheduler: Missing parents: List()
[2022-08-08 23:40:29,198] {spark_submit_hook.py:479} INFO - 22/08/08 23:40:29 INFO DAGScheduler: Submitting ResultStage 1 (CoalescedRDD[7] at json at NativeMethodAccessorImpl.java:0), which has no missing parents
[2022-08-08 23:40:29,220] {spark_submit_hook.py:479} INFO - 22/08/08 23:40:29 INFO MemoryStore: Block broadcast_3 stored as values in memory (estimated size 175.8 KiB, free 434.0 MiB)
[2022-08-08 23:40:29,224] {spark_submit_hook.py:479} INFO - 22/08/08 23:40:29 INFO MemoryStore: Block broadcast_3_piece0 stored as bytes in memory (estimated size 60.9 KiB, free 434.0 MiB)
[2022-08-08 23:40:29,225] {spark_submit_hook.py:479} INFO - 22/08/08 23:40:29 INFO BlockManagerInfo: Added broadcast_3_piece0 in memory on 192.168.0.20:43087 (size: 60.9 KiB, free: 434.3 MiB)
[2022-08-08 23:40:29,225] {spark_submit_hook.py:479} INFO - 22/08/08 23:40:29 INFO SparkContext: Created broadcast 3 from broadcast at DAGScheduler.scala:1513
[2022-08-08 23:40:29,226] {spark_submit_hook.py:479} INFO - 22/08/08 23:40:29 INFO DAGScheduler: Submitting 1 missing tasks from ResultStage 1 (CoalescedRDD[7] at json at NativeMethodAccessorImpl.java:0) (first 15 tasks are for partitions Vector(0))
[2022-08-08 23:40:29,226] {spark_submit_hook.py:479} INFO - 22/08/08 23:40:29 INFO TaskSchedulerImpl: Adding task set 1.0 with 1 tasks resource profile 0
[2022-08-08 23:40:29,230] {spark_submit_hook.py:479} INFO - 22/08/08 23:40:29 INFO TaskSetManager: Starting task 0.0 in stage 1.0 (TID 1) (192.168.0.20, executor driver, partition 0, PROCESS_LOCAL, 5256 bytes) taskResourceAssignments Map()
[2022-08-08 23:40:29,230] {spark_submit_hook.py:479} INFO - 22/08/08 23:40:29 INFO Executor: Running task 0.0 in stage 1.0 (TID 1)
[2022-08-08 23:40:29,267] {spark_submit_hook.py:479} INFO - 22/08/08 23:40:29 INFO FileOutputCommitter: File Output Committer Algorithm version is 1
[2022-08-08 23:40:29,267] {spark_submit_hook.py:479} INFO - 22/08/08 23:40:29 INFO SQLHadoopMapReduceCommitProtocol: Using output committer class org.apache.hadoop.mapreduce.lib.output.FileOutputCommitter
[2022-08-08 23:40:29,287] {spark_submit_hook.py:479} INFO - 22/08/08 23:40:29 INFO FileScanRDD: Reading File path: file:///home/amadeus/ama/airflow-pipeline-alura/datapipeline/datalake/bronze/twitter_flamengomalvadao/extract_date=2022-08-07/FlamengoMalvadao_20220807.json, range: 0-34417, partition values: [empty row]
[2022-08-08 23:40:29,305] {spark_submit_hook.py:479} INFO - 22/08/08 23:40:29 INFO CodeGenerator: Code generated in 15.436711 ms
[2022-08-08 23:40:29,322] {spark_submit_hook.py:479} INFO - 22/08/08 23:40:29 INFO CodeGenerator: Code generated in 4.413293 ms
[2022-08-08 23:40:29,357] {spark_submit_hook.py:479} INFO - 22/08/08 23:40:29 INFO FileOutputCommitter: Saved output of task 'attempt_202208082340291264913905754134976_0001_m_000000_1' to file:/home/amadeus/ama/airflow-pipeline-alura/datapipeline/datalake/silver/twitter_flamengomalvadao/tweet/process_date=2022-08-07/_temporary/0/task_202208082340291264913905754134976_0001_m_000000
[2022-08-08 23:40:29,357] {spark_submit_hook.py:479} INFO - 22/08/08 23:40:29 INFO SparkHadoopMapRedUtil: attempt_202208082340291264913905754134976_0001_m_000000_1: Committed. Elapsed time: 0 ms.
[2022-08-08 23:40:29,362] {spark_submit_hook.py:479} INFO - 22/08/08 23:40:29 INFO Executor: Finished task 0.0 in stage 1.0 (TID 1). 2678 bytes result sent to driver
[2022-08-08 23:40:29,364] {spark_submit_hook.py:479} INFO - 22/08/08 23:40:29 INFO TaskSetManager: Finished task 0.0 in stage 1.0 (TID 1) in 137 ms on 192.168.0.20 (executor driver) (1/1)
[2022-08-08 23:40:29,364] {spark_submit_hook.py:479} INFO - 22/08/08 23:40:29 INFO TaskSchedulerImpl: Removed TaskSet 1.0, whose tasks have all completed, from pool
[2022-08-08 23:40:29,365] {spark_submit_hook.py:479} INFO - 22/08/08 23:40:29 INFO DAGScheduler: ResultStage 1 (json at NativeMethodAccessorImpl.java:0) finished in 0,165 s
[2022-08-08 23:40:29,365] {spark_submit_hook.py:479} INFO - 22/08/08 23:40:29 INFO DAGScheduler: Job 1 is finished. Cancelling potential speculative or zombie tasks for this job
[2022-08-08 23:40:29,365] {spark_submit_hook.py:479} INFO - 22/08/08 23:40:29 INFO TaskSchedulerImpl: Killing all running tasks in stage 1: Stage finished
[2022-08-08 23:40:29,366] {spark_submit_hook.py:479} INFO - 22/08/08 23:40:29 INFO DAGScheduler: Job 1 finished: json at NativeMethodAccessorImpl.java:0, took 0,170365 s
[2022-08-08 23:40:29,367] {spark_submit_hook.py:479} INFO - 22/08/08 23:40:29 INFO FileFormatWriter: Start to commit write Job d2f10d85-d08b-4be8-aad1-3aeb8307e87c.
[2022-08-08 23:40:29,377] {spark_submit_hook.py:479} INFO - 22/08/08 23:40:29 INFO FileFormatWriter: Write Job d2f10d85-d08b-4be8-aad1-3aeb8307e87c committed. Elapsed time: 8 ms.
[2022-08-08 23:40:29,379] {spark_submit_hook.py:479} INFO - 22/08/08 23:40:29 INFO FileFormatWriter: Finished processing stats for write job d2f10d85-d08b-4be8-aad1-3aeb8307e87c.
[2022-08-08 23:40:29,406] {spark_submit_hook.py:479} INFO - 22/08/08 23:40:29 INFO FileSourceStrategy: Pushed Filters:
[2022-08-08 23:40:29,407] {spark_submit_hook.py:479} INFO - 22/08/08 23:40:29 INFO FileSourceStrategy: Post-Scan Filters:
[2022-08-08 23:40:29,407] {spark_submit_hook.py:479} INFO - 22/08/08 23:40:29 INFO FileSourceStrategy: Output Data Schema: struct<includes: struct<users: array<struct<created_at:string,id:string,name:string,username:string>>>>
[2022-08-08 23:40:29,414] {spark_submit_hook.py:479} INFO - 22/08/08 23:40:29 INFO FileOutputCommitter: File Output Committer Algorithm version is 1
[2022-08-08 23:40:29,414] {spark_submit_hook.py:479} INFO - 22/08/08 23:40:29 INFO SQLHadoopMapReduceCommitProtocol: Using output committer class org.apache.hadoop.mapreduce.lib.output.FileOutputCommitter
[2022-08-08 23:40:29,431] {spark_submit_hook.py:479} INFO - 22/08/08 23:40:29 INFO CodeGenerator: Code generated in 11.295079 ms
[2022-08-08 23:40:29,435] {spark_submit_hook.py:479} INFO - 22/08/08 23:40:29 INFO MemoryStore: Block broadcast_4 stored as values in memory (estimated size 173.5 KiB, free 433.8 MiB)
[2022-08-08 23:40:29,442] {spark_submit_hook.py:479} INFO - 22/08/08 23:40:29 INFO MemoryStore: Block broadcast_4_piece0 stored as bytes in memory (estimated size 24.6 KiB, free 433.8 MiB)
[2022-08-08 23:40:29,443] {spark_submit_hook.py:479} INFO - 22/08/08 23:40:29 INFO BlockManagerInfo: Added broadcast_4_piece0 in memory on 192.168.0.20:43087 (size: 24.6 KiB, free: 434.3 MiB)
[2022-08-08 23:40:29,444] {spark_submit_hook.py:479} INFO - 22/08/08 23:40:29 INFO SparkContext: Created broadcast 4 from json at NativeMethodAccessorImpl.java:0
[2022-08-08 23:40:29,445] {spark_submit_hook.py:479} INFO - 22/08/08 23:40:29 INFO FileSourceScanExec: Planning scan with bin packing, max size: 4228721 bytes, open cost is considered as scanning 4194304 bytes.
[2022-08-08 23:40:29,461] {spark_submit_hook.py:479} INFO - 22/08/08 23:40:29 INFO SparkContext: Starting job: json at NativeMethodAccessorImpl.java:0
[2022-08-08 23:40:29,463] {spark_submit_hook.py:479} INFO - 22/08/08 23:40:29 INFO DAGScheduler: Got job 2 (json at NativeMethodAccessorImpl.java:0) with 1 output partitions
[2022-08-08 23:40:29,463] {spark_submit_hook.py:479} INFO - 22/08/08 23:40:29 INFO DAGScheduler: Final stage: ResultStage 2 (json at NativeMethodAccessorImpl.java:0)
[2022-08-08 23:40:29,463] {spark_submit_hook.py:479} INFO - 22/08/08 23:40:29 INFO DAGScheduler: Parents of final stage: List()
[2022-08-08 23:40:29,463] {spark_submit_hook.py:479} INFO - 22/08/08 23:40:29 INFO DAGScheduler: Missing parents: List()
[2022-08-08 23:40:29,464] {spark_submit_hook.py:479} INFO - 22/08/08 23:40:29 INFO DAGScheduler: Submitting ResultStage 2 (CoalescedRDD[11] at json at NativeMethodAccessorImpl.java:0), which has no missing parents
[2022-08-08 23:40:29,478] {spark_submit_hook.py:479} INFO - 22/08/08 23:40:29 INFO MemoryStore: Block broadcast_5 stored as values in memory (estimated size 161.1 KiB, free 433.6 MiB)
[2022-08-08 23:40:29,481] {spark_submit_hook.py:479} INFO - 22/08/08 23:40:29 INFO MemoryStore: Block broadcast_5_piece0 stored as bytes in memory (estimated size 57.8 KiB, free 433.6 MiB)
[2022-08-08 23:40:29,482] {spark_submit_hook.py:479} INFO - 22/08/08 23:40:29 INFO BlockManagerInfo: Added broadcast_5_piece0 in memory on 192.168.0.20:43087 (size: 57.8 KiB, free: 434.2 MiB)
[2022-08-08 23:40:29,482] {spark_submit_hook.py:479} INFO - 22/08/08 23:40:29 INFO SparkContext: Created broadcast 5 from broadcast at DAGScheduler.scala:1513
[2022-08-08 23:40:29,483] {spark_submit_hook.py:479} INFO - 22/08/08 23:40:29 INFO DAGScheduler: Submitting 1 missing tasks from ResultStage 2 (CoalescedRDD[11] at json at NativeMethodAccessorImpl.java:0) (first 15 tasks are for partitions Vector(0))
[2022-08-08 23:40:29,483] {spark_submit_hook.py:479} INFO - 22/08/08 23:40:29 INFO TaskSchedulerImpl: Adding task set 2.0 with 1 tasks resource profile 0
[2022-08-08 23:40:29,484] {spark_submit_hook.py:479} INFO - 22/08/08 23:40:29 INFO TaskSetManager: Starting task 0.0 in stage 2.0 (TID 2) (192.168.0.20, executor driver, partition 0, PROCESS_LOCAL, 5256 bytes) taskResourceAssignments Map()
[2022-08-08 23:40:29,485] {spark_submit_hook.py:479} INFO - 22/08/08 23:40:29 INFO Executor: Running task 0.0 in stage 2.0 (TID 2)
[2022-08-08 23:40:29,505] {spark_submit_hook.py:479} INFO - 22/08/08 23:40:29 INFO FileOutputCommitter: File Output Committer Algorithm version is 1
[2022-08-08 23:40:29,506] {spark_submit_hook.py:479} INFO - 22/08/08 23:40:29 INFO SQLHadoopMapReduceCommitProtocol: Using output committer class org.apache.hadoop.mapreduce.lib.output.FileOutputCommitter
[2022-08-08 23:40:29,513] {spark_submit_hook.py:479} INFO - 22/08/08 23:40:29 INFO FileScanRDD: Reading File path: file:///home/amadeus/ama/airflow-pipeline-alura/datapipeline/datalake/bronze/twitter_flamengomalvadao/extract_date=2022-08-07/FlamengoMalvadao_20220807.json, range: 0-34417, partition values: [empty row]
[2022-08-08 23:40:29,532] {spark_submit_hook.py:479} INFO - 22/08/08 23:40:29 INFO CodeGenerator: Code generated in 16.047627 ms
[2022-08-08 23:40:29,549] {spark_submit_hook.py:479} INFO - 22/08/08 23:40:29 INFO BlockManagerInfo: Removed broadcast_2_piece0 on 192.168.0.20:43087 in memory (size: 24.6 KiB, free: 434.3 MiB)
[2022-08-08 23:40:29,552] {spark_submit_hook.py:479} INFO - 22/08/08 23:40:29 INFO BlockManagerInfo: Removed broadcast_3_piece0 on 192.168.0.20:43087 in memory (size: 60.9 KiB, free: 434.3 MiB)
[2022-08-08 23:40:29,556] {spark_submit_hook.py:479} INFO - 22/08/08 23:40:29 INFO FileOutputCommitter: Saved output of task 'attempt_20220808234029394086618683655380_0002_m_000000_2' to file:/home/amadeus/ama/airflow-pipeline-alura/datapipeline/datalake/silver/twitter_flamengomalvadao/user/process_date=2022-08-07/_temporary/0/task_20220808234029394086618683655380_0002_m_000000
[2022-08-08 23:40:29,556] {spark_submit_hook.py:479} INFO - 22/08/08 23:40:29 INFO SparkHadoopMapRedUtil: attempt_20220808234029394086618683655380_0002_m_000000_2: Committed. Elapsed time: 0 ms.
[2022-08-08 23:40:29,558] {spark_submit_hook.py:479} INFO - 22/08/08 23:40:29 INFO Executor: Finished task 0.0 in stage 2.0 (TID 2). 2622 bytes result sent to driver
[2022-08-08 23:40:29,565] {spark_submit_hook.py:479} INFO - 22/08/08 23:40:29 INFO TaskSetManager: Finished task 0.0 in stage 2.0 (TID 2) in 81 ms on 192.168.0.20 (executor driver) (1/1)
[2022-08-08 23:40:29,565] {spark_submit_hook.py:479} INFO - 22/08/08 23:40:29 INFO TaskSchedulerImpl: Removed TaskSet 2.0, whose tasks have all completed, from pool
[2022-08-08 23:40:29,566] {spark_submit_hook.py:479} INFO - 22/08/08 23:40:29 INFO DAGScheduler: ResultStage 2 (json at NativeMethodAccessorImpl.java:0) finished in 0,100 s
[2022-08-08 23:40:29,567] {spark_submit_hook.py:479} INFO - 22/08/08 23:40:29 INFO DAGScheduler: Job 2 is finished. Cancelling potential speculative or zombie tasks for this job
[2022-08-08 23:40:29,567] {spark_submit_hook.py:479} INFO - 22/08/08 23:40:29 INFO TaskSchedulerImpl: Killing all running tasks in stage 2: Stage finished
[2022-08-08 23:40:29,567] {spark_submit_hook.py:479} INFO - 22/08/08 23:40:29 INFO DAGScheduler: Job 2 finished: json at NativeMethodAccessorImpl.java:0, took 0,105948 s
[2022-08-08 23:40:29,568] {spark_submit_hook.py:479} INFO - 22/08/08 23:40:29 INFO FileFormatWriter: Start to commit write Job fff23022-807d-4def-99e9-4127e580a47d.
[2022-08-08 23:40:29,574] {spark_submit_hook.py:479} INFO - 22/08/08 23:40:29 INFO FileFormatWriter: Write Job fff23022-807d-4def-99e9-4127e580a47d committed. Elapsed time: 6 ms.
[2022-08-08 23:40:29,575] {spark_submit_hook.py:479} INFO - 22/08/08 23:40:29 INFO FileFormatWriter: Finished processing stats for write job fff23022-807d-4def-99e9-4127e580a47d.
[2022-08-08 23:40:29,607] {spark_submit_hook.py:479} INFO - 22/08/08 23:40:29 INFO SparkContext: Invoking stop() from shutdown hook
[2022-08-08 23:40:29,614] {spark_submit_hook.py:479} INFO - 22/08/08 23:40:29 INFO SparkUI: Stopped Spark web UI at http://192.168.0.20:4041
[2022-08-08 23:40:29,624] {spark_submit_hook.py:479} INFO - 22/08/08 23:40:29 INFO MapOutputTrackerMasterEndpoint: MapOutputTrackerMasterEndpoint stopped!
[2022-08-08 23:40:29,632] {spark_submit_hook.py:479} INFO - 22/08/08 23:40:29 INFO MemoryStore: MemoryStore cleared
[2022-08-08 23:40:29,633] {spark_submit_hook.py:479} INFO - 22/08/08 23:40:29 INFO BlockManager: BlockManager stopped
[2022-08-08 23:40:29,636] {spark_submit_hook.py:479} INFO - 22/08/08 23:40:29 INFO BlockManagerMaster: BlockManagerMaster stopped
[2022-08-08 23:40:29,638] {spark_submit_hook.py:479} INFO - 22/08/08 23:40:29 INFO OutputCommitCoordinator$OutputCommitCoordinatorEndpoint: OutputCommitCoordinator stopped!
[2022-08-08 23:40:29,641] {spark_submit_hook.py:479} INFO - 22/08/08 23:40:29 INFO SparkContext: Successfully stopped SparkContext
[2022-08-08 23:40:29,641] {spark_submit_hook.py:479} INFO - 22/08/08 23:40:29 INFO ShutdownHookManager: Shutdown hook called
[2022-08-08 23:40:29,641] {spark_submit_hook.py:479} INFO - 22/08/08 23:40:29 INFO ShutdownHookManager: Deleting directory /tmp/spark-ab99c1d3-781a-4be1-a4f9-c163d77d58b9/pyspark-b2b6c708-5157-405d-8fb7-4d5f0773c8ca
[2022-08-08 23:40:29,643] {spark_submit_hook.py:479} INFO - 22/08/08 23:40:29 INFO ShutdownHookManager: Deleting directory /tmp/spark-ab99c1d3-781a-4be1-a4f9-c163d77d58b9
[2022-08-08 23:40:29,644] {spark_submit_hook.py:479} INFO - 22/08/08 23:40:29 INFO ShutdownHookManager: Deleting directory /tmp/spark-f1132d7e-561d-43f7-adb0-086f0aa2c78a
[2022-08-08 23:40:29,713] {taskinstance.py:1057} INFO - Marking task as SUCCESS.dag_id=twitter_dag, task_id=transform_twitter_flamengomalvadao, execution_date=20220807T090000, start_date=20220809T024021, end_date=20220809T024029
[2022-08-08 23:40:30,937] {local_task_job.py:102} INFO - Task exited with return code 0
