[2022-08-08 22:31:05,854] {taskinstance.py:670} INFO - Dependencies all met for <TaskInstance: twitter_dag.transform_twitter_flamengomalvadao 2022-08-06T09:00:00+00:00 [queued]>
[2022-08-08 22:31:05,866] {taskinstance.py:670} INFO - Dependencies all met for <TaskInstance: twitter_dag.transform_twitter_flamengomalvadao 2022-08-06T09:00:00+00:00 [queued]>
[2022-08-08 22:31:05,866] {taskinstance.py:880} INFO - 
--------------------------------------------------------------------------------
[2022-08-08 22:31:05,866] {taskinstance.py:881} INFO - Starting attempt 2 of 2
[2022-08-08 22:31:05,866] {taskinstance.py:882} INFO - 
--------------------------------------------------------------------------------
[2022-08-08 22:31:06,129] {taskinstance.py:901} INFO - Executing <Task(SparkSubmitOperator): transform_twitter_flamengomalvadao> on 2022-08-06T09:00:00+00:00
[2022-08-08 22:31:06,136] {standard_task_runner.py:54} INFO - Started process 179292 to run task
[2022-08-08 22:31:06,195] {standard_task_runner.py:77} INFO - Running: ['airflow', 'run', 'twitter_dag', 'transform_twitter_flamengomalvadao', '2022-08-06T09:00:00+00:00', '--job_id', '137', '--pool', 'default_pool', '--raw', '-sd', 'DAGS_FOLDER/twitter_dag.py', '--cfg_path', '/tmp/tmp98gc4e8z']
[2022-08-08 22:31:06,195] {standard_task_runner.py:78} INFO - Job 137: Subtask transform_twitter_flamengomalvadao
[2022-08-08 22:31:06,806] {logging_mixin.py:112} INFO - Running <TaskInstance: twitter_dag.transform_twitter_flamengomalvadao 2022-08-06T09:00:00+00:00 [running]> on host ama
[2022-08-08 22:31:06,856] {base_hook.py:89} INFO - Using connection to: id: spark_default. Host: local, Port: None, Schema: None, Login: None, Password: None, extra: XXXXXXXX
[2022-08-08 22:31:06,858] {spark_submit_hook.py:325} INFO - Spark-Submit cmd: /home/amadeus/Downloads/spark-3.3.0-bin-hadoop2/bin/spark-submit --master local --name twitter_transformation /home/amadeus/ama/airflow-pipeline-alura/datapipeline/spark/transfortmation.py --src /home/amadeus/ama/airflow-pipeline-alura/datapipeline/datalake/bronze/twitter_flamengomalvadao/extract_date=2022-08-06 --dest /home/amadeus/ama/airflow-pipeline-alura/datapipeline/datalake/silver/twitter_flamengomalvadao/ --process-date 2022-08-06
[2022-08-08 22:31:08,673] {spark_submit_hook.py:479} INFO - 22/08/08 22:31:08 WARN Utils: Your hostname, ama resolves to a loopback address: 127.0.1.1; using 192.168.0.20 instead (on interface wlo1)
[2022-08-08 22:31:08,675] {spark_submit_hook.py:479} INFO - 22/08/08 22:31:08 WARN Utils: Set SPARK_LOCAL_IP if you need to bind to another address
[2022-08-08 22:31:09,904] {spark_submit_hook.py:479} INFO - 22/08/08 22:31:09 INFO SparkContext: Running Spark version 3.3.0
[2022-08-08 22:31:10,033] {spark_submit_hook.py:479} INFO - 22/08/08 22:31:10 WARN NativeCodeLoader: Unable to load native-hadoop library for your platform... using builtin-java classes where applicable
[2022-08-08 22:31:10,131] {spark_submit_hook.py:479} INFO - 22/08/08 22:31:10 INFO ResourceUtils: ==============================================================
[2022-08-08 22:31:10,131] {spark_submit_hook.py:479} INFO - 22/08/08 22:31:10 INFO ResourceUtils: No custom resources configured for spark.driver.
[2022-08-08 22:31:10,132] {spark_submit_hook.py:479} INFO - 22/08/08 22:31:10 INFO ResourceUtils: ==============================================================
[2022-08-08 22:31:10,133] {spark_submit_hook.py:479} INFO - 22/08/08 22:31:10 INFO SparkContext: Submitted application: twitter_transformation
[2022-08-08 22:31:10,157] {spark_submit_hook.py:479} INFO - 22/08/08 22:31:10 INFO ResourceProfile: Default ResourceProfile created, executor resources: Map(cores -> name: cores, amount: 1, script: , vendor: , memory -> name: memory, amount: 1024, script: , vendor: , offHeap -> name: offHeap, amount: 0, script: , vendor: ), task resources: Map(cpus -> name: cpus, amount: 1.0)
[2022-08-08 22:31:10,169] {spark_submit_hook.py:479} INFO - 22/08/08 22:31:10 INFO ResourceProfile: Limiting resource is cpu
[2022-08-08 22:31:10,169] {spark_submit_hook.py:479} INFO - 22/08/08 22:31:10 INFO ResourceProfileManager: Added ResourceProfile id: 0
[2022-08-08 22:31:10,220] {spark_submit_hook.py:479} INFO - 22/08/08 22:31:10 INFO SecurityManager: Changing view acls to: amadeus
[2022-08-08 22:31:10,220] {spark_submit_hook.py:479} INFO - 22/08/08 22:31:10 INFO SecurityManager: Changing modify acls to: amadeus
[2022-08-08 22:31:10,221] {spark_submit_hook.py:479} INFO - 22/08/08 22:31:10 INFO SecurityManager: Changing view acls groups to:
[2022-08-08 22:31:10,221] {spark_submit_hook.py:479} INFO - 22/08/08 22:31:10 INFO SecurityManager: Changing modify acls groups to:
[2022-08-08 22:31:10,222] {spark_submit_hook.py:479} INFO - 22/08/08 22:31:10 INFO SecurityManager: SecurityManager: authentication disabled; ui acls disabled; users  with view permissions: Set(amadeus); groups with view permissions: Set(); users  with modify permissions: Set(amadeus); groups with modify permissions: Set()
[2022-08-08 22:31:10,553] {spark_submit_hook.py:479} INFO - 22/08/08 22:31:10 INFO Utils: Successfully started service 'sparkDriver' on port 35455.
[2022-08-08 22:31:10,580] {spark_submit_hook.py:479} INFO - 22/08/08 22:31:10 INFO SparkEnv: Registering MapOutputTracker
[2022-08-08 22:31:10,623] {spark_submit_hook.py:479} INFO - 22/08/08 22:31:10 INFO SparkEnv: Registering BlockManagerMaster
[2022-08-08 22:31:10,646] {spark_submit_hook.py:479} INFO - 22/08/08 22:31:10 INFO BlockManagerMasterEndpoint: Using org.apache.spark.storage.DefaultTopologyMapper for getting topology information
[2022-08-08 22:31:10,647] {spark_submit_hook.py:479} INFO - 22/08/08 22:31:10 INFO BlockManagerMasterEndpoint: BlockManagerMasterEndpoint up
[2022-08-08 22:31:10,654] {spark_submit_hook.py:479} INFO - 22/08/08 22:31:10 INFO SparkEnv: Registering BlockManagerMasterHeartbeat
[2022-08-08 22:31:10,692] {spark_submit_hook.py:479} INFO - 22/08/08 22:31:10 INFO DiskBlockManager: Created local directory at /tmp/blockmgr-7653e3f1-243b-4437-9ddf-9b202f4af655
[2022-08-08 22:31:10,716] {spark_submit_hook.py:479} INFO - 22/08/08 22:31:10 INFO MemoryStore: MemoryStore started with capacity 434.4 MiB
[2022-08-08 22:31:10,738] {spark_submit_hook.py:479} INFO - 22/08/08 22:31:10 INFO SparkEnv: Registering OutputCommitCoordinator
[2022-08-08 22:31:11,003] {spark_submit_hook.py:479} INFO - 22/08/08 22:31:11 WARN Utils: Service 'SparkUI' could not bind on port 4040. Attempting port 4041.
[2022-08-08 22:31:11,014] {spark_submit_hook.py:479} INFO - 22/08/08 22:31:11 INFO Utils: Successfully started service 'SparkUI' on port 4041.
[2022-08-08 22:31:11,194] {spark_submit_hook.py:479} INFO - 22/08/08 22:31:11 INFO Executor: Starting executor ID driver on host 192.168.0.20
[2022-08-08 22:31:11,203] {spark_submit_hook.py:479} INFO - 22/08/08 22:31:11 INFO Executor: Starting executor with user classpath (userClassPathFirst = false): ''
[2022-08-08 22:31:11,223] {spark_submit_hook.py:479} INFO - 22/08/08 22:31:11 INFO Utils: Successfully started service 'org.apache.spark.network.netty.NettyBlockTransferService' on port 44467.
[2022-08-08 22:31:11,223] {spark_submit_hook.py:479} INFO - 22/08/08 22:31:11 INFO NettyBlockTransferService: Server created on 192.168.0.20:44467
[2022-08-08 22:31:11,225] {spark_submit_hook.py:479} INFO - 22/08/08 22:31:11 INFO BlockManager: Using org.apache.spark.storage.RandomBlockReplicationPolicy for block replication policy
[2022-08-08 22:31:11,232] {spark_submit_hook.py:479} INFO - 22/08/08 22:31:11 INFO BlockManagerMaster: Registering BlockManager BlockManagerId(driver, 192.168.0.20, 44467, None)
[2022-08-08 22:31:11,235] {spark_submit_hook.py:479} INFO - 22/08/08 22:31:11 INFO BlockManagerMasterEndpoint: Registering block manager 192.168.0.20:44467 with 434.4 MiB RAM, BlockManagerId(driver, 192.168.0.20, 44467, None)
[2022-08-08 22:31:11,238] {spark_submit_hook.py:479} INFO - 22/08/08 22:31:11 INFO BlockManagerMaster: Registered BlockManager BlockManagerId(driver, 192.168.0.20, 44467, None)
[2022-08-08 22:31:11,240] {spark_submit_hook.py:479} INFO - 22/08/08 22:31:11 INFO BlockManager: Initialized BlockManager: BlockManagerId(driver, 192.168.0.20, 44467, None)
[2022-08-08 22:31:11,973] {spark_submit_hook.py:479} INFO - 22/08/08 22:31:11 INFO SharedState: Setting hive.metastore.warehouse.dir ('null') to the value of spark.sql.warehouse.dir.
[2022-08-08 22:31:11,977] {spark_submit_hook.py:479} INFO - 22/08/08 22:31:11 INFO SharedState: Warehouse path is 'file:/home/amadeus/ama/airflow-pipeline-alura/datapipeline/spark-warehouse'.
[2022-08-08 22:31:12,947] {spark_submit_hook.py:479} INFO - 22/08/08 22:31:12 INFO InMemoryFileIndex: It took 55 ms to list leaf files for 1 paths.
[2022-08-08 22:31:13,035] {spark_submit_hook.py:479} INFO - 22/08/08 22:31:13 INFO InMemoryFileIndex: It took 2 ms to list leaf files for 1 paths.
[2022-08-08 22:31:15,335] {spark_submit_hook.py:479} INFO - 22/08/08 22:31:15 INFO FileSourceStrategy: Pushed Filters:
[2022-08-08 22:31:15,336] {spark_submit_hook.py:479} INFO - 22/08/08 22:31:15 INFO FileSourceStrategy: Post-Scan Filters:
[2022-08-08 22:31:15,339] {spark_submit_hook.py:479} INFO - 22/08/08 22:31:15 INFO FileSourceStrategy: Output Data Schema: struct<value: string>
[2022-08-08 22:31:15,678] {spark_submit_hook.py:479} INFO - 22/08/08 22:31:15 INFO MemoryStore: Block broadcast_0 stored as values in memory (estimated size 173.7 KiB, free 434.2 MiB)
[2022-08-08 22:31:15,721] {spark_submit_hook.py:479} INFO - 22/08/08 22:31:15 INFO MemoryStore: Block broadcast_0_piece0 stored as bytes in memory (estimated size 24.7 KiB, free 434.2 MiB)
[2022-08-08 22:31:15,723] {spark_submit_hook.py:479} INFO - 22/08/08 22:31:15 INFO BlockManagerInfo: Added broadcast_0_piece0 in memory on 192.168.0.20:44467 (size: 24.7 KiB, free: 434.4 MiB)
[2022-08-08 22:31:15,728] {spark_submit_hook.py:479} INFO - 22/08/08 22:31:15 INFO SparkContext: Created broadcast 0 from json at NativeMethodAccessorImpl.java:0
[2022-08-08 22:31:15,735] {spark_submit_hook.py:479} INFO - 22/08/08 22:31:15 INFO FileSourceScanExec: Planning scan with bin packing, max size: 4218546 bytes, open cost is considered as scanning 4194304 bytes.
[2022-08-08 22:31:15,936] {spark_submit_hook.py:479} INFO - 22/08/08 22:31:15 INFO SparkContext: Starting job: json at NativeMethodAccessorImpl.java:0
[2022-08-08 22:31:15,968] {spark_submit_hook.py:479} INFO - 22/08/08 22:31:15 INFO DAGScheduler: Got job 0 (json at NativeMethodAccessorImpl.java:0) with 1 output partitions
[2022-08-08 22:31:15,968] {spark_submit_hook.py:479} INFO - 22/08/08 22:31:15 INFO DAGScheduler: Final stage: ResultStage 0 (json at NativeMethodAccessorImpl.java:0)
[2022-08-08 22:31:15,969] {spark_submit_hook.py:479} INFO - 22/08/08 22:31:15 INFO DAGScheduler: Parents of final stage: List()
[2022-08-08 22:31:15,970] {spark_submit_hook.py:479} INFO - 22/08/08 22:31:15 INFO DAGScheduler: Missing parents: List()
[2022-08-08 22:31:15,975] {spark_submit_hook.py:479} INFO - 22/08/08 22:31:15 INFO DAGScheduler: Submitting ResultStage 0 (MapPartitionsRDD[3] at json at NativeMethodAccessorImpl.java:0), which has no missing parents
[2022-08-08 22:31:16,087] {spark_submit_hook.py:479} INFO - 22/08/08 22:31:16 INFO MemoryStore: Block broadcast_1 stored as values in memory (estimated size 14.5 KiB, free 434.2 MiB)
[2022-08-08 22:31:16,090] {spark_submit_hook.py:479} INFO - 22/08/08 22:31:16 INFO MemoryStore: Block broadcast_1_piece0 stored as bytes in memory (estimated size 7.0 KiB, free 434.2 MiB)
[2022-08-08 22:31:16,091] {spark_submit_hook.py:479} INFO - 22/08/08 22:31:16 INFO BlockManagerInfo: Added broadcast_1_piece0 in memory on 192.168.0.20:44467 (size: 7.0 KiB, free: 434.4 MiB)
[2022-08-08 22:31:16,093] {spark_submit_hook.py:479} INFO - 22/08/08 22:31:16 INFO SparkContext: Created broadcast 1 from broadcast at DAGScheduler.scala:1513
[2022-08-08 22:31:16,106] {spark_submit_hook.py:479} INFO - 22/08/08 22:31:16 INFO DAGScheduler: Submitting 1 missing tasks from ResultStage 0 (MapPartitionsRDD[3] at json at NativeMethodAccessorImpl.java:0) (first 15 tasks are for partitions Vector(0))
[2022-08-08 22:31:16,108] {spark_submit_hook.py:479} INFO - 22/08/08 22:31:16 INFO TaskSchedulerImpl: Adding task set 0.0 with 1 tasks resource profile 0
[2022-08-08 22:31:16,173] {spark_submit_hook.py:479} INFO - 22/08/08 22:31:16 INFO TaskSetManager: Starting task 0.0 in stage 0.0 (TID 0) (192.168.0.20, executor driver, partition 0, PROCESS_LOCAL, 5027 bytes) taskResourceAssignments Map()
[2022-08-08 22:31:16,190] {spark_submit_hook.py:479} INFO - 22/08/08 22:31:16 INFO Executor: Running task 0.0 in stage 0.0 (TID 0)
[2022-08-08 22:31:16,353] {spark_submit_hook.py:479} INFO - 22/08/08 22:31:16 INFO FileScanRDD: Reading File path: file:///home/amadeus/ama/airflow-pipeline-alura/datapipeline/datalake/bronze/twitter_flamengomalvadao/extract_date=2022-08-06/FlamengoMalvadao_20220806.json, range: 0-24242, partition values: [empty row]
[2022-08-08 22:31:16,620] {spark_submit_hook.py:479} INFO - 22/08/08 22:31:16 INFO CodeGenerator: Code generated in 213.989169 ms
[2022-08-08 22:31:16,700] {spark_submit_hook.py:479} INFO - 22/08/08 22:31:16 INFO Executor: Finished task 0.0 in stage 0.0 (TID 0). 2823 bytes result sent to driver
[2022-08-08 22:31:16,710] {spark_submit_hook.py:479} INFO - 22/08/08 22:31:16 INFO TaskSetManager: Finished task 0.0 in stage 0.0 (TID 0) in 549 ms on 192.168.0.20 (executor driver) (1/1)
[2022-08-08 22:31:16,713] {spark_submit_hook.py:479} INFO - 22/08/08 22:31:16 INFO TaskSchedulerImpl: Removed TaskSet 0.0, whose tasks have all completed, from pool
[2022-08-08 22:31:16,720] {spark_submit_hook.py:479} INFO - 22/08/08 22:31:16 INFO DAGScheduler: ResultStage 0 (json at NativeMethodAccessorImpl.java:0) finished in 0,727 s
[2022-08-08 22:31:16,723] {spark_submit_hook.py:479} INFO - 22/08/08 22:31:16 INFO DAGScheduler: Job 0 is finished. Cancelling potential speculative or zombie tasks for this job
[2022-08-08 22:31:16,723] {spark_submit_hook.py:479} INFO - 22/08/08 22:31:16 INFO TaskSchedulerImpl: Killing all running tasks in stage 0: Stage finished
[2022-08-08 22:31:16,731] {spark_submit_hook.py:479} INFO - 22/08/08 22:31:16 INFO DAGScheduler: Job 0 finished: json at NativeMethodAccessorImpl.java:0, took 0,790125 s
[2022-08-08 22:31:17,151] {spark_submit_hook.py:479} INFO - 22/08/08 22:31:17 INFO FileSourceStrategy: Pushed Filters: IsNotNull(data)
[2022-08-08 22:31:17,152] {spark_submit_hook.py:479} INFO - 22/08/08 22:31:17 INFO FileSourceStrategy: Post-Scan Filters: (size(data#8, true) > 0),isnotnull(data#8)
[2022-08-08 22:31:17,153] {spark_submit_hook.py:479} INFO - 22/08/08 22:31:17 INFO FileSourceStrategy: Output Data Schema: struct<data: array<struct<author_id:string,conversation_id:string,created_at:string,id:string,in_reply_to_user_id:string,public_metrics:struct<like_count:bigint,quote_count:bigint,reply_count:bigint,retweet_count:bigint>,text:string>>>
[2022-08-08 22:31:17,250] {spark_submit_hook.py:479} INFO - 22/08/08 22:31:17 INFO FileOutputCommitter: File Output Committer Algorithm version is 1
[2022-08-08 22:31:17,252] {spark_submit_hook.py:479} INFO - 22/08/08 22:31:17 INFO SQLHadoopMapReduceCommitProtocol: Using output committer class org.apache.hadoop.mapreduce.lib.output.FileOutputCommitter
[2022-08-08 22:31:17,311] {spark_submit_hook.py:479} INFO - 22/08/08 22:31:17 INFO BlockManagerInfo: Removed broadcast_1_piece0 on 192.168.0.20:44467 in memory (size: 7.0 KiB, free: 434.4 MiB)
[2022-08-08 22:31:17,320] {spark_submit_hook.py:479} INFO - 22/08/08 22:31:17 INFO BlockManagerInfo: Removed broadcast_0_piece0 on 192.168.0.20:44467 in memory (size: 24.7 KiB, free: 434.4 MiB)
[2022-08-08 22:31:17,456] {spark_submit_hook.py:479} INFO - 22/08/08 22:31:17 INFO CodeGenerator: Code generated in 89.309696 ms
[2022-08-08 22:31:17,463] {spark_submit_hook.py:479} INFO - 22/08/08 22:31:17 INFO MemoryStore: Block broadcast_2 stored as values in memory (estimated size 173.5 KiB, free 434.2 MiB)
[2022-08-08 22:31:17,472] {spark_submit_hook.py:479} INFO - 22/08/08 22:31:17 INFO MemoryStore: Block broadcast_2_piece0 stored as bytes in memory (estimated size 24.6 KiB, free 434.2 MiB)
[2022-08-08 22:31:17,473] {spark_submit_hook.py:479} INFO - 22/08/08 22:31:17 INFO BlockManagerInfo: Added broadcast_2_piece0 in memory on 192.168.0.20:44467 (size: 24.6 KiB, free: 434.4 MiB)
[2022-08-08 22:31:17,474] {spark_submit_hook.py:479} INFO - 22/08/08 22:31:17 INFO SparkContext: Created broadcast 2 from json at NativeMethodAccessorImpl.java:0
[2022-08-08 22:31:17,479] {spark_submit_hook.py:479} INFO - 22/08/08 22:31:17 INFO FileSourceScanExec: Planning scan with bin packing, max size: 4218546 bytes, open cost is considered as scanning 4194304 bytes.
[2022-08-08 22:31:17,551] {spark_submit_hook.py:479} INFO - 22/08/08 22:31:17 INFO SparkContext: Starting job: json at NativeMethodAccessorImpl.java:0
[2022-08-08 22:31:17,553] {spark_submit_hook.py:479} INFO - 22/08/08 22:31:17 INFO DAGScheduler: Got job 1 (json at NativeMethodAccessorImpl.java:0) with 1 output partitions
[2022-08-08 22:31:17,553] {spark_submit_hook.py:479} INFO - 22/08/08 22:31:17 INFO DAGScheduler: Final stage: ResultStage 1 (json at NativeMethodAccessorImpl.java:0)
[2022-08-08 22:31:17,553] {spark_submit_hook.py:479} INFO - 22/08/08 22:31:17 INFO DAGScheduler: Parents of final stage: List()
[2022-08-08 22:31:17,554] {spark_submit_hook.py:479} INFO - 22/08/08 22:31:17 INFO DAGScheduler: Missing parents: List()
[2022-08-08 22:31:17,555] {spark_submit_hook.py:479} INFO - 22/08/08 22:31:17 INFO DAGScheduler: Submitting ResultStage 1 (CoalescedRDD[7] at json at NativeMethodAccessorImpl.java:0), which has no missing parents
[2022-08-08 22:31:17,582] {spark_submit_hook.py:479} INFO - 22/08/08 22:31:17 INFO MemoryStore: Block broadcast_3 stored as values in memory (estimated size 175.8 KiB, free 434.0 MiB)
[2022-08-08 22:31:17,585] {spark_submit_hook.py:479} INFO - 22/08/08 22:31:17 INFO MemoryStore: Block broadcast_3_piece0 stored as bytes in memory (estimated size 60.9 KiB, free 434.0 MiB)
[2022-08-08 22:31:17,586] {spark_submit_hook.py:479} INFO - 22/08/08 22:31:17 INFO BlockManagerInfo: Added broadcast_3_piece0 in memory on 192.168.0.20:44467 (size: 60.9 KiB, free: 434.3 MiB)
[2022-08-08 22:31:17,586] {spark_submit_hook.py:479} INFO - 22/08/08 22:31:17 INFO SparkContext: Created broadcast 3 from broadcast at DAGScheduler.scala:1513
[2022-08-08 22:31:17,587] {spark_submit_hook.py:479} INFO - 22/08/08 22:31:17 INFO DAGScheduler: Submitting 1 missing tasks from ResultStage 1 (CoalescedRDD[7] at json at NativeMethodAccessorImpl.java:0) (first 15 tasks are for partitions Vector(0))
[2022-08-08 22:31:17,587] {spark_submit_hook.py:479} INFO - 22/08/08 22:31:17 INFO TaskSchedulerImpl: Adding task set 1.0 with 1 tasks resource profile 0
[2022-08-08 22:31:17,592] {spark_submit_hook.py:479} INFO - 22/08/08 22:31:17 INFO TaskSetManager: Starting task 0.0 in stage 1.0 (TID 1) (192.168.0.20, executor driver, partition 0, PROCESS_LOCAL, 5256 bytes) taskResourceAssignments Map()
[2022-08-08 22:31:17,594] {spark_submit_hook.py:479} INFO - 22/08/08 22:31:17 INFO Executor: Running task 0.0 in stage 1.0 (TID 1)
[2022-08-08 22:31:17,643] {spark_submit_hook.py:479} INFO - 22/08/08 22:31:17 INFO FileOutputCommitter: File Output Committer Algorithm version is 1
[2022-08-08 22:31:17,645] {spark_submit_hook.py:479} INFO - 22/08/08 22:31:17 INFO SQLHadoopMapReduceCommitProtocol: Using output committer class org.apache.hadoop.mapreduce.lib.output.FileOutputCommitter
[2022-08-08 22:31:17,680] {spark_submit_hook.py:479} INFO - 22/08/08 22:31:17 INFO FileScanRDD: Reading File path: file:///home/amadeus/ama/airflow-pipeline-alura/datapipeline/datalake/bronze/twitter_flamengomalvadao/extract_date=2022-08-06/FlamengoMalvadao_20220806.json, range: 0-24242, partition values: [empty row]
[2022-08-08 22:31:17,702] {spark_submit_hook.py:479} INFO - 22/08/08 22:31:17 INFO CodeGenerator: Code generated in 18.080974 ms
[2022-08-08 22:31:17,722] {spark_submit_hook.py:479} INFO - 22/08/08 22:31:17 INFO CodeGenerator: Code generated in 4.384772 ms
[2022-08-08 22:31:17,759] {spark_submit_hook.py:479} INFO - 22/08/08 22:31:17 INFO FileOutputCommitter: Saved output of task 'attempt_202208082231172526426943835305353_0001_m_000000_1' to file:/home/amadeus/ama/airflow-pipeline-alura/datapipeline/datalake/silver/twitter_flamengomalvadao/tweet/process_date=2022-08-06/_temporary/0/task_202208082231172526426943835305353_0001_m_000000
[2022-08-08 22:31:17,760] {spark_submit_hook.py:479} INFO - 22/08/08 22:31:17 INFO SparkHadoopMapRedUtil: attempt_202208082231172526426943835305353_0001_m_000000_1: Committed. Elapsed time: 0 ms.
[2022-08-08 22:31:17,765] {spark_submit_hook.py:479} INFO - 22/08/08 22:31:17 INFO Executor: Finished task 0.0 in stage 1.0 (TID 1). 2678 bytes result sent to driver
[2022-08-08 22:31:17,767] {spark_submit_hook.py:479} INFO - 22/08/08 22:31:17 INFO TaskSetManager: Finished task 0.0 in stage 1.0 (TID 1) in 178 ms on 192.168.0.20 (executor driver) (1/1)
[2022-08-08 22:31:17,767] {spark_submit_hook.py:479} INFO - 22/08/08 22:31:17 INFO TaskSchedulerImpl: Removed TaskSet 1.0, whose tasks have all completed, from pool
[2022-08-08 22:31:17,767] {spark_submit_hook.py:479} INFO - 22/08/08 22:31:17 INFO DAGScheduler: ResultStage 1 (json at NativeMethodAccessorImpl.java:0) finished in 0,211 s
[2022-08-08 22:31:17,768] {spark_submit_hook.py:479} INFO - 22/08/08 22:31:17 INFO DAGScheduler: Job 1 is finished. Cancelling potential speculative or zombie tasks for this job
[2022-08-08 22:31:17,768] {spark_submit_hook.py:479} INFO - 22/08/08 22:31:17 INFO TaskSchedulerImpl: Killing all running tasks in stage 1: Stage finished
[2022-08-08 22:31:17,768] {spark_submit_hook.py:479} INFO - 22/08/08 22:31:17 INFO DAGScheduler: Job 1 finished: json at NativeMethodAccessorImpl.java:0, took 0,217171 s
[2022-08-08 22:31:17,770] {spark_submit_hook.py:479} INFO - 22/08/08 22:31:17 INFO FileFormatWriter: Start to commit write Job 1d2ae790-6a07-42d3-a7f3-1f1e2a6bfadf.
[2022-08-08 22:31:17,778] {spark_submit_hook.py:479} INFO - 22/08/08 22:31:17 INFO FileFormatWriter: Write Job 1d2ae790-6a07-42d3-a7f3-1f1e2a6bfadf committed. Elapsed time: 7 ms.
[2022-08-08 22:31:17,781] {spark_submit_hook.py:479} INFO - 22/08/08 22:31:17 INFO FileFormatWriter: Finished processing stats for write job 1d2ae790-6a07-42d3-a7f3-1f1e2a6bfadf.
[2022-08-08 22:31:17,810] {spark_submit_hook.py:479} INFO - 22/08/08 22:31:17 INFO FileSourceStrategy: Pushed Filters:
[2022-08-08 22:31:17,811] {spark_submit_hook.py:479} INFO - 22/08/08 22:31:17 INFO FileSourceStrategy: Post-Scan Filters:
[2022-08-08 22:31:17,811] {spark_submit_hook.py:479} INFO - 22/08/08 22:31:17 INFO FileSourceStrategy: Output Data Schema: struct<includes: struct<users: array<struct<created_at:string,id:string,name:string,username:string>>>>
[2022-08-08 22:31:17,821] {spark_submit_hook.py:479} INFO - 22/08/08 22:31:17 INFO FileOutputCommitter: File Output Committer Algorithm version is 1
[2022-08-08 22:31:17,822] {spark_submit_hook.py:479} INFO - 22/08/08 22:31:17 INFO SQLHadoopMapReduceCommitProtocol: Using output committer class org.apache.hadoop.mapreduce.lib.output.FileOutputCommitter
[2022-08-08 22:31:17,840] {spark_submit_hook.py:479} INFO - 22/08/08 22:31:17 INFO CodeGenerator: Code generated in 11.069931 ms
[2022-08-08 22:31:17,845] {spark_submit_hook.py:479} INFO - 22/08/08 22:31:17 INFO MemoryStore: Block broadcast_4 stored as values in memory (estimated size 173.5 KiB, free 433.8 MiB)
[2022-08-08 22:31:17,856] {spark_submit_hook.py:479} INFO - 22/08/08 22:31:17 INFO MemoryStore: Block broadcast_4_piece0 stored as bytes in memory (estimated size 24.6 KiB, free 433.8 MiB)
[2022-08-08 22:31:17,857] {spark_submit_hook.py:479} INFO - 22/08/08 22:31:17 INFO BlockManagerInfo: Added broadcast_4_piece0 in memory on 192.168.0.20:44467 (size: 24.6 KiB, free: 434.3 MiB)
[2022-08-08 22:31:17,858] {spark_submit_hook.py:479} INFO - 22/08/08 22:31:17 INFO SparkContext: Created broadcast 4 from json at NativeMethodAccessorImpl.java:0
[2022-08-08 22:31:17,859] {spark_submit_hook.py:479} INFO - 22/08/08 22:31:17 INFO FileSourceScanExec: Planning scan with bin packing, max size: 4218546 bytes, open cost is considered as scanning 4194304 bytes.
[2022-08-08 22:31:17,884] {spark_submit_hook.py:479} INFO - 22/08/08 22:31:17 INFO SparkContext: Starting job: json at NativeMethodAccessorImpl.java:0
[2022-08-08 22:31:17,885] {spark_submit_hook.py:479} INFO - 22/08/08 22:31:17 INFO DAGScheduler: Got job 2 (json at NativeMethodAccessorImpl.java:0) with 1 output partitions
[2022-08-08 22:31:17,885] {spark_submit_hook.py:479} INFO - 22/08/08 22:31:17 INFO DAGScheduler: Final stage: ResultStage 2 (json at NativeMethodAccessorImpl.java:0)
[2022-08-08 22:31:17,885] {spark_submit_hook.py:479} INFO - 22/08/08 22:31:17 INFO DAGScheduler: Parents of final stage: List()
[2022-08-08 22:31:17,885] {spark_submit_hook.py:479} INFO - 22/08/08 22:31:17 INFO DAGScheduler: Missing parents: List()
[2022-08-08 22:31:17,886] {spark_submit_hook.py:479} INFO - 22/08/08 22:31:17 INFO DAGScheduler: Submitting ResultStage 2 (CoalescedRDD[11] at json at NativeMethodAccessorImpl.java:0), which has no missing parents
[2022-08-08 22:31:17,898] {spark_submit_hook.py:479} INFO - 22/08/08 22:31:17 INFO MemoryStore: Block broadcast_5 stored as values in memory (estimated size 161.1 KiB, free 433.6 MiB)
[2022-08-08 22:31:17,901] {spark_submit_hook.py:479} INFO - 22/08/08 22:31:17 INFO MemoryStore: Block broadcast_5_piece0 stored as bytes in memory (estimated size 57.8 KiB, free 433.6 MiB)
[2022-08-08 22:31:17,901] {spark_submit_hook.py:479} INFO - 22/08/08 22:31:17 INFO BlockManagerInfo: Added broadcast_5_piece0 in memory on 192.168.0.20:44467 (size: 57.8 KiB, free: 434.2 MiB)
[2022-08-08 22:31:17,902] {spark_submit_hook.py:479} INFO - 22/08/08 22:31:17 INFO SparkContext: Created broadcast 5 from broadcast at DAGScheduler.scala:1513
[2022-08-08 22:31:17,902] {spark_submit_hook.py:479} INFO - 22/08/08 22:31:17 INFO DAGScheduler: Submitting 1 missing tasks from ResultStage 2 (CoalescedRDD[11] at json at NativeMethodAccessorImpl.java:0) (first 15 tasks are for partitions Vector(0))
[2022-08-08 22:31:17,902] {spark_submit_hook.py:479} INFO - 22/08/08 22:31:17 INFO TaskSchedulerImpl: Adding task set 2.0 with 1 tasks resource profile 0
[2022-08-08 22:31:17,903] {spark_submit_hook.py:479} INFO - 22/08/08 22:31:17 INFO TaskSetManager: Starting task 0.0 in stage 2.0 (TID 2) (192.168.0.20, executor driver, partition 0, PROCESS_LOCAL, 5256 bytes) taskResourceAssignments Map()
[2022-08-08 22:31:17,904] {spark_submit_hook.py:479} INFO - 22/08/08 22:31:17 INFO Executor: Running task 0.0 in stage 2.0 (TID 2)
[2022-08-08 22:31:17,916] {spark_submit_hook.py:479} INFO - 22/08/08 22:31:17 INFO FileOutputCommitter: File Output Committer Algorithm version is 1
[2022-08-08 22:31:17,917] {spark_submit_hook.py:479} INFO - 22/08/08 22:31:17 INFO SQLHadoopMapReduceCommitProtocol: Using output committer class org.apache.hadoop.mapreduce.lib.output.FileOutputCommitter
[2022-08-08 22:31:17,922] {spark_submit_hook.py:479} INFO - 22/08/08 22:31:17 INFO FileScanRDD: Reading File path: file:///home/amadeus/ama/airflow-pipeline-alura/datapipeline/datalake/bronze/twitter_flamengomalvadao/extract_date=2022-08-06/FlamengoMalvadao_20220806.json, range: 0-24242, partition values: [empty row]
[2022-08-08 22:31:17,936] {spark_submit_hook.py:479} INFO - 22/08/08 22:31:17 INFO CodeGenerator: Code generated in 11.459832 ms
[2022-08-08 22:31:17,946] {spark_submit_hook.py:479} INFO - 22/08/08 22:31:17 INFO FileOutputCommitter: Saved output of task 'attempt_202208082231171268768157787996670_0002_m_000000_2' to file:/home/amadeus/ama/airflow-pipeline-alura/datapipeline/datalake/silver/twitter_flamengomalvadao/user/process_date=2022-08-06/_temporary/0/task_202208082231171268768157787996670_0002_m_000000
[2022-08-08 22:31:17,946] {spark_submit_hook.py:479} INFO - 22/08/08 22:31:17 INFO SparkHadoopMapRedUtil: attempt_202208082231171268768157787996670_0002_m_000000_2: Committed. Elapsed time: 0 ms.
[2022-08-08 22:31:17,947] {spark_submit_hook.py:479} INFO - 22/08/08 22:31:17 INFO Executor: Finished task 0.0 in stage 2.0 (TID 2). 2579 bytes result sent to driver
[2022-08-08 22:31:17,949] {spark_submit_hook.py:479} INFO - 22/08/08 22:31:17 INFO TaskSetManager: Finished task 0.0 in stage 2.0 (TID 2) in 45 ms on 192.168.0.20 (executor driver) (1/1)
[2022-08-08 22:31:17,949] {spark_submit_hook.py:479} INFO - 22/08/08 22:31:17 INFO TaskSchedulerImpl: Removed TaskSet 2.0, whose tasks have all completed, from pool
[2022-08-08 22:31:17,950] {spark_submit_hook.py:479} INFO - 22/08/08 22:31:17 INFO DAGScheduler: ResultStage 2 (json at NativeMethodAccessorImpl.java:0) finished in 0,063 s
[2022-08-08 22:31:17,950] {spark_submit_hook.py:479} INFO - 22/08/08 22:31:17 INFO DAGScheduler: Job 2 is finished. Cancelling potential speculative or zombie tasks for this job
[2022-08-08 22:31:17,950] {spark_submit_hook.py:479} INFO - 22/08/08 22:31:17 INFO TaskSchedulerImpl: Killing all running tasks in stage 2: Stage finished
[2022-08-08 22:31:17,951] {spark_submit_hook.py:479} INFO - 22/08/08 22:31:17 INFO DAGScheduler: Job 2 finished: json at NativeMethodAccessorImpl.java:0, took 0,066428 s
[2022-08-08 22:31:17,951] {spark_submit_hook.py:479} INFO - 22/08/08 22:31:17 INFO FileFormatWriter: Start to commit write Job 9f3e0f68-44af-4536-ba8b-04fd163aa8e4.
[2022-08-08 22:31:17,957] {spark_submit_hook.py:479} INFO - 22/08/08 22:31:17 INFO FileFormatWriter: Write Job 9f3e0f68-44af-4536-ba8b-04fd163aa8e4 committed. Elapsed time: 5 ms.
[2022-08-08 22:31:17,958] {spark_submit_hook.py:479} INFO - 22/08/08 22:31:17 INFO FileFormatWriter: Finished processing stats for write job 9f3e0f68-44af-4536-ba8b-04fd163aa8e4.
[2022-08-08 22:31:18,001] {spark_submit_hook.py:479} INFO - 22/08/08 22:31:18 INFO SparkContext: Invoking stop() from shutdown hook
[2022-08-08 22:31:18,017] {spark_submit_hook.py:479} INFO - 22/08/08 22:31:18 INFO SparkUI: Stopped Spark web UI at http://192.168.0.20:4041
[2022-08-08 22:31:18,032] {spark_submit_hook.py:479} INFO - 22/08/08 22:31:18 INFO MapOutputTrackerMasterEndpoint: MapOutputTrackerMasterEndpoint stopped!
[2022-08-08 22:31:18,041] {spark_submit_hook.py:479} INFO - 22/08/08 22:31:18 INFO MemoryStore: MemoryStore cleared
[2022-08-08 22:31:18,041] {spark_submit_hook.py:479} INFO - 22/08/08 22:31:18 INFO BlockManager: BlockManager stopped
[2022-08-08 22:31:18,046] {spark_submit_hook.py:479} INFO - 22/08/08 22:31:18 INFO BlockManagerMaster: BlockManagerMaster stopped
[2022-08-08 22:31:18,049] {spark_submit_hook.py:479} INFO - 22/08/08 22:31:18 INFO OutputCommitCoordinator$OutputCommitCoordinatorEndpoint: OutputCommitCoordinator stopped!
[2022-08-08 22:31:18,054] {spark_submit_hook.py:479} INFO - 22/08/08 22:31:18 INFO SparkContext: Successfully stopped SparkContext
[2022-08-08 22:31:18,055] {spark_submit_hook.py:479} INFO - 22/08/08 22:31:18 INFO ShutdownHookManager: Shutdown hook called
[2022-08-08 22:31:18,055] {spark_submit_hook.py:479} INFO - 22/08/08 22:31:18 INFO ShutdownHookManager: Deleting directory /tmp/spark-43f3034d-4d17-46b9-b0ea-7211037d816f
[2022-08-08 22:31:18,065] {spark_submit_hook.py:479} INFO - 22/08/08 22:31:18 INFO ShutdownHookManager: Deleting directory /tmp/spark-dc4549fe-268c-4ea8-99ff-b8e06e9da007
[2022-08-08 22:31:18,069] {spark_submit_hook.py:479} INFO - 22/08/08 22:31:18 INFO ShutdownHookManager: Deleting directory /tmp/spark-43f3034d-4d17-46b9-b0ea-7211037d816f/pyspark-48e4165c-6fb8-4aad-a859-ada3df2b598a
[2022-08-08 22:31:18,151] {taskinstance.py:1057} INFO - Marking task as SUCCESS.dag_id=twitter_dag, task_id=transform_twitter_flamengomalvadao, execution_date=20220806T090000, start_date=20220809T013105, end_date=20220809T013118
[2022-08-08 22:31:20,574] {local_task_job.py:102} INFO - Task exited with return code 0
