[2022-08-08 19:51:13,510] {taskinstance.py:670} INFO - Dependencies all met for <TaskInstance: twitter_dag.twitter_flamengomalvadao 2022-08-06T09:00:00+00:00 [queued]>
[2022-08-08 19:51:13,533] {taskinstance.py:670} INFO - Dependencies all met for <TaskInstance: twitter_dag.twitter_flamengomalvadao 2022-08-06T09:00:00+00:00 [queued]>
[2022-08-08 19:51:13,534] {taskinstance.py:880} INFO - 
--------------------------------------------------------------------------------
[2022-08-08 19:51:13,534] {taskinstance.py:881} INFO - Starting attempt 1 of 1
[2022-08-08 19:51:13,534] {taskinstance.py:882} INFO - 
--------------------------------------------------------------------------------
[2022-08-08 19:51:13,844] {taskinstance.py:901} INFO - Executing <Task(TwitterOperator): twitter_flamengomalvadao> on 2022-08-06T09:00:00+00:00
[2022-08-08 19:51:13,847] {standard_task_runner.py:54} INFO - Started process 172119 to run task
[2022-08-08 19:51:13,915] {standard_task_runner.py:77} INFO - Running: ['airflow', 'run', 'twitter_dag', 'twitter_flamengomalvadao', '2022-08-06T09:00:00+00:00', '--job_id', '126', '--pool', 'default_pool', '--raw', '-sd', 'DAGS_FOLDER/twitter_dag.py', '--cfg_path', '/tmp/tmp5m_9rvur']
[2022-08-08 19:51:13,916] {standard_task_runner.py:78} INFO - Job 126: Subtask twitter_flamengomalvadao
[2022-08-08 19:51:14,116] {logging_mixin.py:112} INFO - Running <TaskInstance: twitter_dag.twitter_flamengomalvadao 2022-08-06T09:00:00+00:00 [running]> on host ama
[2022-08-08 19:51:14,199] {base_hook.py:89} INFO - Using connection to: id: twitter_default. Host: https://api.twitter.com, Port: None, Schema: None, Login: None, Password: None, extra: XXXXXXXX
[2022-08-08 19:51:14,202] {twitter_hook.py:36} INFO - URL: https://api.twitter.com/2/tweets/search/recent?query=FlamengoMalvadao&tweet.fields=author_id,conversation_id,created_at,id,in_reply_to_user_id,public_metrics,text&expansions=author_id&user.fields=id,name,username,created_at&start_time=2022-08-06T09:00:00.00Z&end_time=2022-08-07T09:00:00.00Z
[2022-08-08 19:51:14,468] {logging_mixin.py:112} WARNING - /home/amadeus/ama/airflow-pipeline-alura/datapipeline/.env/lib/python3.8/site-packages/urllib3/connectionpool.py:981: InsecureRequestWarning: Unverified HTTPS request is being made to host 'api.twitter.com'. Adding certificate verification is strongly advised. See: https://urllib3.readthedocs.io/en/latest/advanced-usage.html#ssl-warnings
  warnings.warn(
[2022-08-08 19:51:14,701] {twitter_hook.py:36} INFO - URL: https://api.twitter.com/2/tweets/search/recent?query=FlamengoMalvadao&tweet.fields=author_id,conversation_id,created_at,id,in_reply_to_user_id,public_metrics,text&expansions=author_id&user.fields=id,name,username,created_at&start_time=2022-08-06T09:00:00.00Z&end_time=2022-08-07T09:00:00.00Z&next_token=b26v89c19zqg8o3fpz5mn04x9a57j8l9ru1z96gmtu0sd
[2022-08-08 19:51:14,702] {logging_mixin.py:112} WARNING - /home/amadeus/ama/airflow-pipeline-alura/datapipeline/.env/lib/python3.8/site-packages/urllib3/connectionpool.py:981: InsecureRequestWarning: Unverified HTTPS request is being made to host 'api.twitter.com'. Adding certificate verification is strongly advised. See: https://urllib3.readthedocs.io/en/latest/advanced-usage.html#ssl-warnings
  warnings.warn(
[2022-08-08 19:51:14,946] {twitter_hook.py:36} INFO - URL: https://api.twitter.com/2/tweets/search/recent?query=FlamengoMalvadao&tweet.fields=author_id,conversation_id,created_at,id,in_reply_to_user_id,public_metrics,text&expansions=author_id&user.fields=id,name,username,created_at&start_time=2022-08-06T09:00:00.00Z&end_time=2022-08-07T09:00:00.00Z&next_token=b26v89c19zqg8o3fpz5mn03fcnw8l3nzlozaebnsob7ul
[2022-08-08 19:51:14,947] {logging_mixin.py:112} WARNING - /home/amadeus/ama/airflow-pipeline-alura/datapipeline/.env/lib/python3.8/site-packages/urllib3/connectionpool.py:981: InsecureRequestWarning: Unverified HTTPS request is being made to host 'api.twitter.com'. Adding certificate verification is strongly advised. See: https://urllib3.readthedocs.io/en/latest/advanced-usage.html#ssl-warnings
  warnings.warn(
[2022-08-08 19:51:15,168] {twitter_hook.py:36} INFO - URL: https://api.twitter.com/2/tweets/search/recent?query=FlamengoMalvadao&tweet.fields=author_id,conversation_id,created_at,id,in_reply_to_user_id,public_metrics,text&expansions=author_id&user.fields=id,name,username,created_at&start_time=2022-08-06T09:00:00.00Z&end_time=2022-08-07T09:00:00.00Z&next_token=b26v89c19zqg8o3fpz5mn0283xd8l0u6o6iok5r2efp19
[2022-08-08 19:51:15,170] {logging_mixin.py:112} WARNING - /home/amadeus/ama/airflow-pipeline-alura/datapipeline/.env/lib/python3.8/site-packages/urllib3/connectionpool.py:981: InsecureRequestWarning: Unverified HTTPS request is being made to host 'api.twitter.com'. Adding certificate verification is strongly advised. See: https://urllib3.readthedocs.io/en/latest/advanced-usage.html#ssl-warnings
  warnings.warn(
[2022-08-08 19:51:15,496] {twitter_hook.py:36} INFO - URL: https://api.twitter.com/2/tweets/search/recent?query=FlamengoMalvadao&tweet.fields=author_id,conversation_id,created_at,id,in_reply_to_user_id,public_metrics,text&expansions=author_id&user.fields=id,name,username,created_at&start_time=2022-08-06T09:00:00.00Z&end_time=2022-08-07T09:00:00.00Z&next_token=b26v89c19zqg8o3fpz5m8dox7wx17d395eow39awnbr7h
[2022-08-08 19:51:15,498] {logging_mixin.py:112} WARNING - /home/amadeus/ama/airflow-pipeline-alura/datapipeline/.env/lib/python3.8/site-packages/urllib3/connectionpool.py:981: InsecureRequestWarning: Unverified HTTPS request is being made to host 'api.twitter.com'. Adding certificate verification is strongly advised. See: https://urllib3.readthedocs.io/en/latest/advanced-usage.html#ssl-warnings
  warnings.warn(
[2022-08-08 19:51:15,682] {taskinstance.py:1057} INFO - Marking task as SUCCESS.dag_id=twitter_dag, task_id=twitter_flamengomalvadao, execution_date=20220806T090000, start_date=20220808T225113, end_date=20220808T225115
[2022-08-08 19:51:18,230] {local_task_job.py:102} INFO - Task exited with return code 0
