[2022-08-08 22:29:21,993] {taskinstance.py:670} INFO - Dependencies all met for <TaskInstance: twitter_dag.twitter_flamengomalvadao 2022-08-06T09:00:00+00:00 [queued]>
[2022-08-08 22:29:22,003] {taskinstance.py:670} INFO - Dependencies all met for <TaskInstance: twitter_dag.twitter_flamengomalvadao 2022-08-06T09:00:00+00:00 [queued]>
[2022-08-08 22:29:22,003] {taskinstance.py:880} INFO - 
--------------------------------------------------------------------------------
[2022-08-08 22:29:22,003] {taskinstance.py:881} INFO - Starting attempt 2 of 2
[2022-08-08 22:29:22,003] {taskinstance.py:882} INFO - 
--------------------------------------------------------------------------------
[2022-08-08 22:29:22,331] {taskinstance.py:901} INFO - Executing <Task(TwitterOperator): twitter_flamengomalvadao> on 2022-08-06T09:00:00+00:00
[2022-08-08 22:29:22,337] {standard_task_runner.py:54} INFO - Started process 178847 to run task
[2022-08-08 22:29:22,398] {standard_task_runner.py:77} INFO - Running: ['airflow', 'run', 'twitter_dag', 'twitter_flamengomalvadao', '2022-08-06T09:00:00+00:00', '--job_id', '133', '--pool', 'default_pool', '--raw', '-sd', 'DAGS_FOLDER/twitter_dag.py', '--cfg_path', '/tmp/tmpj6c6e403']
[2022-08-08 22:29:22,399] {standard_task_runner.py:78} INFO - Job 133: Subtask twitter_flamengomalvadao
[2022-08-08 22:29:22,654] {logging_mixin.py:112} INFO - Running <TaskInstance: twitter_dag.twitter_flamengomalvadao 2022-08-06T09:00:00+00:00 [running]> on host ama
[2022-08-08 22:29:22,692] {base_hook.py:89} INFO - Using connection to: id: twitter_default. Host: https://api.twitter.com, Port: None, Schema: None, Login: None, Password: None, extra: XXXXXXXX
[2022-08-08 22:29:22,693] {twitter_hook.py:36} INFO - URL: https://api.twitter.com/2/tweets/search/recent?query=FlamengoMalvadao&tweet.fields=author_id,conversation_id,created_at,id,in_reply_to_user_id,public_metrics,text&expansions=author_id&user.fields=id,name,username,created_at&start_time=2022-08-06T09:00:00.00Z&end_time=2022-08-07T09:00:00.00Z
[2022-08-08 22:29:23,029] {logging_mixin.py:112} WARNING - /home/amadeus/ama/airflow-pipeline-alura/datapipeline/.env/lib/python3.8/site-packages/urllib3/connectionpool.py:981: InsecureRequestWarning: Unverified HTTPS request is being made to host 'api.twitter.com'. Adding certificate verification is strongly advised. See: https://urllib3.readthedocs.io/en/latest/advanced-usage.html#ssl-warnings
  warnings.warn(
[2022-08-08 22:29:23,261] {twitter_hook.py:36} INFO - URL: https://api.twitter.com/2/tweets/search/recent?query=FlamengoMalvadao&tweet.fields=author_id,conversation_id,created_at,id,in_reply_to_user_id,public_metrics,text&expansions=author_id&user.fields=id,name,username,created_at&start_time=2022-08-06T09:00:00.00Z&end_time=2022-08-07T09:00:00.00Z&next_token=b26v89c19zqg8o3fpz5mn04x9a57j8l9ru1z96gmtu0sd
[2022-08-08 22:29:23,262] {logging_mixin.py:112} WARNING - /home/amadeus/ama/airflow-pipeline-alura/datapipeline/.env/lib/python3.8/site-packages/urllib3/connectionpool.py:981: InsecureRequestWarning: Unverified HTTPS request is being made to host 'api.twitter.com'. Adding certificate verification is strongly advised. See: https://urllib3.readthedocs.io/en/latest/advanced-usage.html#ssl-warnings
  warnings.warn(
[2022-08-08 22:29:23,539] {twitter_hook.py:36} INFO - URL: https://api.twitter.com/2/tweets/search/recent?query=FlamengoMalvadao&tweet.fields=author_id,conversation_id,created_at,id,in_reply_to_user_id,public_metrics,text&expansions=author_id&user.fields=id,name,username,created_at&start_time=2022-08-06T09:00:00.00Z&end_time=2022-08-07T09:00:00.00Z&next_token=b26v89c19zqg8o3fpz5mn03fcnw8l3nzlozaebnsob7ul
[2022-08-08 22:29:23,541] {logging_mixin.py:112} WARNING - /home/amadeus/ama/airflow-pipeline-alura/datapipeline/.env/lib/python3.8/site-packages/urllib3/connectionpool.py:981: InsecureRequestWarning: Unverified HTTPS request is being made to host 'api.twitter.com'. Adding certificate verification is strongly advised. See: https://urllib3.readthedocs.io/en/latest/advanced-usage.html#ssl-warnings
  warnings.warn(
[2022-08-08 22:29:23,842] {twitter_hook.py:36} INFO - URL: https://api.twitter.com/2/tweets/search/recent?query=FlamengoMalvadao&tweet.fields=author_id,conversation_id,created_at,id,in_reply_to_user_id,public_metrics,text&expansions=author_id&user.fields=id,name,username,created_at&start_time=2022-08-06T09:00:00.00Z&end_time=2022-08-07T09:00:00.00Z&next_token=b26v89c19zqg8o3fpz5mn0283xd8l0u6o6iok5r2efp19
[2022-08-08 22:29:23,844] {logging_mixin.py:112} WARNING - /home/amadeus/ama/airflow-pipeline-alura/datapipeline/.env/lib/python3.8/site-packages/urllib3/connectionpool.py:981: InsecureRequestWarning: Unverified HTTPS request is being made to host 'api.twitter.com'. Adding certificate verification is strongly advised. See: https://urllib3.readthedocs.io/en/latest/advanced-usage.html#ssl-warnings
  warnings.warn(
[2022-08-08 22:29:24,148] {twitter_hook.py:36} INFO - URL: https://api.twitter.com/2/tweets/search/recent?query=FlamengoMalvadao&tweet.fields=author_id,conversation_id,created_at,id,in_reply_to_user_id,public_metrics,text&expansions=author_id&user.fields=id,name,username,created_at&start_time=2022-08-06T09:00:00.00Z&end_time=2022-08-07T09:00:00.00Z&next_token=b26v89c19zqg8o3fpz5m8dox7wx17d395eow39awnbr7h
[2022-08-08 22:29:24,149] {logging_mixin.py:112} WARNING - /home/amadeus/ama/airflow-pipeline-alura/datapipeline/.env/lib/python3.8/site-packages/urllib3/connectionpool.py:981: InsecureRequestWarning: Unverified HTTPS request is being made to host 'api.twitter.com'. Adding certificate verification is strongly advised. See: https://urllib3.readthedocs.io/en/latest/advanced-usage.html#ssl-warnings
  warnings.warn(
[2022-08-08 22:29:24,363] {taskinstance.py:1057} INFO - Marking task as SUCCESS.dag_id=twitter_dag, task_id=twitter_flamengomalvadao, execution_date=20220806T090000, start_date=20220809T012921, end_date=20220809T012924
[2022-08-08 22:29:26,802] {local_task_job.py:102} INFO - Task exited with return code 0
