[2022-08-08 22:45:49,355] {taskinstance.py:670} INFO - Dependencies all met for <TaskInstance: twitter_dag.twitter_flamengomalvadao 2022-08-06T09:00:00+00:00 [queued]>
[2022-08-08 22:45:49,363] {taskinstance.py:670} INFO - Dependencies all met for <TaskInstance: twitter_dag.twitter_flamengomalvadao 2022-08-06T09:00:00+00:00 [queued]>
[2022-08-08 22:45:49,363] {taskinstance.py:880} INFO - 
--------------------------------------------------------------------------------
[2022-08-08 22:45:49,363] {taskinstance.py:881} INFO - Starting attempt 3 of 3
[2022-08-08 22:45:49,363] {taskinstance.py:882} INFO - 
--------------------------------------------------------------------------------
[2022-08-08 22:45:49,782] {taskinstance.py:901} INFO - Executing <Task(TwitterOperator): twitter_flamengomalvadao> on 2022-08-06T09:00:00+00:00
[2022-08-08 22:45:49,787] {standard_task_runner.py:54} INFO - Started process 183548 to run task
[2022-08-08 22:45:49,853] {standard_task_runner.py:77} INFO - Running: ['airflow', 'run', 'twitter_dag', 'twitter_flamengomalvadao', '2022-08-06T09:00:00+00:00', '--job_id', '147', '--pool', 'default_pool', '--raw', '-sd', 'DAGS_FOLDER/twitter_dag.py', '--cfg_path', '/tmp/tmpzryx5cb7']
[2022-08-08 22:45:49,853] {standard_task_runner.py:78} INFO - Job 147: Subtask twitter_flamengomalvadao
[2022-08-08 22:45:50,125] {logging_mixin.py:112} INFO - Running <TaskInstance: twitter_dag.twitter_flamengomalvadao 2022-08-06T09:00:00+00:00 [running]> on host ama
[2022-08-08 22:45:50,163] {base_hook.py:89} INFO - Using connection to: id: twitter_default. Host: https://api.twitter.com, Port: None, Schema: None, Login: None, Password: None, extra: XXXXXXXX
[2022-08-08 22:45:50,165] {twitter_hook.py:36} INFO - URL: https://api.twitter.com/2/tweets/search/recent?query=FlamengoMalvadao&tweet.fields=author_id,conversation_id,created_at,id,in_reply_to_user_id,public_metrics,text&expansions=author_id&user.fields=id,name,username,created_at&start_time=2022-08-06T09:00:00.00Z&end_time=2022-08-07T09:00:00.00Z
[2022-08-08 22:45:50,402] {logging_mixin.py:112} WARNING - /home/amadeus/ama/airflow-pipeline-alura/datapipeline/.env/lib/python3.8/site-packages/urllib3/connectionpool.py:981: InsecureRequestWarning: Unverified HTTPS request is being made to host 'api.twitter.com'. Adding certificate verification is strongly advised. See: https://urllib3.readthedocs.io/en/latest/advanced-usage.html#ssl-warnings
  warnings.warn(
[2022-08-08 22:45:50,643] {twitter_hook.py:36} INFO - URL: https://api.twitter.com/2/tweets/search/recent?query=FlamengoMalvadao&tweet.fields=author_id,conversation_id,created_at,id,in_reply_to_user_id,public_metrics,text&expansions=author_id&user.fields=id,name,username,created_at&start_time=2022-08-06T09:00:00.00Z&end_time=2022-08-07T09:00:00.00Z&next_token=b26v89c19zqg8o3fpz5mn04x9a57j8l9ru1z96gmtu0sd
[2022-08-08 22:45:50,644] {logging_mixin.py:112} WARNING - /home/amadeus/ama/airflow-pipeline-alura/datapipeline/.env/lib/python3.8/site-packages/urllib3/connectionpool.py:981: InsecureRequestWarning: Unverified HTTPS request is being made to host 'api.twitter.com'. Adding certificate verification is strongly advised. See: https://urllib3.readthedocs.io/en/latest/advanced-usage.html#ssl-warnings
  warnings.warn(
[2022-08-08 22:45:50,874] {twitter_hook.py:36} INFO - URL: https://api.twitter.com/2/tweets/search/recent?query=FlamengoMalvadao&tweet.fields=author_id,conversation_id,created_at,id,in_reply_to_user_id,public_metrics,text&expansions=author_id&user.fields=id,name,username,created_at&start_time=2022-08-06T09:00:00.00Z&end_time=2022-08-07T09:00:00.00Z&next_token=b26v89c19zqg8o3fpz5mn03fcnw8l3nzlozaebnsob7ul
[2022-08-08 22:45:50,876] {logging_mixin.py:112} WARNING - /home/amadeus/ama/airflow-pipeline-alura/datapipeline/.env/lib/python3.8/site-packages/urllib3/connectionpool.py:981: InsecureRequestWarning: Unverified HTTPS request is being made to host 'api.twitter.com'. Adding certificate verification is strongly advised. See: https://urllib3.readthedocs.io/en/latest/advanced-usage.html#ssl-warnings
  warnings.warn(
[2022-08-08 22:45:51,109] {twitter_hook.py:36} INFO - URL: https://api.twitter.com/2/tweets/search/recent?query=FlamengoMalvadao&tweet.fields=author_id,conversation_id,created_at,id,in_reply_to_user_id,public_metrics,text&expansions=author_id&user.fields=id,name,username,created_at&start_time=2022-08-06T09:00:00.00Z&end_time=2022-08-07T09:00:00.00Z&next_token=b26v89c19zqg8o3fpz5mn0283xd8l0u6o6iok5r2efp19
[2022-08-08 22:45:51,111] {logging_mixin.py:112} WARNING - /home/amadeus/ama/airflow-pipeline-alura/datapipeline/.env/lib/python3.8/site-packages/urllib3/connectionpool.py:981: InsecureRequestWarning: Unverified HTTPS request is being made to host 'api.twitter.com'. Adding certificate verification is strongly advised. See: https://urllib3.readthedocs.io/en/latest/advanced-usage.html#ssl-warnings
  warnings.warn(
[2022-08-08 22:45:51,422] {twitter_hook.py:36} INFO - URL: https://api.twitter.com/2/tweets/search/recent?query=FlamengoMalvadao&tweet.fields=author_id,conversation_id,created_at,id,in_reply_to_user_id,public_metrics,text&expansions=author_id&user.fields=id,name,username,created_at&start_time=2022-08-06T09:00:00.00Z&end_time=2022-08-07T09:00:00.00Z&next_token=b26v89c19zqg8o3fpz5m8dox7wx17d395eow39awnbr7h
[2022-08-08 22:45:51,423] {logging_mixin.py:112} WARNING - /home/amadeus/ama/airflow-pipeline-alura/datapipeline/.env/lib/python3.8/site-packages/urllib3/connectionpool.py:981: InsecureRequestWarning: Unverified HTTPS request is being made to host 'api.twitter.com'. Adding certificate verification is strongly advised. See: https://urllib3.readthedocs.io/en/latest/advanced-usage.html#ssl-warnings
  warnings.warn(
[2022-08-08 22:45:51,596] {taskinstance.py:1057} INFO - Marking task as SUCCESS.dag_id=twitter_dag, task_id=twitter_flamengomalvadao, execution_date=20220806T090000, start_date=20220809T014549, end_date=20220809T014551
[2022-08-08 22:45:53,986] {local_task_job.py:102} INFO - Task exited with return code 0
